
Note: Compatibility modes selected: hs a

Warning: m=xx on .subckt line will override multiplier m hierarchy!


Circuit: * num: 0 corner: tt vdd: 3.3 temp: 25

option SCALE: Scale is set to 1e-06 for instance and model parameters
Doing analysis at TEMP = 25.000000 and TNOM = 27.000000

Note: include: has no value, DC 0 assumed
Note: Starting dynamic gmin stepping
Trying gmin =   1.0000E-03 Note: One successful gmin step
Trying gmin =   1.0000E-04 Note: One successful gmin step
Trying gmin =   1.0000E-05 Note: One successful gmin step
Trying gmin =   1.0000E-06 Note: One successful gmin step
Trying gmin =   3.1623E-07 Note: One successful gmin step
Trying gmin =   5.6234E-08 Warning: Further gmin increment
Trying gmin =   2.0535E-07 Note: One successful gmin step
Trying gmin =   1.0746E-07 Note: One successful gmin step
Trying gmin =   4.0679E-08 Note: One successful gmin step
Trying gmin =   9.4746E-09 Note: One successful gmin step
Trying gmin =   2.2067E-09 Warning: Further gmin increment
Trying gmin =   6.5820E-09 Warning: Further gmin increment
Trying gmin =   8.6499E-09 Note: One successful gmin step
Trying gmin =   7.5455E-09 Warning: Further gmin increment
Trying gmin =   8.3595E-09 Note: One successful gmin step
Trying gmin =   7.9421E-09 Note: One successful gmin step
Trying gmin =   7.3546E-09 Note: One successful gmin step
Trying gmin =   6.5540E-09 Note: One successful gmin step
Trying gmin =   5.5134E-09 Note: One successful gmin step
Trying gmin =   4.2540E-09 Note: One successful gmin step
Trying gmin =   2.8831E-09 Note: One successful gmin step
Trying gmin =   1.6086E-09 Note: One successful gmin step
Trying gmin =   6.7039E-10 Note: One successful gmin step
Trying gmin =   1.8036E-10 Note: One successful gmin step
Trying gmin =   2.5170E-11 Note: One successful gmin step
Trying gmin =   2.5170E-12 Note: One successful gmin step
Trying gmin =   1.0000E-12 Note: One successful gmin step
Note: Dynamic gmin stepping completed

No. of Data Rows : 91

No. of Data Rows : 1
onoise_10k = 1.741097e-08
onoise_total = 2.429921e-05
ERROR: (internal)  This operation is not defined for display type PrinterOnly.
Can't open viewport for graphics.
binary raw file "./out/{num}.raw"
Doing analysis at TEMP = 25.000000 and TNOM = 27.000000

Note: include: has no value, DC 0 assumed

Total analysis time (seconds) = 28.225

Total elapsed time (seconds) = 51.063 

Total DRAM available = 7841.949 MB.
DRAM currently available = 1513.598 MB.
Maximum ngspice program size =  373.348 MB.
Current ngspice program size =  355.590 MB.

Shared ngspice pages =   10.797 MB.
Text (code) pages =    5.461 MB.
Stack = 0 bytes.
Library pages =  352.902 MB.

