
Note: Compatibility modes selected: hs a

Warning: m=xx on .subckt line will override multiplier m hierarchy!


Circuit: * num: 1 corner: ss vdd: 3.0 temp: -40

option SCALE: Scale is set to 1e-06 for instance and model parameters
Doing analysis at TEMP = -40.000000 and TNOM = 27.000000

Note: include: has no value, DC 0 assumed
Note: Starting dynamic gmin stepping
Trying gmin =   1.0000E-03 Note: One successful gmin step
Trying gmin =   1.0000E-04 Note: One successful gmin step
Trying gmin =   1.0000E-05 Note: One successful gmin step
Trying gmin =   1.0000E-06 Warning: Further gmin increment
Trying gmin =   5.6234E-06 Note: One successful gmin step
Trying gmin =   2.3714E-06 Note: One successful gmin step
Trying gmin =   1.5399E-06 Note: One successful gmin step
Trying gmin =   1.2409E-06 Note: One successful gmin step
Trying gmin =   8.9769E-07 Note: One successful gmin step
Trying gmin =   5.5232E-07 Note: One successful gmin step
Trying gmin =   2.6655E-07 Note: One successful gmin step
Trying gmin =   8.9366E-08 Note: One successful gmin step
Trying gmin =   1.7348E-08 Warning: Further gmin increment
Trying gmin =   5.9319E-08 Note: One successful gmin step
Trying gmin =   3.2079E-08 Note: One successful gmin step
Trying gmin =   1.2758E-08 Note: One successful gmin step
Trying gmin =   3.1996E-09 Warning: Further gmin increment
Trying gmin =   9.0283E-09 Note: One successful gmin step
Trying gmin =   5.3747E-09 Warning: Further gmin increment
Trying gmin =   7.9303E-09 Warning: Further gmin increment
Trying gmin =   8.7403E-09 Note: One successful gmin step
Trying gmin =   8.3255E-09 Note: One successful gmin step
Trying gmin =   7.7398E-09 Note: One successful gmin step
Trying gmin =   6.9377E-09 Note: One successful gmin step
Trying gmin =   5.8877E-09 Note: One successful gmin step
Trying gmin =   4.6030E-09 Note: One successful gmin step
Trying gmin =   3.1818E-09 Note: One successful gmin step
Trying gmin =   1.8287E-09 Note: One successful gmin step
Trying gmin =   7.9675E-10 Note: One successful gmin step
Trying gmin =   2.2914E-10 Note: One successful gmin step
Trying gmin =   3.5340E-11 Note: One successful gmin step
Trying gmin =   3.5340E-12 Note: One successful gmin step
Trying gmin =   1.0000E-12 Note: One successful gmin step
Note: Dynamic gmin stepping completed

No. of Data Rows : 91

No. of Data Rows : 1
onoise_10k = 1.544389e-08
onoise_total = 2.129991e-05
ERROR: (internal)  This operation is not defined for display type PrinterOnly.
Can't open viewport for graphics.
binary raw file "./out/{num}.raw"
Doing analysis at TEMP = -40.000000 and TNOM = 27.000000

Note: include: has no value, DC 0 assumed

Total analysis time (seconds) = 33.981

Total elapsed time (seconds) = 56.583 

Total DRAM available = 7841.949 MB.
DRAM currently available = 1494.973 MB.
Maximum ngspice program size =  373.363 MB.
Current ngspice program size =  355.605 MB.

Shared ngspice pages =   10.797 MB.
Text (code) pages =    5.461 MB.
Stack = 0 bytes.
Library pages =  352.918 MB.

