
Note: Compatibility modes selected: hs a

Warning: m=xx on .subckt line will override multiplier m hierarchy!


Circuit: * num: 10 corner: fs vdd: 3.0 temp: 85

option SCALE: Scale is set to 1e-06 for instance and model parameters
Doing analysis at TEMP = 85.000000 and TNOM = 27.000000

Note: include: has no value, DC 0 assumed
Note: Starting dynamic gmin stepping
Trying gmin =   1.0000E-03 Note: One successful gmin step
Trying gmin =   1.0000E-04 Note: One successful gmin step
Trying gmin =   1.0000E-05 Note: One successful gmin step
Trying gmin =   1.0000E-06 Warning: Further gmin increment
Trying gmin =   5.6234E-06 Note: One successful gmin step
Trying gmin =   2.3714E-06 Note: One successful gmin step
Trying gmin =   1.0000E-06 Note: One successful gmin step
Trying gmin =   4.2170E-07 Note: One successful gmin step
Trying gmin =   1.1548E-07 Note: One successful gmin step
Trying gmin =   3.1623E-08 Note: One successful gmin step
Trying gmin =   4.5316E-09 Warning: Further gmin increment
Trying gmin =   1.9456E-08 Note: One successful gmin step
Trying gmin =   9.3898E-09 Note: One successful gmin step
Trying gmin =   4.5316E-09 Warning: Further gmin increment
Trying gmin =   7.8263E-09 Warning: Further gmin increment
Trying gmin =   8.9718E-09 Note: One successful gmin step
Trying gmin =   8.3795E-09 Note: One successful gmin step
Trying gmin =   7.5635E-09 Note: One successful gmin step
Trying gmin =   6.4861E-09 Note: One successful gmin step
Trying gmin =   5.1507E-09 Note: One successful gmin step
Trying gmin =   3.6450E-09 Note: One successful gmin step
Trying gmin =   2.1699E-09 Note: One successful gmin step
Trying gmin =   9.9670E-10 Note: One successful gmin step
Trying gmin =   3.1027E-10 Note: One successful gmin step
Trying gmin =   5.3890E-11 Note: One successful gmin step
Trying gmin =   5.3890E-12 Note: One successful gmin step
Trying gmin =   1.0000E-12 Note: One successful gmin step
Note: Dynamic gmin stepping completed

No. of Data Rows : 91

No. of Data Rows : 1
onoise_10k = 2.026070e-08
onoise_total = 2.714005e-05
ERROR: (internal)  This operation is not defined for display type PrinterOnly.
Can't open viewport for graphics.
binary raw file "./out/{num}.raw"
Doing analysis at TEMP = 85.000000 and TNOM = 27.000000

Note: include: has no value, DC 0 assumed

Total analysis time (seconds) = 29.724

Total elapsed time (seconds) = 52.663 

Total DRAM available = 7841.949 MB.
DRAM currently available = 1544.328 MB.
Maximum ngspice program size =  373.359 MB.
Current ngspice program size =  355.422 MB.

Shared ngspice pages =   10.621 MB.
Text (code) pages =    5.461 MB.
Stack = 0 bytes.
Library pages =  352.914 MB.

