
Note: Compatibility modes selected: hs a

Warning: m=xx on .subckt line will override multiplier m hierarchy!


Circuit: * num: 13 corner: ss vdd: 5.5 temp: -40

option SCALE: Scale is set to 1e-06 for instance and model parameters
Doing analysis at TEMP = -40.000000 and TNOM = 27.000000

Note: include: has no value, DC 0 assumed
Note: Starting dynamic gmin stepping
Trying gmin =   1.0000E-03 Note: One successful gmin step
Trying gmin =   1.0000E-04 Note: One successful gmin step
Trying gmin =   1.0000E-05 Note: One successful gmin step
Trying gmin =   1.0000E-06 Warning: Further gmin increment
Trying gmin =   5.6234E-06 Note: One successful gmin step
Trying gmin =   3.1623E-06 Note: One successful gmin step
Trying gmin =   1.3335E-06 Note: One successful gmin step
Trying gmin =   5.6234E-07 Note: One successful gmin step
Trying gmin =   1.5399E-07 Note: One successful gmin step
Trying gmin =   2.2067E-08 Warning: Further gmin increment
Trying gmin =   9.4746E-08 Note: One successful gmin step
Trying gmin =   4.5725E-08 Note: One successful gmin step
Trying gmin =   1.5330E-08 Note: One successful gmin step
Trying gmin =   2.9760E-09 Warning: Further gmin increment
Trying gmin =   1.0176E-08 Note: One successful gmin step
Trying gmin =   5.5030E-09 Warning: Further gmin increment
Trying gmin =   8.7262E-09 Note: One successful gmin step
Trying gmin =   6.9297E-09 Warning: Further gmin increment
Trying gmin =   8.2376E-09 Note: One successful gmin step
Trying gmin =   7.5554E-09 Warning: Further gmin increment
Trying gmin =   8.0614E-09 Note: One successful gmin step
Trying gmin =   7.8043E-09 Note: One successful gmin step
Trying gmin =   7.4339E-09 Note: One successful gmin step
Trying gmin =   6.9110E-09 Note: One successful gmin step
Trying gmin =   6.1948E-09 Warning: Further gmin increment
Trying gmin =   6.7245E-09 Note: One successful gmin step
Trying gmin =   6.4542E-09 Note: One successful gmin step
Trying gmin =   6.0690E-09 Note: One successful gmin step
Trying gmin =   5.5338E-09 Note: One successful gmin step
Trying gmin =   4.8183E-09 Note: One successful gmin step
Trying gmin =   3.9146E-09 Note: One successful gmin step
Trying gmin =   2.8667E-09 Note: One successful gmin step
Trying gmin =   1.7965E-09 Note: One successful gmin step
Trying gmin =   8.9123E-10 Note: One successful gmin step
Trying gmin =   3.1141E-10 Note: One successful gmin step
Trying gmin =   6.4321E-11 Note: One successful gmin step
Trying gmin =   6.4321E-12 Note: One successful gmin step
Trying gmin =   1.0000E-12 Note: One successful gmin step
Note: Dynamic gmin stepping completed

No. of Data Rows : 91

No. of Data Rows : 1
onoise_10k = 1.470461e-08
onoise_total = 2.080029e-05
ERROR: (internal)  This operation is not defined for display type PrinterOnly.
Can't open viewport for graphics.
binary raw file "./out/{num}.raw"
Doing analysis at TEMP = -40.000000 and TNOM = 27.000000

Note: include: has no value, DC 0 assumed

Total analysis time (seconds) = 36.364

Total elapsed time (seconds) = 58.851 

Total DRAM available = 7841.949 MB.
DRAM currently available = 1527.688 MB.
Maximum ngspice program size =  373.293 MB.
Current ngspice program size =  355.586 MB.

Shared ngspice pages =   10.848 MB.
Text (code) pages =    5.461 MB.
Stack = 0 bytes.
Library pages =  352.848 MB.

