
Note: Compatibility modes selected: hs a

Warning: m=xx on .subckt line will override multiplier m hierarchy!


Circuit: * num: 19 corner: ss vdd: 5.5 temp: 85

option SCALE: Scale is set to 1e-06 for instance and model parameters
Doing analysis at TEMP = 85.000000 and TNOM = 27.000000

Note: include: has no value, DC 0 assumed
Note: Starting dynamic gmin stepping
Trying gmin =   1.0000E-03 Note: One successful gmin step
Trying gmin =   1.0000E-04 Note: One successful gmin step
Trying gmin =   1.0000E-05 Note: One successful gmin step
Trying gmin =   1.0000E-06 Note: One successful gmin step
Trying gmin =   1.0000E-07 Note: One successful gmin step
Trying gmin =   1.0000E-08 Warning: Further gmin increment
Trying gmin =   5.6234E-08 Note: One successful gmin step
Trying gmin =   2.3714E-08 Note: One successful gmin step
Trying gmin =   6.4938E-09 Warning: Further gmin increment
Trying gmin =   1.7154E-08 Note: One successful gmin step
Trying gmin =   1.0554E-08 Note: One successful gmin step
Trying gmin =   5.0937E-09 Warning: Further gmin increment
Trying gmin =   8.7970E-09 Note: One successful gmin step
Trying gmin =   6.6940E-09 Warning: Further gmin increment
Trying gmin =   8.2162E-09 Warning: Further gmin increment
Trying gmin =   8.6481E-09 Note: One successful gmin step
Trying gmin =   8.4294E-09 Note: One successful gmin step
Trying gmin =   8.1117E-09 Note: One successful gmin step
Trying gmin =   7.6574E-09 Note: One successful gmin step
Trying gmin =   7.0233E-09 Note: One successful gmin step
Trying gmin =   6.1692E-09 Warning: Further gmin increment
Trying gmin =   6.7993E-09 Note: One successful gmin step
Trying gmin =   6.4766E-09 Warning: Further gmin increment
Trying gmin =   6.7171E-09 Note: One successful gmin step
Trying gmin =   6.5957E-09 Note: One successful gmin step
Trying gmin =   6.4178E-09 Note: One successful gmin step
Trying gmin =   6.1598E-09 Note: One successful gmin step
Trying gmin =   5.7922E-09 Note: One successful gmin step
Trying gmin =   5.2814E-09 Note: One successful gmin step
Trying gmin =   4.5985E-09 Note: One successful gmin step
Trying gmin =   3.7360E-09 Note: One successful gmin step
Trying gmin =   2.7359E-09 Note: One successful gmin step
Trying gmin =   1.7145E-09 Note: One successful gmin step
Trying gmin =   8.5057E-10 Note: One successful gmin step
Trying gmin =   2.9721E-10 Note: One successful gmin step
Trying gmin =   6.1387E-11 Note: One successful gmin step
Trying gmin =   6.1387E-12 Note: One successful gmin step
Trying gmin =   1.0000E-12 Note: One successful gmin step
Note: Dynamic gmin stepping completed

No. of Data Rows : 91

No. of Data Rows : 1
onoise_10k = 1.930529e-08
onoise_total = 2.663529e-05
ERROR: (internal)  This operation is not defined for display type PrinterOnly.
Can't open viewport for graphics.
binary raw file "./out/{num}.raw"
Doing analysis at TEMP = 85.000000 and TNOM = 27.000000

Note: include: has no value, DC 0 assumed

Total analysis time (seconds) = 33.824

Total elapsed time (seconds) = 56.902 

Total DRAM available = 7841.949 MB.
DRAM currently available = 1521.324 MB.
Maximum ngspice program size =  373.359 MB.
Current ngspice program size =  355.746 MB.

Shared ngspice pages =   10.941 MB.
Text (code) pages =    5.461 MB.
Stack = 0 bytes.
Library pages =  352.914 MB.

