
Note: Compatibility modes selected: hs a

Warning: m=xx on .subckt line will override multiplier m hierarchy!


Circuit: * num: 2 corner: ff vdd: 3.0 temp: -40

option SCALE: Scale is set to 1e-06 for instance and model parameters
Doing analysis at TEMP = -40.000000 and TNOM = 27.000000

Note: include: has no value, DC 0 assumed
Note: Starting dynamic gmin stepping
Trying gmin =   1.0000E-03 Note: One successful gmin step
Trying gmin =   1.0000E-04 Note: One successful gmin step
Trying gmin =   1.0000E-05 Note: One successful gmin step
Trying gmin =   1.0000E-06 Warning: Further gmin increment
Trying gmin =   5.6234E-06 Note: One successful gmin step
Trying gmin =   2.3714E-06 Warning: Further gmin increment
Trying gmin =   4.5316E-06 Note: One successful gmin step
Trying gmin =   3.2781E-06 Note: One successful gmin step
Trying gmin =   2.0169E-06 Note: One successful gmin step
Trying gmin =   1.2409E-06 Note: One successful gmin step
Trying gmin =   5.9889E-07 Note: One successful gmin step
Trying gmin =   2.0079E-07 Note: One successful gmin step
Trying gmin =   3.8978E-08 Warning: Further gmin increment
Trying gmin =   1.3328E-07 Note: One successful gmin step
Trying gmin =   7.2076E-08 Note: One successful gmin step
Trying gmin =   2.8664E-08 Note: One successful gmin step
Trying gmin =   7.1888E-09 Warning: Further gmin increment
Trying gmin =   2.0285E-08 Note: One successful gmin step
Trying gmin =   1.2076E-08 Note: One successful gmin step
Trying gmin =   5.5467E-09 Warning: Further gmin increment
Trying gmin =   9.9413E-09 Note: One successful gmin step
Trying gmin =   7.4257E-09 Warning: Further gmin increment
Trying gmin =   9.2420E-09 Note: One successful gmin step
Trying gmin =   8.5919E-09 Note: One successful gmin step
Trying gmin =   7.7015E-09 Note: One successful gmin step
Trying gmin =   6.5359E-09 Note: One successful gmin step
Trying gmin =   5.1097E-09 Note: One successful gmin step
Trying gmin =   3.5321E-09 Note: One successful gmin step
Trying gmin =   2.0300E-09 Note: One successful gmin step
Trying gmin =   8.8446E-10 Note: One successful gmin step
Trying gmin =   2.5437E-10 Note: One successful gmin step
Trying gmin =   3.9231E-11 Note: One successful gmin step
Trying gmin =   3.9231E-12 Note: One successful gmin step
Trying gmin =   1.0000E-12 Note: One successful gmin step
Note: Dynamic gmin stepping completed

No. of Data Rows : 91

No. of Data Rows : 1
onoise_10k = 1.447956e-08
onoise_total = 2.095906e-05
ERROR: (internal)  This operation is not defined for display type PrinterOnly.
Can't open viewport for graphics.
binary raw file "./out/{num}.raw"
Doing analysis at TEMP = -40.000000 and TNOM = 27.000000

Note: include: has no value, DC 0 assumed

Total analysis time (seconds) = 32.794

Total elapsed time (seconds) = 55.338 

Total DRAM available = 7841.949 MB.
DRAM currently available = 1515.289 MB.
Maximum ngspice program size =  373.371 MB.
Current ngspice program size =  355.426 MB.

Shared ngspice pages =   10.609 MB.
Text (code) pages =    5.461 MB.
Stack = 0 bytes.
Library pages =  352.926 MB.

