
Note: Compatibility modes selected: hs a

Warning: m=xx on .subckt line will override multiplier m hierarchy!


Circuit: * num: 20 corner: ff vdd: 5.5 temp: 85

option SCALE: Scale is set to 1e-06 for instance and model parameters
Doing analysis at TEMP = 85.000000 and TNOM = 27.000000

Note: include: has no value, DC 0 assumed
Note: Starting dynamic gmin stepping
Trying gmin =   1.0000E-03 Note: One successful gmin step
Trying gmin =   1.0000E-04 Note: One successful gmin step
Trying gmin =   1.0000E-05 Note: One successful gmin step
Trying gmin =   1.0000E-06 Note: One successful gmin step
Trying gmin =   1.0000E-07 Note: One successful gmin step
Trying gmin =   1.0000E-08 Warning: Further gmin increment
Trying gmin =   5.6234E-08 Note: One successful gmin step
Trying gmin =   2.3714E-08 Note: One successful gmin step
Trying gmin =   6.4938E-09 Warning: Further gmin increment
Trying gmin =   1.7154E-08 Note: One successful gmin step
Trying gmin =   1.0554E-08 Note: One successful gmin step
Trying gmin =   5.0937E-09 Warning: Further gmin increment
Trying gmin =   8.7970E-09 Warning: Further gmin increment
Trying gmin =   1.0085E-08 Note: One successful gmin step
Trying gmin =   9.4189E-09 Note: One successful gmin step
Trying gmin =   8.5017E-09 Warning: Further gmin increment
Trying gmin =   9.1807E-09 Note: One successful gmin step
Trying gmin =   8.8347E-09 Note: One successful gmin step
Trying gmin =   8.3399E-09 Note: One successful gmin step
Trying gmin =   7.6493E-09 Note: One successful gmin step
Trying gmin =   6.7190E-09 Warning: Further gmin increment
Trying gmin =   7.4053E-09 Note: One successful gmin step
Trying gmin =   7.0538E-09 Note: One successful gmin step
Trying gmin =   6.5576E-09 Warning: Further gmin increment
Trying gmin =   6.9263E-09 Note: One successful gmin step
Trying gmin =   6.7395E-09 Note: One successful gmin step
Trying gmin =   6.4686E-09 Note: One successful gmin step
Trying gmin =   6.0825E-09 Note: One successful gmin step
Trying gmin =   5.5461E-09 Note: One successful gmin step
Trying gmin =   4.8290E-09 Note: One successful gmin step
Trying gmin =   3.9233E-09 Note: One successful gmin step
Trying gmin =   2.8731E-09 Note: One successful gmin step
Trying gmin =   1.8005E-09 Note: One successful gmin step
Trying gmin =   8.9321E-10 Note: One successful gmin step
Trying gmin =   3.1210E-10 Note: One successful gmin step
Trying gmin =   6.4464E-11 Note: One successful gmin step
Trying gmin =   6.4464E-12 Note: One successful gmin step
Trying gmin =   1.0000E-12 Note: One successful gmin step
Note: Dynamic gmin stepping completed

No. of Data Rows : 91

No. of Data Rows : 1
onoise_10k = 1.856974e-08
onoise_total = 2.631978e-05
ERROR: (internal)  This operation is not defined for display type PrinterOnly.
Can't open viewport for graphics.
binary raw file "./out/{num}.raw"
Doing analysis at TEMP = 85.000000 and TNOM = 27.000000

Note: include: has no value, DC 0 assumed

Total analysis time (seconds) = 35.282

Total elapsed time (seconds) = 58.085 

Total DRAM available = 7841.949 MB.
DRAM currently available = 1517.855 MB.
Maximum ngspice program size =  373.371 MB.
Current ngspice program size =  355.520 MB.

Shared ngspice pages =   10.707 MB.
Text (code) pages =    5.461 MB.
Stack = 0 bytes.
Library pages =  352.926 MB.

