
Note: Compatibility modes selected: hs a

Warning: m=xx on .subckt line will override multiplier m hierarchy!


Circuit: * num: 22 corner: fs vdd: 5.5 temp: 85

option SCALE: Scale is set to 1e-06 for instance and model parameters
Doing analysis at TEMP = 85.000000 and TNOM = 27.000000

Note: include: has no value, DC 0 assumed
Note: Starting dynamic gmin stepping
Trying gmin =   1.0000E-03 Note: One successful gmin step
Trying gmin =   1.0000E-04 Note: One successful gmin step
Trying gmin =   1.0000E-05 Note: One successful gmin step
Trying gmin =   1.0000E-06 Note: One successful gmin step
Trying gmin =   3.1623E-07 Note: One successful gmin step
Trying gmin =   5.6234E-08 Note: One successful gmin step
Trying gmin =   5.6234E-09 Warning: Further gmin increment
Trying gmin =   3.1623E-08 Note: One successful gmin step
Trying gmin =   1.3335E-08 Note: One successful gmin step
Trying gmin =   3.6517E-09 Warning: Further gmin increment
Trying gmin =   9.6466E-09 Warning: Further gmin increment
Trying gmin =   1.2298E-08 Note: One successful gmin step
Trying gmin =   1.0892E-08 Note: One successful gmin step
Trying gmin =   9.0784E-09 Note: One successful gmin step
Trying gmin =   6.9080E-09 Warning: Further gmin increment
Trying gmin =   8.4790E-09 Note: One successful gmin step
Trying gmin =   7.6533E-09 Warning: Further gmin increment
Trying gmin =   8.2646E-09 Note: One successful gmin step
Trying gmin =   7.9531E-09 Note: One successful gmin step
Trying gmin =   7.5077E-09 Note: One successful gmin step
Trying gmin =   6.8860E-09 Note: One successful gmin step
Trying gmin =   6.0486E-09 Warning: Further gmin increment
Trying gmin =   6.6663E-09 Note: One successful gmin step
Trying gmin =   6.3499E-09 Note: One successful gmin step
Trying gmin =   5.9033E-09 Note: One successful gmin step
Trying gmin =   5.2915E-09 Note: One successful gmin step
Trying gmin =   4.4906E-09 Note: One successful gmin step
Trying gmin =   3.5107E-09 Note: One successful gmin step
Trying gmin =   2.4268E-09 Note: One successful gmin step
Trying gmin =   1.3947E-09 Note: One successful gmin step
Trying gmin =   6.0769E-10 Note: One successful gmin step
Trying gmin =   1.7477E-10 Note: One successful gmin step
Trying gmin =   2.6954E-11 Note: One successful gmin step
Trying gmin =   2.6954E-12 Note: One successful gmin step
Trying gmin =   1.0000E-12 Note: One successful gmin step
Note: Dynamic gmin stepping completed

No. of Data Rows : 91

No. of Data Rows : 1
onoise_10k = 1.903667e-08
onoise_total = 2.658034e-05
ERROR: (internal)  This operation is not defined for display type PrinterOnly.
Can't open viewport for graphics.
binary raw file "./out/{num}.raw"
Doing analysis at TEMP = 85.000000 and TNOM = 27.000000

Note: include: has no value, DC 0 assumed

Total analysis time (seconds) = 34.945

Total elapsed time (seconds) = 57.551 

Total DRAM available = 7841.949 MB.
DRAM currently available = 1517.738 MB.
Maximum ngspice program size =  373.363 MB.
Current ngspice program size =  355.605 MB.

Shared ngspice pages =   10.801 MB.
Text (code) pages =    5.461 MB.
Stack = 0 bytes.
Library pages =  352.918 MB.

