
Note: Compatibility modes selected: hs a

Warning: m=xx on .subckt line will override multiplier m hierarchy!


Circuit: * num: 23 corner: ll vdd: 5.5 temp: 85

option SCALE: Scale is set to 1e-06 for instance and model parameters
Doing analysis at TEMP = 85.000000 and TNOM = 27.000000

Note: include: has no value, DC 0 assumed
Note: Starting dynamic gmin stepping
Trying gmin =   1.0000E-03 Note: One successful gmin step
Trying gmin =   1.0000E-04 Note: One successful gmin step
Trying gmin =   1.0000E-05 Note: One successful gmin step
Trying gmin =   1.0000E-06 Warning: Further gmin increment
Trying gmin =   5.6234E-06 Note: One successful gmin step
Trying gmin =   2.3714E-06 Note: One successful gmin step
Trying gmin =   1.0000E-06 Note: One successful gmin step
Trying gmin =   4.2170E-07 Note: One successful gmin step
Trying gmin =   1.1548E-07 Note: One successful gmin step
Trying gmin =   1.6548E-08 Note: One successful gmin step
Trying gmin =   1.6548E-09 Warning: Further gmin increment
Trying gmin =   9.3057E-09 Note: One successful gmin step
Trying gmin =   3.9242E-09 Warning: Further gmin increment
Trying gmin =   7.4989E-09 Warning: Further gmin increment
Trying gmin =   8.8168E-09 Warning: Further gmin increment
Trying gmin =   9.1810E-09 Note: One successful gmin step
Trying gmin =   8.9971E-09 Note: One successful gmin step
Trying gmin =   8.7281E-09 Note: One successful gmin step
Trying gmin =   8.3395E-09 Note: One successful gmin step
Trying gmin =   7.7890E-09 Note: One successful gmin step
Trying gmin =   7.0305E-09 Note: One successful gmin step
Trying gmin =   6.0290E-09 Warning: Further gmin increment
Trying gmin =   6.7655E-09 Note: One successful gmin step
Trying gmin =   6.3866E-09 Note: One successful gmin step
Trying gmin =   5.8577E-09 Note: One successful gmin step
Trying gmin =   5.1454E-09 Note: One successful gmin step
Trying gmin =   4.2359E-09 Note: One successful gmin step
Trying gmin =   3.1640E-09 Note: One successful gmin step
Trying gmin =   2.0426E-09 Note: One successful gmin step
Trying gmin =   1.0595E-09 Note: One successful gmin step
Trying gmin =   3.9579E-10 Note: One successful gmin step
Trying gmin =   9.0369E-11 Note: One successful gmin step
Trying gmin =   9.8593E-12 Note: One successful gmin step
Trying gmin =   1.0000E-12 Note: One successful gmin step
Note: Dynamic gmin stepping completed

No. of Data Rows : 91

No. of Data Rows : 1
onoise_10k = 1.894848e-08
onoise_total = 2.803451e-05
ERROR: (internal)  This operation is not defined for display type PrinterOnly.
Can't open viewport for graphics.
binary raw file "./out/{num}.raw"
Doing analysis at TEMP = 85.000000 and TNOM = 27.000000

Note: include: has no value, DC 0 assumed

Total analysis time (seconds) = 33.957

Total elapsed time (seconds) = 56.931 

Total DRAM available = 7841.949 MB.
DRAM currently available = 1519.000 MB.
Maximum ngspice program size =  373.344 MB.
Current ngspice program size =  355.629 MB.

Shared ngspice pages =   10.840 MB.
Text (code) pages =    5.461 MB.
Stack = 0 bytes.
Library pages =  352.898 MB.

