
Note: Compatibility modes selected: hs a

Warning: m=xx on .subckt line will override multiplier m hierarchy!


Circuit: * num: 24 corner: hh vdd: 5.5 temp: 85

option SCALE: Scale is set to 1e-06 for instance and model parameters
Doing analysis at TEMP = 85.000000 and TNOM = 27.000000

Note: include: has no value, DC 0 assumed
Note: Starting dynamic gmin stepping
Trying gmin =   1.0000E-03 Note: One successful gmin step
Trying gmin =   1.0000E-04 Note: One successful gmin step
Trying gmin =   1.0000E-05 Note: One successful gmin step
Trying gmin =   1.0000E-06 Warning: Further gmin increment
Trying gmin =   5.6234E-06 Note: One successful gmin step
Trying gmin =   2.3714E-06 Note: One successful gmin step
Trying gmin =   1.0000E-06 Note: One successful gmin step
Trying gmin =   4.2170E-07 Note: One successful gmin step
Trying gmin =   1.1548E-07 Note: One successful gmin step
Trying gmin =   1.6548E-08 Note: One successful gmin step
Trying gmin =   1.6548E-09 Warning: Further gmin increment
Trying gmin =   9.3057E-09 Note: One successful gmin step
Trying gmin =   3.9242E-09 Warning: Further gmin increment
Trying gmin =   7.4989E-09 Warning: Further gmin increment
Trying gmin =   8.8168E-09 Warning: Further gmin increment
Trying gmin =   9.1810E-09 Note: One successful gmin step
Trying gmin =   8.9971E-09 Note: One successful gmin step
Trying gmin =   8.7281E-09 Note: One successful gmin step
Trying gmin =   8.3395E-09 Note: One successful gmin step
Trying gmin =   7.7890E-09 Note: One successful gmin step
Trying gmin =   7.0305E-09 Note: One successful gmin step
Trying gmin =   6.0290E-09 Warning: Further gmin increment
Trying gmin =   6.7655E-09 Note: One successful gmin step
Trying gmin =   6.3866E-09 Note: One successful gmin step
Trying gmin =   5.8577E-09 Note: One successful gmin step
Trying gmin =   5.1454E-09 Note: One successful gmin step
Trying gmin =   4.2359E-09 Note: One successful gmin step
Trying gmin =   3.1640E-09 Note: One successful gmin step
Trying gmin =   2.0426E-09 Note: One successful gmin step
Trying gmin =   1.0595E-09 Note: One successful gmin step
Trying gmin =   3.9579E-10 Note: One successful gmin step
Trying gmin =   9.0369E-11 Note: One successful gmin step
Trying gmin =   9.8593E-12 Note: One successful gmin step
Trying gmin =   1.0000E-12 Note: One successful gmin step
Warning: Dynamic gmin stepping failed
Note: Starting true gmin stepping
Trying gmin =   1.0000E-03 Note: One successful gmin step
Trying gmin =   1.0000E-04 Note: One successful gmin step
Trying gmin =   1.0000E-05 Note: One successful gmin step
Trying gmin =   1.0000E-06 Warning: Further gmin increment
Trying gmin =   5.6234E-06 Note: One successful gmin step
Trying gmin =   4.2170E-06 Note: One successful gmin step
Trying gmin =   3.6517E-06 Note: One successful gmin step
Trying gmin =   3.3982E-06 Note: One successful gmin step
Trying gmin =   3.1623E-06 Note: One successful gmin step
Trying gmin =   3.0505E-06 Note: One successful gmin step
Trying gmin =   2.9427E-06 Warning: Further gmin increment
Trying gmin =   3.0232E-06 Note: One successful gmin step
Trying gmin =   2.9827E-06 Note: One successful gmin step
Trying gmin =   2.9427E-06 Warning: Further gmin increment
Trying gmin =   2.9727E-06 Note: One successful gmin step
Trying gmin =   2.9676E-06 Note: One successful gmin step
Trying gmin =   2.9601E-06 Note: One successful gmin step
Trying gmin =   2.9489E-06 Note: One successful gmin step
Trying gmin =   2.9322E-06 Note: One successful gmin step
Trying gmin =   2.9156E-06 Note: One successful gmin step
Trying gmin =   2.9073E-06 Note: One successful gmin step
Trying gmin =   2.8990E-06 Note: One successful gmin step
Trying gmin =   2.8867E-06 Note: One successful gmin step
Trying gmin =   2.8744E-06 Note: One successful gmin step
Trying gmin =   2.8682E-06 Note: One successful gmin step
Trying gmin =   2.8621E-06 Warning: Further gmin increment
Trying gmin =   2.8667E-06 Note: One successful gmin step
Trying gmin =   2.8659E-06 Note: One successful gmin step
Trying gmin =   2.8652E-06 Note: One successful gmin step
Trying gmin =   2.8640E-06 Note: One successful gmin step
Trying gmin =   2.8623E-06 Note: One successful gmin step
Trying gmin =   2.8597E-06 Note: One successful gmin step
Trying gmin =   2.8559E-06 Note: One successful gmin step
Trying gmin =   2.8501E-06 Note: One successful gmin step
Trying gmin =   2.8443E-06 Note: One successful gmin step
Trying gmin =   2.8414E-06 Note: One successful gmin step
Trying gmin =   2.8386E-06 Note: One successful gmin step
Trying gmin =   2.8371E-06 Note: One successful gmin step
Trying gmin =   2.8350E-06 Note: One successful gmin step
Trying gmin =   2.8317E-06 Note: One successful gmin step
Trying gmin =   2.8301E-06 Note: One successful gmin step
Trying gmin =   2.8285E-06 Note: One successful gmin step
Trying gmin =   2.8269E-06 Note: One successful gmin step
Trying gmin =   2.8245E-06 Note: One successful gmin step
Trying gmin =   2.8221E-06 Note: One successful gmin step
Trying gmin =   2.8185E-06 Note: One successful gmin step
Trying gmin =   2.8167E-06 Note: One successful gmin step
Trying gmin =   2.8140E-06 Note: One successful gmin step
Trying gmin =   2.8112E-06 Note: One successful gmin step
Trying gmin =   2.8072E-06 Note: One successful gmin step
Trying gmin =   2.8032E-06 Note: One successful gmin step
Trying gmin =   2.7971E-06 Note: One successful gmin step
Trying gmin =   2.7910E-06 Note: One successful gmin step
Trying gmin =   2.7850E-06 Note: One successful gmin step
Trying gmin =   2.7760E-06 Note: One successful gmin step
Trying gmin =   2.7625E-06 Note: One successful gmin step
Trying gmin =   2.7424E-06 Note: One successful gmin step
Trying gmin =   2.7125E-06 Note: One successful gmin step
Trying gmin =   2.6830E-06 Note: One successful gmin step
Trying gmin =   2.6683E-06 Note: One successful gmin step
Trying gmin =   2.6610E-06 Note: One successful gmin step
Trying gmin =   2.6538E-06 Note: One successful gmin step
Trying gmin =   2.6465E-06 Note: One successful gmin step
Trying gmin =   2.6429E-06 Note: One successful gmin step
Trying gmin =   2.6411E-06 Note: One successful gmin step
Trying gmin =   2.6384E-06 Note: One successful gmin step
Trying gmin =   2.6343E-06 Note: One successful gmin step
Trying gmin =   2.6282E-06 Note: One successful gmin step
Trying gmin =   2.6191E-06 Note: One successful gmin step
Trying gmin =   2.6056E-06 Note: One successful gmin step
Trying gmin =   2.5853E-06 Note: One successful gmin step
Trying gmin =   2.5553E-06 Note: One successful gmin step
Trying gmin =   2.5108E-06 Note: One successful gmin step
Trying gmin =   2.4456E-06 Note: One successful gmin step
Trying gmin =   2.3821E-06 Note: One successful gmin step
Trying gmin =   2.2899E-06 Note: One successful gmin step
Trying gmin =   2.1582E-06 Note: One successful gmin step
Trying gmin =   2.0341E-06 Note: One successful gmin step
Trying gmin =   1.8613E-06 Note: One successful gmin step
Trying gmin =   1.6291E-06 Note: One successful gmin step
Trying gmin =   1.4259E-06 Note: One successful gmin step
Trying gmin =   1.2480E-06 Note: One successful gmin step
Trying gmin =   1.0220E-06 Warning: Further gmin increment
Trying gmin =   1.1872E-06 Note: One successful gmin step
Trying gmin =   1.1294E-06 Note: One successful gmin step
Trying gmin =   1.0743E-06 Note: One successful gmin step
Trying gmin =   1.0220E-06 Warning: Further gmin increment
Trying gmin =   1.0610E-06 Note: One successful gmin step
Trying gmin =   1.0478E-06 Note: One successful gmin step
Trying gmin =   1.0348E-06 Warning: Further gmin increment
Trying gmin =   1.0445E-06 Note: One successful gmin step
Trying gmin =   1.0429E-06 Note: One successful gmin step
Trying gmin =   1.0421E-06 Note: One successful gmin step
Trying gmin =   1.0413E-06 Note: One successful gmin step
Trying gmin =   1.0405E-06 Note: One successful gmin step
Trying gmin =   1.0397E-06 Note: One successful gmin step
Trying gmin =   1.0389E-06 Note: One successful gmin step
Trying gmin =   1.0384E-06 Warning: Further gmin increment
Trying gmin =   1.0388E-06 Note: One successful gmin step
Trying gmin =   1.0386E-06 Warning: Further gmin increment
Trying gmin =   1.0387E-06 Note: One successful gmin step
Trying gmin =   1.0387E-06 Note: One successful gmin step
Trying gmin =   1.0386E-06 Note: One successful gmin step
Trying gmin =   1.0386E-06 Note: One successful gmin step
Trying gmin =   1.0385E-06 Warning: Further gmin increment
Trying gmin =   1.0386E-06 Note: One successful gmin step
Trying gmin =   1.0385E-06 Warning: Last gmin step failed
Warning: True gmin stepping failed
Note: Starting source stepping
Supplies reduced to   0.0000% Note: One successful source step
Supplies reduced to   0.1000% Supplies reduced to   0.0000% Note: One successful source step
Supplies reduced to   0.0100% Note: One successful source step
Supplies reduced to   0.0250% Note: One successful source step
Supplies reduced to   0.0400% Note: One successful source step
Supplies reduced to   0.0475% Note: One successful source step
Supplies reduced to   0.0513% Supplies reduced to   0.0475% Warning: source stepping failed
Note: Transient op started
Note: Transient op finished successfully

No. of Data Rows : 91

No. of Data Rows : 1
onoise_10k = 1.906394e-08
onoise_total = 2.521852e-05
ERROR: (internal)  This operation is not defined for display type PrinterOnly.
Can't open viewport for graphics.
binary raw file "./out/{num}.raw"
Doing analysis at TEMP = 85.000000 and TNOM = 27.000000

Note: include: has no value, DC 0 assumed

Total analysis time (seconds) = 173.113

Total elapsed time (seconds) = 196.113 

Total DRAM available = 7841.949 MB.
DRAM currently available = 1529.207 MB.
Maximum ngspice program size =  373.352 MB.
Current ngspice program size =  355.500 MB.

Shared ngspice pages =   10.707 MB.
Text (code) pages =    5.461 MB.
Stack = 0 bytes.
Library pages =  352.906 MB.

