
Note: Compatibility modes selected: hs a

Warning: m=xx on .subckt line will override multiplier m hierarchy!


Circuit: * num: 3 corner: sf vdd: 3.0 temp: -40

option SCALE: Scale is set to 1e-06 for instance and model parameters
Doing analysis at TEMP = -40.000000 and TNOM = 27.000000

Note: include: has no value, DC 0 assumed
Note: Starting dynamic gmin stepping
Trying gmin =   1.0000E-03 Note: One successful gmin step
Trying gmin =   1.0000E-04 Note: One successful gmin step
Trying gmin =   1.0000E-05 Note: One successful gmin step
Trying gmin =   1.0000E-06 Warning: Further gmin increment
Trying gmin =   5.6234E-06 Note: One successful gmin step
Trying gmin =   2.3714E-06 Note: One successful gmin step
Trying gmin =   1.5399E-06 Note: One successful gmin step
Trying gmin =   8.0584E-07 Note: One successful gmin step
Trying gmin =   3.0505E-07 Note: One successful gmin step
Trying gmin =   7.1050E-08 Warning: Further gmin increment
Trying gmin =   2.1192E-07 Note: One successful gmin step
Trying gmin =   1.2271E-07 Note: One successful gmin step
Trying gmin =   5.4064E-08 Note: One successful gmin step
Trying gmin =   1.5812E-08 Note: One successful gmin step
Trying gmin =   2.5008E-09 Warning: Further gmin increment
Trying gmin =   9.9712E-09 Note: One successful gmin step
Trying gmin =   4.9936E-09 Warning: Further gmin increment
Trying gmin =   8.3881E-09 Warning: Further gmin increment
Trying gmin =   9.5494E-09 Note: One successful gmin step
Trying gmin =   8.9500E-09 Note: One successful gmin step
Trying gmin =   8.1206E-09 Note: One successful gmin step
Trying gmin =   7.0183E-09 Note: One successful gmin step
Trying gmin =   5.6390E-09 Note: One successful gmin step
Trying gmin =   4.0613E-09 Note: One successful gmin step
Trying gmin =   2.4822E-09 Note: One successful gmin step
Trying gmin =   1.1861E-09 Note: One successful gmin step
Trying gmin =   3.9178E-10 Note: One successful gmin step
Trying gmin =   7.4372E-11 Note: One successful gmin step
Trying gmin =   7.4372E-12 Note: One successful gmin step
Trying gmin =   1.0000E-12 Note: One successful gmin step
Note: Dynamic gmin stepping completed

No. of Data Rows : 91

No. of Data Rows : 1
onoise_10k = 1.460230e-08
onoise_total = 2.105582e-05
ERROR: (internal)  This operation is not defined for display type PrinterOnly.
Can't open viewport for graphics.
binary raw file "./out/{num}.raw"
Doing analysis at TEMP = -40.000000 and TNOM = 27.000000

Note: include: has no value, DC 0 assumed

Total analysis time (seconds) = 31.728

Total elapsed time (seconds) = 54.686 

Total DRAM available = 7841.949 MB.
DRAM currently available = 1532.594 MB.
Maximum ngspice program size =  373.367 MB.
Current ngspice program size =  355.703 MB.

Shared ngspice pages =   10.891 MB.
Text (code) pages =    5.461 MB.
Stack = 0 bytes.
Library pages =  352.922 MB.

