
Note: Compatibility modes selected: hs a

Warning: m=xx on .subckt line will override multiplier m hierarchy!


Circuit: * num: 4 corner: fs vdd: 3.0 temp: -40

option SCALE: Scale is set to 1e-06 for instance and model parameters
Doing analysis at TEMP = -40.000000 and TNOM = 27.000000

Note: include: has no value, DC 0 assumed
Note: Starting dynamic gmin stepping
Trying gmin =   1.0000E-03 Note: One successful gmin step
Trying gmin =   1.0000E-04 Note: One successful gmin step
Trying gmin =   1.0000E-05 Note: One successful gmin step
Trying gmin =   1.0000E-06 Warning: Further gmin increment
Trying gmin =   5.6234E-06 Note: One successful gmin step
Trying gmin =   2.3714E-06 Note: One successful gmin step
Trying gmin =   1.5399E-06 Note: One successful gmin step
Trying gmin =   8.0584E-07 Note: One successful gmin step
Trying gmin =   3.0505E-07 Note: One successful gmin step
Trying gmin =   7.1050E-08 Warning: Further gmin increment
Trying gmin =   2.1192E-07 Note: One successful gmin step
Trying gmin =   1.2271E-07 Note: One successful gmin step
Trying gmin =   5.4064E-08 Note: One successful gmin step
Trying gmin =   1.5812E-08 Warning: Further gmin increment
Trying gmin =   3.9758E-08 Note: One successful gmin step
Trying gmin =   2.5073E-08 Note: One successful gmin step
Trying gmin =   1.2556E-08 Note: One successful gmin step
Trying gmin =   4.4499E-09 Warning: Further gmin increment
Trying gmin =   9.6880E-09 Note: One successful gmin step
Trying gmin =   6.5659E-09 Warning: Further gmin increment
Trying gmin =   8.7902E-09 Note: One successful gmin step
Trying gmin =   7.5971E-09 Warning: Further gmin increment
Trying gmin =   8.4754E-09 Note: One successful gmin step
Trying gmin =   8.0242E-09 Note: One successful gmin step
Trying gmin =   7.3921E-09 Warning: Further gmin increment
Trying gmin =   7.8613E-09 Note: One successful gmin step
Trying gmin =   7.6231E-09 Note: One successful gmin step
Trying gmin =   7.2792E-09 Note: One successful gmin step
Trying gmin =   6.7923E-09 Note: One successful gmin step
Trying gmin =   6.1223E-09 Note: One successful gmin step
Trying gmin =   5.2392E-09 Note: One successful gmin step
Trying gmin =   4.1475E-09 Note: One successful gmin step
Trying gmin =   2.9212E-09 Note: One successful gmin step
Trying gmin =   1.7268E-09 Note: One successful gmin step
Trying gmin =   7.8478E-10 Note: One successful gmin step
Trying gmin =   2.4044E-10 Note: One successful gmin step
Trying gmin =   4.0776E-11 Note: One successful gmin step
Trying gmin =   4.0776E-12 Note: One successful gmin step
Trying gmin =   1.0000E-12 Note: One successful gmin step
Note: Dynamic gmin stepping completed

No. of Data Rows : 91

No. of Data Rows : 1
onoise_10k = 1.504913e-08
onoise_total = 2.118296e-05
ERROR: (internal)  This operation is not defined for display type PrinterOnly.
Can't open viewport for graphics.
binary raw file "./out/{num}.raw"
Doing analysis at TEMP = -40.000000 and TNOM = 27.000000

Note: include: has no value, DC 0 assumed

Total analysis time (seconds) = 36.797

Total elapsed time (seconds) = 59.652 

Total DRAM available = 7841.949 MB.
DRAM currently available = 1524.879 MB.
Maximum ngspice program size =  373.367 MB.
Current ngspice program size =  355.695 MB.

Shared ngspice pages =   10.887 MB.
Text (code) pages =    5.461 MB.
Stack = 0 bytes.
Library pages =  352.922 MB.

