
Note: Compatibility modes selected: hs a

Warning: m=xx on .subckt line will override multiplier m hierarchy!


Circuit: * num: 7 corner: ss vdd: 3.0 temp: 85

option SCALE: Scale is set to 1e-06 for instance and model parameters
Doing analysis at TEMP = 85.000000 and TNOM = 27.000000

Note: include: has no value, DC 0 assumed
Note: Starting dynamic gmin stepping
Trying gmin =   1.0000E-03 Note: One successful gmin step
Trying gmin =   1.0000E-04 Note: One successful gmin step
Trying gmin =   1.0000E-05 Note: One successful gmin step
Trying gmin =   1.0000E-06 Note: One successful gmin step
Trying gmin =   1.0000E-07 Note: One successful gmin step
Trying gmin =   1.0000E-08 Warning: Further gmin increment
Trying gmin =   5.6234E-08 Note: One successful gmin step
Trying gmin =   2.3714E-08 Note: One successful gmin step
Trying gmin =   6.4938E-09 Warning: Further gmin increment
Trying gmin =   1.7154E-08 Note: One successful gmin step
Trying gmin =   1.0554E-08 Note: One successful gmin step
Trying gmin =   5.0937E-09 Warning: Further gmin increment
Trying gmin =   8.7970E-09 Warning: Further gmin increment
Trying gmin =   1.0085E-08 Note: One successful gmin step
Trying gmin =   9.4189E-09 Note: One successful gmin step
Trying gmin =   8.5017E-09 Warning: Further gmin increment
Trying gmin =   9.1807E-09 Note: One successful gmin step
Trying gmin =   8.8347E-09 Note: One successful gmin step
Trying gmin =   8.3399E-09 Note: One successful gmin step
Trying gmin =   7.6493E-09 Note: One successful gmin step
Trying gmin =   6.7190E-09 Note: One successful gmin step
Trying gmin =   5.5314E-09 Note: One successful gmin step
Trying gmin =   4.1317E-09 Note: One successful gmin step
Trying gmin =   2.6673E-09 Note: One successful gmin step
Trying gmin =   1.3835E-09 Note: One successful gmin step
Trying gmin =   5.1684E-10 Note: One successful gmin step
Trying gmin =   1.1801E-10 Note: One successful gmin step
Trying gmin =   1.2875E-11 Note: One successful gmin step
Trying gmin =   1.2875E-12 Note: One successful gmin step
Trying gmin =   1.0000E-12 Note: One successful gmin step
Note: Dynamic gmin stepping completed

No. of Data Rows : 91

No. of Data Rows : 1
onoise_10k = 2.042573e-08
onoise_total = 2.718676e-05
ERROR: (internal)  This operation is not defined for display type PrinterOnly.
Can't open viewport for graphics.
binary raw file "./out/{num}.raw"
Doing analysis at TEMP = 85.000000 and TNOM = 27.000000

Note: include: has no value, DC 0 assumed

Total analysis time (seconds) = 31.043

Total elapsed time (seconds) = 54.226 

Total DRAM available = 7841.949 MB.
DRAM currently available = 1528.219 MB.
Maximum ngspice program size =  373.359 MB.
Current ngspice program size =  355.586 MB.

Shared ngspice pages =   10.781 MB.
Text (code) pages =    5.461 MB.
Stack = 0 bytes.
Library pages =  352.914 MB.

