
Note: Compatibility modes selected: hs a

Warning: m=xx on .subckt line will override multiplier m hierarchy!


Circuit: * num: 9 corner: sf vdd: 3.0 temp: 85

option SCALE: Scale is set to 1e-06 for instance and model parameters
Doing analysis at TEMP = 85.000000 and TNOM = 27.000000

Note: include: has no value, DC 0 assumed
Note: Starting dynamic gmin stepping
Trying gmin =   1.0000E-03 Note: One successful gmin step
Trying gmin =   1.0000E-04 Note: One successful gmin step
Trying gmin =   1.0000E-05 Note: One successful gmin step
Trying gmin =   1.0000E-06 Note: One successful gmin step
Trying gmin =   3.1623E-07 Note: One successful gmin step
Trying gmin =   5.6234E-08 Warning: Further gmin increment
Trying gmin =   2.0535E-07 Note: One successful gmin step
Trying gmin =   1.0746E-07 Note: One successful gmin step
Trying gmin =   4.0679E-08 Note: One successful gmin step
Trying gmin =   9.4746E-09 Warning: Further gmin increment
Trying gmin =   2.8260E-08 Note: One successful gmin step
Trying gmin =   1.6363E-08 Note: One successful gmin step
Trying gmin =   7.2096E-09 Warning: Further gmin increment
Trying gmin =   1.3331E-08 Note: One successful gmin step
Trying gmin =   9.8038E-09 Warning: Further gmin increment
Trying gmin =   1.2345E-08 Note: One successful gmin step
Trying gmin =   1.1001E-08 Warning: Further gmin increment
Trying gmin =   1.1995E-08 Note: One successful gmin step
Trying gmin =   1.1487E-08 Note: One successful gmin step
Trying gmin =   1.0766E-08 Note: One successful gmin step
Trying gmin =   9.7685E-09 Warning: Further gmin increment
Trying gmin =   1.0508E-08 Note: One successful gmin step
Trying gmin =   1.0131E-08 Note: One successful gmin step
Trying gmin =   9.5920E-09 Note: One successful gmin step
Trying gmin =   8.8364E-09 Note: One successful gmin step
Trying gmin =   7.8131E-09 Note: One successful gmin step
Trying gmin =   6.4959E-09 Note: One successful gmin step
Trying gmin =   4.9246E-09 Note: One successful gmin step
Trying gmin =   3.2506E-09 Note: One successful gmin step
Trying gmin =   1.7432E-09 Note: One successful gmin step
Trying gmin =   6.8460E-10 Note: One successful gmin step
Trying gmin =   1.6849E-10 Note: One successful gmin step
Trying gmin =   2.0571E-11 Note: One successful gmin step
Trying gmin =   2.0571E-12 Note: One successful gmin step
Trying gmin =   1.0000E-12 Note: One successful gmin step
Note: Dynamic gmin stepping completed

No. of Data Rows : 91

No. of Data Rows : 1
onoise_10k = 2.018068e-08
onoise_total = 2.688321e-05
ERROR: (internal)  This operation is not defined for display type PrinterOnly.
Can't open viewport for graphics.
binary raw file "./out/{num}.raw"
Doing analysis at TEMP = 85.000000 and TNOM = 27.000000

Note: include: has no value, DC 0 assumed

Total analysis time (seconds) = 33.5

Total elapsed time (seconds) = 56.125 

Total DRAM available = 7841.949 MB.
DRAM currently available = 1533.770 MB.
Maximum ngspice program size =  373.371 MB.
Current ngspice program size =  355.398 MB.

Shared ngspice pages =   10.586 MB.
Text (code) pages =    5.461 MB.
Stack = 0 bytes.
Library pages =  352.926 MB.

