
Note: Compatibility modes selected: hs a


Circuit: * num: 10 corner: fs vdd: 3.0 temp: 85

option SCALE: Scale is set to 1e-06 for instance and model parameters
option SCALE: Scale is set to 1e-06 for instance and model parameters
option SCALE: Scale is set to 1e-06 for instance and model parameters
option SCALE: Scale is set to 1e-06 for instance and model parameters
Warning: Model issue on line 0 :
  .model sky130_fd_pr__res_generic_m4 r tc1=    3.424000000000000e-03      ...
unrecognized parameter (tref) - ignored
Doing analysis at TEMP = 85.000000 and TNOM = 27.000000

Note: Starting dynamic gmin stepping
Trying gmin =   1.0000E-03 Note: One successful gmin step
Trying gmin =   1.0000E-04 Note: One successful gmin step
Trying gmin =   1.0000E-05 Note: One successful gmin step
Trying gmin =   1.0000E-06 Note: One successful gmin step
Trying gmin =   3.1623E-07 Note: One successful gmin step
Trying gmin =   5.6234E-08 Note: One successful gmin step
Trying gmin =   5.6234E-09 Warning: Further gmin increment
Trying gmin =   3.1623E-08 Note: One successful gmin step
Trying gmin =   1.3335E-08 Warning: Further gmin increment
Trying gmin =   2.5483E-08 Note: One successful gmin step
Trying gmin =   1.8434E-08 Note: One successful gmin step
Trying gmin =   1.1342E-08 Note: One successful gmin step
Trying gmin =   5.4737E-09 Warning: Further gmin increment
Trying gmin =   9.4534E-09 Note: One successful gmin step
Trying gmin =   7.1934E-09 Warning: Further gmin increment
Trying gmin =   8.8292E-09 Note: One successful gmin step
Trying gmin =   7.9694E-09 Warning: Further gmin increment
Trying gmin =   8.6060E-09 Note: One successful gmin step
Trying gmin =   8.2816E-09 Note: One successful gmin step
Trying gmin =   7.8178E-09 Note: One successful gmin step
Trying gmin =   7.1704E-09 Note: One successful gmin step
Trying gmin =   6.2984E-09 Warning: Further gmin increment
Trying gmin =   6.9417E-09 Note: One successful gmin step
Trying gmin =   6.6122E-09 Note: One successful gmin step
Trying gmin =   6.1471E-09 Warning: Further gmin increment
Trying gmin =   6.4927E-09 Note: One successful gmin step
Trying gmin =   6.3176E-09 Warning: Further gmin increment
Trying gmin =   6.4485E-09 Note: One successful gmin step
Trying gmin =   6.3827E-09 Note: One successful gmin step
Trying gmin =   6.2852E-09 Warning: Further gmin increment
Trying gmin =   6.3582E-09 Note: One successful gmin step
Trying gmin =   6.3216E-09 Warning: Further gmin increment
Trying gmin =   6.3490E-09 Note: One successful gmin step
Trying gmin =   6.3353E-09 Note: One successful gmin step
Trying gmin =   6.3148E-09 Note: One successful gmin step
Trying gmin =   6.2841E-09 Note: One successful gmin step
Trying gmin =   6.2384E-09 Note: One successful gmin step
Trying gmin =   6.1704E-09 Note: One successful gmin step
Trying gmin =   6.0699E-09 Note: One successful gmin step
Trying gmin =   5.9221E-09 Note: One successful gmin step
Trying gmin =   5.7072E-09 Note: One successful gmin step
Trying gmin =   5.3994E-09 Note: One successful gmin step
Trying gmin =   4.9684E-09 Note: One successful gmin step
Trying gmin =   4.3857E-09 Note: One successful gmin step
Trying gmin =   3.6372E-09 Note: One successful gmin step
Trying gmin =   2.7469E-09 Note: One successful gmin step
Trying gmin =   1.8029E-09 Note: One successful gmin step
Trying gmin =   9.5869E-10 Note: One successful gmin step
Trying gmin =   3.7173E-10 Note: One successful gmin step
Trying gmin =   8.9753E-11 Note: One successful gmin step
Trying gmin =   1.0648E-11 Note: One successful gmin step
Trying gmin =   1.0648E-12 Note: One successful gmin step
Trying gmin =   1.0000E-12 Note: One successful gmin step
Note: Dynamic gmin stepping completed

Initial Transient Solution
--------------------------

Node                                   Voltage
----                                   -------
xdut.bpb                               1.16526
xdut.slice0.bpa_                       2.09767
avdd                                         3
en                                           3
xdut.slice1.bna_                      0.918405
avss                                         0
xdut.znp                              0.902695
xdut.bpa                               2.09767
xdut.bnb                                1.8988
xdut.zpp                               2.14225
xdut.bna                              0.918405
xdut.ypp                               2.90198
xdut.slice0.wp                         2.25277
xdut.znm                               1.25372
xdut.zpm                               2.12721
out                                  0.0501278
xdut.ypm                                2.9019
xdut.xn                            3.56628e-06
xdut.slice1.bpa_                       2.09767
xdut.slice0.wn                        0.756067
xdut.ynm                              0.121825
enb                                          0
xdut.slice1.wn                        0.756067
in                                        0.05
xdut.xp                                1.21826
xdut.slice0.bna_                      0.918405
xdut.ynp                              0.121195
xdut.slice1.wp                         2.25277
ibias                                   1.8988
out_                                       1.5
v_out#branch                      -0.000289974
v_enb#branch                                 0
v_en#branch                             -3e-12
v_in#branch                             -5e-14
v_avdd#branch                     -0.000209721
v_avss#branch                      3.29664e-08


No. of Data Rows : 177
ERROR: (internal)  This operation is not defined for display type PrinterOnly.
Can't open viewport for graphics.
slewp               =  2.444849e-06 targ=  1.272856e-05 trig=  1.028371e-05
slewm               =  1.895037e-06 targ=  3.196026e-05 trig=  3.006523e-05
slewrp = 1.047099e+06
slewrm = 1.350897e+06
slewr = 1.198998e+06
binary raw file "../out/sp10.raw"
Doing analysis at TEMP = 85.000000 and TNOM = 27.000000

No. of Data Columns : 14741  
Note: Starting dynamic gmin stepping
Trying gmin =   1.0000E-03 Note: One successful gmin step
Trying gmin =   1.0000E-04 Note: One successful gmin step
Trying gmin =   1.0000E-05 Note: One successful gmin step
Trying gmin =   1.0000E-06 Note: One successful gmin step
Trying gmin =   3.1623E-07 Note: One successful gmin step
Trying gmin =   5.6234E-08 Note: One successful gmin step
Trying gmin =   5.6234E-09 Warning: Further gmin increment
Trying gmin =   3.1623E-08 Note: One successful gmin step
Trying gmin =   1.3335E-08 Warning: Further gmin increment
Trying gmin =   2.5483E-08 Note: One successful gmin step
Trying gmin =   1.8434E-08 Note: One successful gmin step
Trying gmin =   1.1342E-08 Note: One successful gmin step
Trying gmin =   5.4737E-09 Warning: Further gmin increment
Trying gmin =   9.4534E-09 Note: One successful gmin step
Trying gmin =   7.1934E-09 Warning: Further gmin increment
Trying gmin =   8.8292E-09 Note: One successful gmin step
Trying gmin =   7.9694E-09 Warning: Further gmin increment
Trying gmin =   8.6060E-09 Note: One successful gmin step
Trying gmin =   8.2816E-09 Note: One successful gmin step
Trying gmin =   7.8178E-09 Note: One successful gmin step
Trying gmin =   7.1704E-09 Note: One successful gmin step
Trying gmin =   6.2984E-09 Warning: Further gmin increment
Trying gmin =   6.9417E-09 Note: One successful gmin step
Trying gmin =   6.6122E-09 Note: One successful gmin step
Trying gmin =   6.1471E-09 Warning: Further gmin increment
Trying gmin =   6.4927E-09 Note: One successful gmin step
Trying gmin =   6.3176E-09 Warning: Further gmin increment
Trying gmin =   6.4485E-09 Note: One successful gmin step
Trying gmin =   6.3827E-09 Note: One successful gmin step
Trying gmin =   6.2852E-09 Warning: Further gmin increment
Trying gmin =   6.3582E-09 Note: One successful gmin step
Trying gmin =   6.3216E-09 Warning: Further gmin increment
Trying gmin =   6.3490E-09 Note: One successful gmin step
Trying gmin =   6.3353E-09 Note: One successful gmin step
Trying gmin =   6.3148E-09 Note: One successful gmin step
Trying gmin =   6.2841E-09 Note: One successful gmin step
Trying gmin =   6.2384E-09 Note: One successful gmin step
Trying gmin =   6.1704E-09 Note: One successful gmin step
Trying gmin =   6.0699E-09 Note: One successful gmin step
Trying gmin =   5.9221E-09 Note: One successful gmin step
Trying gmin =   5.7072E-09 Note: One successful gmin step
Trying gmin =   5.3994E-09 Note: One successful gmin step
Trying gmin =   4.9684E-09 Note: One successful gmin step
Trying gmin =   4.3857E-09 Note: One successful gmin step
Trying gmin =   3.6372E-09 Note: One successful gmin step
Trying gmin =   2.7469E-09 Note: One successful gmin step
Trying gmin =   1.8029E-09 Note: One successful gmin step
Trying gmin =   9.5869E-10 Note: One successful gmin step
Trying gmin =   3.7173E-10 Note: One successful gmin step
Trying gmin =   8.9753E-11 Note: One successful gmin step
Trying gmin =   1.0648E-11 Note: One successful gmin step
Trying gmin =   1.0648E-12 Note: One successful gmin step
Trying gmin =   1.0000E-12 Note: One successful gmin step
Note: Dynamic gmin stepping completed

Initial Transient Solution
--------------------------

Node                                   Voltage
----                                   -------
xdut.bpb                               1.16526
xdut.slice0.bpa_                       2.09767
avdd                                         3
en                                           3
xdut.slice1.bna_                      0.918405
avss                                         0
xdut.znp                              0.902695
xdut.bpa                               2.09767
xdut.bnb                                1.8988
xdut.zpp                               2.14225
xdut.bna                              0.918405
xdut.ypp                               2.90198
xdut.slice0.wp                         2.25277
xdut.znm                               1.25372
xdut.zpm                               2.12721
out                                  0.0501278
xdut.ypm                                2.9019
xdut.xn                            3.56628e-06
xdut.slice1.bpa_                       2.09767
xdut.slice0.wn                        0.756067
xdut.ynm                              0.121825
enb                                          0
xdut.slice1.wn                        0.756067
in                                        0.05
xdut.xp                                1.21826
xdut.slice0.bna_                      0.918405
xdut.ynp                              0.121195
xdut.slice1.wp                         2.25277
ibias                                   1.8988
out_                                       1.5
v_out#branch                      -0.000289974
v_enb#branch                                 0
v_en#branch                             -3e-12
v_in#branch                             -5e-14
v_avdd#branch                     -0.000209721
v_avss#branch                      3.29664e-08


No. of Data Rows : 177

Total analysis time (seconds) = 371.378

Total elapsed time (seconds) = 424.530 

Total DRAM available = 7841.875 MB.
DRAM currently available =  548.984 MB.
Maximum ngspice program size = 2165.777 MB.
Current ngspice program size = 2146.520 MB.

Shared ngspice pages =   10.500 MB.
Text (code) pages =    5.461 MB.
Stack = 0 bytes.
Library pages = 2145.332 MB.

