
Note: Compatibility modes selected: hs a


Circuit: * num: 12 corner: hh vdd: 3.0 temp: 85

option SCALE: Scale is set to 1e-06 for instance and model parameters
option SCALE: Scale is set to 1e-06 for instance and model parameters
option SCALE: Scale is set to 1e-06 for instance and model parameters
option SCALE: Scale is set to 1e-06 for instance and model parameters
Warning: Model issue on line 0 :
  .model sky130_fd_pr__res_generic_m4 r tc1=    3.424000000000000e-03      ...
unrecognized parameter (tref) - ignored
Doing analysis at TEMP = 85.000000 and TNOM = 27.000000

Note: Starting dynamic gmin stepping
Trying gmin =   1.0000E-03 Note: One successful gmin step
Trying gmin =   1.0000E-04 Note: One successful gmin step
Trying gmin =   1.0000E-05 Note: One successful gmin step
Trying gmin =   1.0000E-06 Note: One successful gmin step
Trying gmin =   3.1623E-07 Warning: Further gmin increment
Trying gmin =   7.4989E-07 Note: One successful gmin step
Trying gmin =   4.8697E-07 Note: One successful gmin step
Trying gmin =   2.5483E-07 Note: One successful gmin step
Trying gmin =   9.6466E-08 Note: One successful gmin step
Trying gmin =   2.2468E-08 Note: One successful gmin step
Trying gmin =   2.5255E-09 Warning: Further gmin increment
Trying gmin =   1.3009E-08 Note: One successful gmin step
Trying gmin =   5.7319E-09 Warning: Further gmin increment
Trying gmin =   1.0599E-08 Note: One successful gmin step
Trying gmin =   7.7944E-09 Warning: Further gmin increment
Trying gmin =   9.8152E-09 Note: One successful gmin step
Trying gmin =   8.7466E-09 Note: One successful gmin step
Trying gmin =   7.3579E-09 Note: One successful gmin step
Trying gmin =   5.6771E-09 Warning: Further gmin increment
Trying gmin =   6.8960E-09 Note: One successful gmin step
Trying gmin =   6.2570E-09 Warning: Further gmin increment
Trying gmin =   6.7304E-09 Note: One successful gmin step
Trying gmin =   6.5687E-09 Note: One successful gmin step
Trying gmin =   6.3335E-09 Note: One successful gmin step
Trying gmin =   5.9963E-09 Note: One successful gmin step
Trying gmin =   5.5240E-09 Note: One successful gmin step
Trying gmin =   4.8842E-09 Note: One successful gmin step
Trying gmin =   4.0608E-09 Note: One successful gmin step
Trying gmin =   3.0785E-09 Note: One successful gmin step
Trying gmin =   2.0321E-09 Note: One successful gmin step
Trying gmin =   1.0898E-09 Note: One successful gmin step
Trying gmin =   4.2797E-10 Note: One successful gmin step
Trying gmin =   1.0533E-10 Note: One successful gmin step
Trying gmin =   1.2860E-11 Note: One successful gmin step
Trying gmin =   1.2860E-12 Note: One successful gmin step
Trying gmin =   1.0000E-12 Note: One successful gmin step
Note: Dynamic gmin stepping completed

Initial Transient Solution
--------------------------

Node                                   Voltage
----                                   -------
xdut.bpb                              0.964254
xdut.slice0.bpa_                       2.00776
avdd                                         3
en                                           3
xdut.slice1.bna_                      0.841553
avss                                         0
xdut.znp                              0.825666
xdut.bpa                               2.00776
xdut.bnb                               1.72379
xdut.zpp                               2.05235
xdut.bna                              0.841553
xdut.ypp                               2.90128
xdut.slice0.wp                         2.16391
xdut.znm                               1.17288
xdut.zpm                                2.0379
out                                  0.0501053
xdut.ypm                               2.90121
xdut.xn                            1.14101e-05
xdut.slice1.bpa_                       2.00776
xdut.slice0.wn                        0.679789
xdut.ynm                              0.121464
enb                                          0
xdut.slice1.wn                        0.679789
in                                        0.05
xdut.xp                                1.29165
xdut.slice0.bna_                      0.841553
xdut.ynp                              0.120806
xdut.slice1.wp                         2.16391
ibias                                  1.72379
out_                                       1.5
v_out#branch                      -0.000289979
v_enb#branch                                 0
v_en#branch                             -3e-12
v_in#branch                             -5e-14
v_avdd#branch                     -0.000208257
v_avss#branch                      3.26898e-08


No. of Data Rows : 178
ERROR: (internal)  This operation is not defined for display type PrinterOnly.
Can't open viewport for graphics.
slewp               =  2.793317e-06 targ=  1.310106e-05 trig=  1.030774e-05
slewm               =  2.043048e-06 targ=  3.211033e-05 trig=  3.006728e-05
slewrp = 9.164731e+05
slewrm = 1.253030e+06
slewr = 1.084751e+06
binary raw file "../out/sp12.raw"
Doing analysis at TEMP = 85.000000 and TNOM = 27.000000

No. of Data Columns : 14741  
Note: Starting dynamic gmin stepping
Trying gmin =   1.0000E-03 Note: One successful gmin step
Trying gmin =   1.0000E-04 Note: One successful gmin step
Trying gmin =   1.0000E-05 Note: One successful gmin step
Trying gmin =   1.0000E-06 Note: One successful gmin step
Trying gmin =   3.1623E-07 Warning: Further gmin increment
Trying gmin =   7.4989E-07 Note: One successful gmin step
Trying gmin =   4.8697E-07 Note: One successful gmin step
Trying gmin =   2.5483E-07 Note: One successful gmin step
Trying gmin =   9.6466E-08 Note: One successful gmin step
Trying gmin =   2.2468E-08 Note: One successful gmin step
Trying gmin =   2.5255E-09 Warning: Further gmin increment
Trying gmin =   1.3009E-08 Note: One successful gmin step
Trying gmin =   5.7319E-09 Warning: Further gmin increment
Trying gmin =   1.0599E-08 Note: One successful gmin step
Trying gmin =   7.7944E-09 Warning: Further gmin increment
Trying gmin =   9.8152E-09 Note: One successful gmin step
Trying gmin =   8.7466E-09 Note: One successful gmin step
Trying gmin =   7.3579E-09 Note: One successful gmin step
Trying gmin =   5.6771E-09 Warning: Further gmin increment
Trying gmin =   6.8960E-09 Note: One successful gmin step
Trying gmin =   6.2570E-09 Warning: Further gmin increment
Trying gmin =   6.7304E-09 Note: One successful gmin step
Trying gmin =   6.5687E-09 Note: One successful gmin step
Trying gmin =   6.3335E-09 Note: One successful gmin step
Trying gmin =   5.9963E-09 Note: One successful gmin step
Trying gmin =   5.5240E-09 Note: One successful gmin step
Trying gmin =   4.8842E-09 Note: One successful gmin step
Trying gmin =   4.0608E-09 Note: One successful gmin step
Trying gmin =   3.0785E-09 Note: One successful gmin step
Trying gmin =   2.0321E-09 Note: One successful gmin step
Trying gmin =   1.0898E-09 Note: One successful gmin step
Trying gmin =   4.2797E-10 Note: One successful gmin step
Trying gmin =   1.0533E-10 Note: One successful gmin step
Trying gmin =   1.2860E-11 Note: One successful gmin step
Trying gmin =   1.2860E-12 Note: One successful gmin step
Trying gmin =   1.0000E-12 Note: One successful gmin step
Note: Dynamic gmin stepping completed

Initial Transient Solution
--------------------------

Node                                   Voltage
----                                   -------
xdut.bpb                              0.964254
xdut.slice0.bpa_                       2.00776
avdd                                         3
en                                           3
xdut.slice1.bna_                      0.841553
avss                                         0
xdut.znp                              0.825666
xdut.bpa                               2.00776
xdut.bnb                               1.72379
xdut.zpp                               2.05235
xdut.bna                              0.841553
xdut.ypp                               2.90128
xdut.slice0.wp                         2.16391
xdut.znm                               1.17288
xdut.zpm                                2.0379
out                                  0.0501053
xdut.ypm                               2.90121
xdut.xn                            1.14101e-05
xdut.slice1.bpa_                       2.00776
xdut.slice0.wn                        0.679789
xdut.ynm                              0.121464
enb                                          0
xdut.slice1.wn                        0.679789
in                                        0.05
xdut.xp                                1.29165
xdut.slice0.bna_                      0.841553
xdut.ynp                              0.120806
xdut.slice1.wp                         2.16391
ibias                                  1.72379
out_                                       1.5
v_out#branch                      -0.000289979
v_enb#branch                                 0
v_en#branch                             -3e-12
v_in#branch                             -5e-14
v_avdd#branch                     -0.000208257
v_avss#branch                      3.26898e-08


No. of Data Rows : 178

Total analysis time (seconds) = 303.483

Total elapsed time (seconds) = 354.150 

Total DRAM available = 7841.875 MB.
DRAM currently available =  503.848 MB.
Maximum ngspice program size = 2165.762 MB.
Current ngspice program size = 2146.207 MB.

Shared ngspice pages =   10.207 MB.
Text (code) pages =    5.461 MB.
Stack = 0 bytes.
Library pages = 2145.316 MB.

