
Note: Compatibility modes selected: hs a


Circuit: * num: 13 corner: ss vdd: 5.5 temp: -40

option SCALE: Scale is set to 1e-06 for instance and model parameters
option SCALE: Scale is set to 1e-06 for instance and model parameters
option SCALE: Scale is set to 1e-06 for instance and model parameters
option SCALE: Scale is set to 1e-06 for instance and model parameters
Warning: Model issue on line 0 :
  .model sky130_fd_pr__res_generic_m4 r tc1=    3.424000000000000e-03      ...
unrecognized parameter (tref) - ignored
Doing analysis at TEMP = -40.000000 and TNOM = 27.000000

Note: Starting dynamic gmin stepping
Trying gmin =   1.0000E-03 Note: One successful gmin step
Trying gmin =   1.0000E-04 Note: One successful gmin step
Trying gmin =   1.0000E-05 Note: One successful gmin step
Trying gmin =   1.0000E-06 Warning: Further gmin increment
Trying gmin =   5.6234E-06 Note: One successful gmin step
Trying gmin =   3.1623E-06 Note: One successful gmin step
Trying gmin =   1.7783E-06 Note: One successful gmin step
Trying gmin =   7.4989E-07 Note: One successful gmin step
Trying gmin =   2.0535E-07 Note: One successful gmin step
Trying gmin =   2.9427E-08 Note: One successful gmin step
Trying gmin =   1.1140E-08 Note: One successful gmin step
Trying gmin =   2.5946E-09 Warning: Further gmin increment
Trying gmin =   7.7388E-09 Note: One successful gmin step
Trying gmin =   4.4809E-09 Warning: Further gmin increment
Trying gmin =   6.7507E-09 Note: One successful gmin step
Trying gmin =   5.8887E-09 Warning: Further gmin increment
Trying gmin =   6.5240E-09 Note: One successful gmin step
Trying gmin =   6.1982E-09 Warning: Further gmin increment
Trying gmin =   6.4410E-09 Note: One successful gmin step
Trying gmin =   6.3184E-09 Note: One successful gmin step
Trying gmin =   6.1390E-09 Note: One successful gmin step
Trying gmin =   5.8793E-09 Note: One successful gmin step
Trying gmin =   5.5102E-09 Note: One successful gmin step
Trying gmin =   4.9996E-09 Note: One successful gmin step
Trying gmin =   4.3210E-09 Warning: Further gmin increment
Trying gmin =   4.8205E-09 Note: One successful gmin step
Trying gmin =   4.5639E-09 Warning: Further gmin increment
Trying gmin =   4.7550E-09 Note: One successful gmin step
Trying gmin =   4.6585E-09 Note: One successful gmin step
Trying gmin =   4.5173E-09 Warning: Further gmin increment
Trying gmin =   4.6228E-09 Warning: Further gmin increment
Trying gmin =   4.6495E-09 Note: One successful gmin step
Trying gmin =   4.6362E-09 Note: One successful gmin step
Trying gmin =   4.6161E-09 Note: One successful gmin step
Trying gmin =   4.5962E-09 Note: One successful gmin step
Trying gmin =   4.5665E-09 Note: One successful gmin step
Trying gmin =   4.5222E-09 Note: One successful gmin step
Trying gmin =   4.4567E-09 Note: One successful gmin step
Trying gmin =   4.3601E-09 Note: One successful gmin step
Trying gmin =   4.2192E-09 Note: One successful gmin step
Trying gmin =   4.0162E-09 Note: One successful gmin step
Trying gmin =   3.7300E-09 Note: One successful gmin step
Trying gmin =   3.3385E-09 Note: One successful gmin step
Trying gmin =   2.8269E-09 Note: One successful gmin step
Trying gmin =   2.2026E-09 Note: One successful gmin step
Trying gmin =   1.5149E-09 Note: One successful gmin step
Trying gmin =   8.6410E-10 Note: One successful gmin step
Trying gmin =   3.7224E-10 Note: One successful gmin step
Trying gmin =   1.0525E-10 Note: One successful gmin step
Trying gmin =   1.5824E-11 Note: One successful gmin step
Trying gmin =   1.5824E-12 Note: One successful gmin step
Trying gmin =   1.0000E-12 Note: One successful gmin step
Note: Dynamic gmin stepping completed

Initial Transient Solution
--------------------------

Node                                   Voltage
----                                   -------
xdut.bpb                               2.83545
xdut.slice0.bpa_                       4.25161
avdd                                       5.5
en                                         5.5
xdut.slice1.bna_                       1.00951
avss                                         0
xdut.znp                               1.00039
xdut.bpa                               4.25161
xdut.bnb                                2.1707
xdut.zpp                               4.28425
xdut.bna                               1.00951
xdut.ypp                               5.42662
xdut.slice0.wp                         4.36587
xdut.znm                                1.3148
xdut.zpm                               4.26708
out                                   0.050677
xdut.ypm                               5.42656
xdut.xn                            1.59145e-11
xdut.slice1.bpa_                       4.25161
xdut.slice0.wn                        0.899757
xdut.ynm                             0.0852864
enb                                          0
xdut.slice1.wn                        0.899757
in                                        0.05
xdut.xp                                1.92135
xdut.slice0.bna_                       1.00951
xdut.ynp                             0.0846805
xdut.slice1.wp                         4.36587
ibias                                   2.1707
out_                                      2.75
v_out#branch                      -0.000539865
v_enb#branch                                 0
v_en#branch                           -5.5e-12
v_in#branch                             -5e-14
v_avdd#branch                     -0.000268652
v_avss#branch                      5.95646e-08


No. of Data Rows : 196
ERROR: (internal)  This operation is not defined for display type PrinterOnly.
Can't open viewport for graphics.
slewp               =  1.708887e-06 targ=  1.190674e-05 trig=  1.019785e-05
slewm               =  1.923913e-06 targ=  3.350467e-05 trig=  3.158076e-05
slewrp = 1.498051e+06
slewrm = 1.330621e+06
slewr = 1.414336e+06
binary raw file "../out/sp13.raw"
Doing analysis at TEMP = -40.000000 and TNOM = 27.000000

No. of Data Columns : 14741  
Note: Starting dynamic gmin stepping
Trying gmin =   1.0000E-03 Note: One successful gmin step
Trying gmin =   1.0000E-04 Note: One successful gmin step
Trying gmin =   1.0000E-05 Note: One successful gmin step
Trying gmin =   1.0000E-06 Warning: Further gmin increment
Trying gmin =   5.6234E-06 Note: One successful gmin step
Trying gmin =   3.1623E-06 Note: One successful gmin step
Trying gmin =   1.7783E-06 Note: One successful gmin step
Trying gmin =   7.4989E-07 Note: One successful gmin step
Trying gmin =   2.0535E-07 Note: One successful gmin step
Trying gmin =   2.9427E-08 Note: One successful gmin step
Trying gmin =   1.1140E-08 Note: One successful gmin step
Trying gmin =   2.5946E-09 Warning: Further gmin increment
Trying gmin =   7.7388E-09 Note: One successful gmin step
Trying gmin =   4.4809E-09 Warning: Further gmin increment
Trying gmin =   6.7507E-09 Note: One successful gmin step
Trying gmin =   5.8887E-09 Warning: Further gmin increment
Trying gmin =   6.5240E-09 Note: One successful gmin step
Trying gmin =   6.1982E-09 Warning: Further gmin increment
Trying gmin =   6.4410E-09 Note: One successful gmin step
Trying gmin =   6.3184E-09 Note: One successful gmin step
Trying gmin =   6.1390E-09 Note: One successful gmin step
Trying gmin =   5.8793E-09 Note: One successful gmin step
Trying gmin =   5.5102E-09 Note: One successful gmin step
Trying gmin =   4.9996E-09 Note: One successful gmin step
Trying gmin =   4.3210E-09 Warning: Further gmin increment
Trying gmin =   4.8205E-09 Note: One successful gmin step
Trying gmin =   4.5639E-09 Warning: Further gmin increment
Trying gmin =   4.7550E-09 Note: One successful gmin step
Trying gmin =   4.6585E-09 Note: One successful gmin step
Trying gmin =   4.5173E-09 Warning: Further gmin increment
Trying gmin =   4.6228E-09 Warning: Further gmin increment
Trying gmin =   4.6495E-09 Note: One successful gmin step
Trying gmin =   4.6362E-09 Note: One successful gmin step
Trying gmin =   4.6161E-09 Note: One successful gmin step
Trying gmin =   4.5962E-09 Note: One successful gmin step
Trying gmin =   4.5665E-09 Note: One successful gmin step
Trying gmin =   4.5222E-09 Note: One successful gmin step
Trying gmin =   4.4567E-09 Note: One successful gmin step
Trying gmin =   4.3601E-09 Note: One successful gmin step
Trying gmin =   4.2192E-09 Note: One successful gmin step
Trying gmin =   4.0162E-09 Note: One successful gmin step
Trying gmin =   3.7300E-09 Note: One successful gmin step
Trying gmin =   3.3385E-09 Note: One successful gmin step
Trying gmin =   2.8269E-09 Note: One successful gmin step
Trying gmin =   2.2026E-09 Note: One successful gmin step
Trying gmin =   1.5149E-09 Note: One successful gmin step
Trying gmin =   8.6410E-10 Note: One successful gmin step
Trying gmin =   3.7224E-10 Note: One successful gmin step
Trying gmin =   1.0525E-10 Note: One successful gmin step
Trying gmin =   1.5824E-11 Note: One successful gmin step
Trying gmin =   1.5824E-12 Note: One successful gmin step
Trying gmin =   1.0000E-12 Note: One successful gmin step
Note: Dynamic gmin stepping completed

Initial Transient Solution
--------------------------

Node                                   Voltage
----                                   -------
xdut.bpb                               2.83545
xdut.slice0.bpa_                       4.25161
avdd                                       5.5
en                                         5.5
xdut.slice1.bna_                       1.00951
avss                                         0
xdut.znp                               1.00039
xdut.bpa                               4.25161
xdut.bnb                                2.1707
xdut.zpp                               4.28425
xdut.bna                               1.00951
xdut.ypp                               5.42662
xdut.slice0.wp                         4.36587
xdut.znm                                1.3148
xdut.zpm                               4.26708
out                                   0.050677
xdut.ypm                               5.42656
xdut.xn                            1.59145e-11
xdut.slice1.bpa_                       4.25161
xdut.slice0.wn                        0.899757
xdut.ynm                             0.0852864
enb                                          0
xdut.slice1.wn                        0.899757
in                                        0.05
xdut.xp                                1.92135
xdut.slice0.bna_                       1.00951
xdut.ynp                             0.0846805
xdut.slice1.wp                         4.36587
ibias                                   2.1707
out_                                      2.75
v_out#branch                      -0.000539865
v_enb#branch                                 0
v_en#branch                           -5.5e-12
v_in#branch                             -5e-14
v_avdd#branch                     -0.000268652
v_avss#branch                      5.95646e-08


No. of Data Rows : 196

Total analysis time (seconds) = 415.27

Total elapsed time (seconds) = 466.011 

Total DRAM available = 7841.875 MB.
DRAM currently available =  482.438 MB.
Maximum ngspice program size = 2165.762 MB.
Current ngspice program size = 2146.656 MB.

Shared ngspice pages =   10.594 MB.
Text (code) pages =    5.461 MB.
Stack = 0 bytes.
Library pages = 2145.316 MB.

