
Note: Compatibility modes selected: hs a


Circuit: * num: 14 corner: ff vdd: 5.5 temp: -40

option SCALE: Scale is set to 1e-06 for instance and model parameters
option SCALE: Scale is set to 1e-06 for instance and model parameters
option SCALE: Scale is set to 1e-06 for instance and model parameters
option SCALE: Scale is set to 1e-06 for instance and model parameters
Warning: Model issue on line 0 :
  .model sky130_fd_pr__res_generic_m4 r tc1=    3.424000000000000e-03      ...
unrecognized parameter (tref) - ignored
Doing analysis at TEMP = -40.000000 and TNOM = 27.000000

Note: Starting dynamic gmin stepping
Trying gmin =   1.0000E-03 Note: One successful gmin step
Trying gmin =   1.0000E-04 Note: One successful gmin step
Trying gmin =   1.0000E-05 Note: One successful gmin step
Trying gmin =   1.0000E-06 Note: One successful gmin step
Trying gmin =   1.0000E-07 Note: One successful gmin step
Trying gmin =   1.0000E-08 Warning: Further gmin increment
Trying gmin =   5.6234E-08 Note: One successful gmin step
Trying gmin =   2.3714E-08 Note: One successful gmin step
Trying gmin =   6.4938E-09 Warning: Further gmin increment
Trying gmin =   1.7154E-08 Note: One successful gmin step
Trying gmin =   1.0554E-08 Note: One successful gmin step
Trying gmin =   5.0937E-09 Warning: Further gmin increment
Trying gmin =   8.7970E-09 Note: One successful gmin step
Trying gmin =   6.6940E-09 Warning: Further gmin increment
Trying gmin =   8.2162E-09 Note: One successful gmin step
Trying gmin =   7.4161E-09 Note: One successful gmin step
Trying gmin =   6.3597E-09 Warning: Further gmin increment
Trying gmin =   7.1366E-09 Note: One successful gmin step
Trying gmin =   6.7370E-09 Note: One successful gmin step
Trying gmin =   6.1791E-09 Note: One successful gmin step
Trying gmin =   5.4276E-09 Note: One successful gmin step
Trying gmin =   4.4683E-09 Warning: Further gmin increment
Trying gmin =   5.1700E-09 Note: One successful gmin step
Trying gmin =   4.8063E-09 Note: One successful gmin step
Trying gmin =   4.4683E-09 Warning: Further gmin increment
Trying gmin =   4.7195E-09 Warning: Further gmin increment
Trying gmin =   4.7845E-09 Warning: Further gmin increment
Trying gmin =   4.8009E-09 Note: One successful gmin step
Trying gmin =   4.7927E-09 Note: One successful gmin step
Trying gmin =   4.7804E-09 Note: One successful gmin step
Trying gmin =   4.7620E-09 Warning: Further gmin increment
Trying gmin =   4.7758E-09 Note: One successful gmin step
Trying gmin =   4.7689E-09 Note: One successful gmin step
Trying gmin =   4.7586E-09 Note: One successful gmin step
Trying gmin =   4.7432E-09 Note: One successful gmin step
Trying gmin =   4.7202E-09 Note: One successful gmin step
Trying gmin =   4.6858E-09 Note: One successful gmin step
Trying gmin =   4.6348E-09 Note: One successful gmin step
Trying gmin =   4.5592E-09 Note: One successful gmin step
Trying gmin =   4.4483E-09 Note: One successful gmin step
Trying gmin =   4.2868E-09 Note: One successful gmin step
Trying gmin =   4.0556E-09 Note: One successful gmin step
Trying gmin =   3.7319E-09 Note: One successful gmin step
Trying gmin =   3.2942E-09 Note: One successful gmin step
Trying gmin =   2.7320E-09 Note: One successful gmin step
Trying gmin =   2.0633E-09 Note: One successful gmin step
Trying gmin =   1.3542E-09 Note: One successful gmin step
Trying gmin =   7.2010E-10 Note: One successful gmin step
Trying gmin =   2.7922E-10 Note: One successful gmin step
Trying gmin =   6.7416E-11 Note: One successful gmin step
Trying gmin =   7.9982E-12 Note: One successful gmin step
Trying gmin =   1.0000E-12 Note: One successful gmin step
Note: Dynamic gmin stepping completed

Initial Transient Solution
--------------------------

Node                                   Voltage
----                                   -------
xdut.bpb                               3.03836
xdut.slice0.bpa_                        4.3434
avdd                                       5.5
en                                         5.5
xdut.slice1.bna_                      0.939965
avss                                         0
xdut.znp                              0.931177
xdut.bpa                                4.3434
xdut.bnb                               2.01332
xdut.zpp                               4.37552
xdut.bna                              0.939965
xdut.ypp                               5.42729
xdut.slice0.wp                         4.45576
xdut.znm                               1.23667
xdut.zpm                               4.35766
out                                  0.0507647
xdut.ypm                               5.42723
xdut.xn                            3.04951e-10
xdut.slice1.bpa_                        4.3434
xdut.slice0.wn                        0.830856
xdut.ynm                             0.0850152
enb                                          0
xdut.slice1.wn                        0.830856
in                                        0.05
xdut.xp                                1.84264
xdut.slice0.bna_                      0.939965
xdut.ynp                             0.0843385
xdut.slice1.wp                         4.45576
ibias                                  2.01332
out_                                      2.75
v_out#branch                      -0.000539847
v_enb#branch                                 0
v_en#branch                           -5.5e-12
v_in#branch                             -5e-14
v_avdd#branch                      -0.00027555
v_avss#branch                      5.95663e-08


No. of Data Rows : 198
ERROR: (internal)  This operation is not defined for display type PrinterOnly.
Can't open viewport for graphics.
slewp               =  1.698014e-06 targ=  1.190077e-05 trig=  1.020276e-05
slewm               =  1.868973e-06 targ=  3.344102e-05 trig=  3.157205e-05
slewrp = 1.507644e+06
slewrm = 1.369736e+06
slewr = 1.438690e+06
binary raw file "../out/sp14.raw"
Doing analysis at TEMP = -40.000000 and TNOM = 27.000000

No. of Data Columns : 14741  
Note: Starting dynamic gmin stepping
Trying gmin =   1.0000E-03 Note: One successful gmin step
Trying gmin =   1.0000E-04 Note: One successful gmin step
Trying gmin =   1.0000E-05 Note: One successful gmin step
Trying gmin =   1.0000E-06 Note: One successful gmin step
Trying gmin =   1.0000E-07 Note: One successful gmin step
Trying gmin =   1.0000E-08 Warning: Further gmin increment
Trying gmin =   5.6234E-08 Note: One successful gmin step
Trying gmin =   2.3714E-08 Note: One successful gmin step
Trying gmin =   6.4938E-09 Warning: Further gmin increment
Trying gmin =   1.7154E-08 Note: One successful gmin step
Trying gmin =   1.0554E-08 Note: One successful gmin step
Trying gmin =   5.0937E-09 Warning: Further gmin increment
Trying gmin =   8.7970E-09 Note: One successful gmin step
Trying gmin =   6.6940E-09 Warning: Further gmin increment
Trying gmin =   8.2162E-09 Note: One successful gmin step
Trying gmin =   7.4161E-09 Note: One successful gmin step
Trying gmin =   6.3597E-09 Warning: Further gmin increment
Trying gmin =   7.1366E-09 Note: One successful gmin step
Trying gmin =   6.7370E-09 Note: One successful gmin step
Trying gmin =   6.1791E-09 Note: One successful gmin step
Trying gmin =   5.4276E-09 Note: One successful gmin step
Trying gmin =   4.4683E-09 Warning: Further gmin increment
Trying gmin =   5.1700E-09 Note: One successful gmin step
Trying gmin =   4.8063E-09 Note: One successful gmin step
Trying gmin =   4.4683E-09 Warning: Further gmin increment
Trying gmin =   4.7195E-09 Warning: Further gmin increment
Trying gmin =   4.7845E-09 Warning: Further gmin increment
Trying gmin =   4.8009E-09 Note: One successful gmin step
Trying gmin =   4.7927E-09 Note: One successful gmin step
Trying gmin =   4.7804E-09 Note: One successful gmin step
Trying gmin =   4.7620E-09 Warning: Further gmin increment
Trying gmin =   4.7758E-09 Note: One successful gmin step
Trying gmin =   4.7689E-09 Note: One successful gmin step
Trying gmin =   4.7586E-09 Note: One successful gmin step
Trying gmin =   4.7432E-09 Note: One successful gmin step
Trying gmin =   4.7202E-09 Note: One successful gmin step
Trying gmin =   4.6858E-09 Note: One successful gmin step
Trying gmin =   4.6348E-09 Note: One successful gmin step
Trying gmin =   4.5592E-09 Note: One successful gmin step
Trying gmin =   4.4483E-09 Note: One successful gmin step
Trying gmin =   4.2868E-09 Note: One successful gmin step
Trying gmin =   4.0556E-09 Note: One successful gmin step
Trying gmin =   3.7319E-09 Note: One successful gmin step
Trying gmin =   3.2942E-09 Note: One successful gmin step
Trying gmin =   2.7320E-09 Note: One successful gmin step
Trying gmin =   2.0633E-09 Note: One successful gmin step
Trying gmin =   1.3542E-09 Note: One successful gmin step
Trying gmin =   7.2010E-10 Note: One successful gmin step
Trying gmin =   2.7922E-10 Note: One successful gmin step
Trying gmin =   6.7416E-11 Note: One successful gmin step
Trying gmin =   7.9982E-12 Note: One successful gmin step
Trying gmin =   1.0000E-12 Note: One successful gmin step
Note: Dynamic gmin stepping completed

Initial Transient Solution
--------------------------

Node                                   Voltage
----                                   -------
xdut.bpb                               3.03836
xdut.slice0.bpa_                        4.3434
avdd                                       5.5
en                                         5.5
xdut.slice1.bna_                      0.939965
avss                                         0
xdut.znp                              0.931177
xdut.bpa                                4.3434
xdut.bnb                               2.01332
xdut.zpp                               4.37552
xdut.bna                              0.939965
xdut.ypp                               5.42729
xdut.slice0.wp                         4.45576
xdut.znm                               1.23667
xdut.zpm                               4.35766
out                                  0.0507647
xdut.ypm                               5.42723
xdut.xn                            3.04951e-10
xdut.slice1.bpa_                        4.3434
xdut.slice0.wn                        0.830856
xdut.ynm                             0.0850152
enb                                          0
xdut.slice1.wn                        0.830856
in                                        0.05
xdut.xp                                1.84264
xdut.slice0.bna_                      0.939965
xdut.ynp                             0.0843385
xdut.slice1.wp                         4.45576
ibias                                  2.01332
out_                                      2.75
v_out#branch                      -0.000539847
v_enb#branch                                 0
v_en#branch                           -5.5e-12
v_in#branch                             -5e-14
v_avdd#branch                      -0.00027555
v_avss#branch                      5.95663e-08


No. of Data Rows : 198

Total analysis time (seconds) = 423.328

Total elapsed time (seconds) = 475.431 

Total DRAM available = 7841.875 MB.
DRAM currently available =  447.684 MB.
Maximum ngspice program size = 2165.754 MB.
Current ngspice program size = 2146.434 MB.

Shared ngspice pages =   10.387 MB.
Text (code) pages =    5.461 MB.
Stack = 0 bytes.
Library pages = 2145.309 MB.

