
Note: Compatibility modes selected: hs a


Circuit: * num: 15 corner: sf vdd: 5.5 temp: -40

option SCALE: Scale is set to 1e-06 for instance and model parameters
option SCALE: Scale is set to 1e-06 for instance and model parameters
option SCALE: Scale is set to 1e-06 for instance and model parameters
option SCALE: Scale is set to 1e-06 for instance and model parameters
Warning: Model issue on line 0 :
  .model sky130_fd_pr__res_generic_m4 r tc1=    3.424000000000000e-03      ...
unrecognized parameter (tref) - ignored
Doing analysis at TEMP = -40.000000 and TNOM = 27.000000

Note: Starting dynamic gmin stepping
Trying gmin =   1.0000E-03 Note: One successful gmin step
Trying gmin =   1.0000E-04 Note: One successful gmin step
Trying gmin =   1.0000E-05 Note: One successful gmin step
Trying gmin =   1.0000E-06 Note: One successful gmin step
Trying gmin =   3.1623E-07 Note: One successful gmin step
Trying gmin =   5.6234E-08 Warning: Further gmin increment
Trying gmin =   2.0535E-07 Note: One successful gmin step
Trying gmin =   1.0746E-07 Note: One successful gmin step
Trying gmin =   4.0679E-08 Note: One successful gmin step
Trying gmin =   9.4746E-09 Warning: Further gmin increment
Trying gmin =   2.8260E-08 Note: One successful gmin step
Trying gmin =   1.6363E-08 Note: One successful gmin step
Trying gmin =   7.2096E-09 Note: One successful gmin step
Trying gmin =   3.1765E-09 Warning: Further gmin increment
Trying gmin =   5.8738E-09 Warning: Further gmin increment
Trying gmin =   6.8496E-09 Warning: Further gmin increment
Trying gmin =   7.1178E-09 Note: One successful gmin step
Trying gmin =   6.9824E-09 Note: One successful gmin step
Trying gmin =   6.7841E-09 Note: One successful gmin step
Trying gmin =   6.4971E-09 Note: One successful gmin step
Trying gmin =   6.0892E-09 Note: One successful gmin step
Trying gmin =   5.5250E-09 Note: One successful gmin step
Trying gmin =   4.7750E-09 Warning: Further gmin increment
Trying gmin =   5.3271E-09 Note: One successful gmin step
Trying gmin =   5.0435E-09 Note: One successful gmin step
Trying gmin =   4.6462E-09 Warning: Further gmin increment
Trying gmin =   4.9411E-09 Warning: Further gmin increment
Trying gmin =   5.0177E-09 Note: One successful gmin step
Trying gmin =   4.9793E-09 Warning: Further gmin increment
Trying gmin =   5.0081E-09 Note: One successful gmin step
Trying gmin =   4.9936E-09 Note: One successful gmin step
Trying gmin =   4.9721E-09 Warning: Further gmin increment
Trying gmin =   4.9882E-09 Note: One successful gmin step
Trying gmin =   4.9802E-09 Note: One successful gmin step
Trying gmin =   4.9681E-09 Note: One successful gmin step
Trying gmin =   4.9499E-09 Warning: Further gmin increment
Trying gmin =   4.9635E-09 Note: One successful gmin step
Trying gmin =   4.9567E-09 Note: One successful gmin step
Trying gmin =   4.9466E-09 Note: One successful gmin step
Trying gmin =   4.9313E-09 Note: One successful gmin step
Trying gmin =   4.9086E-09 Note: One successful gmin step
Trying gmin =   4.8747E-09 Note: One successful gmin step
Trying gmin =   4.8243E-09 Note: One successful gmin step
Trying gmin =   4.7496E-09 Note: One successful gmin step
Trying gmin =   4.6398E-09 Note: One successful gmin step
Trying gmin =   4.4798E-09 Note: One successful gmin step
Trying gmin =   4.2501E-09 Note: One successful gmin step
Trying gmin =   3.9275E-09 Note: One successful gmin step
Trying gmin =   3.4889E-09 Note: One successful gmin step
Trying gmin =   2.9210E-09 Note: One successful gmin step
Trying gmin =   2.2378E-09 Note: One successful gmin step
Trying gmin =   1.5005E-09 Note: One successful gmin step
Trying gmin =   8.2387E-10 Note: One successful gmin step
Trying gmin =   3.3520E-10 Note: One successful gmin step
Trying gmin =   8.6989E-11 Note: One successful gmin step
Trying gmin =   1.1500E-11 Note: One successful gmin step
Trying gmin =   1.1500E-12 Note: One successful gmin step
Trying gmin =   1.0000E-12 Note: One successful gmin step
Note: Dynamic gmin stepping completed

Initial Transient Solution
--------------------------

Node                                   Voltage
----                                   -------
xdut.bpb                               2.73824
xdut.slice0.bpa_                       4.20778
avdd                                       5.5
en                                         5.5
xdut.slice1.bna_                      0.898666
avss                                         0
xdut.znp                              0.889594
xdut.bpa                               4.20778
xdut.bnb                               1.91987
xdut.zpp                               4.24028
xdut.bna                              0.898666
xdut.ypp                               5.42644
xdut.slice0.wp                         4.32208
xdut.znm                               1.19782
xdut.zpm                               4.22312
out                                   0.050733
xdut.ypm                               5.42638
xdut.xn                            1.57063e-09
xdut.slice1.bpa_                       4.20778
xdut.slice0.wn                        0.789496
xdut.ynm                             0.0850152
enb                                          0
xdut.slice1.wn                        0.789496
in                                        0.05
xdut.xp                                1.95872
xdut.slice0.bna_                      0.898666
xdut.ynp                             0.0843528
xdut.slice1.wp                         4.32208
ibias                                  1.91987
out_                                      2.75
v_out#branch                      -0.000539853
v_enb#branch                                 0
v_en#branch                           -5.5e-12
v_in#branch                             -5e-14
v_avdd#branch                     -0.000269627
v_avss#branch                      5.92928e-08


No. of Data Rows : 191
ERROR: (internal)  This operation is not defined for display type PrinterOnly.
Can't open viewport for graphics.
slewp               =  1.705403e-06 targ=  1.190945e-05 trig=  1.020405e-05
slewm               =  1.852474e-06 targ=  3.342902e-05 trig=  3.157655e-05
slewrp = 1.501111e+06
slewrm = 1.381936e+06
slewr = 1.441524e+06
binary raw file "../out/sp15.raw"
Doing analysis at TEMP = -40.000000 and TNOM = 27.000000

No. of Data Columns : 14741  
Note: Starting dynamic gmin stepping
Trying gmin =   1.0000E-03 Note: One successful gmin step
Trying gmin =   1.0000E-04 Note: One successful gmin step
Trying gmin =   1.0000E-05 Note: One successful gmin step
Trying gmin =   1.0000E-06 Note: One successful gmin step
Trying gmin =   3.1623E-07 Note: One successful gmin step
Trying gmin =   5.6234E-08 Warning: Further gmin increment
Trying gmin =   2.0535E-07 Note: One successful gmin step
Trying gmin =   1.0746E-07 Note: One successful gmin step
Trying gmin =   4.0679E-08 Note: One successful gmin step
Trying gmin =   9.4746E-09 Warning: Further gmin increment
Trying gmin =   2.8260E-08 Note: One successful gmin step
Trying gmin =   1.6363E-08 Note: One successful gmin step
Trying gmin =   7.2096E-09 Note: One successful gmin step
Trying gmin =   3.1765E-09 Warning: Further gmin increment
Trying gmin =   5.8738E-09 Warning: Further gmin increment
Trying gmin =   6.8496E-09 Warning: Further gmin increment
Trying gmin =   7.1178E-09 Note: One successful gmin step
Trying gmin =   6.9824E-09 Note: One successful gmin step
Trying gmin =   6.7841E-09 Note: One successful gmin step
Trying gmin =   6.4971E-09 Note: One successful gmin step
Trying gmin =   6.0892E-09 Note: One successful gmin step
Trying gmin =   5.5250E-09 Note: One successful gmin step
Trying gmin =   4.7750E-09 Warning: Further gmin increment
Trying gmin =   5.3271E-09 Note: One successful gmin step
Trying gmin =   5.0435E-09 Note: One successful gmin step
Trying gmin =   4.6462E-09 Warning: Further gmin increment
Trying gmin =   4.9411E-09 Warning: Further gmin increment
Trying gmin =   5.0177E-09 Note: One successful gmin step
Trying gmin =   4.9793E-09 Warning: Further gmin increment
Trying gmin =   5.0081E-09 Note: One successful gmin step
Trying gmin =   4.9936E-09 Note: One successful gmin step
Trying gmin =   4.9721E-09 Warning: Further gmin increment
Trying gmin =   4.9882E-09 Note: One successful gmin step
Trying gmin =   4.9802E-09 Note: One successful gmin step
Trying gmin =   4.9681E-09 Note: One successful gmin step
Trying gmin =   4.9499E-09 Warning: Further gmin increment
Trying gmin =   4.9635E-09 Note: One successful gmin step
Trying gmin =   4.9567E-09 Note: One successful gmin step
Trying gmin =   4.9466E-09 Note: One successful gmin step
Trying gmin =   4.9313E-09 Note: One successful gmin step
Trying gmin =   4.9086E-09 Note: One successful gmin step
Trying gmin =   4.8747E-09 Note: One successful gmin step
Trying gmin =   4.8243E-09 Note: One successful gmin step
Trying gmin =   4.7496E-09 Note: One successful gmin step
Trying gmin =   4.6398E-09 Note: One successful gmin step
Trying gmin =   4.4798E-09 Note: One successful gmin step
Trying gmin =   4.2501E-09 Note: One successful gmin step
Trying gmin =   3.9275E-09 Note: One successful gmin step
Trying gmin =   3.4889E-09 Note: One successful gmin step
Trying gmin =   2.9210E-09 Note: One successful gmin step
Trying gmin =   2.2378E-09 Note: One successful gmin step
Trying gmin =   1.5005E-09 Note: One successful gmin step
Trying gmin =   8.2387E-10 Note: One successful gmin step
Trying gmin =   3.3520E-10 Note: One successful gmin step
Trying gmin =   8.6989E-11 Note: One successful gmin step
Trying gmin =   1.1500E-11 Note: One successful gmin step
Trying gmin =   1.1500E-12 Note: One successful gmin step
Trying gmin =   1.0000E-12 Note: One successful gmin step
Note: Dynamic gmin stepping completed

Initial Transient Solution
--------------------------

Node                                   Voltage
----                                   -------
xdut.bpb                               2.73824
xdut.slice0.bpa_                       4.20778
avdd                                       5.5
en                                         5.5
xdut.slice1.bna_                      0.898666
avss                                         0
xdut.znp                              0.889594
xdut.bpa                               4.20778
xdut.bnb                               1.91987
xdut.zpp                               4.24028
xdut.bna                              0.898666
xdut.ypp                               5.42644
xdut.slice0.wp                         4.32208
xdut.znm                               1.19782
xdut.zpm                               4.22312
out                                   0.050733
xdut.ypm                               5.42638
xdut.xn                            1.57063e-09
xdut.slice1.bpa_                       4.20778
xdut.slice0.wn                        0.789496
xdut.ynm                             0.0850152
enb                                          0
xdut.slice1.wn                        0.789496
in                                        0.05
xdut.xp                                1.95872
xdut.slice0.bna_                      0.898666
xdut.ynp                             0.0843528
xdut.slice1.wp                         4.32208
ibias                                  1.91987
out_                                      2.75
v_out#branch                      -0.000539853
v_enb#branch                                 0
v_en#branch                           -5.5e-12
v_in#branch                             -5e-14
v_avdd#branch                     -0.000269627
v_avss#branch                      5.92928e-08


No. of Data Rows : 191

Total analysis time (seconds) = 440.821

Total elapsed time (seconds) = 491.806 

Total DRAM available = 7841.875 MB.
DRAM currently available =  424.586 MB.
Maximum ngspice program size = 2165.773 MB.
Current ngspice program size = 2146.336 MB.

Shared ngspice pages =   10.324 MB.
Text (code) pages =    5.461 MB.
Stack = 0 bytes.
Library pages = 2145.328 MB.

