
Note: Compatibility modes selected: hs a


Circuit: * num: 16 corner: fs vdd: 5.5 temp: -40

option SCALE: Scale is set to 1e-06 for instance and model parameters
option SCALE: Scale is set to 1e-06 for instance and model parameters
option SCALE: Scale is set to 1e-06 for instance and model parameters
option SCALE: Scale is set to 1e-06 for instance and model parameters
Warning: Model issue on line 0 :
  .model sky130_fd_pr__res_generic_m4 r tc1=    3.424000000000000e-03      ...
unrecognized parameter (tref) - ignored
Doing analysis at TEMP = -40.000000 and TNOM = 27.000000

Note: Starting dynamic gmin stepping
Trying gmin =   1.0000E-03 Note: One successful gmin step
Trying gmin =   1.0000E-04 Note: One successful gmin step
Trying gmin =   1.0000E-05 Note: One successful gmin step
Trying gmin =   1.0000E-06 Warning: Further gmin increment
Trying gmin =   5.6234E-06 Note: One successful gmin step
Trying gmin =   3.1623E-06 Note: One successful gmin step
Trying gmin =   1.7783E-06 Note: One successful gmin step
Trying gmin =   7.4989E-07 Note: One successful gmin step
Trying gmin =   2.0535E-07 Note: One successful gmin step
Trying gmin =   2.9427E-08 Warning: Further gmin increment
Trying gmin =   1.2635E-07 Note: One successful gmin step
Trying gmin =   6.0976E-08 Note: One successful gmin step
Trying gmin =   2.0443E-08 Note: One successful gmin step
Trying gmin =   3.9686E-09 Warning: Further gmin increment
Trying gmin =   1.3570E-08 Note: One successful gmin step
Trying gmin =   7.3384E-09 Note: One successful gmin step
Trying gmin =   2.9184E-09 Warning: Further gmin increment
Trying gmin =   5.8276E-09 Warning: Further gmin increment
Trying gmin =   6.9274E-09 Note: One successful gmin step
Trying gmin =   6.3537E-09 Warning: Further gmin increment
Trying gmin =   6.7793E-09 Note: One successful gmin step
Trying gmin =   6.5631E-09 Note: One successful gmin step
Trying gmin =   6.2516E-09 Note: One successful gmin step
Trying gmin =   5.9549E-09 Note: One successful gmin step
Trying gmin =   5.5360E-09 Note: One successful gmin step
Trying gmin =   4.9623E-09 Note: One successful gmin step
Trying gmin =   4.2112E-09 Warning: Further gmin increment
Trying gmin =   4.7628E-09 Note: One successful gmin step
Trying gmin =   4.4786E-09 Warning: Further gmin increment
Trying gmin =   4.6901E-09 Note: One successful gmin step
Trying gmin =   4.5831E-09 Note: One successful gmin step
Trying gmin =   4.4272E-09 Warning: Further gmin increment
Trying gmin =   4.5436E-09 Note: One successful gmin step
Trying gmin =   4.4850E-09 Note: One successful gmin step
Trying gmin =   4.3985E-09 Warning: Further gmin increment
Trying gmin =   4.4632E-09 Warning: Further gmin increment
Trying gmin =   4.4796E-09 Note: One successful gmin step
Trying gmin =   4.4714E-09 Note: One successful gmin step
Trying gmin =   4.4632E-09 Note: One successful gmin step
Trying gmin =   4.4510E-09 Note: One successful gmin step
Trying gmin =   4.4328E-09 Note: One successful gmin step
Trying gmin =   4.4056E-09 Note: One successful gmin step
Trying gmin =   4.3650E-09 Note: One successful gmin step
Trying gmin =   4.3049E-09 Note: One successful gmin step
Trying gmin =   4.2163E-09 Note: One successful gmin step
Trying gmin =   4.0869E-09 Note: One successful gmin step
Trying gmin =   3.9001E-09 Note: One successful gmin step
Trying gmin =   3.6358E-09 Note: One successful gmin step
Trying gmin =   3.2725E-09 Note: One successful gmin step
Trying gmin =   2.7945E-09 Note: One successful gmin step
Trying gmin =   2.2052E-09 Note: One successful gmin step
Trying gmin =   1.5458E-09 Note: One successful gmin step
Trying gmin =   9.0720E-10 Note: One successful gmin step
Trying gmin =   4.0788E-10 Note: One successful gmin step
Trying gmin =   1.2297E-10 Note: One successful gmin step
Trying gmin =   2.0355E-11 Note: One successful gmin step
Trying gmin =   2.0355E-12 Note: One successful gmin step
Trying gmin =   1.0000E-12 Note: One successful gmin step
Note: Dynamic gmin stepping completed

Initial Transient Solution
--------------------------

Node                                   Voltage
----                                   -------
xdut.bpb                               3.13579
xdut.slice0.bpa_                       4.38723
avdd                                       5.5
en                                         5.5
xdut.slice1.bna_                       1.05086
avss                                         0
xdut.znp                               1.04201
xdut.bpa                               4.38723
xdut.bnb                               2.26385
xdut.zpp                               4.41951
xdut.bna                               1.05086
xdut.ypp                               5.42753
xdut.slice0.wp                         4.49951
xdut.znm                               1.35326
xdut.zpm                               4.40167
out                                  0.0507334
xdut.ypm                               5.42747
xdut.xn                            2.45185e-12
xdut.slice1.bpa_                       4.38723
xdut.slice0.wn                        0.941162
xdut.ynm                             0.0852912
enb                                          0
xdut.slice1.wn                        0.941162
in                                        0.05
xdut.xp                                1.80533
xdut.slice0.bna_                       1.05086
xdut.ynp                             0.0846601
xdut.slice1.wp                         4.49951
ibias                                  2.26385
out_                                      2.75
v_out#branch                      -0.000539853
v_enb#branch                                 0
v_en#branch                           -5.5e-12
v_in#branch                             -5e-14
v_avdd#branch                     -0.000273619
v_avss#branch                      5.98584e-08


No. of Data Rows : 198
ERROR: (internal)  This operation is not defined for display type PrinterOnly.
Can't open viewport for graphics.
slewp               =  1.700304e-06 targ=  1.189729e-05 trig=  1.019699e-05
slewm               =  1.937414e-06 targ=  3.351333e-05 trig=  3.157591e-05
slewrp = 1.505613e+06
slewrm = 1.321349e+06
slewr = 1.413481e+06
binary raw file "../out/sp16.raw"
Doing analysis at TEMP = -40.000000 and TNOM = 27.000000

No. of Data Columns : 14741  
Note: Starting dynamic gmin stepping
Trying gmin =   1.0000E-03 Note: One successful gmin step
Trying gmin =   1.0000E-04 Note: One successful gmin step
Trying gmin =   1.0000E-05 Note: One successful gmin step
Trying gmin =   1.0000E-06 Warning: Further gmin increment
Trying gmin =   5.6234E-06 Note: One successful gmin step
Trying gmin =   3.1623E-06 Note: One successful gmin step
Trying gmin =   1.7783E-06 Note: One successful gmin step
Trying gmin =   7.4989E-07 Note: One successful gmin step
Trying gmin =   2.0535E-07 Note: One successful gmin step
Trying gmin =   2.9427E-08 Warning: Further gmin increment
Trying gmin =   1.2635E-07 Note: One successful gmin step
Trying gmin =   6.0976E-08 Note: One successful gmin step
Trying gmin =   2.0443E-08 Note: One successful gmin step
Trying gmin =   3.9686E-09 Warning: Further gmin increment
Trying gmin =   1.3570E-08 Note: One successful gmin step
Trying gmin =   7.3384E-09 Note: One successful gmin step
Trying gmin =   2.9184E-09 Warning: Further gmin increment
Trying gmin =   5.8276E-09 Warning: Further gmin increment
Trying gmin =   6.9274E-09 Note: One successful gmin step
Trying gmin =   6.3537E-09 Warning: Further gmin increment
Trying gmin =   6.7793E-09 Note: One successful gmin step
Trying gmin =   6.5631E-09 Note: One successful gmin step
Trying gmin =   6.2516E-09 Note: One successful gmin step
Trying gmin =   5.9549E-09 Note: One successful gmin step
Trying gmin =   5.5360E-09 Note: One successful gmin step
Trying gmin =   4.9623E-09 Note: One successful gmin step
Trying gmin =   4.2112E-09 Warning: Further gmin increment
Trying gmin =   4.7628E-09 Note: One successful gmin step
Trying gmin =   4.4786E-09 Warning: Further gmin increment
Trying gmin =   4.6901E-09 Note: One successful gmin step
Trying gmin =   4.5831E-09 Note: One successful gmin step
Trying gmin =   4.4272E-09 Warning: Further gmin increment
Trying gmin =   4.5436E-09 Note: One successful gmin step
Trying gmin =   4.4850E-09 Note: One successful gmin step
Trying gmin =   4.3985E-09 Warning: Further gmin increment
Trying gmin =   4.4632E-09 Warning: Further gmin increment
Trying gmin =   4.4796E-09 Note: One successful gmin step
Trying gmin =   4.4714E-09 Note: One successful gmin step
Trying gmin =   4.4632E-09 Note: One successful gmin step
Trying gmin =   4.4510E-09 Note: One successful gmin step
Trying gmin =   4.4328E-09 Note: One successful gmin step
Trying gmin =   4.4056E-09 Note: One successful gmin step
Trying gmin =   4.3650E-09 Note: One successful gmin step
Trying gmin =   4.3049E-09 Note: One successful gmin step
Trying gmin =   4.2163E-09 Note: One successful gmin step
Trying gmin =   4.0869E-09 Note: One successful gmin step
Trying gmin =   3.9001E-09 Note: One successful gmin step
Trying gmin =   3.6358E-09 Note: One successful gmin step
Trying gmin =   3.2725E-09 Note: One successful gmin step
Trying gmin =   2.7945E-09 Note: One successful gmin step
Trying gmin =   2.2052E-09 Note: One successful gmin step
Trying gmin =   1.5458E-09 Note: One successful gmin step
Trying gmin =   9.0720E-10 Note: One successful gmin step
Trying gmin =   4.0788E-10 Note: One successful gmin step
Trying gmin =   1.2297E-10 Note: One successful gmin step
Trying gmin =   2.0355E-11 Note: One successful gmin step
Trying gmin =   2.0355E-12 Note: One successful gmin step
Trying gmin =   1.0000E-12 Note: One successful gmin step
Note: Dynamic gmin stepping completed

Initial Transient Solution
--------------------------

Node                                   Voltage
----                                   -------
xdut.bpb                               3.13579
xdut.slice0.bpa_                       4.38723
avdd                                       5.5
en                                         5.5
xdut.slice1.bna_                       1.05086
avss                                         0
xdut.znp                               1.04201
xdut.bpa                               4.38723
xdut.bnb                               2.26385
xdut.zpp                               4.41951
xdut.bna                               1.05086
xdut.ypp                               5.42753
xdut.slice0.wp                         4.49951
xdut.znm                               1.35326
xdut.zpm                               4.40167
out                                  0.0507334
xdut.ypm                               5.42747
xdut.xn                            2.45185e-12
xdut.slice1.bpa_                       4.38723
xdut.slice0.wn                        0.941162
xdut.ynm                             0.0852912
enb                                          0
xdut.slice1.wn                        0.941162
in                                        0.05
xdut.xp                                1.80533
xdut.slice0.bna_                       1.05086
xdut.ynp                             0.0846601
xdut.slice1.wp                         4.49951
ibias                                  2.26385
out_                                      2.75
v_out#branch                      -0.000539853
v_enb#branch                                 0
v_en#branch                           -5.5e-12
v_in#branch                             -5e-14
v_avdd#branch                     -0.000273619
v_avss#branch                      5.98584e-08


No. of Data Rows : 198

Total analysis time (seconds) = 443.874

Total elapsed time (seconds) = 497.064 

Total DRAM available = 7841.875 MB.
DRAM currently available =  399.012 MB.
Maximum ngspice program size = 2165.781 MB.
Current ngspice program size = 2146.352 MB.

Shared ngspice pages =   10.332 MB.
Text (code) pages =    5.461 MB.
Stack = 0 bytes.
Library pages = 2145.336 MB.

