
Note: Compatibility modes selected: hs a


Circuit: * num: 17 corner: ll vdd: 5.5 temp: -40

option SCALE: Scale is set to 1e-06 for instance and model parameters
option SCALE: Scale is set to 1e-06 for instance and model parameters
option SCALE: Scale is set to 1e-06 for instance and model parameters
option SCALE: Scale is set to 1e-06 for instance and model parameters
Warning: Model issue on line 0 :
  .model sky130_fd_pr__res_generic_m4 r tc1=    3.424000000000000e-03      ...
unrecognized parameter (tref) - ignored
Doing analysis at TEMP = -40.000000 and TNOM = 27.000000

Note: Starting dynamic gmin stepping
Trying gmin =   1.0000E-03 Note: One successful gmin step
Trying gmin =   1.0000E-04 Note: One successful gmin step
Trying gmin =   1.0000E-05 Note: One successful gmin step
Trying gmin =   1.0000E-06 Warning: Further gmin increment
Trying gmin =   5.6234E-06 Note: One successful gmin step
Trying gmin =   3.1623E-06 Note: One successful gmin step
Trying gmin =   1.7783E-06 Note: One successful gmin step
Trying gmin =   7.4989E-07 Note: One successful gmin step
Trying gmin =   2.0535E-07 Note: One successful gmin step
Trying gmin =   2.9427E-08 Warning: Further gmin increment
Trying gmin =   1.2635E-07 Note: One successful gmin step
Trying gmin =   6.0976E-08 Note: One successful gmin step
Trying gmin =   2.0443E-08 Note: One successful gmin step
Trying gmin =   3.9686E-09 Warning: Further gmin increment
Trying gmin =   1.3570E-08 Note: One successful gmin step
Trying gmin =   7.3384E-09 Note: One successful gmin step
Trying gmin =   2.9184E-09 Warning: Further gmin increment
Trying gmin =   5.8276E-09 Warning: Further gmin increment
Trying gmin =   6.9274E-09 Note: One successful gmin step
Trying gmin =   6.3537E-09 Warning: Further gmin increment
Trying gmin =   6.7793E-09 Note: One successful gmin step
Trying gmin =   6.5631E-09 Note: One successful gmin step
Trying gmin =   6.2516E-09 Note: One successful gmin step
Trying gmin =   5.8119E-09 Note: One successful gmin step
Trying gmin =   5.2095E-09 Note: One successful gmin step
Trying gmin =   4.4211E-09 Warning: Further gmin increment
Trying gmin =   5.0001E-09 Note: One successful gmin step
Trying gmin =   4.7017E-09 Warning: Further gmin increment
Trying gmin =   4.9238E-09 Note: One successful gmin step
Trying gmin =   4.8115E-09 Note: One successful gmin step
Trying gmin =   4.6478E-09 Warning: Further gmin increment
Trying gmin =   4.7700E-09 Note: One successful gmin step
Trying gmin =   4.7085E-09 Warning: Further gmin increment
Trying gmin =   4.7546E-09 Note: One successful gmin step
Trying gmin =   4.7315E-09 Note: One successful gmin step
Trying gmin =   4.6970E-09 Warning: Further gmin increment
Trying gmin =   4.7228E-09 Note: One successful gmin step
Trying gmin =   4.7099E-09 Note: One successful gmin step
Trying gmin =   4.6906E-09 Warning: Further gmin increment
Trying gmin =   4.7051E-09 Note: One successful gmin step
Trying gmin =   4.6978E-09 Note: One successful gmin step
Trying gmin =   4.6870E-09 Note: One successful gmin step
Trying gmin =   4.6708E-09 Note: One successful gmin step
Trying gmin =   4.6466E-09 Note: One successful gmin step
Trying gmin =   4.6105E-09 Note: One successful gmin step
Trying gmin =   4.5569E-09 Note: One successful gmin step
Trying gmin =   4.4776E-09 Note: One successful gmin step
Trying gmin =   4.3613E-09 Note: One successful gmin step
Trying gmin =   4.1925E-09 Note: One successful gmin step
Trying gmin =   3.9515E-09 Note: One successful gmin step
Trying gmin =   3.6156E-09 Note: One successful gmin step
Trying gmin =   3.1646E-09 Note: One successful gmin step
Trying gmin =   2.5914E-09 Note: One successful gmin step
Trying gmin =   1.9202E-09 Note: One successful gmin step
Trying gmin =   1.2248E-09 Note: One successful gmin step
Trying gmin =   6.2395E-10 Note: One successful gmin step
Trying gmin =   2.2687E-10 Note: One successful gmin step
Trying gmin =   4.9739E-11 Note: One successful gmin step
Trying gmin =   5.1062E-12 Note: One successful gmin step
Trying gmin =   1.0000E-12 Note: One successful gmin step
Note: Dynamic gmin stepping completed

Initial Transient Solution
--------------------------

Node                                   Voltage
----                                   -------
xdut.bpb                               2.93684
xdut.slice0.bpa_                       4.29752
avdd                                       5.5
en                                         5.5
xdut.slice1.bna_                      0.974729
avss                                         0
xdut.znp                              0.965765
xdut.bpa                               4.29752
xdut.bnb                               2.09203
xdut.zpp                                4.3299
xdut.bna                              0.974729
xdut.ypp                               5.42698
xdut.slice0.wp                         4.41081
xdut.znm                                1.2754
xdut.zpm                               4.31242
out                                  0.0507224
xdut.ypm                               5.42692
xdut.xn                            7.15232e-11
xdut.slice1.bpa_                       4.29752
xdut.slice0.wn                        0.865297
xdut.ynm                             0.0851439
enb                                          0
xdut.slice1.wn                        0.865297
in                                        0.05
xdut.xp                                1.88205
xdut.slice0.bna_                      0.974729
xdut.ynp                              0.084503
xdut.slice1.wp                         4.41081
ibias                                  2.09203
out_                                      2.75
v_out#branch                      -0.000539856
v_enb#branch                                 0
v_en#branch                           -5.5e-12
v_in#branch                             -5e-14
v_avdd#branch                     -0.000271518
v_avss#branch                      5.95816e-08


No. of Data Rows : 200
ERROR: (internal)  This operation is not defined for display type PrinterOnly.
Can't open viewport for graphics.
slewp               =  1.529656e-06 targ=  1.170974e-05 trig=  1.018008e-05
slewm               =  1.694070e-06 targ=  3.310041e-05 trig=  3.140634e-05
slewrp = 1.673579e+06
slewrm = 1.511154e+06
slewr = 1.592366e+06
binary raw file "../out/sp17.raw"
Doing analysis at TEMP = -40.000000 and TNOM = 27.000000

No. of Data Columns : 14741  
Note: Starting dynamic gmin stepping
Trying gmin =   1.0000E-03 Note: One successful gmin step
Trying gmin =   1.0000E-04 Note: One successful gmin step
Trying gmin =   1.0000E-05 Note: One successful gmin step
Trying gmin =   1.0000E-06 Warning: Further gmin increment
Trying gmin =   5.6234E-06 Note: One successful gmin step
Trying gmin =   3.1623E-06 Note: One successful gmin step
Trying gmin =   1.7783E-06 Note: One successful gmin step
Trying gmin =   7.4989E-07 Note: One successful gmin step
Trying gmin =   2.0535E-07 Note: One successful gmin step
Trying gmin =   2.9427E-08 Warning: Further gmin increment
Trying gmin =   1.2635E-07 Note: One successful gmin step
Trying gmin =   6.0976E-08 Note: One successful gmin step
Trying gmin =   2.0443E-08 Note: One successful gmin step
Trying gmin =   3.9686E-09 Warning: Further gmin increment
Trying gmin =   1.3570E-08 Note: One successful gmin step
Trying gmin =   7.3384E-09 Note: One successful gmin step
Trying gmin =   2.9184E-09 Warning: Further gmin increment
Trying gmin =   5.8276E-09 Warning: Further gmin increment
Trying gmin =   6.9274E-09 Note: One successful gmin step
Trying gmin =   6.3537E-09 Warning: Further gmin increment
Trying gmin =   6.7793E-09 Note: One successful gmin step
Trying gmin =   6.5631E-09 Note: One successful gmin step
Trying gmin =   6.2516E-09 Note: One successful gmin step
Trying gmin =   5.8119E-09 Note: One successful gmin step
Trying gmin =   5.2095E-09 Note: One successful gmin step
Trying gmin =   4.4211E-09 Warning: Further gmin increment
Trying gmin =   5.0001E-09 Note: One successful gmin step
Trying gmin =   4.7017E-09 Warning: Further gmin increment
Trying gmin =   4.9238E-09 Note: One successful gmin step
Trying gmin =   4.8115E-09 Note: One successful gmin step
Trying gmin =   4.6478E-09 Warning: Further gmin increment
Trying gmin =   4.7700E-09 Note: One successful gmin step
Trying gmin =   4.7085E-09 Warning: Further gmin increment
Trying gmin =   4.7546E-09 Note: One successful gmin step
Trying gmin =   4.7315E-09 Note: One successful gmin step
Trying gmin =   4.6970E-09 Warning: Further gmin increment
Trying gmin =   4.7228E-09 Note: One successful gmin step
Trying gmin =   4.7099E-09 Note: One successful gmin step
Trying gmin =   4.6906E-09 Warning: Further gmin increment
Trying gmin =   4.7051E-09 Note: One successful gmin step
Trying gmin =   4.6978E-09 Note: One successful gmin step
Trying gmin =   4.6870E-09 Note: One successful gmin step
Trying gmin =   4.6708E-09 Note: One successful gmin step
Trying gmin =   4.6466E-09 Note: One successful gmin step
Trying gmin =   4.6105E-09 Note: One successful gmin step
Trying gmin =   4.5569E-09 Note: One successful gmin step
Trying gmin =   4.4776E-09 Note: One successful gmin step
Trying gmin =   4.3613E-09 Note: One successful gmin step
Trying gmin =   4.1925E-09 Note: One successful gmin step
Trying gmin =   3.9515E-09 Note: One successful gmin step
Trying gmin =   3.6156E-09 Note: One successful gmin step
Trying gmin =   3.1646E-09 Note: One successful gmin step
Trying gmin =   2.5914E-09 Note: One successful gmin step
Trying gmin =   1.9202E-09 Note: One successful gmin step
Trying gmin =   1.2248E-09 Note: One successful gmin step
Trying gmin =   6.2395E-10 Note: One successful gmin step
Trying gmin =   2.2687E-10 Note: One successful gmin step
Trying gmin =   4.9739E-11 Note: One successful gmin step
Trying gmin =   5.1062E-12 Note: One successful gmin step
Trying gmin =   1.0000E-12 Note: One successful gmin step
Note: Dynamic gmin stepping completed

Initial Transient Solution
--------------------------

Node                                   Voltage
----                                   -------
xdut.bpb                               2.93684
xdut.slice0.bpa_                       4.29752
avdd                                       5.5
en                                         5.5
xdut.slice1.bna_                      0.974729
avss                                         0
xdut.znp                              0.965765
xdut.bpa                               4.29752
xdut.bnb                               2.09203
xdut.zpp                                4.3299
xdut.bna                              0.974729
xdut.ypp                               5.42698
xdut.slice0.wp                         4.41081
xdut.znm                                1.2754
xdut.zpm                               4.31242
out                                  0.0507224
xdut.ypm                               5.42692
xdut.xn                            7.15232e-11
xdut.slice1.bpa_                       4.29752
xdut.slice0.wn                        0.865297
xdut.ynm                             0.0851439
enb                                          0
xdut.slice1.wn                        0.865297
in                                        0.05
xdut.xp                                1.88205
xdut.slice0.bna_                      0.974729
xdut.ynp                              0.084503
xdut.slice1.wp                         4.41081
ibias                                  2.09203
out_                                      2.75
v_out#branch                      -0.000539856
v_enb#branch                                 0
v_en#branch                           -5.5e-12
v_in#branch                             -5e-14
v_avdd#branch                     -0.000271518
v_avss#branch                      5.95816e-08


No. of Data Rows : 200

Total analysis time (seconds) = 446.222

Total elapsed time (seconds) = 497.483 

Total DRAM available = 7841.875 MB.
DRAM currently available =  339.918 MB.
Maximum ngspice program size = 2165.770 MB.
Current ngspice program size = 2146.238 MB.

Shared ngspice pages =   10.227 MB.
Text (code) pages =    5.461 MB.
Stack = 0 bytes.
Library pages = 2145.324 MB.

