
Note: Compatibility modes selected: hs a


Circuit: * num: 2 corner: ff vdd: 3.0 temp: -40

option SCALE: Scale is set to 1e-06 for instance and model parameters
option SCALE: Scale is set to 1e-06 for instance and model parameters
option SCALE: Scale is set to 1e-06 for instance and model parameters
option SCALE: Scale is set to 1e-06 for instance and model parameters
Warning: Model issue on line 0 :
  .model sky130_fd_pr__res_generic_m4 r tc1=    3.424000000000000e-03      ...
unrecognized parameter (tref) - ignored
Doing analysis at TEMP = -40.000000 and TNOM = 27.000000

Note: Starting dynamic gmin stepping
Trying gmin =   1.0000E-03 Note: One successful gmin step
Trying gmin =   1.0000E-04 Note: One successful gmin step
Trying gmin =   1.0000E-05 Note: One successful gmin step
Trying gmin =   1.0000E-06 Note: One successful gmin step
Trying gmin =   3.1623E-07 Note: One successful gmin step
Trying gmin =   5.6234E-08 Note: One successful gmin step
Trying gmin =   5.6234E-09 Warning: Further gmin increment
Trying gmin =   3.1623E-08 Note: One successful gmin step
Trying gmin =   1.3335E-08 Note: One successful gmin step
Trying gmin =   3.6517E-09 Warning: Further gmin increment
Trying gmin =   9.6466E-09 Note: One successful gmin step
Trying gmin =   5.9352E-09 Warning: Further gmin increment
Trying gmin =   8.5436E-09 Note: One successful gmin step
Trying gmin =   7.1210E-09 Warning: Further gmin increment
Trying gmin =   8.1633E-09 Note: One successful gmin step
Trying gmin =   7.6243E-09 Note: One successful gmin step
Trying gmin =   6.8819E-09 Note: One successful gmin step
Trying gmin =   5.9015E-09 Warning: Further gmin increment
Trying gmin =   6.6225E-09 Note: One successful gmin step
Trying gmin =   6.2516E-09 Warning: Further gmin increment
Trying gmin =   6.5278E-09 Note: One successful gmin step
Trying gmin =   6.3882E-09 Warning: Further gmin increment
Trying gmin =   6.4926E-09 Note: One successful gmin step
Trying gmin =   6.4402E-09 Warning: Further gmin increment
Trying gmin =   6.4795E-09 Note: One successful gmin step
Trying gmin =   6.4663E-09 Note: One successful gmin step
Trying gmin =   6.4467E-09 Note: One successful gmin step
Trying gmin =   6.4174E-09 Note: One successful gmin step
Trying gmin =   6.3737E-09 Note: One successful gmin step
Trying gmin =   6.3086E-09 Note: One successful gmin step
Trying gmin =   6.2123E-09 Note: One successful gmin step
Trying gmin =   6.0706E-09 Note: One successful gmin step
Trying gmin =   5.8640E-09 Note: One successful gmin step
Trying gmin =   5.5673E-09 Note: One successful gmin step
Trying gmin =   5.1501E-09 Note: One successful gmin step
Trying gmin =   4.5823E-09 Note: One successful gmin step
Trying gmin =   3.8457E-09 Note: One successful gmin step
Trying gmin =   2.9567E-09 Note: One successful gmin step
Trying gmin =   1.9933E-09 Note: One successful gmin step
Trying gmin =   1.1033E-09 Note: One successful gmin step
Trying gmin =   4.5435E-10 Note: One successful gmin step
Trying gmin =   1.2007E-10 Note: One successful gmin step
Trying gmin =   1.6312E-11 Note: One successful gmin step
Trying gmin =   1.6312E-12 Note: One successful gmin step
Trying gmin =   1.0000E-12 Note: One successful gmin step
Note: Dynamic gmin stepping completed

Initial Transient Solution
--------------------------

Node                                   Voltage
----                                   -------
xdut.bpb                              0.540577
xdut.slice0.bpa_                       1.84466
avdd                                         3
en                                           3
xdut.slice1.bna_                      0.939965
avss                                         0
xdut.znp                              0.929696
xdut.bpa                               1.84466
xdut.bnb                               2.01332
xdut.zpp                               1.87574
xdut.bna                              0.939965
xdut.ypp                               2.92735
xdut.slice0.wp                         1.95955
xdut.znm                               1.10348
xdut.zpm                               1.86728
out                                   0.049475
xdut.ypm                               2.92732
xdut.xn                            2.65222e-10
xdut.slice1.bpa_                       1.84466
xdut.slice0.wn                         0.82995
xdut.ynm                             0.0838887
enb                                          0
xdut.slice1.wn                         0.82995
in                                        0.05
xdut.xp                                1.46219
xdut.slice0.bna_                      0.939965
xdut.ynp                             0.0838645
xdut.slice1.wp                         1.95955
ibias                                  2.01332
out_                                       1.5
v_out#branch                      -0.000290105
v_enb#branch                                 0
v_en#branch                             -3e-12
v_in#branch                             -5e-14
v_avdd#branch                     -0.000215948
v_avss#branch                      3.24896e-08


No. of Data Rows : 183
ERROR: (internal)  This operation is not defined for display type PrinterOnly.
Can't open viewport for graphics.
slewp               =  2.446060e-06 targ=  1.270170e-05 trig=  1.025564e-05
slewm               =  1.930760e-06 targ=  3.198210e-05 trig=  3.005134e-05
slewrp = 1.046581e+06
slewrm = 1.325903e+06
slewr = 1.186242e+06
binary raw file "../out/sp2.raw"
Doing analysis at TEMP = -40.000000 and TNOM = 27.000000

No. of Data Columns : 14741  
Note: Starting dynamic gmin stepping
Trying gmin =   1.0000E-03 Note: One successful gmin step
Trying gmin =   1.0000E-04 Note: One successful gmin step
Trying gmin =   1.0000E-05 Note: One successful gmin step
Trying gmin =   1.0000E-06 Note: One successful gmin step
Trying gmin =   3.1623E-07 Note: One successful gmin step
Trying gmin =   5.6234E-08 Note: One successful gmin step
Trying gmin =   5.6234E-09 Warning: Further gmin increment
Trying gmin =   3.1623E-08 Note: One successful gmin step
Trying gmin =   1.3335E-08 Note: One successful gmin step
Trying gmin =   3.6517E-09 Warning: Further gmin increment
Trying gmin =   9.6466E-09 Note: One successful gmin step
Trying gmin =   5.9352E-09 Warning: Further gmin increment
Trying gmin =   8.5436E-09 Note: One successful gmin step
Trying gmin =   7.1210E-09 Warning: Further gmin increment
Trying gmin =   8.1633E-09 Note: One successful gmin step
Trying gmin =   7.6243E-09 Note: One successful gmin step
Trying gmin =   6.8819E-09 Note: One successful gmin step
Trying gmin =   5.9015E-09 Warning: Further gmin increment
Trying gmin =   6.6225E-09 Note: One successful gmin step
Trying gmin =   6.2516E-09 Warning: Further gmin increment
Trying gmin =   6.5278E-09 Note: One successful gmin step
Trying gmin =   6.3882E-09 Warning: Further gmin increment
Trying gmin =   6.4926E-09 Note: One successful gmin step
Trying gmin =   6.4402E-09 Warning: Further gmin increment
Trying gmin =   6.4795E-09 Note: One successful gmin step
Trying gmin =   6.4663E-09 Note: One successful gmin step
Trying gmin =   6.4467E-09 Note: One successful gmin step
Trying gmin =   6.4174E-09 Note: One successful gmin step
Trying gmin =   6.3737E-09 Note: One successful gmin step
Trying gmin =   6.3086E-09 Note: One successful gmin step
Trying gmin =   6.2123E-09 Note: One successful gmin step
Trying gmin =   6.0706E-09 Note: One successful gmin step
Trying gmin =   5.8640E-09 Note: One successful gmin step
Trying gmin =   5.5673E-09 Note: One successful gmin step
Trying gmin =   5.1501E-09 Note: One successful gmin step
Trying gmin =   4.5823E-09 Note: One successful gmin step
Trying gmin =   3.8457E-09 Note: One successful gmin step
Trying gmin =   2.9567E-09 Note: One successful gmin step
Trying gmin =   1.9933E-09 Note: One successful gmin step
Trying gmin =   1.1033E-09 Note: One successful gmin step
Trying gmin =   4.5435E-10 Note: One successful gmin step
Trying gmin =   1.2007E-10 Note: One successful gmin step
Trying gmin =   1.6312E-11 Note: One successful gmin step
Trying gmin =   1.6312E-12 Note: One successful gmin step
Trying gmin =   1.0000E-12 Note: One successful gmin step
Note: Dynamic gmin stepping completed

Initial Transient Solution
--------------------------

Node                                   Voltage
----                                   -------
xdut.bpb                              0.540577
xdut.slice0.bpa_                       1.84466
avdd                                         3
en                                           3
xdut.slice1.bna_                      0.939965
avss                                         0
xdut.znp                              0.929696
xdut.bpa                               1.84466
xdut.bnb                               2.01332
xdut.zpp                               1.87574
xdut.bna                              0.939965
xdut.ypp                               2.92735
xdut.slice0.wp                         1.95955
xdut.znm                               1.10348
xdut.zpm                               1.86728
out                                   0.049475
xdut.ypm                               2.92732
xdut.xn                            2.65222e-10
xdut.slice1.bpa_                       1.84466
xdut.slice0.wn                         0.82995
xdut.ynm                             0.0838887
enb                                          0
xdut.slice1.wn                         0.82995
in                                        0.05
xdut.xp                                1.46219
xdut.slice0.bna_                      0.939965
xdut.ynp                             0.0838645
xdut.slice1.wp                         1.95955
ibias                                  2.01332
out_                                       1.5
v_out#branch                      -0.000290105
v_enb#branch                                 0
v_en#branch                             -3e-12
v_in#branch                             -5e-14
v_avdd#branch                     -0.000215948
v_avss#branch                      3.24896e-08


No. of Data Rows : 183

Total analysis time (seconds) = 475.284

Total elapsed time (seconds) = 546.585 

Total DRAM available = 7841.875 MB.
DRAM currently available =  439.242 MB.
Maximum ngspice program size = 2165.754 MB.
Current ngspice program size = 2145.512 MB.

Shared ngspice pages =    9.469 MB.
Text (code) pages =    5.461 MB.
Stack = 0 bytes.
Library pages = 2145.309 MB.

