
Note: Compatibility modes selected: hs a


Circuit: * num: 20 corner: ff vdd: 5.5 temp: 85

option SCALE: Scale is set to 1e-06 for instance and model parameters
option SCALE: Scale is set to 1e-06 for instance and model parameters
option SCALE: Scale is set to 1e-06 for instance and model parameters
option SCALE: Scale is set to 1e-06 for instance and model parameters
Warning: Model issue on line 0 :
  .model sky130_fd_pr__res_generic_m4 r tc1=    3.424000000000000e-03      ...
unrecognized parameter (tref) - ignored
Doing analysis at TEMP = 85.000000 and TNOM = 27.000000

Note: Starting dynamic gmin stepping
Trying gmin =   1.0000E-03 Note: One successful gmin step
Trying gmin =   1.0000E-04 Note: One successful gmin step
Trying gmin =   1.0000E-05 Note: One successful gmin step
Trying gmin =   1.0000E-06 Note: One successful gmin step
Trying gmin =   3.1623E-07 Note: One successful gmin step
Trying gmin =   5.6234E-08 Note: One successful gmin step
Trying gmin =   5.6234E-09 Warning: Further gmin increment
Trying gmin =   3.1623E-08 Note: One successful gmin step
Trying gmin =   1.3335E-08 Note: One successful gmin step
Trying gmin =   3.6517E-09 Warning: Further gmin increment
Trying gmin =   9.6466E-09 Note: One successful gmin step
Trying gmin =   5.9352E-09 Note: One successful gmin step
Trying gmin =   3.6517E-09 Warning: Further gmin increment
Trying gmin =   5.2566E-09 Note: One successful gmin step
Trying gmin =   4.3813E-09 Warning: Further gmin increment
Trying gmin =   5.0226E-09 Note: One successful gmin step
Trying gmin =   4.6910E-09 Warning: Further gmin increment
Trying gmin =   4.9376E-09 Warning: Further gmin increment
Trying gmin =   5.0012E-09 Note: One successful gmin step
Trying gmin =   4.9693E-09 Note: One successful gmin step
Trying gmin =   4.9376E-09 Note: One successful gmin step
Trying gmin =   4.8904E-09 Note: One successful gmin step
Trying gmin =   4.8204E-09 Note: One successful gmin step
Trying gmin =   4.7173E-09 Note: One successful gmin step
Trying gmin =   4.5669E-09 Note: One successful gmin step
Trying gmin =   4.3501E-09 Note: One successful gmin step
Trying gmin =   4.0441E-09 Note: One successful gmin step
Trying gmin =   3.6250E-09 Note: One successful gmin step
Trying gmin =   3.0764E-09 Note: One successful gmin step
Trying gmin =   2.4051E-09 Note: One successful gmin step
Trying gmin =   1.6625E-09 Note: One successful gmin step
Trying gmin =   9.5549E-10 Note: One successful gmin step
Trying gmin =   4.1631E-10 Note: One successful gmin step
Trying gmin =   1.1973E-10 Note: One successful gmin step
Trying gmin =   1.8466E-11 Note: One successful gmin step
Trying gmin =   1.8466E-12 Note: One successful gmin step
Trying gmin =   1.0000E-12 Note: One successful gmin step
Note: Dynamic gmin stepping completed

Initial Transient Solution
--------------------------

Node                                   Voltage
----                                   -------
xdut.bpb                                3.5656
xdut.slice0.bpa_                       4.55287
avdd                                       5.5
en                                         5.5
xdut.slice1.bna_                      0.805899
avss                                         0
xdut.znp                              0.792336
xdut.bpa                               4.55287
xdut.bnb                               1.64253
xdut.zpp                               4.59806
xdut.bna                              0.805899
xdut.ypp                               5.40148
xdut.slice0.wp                         4.70551
xdut.znm                               1.39096
xdut.zpm                               4.57348
out                                   0.051164
xdut.ypm                               5.40135
xdut.xn                            2.01943e-05
xdut.slice1.bpa_                       4.55287
xdut.slice0.wn                        0.645754
xdut.ynm                              0.122715
enb                                          0
xdut.slice1.wn                        0.645754
in                                        0.05
xdut.xp                                1.63778
xdut.slice0.bna_                      0.805899
xdut.ynp                              0.121181
xdut.slice1.wp                         4.70551
ibias                                  1.64254
out_                                      2.75
v_out#branch                      -0.000539767
v_enb#branch                                 0
v_en#branch                           -5.5e-12
v_in#branch                             -5e-14
v_avdd#branch                     -0.000257603
v_avss#branch                      5.98406e-08


No. of Data Rows : 181
ERROR: (internal)  This operation is not defined for display type PrinterOnly.
Can't open viewport for graphics.
slewp               =  1.701024e-06 targ=  1.195222e-05 trig=  1.025119e-05
slewm               =  1.775881e-06 targ=  3.338493e-05 trig=  3.160905e-05
slewrp = 1.504976e+06
slewrm = 1.441538e+06
slewr = 1.473257e+06
binary raw file "../out/sp20.raw"
Doing analysis at TEMP = 85.000000 and TNOM = 27.000000

No. of Data Columns : 14741  
Note: Starting dynamic gmin stepping
Trying gmin =   1.0000E-03 Note: One successful gmin step
Trying gmin =   1.0000E-04 Note: One successful gmin step
Trying gmin =   1.0000E-05 Note: One successful gmin step
Trying gmin =   1.0000E-06 Note: One successful gmin step
Trying gmin =   3.1623E-07 Note: One successful gmin step
Trying gmin =   5.6234E-08 Note: One successful gmin step
Trying gmin =   5.6234E-09 Warning: Further gmin increment
Trying gmin =   3.1623E-08 Note: One successful gmin step
Trying gmin =   1.3335E-08 Note: One successful gmin step
Trying gmin =   3.6517E-09 Warning: Further gmin increment
Trying gmin =   9.6466E-09 Note: One successful gmin step
Trying gmin =   5.9352E-09 Note: One successful gmin step
Trying gmin =   3.6517E-09 Warning: Further gmin increment
Trying gmin =   5.2566E-09 Note: One successful gmin step
Trying gmin =   4.3813E-09 Warning: Further gmin increment
Trying gmin =   5.0226E-09 Note: One successful gmin step
Trying gmin =   4.6910E-09 Warning: Further gmin increment
Trying gmin =   4.9376E-09 Warning: Further gmin increment
Trying gmin =   5.0012E-09 Note: One successful gmin step
Trying gmin =   4.9693E-09 Note: One successful gmin step
Trying gmin =   4.9376E-09 Note: One successful gmin step
Trying gmin =   4.8904E-09 Note: One successful gmin step
Trying gmin =   4.8204E-09 Note: One successful gmin step
Trying gmin =   4.7173E-09 Note: One successful gmin step
Trying gmin =   4.5669E-09 Note: One successful gmin step
Trying gmin =   4.3501E-09 Note: One successful gmin step
Trying gmin =   4.0441E-09 Note: One successful gmin step
Trying gmin =   3.6250E-09 Note: One successful gmin step
Trying gmin =   3.0764E-09 Note: One successful gmin step
Trying gmin =   2.4051E-09 Note: One successful gmin step
Trying gmin =   1.6625E-09 Note: One successful gmin step
Trying gmin =   9.5549E-10 Note: One successful gmin step
Trying gmin =   4.1631E-10 Note: One successful gmin step
Trying gmin =   1.1973E-10 Note: One successful gmin step
Trying gmin =   1.8466E-11 Note: One successful gmin step
Trying gmin =   1.8466E-12 Note: One successful gmin step
Trying gmin =   1.0000E-12 Note: One successful gmin step
Note: Dynamic gmin stepping completed

Initial Transient Solution
--------------------------

Node                                   Voltage
----                                   -------
xdut.bpb                                3.5656
xdut.slice0.bpa_                       4.55287
avdd                                       5.5
en                                         5.5
xdut.slice1.bna_                      0.805899
avss                                         0
xdut.znp                              0.792336
xdut.bpa                               4.55287
xdut.bnb                               1.64253
xdut.zpp                               4.59806
xdut.bna                              0.805899
xdut.ypp                               5.40148
xdut.slice0.wp                         4.70551
xdut.znm                               1.39096
xdut.zpm                               4.57348
out                                   0.051164
xdut.ypm                               5.40135
xdut.xn                            2.01943e-05
xdut.slice1.bpa_                       4.55287
xdut.slice0.wn                        0.645754
xdut.ynm                              0.122715
enb                                          0
xdut.slice1.wn                        0.645754
in                                        0.05
xdut.xp                                1.63778
xdut.slice0.bna_                      0.805899
xdut.ynp                              0.121181
xdut.slice1.wp                         4.70551
ibias                                  1.64254
out_                                      2.75
v_out#branch                      -0.000539767
v_enb#branch                                 0
v_en#branch                           -5.5e-12
v_in#branch                             -5e-14
v_avdd#branch                     -0.000257603
v_avss#branch                      5.98406e-08


No. of Data Rows : 181

Total analysis time (seconds) = 318.519

Total elapsed time (seconds) = 372.165 

Total DRAM available = 7841.875 MB.
DRAM currently available =  190.840 MB.
Maximum ngspice program size = 2165.754 MB.
Current ngspice program size = 2146.402 MB.

Shared ngspice pages =   10.352 MB.
Text (code) pages =    5.461 MB.
Stack = 0 bytes.
Library pages = 2145.309 MB.

