
Note: Compatibility modes selected: hs a


Circuit: * num: 21 corner: sf vdd: 5.5 temp: 85

option SCALE: Scale is set to 1e-06 for instance and model parameters
option SCALE: Scale is set to 1e-06 for instance and model parameters
option SCALE: Scale is set to 1e-06 for instance and model parameters
option SCALE: Scale is set to 1e-06 for instance and model parameters
Warning: Model issue on line 0 :
  .model sky130_fd_pr__res_generic_m4 r tc1=    3.424000000000000e-03      ...
unrecognized parameter (tref) - ignored
Doing analysis at TEMP = 85.000000 and TNOM = 27.000000

Note: Starting dynamic gmin stepping
Trying gmin =   1.0000E-03 Note: One successful gmin step
Trying gmin =   1.0000E-04 Note: One successful gmin step
Trying gmin =   1.0000E-05 Note: One successful gmin step
Trying gmin =   1.0000E-06 Note: One successful gmin step
Trying gmin =   1.0000E-07 Note: One successful gmin step
Trying gmin =   1.0000E-08 Warning: Further gmin increment
Trying gmin =   5.6234E-08 Note: One successful gmin step
Trying gmin =   2.3714E-08 Note: One successful gmin step
Trying gmin =   6.4938E-09 Warning: Further gmin increment
Trying gmin =   1.7154E-08 Note: One successful gmin step
Trying gmin =   1.0554E-08 Note: One successful gmin step
Trying gmin =   5.0937E-09 Warning: Further gmin increment
Trying gmin =   8.7970E-09 Note: One successful gmin step
Trying gmin =   6.6940E-09 Warning: Further gmin increment
Trying gmin =   8.2162E-09 Note: One successful gmin step
Trying gmin =   7.4161E-09 Warning: Further gmin increment
Trying gmin =   8.0085E-09 Note: One successful gmin step
Trying gmin =   7.7066E-09 Note: One successful gmin step
Trying gmin =   7.2750E-09 Note: One successful gmin step
Trying gmin =   6.6726E-09 Note: One successful gmin step
Trying gmin =   5.8611E-09 Note: One successful gmin step
Trying gmin =   4.8251E-09 Warning: Further gmin increment
Trying gmin =   5.5829E-09 Note: One successful gmin step
Trying gmin =   5.1902E-09 Note: One successful gmin step
Trying gmin =   4.6523E-09 Note: One successful gmin step
Trying gmin =   4.1702E-09 Note: One successful gmin step
Trying gmin =   3.5390E-09 Note: One successful gmin step
Trying gmin =   2.7668E-09 Note: One successful gmin step
Trying gmin =   1.9126E-09 Note: One successful gmin step
Trying gmin =   1.0992E-09 Note: One successful gmin step
Trying gmin =   4.7892E-10 Note: One successful gmin step
Trying gmin =   1.3773E-10 Note: One successful gmin step
Trying gmin =   2.1243E-11 Note: One successful gmin step
Trying gmin =   2.1243E-12 Note: One successful gmin step
Trying gmin =   1.0000E-12 Note: One successful gmin step
Note: Dynamic gmin stepping completed

Initial Transient Solution
--------------------------

Node                                   Voltage
----                                   -------
xdut.bpb                               3.26114
xdut.slice0.bpa_                       4.41643
avdd                                       5.5
en                                         5.5
xdut.slice1.bna_                      0.764728
avss                                         0
xdut.znp                              0.750639
xdut.bpa                               4.41643
xdut.bnb                               1.54827
xdut.zpp                               4.46183
xdut.bna                              0.764728
xdut.ypp                               5.40047
xdut.slice0.wp                         4.57086
xdut.znm                               1.35366
xdut.zpm                               4.43837
out                                  0.0511547
xdut.ypm                               5.40036
xdut.xn                            3.76076e-05
xdut.slice1.bpa_                       4.41643
xdut.slice0.wn                        0.604622
xdut.ynm                              0.122601
enb                                          0
xdut.slice1.wn                        0.604622
in                                        0.05
xdut.xp                                1.75398
xdut.slice0.bna_                      0.764728
xdut.ynp                              0.121061
xdut.slice1.wp                         4.57086
ibias                                  1.54827
out_                                      2.75
v_out#branch                      -0.000539769
v_enb#branch                                 0
v_en#branch                           -5.5e-12
v_in#branch                             -5e-14
v_avdd#branch                     -0.000252695
v_avss#branch                      5.95468e-08


No. of Data Rows : 188
ERROR: (internal)  This operation is not defined for display type PrinterOnly.
Can't open viewport for graphics.
slewp               =  1.709648e-06 targ=  1.196199e-05 trig=  1.025234e-05
slewm               =  1.740314e-06 targ=  3.335790e-05 trig=  3.161758e-05
slewrp = 1.497384e+06
slewrm = 1.470999e+06
slewr = 1.484192e+06
binary raw file "../out/sp21.raw"
Doing analysis at TEMP = 85.000000 and TNOM = 27.000000

No. of Data Columns : 14741  
Note: Starting dynamic gmin stepping
Trying gmin =   1.0000E-03 Note: One successful gmin step
Trying gmin =   1.0000E-04 Note: One successful gmin step
Trying gmin =   1.0000E-05 Note: One successful gmin step
Trying gmin =   1.0000E-06 Note: One successful gmin step
Trying gmin =   1.0000E-07 Note: One successful gmin step
Trying gmin =   1.0000E-08 Warning: Further gmin increment
Trying gmin =   5.6234E-08 Note: One successful gmin step
Trying gmin =   2.3714E-08 Note: One successful gmin step
Trying gmin =   6.4938E-09 Warning: Further gmin increment
Trying gmin =   1.7154E-08 Note: One successful gmin step
Trying gmin =   1.0554E-08 Note: One successful gmin step
Trying gmin =   5.0937E-09 Warning: Further gmin increment
Trying gmin =   8.7970E-09 Note: One successful gmin step
Trying gmin =   6.6940E-09 Warning: Further gmin increment
Trying gmin =   8.2162E-09 Note: One successful gmin step
Trying gmin =   7.4161E-09 Warning: Further gmin increment
Trying gmin =   8.0085E-09 Note: One successful gmin step
Trying gmin =   7.7066E-09 Note: One successful gmin step
Trying gmin =   7.2750E-09 Note: One successful gmin step
Trying gmin =   6.6726E-09 Note: One successful gmin step
Trying gmin =   5.8611E-09 Note: One successful gmin step
Trying gmin =   4.8251E-09 Warning: Further gmin increment
Trying gmin =   5.5829E-09 Note: One successful gmin step
Trying gmin =   5.1902E-09 Note: One successful gmin step
Trying gmin =   4.6523E-09 Note: One successful gmin step
Trying gmin =   4.1702E-09 Note: One successful gmin step
Trying gmin =   3.5390E-09 Note: One successful gmin step
Trying gmin =   2.7668E-09 Note: One successful gmin step
Trying gmin =   1.9126E-09 Note: One successful gmin step
Trying gmin =   1.0992E-09 Note: One successful gmin step
Trying gmin =   4.7892E-10 Note: One successful gmin step
Trying gmin =   1.3773E-10 Note: One successful gmin step
Trying gmin =   2.1243E-11 Note: One successful gmin step
Trying gmin =   2.1243E-12 Note: One successful gmin step
Trying gmin =   1.0000E-12 Note: One successful gmin step
Note: Dynamic gmin stepping completed

Initial Transient Solution
--------------------------

Node                                   Voltage
----                                   -------
xdut.bpb                               3.26114
xdut.slice0.bpa_                       4.41643
avdd                                       5.5
en                                         5.5
xdut.slice1.bna_                      0.764728
avss                                         0
xdut.znp                              0.750639
xdut.bpa                               4.41643
xdut.bnb                               1.54827
xdut.zpp                               4.46183
xdut.bna                              0.764728
xdut.ypp                               5.40047
xdut.slice0.wp                         4.57086
xdut.znm                               1.35366
xdut.zpm                               4.43837
out                                  0.0511547
xdut.ypm                               5.40036
xdut.xn                            3.76076e-05
xdut.slice1.bpa_                       4.41643
xdut.slice0.wn                        0.604622
xdut.ynm                              0.122601
enb                                          0
xdut.slice1.wn                        0.604622
in                                        0.05
xdut.xp                                1.75398
xdut.slice0.bna_                      0.764728
xdut.ynp                              0.121061
xdut.slice1.wp                         4.57086
ibias                                  1.54827
out_                                      2.75
v_out#branch                      -0.000539769
v_enb#branch                                 0
v_en#branch                           -5.5e-12
v_in#branch                             -5e-14
v_avdd#branch                     -0.000252695
v_avss#branch                      5.95468e-08


No. of Data Rows : 188

Total analysis time (seconds) = 320.088

Total elapsed time (seconds) = 372.905 

Total DRAM available = 7841.875 MB.
DRAM currently available =  266.094 MB.
Maximum ngspice program size = 2165.773 MB.
Current ngspice program size = 2146.281 MB.

Shared ngspice pages =   10.270 MB.
Text (code) pages =    5.461 MB.
Stack = 0 bytes.
Library pages = 2145.328 MB.

