
Note: Compatibility modes selected: hs a


Circuit: * num: 22 corner: fs vdd: 5.5 temp: 85

option SCALE: Scale is set to 1e-06 for instance and model parameters
option SCALE: Scale is set to 1e-06 for instance and model parameters
option SCALE: Scale is set to 1e-06 for instance and model parameters
option SCALE: Scale is set to 1e-06 for instance and model parameters
Warning: Model issue on line 0 :
  .model sky130_fd_pr__res_generic_m4 r tc1=    3.424000000000000e-03      ...
unrecognized parameter (tref) - ignored
Doing analysis at TEMP = 85.000000 and TNOM = 27.000000

Note: Starting dynamic gmin stepping
Trying gmin =   1.0000E-03 Note: One successful gmin step
Trying gmin =   1.0000E-04 Note: One successful gmin step
Trying gmin =   1.0000E-05 Note: One successful gmin step
Trying gmin =   1.0000E-06 Note: One successful gmin step
Trying gmin =   3.1623E-07 Note: One successful gmin step
Trying gmin =   5.6234E-08 Note: One successful gmin step
Trying gmin =   5.6234E-09 Warning: Further gmin increment
Trying gmin =   3.1623E-08 Note: One successful gmin step
Trying gmin =   1.3335E-08 Note: One successful gmin step
Trying gmin =   3.6517E-09 Warning: Further gmin increment
Trying gmin =   9.6466E-09 Note: One successful gmin step
Trying gmin =   5.9352E-09 Warning: Further gmin increment
Trying gmin =   8.5436E-09 Note: One successful gmin step
Trying gmin =   7.1210E-09 Note: One successful gmin step
Trying gmin =   5.4186E-09 Warning: Further gmin increment
Trying gmin =   6.6508E-09 Note: One successful gmin step
Trying gmin =   6.0032E-09 Note: One successful gmin step
Trying gmin =   5.1480E-09 Note: One successful gmin step
Trying gmin =   4.0881E-09 Warning: Further gmin increment
Trying gmin =   4.8597E-09 Note: One successful gmin step
Trying gmin =   4.4573E-09 Warning: Further gmin increment
Trying gmin =   4.7558E-09 Note: One successful gmin step
Trying gmin =   4.6041E-09 Warning: Further gmin increment
Trying gmin =   4.7174E-09 Note: One successful gmin step
Trying gmin =   4.6604E-09 Warning: Further gmin increment
Trying gmin =   4.7031E-09 Note: One successful gmin step
Trying gmin =   4.6817E-09 Note: One successful gmin step
Trying gmin =   4.6498E-09 Note: One successful gmin step
Trying gmin =   4.6181E-09 Note: One successful gmin step
Trying gmin =   4.5710E-09 Note: One successful gmin step
Trying gmin =   4.5012E-09 Note: One successful gmin step
Trying gmin =   4.3985E-09 Note: One successful gmin step
Trying gmin =   4.2489E-09 Note: One successful gmin step
Trying gmin =   4.0339E-09 Note: One successful gmin step
Trying gmin =   3.7316E-09 Note: One successful gmin step
Trying gmin =   3.3202E-09 Note: One successful gmin step
Trying gmin =   2.7864E-09 Note: One successful gmin step
Trying gmin =   2.1423E-09 Note: One successful gmin step
Trying gmin =   1.4442E-09 Note: One successful gmin step
Trying gmin =   7.9941E-10 Note: One successful gmin step
Trying gmin =   3.2921E-10 Note: One successful gmin step
Trying gmin =   8.6999E-11 Note: One successful gmin step
Trying gmin =   1.1819E-11 Note: One successful gmin step
Trying gmin =   1.1819E-12 Note: One successful gmin step
Trying gmin =   1.0000E-12 Note: One successful gmin step
Note: Dynamic gmin stepping completed

Initial Transient Solution
--------------------------

Node                                   Voltage
----                                   -------
xdut.bpb                               3.66246
xdut.slice0.bpa_                       4.59615
avdd                                       5.5
en                                         5.5
xdut.slice1.bna_                      0.918405
avss                                         0
xdut.znp                              0.904757
xdut.bpa                               4.59615
xdut.bnb                                1.8988
xdut.zpp                               4.64156
xdut.bna                              0.918405
xdut.ypp                               5.40184
xdut.slice0.wp                         4.74856
xdut.znm                               1.52152
xdut.zpm                               4.61693
out                                  0.0512083
xdut.ypm                               5.40172
xdut.xn                            3.75692e-06
xdut.slice1.bpa_                       4.59615
xdut.slice0.wn                        0.757129
xdut.ynm                              0.123316
enb                                          0
xdut.slice1.wn                        0.757129
in                                        0.05
xdut.xp                                1.60128
xdut.slice0.bna_                      0.918405
xdut.ynp                              0.121857
xdut.slice1.wp                         4.74856
ibias                                   1.8988
out_                                      2.75
v_out#branch                      -0.000539758
v_enb#branch                                 0
v_en#branch                           -5.5e-12
v_in#branch                             -5e-14
v_avdd#branch                     -0.000256755
v_avss#branch                      6.01006e-08


No. of Data Rows : 181
ERROR: (internal)  This operation is not defined for display type PrinterOnly.
Can't open viewport for graphics.
slewp               =  1.702353e-06 targ=  1.195088e-05 trig=  1.024853e-05
slewm               =  1.828458e-06 targ=  3.344327e-05 trig=  3.161482e-05
slewrp = 1.503801e+06
slewrm = 1.400087e+06
slewr = 1.451944e+06
binary raw file "../out/sp22.raw"
Doing analysis at TEMP = 85.000000 and TNOM = 27.000000

No. of Data Columns : 14741  
Note: Starting dynamic gmin stepping
Trying gmin =   1.0000E-03 Note: One successful gmin step
Trying gmin =   1.0000E-04 Note: One successful gmin step
Trying gmin =   1.0000E-05 Note: One successful gmin step
Trying gmin =   1.0000E-06 Note: One successful gmin step
Trying gmin =   3.1623E-07 Note: One successful gmin step
Trying gmin =   5.6234E-08 Note: One successful gmin step
Trying gmin =   5.6234E-09 Warning: Further gmin increment
Trying gmin =   3.1623E-08 Note: One successful gmin step
Trying gmin =   1.3335E-08 Note: One successful gmin step
Trying gmin =   3.6517E-09 Warning: Further gmin increment
Trying gmin =   9.6466E-09 Note: One successful gmin step
Trying gmin =   5.9352E-09 Warning: Further gmin increment
Trying gmin =   8.5436E-09 Note: One successful gmin step
Trying gmin =   7.1210E-09 Note: One successful gmin step
Trying gmin =   5.4186E-09 Warning: Further gmin increment
Trying gmin =   6.6508E-09 Note: One successful gmin step
Trying gmin =   6.0032E-09 Note: One successful gmin step
Trying gmin =   5.1480E-09 Note: One successful gmin step
Trying gmin =   4.0881E-09 Warning: Further gmin increment
Trying gmin =   4.8597E-09 Note: One successful gmin step
Trying gmin =   4.4573E-09 Warning: Further gmin increment
Trying gmin =   4.7558E-09 Note: One successful gmin step
Trying gmin =   4.6041E-09 Warning: Further gmin increment
Trying gmin =   4.7174E-09 Note: One successful gmin step
Trying gmin =   4.6604E-09 Warning: Further gmin increment
Trying gmin =   4.7031E-09 Note: One successful gmin step
Trying gmin =   4.6817E-09 Note: One successful gmin step
Trying gmin =   4.6498E-09 Note: One successful gmin step
Trying gmin =   4.6181E-09 Note: One successful gmin step
Trying gmin =   4.5710E-09 Note: One successful gmin step
Trying gmin =   4.5012E-09 Note: One successful gmin step
Trying gmin =   4.3985E-09 Note: One successful gmin step
Trying gmin =   4.2489E-09 Note: One successful gmin step
Trying gmin =   4.0339E-09 Note: One successful gmin step
Trying gmin =   3.7316E-09 Note: One successful gmin step
Trying gmin =   3.3202E-09 Note: One successful gmin step
Trying gmin =   2.7864E-09 Note: One successful gmin step
Trying gmin =   2.1423E-09 Note: One successful gmin step
Trying gmin =   1.4442E-09 Note: One successful gmin step
Trying gmin =   7.9941E-10 Note: One successful gmin step
Trying gmin =   3.2921E-10 Note: One successful gmin step
Trying gmin =   8.6999E-11 Note: One successful gmin step
Trying gmin =   1.1819E-11 Note: One successful gmin step
Trying gmin =   1.1819E-12 Note: One successful gmin step
Trying gmin =   1.0000E-12 Note: One successful gmin step
Note: Dynamic gmin stepping completed

Initial Transient Solution
--------------------------

Node                                   Voltage
----                                   -------
xdut.bpb                               3.66246
xdut.slice0.bpa_                       4.59615
avdd                                       5.5
en                                         5.5
xdut.slice1.bna_                      0.918405
avss                                         0
xdut.znp                              0.904757
xdut.bpa                               4.59615
xdut.bnb                                1.8988
xdut.zpp                               4.64156
xdut.bna                              0.918405
xdut.ypp                               5.40184
xdut.slice0.wp                         4.74856
xdut.znm                               1.52152
xdut.zpm                               4.61693
out                                  0.0512083
xdut.ypm                               5.40172
xdut.xn                            3.75692e-06
xdut.slice1.bpa_                       4.59615
xdut.slice0.wn                        0.757129
xdut.ynm                              0.123316
enb                                          0
xdut.slice1.wn                        0.757129
in                                        0.05
xdut.xp                                1.60128
xdut.slice0.bna_                      0.918405
xdut.ynp                              0.121857
xdut.slice1.wp                         4.74856
ibias                                   1.8988
out_                                      2.75
v_out#branch                      -0.000539758
v_enb#branch                                 0
v_en#branch                           -5.5e-12
v_in#branch                             -5e-14
v_avdd#branch                     -0.000256755
v_avss#branch                      6.01006e-08


No. of Data Rows : 181

Total analysis time (seconds) = 345.25

Total elapsed time (seconds) = 396.477 

Total DRAM available = 7841.875 MB.
DRAM currently available =  208.133 MB.
Maximum ngspice program size = 2165.777 MB.
Current ngspice program size = 2146.395 MB.

Shared ngspice pages =   10.387 MB.
Text (code) pages =    5.461 MB.
Stack = 0 bytes.
Library pages = 2145.332 MB.

