
Note: Compatibility modes selected: hs a


Circuit: * num: 24 corner: hh vdd: 5.5 temp: 85

option SCALE: Scale is set to 1e-06 for instance and model parameters
option SCALE: Scale is set to 1e-06 for instance and model parameters
option SCALE: Scale is set to 1e-06 for instance and model parameters
option SCALE: Scale is set to 1e-06 for instance and model parameters
Warning: Model issue on line 0 :
  .model sky130_fd_pr__res_generic_m4 r tc1=    3.424000000000000e-03      ...
unrecognized parameter (tref) - ignored
Doing analysis at TEMP = 85.000000 and TNOM = 27.000000

Note: Starting dynamic gmin stepping
Trying gmin =   1.0000E-03 Note: One successful gmin step
Trying gmin =   1.0000E-04 Note: One successful gmin step
Trying gmin =   1.0000E-05 Note: One successful gmin step
Trying gmin =   1.0000E-06 Warning: Further gmin increment
Trying gmin =   5.6234E-06 Note: One successful gmin step
Trying gmin =   2.3714E-06 Note: One successful gmin step
Trying gmin =   1.0000E-06 Note: One successful gmin step
Trying gmin =   2.7384E-07 Note: One successful gmin step
Trying gmin =   3.9242E-08 Note: One successful gmin step
Trying gmin =   1.4855E-08 Note: One successful gmin step
Trying gmin =   3.4599E-09 Warning: Further gmin increment
Trying gmin =   1.0320E-08 Note: One successful gmin step
Trying gmin =   5.9754E-09 Warning: Further gmin increment
Trying gmin =   9.0021E-09 Note: One successful gmin step
Trying gmin =   7.3343E-09 Warning: Further gmin increment
Trying gmin =   8.5526E-09 Note: One successful gmin step
Trying gmin =   7.9200E-09 Note: One successful gmin step
Trying gmin =   7.0578E-09 Note: One successful gmin step
Trying gmin =   5.9373E-09 Note: One successful gmin step
Trying gmin =   4.5810E-09 Warning: Further gmin increment
Trying gmin =   5.5645E-09 Note: One successful gmin step
Trying gmin =   5.0489E-09 Note: One successful gmin step
Trying gmin =   4.3636E-09 Warning: Further gmin increment
Trying gmin =   4.8681E-09 Warning: Further gmin increment
Trying gmin =   5.0030E-09 Note: One successful gmin step
Trying gmin =   4.9351E-09 Note: One successful gmin step
Trying gmin =   4.8349E-09 Warning: Further gmin increment
Trying gmin =   4.9099E-09 Note: One successful gmin step
Trying gmin =   4.8722E-09 Warning: Further gmin increment
Trying gmin =   4.9004E-09 Note: One successful gmin step
Trying gmin =   4.8863E-09 Note: One successful gmin step
Trying gmin =   4.8652E-09 Note: One successful gmin step
Trying gmin =   4.8337E-09 Note: One successful gmin step
Trying gmin =   4.7869E-09 Note: One successful gmin step
Trying gmin =   4.7175E-09 Note: One successful gmin step
Trying gmin =   4.6153E-09 Note: One successful gmin step
Trying gmin =   4.4661E-09 Note: One successful gmin step
Trying gmin =   4.2513E-09 Note: One successful gmin step
Trying gmin =   3.9483E-09 Note: One successful gmin step
Trying gmin =   3.5339E-09 Note: One successful gmin step
Trying gmin =   2.9923E-09 Note: One successful gmin step
Trying gmin =   2.3315E-09 Note: One successful gmin step
Trying gmin =   1.6036E-09 Note: One successful gmin step
Trying gmin =   9.1467E-10 Note: One successful gmin step
Trying gmin =   3.9403E-10 Note: One successful gmin step
Trying gmin =   1.1141E-10 Note: One successful gmin step
Trying gmin =   1.6750E-11 Note: One successful gmin step
Trying gmin =   1.6750E-12 Note: One successful gmin step
Trying gmin =   1.0000E-12 Note: One successful gmin step
Note: Dynamic gmin stepping completed

Initial Transient Solution
--------------------------

Node                                   Voltage
----                                   -------
xdut.bpb                               3.46161
xdut.slice0.bpa_                       4.50632
avdd                                       5.5
en                                         5.5
xdut.slice1.bna_                      0.841553
avss                                         0
xdut.znp                               0.82766
xdut.bpa                               4.50632
xdut.bnb                               1.72379
xdut.zpp                               4.55168
xdut.bna                              0.841553
xdut.ypp                               5.40114
xdut.slice0.wp                         4.65975
xdut.znm                               1.43798
xdut.zpm                               4.52772
out                                  0.0511254
xdut.ypm                               5.40103
xdut.xn                            1.19928e-05
xdut.slice1.bpa_                       4.50632
xdut.slice0.wn                        0.680845
xdut.ynm                              0.122936
enb                                          0
xdut.slice1.wn                        0.680845
in                                        0.05
xdut.xp                                1.67762
xdut.slice0.bna_                      0.841553
xdut.ynp                              0.121466
xdut.slice1.wp                         4.65975
ibias                                  1.72379
out_                                      2.75
v_out#branch                      -0.000539775
v_enb#branch                                 0
v_en#branch                           -5.5e-12
v_in#branch                             -5e-14
v_avdd#branch                     -0.000254493
v_avss#branch                      5.98425e-08


No. of Data Rows : 191
ERROR: (internal)  This operation is not defined for display type PrinterOnly.
Can't open viewport for graphics.
slewp               =  1.894417e-06 targ=  1.216405e-05 trig=  1.026963e-05
slewm               =  1.986194e-06 targ=  3.378305e-05 trig=  3.179686e-05
slewrp = 1.351339e+06
slewrm = 1.288897e+06
slewr = 1.320118e+06
binary raw file "../out/sp24.raw"
Doing analysis at TEMP = 85.000000 and TNOM = 27.000000

No. of Data Columns : 14741  
Note: Starting dynamic gmin stepping
Trying gmin =   1.0000E-03 Note: One successful gmin step
Trying gmin =   1.0000E-04 Note: One successful gmin step
Trying gmin =   1.0000E-05 Note: One successful gmin step
Trying gmin =   1.0000E-06 Warning: Further gmin increment
Trying gmin =   5.6234E-06 Note: One successful gmin step
Trying gmin =   2.3714E-06 Note: One successful gmin step
Trying gmin =   1.0000E-06 Note: One successful gmin step
Trying gmin =   2.7384E-07 Note: One successful gmin step
Trying gmin =   3.9242E-08 Note: One successful gmin step
Trying gmin =   1.4855E-08 Note: One successful gmin step
Trying gmin =   3.4599E-09 Warning: Further gmin increment
Trying gmin =   1.0320E-08 Note: One successful gmin step
Trying gmin =   5.9754E-09 Warning: Further gmin increment
Trying gmin =   9.0021E-09 Note: One successful gmin step
Trying gmin =   7.3343E-09 Warning: Further gmin increment
Trying gmin =   8.5526E-09 Note: One successful gmin step
Trying gmin =   7.9200E-09 Note: One successful gmin step
Trying gmin =   7.0578E-09 Note: One successful gmin step
Trying gmin =   5.9373E-09 Note: One successful gmin step
Trying gmin =   4.5810E-09 Warning: Further gmin increment
Trying gmin =   5.5645E-09 Note: One successful gmin step
Trying gmin =   5.0489E-09 Note: One successful gmin step
Trying gmin =   4.3636E-09 Warning: Further gmin increment
Trying gmin =   4.8681E-09 Warning: Further gmin increment
Trying gmin =   5.0030E-09 Note: One successful gmin step
Trying gmin =   4.9351E-09 Note: One successful gmin step
Trying gmin =   4.8349E-09 Warning: Further gmin increment
Trying gmin =   4.9099E-09 Note: One successful gmin step
Trying gmin =   4.8722E-09 Warning: Further gmin increment
Trying gmin =   4.9004E-09 Note: One successful gmin step
Trying gmin =   4.8863E-09 Note: One successful gmin step
Trying gmin =   4.8652E-09 Note: One successful gmin step
Trying gmin =   4.8337E-09 Note: One successful gmin step
Trying gmin =   4.7869E-09 Note: One successful gmin step
Trying gmin =   4.7175E-09 Note: One successful gmin step
Trying gmin =   4.6153E-09 Note: One successful gmin step
Trying gmin =   4.4661E-09 Note: One successful gmin step
Trying gmin =   4.2513E-09 Note: One successful gmin step
Trying gmin =   3.9483E-09 Note: One successful gmin step
Trying gmin =   3.5339E-09 Note: One successful gmin step
Trying gmin =   2.9923E-09 Note: One successful gmin step
Trying gmin =   2.3315E-09 Note: One successful gmin step
Trying gmin =   1.6036E-09 Note: One successful gmin step
Trying gmin =   9.1467E-10 Note: One successful gmin step
Trying gmin =   3.9403E-10 Note: One successful gmin step
Trying gmin =   1.1141E-10 Note: One successful gmin step
Trying gmin =   1.6750E-11 Note: One successful gmin step
Trying gmin =   1.6750E-12 Note: One successful gmin step
Trying gmin =   1.0000E-12 Note: One successful gmin step
Note: Dynamic gmin stepping completed

Initial Transient Solution
--------------------------

Node                                   Voltage
----                                   -------
xdut.bpb                               3.46161
xdut.slice0.bpa_                       4.50632
avdd                                       5.5
en                                         5.5
xdut.slice1.bna_                      0.841553
avss                                         0
xdut.znp                               0.82766
xdut.bpa                               4.50632
xdut.bnb                               1.72379
xdut.zpp                               4.55168
xdut.bna                              0.841553
xdut.ypp                               5.40114
xdut.slice0.wp                         4.65975
xdut.znm                               1.43798
xdut.zpm                               4.52772
out                                  0.0511254
xdut.ypm                               5.40103
xdut.xn                            1.19928e-05
xdut.slice1.bpa_                       4.50632
xdut.slice0.wn                        0.680845
xdut.ynm                              0.122936
enb                                          0
xdut.slice1.wn                        0.680845
in                                        0.05
xdut.xp                                1.67762
xdut.slice0.bna_                      0.841553
xdut.ynp                              0.121466
xdut.slice1.wp                         4.65975
ibias                                  1.72379
out_                                      2.75
v_out#branch                      -0.000539775
v_enb#branch                                 0
v_en#branch                           -5.5e-12
v_in#branch                             -5e-14
v_avdd#branch                     -0.000254493
v_avss#branch                      5.98425e-08


No. of Data Rows : 191

Total analysis time (seconds) = 359.401

Total elapsed time (seconds) = 408.574 

Total DRAM available = 7841.875 MB.
DRAM currently available =  215.801 MB.
Maximum ngspice program size = 2165.762 MB.
Current ngspice program size = 2146.480 MB.

Shared ngspice pages =   10.484 MB.
Text (code) pages =    5.461 MB.
Stack = 0 bytes.
Library pages = 2145.316 MB.

