
Note: Compatibility modes selected: hs a


Circuit: * num: 3 corner: sf vdd: 3.0 temp: -40

option SCALE: Scale is set to 1e-06 for instance and model parameters
option SCALE: Scale is set to 1e-06 for instance and model parameters
option SCALE: Scale is set to 1e-06 for instance and model parameters
option SCALE: Scale is set to 1e-06 for instance and model parameters
Warning: Model issue on line 0 :
  .model sky130_fd_pr__res_generic_m4 r tc1=    3.424000000000000e-03      ...
unrecognized parameter (tref) - ignored
Doing analysis at TEMP = -40.000000 and TNOM = 27.000000

Note: Starting dynamic gmin stepping
Trying gmin =   1.0000E-03 Note: One successful gmin step
Trying gmin =   1.0000E-04 Note: One successful gmin step
Trying gmin =   1.0000E-05 Note: One successful gmin step
Trying gmin =   1.0000E-06 Note: One successful gmin step
Trying gmin =   1.0000E-07 Warning: Further gmin increment
Trying gmin =   5.6234E-07 Note: One successful gmin step
Trying gmin =   2.3714E-07 Note: One successful gmin step
Trying gmin =   6.4938E-08 Note: One successful gmin step
Trying gmin =   9.3057E-09 Warning: Further gmin increment
Trying gmin =   3.9954E-08 Note: One successful gmin step
Trying gmin =   1.9282E-08 Note: One successful gmin step
Trying gmin =   6.4647E-09 Warning: Further gmin increment
Trying gmin =   1.4672E-08 Note: One successful gmin step
Trying gmin =   9.7392E-09 Note: One successful gmin step
Trying gmin =   5.2669E-09 Warning: Further gmin increment
Trying gmin =   8.3519E-09 Note: One successful gmin step
Trying gmin =   6.6324E-09 Warning: Further gmin increment
Trying gmin =   7.8842E-09 Note: One successful gmin step
Trying gmin =   7.2312E-09 Note: One successful gmin step
Trying gmin =   6.3518E-09 Warning: Further gmin increment
Trying gmin =   7.0006E-09 Note: One successful gmin step
Trying gmin =   6.6683E-09 Warning: Further gmin increment
Trying gmin =   6.9160E-09 Note: One successful gmin step
Trying gmin =   6.7910E-09 Warning: Further gmin increment
Trying gmin =   6.8845E-09 Note: One successful gmin step
Trying gmin =   6.8376E-09 Warning: Further gmin increment
Trying gmin =   6.8728E-09 Note: One successful gmin step
Trying gmin =   6.8552E-09 Note: One successful gmin step
Trying gmin =   6.8289E-09 Note: One successful gmin step
Trying gmin =   6.8027E-09 Note: One successful gmin step
Trying gmin =   6.7635E-09 Note: One successful gmin step
Trying gmin =   6.7052E-09 Note: One successful gmin step
Trying gmin =   6.6188E-09 Note: One successful gmin step
Trying gmin =   6.4911E-09 Note: One successful gmin step
Trying gmin =   6.3043E-09 Note: One successful gmin step
Trying gmin =   6.0340E-09 Note: One successful gmin step
Trying gmin =   5.6502E-09 Note: One successful gmin step
Trying gmin =   5.1198E-09 Note: One successful gmin step
Trying gmin =   4.4161E-09 Note: One successful gmin step
Trying gmin =   3.5376E-09 Note: One successful gmin step
Trying gmin =   2.5364E-09 Note: One successful gmin step
Trying gmin =   1.5399E-09 Note: One successful gmin step
Trying gmin =   7.2844E-10 Note: One successful gmin step
Trying gmin =   2.3700E-10 Note: One successful gmin step
Trying gmin =   4.3982E-11 Note: One successful gmin step
Trying gmin =   4.3982E-12 Note: One successful gmin step
Trying gmin =   1.0000E-12 Note: One successful gmin step
Note: Dynamic gmin stepping completed

Initial Transient Solution
--------------------------

Node                                   Voltage
----                                   -------
xdut.bpb                               0.24134
xdut.slice0.bpa_                       1.70955
avdd                                         3
en                                           3
xdut.slice1.bna_                      0.898666
avss                                         0
xdut.znp                               0.88784
xdut.bpa                               1.70955
xdut.bnb                               1.91987
xdut.zpp                               1.74045
xdut.bna                              0.898666
xdut.ypp                               2.92648
xdut.slice0.wp                         1.82628
xdut.znm                               1.06467
xdut.zpm                               1.73354
out                                   0.048703
xdut.ypm                               2.92646
xdut.xn                            1.37581e-09
xdut.slice1.bpa_                       1.70955
xdut.slice0.wn                        0.788593
xdut.ynm                             0.0836636
enb                                          0
xdut.slice1.wn                        0.788593
in                                        0.05
xdut.xp                                1.57225
xdut.slice0.bna_                      0.898666
xdut.ynp                             0.0839116
xdut.slice1.wp                         1.82628
ibias                                  1.91987
out_                                       1.5
v_out#branch                      -0.000290259
v_enb#branch                                 0
v_en#branch                             -3e-12
v_in#branch                             -5e-14
v_avdd#branch                     -0.000209383
v_avss#branch                      3.21873e-08


No. of Data Rows : 186
ERROR: (internal)  This operation is not defined for display type PrinterOnly.
Can't open viewport for graphics.
slewp               =  2.578925e-06 targ=  1.283852e-05 trig=  1.025959e-05
slewm               =  1.909244e-06 targ=  3.196155e-05 trig=  3.005230e-05
slewrp = 9.926617e+05
slewrm = 1.340845e+06
slewr = 1.166753e+06
binary raw file "../out/sp3.raw"
Doing analysis at TEMP = -40.000000 and TNOM = 27.000000

No. of Data Columns : 14741  
Note: Starting dynamic gmin stepping
Trying gmin =   1.0000E-03 Note: One successful gmin step
Trying gmin =   1.0000E-04 Note: One successful gmin step
Trying gmin =   1.0000E-05 Note: One successful gmin step
Trying gmin =   1.0000E-06 Note: One successful gmin step
Trying gmin =   1.0000E-07 Warning: Further gmin increment
Trying gmin =   5.6234E-07 Note: One successful gmin step
Trying gmin =   2.3714E-07 Note: One successful gmin step
Trying gmin =   6.4938E-08 Note: One successful gmin step
Trying gmin =   9.3057E-09 Warning: Further gmin increment
Trying gmin =   3.9954E-08 Note: One successful gmin step
Trying gmin =   1.9282E-08 Note: One successful gmin step
Trying gmin =   6.4647E-09 Warning: Further gmin increment
Trying gmin =   1.4672E-08 Note: One successful gmin step
Trying gmin =   9.7392E-09 Note: One successful gmin step
Trying gmin =   5.2669E-09 Warning: Further gmin increment
Trying gmin =   8.3519E-09 Note: One successful gmin step
Trying gmin =   6.6324E-09 Warning: Further gmin increment
Trying gmin =   7.8842E-09 Note: One successful gmin step
Trying gmin =   7.2312E-09 Note: One successful gmin step
Trying gmin =   6.3518E-09 Warning: Further gmin increment
Trying gmin =   7.0006E-09 Note: One successful gmin step
Trying gmin =   6.6683E-09 Warning: Further gmin increment
Trying gmin =   6.9160E-09 Note: One successful gmin step
Trying gmin =   6.7910E-09 Warning: Further gmin increment
Trying gmin =   6.8845E-09 Note: One successful gmin step
Trying gmin =   6.8376E-09 Warning: Further gmin increment
Trying gmin =   6.8728E-09 Note: One successful gmin step
Trying gmin =   6.8552E-09 Note: One successful gmin step
Trying gmin =   6.8289E-09 Note: One successful gmin step
Trying gmin =   6.8027E-09 Note: One successful gmin step
Trying gmin =   6.7635E-09 Note: One successful gmin step
Trying gmin =   6.7052E-09 Note: One successful gmin step
Trying gmin =   6.6188E-09 Note: One successful gmin step
Trying gmin =   6.4911E-09 Note: One successful gmin step
Trying gmin =   6.3043E-09 Note: One successful gmin step
Trying gmin =   6.0340E-09 Note: One successful gmin step
Trying gmin =   5.6502E-09 Note: One successful gmin step
Trying gmin =   5.1198E-09 Note: One successful gmin step
Trying gmin =   4.4161E-09 Note: One successful gmin step
Trying gmin =   3.5376E-09 Note: One successful gmin step
Trying gmin =   2.5364E-09 Note: One successful gmin step
Trying gmin =   1.5399E-09 Note: One successful gmin step
Trying gmin =   7.2844E-10 Note: One successful gmin step
Trying gmin =   2.3700E-10 Note: One successful gmin step
Trying gmin =   4.3982E-11 Note: One successful gmin step
Trying gmin =   4.3982E-12 Note: One successful gmin step
Trying gmin =   1.0000E-12 Note: One successful gmin step
Note: Dynamic gmin stepping completed

Initial Transient Solution
--------------------------

Node                                   Voltage
----                                   -------
xdut.bpb                               0.24134
xdut.slice0.bpa_                       1.70955
avdd                                         3
en                                           3
xdut.slice1.bna_                      0.898666
avss                                         0
xdut.znp                               0.88784
xdut.bpa                               1.70955
xdut.bnb                               1.91987
xdut.zpp                               1.74045
xdut.bna                              0.898666
xdut.ypp                               2.92648
xdut.slice0.wp                         1.82628
xdut.znm                               1.06467
xdut.zpm                               1.73354
out                                   0.048703
xdut.ypm                               2.92646
xdut.xn                            1.37581e-09
xdut.slice1.bpa_                       1.70955
xdut.slice0.wn                        0.788593
xdut.ynm                             0.0836636
enb                                          0
xdut.slice1.wn                        0.788593
in                                        0.05
xdut.xp                                1.57225
xdut.slice0.bna_                      0.898666
xdut.ynp                             0.0839116
xdut.slice1.wp                         1.82628
ibias                                  1.91987
out_                                       1.5
v_out#branch                      -0.000290259
v_enb#branch                                 0
v_en#branch                             -3e-12
v_in#branch                             -5e-14
v_avdd#branch                     -0.000209383
v_avss#branch                      3.21873e-08


No. of Data Rows : 186

Total analysis time (seconds) = 440.734

Total elapsed time (seconds) = 494.676 

Total DRAM available = 7841.875 MB.
DRAM currently available =  381.664 MB.
Maximum ngspice program size = 2165.777 MB.
Current ngspice program size = 2146.492 MB.

Shared ngspice pages =   10.480 MB.
Text (code) pages =    5.461 MB.
Stack = 0 bytes.
Library pages = 2145.332 MB.

