
Note: Compatibility modes selected: hs a


Circuit: * num: 4 corner: fs vdd: 3.0 temp: -40

option SCALE: Scale is set to 1e-06 for instance and model parameters
option SCALE: Scale is set to 1e-06 for instance and model parameters
option SCALE: Scale is set to 1e-06 for instance and model parameters
option SCALE: Scale is set to 1e-06 for instance and model parameters
Warning: Model issue on line 0 :
  .model sky130_fd_pr__res_generic_m4 r tc1=    3.424000000000000e-03      ...
unrecognized parameter (tref) - ignored
Doing analysis at TEMP = -40.000000 and TNOM = 27.000000

Note: Starting dynamic gmin stepping
Trying gmin =   1.0000E-03 Note: One successful gmin step
Trying gmin =   1.0000E-04 Note: One successful gmin step
Trying gmin =   1.0000E-05 Note: One successful gmin step
Trying gmin =   1.0000E-06 Note: One successful gmin step
Trying gmin =   1.0000E-07 Warning: Further gmin increment
Trying gmin =   5.6234E-07 Note: One successful gmin step
Trying gmin =   2.3714E-07 Note: One successful gmin step
Trying gmin =   6.4938E-08 Note: One successful gmin step
Trying gmin =   9.3057E-09 Warning: Further gmin increment
Trying gmin =   3.9954E-08 Note: One successful gmin step
Trying gmin =   1.9282E-08 Warning: Further gmin increment
Trying gmin =   3.3301E-08 Note: One successful gmin step
Trying gmin =   2.5340E-08 Note: One successful gmin step
Trying gmin =   1.6820E-08 Note: One successful gmin step
Trying gmin =   9.0962E-09 Note: One successful gmin step
Trying gmin =   4.9192E-09 Warning: Further gmin increment
Trying gmin =   7.8005E-09 Note: One successful gmin step
Trying gmin =   6.1945E-09 Warning: Further gmin increment
Trying gmin =   7.3636E-09 Note: One successful gmin step
Trying gmin =   6.7538E-09 Note: One successful gmin step
Trying gmin =   5.9325E-09 Warning: Further gmin increment
Trying gmin =   6.5384E-09 Note: One successful gmin step
Trying gmin =   6.2281E-09 Note: One successful gmin step
Trying gmin =   5.7900E-09 Warning: Further gmin increment
Trying gmin =   6.1155E-09 Note: One successful gmin step
Trying gmin =   5.9505E-09 Note: One successful gmin step
Trying gmin =   5.7900E-09 Warning: Further gmin increment
Trying gmin =   5.9100E-09 Warning: Further gmin increment
Trying gmin =   5.9404E-09 Note: One successful gmin step
Trying gmin =   5.9302E-09 Note: One successful gmin step
Trying gmin =   5.9150E-09 Note: One successful gmin step
Trying gmin =   5.8923E-09 Note: One successful gmin step
Trying gmin =   5.8584E-09 Note: One successful gmin step
Trying gmin =   5.8080E-09 Note: One successful gmin step
Trying gmin =   5.7330E-09 Note: One successful gmin step
Trying gmin =   5.6225E-09 Note: One successful gmin step
Trying gmin =   5.4606E-09 Note: One successful gmin step
Trying gmin =   5.2266E-09 Note: One successful gmin step
Trying gmin =   4.8941E-09 Note: One successful gmin step
Trying gmin =   4.4347E-09 Note: One successful gmin step
Trying gmin =   3.8251E-09 Note: One successful gmin step
Trying gmin =   3.0642E-09 Note: One successful gmin step
Trying gmin =   2.1970E-09 Note: One successful gmin step
Trying gmin =   1.3338E-09 Note: One successful gmin step
Trying gmin =   6.3096E-10 Note: One successful gmin step
Trying gmin =   2.0528E-10 Note: One successful gmin step
Trying gmin =   3.8096E-11 Note: One successful gmin step
Trying gmin =   3.8096E-12 Note: One successful gmin step
Trying gmin =   1.0000E-12 Note: One successful gmin step
Note: Dynamic gmin stepping completed

Initial Transient Solution
--------------------------

Node                                   Voltage
----                                   -------
xdut.bpb                              0.637854
xdut.slice0.bpa_                        1.8884
avdd                                         3
en                                           3
xdut.slice1.bna_                       1.05086
avss                                         0
xdut.znp                               1.04061
xdut.bpa                                1.8884
xdut.bnb                               2.26385
xdut.zpp                               1.91969
xdut.bna                               1.05086
xdut.ypp                               2.92758
xdut.slice0.wp                         2.00323
xdut.znm                               1.21688
xdut.zpm                               1.91113
out                                  0.0495086
xdut.ypm                               2.92755
xdut.xn                            2.11184e-12
xdut.slice1.bpa_                        1.8884
xdut.slice0.wn                        0.940251
xdut.ynm                              0.084216
enb                                          0
xdut.slice1.wn                        0.940251
in                                        0.05
xdut.xp                                1.42633
xdut.slice0.bna_                       1.05086
xdut.ynp                             0.0842007
xdut.slice1.wp                         2.00323
ibias                                  2.26385
out_                                       1.5
v_out#branch                      -0.000290098
v_enb#branch                                 0
v_en#branch                             -3e-12
v_in#branch                             -5e-14
v_avdd#branch                     -0.000214845
v_avss#branch                      3.27608e-08


No. of Data Rows : 180
ERROR: (internal)  This operation is not defined for display type PrinterOnly.
Can't open viewport for graphics.
slewp               =  2.444845e-06 targ=  1.269902e-05 trig=  1.025418e-05
slewm               =  1.995975e-06 targ=  3.204710e-05 trig=  3.005113e-05
slewrp = 1.047101e+06
slewrm = 1.282581e+06
slewr = 1.164841e+06
binary raw file "../out/sp4.raw"
Doing analysis at TEMP = -40.000000 and TNOM = 27.000000

No. of Data Columns : 14741  
Note: Starting dynamic gmin stepping
Trying gmin =   1.0000E-03 Note: One successful gmin step
Trying gmin =   1.0000E-04 Note: One successful gmin step
Trying gmin =   1.0000E-05 Note: One successful gmin step
Trying gmin =   1.0000E-06 Note: One successful gmin step
Trying gmin =   1.0000E-07 Warning: Further gmin increment
Trying gmin =   5.6234E-07 Note: One successful gmin step
Trying gmin =   2.3714E-07 Note: One successful gmin step
Trying gmin =   6.4938E-08 Note: One successful gmin step
Trying gmin =   9.3057E-09 Warning: Further gmin increment
Trying gmin =   3.9954E-08 Note: One successful gmin step
Trying gmin =   1.9282E-08 Warning: Further gmin increment
Trying gmin =   3.3301E-08 Note: One successful gmin step
Trying gmin =   2.5340E-08 Note: One successful gmin step
Trying gmin =   1.6820E-08 Note: One successful gmin step
Trying gmin =   9.0962E-09 Note: One successful gmin step
Trying gmin =   4.9192E-09 Warning: Further gmin increment
Trying gmin =   7.8005E-09 Note: One successful gmin step
Trying gmin =   6.1945E-09 Warning: Further gmin increment
Trying gmin =   7.3636E-09 Note: One successful gmin step
Trying gmin =   6.7538E-09 Note: One successful gmin step
Trying gmin =   5.9325E-09 Warning: Further gmin increment
Trying gmin =   6.5384E-09 Note: One successful gmin step
Trying gmin =   6.2281E-09 Note: One successful gmin step
Trying gmin =   5.7900E-09 Warning: Further gmin increment
Trying gmin =   6.1155E-09 Note: One successful gmin step
Trying gmin =   5.9505E-09 Note: One successful gmin step
Trying gmin =   5.7900E-09 Warning: Further gmin increment
Trying gmin =   5.9100E-09 Warning: Further gmin increment
Trying gmin =   5.9404E-09 Note: One successful gmin step
Trying gmin =   5.9302E-09 Note: One successful gmin step
Trying gmin =   5.9150E-09 Note: One successful gmin step
Trying gmin =   5.8923E-09 Note: One successful gmin step
Trying gmin =   5.8584E-09 Note: One successful gmin step
Trying gmin =   5.8080E-09 Note: One successful gmin step
Trying gmin =   5.7330E-09 Note: One successful gmin step
Trying gmin =   5.6225E-09 Note: One successful gmin step
Trying gmin =   5.4606E-09 Note: One successful gmin step
Trying gmin =   5.2266E-09 Note: One successful gmin step
Trying gmin =   4.8941E-09 Note: One successful gmin step
Trying gmin =   4.4347E-09 Note: One successful gmin step
Trying gmin =   3.8251E-09 Note: One successful gmin step
Trying gmin =   3.0642E-09 Note: One successful gmin step
Trying gmin =   2.1970E-09 Note: One successful gmin step
Trying gmin =   1.3338E-09 Note: One successful gmin step
Trying gmin =   6.3096E-10 Note: One successful gmin step
Trying gmin =   2.0528E-10 Note: One successful gmin step
Trying gmin =   3.8096E-11 Note: One successful gmin step
Trying gmin =   3.8096E-12 Note: One successful gmin step
Trying gmin =   1.0000E-12 Note: One successful gmin step
Note: Dynamic gmin stepping completed

Initial Transient Solution
--------------------------

Node                                   Voltage
----                                   -------
xdut.bpb                              0.637854
xdut.slice0.bpa_                        1.8884
avdd                                         3
en                                           3
xdut.slice1.bna_                       1.05086
avss                                         0
xdut.znp                               1.04061
xdut.bpa                                1.8884
xdut.bnb                               2.26385
xdut.zpp                               1.91969
xdut.bna                               1.05086
xdut.ypp                               2.92758
xdut.slice0.wp                         2.00323
xdut.znm                               1.21688
xdut.zpm                               1.91113
out                                  0.0495086
xdut.ypm                               2.92755
xdut.xn                            2.11184e-12
xdut.slice1.bpa_                        1.8884
xdut.slice0.wn                        0.940251
xdut.ynm                              0.084216
enb                                          0
xdut.slice1.wn                        0.940251
in                                        0.05
xdut.xp                                1.42633
xdut.slice0.bna_                       1.05086
xdut.ynp                             0.0842007
xdut.slice1.wp                         2.00323
ibias                                  2.26385
out_                                       1.5
v_out#branch                      -0.000290098
v_enb#branch                                 0
v_en#branch                             -3e-12
v_in#branch                             -5e-14
v_avdd#branch                     -0.000214845
v_avss#branch                      3.27608e-08


No. of Data Rows : 180

Total analysis time (seconds) = 393.977

Total elapsed time (seconds) = 449.165 

Total DRAM available = 7841.875 MB.
DRAM currently available =  782.992 MB.
Maximum ngspice program size = 2165.777 MB.
Current ngspice program size = 2146.387 MB.

Shared ngspice pages =   10.371 MB.
Text (code) pages =    5.461 MB.
Stack = 0 bytes.
Library pages = 2145.332 MB.

