
Note: Compatibility modes selected: hs a


Circuit: * num: 5 corner: ll vdd: 3.0 temp: -40

option SCALE: Scale is set to 1e-06 for instance and model parameters
option SCALE: Scale is set to 1e-06 for instance and model parameters
option SCALE: Scale is set to 1e-06 for instance and model parameters
option SCALE: Scale is set to 1e-06 for instance and model parameters
Warning: Model issue on line 0 :
  .model sky130_fd_pr__res_generic_m4 r tc1=    3.424000000000000e-03      ...
unrecognized parameter (tref) - ignored
Doing analysis at TEMP = -40.000000 and TNOM = 27.000000

Note: Starting dynamic gmin stepping
Trying gmin =   1.0000E-03 Note: One successful gmin step
Trying gmin =   1.0000E-04 Note: One successful gmin step
Trying gmin =   1.0000E-05 Note: One successful gmin step
Trying gmin =   1.0000E-06 Note: One successful gmin step
Trying gmin =   1.0000E-07 Warning: Further gmin increment
Trying gmin =   5.6234E-07 Note: One successful gmin step
Trying gmin =   2.3714E-07 Note: One successful gmin step
Trying gmin =   6.4938E-08 Note: One successful gmin step
Trying gmin =   9.3057E-09 Warning: Further gmin increment
Trying gmin =   3.9954E-08 Note: One successful gmin step
Trying gmin =   1.9282E-08 Note: One successful gmin step
Trying gmin =   6.4647E-09 Warning: Further gmin increment
Trying gmin =   1.4672E-08 Note: One successful gmin step
Trying gmin =   9.7392E-09 Warning: Further gmin increment
Trying gmin =   1.3244E-08 Note: One successful gmin step
Trying gmin =   1.1357E-08 Note: One successful gmin step
Trying gmin =   9.0189E-09 Note: One successful gmin step
Trying gmin =   6.3824E-09 Warning: Further gmin increment
Trying gmin =   8.2720E-09 Note: One successful gmin step
Trying gmin =   7.2661E-09 Warning: Further gmin increment
Trying gmin =   8.0082E-09 Note: One successful gmin step
Trying gmin =   7.6281E-09 Note: One successful gmin step
Trying gmin =   7.0915E-09 Note: One successful gmin step
Trying gmin =   6.3566E-09 Warning: Further gmin increment
Trying gmin =   6.9002E-09 Note: One successful gmin step
Trying gmin =   6.6228E-09 Note: One successful gmin step
Trying gmin =   6.2275E-09 Warning: Further gmin increment
Trying gmin =   6.5217E-09 Note: One successful gmin step
Trying gmin =   6.3729E-09 Note: One successful gmin step
Trying gmin =   6.1561E-09 Warning: Further gmin increment
Trying gmin =   6.3180E-09 Warning: Further gmin increment
Trying gmin =   6.3592E-09 Note: One successful gmin step
Trying gmin =   6.3385E-09 Note: One successful gmin step
Trying gmin =   6.3078E-09 Note: One successful gmin step
Trying gmin =   6.2619E-09 Note: One successful gmin step
Trying gmin =   6.1937E-09 Note: One successful gmin step
Trying gmin =   6.0927E-09 Note: One successful gmin step
Trying gmin =   5.9444E-09 Note: One successful gmin step
Trying gmin =   5.7287E-09 Note: One successful gmin step
Trying gmin =   5.4197E-09 Note: One successful gmin step
Trying gmin =   4.9871E-09 Note: One successful gmin step
Trying gmin =   4.4022E-09 Note: One successful gmin step
Trying gmin =   3.6509E-09 Note: One successful gmin step
Trying gmin =   2.7573E-09 Note: One successful gmin step
Trying gmin =   1.8097E-09 Note: One successful gmin step
Trying gmin =   9.6230E-10 Note: One successful gmin step
Trying gmin =   3.7313E-10 Note: One successful gmin step
Trying gmin =   9.0090E-11 Note: One successful gmin step
Trying gmin =   1.0688E-11 Note: One successful gmin step
Trying gmin =   1.0688E-12 Note: One successful gmin step
Trying gmin =   1.0000E-12 Note: One successful gmin step
Note: Dynamic gmin stepping completed

Initial Transient Solution
--------------------------

Node                                   Voltage
----                                   -------
xdut.bpb                              0.439162
xdut.slice0.bpa_                       1.79884
avdd                                         3
en                                           3
xdut.slice1.bna_                      0.974729
avss                                         0
xdut.znp                              0.964275
xdut.bpa                               1.79884
xdut.bnb                               2.09203
xdut.zpp                               1.83007
xdut.bna                              0.974729
xdut.ypp                               2.92702
xdut.slice0.wp                         1.91467
xdut.znm                               1.14026
xdut.zpm                               1.82215
out                                   0.049284
xdut.ypm                                 2.927
xdut.xn                            6.17671e-11
xdut.slice1.bpa_                       1.79884
xdut.slice0.wn                         0.86439
xdut.ynm                             0.0839933
enb                                          0
xdut.slice1.wn                         0.86439
in                                        0.05
xdut.xp                                1.49951
xdut.slice0.bna_                      0.974729
xdut.ynp                             0.0840478
xdut.slice1.wp                         1.91467
ibias                                  2.09203
out_                                       1.5
v_out#branch                      -0.000290143
v_enb#branch                                 0
v_en#branch                             -3e-12
v_in#branch                             -5e-14
v_avdd#branch                     -0.000212662
v_avss#branch                      3.24827e-08


No. of Data Rows : 193
ERROR: (internal)  This operation is not defined for display type PrinterOnly.
Can't open viewport for graphics.
slewp               =  2.220262e-06 targ=  1.245425e-05 trig=  1.023398e-05
slewm               =  1.728425e-06 targ=  3.178065e-05 trig=  3.005223e-05
slewrp = 1.153017e+06
slewrm = 1.481117e+06
slewr = 1.317067e+06
binary raw file "../out/sp5.raw"
Doing analysis at TEMP = -40.000000 and TNOM = 27.000000

No. of Data Columns : 14741  
Note: Starting dynamic gmin stepping
Trying gmin =   1.0000E-03 Note: One successful gmin step
Trying gmin =   1.0000E-04 Note: One successful gmin step
Trying gmin =   1.0000E-05 Note: One successful gmin step
Trying gmin =   1.0000E-06 Note: One successful gmin step
Trying gmin =   1.0000E-07 Warning: Further gmin increment
Trying gmin =   5.6234E-07 Note: One successful gmin step
Trying gmin =   2.3714E-07 Note: One successful gmin step
Trying gmin =   6.4938E-08 Note: One successful gmin step
Trying gmin =   9.3057E-09 Warning: Further gmin increment
Trying gmin =   3.9954E-08 Note: One successful gmin step
Trying gmin =   1.9282E-08 Note: One successful gmin step
Trying gmin =   6.4647E-09 Warning: Further gmin increment
Trying gmin =   1.4672E-08 Note: One successful gmin step
Trying gmin =   9.7392E-09 Warning: Further gmin increment
Trying gmin =   1.3244E-08 Note: One successful gmin step
Trying gmin =   1.1357E-08 Note: One successful gmin step
Trying gmin =   9.0189E-09 Note: One successful gmin step
Trying gmin =   6.3824E-09 Warning: Further gmin increment
Trying gmin =   8.2720E-09 Note: One successful gmin step
Trying gmin =   7.2661E-09 Warning: Further gmin increment
Trying gmin =   8.0082E-09 Note: One successful gmin step
Trying gmin =   7.6281E-09 Note: One successful gmin step
Trying gmin =   7.0915E-09 Note: One successful gmin step
Trying gmin =   6.3566E-09 Warning: Further gmin increment
Trying gmin =   6.9002E-09 Note: One successful gmin step
Trying gmin =   6.6228E-09 Note: One successful gmin step
Trying gmin =   6.2275E-09 Warning: Further gmin increment
Trying gmin =   6.5217E-09 Note: One successful gmin step
Trying gmin =   6.3729E-09 Note: One successful gmin step
Trying gmin =   6.1561E-09 Warning: Further gmin increment
Trying gmin =   6.3180E-09 Warning: Further gmin increment
Trying gmin =   6.3592E-09 Note: One successful gmin step
Trying gmin =   6.3385E-09 Note: One successful gmin step
Trying gmin =   6.3078E-09 Note: One successful gmin step
Trying gmin =   6.2619E-09 Note: One successful gmin step
Trying gmin =   6.1937E-09 Note: One successful gmin step
Trying gmin =   6.0927E-09 Note: One successful gmin step
Trying gmin =   5.9444E-09 Note: One successful gmin step
Trying gmin =   5.7287E-09 Note: One successful gmin step
Trying gmin =   5.4197E-09 Note: One successful gmin step
Trying gmin =   4.9871E-09 Note: One successful gmin step
Trying gmin =   4.4022E-09 Note: One successful gmin step
Trying gmin =   3.6509E-09 Note: One successful gmin step
Trying gmin =   2.7573E-09 Note: One successful gmin step
Trying gmin =   1.8097E-09 Note: One successful gmin step
Trying gmin =   9.6230E-10 Note: One successful gmin step
Trying gmin =   3.7313E-10 Note: One successful gmin step
Trying gmin =   9.0090E-11 Note: One successful gmin step
Trying gmin =   1.0688E-11 Note: One successful gmin step
Trying gmin =   1.0688E-12 Note: One successful gmin step
Trying gmin =   1.0000E-12 Note: One successful gmin step
Note: Dynamic gmin stepping completed

Initial Transient Solution
--------------------------

Node                                   Voltage
----                                   -------
xdut.bpb                              0.439162
xdut.slice0.bpa_                       1.79884
avdd                                         3
en                                           3
xdut.slice1.bna_                      0.974729
avss                                         0
xdut.znp                              0.964275
xdut.bpa                               1.79884
xdut.bnb                               2.09203
xdut.zpp                               1.83007
xdut.bna                              0.974729
xdut.ypp                               2.92702
xdut.slice0.wp                         1.91467
xdut.znm                               1.14026
xdut.zpm                               1.82215
out                                   0.049284
xdut.ypm                                 2.927
xdut.xn                            6.17671e-11
xdut.slice1.bpa_                       1.79884
xdut.slice0.wn                         0.86439
xdut.ynm                             0.0839933
enb                                          0
xdut.slice1.wn                         0.86439
in                                        0.05
xdut.xp                                1.49951
xdut.slice0.bna_                      0.974729
xdut.ynp                             0.0840478
xdut.slice1.wp                         1.91467
ibias                                  2.09203
out_                                       1.5
v_out#branch                      -0.000290143
v_enb#branch                                 0
v_en#branch                             -3e-12
v_in#branch                             -5e-14
v_avdd#branch                     -0.000212662
v_avss#branch                      3.24827e-08


No. of Data Rows : 193

Total analysis time (seconds) = 408.376

Total elapsed time (seconds) = 461.924 

Total DRAM available = 7841.875 MB.
DRAM currently available =  661.340 MB.
Maximum ngspice program size = 2165.766 MB.
Current ngspice program size = 2146.496 MB.

Shared ngspice pages =   10.488 MB.
Text (code) pages =    5.461 MB.
Stack = 0 bytes.
Library pages = 2145.320 MB.

