
Note: Compatibility modes selected: hs a


Circuit: * num: 7 corner: ss vdd: 3.0 temp: 85

option SCALE: Scale is set to 1e-06 for instance and model parameters
option SCALE: Scale is set to 1e-06 for instance and model parameters
option SCALE: Scale is set to 1e-06 for instance and model parameters
option SCALE: Scale is set to 1e-06 for instance and model parameters
Warning: Model issue on line 0 :
  .model sky130_fd_pr__res_generic_m4 r tc1=    3.424000000000000e-03      ...
unrecognized parameter (tref) - ignored
Doing analysis at TEMP = 85.000000 and TNOM = 27.000000

Note: Starting dynamic gmin stepping
Trying gmin =   1.0000E-03 Note: One successful gmin step
Trying gmin =   1.0000E-04 Note: One successful gmin step
Trying gmin =   1.0000E-05 Note: One successful gmin step
Trying gmin =   1.0000E-06 Note: One successful gmin step
Trying gmin =   1.0000E-07 Warning: Further gmin increment
Trying gmin =   5.6234E-07 Note: One successful gmin step
Trying gmin =   2.3714E-07 Note: One successful gmin step
Trying gmin =   6.4938E-08 Note: One successful gmin step
Trying gmin =   9.3057E-09 Warning: Further gmin increment
Trying gmin =   3.9954E-08 Note: One successful gmin step
Trying gmin =   1.9282E-08 Note: One successful gmin step
Trying gmin =   6.4647E-09 Warning: Further gmin increment
Trying gmin =   1.4672E-08 Note: One successful gmin step
Trying gmin =   9.7392E-09 Note: One successful gmin step
Trying gmin =   5.2669E-09 Warning: Further gmin increment
Trying gmin =   8.3519E-09 Note: One successful gmin step
Trying gmin =   6.6324E-09 Warning: Further gmin increment
Trying gmin =   7.8842E-09 Note: One successful gmin step
Trying gmin =   7.2312E-09 Note: One successful gmin step
Trying gmin =   6.3518E-09 Warning: Further gmin increment
Trying gmin =   7.0006E-09 Note: One successful gmin step
Trying gmin =   6.6683E-09 Note: One successful gmin step
Trying gmin =   6.1993E-09 Warning: Further gmin increment
Trying gmin =   6.5478E-09 Warning: Further gmin increment
Trying gmin =   6.6380E-09 Note: One successful gmin step
Trying gmin =   6.5928E-09 Note: One successful gmin step
Trying gmin =   6.5255E-09 Note: One successful gmin step
Trying gmin =   6.4259E-09 Note: One successful gmin step
Trying gmin =   6.2793E-09 Note: One successful gmin step
Trying gmin =   6.0656E-09 Note: One successful gmin step
Trying gmin =   5.7587E-09 Note: One successful gmin step
Trying gmin =   5.3272E-09 Note: One successful gmin step
Trying gmin =   4.7398E-09 Note: One successful gmin step
Trying gmin =   3.9779E-09 Note: One successful gmin step
Trying gmin =   3.0583E-09 Note: One successful gmin step
Trying gmin =   2.0618E-09 Note: One successful gmin step
Trying gmin =   1.1412E-09 Note: One successful gmin step
Trying gmin =   4.6997E-10 Note: One successful gmin step
Trying gmin =   1.2420E-10 Note: One successful gmin step
Trying gmin =   1.6873E-11 Note: One successful gmin step
Trying gmin =   1.6873E-12 Note: One successful gmin step
Trying gmin =   1.0000E-12 Note: One successful gmin step
Note: Dynamic gmin stepping completed

Initial Transient Solution
--------------------------

Node                                   Voltage
----                                   -------
xdut.bpb                              0.860339
xdut.slice0.bpa_                       1.96114
avdd                                         3
en                                           3
xdut.slice1.bna_                      0.877224
avss                                         0
xdut.znp                              0.861115
xdut.bpa                               1.96114
xdut.bnb                               1.80497
xdut.zpp                               2.00584
xdut.bna                              0.877224
xdut.ypp                               2.90089
xdut.slice0.wp                         2.11814
xdut.znm                               1.21517
xdut.zpm                               1.99207
out                                    0.04993
xdut.ypm                               2.90083
xdut.xn                            6.75353e-06
xdut.slice1.bpa_                       1.96114
xdut.slice0.wn                        0.714901
xdut.ynm                              0.121702
enb                                          0
xdut.slice1.wn                        0.714901
in                                        0.05
xdut.xp                                1.32952
xdut.slice0.bna_                      0.877224
xdut.ynp                              0.121141
xdut.slice1.wp                         2.11814
ibias                                  1.80497
out_                                       1.5
v_out#branch                      -0.000290014
v_enb#branch                                 0
v_en#branch                             -3e-12
v_in#branch                             -5e-14
v_avdd#branch                     -0.000206117
v_avss#branch                      3.26803e-08


No. of Data Rows : 184
ERROR: (internal)  This operation is not defined for display type PrinterOnly.
Can't open viewport for graphics.
slewp               =  2.556275e-06 targ=  1.284091e-05 trig=  1.028463e-05
slewm               =  1.877376e-06 targ=  3.194454e-05 trig=  3.006716e-05
slewrp = 1.001457e+06
slewrm = 1.363605e+06
slewr = 1.182531e+06
binary raw file "../out/sp7.raw"
Doing analysis at TEMP = 85.000000 and TNOM = 27.000000

No. of Data Columns : 14741  
Note: Starting dynamic gmin stepping
Trying gmin =   1.0000E-03 Note: One successful gmin step
Trying gmin =   1.0000E-04 Note: One successful gmin step
Trying gmin =   1.0000E-05 Note: One successful gmin step
Trying gmin =   1.0000E-06 Note: One successful gmin step
Trying gmin =   1.0000E-07 Warning: Further gmin increment
Trying gmin =   5.6234E-07 Note: One successful gmin step
Trying gmin =   2.3714E-07 Note: One successful gmin step
Trying gmin =   6.4938E-08 Note: One successful gmin step
Trying gmin =   9.3057E-09 Warning: Further gmin increment
Trying gmin =   3.9954E-08 Note: One successful gmin step
Trying gmin =   1.9282E-08 Note: One successful gmin step
Trying gmin =   6.4647E-09 Warning: Further gmin increment
Trying gmin =   1.4672E-08 Note: One successful gmin step
Trying gmin =   9.7392E-09 Note: One successful gmin step
Trying gmin =   5.2669E-09 Warning: Further gmin increment
Trying gmin =   8.3519E-09 Note: One successful gmin step
Trying gmin =   6.6324E-09 Warning: Further gmin increment
Trying gmin =   7.8842E-09 Note: One successful gmin step
Trying gmin =   7.2312E-09 Note: One successful gmin step
Trying gmin =   6.3518E-09 Warning: Further gmin increment
Trying gmin =   7.0006E-09 Note: One successful gmin step
Trying gmin =   6.6683E-09 Note: One successful gmin step
Trying gmin =   6.1993E-09 Warning: Further gmin increment
Trying gmin =   6.5478E-09 Warning: Further gmin increment
Trying gmin =   6.6380E-09 Note: One successful gmin step
Trying gmin =   6.5928E-09 Note: One successful gmin step
Trying gmin =   6.5255E-09 Note: One successful gmin step
Trying gmin =   6.4259E-09 Note: One successful gmin step
Trying gmin =   6.2793E-09 Note: One successful gmin step
Trying gmin =   6.0656E-09 Note: One successful gmin step
Trying gmin =   5.7587E-09 Note: One successful gmin step
Trying gmin =   5.3272E-09 Note: One successful gmin step
Trying gmin =   4.7398E-09 Note: One successful gmin step
Trying gmin =   3.9779E-09 Note: One successful gmin step
Trying gmin =   3.0583E-09 Note: One successful gmin step
Trying gmin =   2.0618E-09 Note: One successful gmin step
Trying gmin =   1.1412E-09 Note: One successful gmin step
Trying gmin =   4.6997E-10 Note: One successful gmin step
Trying gmin =   1.2420E-10 Note: One successful gmin step
Trying gmin =   1.6873E-11 Note: One successful gmin step
Trying gmin =   1.6873E-12 Note: One successful gmin step
Trying gmin =   1.0000E-12 Note: One successful gmin step
Note: Dynamic gmin stepping completed

Initial Transient Solution
--------------------------

Node                                   Voltage
----                                   -------
xdut.bpb                              0.860339
xdut.slice0.bpa_                       1.96114
avdd                                         3
en                                           3
xdut.slice1.bna_                      0.877224
avss                                         0
xdut.znp                              0.861115
xdut.bpa                               1.96114
xdut.bnb                               1.80497
xdut.zpp                               2.00584
xdut.bna                              0.877224
xdut.ypp                               2.90089
xdut.slice0.wp                         2.11814
xdut.znm                               1.21517
xdut.zpm                               1.99207
out                                    0.04993
xdut.ypm                               2.90083
xdut.xn                            6.75353e-06
xdut.slice1.bpa_                       1.96114
xdut.slice0.wn                        0.714901
xdut.ynm                              0.121702
enb                                          0
xdut.slice1.wn                        0.714901
in                                        0.05
xdut.xp                                1.32952
xdut.slice0.bna_                      0.877224
xdut.ynp                              0.121141
xdut.slice1.wp                         2.11814
ibias                                  1.80497
out_                                       1.5
v_out#branch                      -0.000290014
v_enb#branch                                 0
v_en#branch                             -3e-12
v_in#branch                             -5e-14
v_avdd#branch                     -0.000206117
v_avss#branch                      3.26803e-08


No. of Data Rows : 184

Total analysis time (seconds) = 340.748

Total elapsed time (seconds) = 391.867 

Total DRAM available = 7841.875 MB.
DRAM currently available =  625.223 MB.
Maximum ngspice program size = 2165.766 MB.
Current ngspice program size = 2146.402 MB.

Shared ngspice pages =   10.340 MB.
Text (code) pages =    5.461 MB.
Stack = 0 bytes.
Library pages = 2145.320 MB.

