
Note: Compatibility modes selected: hs a


Circuit: * num: 9 corner: sf vdd: 3.0 temp: 85

option SCALE: Scale is set to 1e-06 for instance and model parameters
option SCALE: Scale is set to 1e-06 for instance and model parameters
option SCALE: Scale is set to 1e-06 for instance and model parameters
option SCALE: Scale is set to 1e-06 for instance and model parameters
Warning: Model issue on line 0 :
  .model sky130_fd_pr__res_generic_m4 r tc1=    3.424000000000000e-03      ...
unrecognized parameter (tref) - ignored
Doing analysis at TEMP = 85.000000 and TNOM = 27.000000

Note: Starting dynamic gmin stepping
Trying gmin =   1.0000E-03 Note: One successful gmin step
Trying gmin =   1.0000E-04 Note: One successful gmin step
Trying gmin =   1.0000E-05 Note: One successful gmin step
Trying gmin =   1.0000E-06 Note: One successful gmin step
Trying gmin =   3.1623E-07 Note: One successful gmin step
Trying gmin =   1.7783E-07 Note: One successful gmin step
Trying gmin =   7.4989E-08 Note: One successful gmin step
Trying gmin =   2.0535E-08 Note: One successful gmin step
Trying gmin =   2.9427E-09 Warning: Further gmin increment
Trying gmin =   1.2635E-08 Note: One successful gmin step
Trying gmin =   6.0976E-09 Warning: Further gmin increment
Trying gmin =   1.0531E-08 Note: One successful gmin step
Trying gmin =   8.0132E-09 Warning: Further gmin increment
Trying gmin =   9.8355E-09 Note: One successful gmin step
Trying gmin =   8.8778E-09 Note: One successful gmin step
Trying gmin =   7.6131E-09 Note: One successful gmin step
Trying gmin =   6.0457E-09 Warning: Further gmin increment
Trying gmin =   7.1868E-09 Warning: Further gmin increment
Trying gmin =   7.5042E-09 Note: One successful gmin step
Trying gmin =   7.3438E-09 Note: One successful gmin step
Trying gmin =   7.1095E-09 Note: One successful gmin step
Trying gmin =   6.7721E-09 Note: One successful gmin step
Trying gmin =   6.2957E-09 Note: One successful gmin step
Trying gmin =   5.6433E-09 Note: One successful gmin step
Trying gmin =   4.7892E-09 Note: One successful gmin step
Trying gmin =   3.7441E-09 Note: One successful gmin step
Trying gmin =   2.5882E-09 Note: One successful gmin step
Trying gmin =   1.4875E-09 Note: One successful gmin step
Trying gmin =   6.4809E-10 Note: One successful gmin step
Trying gmin =   1.8639E-10 Note: One successful gmin step
Trying gmin =   2.8746E-11 Note: One successful gmin step
Trying gmin =   2.8746E-12 Note: One successful gmin step
Trying gmin =   1.0000E-12 Note: One successful gmin step
Note: Dynamic gmin stepping completed

Initial Transient Solution
--------------------------

Node                                   Voltage
----                                   -------
xdut.bpb                              0.763822
xdut.slice0.bpa_                        1.9179
avdd                                         3
en                                           3
xdut.slice1.bna_                      0.764728
avss                                         0
xdut.znp                              0.748637
xdut.bpa                                1.9179
xdut.bnb                               1.54827
xdut.zpp                               1.96248
xdut.bna                              0.764728
xdut.ypp                               2.90061
xdut.slice0.wp                         2.07506
xdut.znm                                1.0924
xdut.zpm                               1.94862
out                                  0.0500584
xdut.ypm                               2.90054
xdut.xn                            3.57821e-05
xdut.slice1.bpa_                        1.9179
xdut.slice0.wn                        0.603573
xdut.ynm                              0.121092
enb                                          0
xdut.slice1.wn                        0.603573
in                                        0.05
xdut.xp                                1.36486
xdut.slice0.bna_                      0.764728
xdut.ynp                              0.120408
xdut.slice1.wp                         2.07506
ibias                                  1.54827
out_                                       1.5
v_out#branch                      -0.000289988
v_enb#branch                                 0
v_en#branch                             -3e-12
v_in#branch                             -5e-14
v_avdd#branch                     -0.000206789
v_avss#branch                      3.24107e-08


No. of Data Rows : 178
ERROR: (internal)  This operation is not defined for display type PrinterOnly.
Can't open viewport for graphics.
slewp               =  2.570770e-06 targ=  1.285526e-05 trig=  1.028449e-05
slewm               =  1.796411e-06 targ=  3.186383e-05 trig=  3.006742e-05
slewrp = 9.958106e+05
slewrm = 1.425064e+06
slewr = 1.210437e+06
binary raw file "../out/sp9.raw"
Doing analysis at TEMP = 85.000000 and TNOM = 27.000000

No. of Data Columns : 14741  
Note: Starting dynamic gmin stepping
Trying gmin =   1.0000E-03 Note: One successful gmin step
Trying gmin =   1.0000E-04 Note: One successful gmin step
Trying gmin =   1.0000E-05 Note: One successful gmin step
Trying gmin =   1.0000E-06 Note: One successful gmin step
Trying gmin =   3.1623E-07 Note: One successful gmin step
Trying gmin =   1.7783E-07 Note: One successful gmin step
Trying gmin =   7.4989E-08 Note: One successful gmin step
Trying gmin =   2.0535E-08 Note: One successful gmin step
Trying gmin =   2.9427E-09 Warning: Further gmin increment
Trying gmin =   1.2635E-08 Note: One successful gmin step
Trying gmin =   6.0976E-09 Warning: Further gmin increment
Trying gmin =   1.0531E-08 Note: One successful gmin step
Trying gmin =   8.0132E-09 Warning: Further gmin increment
Trying gmin =   9.8355E-09 Note: One successful gmin step
Trying gmin =   8.8778E-09 Note: One successful gmin step
Trying gmin =   7.6131E-09 Note: One successful gmin step
Trying gmin =   6.0457E-09 Warning: Further gmin increment
Trying gmin =   7.1868E-09 Warning: Further gmin increment
Trying gmin =   7.5042E-09 Note: One successful gmin step
Trying gmin =   7.3438E-09 Note: One successful gmin step
Trying gmin =   7.1095E-09 Note: One successful gmin step
Trying gmin =   6.7721E-09 Note: One successful gmin step
Trying gmin =   6.2957E-09 Note: One successful gmin step
Trying gmin =   5.6433E-09 Note: One successful gmin step
Trying gmin =   4.7892E-09 Note: One successful gmin step
Trying gmin =   3.7441E-09 Note: One successful gmin step
Trying gmin =   2.5882E-09 Note: One successful gmin step
Trying gmin =   1.4875E-09 Note: One successful gmin step
Trying gmin =   6.4809E-10 Note: One successful gmin step
Trying gmin =   1.8639E-10 Note: One successful gmin step
Trying gmin =   2.8746E-11 Note: One successful gmin step
Trying gmin =   2.8746E-12 Note: One successful gmin step
Trying gmin =   1.0000E-12 Note: One successful gmin step
Note: Dynamic gmin stepping completed

Initial Transient Solution
--------------------------

Node                                   Voltage
----                                   -------
xdut.bpb                              0.763822
xdut.slice0.bpa_                        1.9179
avdd                                         3
en                                           3
xdut.slice1.bna_                      0.764728
avss                                         0
xdut.znp                              0.748637
xdut.bpa                                1.9179
xdut.bnb                               1.54827
xdut.zpp                               1.96248
xdut.bna                              0.764728
xdut.ypp                               2.90061
xdut.slice0.wp                         2.07506
xdut.znm                                1.0924
xdut.zpm                               1.94862
out                                  0.0500584
xdut.ypm                               2.90054
xdut.xn                            3.57821e-05
xdut.slice1.bpa_                        1.9179
xdut.slice0.wn                        0.603573
xdut.ynm                              0.121092
enb                                          0
xdut.slice1.wn                        0.603573
in                                        0.05
xdut.xp                                1.36486
xdut.slice0.bna_                      0.764728
xdut.ynp                              0.120408
xdut.slice1.wp                         2.07506
ibias                                  1.54827
out_                                       1.5
v_out#branch                      -0.000289988
v_enb#branch                                 0
v_en#branch                             -3e-12
v_in#branch                             -5e-14
v_avdd#branch                     -0.000206789
v_avss#branch                      3.24107e-08


No. of Data Rows : 178

Total analysis time (seconds) = 291.638

Total elapsed time (seconds) = 343.666 

Total DRAM available = 7841.875 MB.
DRAM currently available =  586.039 MB.
Maximum ngspice program size = 2165.773 MB.
Current ngspice program size = 2146.555 MB.

Shared ngspice pages =   10.539 MB.
Text (code) pages =    5.461 MB.
Stack = 0 bytes.
Library pages = 2145.328 MB.

