
Note: Compatibility modes selected: hs a


Circuit: * num: 0 corner: tt vdd: 3.3 temp: 25

option SCALE: Scale is set to 1e-06 for instance and model parameters
option SCALE: Scale is set to 1e-06 for instance and model parameters
option SCALE: Scale is set to 1e-06 for instance and model parameters
option SCALE: Scale is set to 1e-06 for instance and model parameters
Doing analysis at TEMP = 25.000000 and TNOM = 27.000000

Note: Starting dynamic gmin stepping
Trying gmin =   1.0000E-03 Note: One successful gmin step
Trying gmin =   1.0000E-04 Note: One successful gmin step
Trying gmin =   1.0000E-05 Note: One successful gmin step
Trying gmin =   1.0000E-06 Warning: Further gmin increment
Trying gmin =   5.6234E-06 Note: One successful gmin step
Trying gmin =   2.3714E-06 Note: One successful gmin step
Trying gmin =   1.0000E-06 Note: One successful gmin step
Trying gmin =   2.7384E-07 Note: One successful gmin step
Trying gmin =   3.9242E-08 Warning: Further gmin increment
Trying gmin =   1.6849E-07 Note: One successful gmin step
Trying gmin =   8.1312E-08 Note: One successful gmin step
Trying gmin =   2.7261E-08 Note: One successful gmin step
Trying gmin =   5.2922E-09 Warning: Further gmin increment
Trying gmin =   1.8095E-08 Note: One successful gmin step
Trying gmin =   9.7859E-09 Note: One successful gmin step
Trying gmin =   3.8918E-09 Warning: Further gmin increment
Trying gmin =   7.7712E-09 Warning: Further gmin increment
Trying gmin =   9.2379E-09 Note: One successful gmin step
Trying gmin =   8.4729E-09 Note: One successful gmin step
Trying gmin =   7.4425E-09 Warning: Further gmin increment
Trying gmin =   8.2026E-09 Note: One successful gmin step
Trying gmin =   7.8133E-09 Note: One successful gmin step
Trying gmin =   7.2637E-09 Note: One successful gmin step
Trying gmin =   6.5109E-09 Note: One successful gmin step
Trying gmin =   5.5255E-09 Note: One successful gmin step
Trying gmin =   4.3198E-09 Note: One successful gmin step
Trying gmin =   2.9861E-09 Note: One successful gmin step
Trying gmin =   1.7162E-09 Note: One successful gmin step
Trying gmin =   7.4773E-10 Note: One successful gmin step
Trying gmin =   2.1504E-10 Note: One successful gmin step
Trying gmin =   3.3166E-11 Note: One successful gmin step
Trying gmin =   3.3166E-12 Note: One successful gmin step
Trying gmin =   1.0000E-12 Note: One successful gmin step
Note: Dynamic gmin stepping completed

No. of Data Rows : 1
Doing analysis at TEMP = 25.000000 and TNOM = 27.000000

Note: Starting dynamic gmin stepping
Trying gmin =   1.0000E-03 Note: One successful gmin step
Trying gmin =   1.0000E-04 Note: One successful gmin step
Trying gmin =   1.0000E-05 Note: One successful gmin step
Trying gmin =   1.0000E-06 Warning: Further gmin increment
Trying gmin =   5.6234E-06 Note: One successful gmin step
Trying gmin =   2.3714E-06 Note: One successful gmin step
Trying gmin =   1.0000E-06 Note: One successful gmin step
Trying gmin =   2.7384E-07 Note: One successful gmin step
Trying gmin =   3.9242E-08 Warning: Further gmin increment
Trying gmin =   1.6849E-07 Note: One successful gmin step
Trying gmin =   8.1312E-08 Note: One successful gmin step
Trying gmin =   2.7261E-08 Note: One successful gmin step
Trying gmin =   5.2922E-09 Warning: Further gmin increment
Trying gmin =   1.8095E-08 Note: One successful gmin step
Trying gmin =   9.7859E-09 Note: One successful gmin step
Trying gmin =   3.8918E-09 Warning: Further gmin increment
Trying gmin =   7.7712E-09 Warning: Further gmin increment
Trying gmin =   9.2379E-09 Note: One successful gmin step
Trying gmin =   8.4729E-09 Note: One successful gmin step
Trying gmin =   7.4425E-09 Warning: Further gmin increment
Trying gmin =   8.2026E-09 Note: One successful gmin step
Trying gmin =   7.8133E-09 Note: One successful gmin step
Trying gmin =   7.2637E-09 Note: One successful gmin step
Trying gmin =   6.5109E-09 Note: One successful gmin step
Trying gmin =   5.5255E-09 Note: One successful gmin step
Trying gmin =   4.3198E-09 Note: One successful gmin step
Trying gmin =   2.9861E-09 Note: One successful gmin step
Trying gmin =   1.7162E-09 Note: One successful gmin step
Trying gmin =   7.4773E-10 Note: One successful gmin step
Trying gmin =   2.1504E-10 Note: One successful gmin step
Trying gmin =   3.3166E-11 Note: One successful gmin step
Trying gmin =   3.3166E-12 Note: One successful gmin step
Trying gmin =   1.0000E-12 Note: One successful gmin step
Note: Dynamic gmin stepping completed

No. of Data Rows : 121
Doing analysis at TEMP = 25.000000 and TNOM = 27.000000

Note: Starting dynamic gmin stepping
Trying gmin =   1.0000E-03 Note: One successful gmin step
Trying gmin =   1.0000E-04 Note: One successful gmin step
Trying gmin =   1.0000E-05 Note: One successful gmin step
Trying gmin =   1.0000E-06 Warning: Further gmin increment
Trying gmin =   5.6234E-06 Note: One successful gmin step
Trying gmin =   2.3714E-06 Note: One successful gmin step
Trying gmin =   1.0000E-06 Note: One successful gmin step
Trying gmin =   2.7384E-07 Note: One successful gmin step
Trying gmin =   3.9242E-08 Warning: Further gmin increment
Trying gmin =   1.6849E-07 Note: One successful gmin step
Trying gmin =   8.1312E-08 Note: One successful gmin step
Trying gmin =   2.7261E-08 Note: One successful gmin step
Trying gmin =   5.2922E-09 Warning: Further gmin increment
Trying gmin =   1.8095E-08 Note: One successful gmin step
Trying gmin =   9.7859E-09 Note: One successful gmin step
Trying gmin =   3.8918E-09 Warning: Further gmin increment
Trying gmin =   7.7712E-09 Warning: Further gmin increment
Trying gmin =   9.2379E-09 Note: One successful gmin step
Trying gmin =   8.4729E-09 Note: One successful gmin step
Trying gmin =   7.4425E-09 Warning: Further gmin increment
Trying gmin =   8.2026E-09 Note: One successful gmin step
Trying gmin =   7.8133E-09 Note: One successful gmin step
Trying gmin =   7.2637E-09 Note: One successful gmin step
Trying gmin =   6.5109E-09 Note: One successful gmin step
Trying gmin =   5.5255E-09 Note: One successful gmin step
Trying gmin =   4.3198E-09 Note: One successful gmin step
Trying gmin =   2.9861E-09 Note: One successful gmin step
Trying gmin =   1.7162E-09 Note: One successful gmin step
Trying gmin =   7.4773E-10 Note: One successful gmin step
Trying gmin =   2.1504E-10 Note: One successful gmin step
Trying gmin =   3.3166E-11 Note: One successful gmin step
Trying gmin =   3.3166E-12 Note: One successful gmin step
Trying gmin =   1.0000E-12 Note: One successful gmin step
Note: Dynamic gmin stepping completed

No. of Data Rows : 121
Doing analysis at TEMP = 25.000000 and TNOM = 27.000000

Note: Starting dynamic gmin stepping
Trying gmin =   1.0000E-03 Note: One successful gmin step
Trying gmin =   1.0000E-04 Note: One successful gmin step
Trying gmin =   1.0000E-05 Note: One successful gmin step
Trying gmin =   1.0000E-06 Warning: Further gmin increment
Trying gmin =   5.6234E-06 Note: One successful gmin step
Trying gmin =   2.3714E-06 Note: One successful gmin step
Trying gmin =   1.0000E-06 Note: One successful gmin step
Trying gmin =   2.7384E-07 Note: One successful gmin step
Trying gmin =   3.9242E-08 Warning: Further gmin increment
Trying gmin =   1.6849E-07 Note: One successful gmin step
Trying gmin =   8.1312E-08 Note: One successful gmin step
Trying gmin =   2.7261E-08 Note: One successful gmin step
Trying gmin =   5.2922E-09 Warning: Further gmin increment
Trying gmin =   1.8095E-08 Note: One successful gmin step
Trying gmin =   9.7859E-09 Note: One successful gmin step
Trying gmin =   3.8918E-09 Warning: Further gmin increment
Trying gmin =   7.7712E-09 Warning: Further gmin increment
Trying gmin =   9.2379E-09 Note: One successful gmin step
Trying gmin =   8.4729E-09 Note: One successful gmin step
Trying gmin =   7.4425E-09 Warning: Further gmin increment
Trying gmin =   8.2026E-09 Note: One successful gmin step
Trying gmin =   7.8133E-09 Note: One successful gmin step
Trying gmin =   7.2637E-09 Note: One successful gmin step
Trying gmin =   6.5109E-09 Note: One successful gmin step
Trying gmin =   5.5255E-09 Note: One successful gmin step
Trying gmin =   4.3198E-09 Note: One successful gmin step
Trying gmin =   2.9861E-09 Note: One successful gmin step
Trying gmin =   1.7162E-09 Note: One successful gmin step
Trying gmin =   7.4773E-10 Note: One successful gmin step
Trying gmin =   2.1504E-10 Note: One successful gmin step
Trying gmin =   3.3166E-11 Note: One successful gmin step
Trying gmin =   3.3166E-12 Note: One successful gmin step
Trying gmin =   1.0000E-12 Note: One successful gmin step
Note: Dynamic gmin stepping completed

No. of Data Rows : 121
av0p1hz             =  1.134759e+02
gbw                 =  4.007505e+06
pm180               =  4.706253e+09
pm                  =  6.891255e+01
gm                  =  -6.511402e+01
cmrr0p1hz           =  1.336664e+02
psrr0p1hz           =  7.124751e+01
ERROR: (internal)  This operation is not defined for display type PrinterOnly.
Can't open viewport for graphics.
ERROR: (internal)  This operation is not defined for display type PrinterOnly.
Can't open viewport for graphics.
idd = -2.86309e-04
vos = -2.89847e-05
binary raw file "./out/sp0.raw"
Doing analysis at TEMP = 25.000000 and TNOM = 27.000000

OP information in rawfile.

Total analysis time (seconds) = 230.322

Total elapsed time (seconds) = 252.155 

Total DRAM available = 7841.949 MB.
DRAM currently available =  275.996 MB.
Maximum ngspice program size = 2426.156 MB.
Current ngspice program size = 2407.859 MB.

Shared ngspice pages =   10.422 MB.
Text (code) pages =    5.461 MB.
Stack = 0 bytes.
Library pages = 2405.711 MB.

