
Note: Compatibility modes selected: hs a


Circuit: * num: 10 corner: fs vdd: 3.0 temp: 85

option SCALE: Scale is set to 1e-06 for instance and model parameters
option SCALE: Scale is set to 1e-06 for instance and model parameters
option SCALE: Scale is set to 1e-06 for instance and model parameters
option SCALE: Scale is set to 1e-06 for instance and model parameters
Doing analysis at TEMP = 85.000000 and TNOM = 27.000000

Note: Starting dynamic gmin stepping
Trying gmin =   1.0000E-03 Note: One successful gmin step
Trying gmin =   1.0000E-04 Note: One successful gmin step
Trying gmin =   1.0000E-05 Note: One successful gmin step
Trying gmin =   1.0000E-06 Warning: Further gmin increment
Trying gmin =   5.6234E-06 Note: One successful gmin step
Trying gmin =   2.3714E-06 Note: One successful gmin step
Trying gmin =   1.0000E-06 Note: One successful gmin step
Trying gmin =   4.2170E-07 Note: One successful gmin step
Trying gmin =   1.1548E-07 Warning: Further gmin increment
Trying gmin =   3.0505E-07 Note: One successful gmin step
Trying gmin =   1.8769E-07 Note: One successful gmin step
Trying gmin =   9.0580E-08 Note: One successful gmin step
Trying gmin =   3.0368E-08 Note: One successful gmin step
Trying gmin =   5.8953E-09 Warning: Further gmin increment
Trying gmin =   2.0158E-08 Note: One successful gmin step
Trying gmin =   1.0901E-08 Note: One successful gmin step
Trying gmin =   4.3353E-09 Warning: Further gmin increment
Trying gmin =   8.6569E-09 Warning: Further gmin increment
Trying gmin =   1.0291E-08 Note: One successful gmin step
Trying gmin =   9.4385E-09 Warning: Further gmin increment
Trying gmin =   1.0071E-08 Note: One successful gmin step
Trying gmin =   9.7495E-09 Note: One successful gmin step
Trying gmin =   9.2868E-09 Note: One successful gmin step
Trying gmin =   8.6336E-09 Note: One successful gmin step
Trying gmin =   7.7388E-09 Warning: Further gmin increment
Trying gmin =   8.4006E-09 Note: One successful gmin step
Trying gmin =   8.0629E-09 Note: One successful gmin step
Trying gmin =   7.5817E-09 Note: One successful gmin step
Trying gmin =   6.9131E-09 Note: One successful gmin step
Trying gmin =   6.0192E-09 Note: One successful gmin step
Trying gmin =   4.8903E-09 Note: One successful gmin step
Trying gmin =   3.5812E-09 Note: One successful gmin step
Trying gmin =   2.2443E-09 Note: One successful gmin step
Trying gmin =   1.1134E-09 Note: One successful gmin step
Trying gmin =   3.8903E-10 Note: One successful gmin step
Trying gmin =   8.0353E-11 Note: One successful gmin step
Trying gmin =   8.0353E-12 Note: One successful gmin step
Trying gmin =   1.0000E-12 Note: One successful gmin step
Note: Dynamic gmin stepping completed

No. of Data Rows : 1
Doing analysis at TEMP = 85.000000 and TNOM = 27.000000

Note: Starting dynamic gmin stepping
Trying gmin =   1.0000E-03 Note: One successful gmin step
Trying gmin =   1.0000E-04 Note: One successful gmin step
Trying gmin =   1.0000E-05 Note: One successful gmin step
Trying gmin =   1.0000E-06 Warning: Further gmin increment
Trying gmin =   5.6234E-06 Note: One successful gmin step
Trying gmin =   2.3714E-06 Note: One successful gmin step
Trying gmin =   1.0000E-06 Note: One successful gmin step
Trying gmin =   4.2170E-07 Note: One successful gmin step
Trying gmin =   1.1548E-07 Warning: Further gmin increment
Trying gmin =   3.0505E-07 Note: One successful gmin step
Trying gmin =   1.8769E-07 Note: One successful gmin step
Trying gmin =   9.0580E-08 Note: One successful gmin step
Trying gmin =   3.0368E-08 Note: One successful gmin step
Trying gmin =   5.8953E-09 Warning: Further gmin increment
Trying gmin =   2.0158E-08 Note: One successful gmin step
Trying gmin =   1.0901E-08 Note: One successful gmin step
Trying gmin =   4.3353E-09 Warning: Further gmin increment
Trying gmin =   8.6569E-09 Warning: Further gmin increment
Trying gmin =   1.0291E-08 Note: One successful gmin step
Trying gmin =   9.4385E-09 Warning: Further gmin increment
Trying gmin =   1.0071E-08 Note: One successful gmin step
Trying gmin =   9.7495E-09 Note: One successful gmin step
Trying gmin =   9.2868E-09 Note: One successful gmin step
Trying gmin =   8.6336E-09 Note: One successful gmin step
Trying gmin =   7.7388E-09 Warning: Further gmin increment
Trying gmin =   8.4006E-09 Note: One successful gmin step
Trying gmin =   8.0629E-09 Note: One successful gmin step
Trying gmin =   7.5817E-09 Note: One successful gmin step
Trying gmin =   6.9131E-09 Note: One successful gmin step
Trying gmin =   6.0192E-09 Note: One successful gmin step
Trying gmin =   4.8903E-09 Note: One successful gmin step
Trying gmin =   3.5812E-09 Note: One successful gmin step
Trying gmin =   2.2443E-09 Note: One successful gmin step
Trying gmin =   1.1134E-09 Note: One successful gmin step
Trying gmin =   3.8903E-10 Note: One successful gmin step
Trying gmin =   8.0353E-11 Note: One successful gmin step
Trying gmin =   8.0353E-12 Note: One successful gmin step
Trying gmin =   1.0000E-12 Note: One successful gmin step
Note: Dynamic gmin stepping completed

No. of Data Rows : 121
Doing analysis at TEMP = 85.000000 and TNOM = 27.000000

Note: Starting dynamic gmin stepping
Trying gmin =   1.0000E-03 Note: One successful gmin step
Trying gmin =   1.0000E-04 Note: One successful gmin step
Trying gmin =   1.0000E-05 Note: One successful gmin step
Trying gmin =   1.0000E-06 Warning: Further gmin increment
Trying gmin =   5.6234E-06 Note: One successful gmin step
Trying gmin =   2.3714E-06 Note: One successful gmin step
Trying gmin =   1.0000E-06 Note: One successful gmin step
Trying gmin =   4.2170E-07 Note: One successful gmin step
Trying gmin =   1.1548E-07 Warning: Further gmin increment
Trying gmin =   3.0505E-07 Note: One successful gmin step
Trying gmin =   1.8769E-07 Note: One successful gmin step
Trying gmin =   9.0580E-08 Note: One successful gmin step
Trying gmin =   3.0368E-08 Note: One successful gmin step
Trying gmin =   5.8953E-09 Warning: Further gmin increment
Trying gmin =   2.0158E-08 Note: One successful gmin step
Trying gmin =   1.0901E-08 Note: One successful gmin step
Trying gmin =   4.3353E-09 Warning: Further gmin increment
Trying gmin =   8.6569E-09 Warning: Further gmin increment
Trying gmin =   1.0291E-08 Note: One successful gmin step
Trying gmin =   9.4385E-09 Warning: Further gmin increment
Trying gmin =   1.0071E-08 Note: One successful gmin step
Trying gmin =   9.7495E-09 Note: One successful gmin step
Trying gmin =   9.2868E-09 Note: One successful gmin step
Trying gmin =   8.6336E-09 Note: One successful gmin step
Trying gmin =   7.7388E-09 Warning: Further gmin increment
Trying gmin =   8.4006E-09 Note: One successful gmin step
Trying gmin =   8.0629E-09 Note: One successful gmin step
Trying gmin =   7.5817E-09 Note: One successful gmin step
Trying gmin =   6.9131E-09 Note: One successful gmin step
Trying gmin =   6.0192E-09 Note: One successful gmin step
Trying gmin =   4.8903E-09 Note: One successful gmin step
Trying gmin =   3.5812E-09 Note: One successful gmin step
Trying gmin =   2.2443E-09 Note: One successful gmin step
Trying gmin =   1.1134E-09 Note: One successful gmin step
Trying gmin =   3.8903E-10 Note: One successful gmin step
Trying gmin =   8.0353E-11 Note: One successful gmin step
Trying gmin =   8.0353E-12 Note: One successful gmin step
Trying gmin =   1.0000E-12 Note: One successful gmin step
Note: Dynamic gmin stepping completed

No. of Data Rows : 121
Doing analysis at TEMP = 85.000000 and TNOM = 27.000000

Note: Starting dynamic gmin stepping
Trying gmin =   1.0000E-03 Note: One successful gmin step
Trying gmin =   1.0000E-04 Note: One successful gmin step
Trying gmin =   1.0000E-05 Note: One successful gmin step
Trying gmin =   1.0000E-06 Warning: Further gmin increment
Trying gmin =   5.6234E-06 Note: One successful gmin step
Trying gmin =   2.3714E-06 Note: One successful gmin step
Trying gmin =   1.0000E-06 Note: One successful gmin step
Trying gmin =   4.2170E-07 Note: One successful gmin step
Trying gmin =   1.1548E-07 Warning: Further gmin increment
Trying gmin =   3.0505E-07 Note: One successful gmin step
Trying gmin =   1.8769E-07 Note: One successful gmin step
Trying gmin =   9.0580E-08 Note: One successful gmin step
Trying gmin =   3.0368E-08 Note: One successful gmin step
Trying gmin =   5.8953E-09 Warning: Further gmin increment
Trying gmin =   2.0158E-08 Note: One successful gmin step
Trying gmin =   1.0901E-08 Note: One successful gmin step
Trying gmin =   4.3353E-09 Warning: Further gmin increment
Trying gmin =   8.6569E-09 Warning: Further gmin increment
Trying gmin =   1.0291E-08 Note: One successful gmin step
Trying gmin =   9.4385E-09 Warning: Further gmin increment
Trying gmin =   1.0071E-08 Note: One successful gmin step
Trying gmin =   9.7495E-09 Note: One successful gmin step
Trying gmin =   9.2868E-09 Note: One successful gmin step
Trying gmin =   8.6336E-09 Note: One successful gmin step
Trying gmin =   7.7388E-09 Warning: Further gmin increment
Trying gmin =   8.4006E-09 Note: One successful gmin step
Trying gmin =   8.0629E-09 Note: One successful gmin step
Trying gmin =   7.5817E-09 Note: One successful gmin step
Trying gmin =   6.9131E-09 Note: One successful gmin step
Trying gmin =   6.0192E-09 Note: One successful gmin step
Trying gmin =   4.8903E-09 Note: One successful gmin step
Trying gmin =   3.5812E-09 Note: One successful gmin step
Trying gmin =   2.2443E-09 Note: One successful gmin step
Trying gmin =   1.1134E-09 Note: One successful gmin step
Trying gmin =   3.8903E-10 Note: One successful gmin step
Trying gmin =   8.0353E-11 Note: One successful gmin step
Trying gmin =   8.0353E-12 Note: One successful gmin step
Trying gmin =   1.0000E-12 Note: One successful gmin step
Note: Dynamic gmin stepping completed

No. of Data Rows : 121
av0p1hz             =  1.097889e+02
gbw                 =  3.369536e+06
pm180               =  4.971014e+09
pm                  =  6.875710e+01
gm                  =  -6.299197e+01
cmrr0p1hz           =  1.323935e+02
psrr0p1hz           =  7.088278e+01
ERROR: (internal)  This operation is not defined for display type PrinterOnly.
Can't open viewport for graphics.
ERROR: (internal)  This operation is not defined for display type PrinterOnly.
Can't open viewport for graphics.
idd = -2.81848e-04
vos = -2.23992e-05
binary raw file "./out/sp10.raw"
Doing analysis at TEMP = 85.000000 and TNOM = 27.000000

OP information in rawfile.

Total analysis time (seconds) = 252.479

Total elapsed time (seconds) = 273.798 

Total DRAM available = 7841.949 MB.
DRAM currently available =  184.984 MB.
Maximum ngspice program size = 2426.141 MB.
Current ngspice program size = 2408.359 MB.

Shared ngspice pages =   10.938 MB.
Text (code) pages =    5.461 MB.
Stack = 0 bytes.
Library pages = 2405.695 MB.

