
Note: Compatibility modes selected: hs a


Circuit: * num: 13 corner: ss vdd: 5.5 temp: -40

option SCALE: Scale is set to 1e-06 for instance and model parameters
option SCALE: Scale is set to 1e-06 for instance and model parameters
option SCALE: Scale is set to 1e-06 for instance and model parameters
option SCALE: Scale is set to 1e-06 for instance and model parameters
Doing analysis at TEMP = -40.000000 and TNOM = 27.000000

Note: Starting dynamic gmin stepping
Trying gmin =   1.0000E-03 Note: One successful gmin step
Trying gmin =   1.0000E-04 Note: One successful gmin step
Trying gmin =   1.0000E-05 Note: One successful gmin step
Trying gmin =   1.0000E-06 Note: One successful gmin step
Trying gmin =   3.1623E-07 Note: One successful gmin step
Trying gmin =   5.6234E-08 Note: One successful gmin step
Trying gmin =   5.6234E-09 Warning: Further gmin increment
Trying gmin =   3.1623E-08 Note: One successful gmin step
Trying gmin =   1.3335E-08 Note: One successful gmin step
Trying gmin =   3.6517E-09 Warning: Further gmin increment
Trying gmin =   9.6466E-09 Note: One successful gmin step
Trying gmin =   6.9783E-09 Warning: Further gmin increment
Trying gmin =   8.8965E-09 Note: One successful gmin step
Trying gmin =   7.8792E-09 Note: One successful gmin step
Trying gmin =   6.5672E-09 Warning: Further gmin increment
Trying gmin =   7.5285E-09 Warning: Further gmin increment
Trying gmin =   7.7901E-09 Note: One successful gmin step
Trying gmin =   7.6582E-09 Note: One successful gmin step
Trying gmin =   7.4645E-09 Note: One successful gmin step
Trying gmin =   7.1832E-09 Note: One successful gmin step
Trying gmin =   6.7809E-09 Note: One successful gmin step
Trying gmin =   6.2194E-09 Warning: Further gmin increment
Trying gmin =   6.6359E-09 Note: One successful gmin step
Trying gmin =   6.4243E-09 Note: One successful gmin step
Trying gmin =   6.1194E-09 Note: One successful gmin step
Trying gmin =   5.8289E-09 Note: One successful gmin step
Trying gmin =   5.4189E-09 Note: One successful gmin step
Trying gmin =   4.8573E-09 Note: One successful gmin step
Trying gmin =   4.1222E-09 Note: One successful gmin step
Trying gmin =   3.2227E-09 Note: One successful gmin step
Trying gmin =   2.2277E-09 Note: One successful gmin step
Trying gmin =   1.2803E-09 Note: One successful gmin step
Trying gmin =   5.5783E-10 Note: One successful gmin step
Trying gmin =   1.6043E-10 Note: One successful gmin step
Trying gmin =   2.4743E-11 Note: One successful gmin step
Trying gmin =   2.4743E-12 Note: One successful gmin step
Trying gmin =   1.0000E-12 Note: One successful gmin step
Note: Dynamic gmin stepping completed

No. of Data Rows : 1
Doing analysis at TEMP = -40.000000 and TNOM = 27.000000

Note: Starting dynamic gmin stepping
Trying gmin =   1.0000E-03 Note: One successful gmin step
Trying gmin =   1.0000E-04 Note: One successful gmin step
Trying gmin =   1.0000E-05 Note: One successful gmin step
Trying gmin =   1.0000E-06 Note: One successful gmin step
Trying gmin =   3.1623E-07 Note: One successful gmin step
Trying gmin =   5.6234E-08 Note: One successful gmin step
Trying gmin =   5.6234E-09 Warning: Further gmin increment
Trying gmin =   3.1623E-08 Note: One successful gmin step
Trying gmin =   1.3335E-08 Note: One successful gmin step
Trying gmin =   3.6517E-09 Warning: Further gmin increment
Trying gmin =   9.6466E-09 Note: One successful gmin step
Trying gmin =   6.9783E-09 Warning: Further gmin increment
Trying gmin =   8.8965E-09 Note: One successful gmin step
Trying gmin =   7.8792E-09 Note: One successful gmin step
Trying gmin =   6.5672E-09 Warning: Further gmin increment
Trying gmin =   7.5285E-09 Warning: Further gmin increment
Trying gmin =   7.7901E-09 Note: One successful gmin step
Trying gmin =   7.6582E-09 Note: One successful gmin step
Trying gmin =   7.4645E-09 Note: One successful gmin step
Trying gmin =   7.1832E-09 Note: One successful gmin step
Trying gmin =   6.7809E-09 Note: One successful gmin step
Trying gmin =   6.2194E-09 Warning: Further gmin increment
Trying gmin =   6.6359E-09 Note: One successful gmin step
Trying gmin =   6.4243E-09 Note: One successful gmin step
Trying gmin =   6.1194E-09 Note: One successful gmin step
Trying gmin =   5.8289E-09 Note: One successful gmin step
Trying gmin =   5.4189E-09 Note: One successful gmin step
Trying gmin =   4.8573E-09 Note: One successful gmin step
Trying gmin =   4.1222E-09 Note: One successful gmin step
Trying gmin =   3.2227E-09 Note: One successful gmin step
Trying gmin =   2.2277E-09 Note: One successful gmin step
Trying gmin =   1.2803E-09 Note: One successful gmin step
Trying gmin =   5.5783E-10 Note: One successful gmin step
Trying gmin =   1.6043E-10 Note: One successful gmin step
Trying gmin =   2.4743E-11 Note: One successful gmin step
Trying gmin =   2.4743E-12 Note: One successful gmin step
Trying gmin =   1.0000E-12 Note: One successful gmin step
Note: Dynamic gmin stepping completed

No. of Data Rows : 121
Doing analysis at TEMP = -40.000000 and TNOM = 27.000000

Note: Starting dynamic gmin stepping
Trying gmin =   1.0000E-03 Note: One successful gmin step
Trying gmin =   1.0000E-04 Note: One successful gmin step
Trying gmin =   1.0000E-05 Note: One successful gmin step
Trying gmin =   1.0000E-06 Note: One successful gmin step
Trying gmin =   3.1623E-07 Note: One successful gmin step
Trying gmin =   5.6234E-08 Note: One successful gmin step
Trying gmin =   5.6234E-09 Warning: Further gmin increment
Trying gmin =   3.1623E-08 Note: One successful gmin step
Trying gmin =   1.3335E-08 Note: One successful gmin step
Trying gmin =   3.6517E-09 Warning: Further gmin increment
Trying gmin =   9.6466E-09 Note: One successful gmin step
Trying gmin =   6.9783E-09 Warning: Further gmin increment
Trying gmin =   8.8965E-09 Note: One successful gmin step
Trying gmin =   7.8792E-09 Note: One successful gmin step
Trying gmin =   6.5672E-09 Warning: Further gmin increment
Trying gmin =   7.5285E-09 Warning: Further gmin increment
Trying gmin =   7.7901E-09 Note: One successful gmin step
Trying gmin =   7.6582E-09 Note: One successful gmin step
Trying gmin =   7.4645E-09 Note: One successful gmin step
Trying gmin =   7.1832E-09 Note: One successful gmin step
Trying gmin =   6.7809E-09 Note: One successful gmin step
Trying gmin =   6.2194E-09 Warning: Further gmin increment
Trying gmin =   6.6359E-09 Note: One successful gmin step
Trying gmin =   6.4243E-09 Note: One successful gmin step
Trying gmin =   6.1194E-09 Note: One successful gmin step
Trying gmin =   5.8289E-09 Note: One successful gmin step
Trying gmin =   5.4189E-09 Note: One successful gmin step
Trying gmin =   4.8573E-09 Note: One successful gmin step
Trying gmin =   4.1222E-09 Note: One successful gmin step
Trying gmin =   3.2227E-09 Note: One successful gmin step
Trying gmin =   2.2277E-09 Note: One successful gmin step
Trying gmin =   1.2803E-09 Note: One successful gmin step
Trying gmin =   5.5783E-10 Note: One successful gmin step
Trying gmin =   1.6043E-10 Note: One successful gmin step
Trying gmin =   2.4743E-11 Note: One successful gmin step
Trying gmin =   2.4743E-12 Note: One successful gmin step
Trying gmin =   1.0000E-12 Note: One successful gmin step
Note: Dynamic gmin stepping completed

No. of Data Rows : 121
Doing analysis at TEMP = -40.000000 and TNOM = 27.000000

Note: Starting dynamic gmin stepping
Trying gmin =   1.0000E-03 Note: One successful gmin step
Trying gmin =   1.0000E-04 Note: One successful gmin step
Trying gmin =   1.0000E-05 Note: One successful gmin step
Trying gmin =   1.0000E-06 Note: One successful gmin step
Trying gmin =   3.1623E-07 Note: One successful gmin step
Trying gmin =   5.6234E-08 Note: One successful gmin step
Trying gmin =   5.6234E-09 Warning: Further gmin increment
Trying gmin =   3.1623E-08 Note: One successful gmin step
Trying gmin =   1.3335E-08 Note: One successful gmin step
Trying gmin =   3.6517E-09 Warning: Further gmin increment
Trying gmin =   9.6466E-09 Note: One successful gmin step
Trying gmin =   6.9783E-09 Warning: Further gmin increment
Trying gmin =   8.8965E-09 Note: One successful gmin step
Trying gmin =   7.8792E-09 Note: One successful gmin step
Trying gmin =   6.5672E-09 Warning: Further gmin increment
Trying gmin =   7.5285E-09 Warning: Further gmin increment
Trying gmin =   7.7901E-09 Note: One successful gmin step
Trying gmin =   7.6582E-09 Note: One successful gmin step
Trying gmin =   7.4645E-09 Note: One successful gmin step
Trying gmin =   7.1832E-09 Note: One successful gmin step
Trying gmin =   6.7809E-09 Note: One successful gmin step
Trying gmin =   6.2194E-09 Warning: Further gmin increment
Trying gmin =   6.6359E-09 Note: One successful gmin step
Trying gmin =   6.4243E-09 Note: One successful gmin step
Trying gmin =   6.1194E-09 Note: One successful gmin step
Trying gmin =   5.8289E-09 Note: One successful gmin step
Trying gmin =   5.4189E-09 Note: One successful gmin step
Trying gmin =   4.8573E-09 Note: One successful gmin step
Trying gmin =   4.1222E-09 Note: One successful gmin step
Trying gmin =   3.2227E-09 Note: One successful gmin step
Trying gmin =   2.2277E-09 Note: One successful gmin step
Trying gmin =   1.2803E-09 Note: One successful gmin step
Trying gmin =   5.5783E-10 Note: One successful gmin step
Trying gmin =   1.6043E-10 Note: One successful gmin step
Trying gmin =   2.4743E-11 Note: One successful gmin step
Trying gmin =   2.4743E-12 Note: One successful gmin step
Trying gmin =   1.0000E-12 Note: One successful gmin step
Note: Dynamic gmin stepping completed

No. of Data Rows : 121
av0p1hz             =  1.293639e+02
gbw                 =  5.469498e+06
pm180               =  6.026813e+09
pm                  =  6.807457e+01
gm                  =  -6.781385e+01
cmrr0p1hz           =  1.119569e+02
psrr0p1hz           =  9.584488e+01
ERROR: (internal)  This operation is not defined for display type PrinterOnly.
Can't open viewport for graphics.
ERROR: (internal)  This operation is not defined for display type PrinterOnly.
Can't open viewport for graphics.
idd = -3.15686e-04
vos = 1.718240e-04
binary raw file "./out/sp13.raw"
Doing analysis at TEMP = -40.000000 and TNOM = 27.000000

OP information in rawfile.

Total analysis time (seconds) = 236.93

Total elapsed time (seconds) = 258.376 

Total DRAM available = 7841.949 MB.
DRAM currently available =  212.344 MB.
Maximum ngspice program size = 2426.086 MB.
Current ngspice program size = 2408.027 MB.

Shared ngspice pages =   10.660 MB.
Text (code) pages =    5.461 MB.
Stack = 0 bytes.
Library pages = 2405.641 MB.

