
Note: Compatibility modes selected: hs a


Circuit: * num: 15 corner: sf vdd: 5.5 temp: -40

option SCALE: Scale is set to 1e-06 for instance and model parameters
option SCALE: Scale is set to 1e-06 for instance and model parameters
option SCALE: Scale is set to 1e-06 for instance and model parameters
option SCALE: Scale is set to 1e-06 for instance and model parameters
Doing analysis at TEMP = -40.000000 and TNOM = 27.000000

Note: Starting dynamic gmin stepping
Trying gmin =   1.0000E-03 Note: One successful gmin step
Trying gmin =   1.0000E-04 Note: One successful gmin step
Trying gmin =   1.0000E-05 Note: One successful gmin step
Trying gmin =   1.0000E-06 Note: One successful gmin step
Trying gmin =   3.1623E-07 Note: One successful gmin step
Trying gmin =   5.6234E-08 Warning: Further gmin increment
Trying gmin =   2.0535E-07 Note: One successful gmin step
Trying gmin =   1.0746E-07 Note: One successful gmin step
Trying gmin =   4.0679E-08 Note: One successful gmin step
Trying gmin =   9.4746E-09 Note: One successful gmin step
Trying gmin =   2.2067E-09 Warning: Further gmin increment
Trying gmin =   6.5820E-09 Warning: Further gmin increment
Trying gmin =   8.6499E-09 Note: One successful gmin step
Trying gmin =   7.5455E-09 Warning: Further gmin increment
Trying gmin =   8.3595E-09 Note: One successful gmin step
Trying gmin =   7.9421E-09 Note: One successful gmin step
Trying gmin =   7.3546E-09 Note: One successful gmin step
Trying gmin =   6.5540E-09 Warning: Further gmin increment
Trying gmin =   7.1457E-09 Note: One successful gmin step
Trying gmin =   6.8435E-09 Note: One successful gmin step
Trying gmin =   6.4139E-09 Note: One successful gmin step
Trying gmin =   5.8195E-09 Note: One successful gmin step
Trying gmin =   5.0296E-09 Note: One successful gmin step
Trying gmin =   4.0411E-09 Note: One successful gmin step
Trying gmin =   2.9104E-09 Note: One successful gmin step
Trying gmin =   1.7789E-09 Note: One successful gmin step
Trying gmin =   8.5000E-10 Note: One successful gmin step
Trying gmin =   2.8076E-10 Note: One successful gmin step
Trying gmin =   5.3298E-11 Note: One successful gmin step
Trying gmin =   5.3298E-12 Note: One successful gmin step
Trying gmin =   1.0000E-12 Note: One successful gmin step
Note: Dynamic gmin stepping completed

No. of Data Rows : 1
Doing analysis at TEMP = -40.000000 and TNOM = 27.000000

Note: Starting dynamic gmin stepping
Trying gmin =   1.0000E-03 Note: One successful gmin step
Trying gmin =   1.0000E-04 Note: One successful gmin step
Trying gmin =   1.0000E-05 Note: One successful gmin step
Trying gmin =   1.0000E-06 Note: One successful gmin step
Trying gmin =   3.1623E-07 Note: One successful gmin step
Trying gmin =   5.6234E-08 Warning: Further gmin increment
Trying gmin =   2.0535E-07 Note: One successful gmin step
Trying gmin =   1.0746E-07 Note: One successful gmin step
Trying gmin =   4.0679E-08 Note: One successful gmin step
Trying gmin =   9.4746E-09 Note: One successful gmin step
Trying gmin =   2.2067E-09 Warning: Further gmin increment
Trying gmin =   6.5820E-09 Warning: Further gmin increment
Trying gmin =   8.6499E-09 Note: One successful gmin step
Trying gmin =   7.5455E-09 Warning: Further gmin increment
Trying gmin =   8.3595E-09 Note: One successful gmin step
Trying gmin =   7.9421E-09 Note: One successful gmin step
Trying gmin =   7.3546E-09 Note: One successful gmin step
Trying gmin =   6.5540E-09 Warning: Further gmin increment
Trying gmin =   7.1457E-09 Note: One successful gmin step
Trying gmin =   6.8435E-09 Note: One successful gmin step
Trying gmin =   6.4139E-09 Note: One successful gmin step
Trying gmin =   5.8195E-09 Note: One successful gmin step
Trying gmin =   5.0296E-09 Note: One successful gmin step
Trying gmin =   4.0411E-09 Note: One successful gmin step
Trying gmin =   2.9104E-09 Note: One successful gmin step
Trying gmin =   1.7789E-09 Note: One successful gmin step
Trying gmin =   8.5000E-10 Note: One successful gmin step
Trying gmin =   2.8076E-10 Note: One successful gmin step
Trying gmin =   5.3298E-11 Note: One successful gmin step
Trying gmin =   5.3298E-12 Note: One successful gmin step
Trying gmin =   1.0000E-12 Note: One successful gmin step
Note: Dynamic gmin stepping completed

No. of Data Rows : 121
Doing analysis at TEMP = -40.000000 and TNOM = 27.000000

Note: Starting dynamic gmin stepping
Trying gmin =   1.0000E-03 Note: One successful gmin step
Trying gmin =   1.0000E-04 Note: One successful gmin step
Trying gmin =   1.0000E-05 Note: One successful gmin step
Trying gmin =   1.0000E-06 Note: One successful gmin step
Trying gmin =   3.1623E-07 Note: One successful gmin step
Trying gmin =   5.6234E-08 Warning: Further gmin increment
Trying gmin =   2.0535E-07 Note: One successful gmin step
Trying gmin =   1.0746E-07 Note: One successful gmin step
Trying gmin =   4.0679E-08 Note: One successful gmin step
Trying gmin =   9.4746E-09 Note: One successful gmin step
Trying gmin =   2.2067E-09 Warning: Further gmin increment
Trying gmin =   6.5820E-09 Warning: Further gmin increment
Trying gmin =   8.6499E-09 Note: One successful gmin step
Trying gmin =   7.5455E-09 Warning: Further gmin increment
Trying gmin =   8.3595E-09 Note: One successful gmin step
Trying gmin =   7.9421E-09 Note: One successful gmin step
Trying gmin =   7.3546E-09 Note: One successful gmin step
Trying gmin =   6.5540E-09 Warning: Further gmin increment
Trying gmin =   7.1457E-09 Note: One successful gmin step
Trying gmin =   6.8435E-09 Note: One successful gmin step
Trying gmin =   6.4139E-09 Note: One successful gmin step
Trying gmin =   5.8195E-09 Note: One successful gmin step
Trying gmin =   5.0296E-09 Note: One successful gmin step
Trying gmin =   4.0411E-09 Note: One successful gmin step
Trying gmin =   2.9104E-09 Note: One successful gmin step
Trying gmin =   1.7789E-09 Note: One successful gmin step
Trying gmin =   8.5000E-10 Note: One successful gmin step
Trying gmin =   2.8076E-10 Note: One successful gmin step
Trying gmin =   5.3298E-11 Note: One successful gmin step
Trying gmin =   5.3298E-12 Note: One successful gmin step
Trying gmin =   1.0000E-12 Note: One successful gmin step
Note: Dynamic gmin stepping completed

No. of Data Rows : 121
Doing analysis at TEMP = -40.000000 and TNOM = 27.000000

Note: Starting dynamic gmin stepping
Trying gmin =   1.0000E-03 Note: One successful gmin step
Trying gmin =   1.0000E-04 Note: One successful gmin step
Trying gmin =   1.0000E-05 Note: One successful gmin step
Trying gmin =   1.0000E-06 Note: One successful gmin step
Trying gmin =   3.1623E-07 Note: One successful gmin step
Trying gmin =   5.6234E-08 Warning: Further gmin increment
Trying gmin =   2.0535E-07 Note: One successful gmin step
Trying gmin =   1.0746E-07 Note: One successful gmin step
Trying gmin =   4.0679E-08 Note: One successful gmin step
Trying gmin =   9.4746E-09 Note: One successful gmin step
Trying gmin =   2.2067E-09 Warning: Further gmin increment
Trying gmin =   6.5820E-09 Warning: Further gmin increment
Trying gmin =   8.6499E-09 Note: One successful gmin step
Trying gmin =   7.5455E-09 Warning: Further gmin increment
Trying gmin =   8.3595E-09 Note: One successful gmin step
Trying gmin =   7.9421E-09 Note: One successful gmin step
Trying gmin =   7.3546E-09 Note: One successful gmin step
Trying gmin =   6.5540E-09 Warning: Further gmin increment
Trying gmin =   7.1457E-09 Note: One successful gmin step
Trying gmin =   6.8435E-09 Note: One successful gmin step
Trying gmin =   6.4139E-09 Note: One successful gmin step
Trying gmin =   5.8195E-09 Note: One successful gmin step
Trying gmin =   5.0296E-09 Note: One successful gmin step
Trying gmin =   4.0411E-09 Note: One successful gmin step
Trying gmin =   2.9104E-09 Note: One successful gmin step
Trying gmin =   1.7789E-09 Note: One successful gmin step
Trying gmin =   8.5000E-10 Note: One successful gmin step
Trying gmin =   2.8076E-10 Note: One successful gmin step
Trying gmin =   5.3298E-11 Note: One successful gmin step
Trying gmin =   5.3298E-12 Note: One successful gmin step
Trying gmin =   1.0000E-12 Note: One successful gmin step
Note: Dynamic gmin stepping completed

No. of Data Rows : 121
av0p1hz             =  1.243368e+02
gbw                 =  5.457348e+06
pm180               =  5.275515e+09
pm                  =  6.832398e+01
gm                  =  -6.924870e+01
cmrr0p1hz           =  1.107073e+02
psrr0p1hz           =  1.037665e+02
ERROR: (internal)  This operation is not defined for display type PrinterOnly.
Can't open viewport for graphics.
ERROR: (internal)  This operation is not defined for display type PrinterOnly.
Can't open viewport for graphics.
idd = -3.17553e-04
vos = 1.882998e-04
binary raw file "./out/sp15.raw"
Doing analysis at TEMP = -40.000000 and TNOM = 27.000000

OP information in rawfile.

Total analysis time (seconds) = 224.24

Total elapsed time (seconds) = 245.632 

Total DRAM available = 7841.949 MB.
DRAM currently available =  317.922 MB.
Maximum ngspice program size = 2426.070 MB.
Current ngspice program size = 2408.051 MB.

Shared ngspice pages =   10.699 MB.
Text (code) pages =    5.461 MB.
Stack = 0 bytes.
Library pages = 2405.625 MB.

