
Note: Compatibility modes selected: hs a


Circuit: * num: 2 corner: ff vdd: 3.0 temp: -40

option SCALE: Scale is set to 1e-06 for instance and model parameters
option SCALE: Scale is set to 1e-06 for instance and model parameters
option SCALE: Scale is set to 1e-06 for instance and model parameters
option SCALE: Scale is set to 1e-06 for instance and model parameters
Doing analysis at TEMP = -40.000000 and TNOM = 27.000000

Note: Starting dynamic gmin stepping
Trying gmin =   1.0000E-03 Note: One successful gmin step
Trying gmin =   1.0000E-04 Note: One successful gmin step
Trying gmin =   1.0000E-05 Note: One successful gmin step
Trying gmin =   1.0000E-06 Warning: Further gmin increment
Trying gmin =   5.6234E-06 Note: One successful gmin step
Trying gmin =   2.3714E-06 Note: One successful gmin step
Trying gmin =   1.0000E-06 Note: One successful gmin step
Trying gmin =   2.7384E-07 Note: One successful gmin step
Trying gmin =   3.9242E-08 Warning: Further gmin increment
Trying gmin =   1.6849E-07 Note: One successful gmin step
Trying gmin =   8.1312E-08 Note: One successful gmin step
Trying gmin =   2.7261E-08 Note: One successful gmin step
Trying gmin =   5.2922E-09 Warning: Further gmin increment
Trying gmin =   1.8095E-08 Note: One successful gmin step
Trying gmin =   9.7859E-09 Note: One successful gmin step
Trying gmin =   3.8918E-09 Warning: Further gmin increment
Trying gmin =   7.7712E-09 Warning: Further gmin increment
Trying gmin =   9.2379E-09 Note: One successful gmin step
Trying gmin =   8.4729E-09 Note: One successful gmin step
Trying gmin =   7.7712E-09 Note: One successful gmin step
Trying gmin =   6.8261E-09 Note: One successful gmin step
Trying gmin =   5.6196E-09 Note: One successful gmin step
Trying gmin =   4.1976E-09 Note: One successful gmin step
Trying gmin =   2.7098E-09 Note: One successful gmin step
Trying gmin =   1.4056E-09 Note: One successful gmin step
Trying gmin =   5.2508E-10 Note: One successful gmin step
Trying gmin =   1.1989E-10 Note: One successful gmin step
Trying gmin =   1.3080E-11 Note: One successful gmin step
Trying gmin =   1.3080E-12 Note: One successful gmin step
Trying gmin =   1.0000E-12 Note: One successful gmin step
Note: Dynamic gmin stepping completed

No. of Data Rows : 1
Doing analysis at TEMP = -40.000000 and TNOM = 27.000000

Note: Starting dynamic gmin stepping
Trying gmin =   1.0000E-03 Note: One successful gmin step
Trying gmin =   1.0000E-04 Note: One successful gmin step
Trying gmin =   1.0000E-05 Note: One successful gmin step
Trying gmin =   1.0000E-06 Warning: Further gmin increment
Trying gmin =   5.6234E-06 Note: One successful gmin step
Trying gmin =   2.3714E-06 Note: One successful gmin step
Trying gmin =   1.0000E-06 Note: One successful gmin step
Trying gmin =   2.7384E-07 Note: One successful gmin step
Trying gmin =   3.9242E-08 Warning: Further gmin increment
Trying gmin =   1.6849E-07 Note: One successful gmin step
Trying gmin =   8.1312E-08 Note: One successful gmin step
Trying gmin =   2.7261E-08 Note: One successful gmin step
Trying gmin =   5.2922E-09 Warning: Further gmin increment
Trying gmin =   1.8095E-08 Note: One successful gmin step
Trying gmin =   9.7859E-09 Note: One successful gmin step
Trying gmin =   3.8918E-09 Warning: Further gmin increment
Trying gmin =   7.7712E-09 Warning: Further gmin increment
Trying gmin =   9.2379E-09 Note: One successful gmin step
Trying gmin =   8.4729E-09 Note: One successful gmin step
Trying gmin =   7.7712E-09 Note: One successful gmin step
Trying gmin =   6.8261E-09 Note: One successful gmin step
Trying gmin =   5.6196E-09 Note: One successful gmin step
Trying gmin =   4.1976E-09 Note: One successful gmin step
Trying gmin =   2.7098E-09 Note: One successful gmin step
Trying gmin =   1.4056E-09 Note: One successful gmin step
Trying gmin =   5.2508E-10 Note: One successful gmin step
Trying gmin =   1.1989E-10 Note: One successful gmin step
Trying gmin =   1.3080E-11 Note: One successful gmin step
Trying gmin =   1.3080E-12 Note: One successful gmin step
Trying gmin =   1.0000E-12 Note: One successful gmin step
Note: Dynamic gmin stepping completed

No. of Data Rows : 121
Doing analysis at TEMP = -40.000000 and TNOM = 27.000000

Note: Starting dynamic gmin stepping
Trying gmin =   1.0000E-03 Note: One successful gmin step
Trying gmin =   1.0000E-04 Note: One successful gmin step
Trying gmin =   1.0000E-05 Note: One successful gmin step
Trying gmin =   1.0000E-06 Warning: Further gmin increment
Trying gmin =   5.6234E-06 Note: One successful gmin step
Trying gmin =   2.3714E-06 Note: One successful gmin step
Trying gmin =   1.0000E-06 Note: One successful gmin step
Trying gmin =   2.7384E-07 Note: One successful gmin step
Trying gmin =   3.9242E-08 Warning: Further gmin increment
Trying gmin =   1.6849E-07 Note: One successful gmin step
Trying gmin =   8.1312E-08 Note: One successful gmin step
Trying gmin =   2.7261E-08 Note: One successful gmin step
Trying gmin =   5.2922E-09 Warning: Further gmin increment
Trying gmin =   1.8095E-08 Note: One successful gmin step
Trying gmin =   9.7859E-09 Note: One successful gmin step
Trying gmin =   3.8918E-09 Warning: Further gmin increment
Trying gmin =   7.7712E-09 Warning: Further gmin increment
Trying gmin =   9.2379E-09 Note: One successful gmin step
Trying gmin =   8.4729E-09 Note: One successful gmin step
Trying gmin =   7.7712E-09 Note: One successful gmin step
Trying gmin =   6.8261E-09 Note: One successful gmin step
Trying gmin =   5.6196E-09 Note: One successful gmin step
Trying gmin =   4.1976E-09 Note: One successful gmin step
Trying gmin =   2.7098E-09 Note: One successful gmin step
Trying gmin =   1.4056E-09 Note: One successful gmin step
Trying gmin =   5.2508E-10 Note: One successful gmin step
Trying gmin =   1.1989E-10 Note: One successful gmin step
Trying gmin =   1.3080E-11 Note: One successful gmin step
Trying gmin =   1.3080E-12 Note: One successful gmin step
Trying gmin =   1.0000E-12 Note: One successful gmin step
Note: Dynamic gmin stepping completed

No. of Data Rows : 121
Doing analysis at TEMP = -40.000000 and TNOM = 27.000000

Note: Starting dynamic gmin stepping
Trying gmin =   1.0000E-03 Note: One successful gmin step
Trying gmin =   1.0000E-04 Note: One successful gmin step
Trying gmin =   1.0000E-05 Note: One successful gmin step
Trying gmin =   1.0000E-06 Warning: Further gmin increment
Trying gmin =   5.6234E-06 Note: One successful gmin step
Trying gmin =   2.3714E-06 Note: One successful gmin step
Trying gmin =   1.0000E-06 Note: One successful gmin step
Trying gmin =   2.7384E-07 Note: One successful gmin step
Trying gmin =   3.9242E-08 Warning: Further gmin increment
Trying gmin =   1.6849E-07 Note: One successful gmin step
Trying gmin =   8.1312E-08 Note: One successful gmin step
Trying gmin =   2.7261E-08 Note: One successful gmin step
Trying gmin =   5.2922E-09 Warning: Further gmin increment
Trying gmin =   1.8095E-08 Note: One successful gmin step
Trying gmin =   9.7859E-09 Note: One successful gmin step
Trying gmin =   3.8918E-09 Warning: Further gmin increment
Trying gmin =   7.7712E-09 Warning: Further gmin increment
Trying gmin =   9.2379E-09 Note: One successful gmin step
Trying gmin =   8.4729E-09 Note: One successful gmin step
Trying gmin =   7.7712E-09 Note: One successful gmin step
Trying gmin =   6.8261E-09 Note: One successful gmin step
Trying gmin =   5.6196E-09 Note: One successful gmin step
Trying gmin =   4.1976E-09 Note: One successful gmin step
Trying gmin =   2.7098E-09 Note: One successful gmin step
Trying gmin =   1.4056E-09 Note: One successful gmin step
Trying gmin =   5.2508E-10 Note: One successful gmin step
Trying gmin =   1.1989E-10 Note: One successful gmin step
Trying gmin =   1.3080E-11 Note: One successful gmin step
Trying gmin =   1.3080E-12 Note: One successful gmin step
Trying gmin =   1.0000E-12 Note: One successful gmin step
Note: Dynamic gmin stepping completed

No. of Data Rows : 121
av0p1hz             =  1.152759e+02
gbw                 =  4.925756e+06
pm180               =  5.023452e+09
pm                  =  6.919303e+01
gm                  =  -6.683338e+01
cmrr0p1hz           =  1.088338e+02
psrr0p1hz           =  6.721813e+01
ERROR: (internal)  This operation is not defined for display type PrinterOnly.
Can't open viewport for graphics.
ERROR: (internal)  This operation is not defined for display type PrinterOnly.
Can't open viewport for graphics.
idd = -2.84840e-04
vos = -1.68249e-04
binary raw file "./out/sp2.raw"
Doing analysis at TEMP = -40.000000 and TNOM = 27.000000

OP information in rawfile.

Total analysis time (seconds) = 214.653

Total elapsed time (seconds) = 236.188 

Total DRAM available = 7841.949 MB.
DRAM currently available =  208.363 MB.
Maximum ngspice program size = 2426.105 MB.
Current ngspice program size = 2408.387 MB.

Shared ngspice pages =   11.008 MB.
Text (code) pages =    5.461 MB.
Stack = 0 bytes.
Library pages = 2405.660 MB.

