
Note: Compatibility modes selected: hs a


Circuit: * num: 20 corner: ff vdd: 5.5 temp: 85

option SCALE: Scale is set to 1e-06 for instance and model parameters
option SCALE: Scale is set to 1e-06 for instance and model parameters
option SCALE: Scale is set to 1e-06 for instance and model parameters
option SCALE: Scale is set to 1e-06 for instance and model parameters
Doing analysis at TEMP = 85.000000 and TNOM = 27.000000

Note: Starting dynamic gmin stepping
Trying gmin =   1.0000E-03 Note: One successful gmin step
Trying gmin =   1.0000E-04 Note: One successful gmin step
Trying gmin =   1.0000E-05 Note: One successful gmin step
Trying gmin =   1.0000E-06 Note: One successful gmin step
Trying gmin =   3.1623E-07 Note: One successful gmin step
Trying gmin =   5.6234E-08 Note: One successful gmin step
Trying gmin =   5.6234E-09 Warning: Further gmin increment
Trying gmin =   3.1623E-08 Note: One successful gmin step
Trying gmin =   1.3335E-08 Note: One successful gmin step
Trying gmin =   3.6517E-09 Warning: Further gmin increment
Trying gmin =   9.6466E-09 Note: One successful gmin step
Trying gmin =   5.9352E-09 Warning: Further gmin increment
Trying gmin =   8.5436E-09 Warning: Further gmin increment
Trying gmin =   9.3582E-09 Note: One successful gmin step
Trying gmin =   8.9416E-09 Note: One successful gmin step
Trying gmin =   8.3513E-09 Note: One successful gmin step
Trying gmin =   7.5380E-09 Note: One successful gmin step
Trying gmin =   6.4642E-09 Warning: Further gmin increment
Trying gmin =   7.2539E-09 Note: One successful gmin step
Trying gmin =   6.8477E-09 Note: One successful gmin step
Trying gmin =   6.2806E-09 Note: One successful gmin step
Trying gmin =   5.5168E-09 Note: One successful gmin step
Trying gmin =   4.5417E-09 Note: One successful gmin step
Trying gmin =   3.3924E-09 Note: One successful gmin step
Trying gmin =   2.1901E-09 Note: One successful gmin step
Trying gmin =   1.1360E-09 Note: One successful gmin step
Trying gmin =   4.2436E-10 Note: One successful gmin step
Trying gmin =   9.6893E-11 Note: One successful gmin step
Trying gmin =   1.0571E-11 Note: One successful gmin step
Trying gmin =   1.0571E-12 Note: One successful gmin step
Trying gmin =   1.0000E-12 Note: One successful gmin step
Note: Dynamic gmin stepping completed

No. of Data Rows : 1
Doing analysis at TEMP = 85.000000 and TNOM = 27.000000

Note: Starting dynamic gmin stepping
Trying gmin =   1.0000E-03 Note: One successful gmin step
Trying gmin =   1.0000E-04 Note: One successful gmin step
Trying gmin =   1.0000E-05 Note: One successful gmin step
Trying gmin =   1.0000E-06 Note: One successful gmin step
Trying gmin =   3.1623E-07 Note: One successful gmin step
Trying gmin =   5.6234E-08 Note: One successful gmin step
Trying gmin =   5.6234E-09 Warning: Further gmin increment
Trying gmin =   3.1623E-08 Note: One successful gmin step
Trying gmin =   1.3335E-08 Note: One successful gmin step
Trying gmin =   3.6517E-09 Warning: Further gmin increment
Trying gmin =   9.6466E-09 Note: One successful gmin step
Trying gmin =   5.9352E-09 Warning: Further gmin increment
Trying gmin =   8.5436E-09 Warning: Further gmin increment
Trying gmin =   9.3582E-09 Note: One successful gmin step
Trying gmin =   8.9416E-09 Note: One successful gmin step
Trying gmin =   8.3513E-09 Note: One successful gmin step
Trying gmin =   7.5380E-09 Note: One successful gmin step
Trying gmin =   6.4642E-09 Warning: Further gmin increment
Trying gmin =   7.2539E-09 Note: One successful gmin step
Trying gmin =   6.8477E-09 Note: One successful gmin step
Trying gmin =   6.2806E-09 Note: One successful gmin step
Trying gmin =   5.5168E-09 Note: One successful gmin step
Trying gmin =   4.5417E-09 Note: One successful gmin step
Trying gmin =   3.3924E-09 Note: One successful gmin step
Trying gmin =   2.1901E-09 Note: One successful gmin step
Trying gmin =   1.1360E-09 Note: One successful gmin step
Trying gmin =   4.2436E-10 Note: One successful gmin step
Trying gmin =   9.6893E-11 Note: One successful gmin step
Trying gmin =   1.0571E-11 Note: One successful gmin step
Trying gmin =   1.0571E-12 Note: One successful gmin step
Trying gmin =   1.0000E-12 Note: One successful gmin step
Note: Dynamic gmin stepping completed

No. of Data Rows : 121
Doing analysis at TEMP = 85.000000 and TNOM = 27.000000

Note: Starting dynamic gmin stepping
Trying gmin =   1.0000E-03 Note: One successful gmin step
Trying gmin =   1.0000E-04 Note: One successful gmin step
Trying gmin =   1.0000E-05 Note: One successful gmin step
Trying gmin =   1.0000E-06 Note: One successful gmin step
Trying gmin =   3.1623E-07 Note: One successful gmin step
Trying gmin =   5.6234E-08 Note: One successful gmin step
Trying gmin =   5.6234E-09 Warning: Further gmin increment
Trying gmin =   3.1623E-08 Note: One successful gmin step
Trying gmin =   1.3335E-08 Note: One successful gmin step
Trying gmin =   3.6517E-09 Warning: Further gmin increment
Trying gmin =   9.6466E-09 Note: One successful gmin step
Trying gmin =   5.9352E-09 Warning: Further gmin increment
Trying gmin =   8.5436E-09 Warning: Further gmin increment
Trying gmin =   9.3582E-09 Note: One successful gmin step
Trying gmin =   8.9416E-09 Note: One successful gmin step
Trying gmin =   8.3513E-09 Note: One successful gmin step
Trying gmin =   7.5380E-09 Note: One successful gmin step
Trying gmin =   6.4642E-09 Warning: Further gmin increment
Trying gmin =   7.2539E-09 Note: One successful gmin step
Trying gmin =   6.8477E-09 Note: One successful gmin step
Trying gmin =   6.2806E-09 Note: One successful gmin step
Trying gmin =   5.5168E-09 Note: One successful gmin step
Trying gmin =   4.5417E-09 Note: One successful gmin step
Trying gmin =   3.3924E-09 Note: One successful gmin step
Trying gmin =   2.1901E-09 Note: One successful gmin step
Trying gmin =   1.1360E-09 Note: One successful gmin step
Trying gmin =   4.2436E-10 Note: One successful gmin step
Trying gmin =   9.6893E-11 Note: One successful gmin step
Trying gmin =   1.0571E-11 Note: One successful gmin step
Trying gmin =   1.0571E-12 Note: One successful gmin step
Trying gmin =   1.0000E-12 Note: One successful gmin step
Note: Dynamic gmin stepping completed

No. of Data Rows : 121
Doing analysis at TEMP = 85.000000 and TNOM = 27.000000

Note: Starting dynamic gmin stepping
Trying gmin =   1.0000E-03 Note: One successful gmin step
Trying gmin =   1.0000E-04 Note: One successful gmin step
Trying gmin =   1.0000E-05 Note: One successful gmin step
Trying gmin =   1.0000E-06 Note: One successful gmin step
Trying gmin =   3.1623E-07 Note: One successful gmin step
Trying gmin =   5.6234E-08 Note: One successful gmin step
Trying gmin =   5.6234E-09 Warning: Further gmin increment
Trying gmin =   3.1623E-08 Note: One successful gmin step
Trying gmin =   1.3335E-08 Note: One successful gmin step
Trying gmin =   3.6517E-09 Warning: Further gmin increment
Trying gmin =   9.6466E-09 Note: One successful gmin step
Trying gmin =   5.9352E-09 Warning: Further gmin increment
Trying gmin =   8.5436E-09 Warning: Further gmin increment
Trying gmin =   9.3582E-09 Note: One successful gmin step
Trying gmin =   8.9416E-09 Note: One successful gmin step
Trying gmin =   8.3513E-09 Note: One successful gmin step
Trying gmin =   7.5380E-09 Note: One successful gmin step
Trying gmin =   6.4642E-09 Warning: Further gmin increment
Trying gmin =   7.2539E-09 Note: One successful gmin step
Trying gmin =   6.8477E-09 Note: One successful gmin step
Trying gmin =   6.2806E-09 Note: One successful gmin step
Trying gmin =   5.5168E-09 Note: One successful gmin step
Trying gmin =   4.5417E-09 Note: One successful gmin step
Trying gmin =   3.3924E-09 Note: One successful gmin step
Trying gmin =   2.1901E-09 Note: One successful gmin step
Trying gmin =   1.1360E-09 Note: One successful gmin step
Trying gmin =   4.2436E-10 Note: One successful gmin step
Trying gmin =   9.6893E-11 Note: One successful gmin step
Trying gmin =   1.0571E-11 Note: One successful gmin step
Trying gmin =   1.0571E-12 Note: One successful gmin step
Trying gmin =   1.0000E-12 Note: One successful gmin step
Note: Dynamic gmin stepping completed

No. of Data Rows : 121
av0p1hz             =  1.065902e+02
gbw                 =  3.676860e+06
pm180               =  5.595664e+09
pm                  =  6.832264e+01
gm                  =  -6.439804e+01
cmrr0p1hz           =  1.041486e+02
psrr0p1hz           =  8.378242e+01
ERROR: (internal)  This operation is not defined for display type PrinterOnly.
Can't open viewport for graphics.
ERROR: (internal)  This operation is not defined for display type PrinterOnly.
Can't open viewport for graphics.
idd = -3.13875e-04
vos = 3.483819e-04
binary raw file "./out/sp20.raw"
Doing analysis at TEMP = 85.000000 and TNOM = 27.000000

OP information in rawfile.

Total analysis time (seconds) = 221.62

Total elapsed time (seconds) = 242.436 

Total DRAM available = 7841.949 MB.
DRAM currently available =  366.398 MB.
Maximum ngspice program size = 2426.113 MB.
Current ngspice program size = 2407.863 MB.

Shared ngspice pages =   10.480 MB.
Text (code) pages =    5.461 MB.
Stack = 0 bytes.
Library pages = 2405.668 MB.

