
Note: Compatibility modes selected: hs a


Circuit: * num: 21 corner: sf vdd: 5.5 temp: 85

option SCALE: Scale is set to 1e-06 for instance and model parameters
option SCALE: Scale is set to 1e-06 for instance and model parameters
option SCALE: Scale is set to 1e-06 for instance and model parameters
option SCALE: Scale is set to 1e-06 for instance and model parameters
Doing analysis at TEMP = 85.000000 and TNOM = 27.000000

Note: Starting dynamic gmin stepping
Trying gmin =   1.0000E-03 Note: One successful gmin step
Trying gmin =   1.0000E-04 Note: One successful gmin step
Trying gmin =   1.0000E-05 Note: One successful gmin step
Trying gmin =   1.0000E-06 Note: One successful gmin step
Trying gmin =   1.0000E-07 Note: One successful gmin step
Trying gmin =   1.0000E-08 Warning: Further gmin increment
Trying gmin =   5.6234E-08 Note: One successful gmin step
Trying gmin =   2.3714E-08 Note: One successful gmin step
Trying gmin =   6.4938E-09 Warning: Further gmin increment
Trying gmin =   1.7154E-08 Note: One successful gmin step
Trying gmin =   1.0554E-08 Note: One successful gmin step
Trying gmin =   6.4938E-09 Warning: Further gmin increment
Trying gmin =   9.3477E-09 Warning: Further gmin increment
Trying gmin =   1.0239E-08 Note: One successful gmin step
Trying gmin =   9.7831E-09 Note: One successful gmin step
Trying gmin =   9.1372E-09 Note: One successful gmin step
Trying gmin =   8.2475E-09 Note: One successful gmin step
Trying gmin =   7.0726E-09 Warning: Further gmin increment
Trying gmin =   7.9366E-09 Note: One successful gmin step
Trying gmin =   7.4922E-09 Note: One successful gmin step
Trying gmin =   6.8717E-09 Warning: Further gmin increment
Trying gmin =   7.3320E-09 Note: One successful gmin step
Trying gmin =   7.0981E-09 Note: One successful gmin step
Trying gmin =   6.7612E-09 Note: One successful gmin step
Trying gmin =   6.2856E-09 Note: One successful gmin step
Trying gmin =   5.6342E-09 Note: One successful gmin step
Trying gmin =   4.7815E-09 Note: One successful gmin step
Trying gmin =   3.7381E-09 Note: One successful gmin step
Trying gmin =   2.5840E-09 Note: One successful gmin step
Trying gmin =   1.4851E-09 Note: One successful gmin step
Trying gmin =   6.4705E-10 Note: One successful gmin step
Trying gmin =   1.8609E-10 Note: One successful gmin step
Trying gmin =   2.8700E-11 Note: One successful gmin step
Trying gmin =   2.8700E-12 Note: One successful gmin step
Trying gmin =   1.0000E-12 Note: One successful gmin step
Note: Dynamic gmin stepping completed

No. of Data Rows : 1
Doing analysis at TEMP = 85.000000 and TNOM = 27.000000

Note: Starting dynamic gmin stepping
Trying gmin =   1.0000E-03 Note: One successful gmin step
Trying gmin =   1.0000E-04 Note: One successful gmin step
Trying gmin =   1.0000E-05 Note: One successful gmin step
Trying gmin =   1.0000E-06 Note: One successful gmin step
Trying gmin =   1.0000E-07 Note: One successful gmin step
Trying gmin =   1.0000E-08 Warning: Further gmin increment
Trying gmin =   5.6234E-08 Note: One successful gmin step
Trying gmin =   2.3714E-08 Note: One successful gmin step
Trying gmin =   6.4938E-09 Warning: Further gmin increment
Trying gmin =   1.7154E-08 Note: One successful gmin step
Trying gmin =   1.0554E-08 Note: One successful gmin step
Trying gmin =   6.4938E-09 Warning: Further gmin increment
Trying gmin =   9.3477E-09 Warning: Further gmin increment
Trying gmin =   1.0239E-08 Note: One successful gmin step
Trying gmin =   9.7831E-09 Note: One successful gmin step
Trying gmin =   9.1372E-09 Note: One successful gmin step
Trying gmin =   8.2475E-09 Note: One successful gmin step
Trying gmin =   7.0726E-09 Warning: Further gmin increment
Trying gmin =   7.9366E-09 Note: One successful gmin step
Trying gmin =   7.4922E-09 Note: One successful gmin step
Trying gmin =   6.8717E-09 Warning: Further gmin increment
Trying gmin =   7.3320E-09 Note: One successful gmin step
Trying gmin =   7.0981E-09 Note: One successful gmin step
Trying gmin =   6.7612E-09 Note: One successful gmin step
Trying gmin =   6.2856E-09 Note: One successful gmin step
Trying gmin =   5.6342E-09 Note: One successful gmin step
Trying gmin =   4.7815E-09 Note: One successful gmin step
Trying gmin =   3.7381E-09 Note: One successful gmin step
Trying gmin =   2.5840E-09 Note: One successful gmin step
Trying gmin =   1.4851E-09 Note: One successful gmin step
Trying gmin =   6.4705E-10 Note: One successful gmin step
Trying gmin =   1.8609E-10 Note: One successful gmin step
Trying gmin =   2.8700E-11 Note: One successful gmin step
Trying gmin =   2.8700E-12 Note: One successful gmin step
Trying gmin =   1.0000E-12 Note: One successful gmin step
Note: Dynamic gmin stepping completed

No. of Data Rows : 121
Doing analysis at TEMP = 85.000000 and TNOM = 27.000000

Note: Starting dynamic gmin stepping
Trying gmin =   1.0000E-03 Note: One successful gmin step
Trying gmin =   1.0000E-04 Note: One successful gmin step
Trying gmin =   1.0000E-05 Note: One successful gmin step
Trying gmin =   1.0000E-06 Note: One successful gmin step
Trying gmin =   1.0000E-07 Note: One successful gmin step
Trying gmin =   1.0000E-08 Warning: Further gmin increment
Trying gmin =   5.6234E-08 Note: One successful gmin step
Trying gmin =   2.3714E-08 Note: One successful gmin step
Trying gmin =   6.4938E-09 Warning: Further gmin increment
Trying gmin =   1.7154E-08 Note: One successful gmin step
Trying gmin =   1.0554E-08 Note: One successful gmin step
Trying gmin =   6.4938E-09 Warning: Further gmin increment
Trying gmin =   9.3477E-09 Warning: Further gmin increment
Trying gmin =   1.0239E-08 Note: One successful gmin step
Trying gmin =   9.7831E-09 Note: One successful gmin step
Trying gmin =   9.1372E-09 Note: One successful gmin step
Trying gmin =   8.2475E-09 Note: One successful gmin step
Trying gmin =   7.0726E-09 Warning: Further gmin increment
Trying gmin =   7.9366E-09 Note: One successful gmin step
Trying gmin =   7.4922E-09 Note: One successful gmin step
Trying gmin =   6.8717E-09 Warning: Further gmin increment
Trying gmin =   7.3320E-09 Note: One successful gmin step
Trying gmin =   7.0981E-09 Note: One successful gmin step
Trying gmin =   6.7612E-09 Note: One successful gmin step
Trying gmin =   6.2856E-09 Note: One successful gmin step
Trying gmin =   5.6342E-09 Note: One successful gmin step
Trying gmin =   4.7815E-09 Note: One successful gmin step
Trying gmin =   3.7381E-09 Note: One successful gmin step
Trying gmin =   2.5840E-09 Note: One successful gmin step
Trying gmin =   1.4851E-09 Note: One successful gmin step
Trying gmin =   6.4705E-10 Note: One successful gmin step
Trying gmin =   1.8609E-10 Note: One successful gmin step
Trying gmin =   2.8700E-11 Note: One successful gmin step
Trying gmin =   2.8700E-12 Note: One successful gmin step
Trying gmin =   1.0000E-12 Note: One successful gmin step
Note: Dynamic gmin stepping completed

No. of Data Rows : 121
Doing analysis at TEMP = 85.000000 and TNOM = 27.000000

Note: Starting dynamic gmin stepping
Trying gmin =   1.0000E-03 Note: One successful gmin step
Trying gmin =   1.0000E-04 Note: One successful gmin step
Trying gmin =   1.0000E-05 Note: One successful gmin step
Trying gmin =   1.0000E-06 Note: One successful gmin step
Trying gmin =   1.0000E-07 Note: One successful gmin step
Trying gmin =   1.0000E-08 Warning: Further gmin increment
Trying gmin =   5.6234E-08 Note: One successful gmin step
Trying gmin =   2.3714E-08 Note: One successful gmin step
Trying gmin =   6.4938E-09 Warning: Further gmin increment
Trying gmin =   1.7154E-08 Note: One successful gmin step
Trying gmin =   1.0554E-08 Note: One successful gmin step
Trying gmin =   6.4938E-09 Warning: Further gmin increment
Trying gmin =   9.3477E-09 Warning: Further gmin increment
Trying gmin =   1.0239E-08 Note: One successful gmin step
Trying gmin =   9.7831E-09 Note: One successful gmin step
Trying gmin =   9.1372E-09 Note: One successful gmin step
Trying gmin =   8.2475E-09 Note: One successful gmin step
Trying gmin =   7.0726E-09 Warning: Further gmin increment
Trying gmin =   7.9366E-09 Note: One successful gmin step
Trying gmin =   7.4922E-09 Note: One successful gmin step
Trying gmin =   6.8717E-09 Warning: Further gmin increment
Trying gmin =   7.3320E-09 Note: One successful gmin step
Trying gmin =   7.0981E-09 Note: One successful gmin step
Trying gmin =   6.7612E-09 Note: One successful gmin step
Trying gmin =   6.2856E-09 Note: One successful gmin step
Trying gmin =   5.6342E-09 Note: One successful gmin step
Trying gmin =   4.7815E-09 Note: One successful gmin step
Trying gmin =   3.7381E-09 Note: One successful gmin step
Trying gmin =   2.5840E-09 Note: One successful gmin step
Trying gmin =   1.4851E-09 Note: One successful gmin step
Trying gmin =   6.4705E-10 Note: One successful gmin step
Trying gmin =   1.8609E-10 Note: One successful gmin step
Trying gmin =   2.8700E-11 Note: One successful gmin step
Trying gmin =   2.8700E-12 Note: One successful gmin step
Trying gmin =   1.0000E-12 Note: One successful gmin step
Note: Dynamic gmin stepping completed

No. of Data Rows : 121
av0p1hz             =  1.096465e+02
gbw                 =  3.681026e+06
pm180               =  4.761480e+09
pm                  =  6.848369e+01
gm                  =  -6.517527e+01
cmrr0p1hz           =  1.047311e+02
psrr0p1hz           =  7.646852e+01
ERROR: (internal)  This operation is not defined for display type PrinterOnly.
Can't open viewport for graphics.
ERROR: (internal)  This operation is not defined for display type PrinterOnly.
Can't open viewport for graphics.
idd = -3.09538e-04
vos = 3.148136e-04
binary raw file "./out/sp21.raw"
Doing analysis at TEMP = 85.000000 and TNOM = 27.000000

OP information in rawfile.

Total analysis time (seconds) = 232.834

Total elapsed time (seconds) = 254.239 

Total DRAM available = 7841.949 MB.
DRAM currently available =  356.934 MB.
Maximum ngspice program size = 2426.164 MB.
Current ngspice program size = 2408.207 MB.

Shared ngspice pages =   10.762 MB.
Text (code) pages =    5.461 MB.
Stack = 0 bytes.
Library pages = 2405.719 MB.

