
Note: Compatibility modes selected: hs a


Circuit: * num: 22 corner: fs vdd: 5.5 temp: 85

option SCALE: Scale is set to 1e-06 for instance and model parameters
option SCALE: Scale is set to 1e-06 for instance and model parameters
option SCALE: Scale is set to 1e-06 for instance and model parameters
option SCALE: Scale is set to 1e-06 for instance and model parameters
Doing analysis at TEMP = 85.000000 and TNOM = 27.000000

Note: Starting dynamic gmin stepping
Trying gmin =   1.0000E-03 Note: One successful gmin step
Trying gmin =   1.0000E-04 Note: One successful gmin step
Trying gmin =   1.0000E-05 Note: One successful gmin step
Trying gmin =   1.0000E-06 Note: One successful gmin step
Trying gmin =   3.1623E-07 Note: One successful gmin step
Trying gmin =   5.6234E-08 Note: One successful gmin step
Trying gmin =   5.6234E-09 Warning: Further gmin increment
Trying gmin =   3.1623E-08 Note: One successful gmin step
Trying gmin =   1.3335E-08 Note: One successful gmin step
Trying gmin =   3.6517E-09 Warning: Further gmin increment
Trying gmin =   9.6466E-09 Warning: Further gmin increment
Trying gmin =   1.2298E-08 Note: One successful gmin step
Trying gmin =   1.0892E-08 Note: One successful gmin step
Trying gmin =   9.0784E-09 Note: One successful gmin step
Trying gmin =   6.9080E-09 Warning: Further gmin increment
Trying gmin =   8.4790E-09 Note: One successful gmin step
Trying gmin =   7.6533E-09 Warning: Further gmin increment
Trying gmin =   8.2646E-09 Note: One successful gmin step
Trying gmin =   7.9531E-09 Note: One successful gmin step
Trying gmin =   7.5077E-09 Note: One successful gmin step
Trying gmin =   6.8860E-09 Note: One successful gmin step
Trying gmin =   6.0486E-09 Warning: Further gmin increment
Trying gmin =   6.6663E-09 Note: One successful gmin step
Trying gmin =   6.3499E-09 Note: One successful gmin step
Trying gmin =   5.9033E-09 Note: One successful gmin step
Trying gmin =   5.2915E-09 Note: One successful gmin step
Trying gmin =   4.4906E-09 Note: One successful gmin step
Trying gmin =   3.5107E-09 Note: One successful gmin step
Trying gmin =   2.4268E-09 Note: One successful gmin step
Trying gmin =   1.3947E-09 Note: One successful gmin step
Trying gmin =   6.0769E-10 Note: One successful gmin step
Trying gmin =   1.7477E-10 Note: One successful gmin step
Trying gmin =   2.6954E-11 Note: One successful gmin step
Trying gmin =   2.6954E-12 Note: One successful gmin step
Trying gmin =   1.0000E-12 Note: One successful gmin step
Note: Dynamic gmin stepping completed

No. of Data Rows : 1
Doing analysis at TEMP = 85.000000 and TNOM = 27.000000

Note: Starting dynamic gmin stepping
Trying gmin =   1.0000E-03 Note: One successful gmin step
Trying gmin =   1.0000E-04 Note: One successful gmin step
Trying gmin =   1.0000E-05 Note: One successful gmin step
Trying gmin =   1.0000E-06 Note: One successful gmin step
Trying gmin =   3.1623E-07 Note: One successful gmin step
Trying gmin =   5.6234E-08 Note: One successful gmin step
Trying gmin =   5.6234E-09 Warning: Further gmin increment
Trying gmin =   3.1623E-08 Note: One successful gmin step
Trying gmin =   1.3335E-08 Note: One successful gmin step
Trying gmin =   3.6517E-09 Warning: Further gmin increment
Trying gmin =   9.6466E-09 Warning: Further gmin increment
Trying gmin =   1.2298E-08 Note: One successful gmin step
Trying gmin =   1.0892E-08 Note: One successful gmin step
Trying gmin =   9.0784E-09 Note: One successful gmin step
Trying gmin =   6.9080E-09 Warning: Further gmin increment
Trying gmin =   8.4790E-09 Note: One successful gmin step
Trying gmin =   7.6533E-09 Warning: Further gmin increment
Trying gmin =   8.2646E-09 Note: One successful gmin step
Trying gmin =   7.9531E-09 Note: One successful gmin step
Trying gmin =   7.5077E-09 Note: One successful gmin step
Trying gmin =   6.8860E-09 Note: One successful gmin step
Trying gmin =   6.0486E-09 Warning: Further gmin increment
Trying gmin =   6.6663E-09 Note: One successful gmin step
Trying gmin =   6.3499E-09 Note: One successful gmin step
Trying gmin =   5.9033E-09 Note: One successful gmin step
Trying gmin =   5.2915E-09 Note: One successful gmin step
Trying gmin =   4.4906E-09 Note: One successful gmin step
Trying gmin =   3.5107E-09 Note: One successful gmin step
Trying gmin =   2.4268E-09 Note: One successful gmin step
Trying gmin =   1.3947E-09 Note: One successful gmin step
Trying gmin =   6.0769E-10 Note: One successful gmin step
Trying gmin =   1.7477E-10 Note: One successful gmin step
Trying gmin =   2.6954E-11 Note: One successful gmin step
Trying gmin =   2.6954E-12 Note: One successful gmin step
Trying gmin =   1.0000E-12 Note: One successful gmin step
Note: Dynamic gmin stepping completed

No. of Data Rows : 121
Doing analysis at TEMP = 85.000000 and TNOM = 27.000000

Note: Starting dynamic gmin stepping
Trying gmin =   1.0000E-03 Note: One successful gmin step
Trying gmin =   1.0000E-04 Note: One successful gmin step
Trying gmin =   1.0000E-05 Note: One successful gmin step
Trying gmin =   1.0000E-06 Note: One successful gmin step
Trying gmin =   3.1623E-07 Note: One successful gmin step
Trying gmin =   5.6234E-08 Note: One successful gmin step
Trying gmin =   5.6234E-09 Warning: Further gmin increment
Trying gmin =   3.1623E-08 Note: One successful gmin step
Trying gmin =   1.3335E-08 Note: One successful gmin step
Trying gmin =   3.6517E-09 Warning: Further gmin increment
Trying gmin =   9.6466E-09 Warning: Further gmin increment
Trying gmin =   1.2298E-08 Note: One successful gmin step
Trying gmin =   1.0892E-08 Note: One successful gmin step
Trying gmin =   9.0784E-09 Note: One successful gmin step
Trying gmin =   6.9080E-09 Warning: Further gmin increment
Trying gmin =   8.4790E-09 Note: One successful gmin step
Trying gmin =   7.6533E-09 Warning: Further gmin increment
Trying gmin =   8.2646E-09 Note: One successful gmin step
Trying gmin =   7.9531E-09 Note: One successful gmin step
Trying gmin =   7.5077E-09 Note: One successful gmin step
Trying gmin =   6.8860E-09 Note: One successful gmin step
Trying gmin =   6.0486E-09 Warning: Further gmin increment
Trying gmin =   6.6663E-09 Note: One successful gmin step
Trying gmin =   6.3499E-09 Note: One successful gmin step
Trying gmin =   5.9033E-09 Note: One successful gmin step
Trying gmin =   5.2915E-09 Note: One successful gmin step
Trying gmin =   4.4906E-09 Note: One successful gmin step
Trying gmin =   3.5107E-09 Note: One successful gmin step
Trying gmin =   2.4268E-09 Note: One successful gmin step
Trying gmin =   1.3947E-09 Note: One successful gmin step
Trying gmin =   6.0769E-10 Note: One successful gmin step
Trying gmin =   1.7477E-10 Note: One successful gmin step
Trying gmin =   2.6954E-11 Note: One successful gmin step
Trying gmin =   2.6954E-12 Note: One successful gmin step
Trying gmin =   1.0000E-12 Note: One successful gmin step
Note: Dynamic gmin stepping completed

No. of Data Rows : 121
Doing analysis at TEMP = 85.000000 and TNOM = 27.000000

Note: Starting dynamic gmin stepping
Trying gmin =   1.0000E-03 Note: One successful gmin step
Trying gmin =   1.0000E-04 Note: One successful gmin step
Trying gmin =   1.0000E-05 Note: One successful gmin step
Trying gmin =   1.0000E-06 Note: One successful gmin step
Trying gmin =   3.1623E-07 Note: One successful gmin step
Trying gmin =   5.6234E-08 Note: One successful gmin step
Trying gmin =   5.6234E-09 Warning: Further gmin increment
Trying gmin =   3.1623E-08 Note: One successful gmin step
Trying gmin =   1.3335E-08 Note: One successful gmin step
Trying gmin =   3.6517E-09 Warning: Further gmin increment
Trying gmin =   9.6466E-09 Warning: Further gmin increment
Trying gmin =   1.2298E-08 Note: One successful gmin step
Trying gmin =   1.0892E-08 Note: One successful gmin step
Trying gmin =   9.0784E-09 Note: One successful gmin step
Trying gmin =   6.9080E-09 Warning: Further gmin increment
Trying gmin =   8.4790E-09 Note: One successful gmin step
Trying gmin =   7.6533E-09 Warning: Further gmin increment
Trying gmin =   8.2646E-09 Note: One successful gmin step
Trying gmin =   7.9531E-09 Note: One successful gmin step
Trying gmin =   7.5077E-09 Note: One successful gmin step
Trying gmin =   6.8860E-09 Note: One successful gmin step
Trying gmin =   6.0486E-09 Warning: Further gmin increment
Trying gmin =   6.6663E-09 Note: One successful gmin step
Trying gmin =   6.3499E-09 Note: One successful gmin step
Trying gmin =   5.9033E-09 Note: One successful gmin step
Trying gmin =   5.2915E-09 Note: One successful gmin step
Trying gmin =   4.4906E-09 Note: One successful gmin step
Trying gmin =   3.5107E-09 Note: One successful gmin step
Trying gmin =   2.4268E-09 Note: One successful gmin step
Trying gmin =   1.3947E-09 Note: One successful gmin step
Trying gmin =   6.0769E-10 Note: One successful gmin step
Trying gmin =   1.7477E-10 Note: One successful gmin step
Trying gmin =   2.6954E-11 Note: One successful gmin step
Trying gmin =   2.6954E-12 Note: One successful gmin step
Trying gmin =   1.0000E-12 Note: One successful gmin step
Note: Dynamic gmin stepping completed

No. of Data Rows : 121
av0p1hz             =  1.088376e+02
gbw                 =  3.683602e+06
pm180               =  5.990874e+09
pm                  =  6.801282e+01
gm                  =  -6.360750e+01
cmrr0p1hz           =  1.043021e+02
psrr0p1hz           =  8.147627e+01
ERROR: (internal)  This operation is not defined for display type PrinterOnly.
Can't open viewport for graphics.
ERROR: (internal)  This operation is not defined for display type PrinterOnly.
Can't open viewport for graphics.
idd = -3.12231e-04
vos = 3.565327e-04
binary raw file "./out/sp22.raw"
Doing analysis at TEMP = 85.000000 and TNOM = 27.000000

OP information in rawfile.

Total analysis time (seconds) = 236.244

Total elapsed time (seconds) = 257.627 

Total DRAM available = 7841.949 MB.
DRAM currently available =  331.242 MB.
Maximum ngspice program size = 2426.148 MB.
Current ngspice program size = 2408.133 MB.

Shared ngspice pages =   10.707 MB.
Text (code) pages =    5.461 MB.
Stack = 0 bytes.
Library pages = 2405.703 MB.

