
Note: Compatibility modes selected: hs a


Circuit: * num: 24 corner: hh vdd: 5.5 temp: 85

option SCALE: Scale is set to 1e-06 for instance and model parameters
option SCALE: Scale is set to 1e-06 for instance and model parameters
option SCALE: Scale is set to 1e-06 for instance and model parameters
option SCALE: Scale is set to 1e-06 for instance and model parameters
Doing analysis at TEMP = 85.000000 and TNOM = 27.000000

Note: Starting dynamic gmin stepping
Trying gmin =   1.0000E-03 Note: One successful gmin step
Trying gmin =   1.0000E-04 Note: One successful gmin step
Trying gmin =   1.0000E-05 Note: One successful gmin step
Trying gmin =   1.0000E-06 Note: One successful gmin step
Trying gmin =   3.1623E-07 Note: One successful gmin step
Trying gmin =   5.6234E-08 Note: One successful gmin step
Trying gmin =   5.6234E-09 Warning: Further gmin increment
Trying gmin =   3.1623E-08 Note: One successful gmin step
Trying gmin =   1.3335E-08 Note: One successful gmin step
Trying gmin =   3.6517E-09 Warning: Further gmin increment
Trying gmin =   9.6466E-09 Warning: Further gmin increment
Trying gmin =   1.2298E-08 Note: One successful gmin step
Trying gmin =   1.0892E-08 Note: One successful gmin step
Trying gmin =   9.0784E-09 Note: One successful gmin step
Trying gmin =   6.9080E-09 Warning: Further gmin increment
Trying gmin =   8.4790E-09 Note: One successful gmin step
Trying gmin =   7.6533E-09 Note: One successful gmin step
Trying gmin =   6.5631E-09 Warning: Further gmin increment
Trying gmin =   7.3649E-09 Note: One successful gmin step
Trying gmin =   6.9524E-09 Note: One successful gmin step
Trying gmin =   6.3767E-09 Warning: Further gmin increment
Trying gmin =   6.8038E-09 Note: One successful gmin step
Trying gmin =   6.5868E-09 Note: One successful gmin step
Trying gmin =   6.2741E-09 Note: One successful gmin step
Trying gmin =   5.8328E-09 Note: One successful gmin step
Trying gmin =   5.2283E-09 Note: One successful gmin step
Trying gmin =   4.4370E-09 Note: One successful gmin step
Trying gmin =   3.4688E-09 Note: One successful gmin step
Trying gmin =   2.3979E-09 Note: One successful gmin step
Trying gmin =   1.3781E-09 Note: One successful gmin step
Trying gmin =   6.0044E-10 Note: One successful gmin step
Trying gmin =   1.7268E-10 Note: One successful gmin step
Trying gmin =   2.6633E-11 Note: One successful gmin step
Trying gmin =   2.6633E-12 Note: One successful gmin step
Trying gmin =   1.0000E-12 Note: One successful gmin step
Note: Dynamic gmin stepping completed

No. of Data Rows : 1
Doing analysis at TEMP = 85.000000 and TNOM = 27.000000

Note: Starting dynamic gmin stepping
Trying gmin =   1.0000E-03 Note: One successful gmin step
Trying gmin =   1.0000E-04 Note: One successful gmin step
Trying gmin =   1.0000E-05 Note: One successful gmin step
Trying gmin =   1.0000E-06 Note: One successful gmin step
Trying gmin =   3.1623E-07 Note: One successful gmin step
Trying gmin =   5.6234E-08 Note: One successful gmin step
Trying gmin =   5.6234E-09 Warning: Further gmin increment
Trying gmin =   3.1623E-08 Note: One successful gmin step
Trying gmin =   1.3335E-08 Note: One successful gmin step
Trying gmin =   3.6517E-09 Warning: Further gmin increment
Trying gmin =   9.6466E-09 Warning: Further gmin increment
Trying gmin =   1.2298E-08 Note: One successful gmin step
Trying gmin =   1.0892E-08 Note: One successful gmin step
Trying gmin =   9.0784E-09 Note: One successful gmin step
Trying gmin =   6.9080E-09 Warning: Further gmin increment
Trying gmin =   8.4790E-09 Note: One successful gmin step
Trying gmin =   7.6533E-09 Note: One successful gmin step
Trying gmin =   6.5631E-09 Warning: Further gmin increment
Trying gmin =   7.3649E-09 Note: One successful gmin step
Trying gmin =   6.9524E-09 Note: One successful gmin step
Trying gmin =   6.3767E-09 Warning: Further gmin increment
Trying gmin =   6.8038E-09 Note: One successful gmin step
Trying gmin =   6.5868E-09 Note: One successful gmin step
Trying gmin =   6.2741E-09 Note: One successful gmin step
Trying gmin =   5.8328E-09 Note: One successful gmin step
Trying gmin =   5.2283E-09 Note: One successful gmin step
Trying gmin =   4.4370E-09 Note: One successful gmin step
Trying gmin =   3.4688E-09 Note: One successful gmin step
Trying gmin =   2.3979E-09 Note: One successful gmin step
Trying gmin =   1.3781E-09 Note: One successful gmin step
Trying gmin =   6.0044E-10 Note: One successful gmin step
Trying gmin =   1.7268E-10 Note: One successful gmin step
Trying gmin =   2.6633E-11 Note: One successful gmin step
Trying gmin =   2.6633E-12 Note: One successful gmin step
Trying gmin =   1.0000E-12 Note: One successful gmin step
Note: Dynamic gmin stepping completed

No. of Data Rows : 121
Doing analysis at TEMP = 85.000000 and TNOM = 27.000000

Note: Starting dynamic gmin stepping
Trying gmin =   1.0000E-03 Note: One successful gmin step
Trying gmin =   1.0000E-04 Note: One successful gmin step
Trying gmin =   1.0000E-05 Note: One successful gmin step
Trying gmin =   1.0000E-06 Note: One successful gmin step
Trying gmin =   3.1623E-07 Note: One successful gmin step
Trying gmin =   5.6234E-08 Note: One successful gmin step
Trying gmin =   5.6234E-09 Warning: Further gmin increment
Trying gmin =   3.1623E-08 Note: One successful gmin step
Trying gmin =   1.3335E-08 Note: One successful gmin step
Trying gmin =   3.6517E-09 Warning: Further gmin increment
Trying gmin =   9.6466E-09 Warning: Further gmin increment
Trying gmin =   1.2298E-08 Note: One successful gmin step
Trying gmin =   1.0892E-08 Note: One successful gmin step
Trying gmin =   9.0784E-09 Note: One successful gmin step
Trying gmin =   6.9080E-09 Warning: Further gmin increment
Trying gmin =   8.4790E-09 Note: One successful gmin step
Trying gmin =   7.6533E-09 Note: One successful gmin step
Trying gmin =   6.5631E-09 Warning: Further gmin increment
Trying gmin =   7.3649E-09 Note: One successful gmin step
Trying gmin =   6.9524E-09 Note: One successful gmin step
Trying gmin =   6.3767E-09 Warning: Further gmin increment
Trying gmin =   6.8038E-09 Note: One successful gmin step
Trying gmin =   6.5868E-09 Note: One successful gmin step
Trying gmin =   6.2741E-09 Note: One successful gmin step
Trying gmin =   5.8328E-09 Note: One successful gmin step
Trying gmin =   5.2283E-09 Note: One successful gmin step
Trying gmin =   4.4370E-09 Note: One successful gmin step
Trying gmin =   3.4688E-09 Note: One successful gmin step
Trying gmin =   2.3979E-09 Note: One successful gmin step
Trying gmin =   1.3781E-09 Note: One successful gmin step
Trying gmin =   6.0044E-10 Note: One successful gmin step
Trying gmin =   1.7268E-10 Note: One successful gmin step
Trying gmin =   2.6633E-11 Note: One successful gmin step
Trying gmin =   2.6633E-12 Note: One successful gmin step
Trying gmin =   1.0000E-12 Note: One successful gmin step
Note: Dynamic gmin stepping completed

No. of Data Rows : 121
Doing analysis at TEMP = 85.000000 and TNOM = 27.000000

Note: Starting dynamic gmin stepping
Trying gmin =   1.0000E-03 Note: One successful gmin step
Trying gmin =   1.0000E-04 Note: One successful gmin step
Trying gmin =   1.0000E-05 Note: One successful gmin step
Trying gmin =   1.0000E-06 Note: One successful gmin step
Trying gmin =   3.1623E-07 Note: One successful gmin step
Trying gmin =   5.6234E-08 Note: One successful gmin step
Trying gmin =   5.6234E-09 Warning: Further gmin increment
Trying gmin =   3.1623E-08 Note: One successful gmin step
Trying gmin =   1.3335E-08 Note: One successful gmin step
Trying gmin =   3.6517E-09 Warning: Further gmin increment
Trying gmin =   9.6466E-09 Warning: Further gmin increment
Trying gmin =   1.2298E-08 Note: One successful gmin step
Trying gmin =   1.0892E-08 Note: One successful gmin step
Trying gmin =   9.0784E-09 Note: One successful gmin step
Trying gmin =   6.9080E-09 Warning: Further gmin increment
Trying gmin =   8.4790E-09 Note: One successful gmin step
Trying gmin =   7.6533E-09 Note: One successful gmin step
Trying gmin =   6.5631E-09 Warning: Further gmin increment
Trying gmin =   7.3649E-09 Note: One successful gmin step
Trying gmin =   6.9524E-09 Note: One successful gmin step
Trying gmin =   6.3767E-09 Warning: Further gmin increment
Trying gmin =   6.8038E-09 Note: One successful gmin step
Trying gmin =   6.5868E-09 Note: One successful gmin step
Trying gmin =   6.2741E-09 Note: One successful gmin step
Trying gmin =   5.8328E-09 Note: One successful gmin step
Trying gmin =   5.2283E-09 Note: One successful gmin step
Trying gmin =   4.4370E-09 Note: One successful gmin step
Trying gmin =   3.4688E-09 Note: One successful gmin step
Trying gmin =   2.3979E-09 Note: One successful gmin step
Trying gmin =   1.3781E-09 Note: One successful gmin step
Trying gmin =   6.0044E-10 Note: One successful gmin step
Trying gmin =   1.7268E-10 Note: One successful gmin step
Trying gmin =   2.6633E-11 Note: One successful gmin step
Trying gmin =   2.6633E-12 Note: One successful gmin step
Trying gmin =   1.0000E-12 Note: One successful gmin step
Note: Dynamic gmin stepping completed

No. of Data Rows : 121
av0p1hz             =  1.091861e+02
gbw                 =  3.319378e+06
pm180               =  5.350709e+09
pm                  =  7.206065e+01
gm                  =  -6.424896e+01
cmrr0p1hz           =  1.049331e+02
psrr0p1hz           =  8.444745e+01
ERROR: (internal)  This operation is not defined for display type PrinterOnly.
Can't open viewport for graphics.
ERROR: (internal)  This operation is not defined for display type PrinterOnly.
Can't open viewport for graphics.
idd = -3.10716e-04
vos = 3.208973e-04
binary raw file "./out/sp24.raw"
Doing analysis at TEMP = 85.000000 and TNOM = 27.000000

OP information in rawfile.

Total analysis time (seconds) = 224.394

Total elapsed time (seconds) = 245.847 

Total DRAM available = 7841.949 MB.
DRAM currently available =  396.504 MB.
Maximum ngspice program size = 2426.152 MB.
Current ngspice program size = 2408.406 MB.

Shared ngspice pages =   10.980 MB.
Text (code) pages =    5.461 MB.
Stack = 0 bytes.
Library pages = 2405.707 MB.

