
Note: Compatibility modes selected: hs a


Circuit: * num: 4 corner: fs vdd: 3.0 temp: -40

option SCALE: Scale is set to 1e-06 for instance and model parameters
option SCALE: Scale is set to 1e-06 for instance and model parameters
option SCALE: Scale is set to 1e-06 for instance and model parameters
option SCALE: Scale is set to 1e-06 for instance and model parameters
Doing analysis at TEMP = -40.000000 and TNOM = 27.000000

Note: Starting dynamic gmin stepping
Trying gmin =   1.0000E-03 Note: One successful gmin step
Trying gmin =   1.0000E-04 Note: One successful gmin step
Trying gmin =   1.0000E-05 Note: One successful gmin step
Trying gmin =   1.0000E-06 Warning: Further gmin increment
Trying gmin =   5.6234E-06 Note: One successful gmin step
Trying gmin =   2.3714E-06 Note: One successful gmin step
Trying gmin =   1.5399E-06 Note: One successful gmin step
Trying gmin =   8.0584E-07 Note: One successful gmin step
Trying gmin =   3.0505E-07 Note: One successful gmin step
Trying gmin =   7.1050E-08 Warning: Further gmin increment
Trying gmin =   2.1192E-07 Note: One successful gmin step
Trying gmin =   1.2271E-07 Note: One successful gmin step
Trying gmin =   5.4064E-08 Note: One successful gmin step
Trying gmin =   1.5812E-08 Note: One successful gmin step
Trying gmin =   4.6242E-09 Warning: Further gmin increment
Trying gmin =   1.1628E-08 Note: One successful gmin step
Trying gmin =   7.3327E-09 Warning: Further gmin increment
Trying gmin =   1.0362E-08 Note: One successful gmin step
Trying gmin =   8.7166E-09 Note: One successful gmin step
Trying gmin =   7.3327E-09 Warning: Further gmin increment
Trying gmin =   8.3479E-09 Warning: Further gmin increment
Trying gmin =   8.6230E-09 Note: One successful gmin step
Trying gmin =   8.4843E-09 Note: One successful gmin step
Trying gmin =   8.2805E-09 Note: One successful gmin step
Trying gmin =   7.9840E-09 Note: One successful gmin step
Trying gmin =   7.5590E-09 Note: One successful gmin step
Trying gmin =   7.1566E-09 Note: One successful gmin step
Trying gmin =   6.5928E-09 Note: One successful gmin step
Trying gmin =   5.8293E-09 Note: One successful gmin step
Trying gmin =   4.8466E-09 Note: One successful gmin step
Trying gmin =   3.6742E-09 Note: One successful gmin step
Trying gmin =   2.4253E-09 Note: One successful gmin step
Trying gmin =   1.3006E-09 Note: One successful gmin step
Trying gmin =   5.1078E-10 Note: One successful gmin step
Trying gmin =   1.2571E-10 Note: One successful gmin step
Trying gmin =   1.5348E-11 Note: One successful gmin step
Trying gmin =   1.5348E-12 Note: One successful gmin step
Trying gmin =   1.0000E-12 Note: One successful gmin step
Note: Dynamic gmin stepping completed

No. of Data Rows : 1
Doing analysis at TEMP = -40.000000 and TNOM = 27.000000

Note: Starting dynamic gmin stepping
Trying gmin =   1.0000E-03 Note: One successful gmin step
Trying gmin =   1.0000E-04 Note: One successful gmin step
Trying gmin =   1.0000E-05 Note: One successful gmin step
Trying gmin =   1.0000E-06 Warning: Further gmin increment
Trying gmin =   5.6234E-06 Note: One successful gmin step
Trying gmin =   2.3714E-06 Note: One successful gmin step
Trying gmin =   1.5399E-06 Note: One successful gmin step
Trying gmin =   8.0584E-07 Note: One successful gmin step
Trying gmin =   3.0505E-07 Note: One successful gmin step
Trying gmin =   7.1050E-08 Warning: Further gmin increment
Trying gmin =   2.1192E-07 Note: One successful gmin step
Trying gmin =   1.2271E-07 Note: One successful gmin step
Trying gmin =   5.4064E-08 Note: One successful gmin step
Trying gmin =   1.5812E-08 Note: One successful gmin step
Trying gmin =   4.6242E-09 Warning: Further gmin increment
Trying gmin =   1.1628E-08 Note: One successful gmin step
Trying gmin =   7.3327E-09 Warning: Further gmin increment
Trying gmin =   1.0362E-08 Note: One successful gmin step
Trying gmin =   8.7166E-09 Note: One successful gmin step
Trying gmin =   7.3327E-09 Warning: Further gmin increment
Trying gmin =   8.3479E-09 Warning: Further gmin increment
Trying gmin =   8.6230E-09 Note: One successful gmin step
Trying gmin =   8.4843E-09 Note: One successful gmin step
Trying gmin =   8.2805E-09 Note: One successful gmin step
Trying gmin =   7.9840E-09 Note: One successful gmin step
Trying gmin =   7.5590E-09 Note: One successful gmin step
Trying gmin =   7.1566E-09 Note: One successful gmin step
Trying gmin =   6.5928E-09 Note: One successful gmin step
Trying gmin =   5.8293E-09 Note: One successful gmin step
Trying gmin =   4.8466E-09 Note: One successful gmin step
Trying gmin =   3.6742E-09 Note: One successful gmin step
Trying gmin =   2.4253E-09 Note: One successful gmin step
Trying gmin =   1.3006E-09 Note: One successful gmin step
Trying gmin =   5.1078E-10 Note: One successful gmin step
Trying gmin =   1.2571E-10 Note: One successful gmin step
Trying gmin =   1.5348E-11 Note: One successful gmin step
Trying gmin =   1.5348E-12 Note: One successful gmin step
Trying gmin =   1.0000E-12 Note: One successful gmin step
Note: Dynamic gmin stepping completed

No. of Data Rows : 121
Doing analysis at TEMP = -40.000000 and TNOM = 27.000000

Note: Starting dynamic gmin stepping
Trying gmin =   1.0000E-03 Note: One successful gmin step
Trying gmin =   1.0000E-04 Note: One successful gmin step
Trying gmin =   1.0000E-05 Note: One successful gmin step
Trying gmin =   1.0000E-06 Warning: Further gmin increment
Trying gmin =   5.6234E-06 Note: One successful gmin step
Trying gmin =   2.3714E-06 Note: One successful gmin step
Trying gmin =   1.5399E-06 Note: One successful gmin step
Trying gmin =   8.0584E-07 Note: One successful gmin step
Trying gmin =   3.0505E-07 Note: One successful gmin step
Trying gmin =   7.1050E-08 Warning: Further gmin increment
Trying gmin =   2.1192E-07 Note: One successful gmin step
Trying gmin =   1.2271E-07 Note: One successful gmin step
Trying gmin =   5.4064E-08 Note: One successful gmin step
Trying gmin =   1.5812E-08 Note: One successful gmin step
Trying gmin =   4.6242E-09 Warning: Further gmin increment
Trying gmin =   1.1628E-08 Note: One successful gmin step
Trying gmin =   7.3327E-09 Warning: Further gmin increment
Trying gmin =   1.0362E-08 Note: One successful gmin step
Trying gmin =   8.7166E-09 Note: One successful gmin step
Trying gmin =   7.3327E-09 Warning: Further gmin increment
Trying gmin =   8.3479E-09 Warning: Further gmin increment
Trying gmin =   8.6230E-09 Note: One successful gmin step
Trying gmin =   8.4843E-09 Note: One successful gmin step
Trying gmin =   8.2805E-09 Note: One successful gmin step
Trying gmin =   7.9840E-09 Note: One successful gmin step
Trying gmin =   7.5590E-09 Note: One successful gmin step
Trying gmin =   7.1566E-09 Note: One successful gmin step
Trying gmin =   6.5928E-09 Note: One successful gmin step
Trying gmin =   5.8293E-09 Note: One successful gmin step
Trying gmin =   4.8466E-09 Note: One successful gmin step
Trying gmin =   3.6742E-09 Note: One successful gmin step
Trying gmin =   2.4253E-09 Note: One successful gmin step
Trying gmin =   1.3006E-09 Note: One successful gmin step
Trying gmin =   5.1078E-10 Note: One successful gmin step
Trying gmin =   1.2571E-10 Note: One successful gmin step
Trying gmin =   1.5348E-11 Note: One successful gmin step
Trying gmin =   1.5348E-12 Note: One successful gmin step
Trying gmin =   1.0000E-12 Note: One successful gmin step
Note: Dynamic gmin stepping completed

No. of Data Rows : 121
Doing analysis at TEMP = -40.000000 and TNOM = 27.000000

Note: Starting dynamic gmin stepping
Trying gmin =   1.0000E-03 Note: One successful gmin step
Trying gmin =   1.0000E-04 Note: One successful gmin step
Trying gmin =   1.0000E-05 Note: One successful gmin step
Trying gmin =   1.0000E-06 Warning: Further gmin increment
Trying gmin =   5.6234E-06 Note: One successful gmin step
Trying gmin =   2.3714E-06 Note: One successful gmin step
Trying gmin =   1.5399E-06 Note: One successful gmin step
Trying gmin =   8.0584E-07 Note: One successful gmin step
Trying gmin =   3.0505E-07 Note: One successful gmin step
Trying gmin =   7.1050E-08 Warning: Further gmin increment
Trying gmin =   2.1192E-07 Note: One successful gmin step
Trying gmin =   1.2271E-07 Note: One successful gmin step
Trying gmin =   5.4064E-08 Note: One successful gmin step
Trying gmin =   1.5812E-08 Note: One successful gmin step
Trying gmin =   4.6242E-09 Warning: Further gmin increment
Trying gmin =   1.1628E-08 Note: One successful gmin step
Trying gmin =   7.3327E-09 Warning: Further gmin increment
Trying gmin =   1.0362E-08 Note: One successful gmin step
Trying gmin =   8.7166E-09 Note: One successful gmin step
Trying gmin =   7.3327E-09 Warning: Further gmin increment
Trying gmin =   8.3479E-09 Warning: Further gmin increment
Trying gmin =   8.6230E-09 Note: One successful gmin step
Trying gmin =   8.4843E-09 Note: One successful gmin step
Trying gmin =   8.2805E-09 Note: One successful gmin step
Trying gmin =   7.9840E-09 Note: One successful gmin step
Trying gmin =   7.5590E-09 Note: One successful gmin step
Trying gmin =   7.1566E-09 Note: One successful gmin step
Trying gmin =   6.5928E-09 Note: One successful gmin step
Trying gmin =   5.8293E-09 Note: One successful gmin step
Trying gmin =   4.8466E-09 Note: One successful gmin step
Trying gmin =   3.6742E-09 Note: One successful gmin step
Trying gmin =   2.4253E-09 Note: One successful gmin step
Trying gmin =   1.3006E-09 Note: One successful gmin step
Trying gmin =   5.1078E-10 Note: One successful gmin step
Trying gmin =   1.2571E-10 Note: One successful gmin step
Trying gmin =   1.5348E-11 Note: One successful gmin step
Trying gmin =   1.5348E-12 Note: One successful gmin step
Trying gmin =   1.0000E-12 Note: One successful gmin step
Note: Dynamic gmin stepping completed

No. of Data Rows : 121
av0p1hz             =  1.158147e+02
gbw                 =  4.927101e+06
pm180               =  5.848423e+09
pm                  =  6.891173e+01
gm                  =  -6.570402e+01
cmrr0p1hz           =  1.137808e+02
psrr0p1hz           =  6.902867e+01
ERROR: (internal)  This operation is not defined for display type PrinterOnly.
Can't open viewport for graphics.
ERROR: (internal)  This operation is not defined for display type PrinterOnly.
Can't open viewport for graphics.
idd = -2.83674e-04
vos = -1.56933e-04
binary raw file "./out/sp4.raw"
Doing analysis at TEMP = -40.000000 and TNOM = 27.000000

OP information in rawfile.

Total analysis time (seconds) = 233.729

Total elapsed time (seconds) = 255.098 

Total DRAM available = 7841.949 MB.
DRAM currently available =  278.164 MB.
Maximum ngspice program size = 2426.148 MB.
Current ngspice program size = 2408.168 MB.

Shared ngspice pages =   10.746 MB.
Text (code) pages =    5.461 MB.
Stack = 0 bytes.
Library pages = 2405.703 MB.

