
Note: Compatibility modes selected: hs a


Circuit: * num: 5 corner: ll vdd: 3.0 temp: -40

option SCALE: Scale is set to 1e-06 for instance and model parameters
option SCALE: Scale is set to 1e-06 for instance and model parameters
option SCALE: Scale is set to 1e-06 for instance and model parameters
option SCALE: Scale is set to 1e-06 for instance and model parameters
Doing analysis at TEMP = -40.000000 and TNOM = 27.000000

Note: Starting dynamic gmin stepping
Trying gmin =   1.0000E-03 Note: One successful gmin step
Trying gmin =   1.0000E-04 Note: One successful gmin step
Trying gmin =   1.0000E-05 Note: One successful gmin step
Trying gmin =   1.0000E-06 Note: One successful gmin step
Trying gmin =   1.0000E-07 Note: One successful gmin step
Trying gmin =   1.0000E-08 Warning: Further gmin increment
Trying gmin =   5.6234E-08 Note: One successful gmin step
Trying gmin =   2.3714E-08 Note: One successful gmin step
Trying gmin =   6.4938E-09 Warning: Further gmin increment
Trying gmin =   1.7154E-08 Note: One successful gmin step
Trying gmin =   1.0554E-08 Note: One successful gmin step
Trying gmin =   5.0937E-09 Warning: Further gmin increment
Trying gmin =   8.7970E-09 Warning: Further gmin increment
Trying gmin =   1.0085E-08 Note: One successful gmin step
Trying gmin =   9.4189E-09 Note: One successful gmin step
Trying gmin =   8.5017E-09 Note: One successful gmin step
Trying gmin =   7.6738E-09 Warning: Further gmin increment
Trying gmin =   8.2867E-09 Note: One successful gmin step
Trying gmin =   7.9743E-09 Note: One successful gmin step
Trying gmin =   7.5278E-09 Note: One successful gmin step
Trying gmin =   6.9044E-09 Note: One successful gmin step
Trying gmin =   6.0647E-09 Note: One successful gmin step
Trying gmin =   4.9928E-09 Note: One successful gmin step
Trying gmin =   3.7294E-09 Note: One successful gmin step
Trying gmin =   2.4076E-09 Note: One successful gmin step
Trying gmin =   1.2488E-09 Note: One successful gmin step
Trying gmin =   4.6651E-10 Note: One successful gmin step
Trying gmin =   1.0652E-10 Note: One successful gmin step
Trying gmin =   1.1621E-11 Note: One successful gmin step
Trying gmin =   1.1621E-12 Note: One successful gmin step
Trying gmin =   1.0000E-12 Note: One successful gmin step
Note: Dynamic gmin stepping completed

No. of Data Rows : 1
Doing analysis at TEMP = -40.000000 and TNOM = 27.000000

Note: Starting dynamic gmin stepping
Trying gmin =   1.0000E-03 Note: One successful gmin step
Trying gmin =   1.0000E-04 Note: One successful gmin step
Trying gmin =   1.0000E-05 Note: One successful gmin step
Trying gmin =   1.0000E-06 Note: One successful gmin step
Trying gmin =   1.0000E-07 Note: One successful gmin step
Trying gmin =   1.0000E-08 Warning: Further gmin increment
Trying gmin =   5.6234E-08 Note: One successful gmin step
Trying gmin =   2.3714E-08 Note: One successful gmin step
Trying gmin =   6.4938E-09 Warning: Further gmin increment
Trying gmin =   1.7154E-08 Note: One successful gmin step
Trying gmin =   1.0554E-08 Note: One successful gmin step
Trying gmin =   5.0937E-09 Warning: Further gmin increment
Trying gmin =   8.7970E-09 Warning: Further gmin increment
Trying gmin =   1.0085E-08 Note: One successful gmin step
Trying gmin =   9.4189E-09 Note: One successful gmin step
Trying gmin =   8.5017E-09 Note: One successful gmin step
Trying gmin =   7.6738E-09 Warning: Further gmin increment
Trying gmin =   8.2867E-09 Note: One successful gmin step
Trying gmin =   7.9743E-09 Note: One successful gmin step
Trying gmin =   7.5278E-09 Note: One successful gmin step
Trying gmin =   6.9044E-09 Note: One successful gmin step
Trying gmin =   6.0647E-09 Note: One successful gmin step
Trying gmin =   4.9928E-09 Note: One successful gmin step
Trying gmin =   3.7294E-09 Note: One successful gmin step
Trying gmin =   2.4076E-09 Note: One successful gmin step
Trying gmin =   1.2488E-09 Note: One successful gmin step
Trying gmin =   4.6651E-10 Note: One successful gmin step
Trying gmin =   1.0652E-10 Note: One successful gmin step
Trying gmin =   1.1621E-11 Note: One successful gmin step
Trying gmin =   1.1621E-12 Note: One successful gmin step
Trying gmin =   1.0000E-12 Note: One successful gmin step
Note: Dynamic gmin stepping completed

No. of Data Rows : 121
Doing analysis at TEMP = -40.000000 and TNOM = 27.000000

Note: Starting dynamic gmin stepping
Trying gmin =   1.0000E-03 Note: One successful gmin step
Trying gmin =   1.0000E-04 Note: One successful gmin step
Trying gmin =   1.0000E-05 Note: One successful gmin step
Trying gmin =   1.0000E-06 Note: One successful gmin step
Trying gmin =   1.0000E-07 Note: One successful gmin step
Trying gmin =   1.0000E-08 Warning: Further gmin increment
Trying gmin =   5.6234E-08 Note: One successful gmin step
Trying gmin =   2.3714E-08 Note: One successful gmin step
Trying gmin =   6.4938E-09 Warning: Further gmin increment
Trying gmin =   1.7154E-08 Note: One successful gmin step
Trying gmin =   1.0554E-08 Note: One successful gmin step
Trying gmin =   5.0937E-09 Warning: Further gmin increment
Trying gmin =   8.7970E-09 Warning: Further gmin increment
Trying gmin =   1.0085E-08 Note: One successful gmin step
Trying gmin =   9.4189E-09 Note: One successful gmin step
Trying gmin =   8.5017E-09 Note: One successful gmin step
Trying gmin =   7.6738E-09 Warning: Further gmin increment
Trying gmin =   8.2867E-09 Note: One successful gmin step
Trying gmin =   7.9743E-09 Note: One successful gmin step
Trying gmin =   7.5278E-09 Note: One successful gmin step
Trying gmin =   6.9044E-09 Note: One successful gmin step
Trying gmin =   6.0647E-09 Note: One successful gmin step
Trying gmin =   4.9928E-09 Note: One successful gmin step
Trying gmin =   3.7294E-09 Note: One successful gmin step
Trying gmin =   2.4076E-09 Note: One successful gmin step
Trying gmin =   1.2488E-09 Note: One successful gmin step
Trying gmin =   4.6651E-10 Note: One successful gmin step
Trying gmin =   1.0652E-10 Note: One successful gmin step
Trying gmin =   1.1621E-11 Note: One successful gmin step
Trying gmin =   1.1621E-12 Note: One successful gmin step
Trying gmin =   1.0000E-12 Note: One successful gmin step
Note: Dynamic gmin stepping completed

No. of Data Rows : 121
Doing analysis at TEMP = -40.000000 and TNOM = 27.000000

Note: Starting dynamic gmin stepping
Trying gmin =   1.0000E-03 Note: One successful gmin step
Trying gmin =   1.0000E-04 Note: One successful gmin step
Trying gmin =   1.0000E-05 Note: One successful gmin step
Trying gmin =   1.0000E-06 Note: One successful gmin step
Trying gmin =   1.0000E-07 Note: One successful gmin step
Trying gmin =   1.0000E-08 Warning: Further gmin increment
Trying gmin =   5.6234E-08 Note: One successful gmin step
Trying gmin =   2.3714E-08 Note: One successful gmin step
Trying gmin =   6.4938E-09 Warning: Further gmin increment
Trying gmin =   1.7154E-08 Note: One successful gmin step
Trying gmin =   1.0554E-08 Note: One successful gmin step
Trying gmin =   5.0937E-09 Warning: Further gmin increment
Trying gmin =   8.7970E-09 Warning: Further gmin increment
Trying gmin =   1.0085E-08 Note: One successful gmin step
Trying gmin =   9.4189E-09 Note: One successful gmin step
Trying gmin =   8.5017E-09 Note: One successful gmin step
Trying gmin =   7.6738E-09 Warning: Further gmin increment
Trying gmin =   8.2867E-09 Note: One successful gmin step
Trying gmin =   7.9743E-09 Note: One successful gmin step
Trying gmin =   7.5278E-09 Note: One successful gmin step
Trying gmin =   6.9044E-09 Note: One successful gmin step
Trying gmin =   6.0647E-09 Note: One successful gmin step
Trying gmin =   4.9928E-09 Note: One successful gmin step
Trying gmin =   3.7294E-09 Note: One successful gmin step
Trying gmin =   2.4076E-09 Note: One successful gmin step
Trying gmin =   1.2488E-09 Note: One successful gmin step
Trying gmin =   4.6651E-10 Note: One successful gmin step
Trying gmin =   1.0652E-10 Note: One successful gmin step
Trying gmin =   1.1621E-11 Note: One successful gmin step
Trying gmin =   1.1621E-12 Note: One successful gmin step
Trying gmin =   1.0000E-12 Note: One successful gmin step
Note: Dynamic gmin stepping completed

No. of Data Rows : 121
av0p1hz             =  1.158604e+02
gbw                 =  5.534437e+06
pm180               =  4.816984e+09
pm                  =  6.432658e+01
gm                  =  -6.689181e+01
cmrr0p1hz           =  1.059222e+02
psrr0p1hz           =  6.501352e+01
ERROR: (internal)  This operation is not defined for display type PrinterOnly.
Can't open viewport for graphics.
ERROR: (internal)  This operation is not defined for display type PrinterOnly.
Can't open viewport for graphics.
idd = -2.82352e-04
vos = -2.20563e-04
binary raw file "./out/sp5.raw"
Doing analysis at TEMP = -40.000000 and TNOM = 27.000000

OP information in rawfile.

Total analysis time (seconds) = 214.891

Total elapsed time (seconds) = 236.302 

Total DRAM available = 7841.949 MB.
DRAM currently available =  223.117 MB.
Maximum ngspice program size = 2426.145 MB.
Current ngspice program size = 2408.227 MB.

Shared ngspice pages =   10.797 MB.
Text (code) pages =    5.461 MB.
Stack = 0 bytes.
Library pages = 2405.699 MB.

