
Note: Compatibility modes selected: hs a


Circuit: * num: 7 corner: ss vdd: 3.0 temp: 85

option SCALE: Scale is set to 1e-06 for instance and model parameters
option SCALE: Scale is set to 1e-06 for instance and model parameters
option SCALE: Scale is set to 1e-06 for instance and model parameters
option SCALE: Scale is set to 1e-06 for instance and model parameters
Doing analysis at TEMP = 85.000000 and TNOM = 27.000000

Note: Starting dynamic gmin stepping
Trying gmin =   1.0000E-03 Note: One successful gmin step
Trying gmin =   1.0000E-04 Note: One successful gmin step
Trying gmin =   1.0000E-05 Note: One successful gmin step
Trying gmin =   1.0000E-06 Warning: Further gmin increment
Trying gmin =   5.6234E-06 Note: One successful gmin step
Trying gmin =   2.3714E-06 Note: One successful gmin step
Trying gmin =   1.0000E-06 Note: One successful gmin step
Trying gmin =   6.4938E-07 Note: One successful gmin step
Trying gmin =   3.3982E-07 Note: One successful gmin step
Trying gmin =   1.2864E-07 Note: One successful gmin step
Trying gmin =   2.9961E-08 Note: One successful gmin step
Trying gmin =   3.3678E-09 Warning: Further gmin increment
Trying gmin =   1.7348E-08 Note: One successful gmin step
Trying gmin =   7.6436E-09 Warning: Further gmin increment
Trying gmin =   1.4134E-08 Note: One successful gmin step
Trying gmin =   1.0394E-08 Note: One successful gmin step
Trying gmin =   6.5548E-09 Note: One successful gmin step
Trying gmin =   3.2826E-09 Note: One successful gmin step
Trying gmin =   1.1634E-09 Note: One successful gmin step
Trying gmin =   2.4544E-10 Note: One successful gmin step
Trying gmin =   2.4544E-11 Note: One successful gmin step
Trying gmin =   2.4544E-12 Note: One successful gmin step
Trying gmin =   1.0000E-12 Note: One successful gmin step
Note: Dynamic gmin stepping completed

No. of Data Rows : 1
Doing analysis at TEMP = 85.000000 and TNOM = 27.000000

Note: Starting dynamic gmin stepping
Trying gmin =   1.0000E-03 Note: One successful gmin step
Trying gmin =   1.0000E-04 Note: One successful gmin step
Trying gmin =   1.0000E-05 Note: One successful gmin step
Trying gmin =   1.0000E-06 Warning: Further gmin increment
Trying gmin =   5.6234E-06 Note: One successful gmin step
Trying gmin =   2.3714E-06 Note: One successful gmin step
Trying gmin =   1.0000E-06 Note: One successful gmin step
Trying gmin =   6.4938E-07 Note: One successful gmin step
Trying gmin =   3.3982E-07 Note: One successful gmin step
Trying gmin =   1.2864E-07 Note: One successful gmin step
Trying gmin =   2.9961E-08 Note: One successful gmin step
Trying gmin =   3.3678E-09 Warning: Further gmin increment
Trying gmin =   1.7348E-08 Note: One successful gmin step
Trying gmin =   7.6436E-09 Warning: Further gmin increment
Trying gmin =   1.4134E-08 Note: One successful gmin step
Trying gmin =   1.0394E-08 Note: One successful gmin step
Trying gmin =   6.5548E-09 Note: One successful gmin step
Trying gmin =   3.2826E-09 Note: One successful gmin step
Trying gmin =   1.1634E-09 Note: One successful gmin step
Trying gmin =   2.4544E-10 Note: One successful gmin step
Trying gmin =   2.4544E-11 Note: One successful gmin step
Trying gmin =   2.4544E-12 Note: One successful gmin step
Trying gmin =   1.0000E-12 Note: One successful gmin step
Note: Dynamic gmin stepping completed

No. of Data Rows : 121
Doing analysis at TEMP = 85.000000 and TNOM = 27.000000

Note: Starting dynamic gmin stepping
Trying gmin =   1.0000E-03 Note: One successful gmin step
Trying gmin =   1.0000E-04 Note: One successful gmin step
Trying gmin =   1.0000E-05 Note: One successful gmin step
Trying gmin =   1.0000E-06 Warning: Further gmin increment
Trying gmin =   5.6234E-06 Note: One successful gmin step
Trying gmin =   2.3714E-06 Note: One successful gmin step
Trying gmin =   1.0000E-06 Note: One successful gmin step
Trying gmin =   6.4938E-07 Note: One successful gmin step
Trying gmin =   3.3982E-07 Note: One successful gmin step
Trying gmin =   1.2864E-07 Note: One successful gmin step
Trying gmin =   2.9961E-08 Note: One successful gmin step
Trying gmin =   3.3678E-09 Warning: Further gmin increment
Trying gmin =   1.7348E-08 Note: One successful gmin step
Trying gmin =   7.6436E-09 Warning: Further gmin increment
Trying gmin =   1.4134E-08 Note: One successful gmin step
Trying gmin =   1.0394E-08 Note: One successful gmin step
Trying gmin =   6.5548E-09 Note: One successful gmin step
Trying gmin =   3.2826E-09 Note: One successful gmin step
Trying gmin =   1.1634E-09 Note: One successful gmin step
Trying gmin =   2.4544E-10 Note: One successful gmin step
Trying gmin =   2.4544E-11 Note: One successful gmin step
Trying gmin =   2.4544E-12 Note: One successful gmin step
Trying gmin =   1.0000E-12 Note: One successful gmin step
Note: Dynamic gmin stepping completed

No. of Data Rows : 121
Doing analysis at TEMP = 85.000000 and TNOM = 27.000000

Note: Starting dynamic gmin stepping
Trying gmin =   1.0000E-03 Note: One successful gmin step
Trying gmin =   1.0000E-04 Note: One successful gmin step
Trying gmin =   1.0000E-05 Note: One successful gmin step
Trying gmin =   1.0000E-06 Warning: Further gmin increment
Trying gmin =   5.6234E-06 Note: One successful gmin step
Trying gmin =   2.3714E-06 Note: One successful gmin step
Trying gmin =   1.0000E-06 Note: One successful gmin step
Trying gmin =   6.4938E-07 Note: One successful gmin step
Trying gmin =   3.3982E-07 Note: One successful gmin step
Trying gmin =   1.2864E-07 Note: One successful gmin step
Trying gmin =   2.9961E-08 Note: One successful gmin step
Trying gmin =   3.3678E-09 Warning: Further gmin increment
Trying gmin =   1.7348E-08 Note: One successful gmin step
Trying gmin =   7.6436E-09 Warning: Further gmin increment
Trying gmin =   1.4134E-08 Note: One successful gmin step
Trying gmin =   1.0394E-08 Note: One successful gmin step
Trying gmin =   6.5548E-09 Note: One successful gmin step
Trying gmin =   3.2826E-09 Note: One successful gmin step
Trying gmin =   1.1634E-09 Note: One successful gmin step
Trying gmin =   2.4544E-10 Note: One successful gmin step
Trying gmin =   2.4544E-11 Note: One successful gmin step
Trying gmin =   2.4544E-12 Note: One successful gmin step
Trying gmin =   1.0000E-12 Note: One successful gmin step
Note: Dynamic gmin stepping completed

No. of Data Rows : 121
av0p1hz             =  1.104915e+02
gbw                 =  3.366668e+06
pm180               =  4.197742e+09
pm                  =  6.899542e+01
gm                  =  -6.377607e+01
cmrr0p1hz           =  1.160549e+02
psrr0p1hz           =  6.839376e+01
ERROR: (internal)  This operation is not defined for display type PrinterOnly.
Can't open viewport for graphics.
ERROR: (internal)  This operation is not defined for display type PrinterOnly.
Can't open viewport for graphics.
idd = -2.79015e-04
vos = -8.44377e-05
binary raw file "./out/sp7.raw"
Doing analysis at TEMP = 85.000000 and TNOM = 27.000000

OP information in rawfile.

Total analysis time (seconds) = 191.308

Total elapsed time (seconds) = 212.287 

Total DRAM available = 7841.949 MB.
DRAM currently available =  270.395 MB.
Maximum ngspice program size = 2426.109 MB.
Current ngspice program size = 2408.156 MB.

Shared ngspice pages =   10.777 MB.
Text (code) pages =    5.461 MB.
Stack = 0 bytes.
Library pages = 2405.664 MB.

