
Note: Compatibility modes selected: hs a


Circuit: * num: 8 corner: ff vdd: 3.0 temp: 85

option SCALE: Scale is set to 1e-06 for instance and model parameters
option SCALE: Scale is set to 1e-06 for instance and model parameters
option SCALE: Scale is set to 1e-06 for instance and model parameters
option SCALE: Scale is set to 1e-06 for instance and model parameters
Doing analysis at TEMP = 85.000000 and TNOM = 27.000000

Note: Starting dynamic gmin stepping
Trying gmin =   1.0000E-03 Note: One successful gmin step
Trying gmin =   1.0000E-04 Note: One successful gmin step
Trying gmin =   1.0000E-05 Note: One successful gmin step
Trying gmin =   1.0000E-06 Note: One successful gmin step
Trying gmin =   3.1623E-07 Note: One successful gmin step
Trying gmin =   5.6234E-08 Note: One successful gmin step
Trying gmin =   5.6234E-09 Warning: Further gmin increment
Trying gmin =   3.1623E-08 Note: One successful gmin step
Trying gmin =   1.3335E-08 Note: One successful gmin step
Trying gmin =   3.6517E-09 Warning: Further gmin increment
Trying gmin =   9.6466E-09 Warning: Further gmin increment
Trying gmin =   1.2298E-08 Note: One successful gmin step
Trying gmin =   1.0892E-08 Warning: Further gmin increment
Trying gmin =   1.1931E-08 Note: One successful gmin step
Trying gmin =   1.1399E-08 Note: One successful gmin step
Trying gmin =   1.0647E-08 Note: One successful gmin step
Trying gmin =   9.6101E-09 Note: One successful gmin step
Trying gmin =   8.2411E-09 Warning: Further gmin increment
Trying gmin =   9.2479E-09 Note: One successful gmin step
Trying gmin =   8.7300E-09 Note: One successful gmin step
Trying gmin =   8.0070E-09 Note: One successful gmin step
Trying gmin =   7.0333E-09 Note: One successful gmin step
Trying gmin =   5.7901E-09 Note: One successful gmin step
Trying gmin =   4.3250E-09 Note: One successful gmin step
Trying gmin =   2.7921E-09 Note: One successful gmin step
Trying gmin =   1.4482E-09 Note: One successful gmin step
Trying gmin =   5.4101E-10 Note: One successful gmin step
Trying gmin =   1.2353E-10 Note: One successful gmin step
Trying gmin =   1.3477E-11 Note: One successful gmin step
Trying gmin =   1.3477E-12 Note: One successful gmin step
Trying gmin =   1.0000E-12 Note: One successful gmin step
Note: Dynamic gmin stepping completed

No. of Data Rows : 1
Doing analysis at TEMP = 85.000000 and TNOM = 27.000000

Note: Starting dynamic gmin stepping
Trying gmin =   1.0000E-03 Note: One successful gmin step
Trying gmin =   1.0000E-04 Note: One successful gmin step
Trying gmin =   1.0000E-05 Note: One successful gmin step
Trying gmin =   1.0000E-06 Note: One successful gmin step
Trying gmin =   3.1623E-07 Note: One successful gmin step
Trying gmin =   5.6234E-08 Note: One successful gmin step
Trying gmin =   5.6234E-09 Warning: Further gmin increment
Trying gmin =   3.1623E-08 Note: One successful gmin step
Trying gmin =   1.3335E-08 Note: One successful gmin step
Trying gmin =   3.6517E-09 Warning: Further gmin increment
Trying gmin =   9.6466E-09 Warning: Further gmin increment
Trying gmin =   1.2298E-08 Note: One successful gmin step
Trying gmin =   1.0892E-08 Warning: Further gmin increment
Trying gmin =   1.1931E-08 Note: One successful gmin step
Trying gmin =   1.1399E-08 Note: One successful gmin step
Trying gmin =   1.0647E-08 Note: One successful gmin step
Trying gmin =   9.6101E-09 Note: One successful gmin step
Trying gmin =   8.2411E-09 Warning: Further gmin increment
Trying gmin =   9.2479E-09 Note: One successful gmin step
Trying gmin =   8.7300E-09 Note: One successful gmin step
Trying gmin =   8.0070E-09 Note: One successful gmin step
Trying gmin =   7.0333E-09 Note: One successful gmin step
Trying gmin =   5.7901E-09 Note: One successful gmin step
Trying gmin =   4.3250E-09 Note: One successful gmin step
Trying gmin =   2.7921E-09 Note: One successful gmin step
Trying gmin =   1.4482E-09 Note: One successful gmin step
Trying gmin =   5.4101E-10 Note: One successful gmin step
Trying gmin =   1.2353E-10 Note: One successful gmin step
Trying gmin =   1.3477E-11 Note: One successful gmin step
Trying gmin =   1.3477E-12 Note: One successful gmin step
Trying gmin =   1.0000E-12 Note: One successful gmin step
Note: Dynamic gmin stepping completed

No. of Data Rows : 121
Doing analysis at TEMP = 85.000000 and TNOM = 27.000000

Note: Starting dynamic gmin stepping
Trying gmin =   1.0000E-03 Note: One successful gmin step
Trying gmin =   1.0000E-04 Note: One successful gmin step
Trying gmin =   1.0000E-05 Note: One successful gmin step
Trying gmin =   1.0000E-06 Note: One successful gmin step
Trying gmin =   3.1623E-07 Note: One successful gmin step
Trying gmin =   5.6234E-08 Note: One successful gmin step
Trying gmin =   5.6234E-09 Warning: Further gmin increment
Trying gmin =   3.1623E-08 Note: One successful gmin step
Trying gmin =   1.3335E-08 Note: One successful gmin step
Trying gmin =   3.6517E-09 Warning: Further gmin increment
Trying gmin =   9.6466E-09 Warning: Further gmin increment
Trying gmin =   1.2298E-08 Note: One successful gmin step
Trying gmin =   1.0892E-08 Warning: Further gmin increment
Trying gmin =   1.1931E-08 Note: One successful gmin step
Trying gmin =   1.1399E-08 Note: One successful gmin step
Trying gmin =   1.0647E-08 Note: One successful gmin step
Trying gmin =   9.6101E-09 Note: One successful gmin step
Trying gmin =   8.2411E-09 Warning: Further gmin increment
Trying gmin =   9.2479E-09 Note: One successful gmin step
Trying gmin =   8.7300E-09 Note: One successful gmin step
Trying gmin =   8.0070E-09 Note: One successful gmin step
Trying gmin =   7.0333E-09 Note: One successful gmin step
Trying gmin =   5.7901E-09 Note: One successful gmin step
Trying gmin =   4.3250E-09 Note: One successful gmin step
Trying gmin =   2.7921E-09 Note: One successful gmin step
Trying gmin =   1.4482E-09 Note: One successful gmin step
Trying gmin =   5.4101E-10 Note: One successful gmin step
Trying gmin =   1.2353E-10 Note: One successful gmin step
Trying gmin =   1.3477E-11 Note: One successful gmin step
Trying gmin =   1.3477E-12 Note: One successful gmin step
Trying gmin =   1.0000E-12 Note: One successful gmin step
Note: Dynamic gmin stepping completed

No. of Data Rows : 121
Doing analysis at TEMP = 85.000000 and TNOM = 27.000000

Note: Starting dynamic gmin stepping
Trying gmin =   1.0000E-03 Note: One successful gmin step
Trying gmin =   1.0000E-04 Note: One successful gmin step
Trying gmin =   1.0000E-05 Note: One successful gmin step
Trying gmin =   1.0000E-06 Note: One successful gmin step
Trying gmin =   3.1623E-07 Note: One successful gmin step
Trying gmin =   5.6234E-08 Note: One successful gmin step
Trying gmin =   5.6234E-09 Warning: Further gmin increment
Trying gmin =   3.1623E-08 Note: One successful gmin step
Trying gmin =   1.3335E-08 Note: One successful gmin step
Trying gmin =   3.6517E-09 Warning: Further gmin increment
Trying gmin =   9.6466E-09 Warning: Further gmin increment
Trying gmin =   1.2298E-08 Note: One successful gmin step
Trying gmin =   1.0892E-08 Warning: Further gmin increment
Trying gmin =   1.1931E-08 Note: One successful gmin step
Trying gmin =   1.1399E-08 Note: One successful gmin step
Trying gmin =   1.0647E-08 Note: One successful gmin step
Trying gmin =   9.6101E-09 Note: One successful gmin step
Trying gmin =   8.2411E-09 Warning: Further gmin increment
Trying gmin =   9.2479E-09 Note: One successful gmin step
Trying gmin =   8.7300E-09 Note: One successful gmin step
Trying gmin =   8.0070E-09 Note: One successful gmin step
Trying gmin =   7.0333E-09 Note: One successful gmin step
Trying gmin =   5.7901E-09 Note: One successful gmin step
Trying gmin =   4.3250E-09 Note: One successful gmin step
Trying gmin =   2.7921E-09 Note: One successful gmin step
Trying gmin =   1.4482E-09 Note: One successful gmin step
Trying gmin =   5.4101E-10 Note: One successful gmin step
Trying gmin =   1.2353E-10 Note: One successful gmin step
Trying gmin =   1.3477E-11 Note: One successful gmin step
Trying gmin =   1.3477E-12 Note: One successful gmin step
Trying gmin =   1.0000E-12 Note: One successful gmin step
Note: Dynamic gmin stepping completed

No. of Data Rows : 121
av0p1hz             =  1.091580e+02
gbw                 =  3.367797e+06
pm180               =  4.538358e+09
pm                  =  6.909040e+01
gm                  =  -6.368979e+01
cmrr0p1hz           =  1.200352e+02
psrr0p1hz           =  6.996880e+01
ERROR: (internal)  This operation is not defined for display type PrinterOnly.
Can't open viewport for graphics.
ERROR: (internal)  This operation is not defined for display type PrinterOnly.
Can't open viewport for graphics.
idd = -2.82879e-04
vos = 9.830369e-06
binary raw file "./out/sp8.raw"
Doing analysis at TEMP = 85.000000 and TNOM = 27.000000

OP information in rawfile.

Total analysis time (seconds) = 219.911

Total elapsed time (seconds) = 241.524 

Total DRAM available = 7841.949 MB.
DRAM currently available =  237.000 MB.
Maximum ngspice program size = 2426.109 MB.
Current ngspice program size = 2407.879 MB.

Shared ngspice pages =   10.492 MB.
Text (code) pages =    5.461 MB.
Stack = 0 bytes.
Library pages = 2405.664 MB.

