
Note: Compatibility modes selected: hs a


Circuit: * num: 0 corner: tt vdd: 3.3 temp: 25

option SCALE: Scale is set to 1e-06 for instance and model parameters
option SCALE: Scale is set to 1e-06 for instance and model parameters
option SCALE: Scale is set to 1e-06 for instance and model parameters
option SCALE: Scale is set to 1e-06 for instance and model parameters
Warning: Model issue on line 0 :
  .model sky130_fd_pr__res_generic_m4 r tc1=    3.424000000000000e-03      ...
unrecognized parameter (tref) - ignored
Doing analysis at TEMP = 25.000000 and TNOM = 27.000000

Note: Starting dynamic gmin stepping
Trying gmin =   1.0000E-03 Note: One successful gmin step
Trying gmin =   1.0000E-04 Note: One successful gmin step
Trying gmin =   1.0000E-05 Note: One successful gmin step
Trying gmin =   1.0000E-06 Note: One successful gmin step
Trying gmin =   1.0000E-07 Note: One successful gmin step
Trying gmin =   3.1623E-08 Note: One successful gmin step
Trying gmin =   5.6234E-09 Warning: Further gmin increment
Trying gmin =   2.0535E-08 Note: One successful gmin step
Trying gmin =   1.0746E-08 Note: One successful gmin step
Trying gmin =   4.0679E-09 Warning: Further gmin increment
Trying gmin =   8.4291E-09 Warning: Further gmin increment
Trying gmin =   1.0113E-08 Note: One successful gmin step
Trying gmin =   9.2328E-09 Note: One successful gmin step
Trying gmin =   8.0539E-09 Warning: Further gmin increment
Trying gmin =   8.9228E-09 Note: One successful gmin step
Trying gmin =   8.4772E-09 Warning: Further gmin increment
Trying gmin =   8.8092E-09 Note: One successful gmin step
Trying gmin =   8.6416E-09 Note: One successful gmin step
Trying gmin =   8.3962E-09 Note: One successful gmin step
Trying gmin =   8.0410E-09 Note: One successful gmin step
Trying gmin =   7.5362E-09 Note: One successful gmin step
Trying gmin =   6.8378E-09 Note: One successful gmin step
Trying gmin =   5.9097E-09 Note: One successful gmin step
Trying gmin =   4.7483E-09 Note: One successful gmin step
Trying gmin =   3.4197E-09 Note: One successful gmin step
Trying gmin =   2.0902E-09 Note: One successful gmin step
Trying gmin =   9.9875E-10 Note: One successful gmin step
Trying gmin =   3.2989E-10 Note: One successful gmin step
Trying gmin =   6.2624E-11 Note: One successful gmin step
Trying gmin =   6.2624E-12 Note: One successful gmin step
Trying gmin =   1.0000E-12 Note: One successful gmin step
Note: Dynamic gmin stepping completed

No. of Data Rows : 91

No. of Data Rows : 1
onoise_10k = 2.944597e-08
onoise_total = 6.775144e-05
ERROR: (internal)  This operation is not defined for display type PrinterOnly.
Can't open viewport for graphics.
binary raw file "./out/sp0.raw"
Doing analysis at TEMP = 25.000000 and TNOM = 27.000000


Total analysis time (seconds) = 141.912

Total elapsed time (seconds) = 204.800 

Total DRAM available = 7841.875 MB.
DRAM currently available =  334.453 MB.
Maximum ngspice program size = 2145.172 MB.
Current ngspice program size = 2123.410 MB.

Shared ngspice pages =   10.652 MB.
Text (code) pages =    5.461 MB.
Stack = 0 bytes.
Library pages = 2124.727 MB.

