
Note: Compatibility modes selected: hs a


Circuit: * num: 1 corner: ss vdd: 3.0 temp: -40

option SCALE: Scale is set to 1e-06 for instance and model parameters
option SCALE: Scale is set to 1e-06 for instance and model parameters
option SCALE: Scale is set to 1e-06 for instance and model parameters
option SCALE: Scale is set to 1e-06 for instance and model parameters
Warning: Model issue on line 0 :
  .model sky130_fd_pr__res_generic_m4 r tc1=    3.424000000000000e-03      ...
unrecognized parameter (tref) - ignored
Doing analysis at TEMP = -40.000000 and TNOM = 27.000000

Note: Starting dynamic gmin stepping
Trying gmin =   1.0000E-03 Note: One successful gmin step
Trying gmin =   1.0000E-04 Note: One successful gmin step
Trying gmin =   1.0000E-05 Note: One successful gmin step
Trying gmin =   1.0000E-06 Warning: Further gmin increment
Trying gmin =   5.6234E-06 Note: One successful gmin step
Trying gmin =   2.3714E-06 Note: One successful gmin step
Trying gmin =   1.5399E-06 Note: One successful gmin step
Trying gmin =   8.0584E-07 Note: One successful gmin step
Trying gmin =   5.8294E-07 Note: One successful gmin step
Trying gmin =   3.5866E-07 Note: One successful gmin step
Trying gmin =   1.7309E-07 Note: One successful gmin step
Trying gmin =   5.8033E-08 Note: One successful gmin step
Trying gmin =   1.1266E-08 Warning: Further gmin increment
Trying gmin =   3.8521E-08 Note: One successful gmin step
Trying gmin =   2.0832E-08 Note: One successful gmin step
Trying gmin =   8.2846E-09 Warning: Further gmin increment
Trying gmin =   1.6543E-08 Note: One successful gmin step
Trying gmin =   1.1707E-08 Note: One successful gmin step
Trying gmin =   6.9693E-09 Note: One successful gmin step
Trying gmin =   3.2012E-09 Note: One successful gmin step
Trying gmin =   9.9652E-10 Note: One successful gmin step
Trying gmin =   1.7308E-10 Note: One successful gmin step
Trying gmin =   1.7308E-11 Note: One successful gmin step
Trying gmin =   1.7308E-12 Note: One successful gmin step
Trying gmin =   1.0000E-12 Note: One successful gmin step
Note: Dynamic gmin stepping completed

No. of Data Rows : 91

No. of Data Rows : 1
onoise_10k = 2.464819e-08
onoise_total = 5.876104e-05
ERROR: (internal)  This operation is not defined for display type PrinterOnly.
Can't open viewport for graphics.
binary raw file "./out/sp1.raw"
Doing analysis at TEMP = -40.000000 and TNOM = 27.000000


Total analysis time (seconds) = 98.455

Total elapsed time (seconds) = 156.905 

Total DRAM available = 7841.875 MB.
DRAM currently available =  398.465 MB.
Maximum ngspice program size = 2145.453 MB.
Current ngspice program size = 2124.055 MB.

Shared ngspice pages =   10.910 MB.
Text (code) pages =    5.461 MB.
Stack = 0 bytes.
Library pages = 2125.008 MB.

