
Note: Compatibility modes selected: hs a


Circuit: * num: 10 corner: fs vdd: 3.0 temp: 85

option SCALE: Scale is set to 1e-06 for instance and model parameters
option SCALE: Scale is set to 1e-06 for instance and model parameters
option SCALE: Scale is set to 1e-06 for instance and model parameters
option SCALE: Scale is set to 1e-06 for instance and model parameters
Warning: Model issue on line 0 :
  .model sky130_fd_pr__res_generic_m4 r tc1=    3.424000000000000e-03      ...
unrecognized parameter (tref) - ignored
Doing analysis at TEMP = 85.000000 and TNOM = 27.000000

Note: Starting dynamic gmin stepping
Trying gmin =   1.0000E-03 Note: One successful gmin step
Trying gmin =   1.0000E-04 Note: One successful gmin step
Trying gmin =   1.0000E-05 Note: One successful gmin step
Trying gmin =   1.0000E-06 Note: One successful gmin step
Trying gmin =   3.1623E-07 Note: One successful gmin step
Trying gmin =   5.6234E-08 Note: One successful gmin step
Trying gmin =   5.6234E-09 Warning: Further gmin increment
Trying gmin =   3.1623E-08 Note: One successful gmin step
Trying gmin =   1.3335E-08 Warning: Further gmin increment
Trying gmin =   2.5483E-08 Note: One successful gmin step
Trying gmin =   1.8434E-08 Note: One successful gmin step
Trying gmin =   1.1342E-08 Note: One successful gmin step
Trying gmin =   5.4737E-09 Warning: Further gmin increment
Trying gmin =   9.4534E-09 Note: One successful gmin step
Trying gmin =   7.1934E-09 Warning: Further gmin increment
Trying gmin =   8.8292E-09 Note: One successful gmin step
Trying gmin =   7.9694E-09 Warning: Further gmin increment
Trying gmin =   8.6060E-09 Note: One successful gmin step
Trying gmin =   8.2816E-09 Note: One successful gmin step
Trying gmin =   7.8178E-09 Note: One successful gmin step
Trying gmin =   7.1704E-09 Note: One successful gmin step
Trying gmin =   6.2984E-09 Note: One successful gmin step
Trying gmin =   5.1851E-09 Note: One successful gmin step
Trying gmin =   3.8731E-09 Note: One successful gmin step
Trying gmin =   2.5003E-09 Note: One successful gmin step
Trying gmin =   1.2969E-09 Note: One successful gmin step
Trying gmin =   4.8448E-10 Note: One successful gmin step
Trying gmin =   1.1062E-10 Note: One successful gmin step
Trying gmin =   1.2069E-11 Note: One successful gmin step
Trying gmin =   1.2069E-12 Note: One successful gmin step
Trying gmin =   1.0000E-12 Note: One successful gmin step
Note: Dynamic gmin stepping completed

No. of Data Rows : 91

No. of Data Rows : 1
onoise_10k = 3.439102e-08
onoise_total = 7.523248e-05
ERROR: (internal)  This operation is not defined for display type PrinterOnly.
Can't open viewport for graphics.
binary raw file "./out/sp10.raw"
Doing analysis at TEMP = 85.000000 and TNOM = 27.000000


Total analysis time (seconds) = 102.067

Total elapsed time (seconds) = 149.499 

Total DRAM available = 7841.875 MB.
DRAM currently available =  664.844 MB.
Maximum ngspice program size = 2145.180 MB.
Current ngspice program size = 2123.871 MB.

Shared ngspice pages =   11.105 MB.
Text (code) pages =    5.461 MB.
Stack = 0 bytes.
Library pages = 2124.734 MB.

