
Note: Compatibility modes selected: hs a


Circuit: * num: 12 corner: hh vdd: 3.0 temp: 85

option SCALE: Scale is set to 1e-06 for instance and model parameters
option SCALE: Scale is set to 1e-06 for instance and model parameters
option SCALE: Scale is set to 1e-06 for instance and model parameters
option SCALE: Scale is set to 1e-06 for instance and model parameters
Warning: Model issue on line 0 :
  .model sky130_fd_pr__res_generic_m4 r tc1=    3.424000000000000e-03      ...
unrecognized parameter (tref) - ignored
Doing analysis at TEMP = 85.000000 and TNOM = 27.000000

Note: Starting dynamic gmin stepping
Trying gmin =   1.0000E-03 Note: One successful gmin step
Trying gmin =   1.0000E-04 Note: One successful gmin step
Trying gmin =   1.0000E-05 Note: One successful gmin step
Trying gmin =   1.0000E-06 Note: One successful gmin step
Trying gmin =   3.1623E-07 Note: One successful gmin step
Trying gmin =   5.6234E-08 Note: One successful gmin step
Trying gmin =   5.6234E-09 Warning: Further gmin increment
Trying gmin =   3.1623E-08 Note: One successful gmin step
Trying gmin =   1.3335E-08 Warning: Further gmin increment
Trying gmin =   2.5483E-08 Note: One successful gmin step
Trying gmin =   1.8434E-08 Note: One successful gmin step
Trying gmin =   1.1342E-08 Note: One successful gmin step
Trying gmin =   5.4737E-09 Warning: Further gmin increment
Trying gmin =   9.4534E-09 Warning: Further gmin increment
Trying gmin =   1.0837E-08 Note: One successful gmin step
Trying gmin =   1.0122E-08 Note: One successful gmin step
Trying gmin =   9.1360E-09 Warning: Further gmin increment
Trying gmin =   9.8656E-09 Note: One successful gmin step
Trying gmin =   9.4938E-09 Note: One successful gmin step
Trying gmin =   8.9621E-09 Note: One successful gmin step
Trying gmin =   8.2200E-09 Note: One successful gmin step
Trying gmin =   7.2203E-09 Note: One successful gmin step
Trying gmin =   5.9441E-09 Note: One successful gmin step
Trying gmin =   4.4400E-09 Note: One successful gmin step
Trying gmin =   2.8663E-09 Note: One successful gmin step
Trying gmin =   1.4867E-09 Note: One successful gmin step
Trying gmin =   5.5540E-10 Note: One successful gmin step
Trying gmin =   1.2681E-10 Note: One successful gmin step
Trying gmin =   1.3835E-11 Note: One successful gmin step
Trying gmin =   1.3835E-12 Note: One successful gmin step
Trying gmin =   1.0000E-12 Note: One successful gmin step
Note: Dynamic gmin stepping completed

No. of Data Rows : 91

No. of Data Rows : 1
onoise_10k = 3.455168e-08
onoise_total = 7.243570e-05
ERROR: (internal)  This operation is not defined for display type PrinterOnly.
Can't open viewport for graphics.
binary raw file "./out/sp12.raw"
Doing analysis at TEMP = 85.000000 and TNOM = 27.000000


Total analysis time (seconds) = 103.304

Total elapsed time (seconds) = 150.308 

Total DRAM available = 7841.875 MB.
DRAM currently available =  683.195 MB.
Maximum ngspice program size = 2145.199 MB.
Current ngspice program size = 2123.910 MB.

Shared ngspice pages =   11.129 MB.
Text (code) pages =    5.461 MB.
Stack = 0 bytes.
Library pages = 2124.754 MB.

