
Note: Compatibility modes selected: hs a


Circuit: * num: 15 corner: sf vdd: 5.5 temp: -40

option SCALE: Scale is set to 1e-06 for instance and model parameters
option SCALE: Scale is set to 1e-06 for instance and model parameters
option SCALE: Scale is set to 1e-06 for instance and model parameters
option SCALE: Scale is set to 1e-06 for instance and model parameters
Warning: Model issue on line 0 :
  .model sky130_fd_pr__res_generic_m4 r tc1=    3.424000000000000e-03      ...
unrecognized parameter (tref) - ignored
Doing analysis at TEMP = -40.000000 and TNOM = 27.000000

Note: Starting dynamic gmin stepping
Trying gmin =   1.0000E-03 Note: One successful gmin step
Trying gmin =   1.0000E-04 Note: One successful gmin step
Trying gmin =   1.0000E-05 Note: One successful gmin step
Trying gmin =   1.0000E-06 Note: One successful gmin step
Trying gmin =   3.1623E-07 Note: One successful gmin step
Trying gmin =   5.6234E-08 Note: One successful gmin step
Trying gmin =   1.0000E-08 Warning: Further gmin increment
Trying gmin =   3.6517E-08 Note: One successful gmin step
Trying gmin =   1.9110E-08 Note: One successful gmin step
Trying gmin =   7.2339E-09 Warning: Further gmin increment
Trying gmin =   1.4989E-08 Note: One successful gmin step
Trying gmin =   1.0413E-08 Note: One successful gmin step
Trying gmin =   6.0294E-09 Warning: Further gmin increment
Trying gmin =   9.0835E-09 Note: One successful gmin step
Trying gmin =   7.4005E-09 Note: One successful gmin step
Trying gmin =   6.0294E-09 Note: One successful gmin step
Trying gmin =   4.4339E-09 Note: One successful gmin step
Trying gmin =   2.7962E-09 Note: One successful gmin step
Trying gmin =   1.4003E-09 Note: One successful gmin step
Trying gmin =   4.9627E-10 Note: One successful gmin step
Trying gmin =   1.0470E-10 Note: One successful gmin step
Trying gmin =   1.0470E-11 Note: One successful gmin step
Trying gmin =   1.0470E-12 Note: One successful gmin step
Trying gmin =   1.0000E-12 Note: One successful gmin step
Note: Dynamic gmin stepping completed

No. of Data Rows : 91

No. of Data Rows : 1
onoise_10k = 2.292826e-08
onoise_total = 5.874926e-05
ERROR: (internal)  This operation is not defined for display type PrinterOnly.
Can't open viewport for graphics.
binary raw file "./out/sp15.raw"
Doing analysis at TEMP = -40.000000 and TNOM = 27.000000


Total analysis time (seconds) = 97.987

Total elapsed time (seconds) = 145.491 

Total DRAM available = 7841.875 MB.
DRAM currently available =  599.898 MB.
Maximum ngspice program size = 2145.211 MB.
Current ngspice program size = 2123.746 MB.

Shared ngspice pages =   10.945 MB.
Text (code) pages =    5.461 MB.
Stack = 0 bytes.
Library pages = 2124.766 MB.

