
Note: Compatibility modes selected: hs a


Circuit: * num: 16 corner: fs vdd: 5.5 temp: -40

option SCALE: Scale is set to 1e-06 for instance and model parameters
option SCALE: Scale is set to 1e-06 for instance and model parameters
option SCALE: Scale is set to 1e-06 for instance and model parameters
option SCALE: Scale is set to 1e-06 for instance and model parameters
Warning: Model issue on line 0 :
  .model sky130_fd_pr__res_generic_m4 r tc1=    3.424000000000000e-03      ...
unrecognized parameter (tref) - ignored
Doing analysis at TEMP = -40.000000 and TNOM = 27.000000

Note: Starting dynamic gmin stepping
Trying gmin =   1.0000E-03 Note: One successful gmin step
Trying gmin =   1.0000E-04 Note: One successful gmin step
Trying gmin =   1.0000E-05 Note: One successful gmin step
Trying gmin =   1.0000E-06 Note: One successful gmin step
Trying gmin =   3.1623E-07 Note: One successful gmin step
Trying gmin =   5.6234E-08 Note: One successful gmin step
Trying gmin =   5.6234E-09 Warning: Further gmin increment
Trying gmin =   3.1623E-08 Note: One successful gmin step
Trying gmin =   1.3335E-08 Warning: Further gmin increment
Trying gmin =   2.5483E-08 Note: One successful gmin step
Trying gmin =   1.8434E-08 Note: One successful gmin step
Trying gmin =   1.1342E-08 Note: One successful gmin step
Trying gmin =   5.4737E-09 Warning: Further gmin increment
Trying gmin =   9.4534E-09 Note: One successful gmin step
Trying gmin =   7.1934E-09 Note: One successful gmin step
Trying gmin =   5.4737E-09 Warning: Further gmin increment
Trying gmin =   6.7185E-09 Note: One successful gmin step
Trying gmin =   6.0642E-09 Warning: Further gmin increment
Trying gmin =   6.5486E-09 Warning: Further gmin increment
Trying gmin =   6.6756E-09 Note: One successful gmin step
Trying gmin =   6.6118E-09 Note: One successful gmin step
Trying gmin =   6.5172E-09 Note: One successful gmin step
Trying gmin =   6.3779E-09 Warning: Further gmin increment
Trying gmin =   6.4821E-09 Note: One successful gmin step
Trying gmin =   6.4298E-09 Note: One successful gmin step
Trying gmin =   6.3521E-09 Note: One successful gmin step
Trying gmin =   6.2373E-09 Note: One successful gmin step
Trying gmin =   6.0690E-09 Note: One successful gmin step
Trying gmin =   5.8251E-09 Note: One successful gmin step
Trying gmin =   5.4774E-09 Note: One successful gmin step
Trying gmin =   4.9944E-09 Note: One successful gmin step
Trying gmin =   4.3486E-09 Note: One successful gmin step
Trying gmin =   3.5330E-09 Note: One successful gmin step
Trying gmin =   2.5873E-09 Note: One successful gmin step
Trying gmin =   1.6214E-09 Note: One successful gmin step
Trying gmin =   8.0435E-10 Note: One successful gmin step
Trying gmin =   2.8105E-10 Note: One successful gmin step
Trying gmin =   5.8051E-11 Note: One successful gmin step
Trying gmin =   5.8051E-12 Note: One successful gmin step
Trying gmin =   1.0000E-12 Note: One successful gmin step
Note: Dynamic gmin stepping completed

No. of Data Rows : 91

No. of Data Rows : 1
onoise_10k = 2.278583e-08
onoise_total = 5.896576e-05
ERROR: (internal)  This operation is not defined for display type PrinterOnly.
Can't open viewport for graphics.
binary raw file "./out/sp16.raw"
Doing analysis at TEMP = -40.000000 and TNOM = 27.000000


Total analysis time (seconds) = 123.576

Total elapsed time (seconds) = 171.754 

Total DRAM available = 7841.875 MB.
DRAM currently available =  652.867 MB.
Maximum ngspice program size = 2145.184 MB.
Current ngspice program size = 2123.699 MB.

Shared ngspice pages =   10.934 MB.
Text (code) pages =    5.461 MB.
Stack = 0 bytes.
Library pages = 2124.738 MB.

