
Note: Compatibility modes selected: hs a


Circuit: * num: 17 corner: ll vdd: 5.5 temp: -40

option SCALE: Scale is set to 1e-06 for instance and model parameters
option SCALE: Scale is set to 1e-06 for instance and model parameters
option SCALE: Scale is set to 1e-06 for instance and model parameters
option SCALE: Scale is set to 1e-06 for instance and model parameters
Warning: Model issue on line 0 :
  .model sky130_fd_pr__res_generic_m4 r tc1=    3.424000000000000e-03      ...
unrecognized parameter (tref) - ignored
Doing analysis at TEMP = -40.000000 and TNOM = 27.000000

Note: Starting dynamic gmin stepping
Trying gmin =   1.0000E-03 Note: One successful gmin step
Trying gmin =   1.0000E-04 Note: One successful gmin step
Trying gmin =   1.0000E-05 Note: One successful gmin step
Trying gmin =   1.0000E-06 Warning: Further gmin increment
Trying gmin =   5.6234E-06 Note: One successful gmin step
Trying gmin =   3.1623E-06 Note: One successful gmin step
Trying gmin =   1.7783E-06 Note: One successful gmin step
Trying gmin =   7.4989E-07 Note: One successful gmin step
Trying gmin =   2.0535E-07 Note: One successful gmin step
Trying gmin =   2.9427E-08 Warning: Further gmin increment
Trying gmin =   1.2635E-07 Note: One successful gmin step
Trying gmin =   6.0976E-08 Note: One successful gmin step
Trying gmin =   2.0443E-08 Note: One successful gmin step
Trying gmin =   3.9686E-09 Warning: Further gmin increment
Trying gmin =   1.3570E-08 Note: One successful gmin step
Trying gmin =   7.3384E-09 Note: One successful gmin step
Trying gmin =   3.9686E-09 Warning: Further gmin increment
Trying gmin =   6.2930E-09 Warning: Further gmin increment
Trying gmin =   7.0618E-09 Note: One successful gmin step
Trying gmin =   6.6663E-09 Warning: Further gmin increment
Trying gmin =   6.9608E-09 Note: One successful gmin step
Trying gmin =   6.8120E-09 Warning: Further gmin increment
Trying gmin =   6.9233E-09 Note: One successful gmin step
Trying gmin =   6.8674E-09 Note: One successful gmin step
Trying gmin =   6.7844E-09 Note: One successful gmin step
Trying gmin =   6.6618E-09 Note: One successful gmin step
Trying gmin =   6.4821E-09 Note: One successful gmin step
Trying gmin =   6.2215E-09 Note: One successful gmin step
Trying gmin =   5.8502E-09 Note: One successful gmin step
Trying gmin =   5.3343E-09 Note: One successful gmin step
Trying gmin =   4.6446E-09 Note: One successful gmin step
Trying gmin =   3.7735E-09 Note: One successful gmin step
Trying gmin =   2.7633E-09 Note: One successful gmin step
Trying gmin =   1.7317E-09 Note: One successful gmin step
Trying gmin =   8.5910E-10 Note: One successful gmin step
Trying gmin =   3.0018E-10 Note: One successful gmin step
Trying gmin =   6.2002E-11 Note: One successful gmin step
Trying gmin =   6.2002E-12 Note: One successful gmin step
Trying gmin =   1.0000E-12 Note: One successful gmin step
Note: Dynamic gmin stepping completed

No. of Data Rows : 91

No. of Data Rows : 1
onoise_10k = 2.286057e-08
onoise_total = 6.131925e-05
ERROR: (internal)  This operation is not defined for display type PrinterOnly.
Can't open viewport for graphics.
binary raw file "./out/sp17.raw"
Doing analysis at TEMP = -40.000000 and TNOM = 27.000000


Total analysis time (seconds) = 121.129

Total elapsed time (seconds) = 169.236 

Total DRAM available = 7841.875 MB.
DRAM currently available =  653.703 MB.
Maximum ngspice program size = 2145.164 MB.
Current ngspice program size = 2123.496 MB.

Shared ngspice pages =   10.742 MB.
Text (code) pages =    5.461 MB.
Stack = 0 bytes.
Library pages = 2124.719 MB.

