
Note: Compatibility modes selected: hs a


Circuit: * num: 2 corner: ff vdd: 3.0 temp: -40

option SCALE: Scale is set to 1e-06 for instance and model parameters
option SCALE: Scale is set to 1e-06 for instance and model parameters
option SCALE: Scale is set to 1e-06 for instance and model parameters
option SCALE: Scale is set to 1e-06 for instance and model parameters
Warning: Model issue on line 0 :
  .model sky130_fd_pr__res_generic_m4 r tc1=    3.424000000000000e-03      ...
unrecognized parameter (tref) - ignored
Doing analysis at TEMP = -40.000000 and TNOM = 27.000000

Note: Starting dynamic gmin stepping
Trying gmin =   1.0000E-03 Note: One successful gmin step
Trying gmin =   1.0000E-04 Note: One successful gmin step
Trying gmin =   1.0000E-05 Note: One successful gmin step
Trying gmin =   1.0000E-06 Note: One successful gmin step
Trying gmin =   3.1623E-07 Note: One successful gmin step
Trying gmin =   5.6234E-08 Note: One successful gmin step
Trying gmin =   5.6234E-09 Warning: Further gmin increment
Trying gmin =   3.1623E-08 Note: One successful gmin step
Trying gmin =   1.3335E-08 Note: One successful gmin step
Trying gmin =   3.6517E-09 Warning: Further gmin increment
Trying gmin =   9.6466E-09 Note: One successful gmin step
Trying gmin =   5.9352E-09 Warning: Further gmin increment
Trying gmin =   8.5436E-09 Warning: Further gmin increment
Trying gmin =   9.3582E-09 Note: One successful gmin step
Trying gmin =   8.9416E-09 Note: One successful gmin step
Trying gmin =   8.3513E-09 Note: One successful gmin step
Trying gmin =   7.5380E-09 Note: One successful gmin step
Trying gmin =   6.4642E-09 Note: One successful gmin step
Trying gmin =   5.1334E-09 Note: One successful gmin step
Trying gmin =   3.6327E-09 Note: One successful gmin step
Trying gmin =   2.1626E-09 Note: One successful gmin step
Trying gmin =   9.9334E-10 Note: One successful gmin step
Trying gmin =   3.0923E-10 Note: One successful gmin step
Trying gmin =   5.3709E-11 Note: One successful gmin step
Trying gmin =   5.3709E-12 Note: One successful gmin step
Trying gmin =   1.0000E-12 Note: One successful gmin step
Note: Dynamic gmin stepping completed

No. of Data Rows : 91

No. of Data Rows : 1
onoise_10k = 2.465065e-08
onoise_total = 5.836081e-05
ERROR: (internal)  This operation is not defined for display type PrinterOnly.
Can't open viewport for graphics.
binary raw file "./out/sp2.raw"
Doing analysis at TEMP = -40.000000 and TNOM = 27.000000


Total analysis time (seconds) = 96.082

Total elapsed time (seconds) = 143.647 

Total DRAM available = 7841.875 MB.
DRAM currently available =  390.059 MB.
Maximum ngspice program size = 2145.422 MB.
Current ngspice program size = 2124.094 MB.

Shared ngspice pages =   10.973 MB.
Text (code) pages =    5.461 MB.
Stack = 0 bytes.
Library pages = 2124.977 MB.

