
Note: Compatibility modes selected: hs a


Circuit: * num: 21 corner: sf vdd: 5.5 temp: 85

option SCALE: Scale is set to 1e-06 for instance and model parameters
option SCALE: Scale is set to 1e-06 for instance and model parameters
option SCALE: Scale is set to 1e-06 for instance and model parameters
option SCALE: Scale is set to 1e-06 for instance and model parameters
Warning: Model issue on line 0 :
  .model sky130_fd_pr__res_generic_m4 r tc1=    3.424000000000000e-03      ...
unrecognized parameter (tref) - ignored
Doing analysis at TEMP = 85.000000 and TNOM = 27.000000

Note: Starting dynamic gmin stepping
Trying gmin =   1.0000E-03 Note: One successful gmin step
Trying gmin =   1.0000E-04 Note: One successful gmin step
Trying gmin =   1.0000E-05 Note: One successful gmin step
Trying gmin =   1.0000E-06 Note: One successful gmin step
Trying gmin =   1.0000E-07 Warning: Further gmin increment
Trying gmin =   5.6234E-07 Note: One successful gmin step
Trying gmin =   2.3714E-07 Note: One successful gmin step
Trying gmin =   6.4938E-08 Note: One successful gmin step
Trying gmin =   9.3057E-09 Warning: Further gmin increment
Trying gmin =   3.9954E-08 Note: One successful gmin step
Trying gmin =   1.9282E-08 Note: One successful gmin step
Trying gmin =   6.4647E-09 Warning: Further gmin increment
Trying gmin =   1.4672E-08 Note: One successful gmin step
Trying gmin =   9.7392E-09 Note: One successful gmin step
Trying gmin =   5.2669E-09 Warning: Further gmin increment
Trying gmin =   8.3519E-09 Warning: Further gmin increment
Trying gmin =   9.3722E-09 Note: One successful gmin step
Trying gmin =   8.8473E-09 Note: One successful gmin step
Trying gmin =   8.1146E-09 Warning: Further gmin increment
Trying gmin =   8.6582E-09 Note: One successful gmin step
Trying gmin =   8.3820E-09 Note: One successful gmin step
Trying gmin =   7.9842E-09 Warning: Further gmin increment
Trying gmin =   8.2807E-09 Note: One successful gmin step
Trying gmin =   8.1311E-09 Note: One successful gmin step
Trying gmin =   7.9117E-09 Note: One successful gmin step
Trying gmin =   7.5937E-09 Note: One successful gmin step
Trying gmin =   7.1405E-09 Note: One successful gmin step
Trying gmin =   6.5108E-09 Note: One successful gmin step
Trying gmin =   5.6689E-09 Note: One successful gmin step
Trying gmin =   4.6057E-09 Note: One successful gmin step
Trying gmin =   3.3728E-09 Note: One successful gmin step
Trying gmin =   2.1137E-09 Note: One successful gmin step
Trying gmin =   1.0486E-09 Note: One successful gmin step
Trying gmin =   3.6639E-10 Note: One successful gmin step
Trying gmin =   7.5677E-11 Note: One successful gmin step
Trying gmin =   7.5677E-12 Note: One successful gmin step
Trying gmin =   1.0000E-12 Note: One successful gmin step
Note: Dynamic gmin stepping completed

No. of Data Rows : 91

No. of Data Rows : 1
onoise_10k = 3.219422e-08
onoise_total = 7.544766e-05
ERROR: (internal)  This operation is not defined for display type PrinterOnly.
Can't open viewport for graphics.
binary raw file "./out/sp21.raw"
Doing analysis at TEMP = 85.000000 and TNOM = 27.000000


Total analysis time (seconds) = 118.312

Total elapsed time (seconds) = 166.420 

Total DRAM available = 7841.875 MB.
DRAM currently available =  657.738 MB.
Maximum ngspice program size = 2145.215 MB.
Current ngspice program size = 2123.594 MB.

Shared ngspice pages =   10.793 MB.
Text (code) pages =    5.461 MB.
Stack = 0 bytes.
Library pages = 2124.770 MB.

