
Note: Compatibility modes selected: hs a


Circuit: * num: 23 corner: ll vdd: 5.5 temp: 85

option SCALE: Scale is set to 1e-06 for instance and model parameters
option SCALE: Scale is set to 1e-06 for instance and model parameters
option SCALE: Scale is set to 1e-06 for instance and model parameters
option SCALE: Scale is set to 1e-06 for instance and model parameters
Warning: Model issue on line 0 :
  .model sky130_fd_pr__res_generic_m4 r tc1=    3.424000000000000e-03      ...
unrecognized parameter (tref) - ignored
Doing analysis at TEMP = 85.000000 and TNOM = 27.000000

Note: Starting dynamic gmin stepping
Trying gmin =   1.0000E-03 Note: One successful gmin step
Trying gmin =   1.0000E-04 Note: One successful gmin step
Trying gmin =   1.0000E-05 Note: One successful gmin step
Trying gmin =   1.0000E-06 Note: One successful gmin step
Trying gmin =   3.1623E-07 Note: One successful gmin step
Trying gmin =   5.6234E-08 Warning: Further gmin increment
Trying gmin =   2.0535E-07 Note: One successful gmin step
Trying gmin =   1.0746E-07 Note: One successful gmin step
Trying gmin =   4.0679E-08 Note: One successful gmin step
Trying gmin =   9.4746E-09 Warning: Further gmin increment
Trying gmin =   2.8260E-08 Note: One successful gmin step
Trying gmin =   1.6363E-08 Note: One successful gmin step
Trying gmin =   7.2096E-09 Warning: Further gmin increment
Trying gmin =   1.3331E-08 Note: One successful gmin step
Trying gmin =   9.8038E-09 Note: One successful gmin step
Trying gmin =   6.1826E-09 Note: One successful gmin step
Trying gmin =   3.8989E-09 Note: One successful gmin step
Trying gmin =   1.9526E-09 Note: One successful gmin step
Trying gmin =   6.9198E-10 Note: One successful gmin step
Trying gmin =   1.4599E-10 Note: One successful gmin step
Trying gmin =   1.4599E-11 Note: One successful gmin step
Trying gmin =   1.4599E-12 Note: One successful gmin step
Trying gmin =   1.0000E-12 Note: One successful gmin step
Note: Dynamic gmin stepping completed

No. of Data Rows : 91

No. of Data Rows : 1
onoise_10k = 3.206662e-08
onoise_total = 7.885311e-05
ERROR: (internal)  This operation is not defined for display type PrinterOnly.
Can't open viewport for graphics.
binary raw file "./out/sp23.raw"
Doing analysis at TEMP = 85.000000 and TNOM = 27.000000


Total analysis time (seconds) = 90.809

Total elapsed time (seconds) = 138.345 

Total DRAM available = 7841.875 MB.
DRAM currently available =  694.012 MB.
Maximum ngspice program size = 2145.168 MB.
Current ngspice program size = 2123.680 MB.

Shared ngspice pages =   10.926 MB.
Text (code) pages =    5.461 MB.
Stack = 0 bytes.
Library pages = 2124.723 MB.

