
Note: Compatibility modes selected: hs a


Circuit: * num: 3 corner: sf vdd: 3.0 temp: -40

option SCALE: Scale is set to 1e-06 for instance and model parameters
option SCALE: Scale is set to 1e-06 for instance and model parameters
option SCALE: Scale is set to 1e-06 for instance and model parameters
option SCALE: Scale is set to 1e-06 for instance and model parameters
Warning: Model issue on line 0 :
  .model sky130_fd_pr__res_generic_m4 r tc1=    3.424000000000000e-03      ...
unrecognized parameter (tref) - ignored
Doing analysis at TEMP = -40.000000 and TNOM = 27.000000

Note: Starting dynamic gmin stepping
Trying gmin =   1.0000E-03 Note: One successful gmin step
Trying gmin =   1.0000E-04 Note: One successful gmin step
Trying gmin =   1.0000E-05 Note: One successful gmin step
Trying gmin =   1.0000E-06 Note: One successful gmin step
Trying gmin =   1.0000E-07 Note: One successful gmin step
Trying gmin =   1.0000E-08 Warning: Further gmin increment
Trying gmin =   5.6234E-08 Note: One successful gmin step
Trying gmin =   2.3714E-08 Note: One successful gmin step
Trying gmin =   6.4938E-09 Warning: Further gmin increment
Trying gmin =   1.7154E-08 Note: One successful gmin step
Trying gmin =   1.0554E-08 Warning: Further gmin increment
Trying gmin =   1.5193E-08 Note: One successful gmin step
Trying gmin =   1.2663E-08 Note: One successful gmin step
Trying gmin =   9.6358E-09 Note: One successful gmin step
Trying gmin =   6.3960E-09 Warning: Further gmin increment
Trying gmin =   8.6975E-09 Note: One successful gmin step
Trying gmin =   7.8505E-09 Note: One successful gmin step
Trying gmin =   6.7322E-09 Note: One successful gmin step
Trying gmin =   5.3462E-09 Note: One successful gmin step
Trying gmin =   3.7833E-09 Note: One successful gmin step
Trying gmin =   2.2523E-09 Note: One successful gmin step
Trying gmin =   1.0345E-09 Note: One successful gmin step
Trying gmin =   3.2204E-10 Note: One successful gmin step
Trying gmin =   5.5935E-11 Note: One successful gmin step
Trying gmin =   5.5935E-12 Note: One successful gmin step
Trying gmin =   1.0000E-12 Note: One successful gmin step
Note: Dynamic gmin stepping completed

No. of Data Rows : 91

No. of Data Rows : 1
onoise_10k = 2.476914e-08
onoise_total = 5.855287e-05
ERROR: (internal)  This operation is not defined for display type PrinterOnly.
Can't open viewport for graphics.
binary raw file "./out/sp3.raw"
Doing analysis at TEMP = -40.000000 and TNOM = 27.000000


Total analysis time (seconds) = 93.564

Total elapsed time (seconds) = 140.951 

Total DRAM available = 7841.875 MB.
DRAM currently available =  396.383 MB.
Maximum ngspice program size = 2145.141 MB.
Current ngspice program size = 2123.617 MB.

Shared ngspice pages =   10.887 MB.
Text (code) pages =    5.461 MB.
Stack = 0 bytes.
Library pages = 2124.695 MB.

