
Note: Compatibility modes selected: hs a


Circuit: * num: 7 corner: ss vdd: 3.0 temp: 85

option SCALE: Scale is set to 1e-06 for instance and model parameters
option SCALE: Scale is set to 1e-06 for instance and model parameters
option SCALE: Scale is set to 1e-06 for instance and model parameters
option SCALE: Scale is set to 1e-06 for instance and model parameters
Warning: Model issue on line 0 :
  .model sky130_fd_pr__res_generic_m4 r tc1=    3.424000000000000e-03      ...
unrecognized parameter (tref) - ignored
Doing analysis at TEMP = 85.000000 and TNOM = 27.000000

Note: Starting dynamic gmin stepping
Trying gmin =   1.0000E-03 Note: One successful gmin step
Trying gmin =   1.0000E-04 Note: One successful gmin step
Trying gmin =   1.0000E-05 Note: One successful gmin step
Trying gmin =   1.0000E-06 Warning: Further gmin increment
Trying gmin =   5.6234E-06 Note: One successful gmin step
Trying gmin =   2.3714E-06 Note: One successful gmin step
Trying gmin =   1.0000E-06 Note: One successful gmin step
Trying gmin =   2.7384E-07 Note: One successful gmin step
Trying gmin =   3.9242E-08 Warning: Further gmin increment
Trying gmin =   1.6849E-07 Note: One successful gmin step
Trying gmin =   8.1312E-08 Note: One successful gmin step
Trying gmin =   2.7261E-08 Note: One successful gmin step
Trying gmin =   5.2922E-09 Warning: Further gmin increment
Trying gmin =   1.8095E-08 Note: One successful gmin step
Trying gmin =   9.7859E-09 Note: One successful gmin step
Trying gmin =   3.8918E-09 Warning: Further gmin increment
Trying gmin =   7.7712E-09 Warning: Further gmin increment
Trying gmin =   9.2379E-09 Note: One successful gmin step
Trying gmin =   8.4729E-09 Note: One successful gmin step
Trying gmin =   7.4425E-09 Note: One successful gmin step
Trying gmin =   6.1270E-09 Note: One successful gmin step
Trying gmin =   4.5766E-09 Note: One successful gmin step
Trying gmin =   2.9545E-09 Note: One successful gmin step
Trying gmin =   1.5325E-09 Note: One successful gmin step
Trying gmin =   5.7249E-10 Note: One successful gmin step
Trying gmin =   1.3071E-10 Note: One successful gmin step
Trying gmin =   1.4261E-11 Note: One successful gmin step
Trying gmin =   1.4261E-12 Note: One successful gmin step
Trying gmin =   1.0000E-12 Note: One successful gmin step
Note: Dynamic gmin stepping completed

No. of Data Rows : 91

No. of Data Rows : 1
onoise_10k = 3.455408e-08
onoise_total = 7.539167e-05
ERROR: (internal)  This operation is not defined for display type PrinterOnly.
Can't open viewport for graphics.
binary raw file "./out/sp7.raw"
Doing analysis at TEMP = 85.000000 and TNOM = 27.000000


Total analysis time (seconds) = 114.948

Total elapsed time (seconds) = 167.817 

Total DRAM available = 7841.875 MB.
DRAM currently available =  638.766 MB.
Maximum ngspice program size = 2145.445 MB.
Current ngspice program size = 2124.004 MB.

Shared ngspice pages =   10.871 MB.
Text (code) pages =    5.461 MB.
Stack = 0 bytes.
Library pages = 2125.000 MB.

