
Note: Compatibility modes selected: hs a


Circuit: * num: 1 corner: ss vdd: 3.0 temp: -40

option SCALE: Scale is set to 1e-06 for instance and model parameters
option SCALE: Scale is set to 1e-06 for instance and model parameters
option SCALE: Scale is set to 1e-06 for instance and model parameters
option SCALE: Scale is set to 1e-06 for instance and model parameters
Warning: Model issue on line 0 :
  .model sky130_fd_pr__res_generic_m4 r tc1=    3.424000000000000e-03      ...
unrecognized parameter (tref) - ignored
Doing analysis at TEMP = -40.000000 and TNOM = 27.000000

Note: Starting dynamic gmin stepping
Trying gmin =   1.0000E-03 Note: One successful gmin step
Trying gmin =   1.0000E-04 Note: One successful gmin step
Trying gmin =   1.0000E-05 Note: One successful gmin step
Trying gmin =   1.0000E-06 Warning: Further gmin increment
Trying gmin =   5.6234E-06 Note: One successful gmin step
Trying gmin =   2.3714E-06 Note: One successful gmin step
Trying gmin =   1.0000E-06 Note: One successful gmin step
Trying gmin =   2.7384E-07 Note: One successful gmin step
Trying gmin =   3.9242E-08 Warning: Further gmin increment
Trying gmin =   1.6849E-07 Note: One successful gmin step
Trying gmin =   8.1312E-08 Note: One successful gmin step
Trying gmin =   2.7261E-08 Note: One successful gmin step
Trying gmin =   5.2922E-09 Warning: Further gmin increment
Trying gmin =   1.8095E-08 Note: One successful gmin step
Trying gmin =   9.7859E-09 Note: One successful gmin step
Trying gmin =   5.2922E-09 Warning: Further gmin increment
Trying gmin =   8.3919E-09 Note: One successful gmin step
Trying gmin =   6.6642E-09 Warning: Further gmin increment
Trying gmin =   7.9219E-09 Note: One successful gmin step
Trying gmin =   7.4783E-09 Note: One successful gmin step
Trying gmin =   6.8590E-09 Note: One successful gmin step
Trying gmin =   6.0249E-09 Note: One successful gmin step
Trying gmin =   4.9599E-09 Note: One successful gmin step
Trying gmin =   3.7049E-09 Note: One successful gmin step
Trying gmin =   2.3917E-09 Note: One successful gmin step
Trying gmin =   1.2406E-09 Note: One successful gmin step
Trying gmin =   4.6344E-10 Note: One successful gmin step
Trying gmin =   1.0582E-10 Note: One successful gmin step
Trying gmin =   1.1545E-11 Note: One successful gmin step
Trying gmin =   1.1545E-12 Note: One successful gmin step
Trying gmin =   1.0000E-12 Note: One successful gmin step
Note: Dynamic gmin stepping completed

No. of Data Rows : 1
Doing analysis at TEMP = -40.000000 and TNOM = 27.000000

Note: Starting dynamic gmin stepping
Trying gmin =   1.0000E-03 Note: One successful gmin step
Trying gmin =   1.0000E-04 Note: One successful gmin step
Trying gmin =   1.0000E-05 Note: One successful gmin step
Trying gmin =   1.0000E-06 Warning: Further gmin increment
Trying gmin =   5.6234E-06 Note: One successful gmin step
Trying gmin =   2.3714E-06 Note: One successful gmin step
Trying gmin =   1.0000E-06 Note: One successful gmin step
Trying gmin =   2.7384E-07 Note: One successful gmin step
Trying gmin =   3.9242E-08 Warning: Further gmin increment
Trying gmin =   1.6849E-07 Note: One successful gmin step
Trying gmin =   8.1312E-08 Note: One successful gmin step
Trying gmin =   2.7261E-08 Note: One successful gmin step
Trying gmin =   5.2922E-09 Warning: Further gmin increment
Trying gmin =   1.8095E-08 Note: One successful gmin step
Trying gmin =   9.7859E-09 Note: One successful gmin step
Trying gmin =   5.2922E-09 Warning: Further gmin increment
Trying gmin =   8.3919E-09 Note: One successful gmin step
Trying gmin =   6.6642E-09 Warning: Further gmin increment
Trying gmin =   7.9219E-09 Note: One successful gmin step
Trying gmin =   7.4783E-09 Note: One successful gmin step
Trying gmin =   6.8590E-09 Note: One successful gmin step
Trying gmin =   6.0249E-09 Note: One successful gmin step
Trying gmin =   4.9599E-09 Note: One successful gmin step
Trying gmin =   3.7049E-09 Note: One successful gmin step
Trying gmin =   2.3917E-09 Note: One successful gmin step
Trying gmin =   1.2406E-09 Note: One successful gmin step
Trying gmin =   4.6344E-10 Note: One successful gmin step
Trying gmin =   1.0582E-10 Note: One successful gmin step
Trying gmin =   1.1545E-11 Note: One successful gmin step
Trying gmin =   1.1545E-12 Note: One successful gmin step
Trying gmin =   1.0000E-12 Note: One successful gmin step
Note: Dynamic gmin stepping completed

No. of Data Rows : 121
Doing analysis at TEMP = -40.000000 and TNOM = 27.000000

Note: Starting dynamic gmin stepping
Trying gmin =   1.0000E-03 Note: One successful gmin step
Trying gmin =   1.0000E-04 Note: One successful gmin step
Trying gmin =   1.0000E-05 Note: One successful gmin step
Trying gmin =   1.0000E-06 Warning: Further gmin increment
Trying gmin =   5.6234E-06 Note: One successful gmin step
Trying gmin =   2.3714E-06 Note: One successful gmin step
Trying gmin =   1.0000E-06 Note: One successful gmin step
Trying gmin =   2.7384E-07 Note: One successful gmin step
Trying gmin =   3.9242E-08 Warning: Further gmin increment
Trying gmin =   1.6849E-07 Note: One successful gmin step
Trying gmin =   8.1312E-08 Note: One successful gmin step
Trying gmin =   2.7261E-08 Note: One successful gmin step
Trying gmin =   5.2922E-09 Warning: Further gmin increment
Trying gmin =   1.8095E-08 Note: One successful gmin step
Trying gmin =   9.7859E-09 Note: One successful gmin step
Trying gmin =   5.2922E-09 Warning: Further gmin increment
Trying gmin =   8.3919E-09 Note: One successful gmin step
Trying gmin =   6.6642E-09 Warning: Further gmin increment
Trying gmin =   7.9219E-09 Note: One successful gmin step
Trying gmin =   7.4783E-09 Note: One successful gmin step
Trying gmin =   6.8590E-09 Note: One successful gmin step
Trying gmin =   6.0249E-09 Note: One successful gmin step
Trying gmin =   4.9599E-09 Note: One successful gmin step
Trying gmin =   3.7049E-09 Note: One successful gmin step
Trying gmin =   2.3917E-09 Note: One successful gmin step
Trying gmin =   1.2406E-09 Note: One successful gmin step
Trying gmin =   4.6344E-10 Note: One successful gmin step
Trying gmin =   1.0582E-10 Note: One successful gmin step
Trying gmin =   1.1545E-11 Note: One successful gmin step
Trying gmin =   1.1545E-12 Note: One successful gmin step
Trying gmin =   1.0000E-12 Note: One successful gmin step
Note: Dynamic gmin stepping completed

No. of Data Rows : 121
Doing analysis at TEMP = -40.000000 and TNOM = 27.000000

Note: Starting dynamic gmin stepping
Trying gmin =   1.0000E-03 Note: One successful gmin step
Trying gmin =   1.0000E-04 Note: One successful gmin step
Trying gmin =   1.0000E-05 Note: One successful gmin step
Trying gmin =   1.0000E-06 Warning: Further gmin increment
Trying gmin =   5.6234E-06 Note: One successful gmin step
Trying gmin =   2.3714E-06 Note: One successful gmin step
Trying gmin =   1.0000E-06 Note: One successful gmin step
Trying gmin =   2.7384E-07 Note: One successful gmin step
Trying gmin =   3.9242E-08 Warning: Further gmin increment
Trying gmin =   1.6849E-07 Note: One successful gmin step
Trying gmin =   8.1312E-08 Note: One successful gmin step
Trying gmin =   2.7261E-08 Note: One successful gmin step
Trying gmin =   5.2922E-09 Warning: Further gmin increment
Trying gmin =   1.8095E-08 Note: One successful gmin step
Trying gmin =   9.7859E-09 Note: One successful gmin step
Trying gmin =   5.2922E-09 Warning: Further gmin increment
Trying gmin =   8.3919E-09 Note: One successful gmin step
Trying gmin =   6.6642E-09 Warning: Further gmin increment
Trying gmin =   7.9219E-09 Note: One successful gmin step
Trying gmin =   7.4783E-09 Note: One successful gmin step
Trying gmin =   6.8590E-09 Note: One successful gmin step
Trying gmin =   6.0249E-09 Note: One successful gmin step
Trying gmin =   4.9599E-09 Note: One successful gmin step
Trying gmin =   3.7049E-09 Note: One successful gmin step
Trying gmin =   2.3917E-09 Note: One successful gmin step
Trying gmin =   1.2406E-09 Note: One successful gmin step
Trying gmin =   4.6344E-10 Note: One successful gmin step
Trying gmin =   1.0582E-10 Note: One successful gmin step
Trying gmin =   1.1545E-11 Note: One successful gmin step
Trying gmin =   1.1545E-12 Note: One successful gmin step
Trying gmin =   1.0000E-12 Note: One successful gmin step
Note: Dynamic gmin stepping completed

No. of Data Rows : 121
av0p1hz             =  1.104032e+02
gbw                 =  3.025946e+06
pm180               =  1.217595e+08
pm                  =  6.949537e+01
gm                  =  -6.377191e+01
cmrr0p1hz           =  9.646875e+01
psrr0p1hz           =  5.544514e+01
ERROR: (internal)  This operation is not defined for display type PrinterOnly.
Can't open viewport for graphics.
ERROR: (internal)  This operation is not defined for display type PrinterOnly.
Can't open viewport for graphics.
idd = -2.60455e-04
vos = -5.84438e-04
binary raw file "./out/sp1.raw"
Doing analysis at TEMP = -40.000000 and TNOM = 27.000000

OP information in rawfile.

Total analysis time (seconds) = 395.515

Total elapsed time (seconds) = 442.915 

Total DRAM available = 7841.875 MB.
DRAM currently available =  529.711 MB.
Maximum ngspice program size = 2147.805 MB.
Current ngspice program size = 2130.039 MB.

Shared ngspice pages =   11.008 MB.
Text (code) pages =    5.461 MB.
Stack = 0 bytes.
Library pages = 2127.359 MB.

