
Note: Compatibility modes selected: hs a


Circuit: * num: 11 corner: ll vdd: 3.0 temp: 85

option SCALE: Scale is set to 1e-06 for instance and model parameters
option SCALE: Scale is set to 1e-06 for instance and model parameters
option SCALE: Scale is set to 1e-06 for instance and model parameters
option SCALE: Scale is set to 1e-06 for instance and model parameters
Warning: Model issue on line 0 :
  .model sky130_fd_pr__res_generic_m4 r tc1=    3.424000000000000e-03      ...
unrecognized parameter (tref) - ignored
Doing analysis at TEMP = 85.000000 and TNOM = 27.000000

Note: Starting dynamic gmin stepping
Trying gmin =   1.0000E-03 Note: One successful gmin step
Trying gmin =   1.0000E-04 Note: One successful gmin step
Trying gmin =   1.0000E-05 Note: One successful gmin step
Trying gmin =   1.0000E-06 Note: One successful gmin step
Trying gmin =   3.1623E-07 Note: One successful gmin step
Trying gmin =   5.6234E-08 Note: One successful gmin step
Trying gmin =   5.6234E-09 Warning: Further gmin increment
Trying gmin =   3.1623E-08 Note: One successful gmin step
Trying gmin =   1.3335E-08 Note: One successful gmin step
Trying gmin =   8.6596E-09 Warning: Further gmin increment
Trying gmin =   1.1971E-08 Note: One successful gmin step
Trying gmin =   1.0182E-08 Note: One successful gmin step
Trying gmin =   7.9863E-09 Warning: Further gmin increment
Trying gmin =   9.5818E-09 Note: One successful gmin step
Trying gmin =   8.7477E-09 Note: One successful gmin step
Trying gmin =   7.6308E-09 Note: One successful gmin step
Trying gmin =   6.2170E-09 Note: One successful gmin step
Trying gmin =   4.5719E-09 Note: One successful gmin step
Trying gmin =   2.8832E-09 Note: One successful gmin step
Trying gmin =   1.4439E-09 Note: One successful gmin step
Trying gmin =   5.1171E-10 Note: One successful gmin step
Trying gmin =   1.0796E-10 Note: One successful gmin step
Trying gmin =   1.0796E-11 Note: One successful gmin step
Trying gmin =   1.0796E-12 Note: One successful gmin step
Trying gmin =   1.0000E-12 Note: One successful gmin step
Note: Dynamic gmin stepping completed

No. of Data Rows : 1
Doing analysis at TEMP = 85.000000 and TNOM = 27.000000

Note: Starting dynamic gmin stepping
Trying gmin =   1.0000E-03 Note: One successful gmin step
Trying gmin =   1.0000E-04 Note: One successful gmin step
Trying gmin =   1.0000E-05 Note: One successful gmin step
Trying gmin =   1.0000E-06 Note: One successful gmin step
Trying gmin =   3.1623E-07 Note: One successful gmin step
Trying gmin =   5.6234E-08 Note: One successful gmin step
Trying gmin =   5.6234E-09 Warning: Further gmin increment
Trying gmin =   3.1623E-08 Note: One successful gmin step
Trying gmin =   1.3335E-08 Note: One successful gmin step
Trying gmin =   8.6596E-09 Warning: Further gmin increment
Trying gmin =   1.1971E-08 Note: One successful gmin step
Trying gmin =   1.0182E-08 Note: One successful gmin step
Trying gmin =   7.9863E-09 Warning: Further gmin increment
Trying gmin =   9.5818E-09 Note: One successful gmin step
Trying gmin =   8.7477E-09 Note: One successful gmin step
Trying gmin =   7.6308E-09 Note: One successful gmin step
Trying gmin =   6.2170E-09 Note: One successful gmin step
Trying gmin =   4.5719E-09 Note: One successful gmin step
Trying gmin =   2.8832E-09 Note: One successful gmin step
Trying gmin =   1.4439E-09 Note: One successful gmin step
Trying gmin =   5.1171E-10 Note: One successful gmin step
Trying gmin =   1.0796E-10 Note: One successful gmin step
Trying gmin =   1.0796E-11 Note: One successful gmin step
Trying gmin =   1.0796E-12 Note: One successful gmin step
Trying gmin =   1.0000E-12 Note: One successful gmin step
Note: Dynamic gmin stepping completed

No. of Data Rows : 121
Doing analysis at TEMP = 85.000000 and TNOM = 27.000000

Note: Starting dynamic gmin stepping
Trying gmin =   1.0000E-03 Note: One successful gmin step
Trying gmin =   1.0000E-04 Note: One successful gmin step
Trying gmin =   1.0000E-05 Note: One successful gmin step
Trying gmin =   1.0000E-06 Note: One successful gmin step
Trying gmin =   3.1623E-07 Note: One successful gmin step
Trying gmin =   5.6234E-08 Note: One successful gmin step
Trying gmin =   5.6234E-09 Warning: Further gmin increment
Trying gmin =   3.1623E-08 Note: One successful gmin step
Trying gmin =   1.3335E-08 Note: One successful gmin step
Trying gmin =   8.6596E-09 Warning: Further gmin increment
Trying gmin =   1.1971E-08 Note: One successful gmin step
Trying gmin =   1.0182E-08 Note: One successful gmin step
Trying gmin =   7.9863E-09 Warning: Further gmin increment
Trying gmin =   9.5818E-09 Note: One successful gmin step
Trying gmin =   8.7477E-09 Note: One successful gmin step
Trying gmin =   7.6308E-09 Note: One successful gmin step
Trying gmin =   6.2170E-09 Note: One successful gmin step
Trying gmin =   4.5719E-09 Note: One successful gmin step
Trying gmin =   2.8832E-09 Note: One successful gmin step
Trying gmin =   1.4439E-09 Note: One successful gmin step
Trying gmin =   5.1171E-10 Note: One successful gmin step
Trying gmin =   1.0796E-10 Note: One successful gmin step
Trying gmin =   1.0796E-11 Note: One successful gmin step
Trying gmin =   1.0796E-12 Note: One successful gmin step
Trying gmin =   1.0000E-12 Note: One successful gmin step
Note: Dynamic gmin stepping completed

No. of Data Rows : 121
Doing analysis at TEMP = 85.000000 and TNOM = 27.000000

Note: Starting dynamic gmin stepping
Trying gmin =   1.0000E-03 Note: One successful gmin step
Trying gmin =   1.0000E-04 Note: One successful gmin step
Trying gmin =   1.0000E-05 Note: One successful gmin step
Trying gmin =   1.0000E-06 Note: One successful gmin step
Trying gmin =   3.1623E-07 Note: One successful gmin step
Trying gmin =   5.6234E-08 Note: One successful gmin step
Trying gmin =   5.6234E-09 Warning: Further gmin increment
Trying gmin =   3.1623E-08 Note: One successful gmin step
Trying gmin =   1.3335E-08 Note: One successful gmin step
Trying gmin =   8.6596E-09 Warning: Further gmin increment
Trying gmin =   1.1971E-08 Note: One successful gmin step
Trying gmin =   1.0182E-08 Note: One successful gmin step
Trying gmin =   7.9863E-09 Warning: Further gmin increment
Trying gmin =   9.5818E-09 Note: One successful gmin step
Trying gmin =   8.7477E-09 Note: One successful gmin step
Trying gmin =   7.6308E-09 Note: One successful gmin step
Trying gmin =   6.2170E-09 Note: One successful gmin step
Trying gmin =   4.5719E-09 Note: One successful gmin step
Trying gmin =   2.8832E-09 Note: One successful gmin step
Trying gmin =   1.4439E-09 Note: One successful gmin step
Trying gmin =   5.1171E-10 Note: One successful gmin step
Trying gmin =   1.0796E-10 Note: One successful gmin step
Trying gmin =   1.0796E-11 Note: One successful gmin step
Trying gmin =   1.0796E-12 Note: One successful gmin step
Trying gmin =   1.0000E-12 Note: One successful gmin step
Note: Dynamic gmin stepping completed

No. of Data Rows : 121
av0p1hz             =  1.038712e+02
gbw                 =  2.313980e+06

Error: measure  pm180  when(WHEN) : out of interval
 meas ac pm180 when ph=-180 failed!

pm                  =  6.565841e+01

Error: measure  gm  find(FIND) : bad syntax of WHEN
 meas ac gm find av at=pm180 failed!

cmrr0p1hz           =  1.184234e+02
psrr0p1hz           =  6.315375e+01
ERROR: (internal)  This operation is not defined for display type PrinterOnly.
Can't open viewport for graphics.
ERROR: (internal)  This operation is not defined for display type PrinterOnly.
Can't open viewport for graphics.
idd = -2.61045e-04
vos = -7.61674e-05
binary raw file "./out/sp11.raw"
Doing analysis at TEMP = 85.000000 and TNOM = 27.000000

OP information in rawfile.

Total analysis time (seconds) = 389.609

Total elapsed time (seconds) = 437.873 

Total DRAM available = 7841.875 MB.
DRAM currently available =  462.160 MB.
Maximum ngspice program size = 2147.523 MB.
Current ngspice program size = 2129.207 MB.

Shared ngspice pages =   10.445 MB.
Text (code) pages =    5.461 MB.
Stack = 0 bytes.
Library pages = 2127.078 MB.

