
Note: Compatibility modes selected: hs a


Circuit: * num: 12 corner: hh vdd: 3.0 temp: 85

option SCALE: Scale is set to 1e-06 for instance and model parameters
option SCALE: Scale is set to 1e-06 for instance and model parameters
option SCALE: Scale is set to 1e-06 for instance and model parameters
option SCALE: Scale is set to 1e-06 for instance and model parameters
Warning: Model issue on line 0 :
  .model sky130_fd_pr__res_generic_m4 r tc1=    3.424000000000000e-03      ...
unrecognized parameter (tref) - ignored
Doing analysis at TEMP = 85.000000 and TNOM = 27.000000

Note: Starting dynamic gmin stepping
Trying gmin =   1.0000E-03 Note: One successful gmin step
Trying gmin =   1.0000E-04 Note: One successful gmin step
Trying gmin =   1.0000E-05 Note: One successful gmin step
Trying gmin =   1.0000E-06 Note: One successful gmin step
Trying gmin =   3.1623E-07 Note: One successful gmin step
Trying gmin =   5.6234E-08 Note: One successful gmin step
Trying gmin =   5.6234E-09 Warning: Further gmin increment
Trying gmin =   3.1623E-08 Note: One successful gmin step
Trying gmin =   1.3335E-08 Warning: Further gmin increment
Trying gmin =   2.5483E-08 Note: One successful gmin step
Trying gmin =   1.8434E-08 Note: One successful gmin step
Trying gmin =   1.1342E-08 Note: One successful gmin step
Trying gmin =   5.4737E-09 Warning: Further gmin increment
Trying gmin =   9.4534E-09 Warning: Further gmin increment
Trying gmin =   1.0837E-08 Note: One successful gmin step
Trying gmin =   1.0122E-08 Note: One successful gmin step
Trying gmin =   9.1360E-09 Warning: Further gmin increment
Trying gmin =   9.8656E-09 Note: One successful gmin step
Trying gmin =   9.4938E-09 Note: One successful gmin step
Trying gmin =   8.9621E-09 Note: One successful gmin step
Trying gmin =   8.2200E-09 Note: One successful gmin step
Trying gmin =   7.2203E-09 Note: One successful gmin step
Trying gmin =   5.9441E-09 Note: One successful gmin step
Trying gmin =   4.4400E-09 Note: One successful gmin step
Trying gmin =   2.8663E-09 Note: One successful gmin step
Trying gmin =   1.4867E-09 Note: One successful gmin step
Trying gmin =   5.5540E-10 Note: One successful gmin step
Trying gmin =   1.2681E-10 Note: One successful gmin step
Trying gmin =   1.3835E-11 Note: One successful gmin step
Trying gmin =   1.3835E-12 Note: One successful gmin step
Trying gmin =   1.0000E-12 Note: One successful gmin step
Note: Dynamic gmin stepping completed

No. of Data Rows : 1
Doing analysis at TEMP = 85.000000 and TNOM = 27.000000

Note: Starting dynamic gmin stepping
Trying gmin =   1.0000E-03 Note: One successful gmin step
Trying gmin =   1.0000E-04 Note: One successful gmin step
Trying gmin =   1.0000E-05 Note: One successful gmin step
Trying gmin =   1.0000E-06 Note: One successful gmin step
Trying gmin =   3.1623E-07 Note: One successful gmin step
Trying gmin =   5.6234E-08 Note: One successful gmin step
Trying gmin =   5.6234E-09 Warning: Further gmin increment
Trying gmin =   3.1623E-08 Note: One successful gmin step
Trying gmin =   1.3335E-08 Warning: Further gmin increment
Trying gmin =   2.5483E-08 Note: One successful gmin step
Trying gmin =   1.8434E-08 Note: One successful gmin step
Trying gmin =   1.1342E-08 Note: One successful gmin step
Trying gmin =   5.4737E-09 Warning: Further gmin increment
Trying gmin =   9.4534E-09 Warning: Further gmin increment
Trying gmin =   1.0837E-08 Note: One successful gmin step
Trying gmin =   1.0122E-08 Note: One successful gmin step
Trying gmin =   9.1360E-09 Warning: Further gmin increment
Trying gmin =   9.8656E-09 Note: One successful gmin step
Trying gmin =   9.4938E-09 Note: One successful gmin step
Trying gmin =   8.9621E-09 Note: One successful gmin step
Trying gmin =   8.2200E-09 Note: One successful gmin step
Trying gmin =   7.2203E-09 Note: One successful gmin step
Trying gmin =   5.9441E-09 Note: One successful gmin step
Trying gmin =   4.4400E-09 Note: One successful gmin step
Trying gmin =   2.8663E-09 Note: One successful gmin step
Trying gmin =   1.4867E-09 Note: One successful gmin step
Trying gmin =   5.5540E-10 Note: One successful gmin step
Trying gmin =   1.2681E-10 Note: One successful gmin step
Trying gmin =   1.3835E-11 Note: One successful gmin step
Trying gmin =   1.3835E-12 Note: One successful gmin step
Trying gmin =   1.0000E-12 Note: One successful gmin step
Note: Dynamic gmin stepping completed

No. of Data Rows : 121
Doing analysis at TEMP = 85.000000 and TNOM = 27.000000

Note: Starting dynamic gmin stepping
Trying gmin =   1.0000E-03 Note: One successful gmin step
Trying gmin =   1.0000E-04 Note: One successful gmin step
Trying gmin =   1.0000E-05 Note: One successful gmin step
Trying gmin =   1.0000E-06 Note: One successful gmin step
Trying gmin =   3.1623E-07 Note: One successful gmin step
Trying gmin =   5.6234E-08 Note: One successful gmin step
Trying gmin =   5.6234E-09 Warning: Further gmin increment
Trying gmin =   3.1623E-08 Note: One successful gmin step
Trying gmin =   1.3335E-08 Warning: Further gmin increment
Trying gmin =   2.5483E-08 Note: One successful gmin step
Trying gmin =   1.8434E-08 Note: One successful gmin step
Trying gmin =   1.1342E-08 Note: One successful gmin step
Trying gmin =   5.4737E-09 Warning: Further gmin increment
Trying gmin =   9.4534E-09 Warning: Further gmin increment
Trying gmin =   1.0837E-08 Note: One successful gmin step
Trying gmin =   1.0122E-08 Note: One successful gmin step
Trying gmin =   9.1360E-09 Warning: Further gmin increment
Trying gmin =   9.8656E-09 Note: One successful gmin step
Trying gmin =   9.4938E-09 Note: One successful gmin step
Trying gmin =   8.9621E-09 Note: One successful gmin step
Trying gmin =   8.2200E-09 Note: One successful gmin step
Trying gmin =   7.2203E-09 Note: One successful gmin step
Trying gmin =   5.9441E-09 Note: One successful gmin step
Trying gmin =   4.4400E-09 Note: One successful gmin step
Trying gmin =   2.8663E-09 Note: One successful gmin step
Trying gmin =   1.4867E-09 Note: One successful gmin step
Trying gmin =   5.5540E-10 Note: One successful gmin step
Trying gmin =   1.2681E-10 Note: One successful gmin step
Trying gmin =   1.3835E-11 Note: One successful gmin step
Trying gmin =   1.3835E-12 Note: One successful gmin step
Trying gmin =   1.0000E-12 Note: One successful gmin step
Note: Dynamic gmin stepping completed

No. of Data Rows : 121
Doing analysis at TEMP = 85.000000 and TNOM = 27.000000

Note: Starting dynamic gmin stepping
Trying gmin =   1.0000E-03 Note: One successful gmin step
Trying gmin =   1.0000E-04 Note: One successful gmin step
Trying gmin =   1.0000E-05 Note: One successful gmin step
Trying gmin =   1.0000E-06 Note: One successful gmin step
Trying gmin =   3.1623E-07 Note: One successful gmin step
Trying gmin =   5.6234E-08 Note: One successful gmin step
Trying gmin =   5.6234E-09 Warning: Further gmin increment
Trying gmin =   3.1623E-08 Note: One successful gmin step
Trying gmin =   1.3335E-08 Warning: Further gmin increment
Trying gmin =   2.5483E-08 Note: One successful gmin step
Trying gmin =   1.8434E-08 Note: One successful gmin step
Trying gmin =   1.1342E-08 Note: One successful gmin step
Trying gmin =   5.4737E-09 Warning: Further gmin increment
Trying gmin =   9.4534E-09 Warning: Further gmin increment
Trying gmin =   1.0837E-08 Note: One successful gmin step
Trying gmin =   1.0122E-08 Note: One successful gmin step
Trying gmin =   9.1360E-09 Warning: Further gmin increment
Trying gmin =   9.8656E-09 Note: One successful gmin step
Trying gmin =   9.4938E-09 Note: One successful gmin step
Trying gmin =   8.9621E-09 Note: One successful gmin step
Trying gmin =   8.2200E-09 Note: One successful gmin step
Trying gmin =   7.2203E-09 Note: One successful gmin step
Trying gmin =   5.9441E-09 Note: One successful gmin step
Trying gmin =   4.4400E-09 Note: One successful gmin step
Trying gmin =   2.8663E-09 Note: One successful gmin step
Trying gmin =   1.4867E-09 Note: One successful gmin step
Trying gmin =   5.5540E-10 Note: One successful gmin step
Trying gmin =   1.2681E-10 Note: One successful gmin step
Trying gmin =   1.3835E-11 Note: One successful gmin step
Trying gmin =   1.3835E-12 Note: One successful gmin step
Trying gmin =   1.0000E-12 Note: One successful gmin step
Note: Dynamic gmin stepping completed

No. of Data Rows : 121
av0p1hz             =  1.038711e+02
gbw                 =  1.884241e+06

Error: measure  pm180  when(WHEN) : out of interval
 meas ac pm180 when ph=-180 failed!

pm                  =  7.246329e+01

Error: measure  gm  find(FIND) : bad syntax of WHEN
 meas ac gm find av at=pm180 failed!

cmrr0p1hz           =  1.184235e+02
psrr0p1hz           =  6.315375e+01
ERROR: (internal)  This operation is not defined for display type PrinterOnly.
Can't open viewport for graphics.
ERROR: (internal)  This operation is not defined for display type PrinterOnly.
Can't open viewport for graphics.
idd = -2.61045e-04
vos = -7.61669e-05
binary raw file "./out/sp12.raw"
Doing analysis at TEMP = 85.000000 and TNOM = 27.000000

OP information in rawfile.

Total analysis time (seconds) = 417.751

Total elapsed time (seconds) = 467.834 

Total DRAM available = 7841.875 MB.
DRAM currently available =  474.855 MB.
Maximum ngspice program size = 2147.512 MB.
Current ngspice program size = 2129.652 MB.

Shared ngspice pages =   10.910 MB.
Text (code) pages =    5.461 MB.
Stack = 0 bytes.
Library pages = 2127.066 MB.

