
Note: Compatibility modes selected: hs a


Circuit: * num: 14 corner: ff vdd: 5.5 temp: -40

option SCALE: Scale is set to 1e-06 for instance and model parameters
option SCALE: Scale is set to 1e-06 for instance and model parameters
option SCALE: Scale is set to 1e-06 for instance and model parameters
option SCALE: Scale is set to 1e-06 for instance and model parameters
Warning: Model issue on line 0 :
  .model sky130_fd_pr__res_generic_m4 r tc1=    3.424000000000000e-03      ...
unrecognized parameter (tref) - ignored
Doing analysis at TEMP = -40.000000 and TNOM = 27.000000

Note: Starting dynamic gmin stepping
Trying gmin =   1.0000E-03 Note: One successful gmin step
Trying gmin =   1.0000E-04 Note: One successful gmin step
Trying gmin =   1.0000E-05 Note: One successful gmin step
Trying gmin =   1.0000E-06 Note: One successful gmin step
Trying gmin =   1.0000E-07 Warning: Further gmin increment
Trying gmin =   5.6234E-07 Note: One successful gmin step
Trying gmin =   2.3714E-07 Note: One successful gmin step
Trying gmin =   6.4938E-08 Note: One successful gmin step
Trying gmin =   9.3057E-09 Warning: Further gmin increment
Trying gmin =   3.9954E-08 Note: One successful gmin step
Trying gmin =   1.9282E-08 Note: One successful gmin step
Trying gmin =   6.4647E-09 Warning: Further gmin increment
Trying gmin =   1.4672E-08 Note: One successful gmin step
Trying gmin =   9.7392E-09 Note: One successful gmin step
Trying gmin =   5.2669E-09 Warning: Further gmin increment
Trying gmin =   8.3519E-09 Note: One successful gmin step
Trying gmin =   6.6324E-09 Warning: Further gmin increment
Trying gmin =   7.8842E-09 Note: One successful gmin step
Trying gmin =   7.2312E-09 Note: One successful gmin step
Trying gmin =   6.3518E-09 Warning: Further gmin increment
Trying gmin =   7.0006E-09 Note: One successful gmin step
Trying gmin =   6.7773E-09 Note: One successful gmin step
Trying gmin =   6.4556E-09 Note: One successful gmin step
Trying gmin =   6.0015E-09 Note: One successful gmin step
Trying gmin =   5.3796E-09 Note: One successful gmin step
Trying gmin =   4.5654E-09 Note: One successful gmin step
Trying gmin =   3.5692E-09 Note: One successful gmin step
Trying gmin =   2.4672E-09 Note: One successful gmin step
Trying gmin =   1.4180E-09 Note: One successful gmin step
Trying gmin =   6.1780E-10 Note: One successful gmin step
Trying gmin =   1.7768E-10 Note: One successful gmin step
Trying gmin =   2.7403E-11 Note: One successful gmin step
Trying gmin =   2.7403E-12 Note: One successful gmin step
Trying gmin =   1.0000E-12 Note: One successful gmin step
Note: Dynamic gmin stepping completed

No. of Data Rows : 1
Doing analysis at TEMP = -40.000000 and TNOM = 27.000000

Note: Starting dynamic gmin stepping
Trying gmin =   1.0000E-03 Note: One successful gmin step
Trying gmin =   1.0000E-04 Note: One successful gmin step
Trying gmin =   1.0000E-05 Note: One successful gmin step
Trying gmin =   1.0000E-06 Note: One successful gmin step
Trying gmin =   1.0000E-07 Warning: Further gmin increment
Trying gmin =   5.6234E-07 Note: One successful gmin step
Trying gmin =   2.3714E-07 Note: One successful gmin step
Trying gmin =   6.4938E-08 Note: One successful gmin step
Trying gmin =   9.3057E-09 Warning: Further gmin increment
Trying gmin =   3.9954E-08 Note: One successful gmin step
Trying gmin =   1.9282E-08 Note: One successful gmin step
Trying gmin =   6.4647E-09 Warning: Further gmin increment
Trying gmin =   1.4672E-08 Note: One successful gmin step
Trying gmin =   9.7392E-09 Note: One successful gmin step
Trying gmin =   5.2669E-09 Warning: Further gmin increment
Trying gmin =   8.3519E-09 Note: One successful gmin step
Trying gmin =   6.6324E-09 Warning: Further gmin increment
Trying gmin =   7.8842E-09 Note: One successful gmin step
Trying gmin =   7.2312E-09 Note: One successful gmin step
Trying gmin =   6.3518E-09 Warning: Further gmin increment
Trying gmin =   7.0006E-09 Note: One successful gmin step
Trying gmin =   6.7773E-09 Note: One successful gmin step
Trying gmin =   6.4556E-09 Note: One successful gmin step
Trying gmin =   6.0015E-09 Note: One successful gmin step
Trying gmin =   5.3796E-09 Note: One successful gmin step
Trying gmin =   4.5654E-09 Note: One successful gmin step
Trying gmin =   3.5692E-09 Note: One successful gmin step
Trying gmin =   2.4672E-09 Note: One successful gmin step
Trying gmin =   1.4180E-09 Note: One successful gmin step
Trying gmin =   6.1780E-10 Note: One successful gmin step
Trying gmin =   1.7768E-10 Note: One successful gmin step
Trying gmin =   2.7403E-11 Note: One successful gmin step
Trying gmin =   2.7403E-12 Note: One successful gmin step
Trying gmin =   1.0000E-12 Note: One successful gmin step
Note: Dynamic gmin stepping completed

No. of Data Rows : 121
Doing analysis at TEMP = -40.000000 and TNOM = 27.000000

Note: Starting dynamic gmin stepping
Trying gmin =   1.0000E-03 Note: One successful gmin step
Trying gmin =   1.0000E-04 Note: One successful gmin step
Trying gmin =   1.0000E-05 Note: One successful gmin step
Trying gmin =   1.0000E-06 Note: One successful gmin step
Trying gmin =   1.0000E-07 Warning: Further gmin increment
Trying gmin =   5.6234E-07 Note: One successful gmin step
Trying gmin =   2.3714E-07 Note: One successful gmin step
Trying gmin =   6.4938E-08 Note: One successful gmin step
Trying gmin =   9.3057E-09 Warning: Further gmin increment
Trying gmin =   3.9954E-08 Note: One successful gmin step
Trying gmin =   1.9282E-08 Note: One successful gmin step
Trying gmin =   6.4647E-09 Warning: Further gmin increment
Trying gmin =   1.4672E-08 Note: One successful gmin step
Trying gmin =   9.7392E-09 Note: One successful gmin step
Trying gmin =   5.2669E-09 Warning: Further gmin increment
Trying gmin =   8.3519E-09 Note: One successful gmin step
Trying gmin =   6.6324E-09 Warning: Further gmin increment
Trying gmin =   7.8842E-09 Note: One successful gmin step
Trying gmin =   7.2312E-09 Note: One successful gmin step
Trying gmin =   6.3518E-09 Warning: Further gmin increment
Trying gmin =   7.0006E-09 Note: One successful gmin step
Trying gmin =   6.7773E-09 Note: One successful gmin step
Trying gmin =   6.4556E-09 Note: One successful gmin step
Trying gmin =   6.0015E-09 Note: One successful gmin step
Trying gmin =   5.3796E-09 Note: One successful gmin step
Trying gmin =   4.5654E-09 Note: One successful gmin step
Trying gmin =   3.5692E-09 Note: One successful gmin step
Trying gmin =   2.4672E-09 Note: One successful gmin step
Trying gmin =   1.4180E-09 Note: One successful gmin step
Trying gmin =   6.1780E-10 Note: One successful gmin step
Trying gmin =   1.7768E-10 Note: One successful gmin step
Trying gmin =   2.7403E-11 Note: One successful gmin step
Trying gmin =   2.7403E-12 Note: One successful gmin step
Trying gmin =   1.0000E-12 Note: One successful gmin step
Note: Dynamic gmin stepping completed

No. of Data Rows : 121
Doing analysis at TEMP = -40.000000 and TNOM = 27.000000

Note: Starting dynamic gmin stepping
Trying gmin =   1.0000E-03 Note: One successful gmin step
Trying gmin =   1.0000E-04 Note: One successful gmin step
Trying gmin =   1.0000E-05 Note: One successful gmin step
Trying gmin =   1.0000E-06 Note: One successful gmin step
Trying gmin =   1.0000E-07 Warning: Further gmin increment
Trying gmin =   5.6234E-07 Note: One successful gmin step
Trying gmin =   2.3714E-07 Note: One successful gmin step
Trying gmin =   6.4938E-08 Note: One successful gmin step
Trying gmin =   9.3057E-09 Warning: Further gmin increment
Trying gmin =   3.9954E-08 Note: One successful gmin step
Trying gmin =   1.9282E-08 Note: One successful gmin step
Trying gmin =   6.4647E-09 Warning: Further gmin increment
Trying gmin =   1.4672E-08 Note: One successful gmin step
Trying gmin =   9.7392E-09 Note: One successful gmin step
Trying gmin =   5.2669E-09 Warning: Further gmin increment
Trying gmin =   8.3519E-09 Note: One successful gmin step
Trying gmin =   6.6324E-09 Warning: Further gmin increment
Trying gmin =   7.8842E-09 Note: One successful gmin step
Trying gmin =   7.2312E-09 Note: One successful gmin step
Trying gmin =   6.3518E-09 Warning: Further gmin increment
Trying gmin =   7.0006E-09 Note: One successful gmin step
Trying gmin =   6.7773E-09 Note: One successful gmin step
Trying gmin =   6.4556E-09 Note: One successful gmin step
Trying gmin =   6.0015E-09 Note: One successful gmin step
Trying gmin =   5.3796E-09 Note: One successful gmin step
Trying gmin =   4.5654E-09 Note: One successful gmin step
Trying gmin =   3.5692E-09 Note: One successful gmin step
Trying gmin =   2.4672E-09 Note: One successful gmin step
Trying gmin =   1.4180E-09 Note: One successful gmin step
Trying gmin =   6.1780E-10 Note: One successful gmin step
Trying gmin =   1.7768E-10 Note: One successful gmin step
Trying gmin =   2.7403E-11 Note: One successful gmin step
Trying gmin =   2.7403E-12 Note: One successful gmin step
Trying gmin =   1.0000E-12 Note: One successful gmin step
Note: Dynamic gmin stepping completed

No. of Data Rows : 121
av0p1hz             =  1.129954e+02
gbw                 =  3.341840e+06
pm180               =  1.281485e+08
pm                  =  6.847039e+01
gm                  =  -6.390674e+01
cmrr0p1hz           =  1.032528e+02
psrr0p1hz           =  8.994924e+01
ERROR: (internal)  This operation is not defined for display type PrinterOnly.
Can't open viewport for graphics.
ERROR: (internal)  This operation is not defined for display type PrinterOnly.
Can't open viewport for graphics.
idd = -3.02166e-04
vos = 4.092394e-04
binary raw file "./out/sp14.raw"
Doing analysis at TEMP = -40.000000 and TNOM = 27.000000

OP information in rawfile.

Total analysis time (seconds) = 441.703

Total elapsed time (seconds) = 489.979 

Total DRAM available = 7841.875 MB.
DRAM currently available =  487.395 MB.
Maximum ngspice program size = 2147.789 MB.
Current ngspice program size = 2129.816 MB.

Shared ngspice pages =   10.793 MB.
Text (code) pages =    5.461 MB.
Stack = 0 bytes.
Library pages = 2127.344 MB.

