
Note: Compatibility modes selected: hs a


Circuit: * num: 16 corner: fs vdd: 5.5 temp: -40

option SCALE: Scale is set to 1e-06 for instance and model parameters
option SCALE: Scale is set to 1e-06 for instance and model parameters
option SCALE: Scale is set to 1e-06 for instance and model parameters
option SCALE: Scale is set to 1e-06 for instance and model parameters
Warning: Model issue on line 0 :
  .model sky130_fd_pr__res_generic_m4 r tc1=    3.424000000000000e-03      ...
unrecognized parameter (tref) - ignored
Doing analysis at TEMP = -40.000000 and TNOM = 27.000000

Note: Starting dynamic gmin stepping
Trying gmin =   1.0000E-03 Note: One successful gmin step
Trying gmin =   1.0000E-04 Note: One successful gmin step
Trying gmin =   1.0000E-05 Note: One successful gmin step
Trying gmin =   1.0000E-06 Warning: Further gmin increment
Trying gmin =   5.6234E-06 Note: One successful gmin step
Trying gmin =   3.1623E-06 Note: One successful gmin step
Trying gmin =   1.7783E-06 Note: One successful gmin step
Trying gmin =   7.4989E-07 Note: One successful gmin step
Trying gmin =   2.0535E-07 Note: One successful gmin step
Trying gmin =   2.9427E-08 Warning: Further gmin increment
Trying gmin =   1.2635E-07 Note: One successful gmin step
Trying gmin =   6.0976E-08 Note: One successful gmin step
Trying gmin =   2.0443E-08 Note: One successful gmin step
Trying gmin =   3.9686E-09 Warning: Further gmin increment
Trying gmin =   1.3570E-08 Note: One successful gmin step
Trying gmin =   7.3384E-09 Note: One successful gmin step
Trying gmin =   2.9184E-09 Warning: Further gmin increment
Trying gmin =   5.8276E-09 Warning: Further gmin increment
Trying gmin =   6.9274E-09 Note: One successful gmin step
Trying gmin =   6.3537E-09 Warning: Further gmin increment
Trying gmin =   6.7793E-09 Note: One successful gmin step
Trying gmin =   6.5631E-09 Warning: Further gmin increment
Trying gmin =   6.7246E-09 Note: One successful gmin step
Trying gmin =   6.6434E-09 Note: One successful gmin step
Trying gmin =   6.5233E-09 Note: One successful gmin step
Trying gmin =   6.4054E-09 Note: One successful gmin step
Trying gmin =   6.2897E-09 Note: One successful gmin step
Trying gmin =   6.1200E-09 Note: One successful gmin step
Trying gmin =   5.8740E-09 Note: One successful gmin step
Trying gmin =   5.5234E-09 Note: One successful gmin step
Trying gmin =   5.0364E-09 Note: One successful gmin step
Trying gmin =   4.3851E-09 Note: One successful gmin step
Trying gmin =   3.5627E-09 Note: One successful gmin step
Trying gmin =   2.6090E-09 Note: One successful gmin step
Trying gmin =   1.6350E-09 Note: One successful gmin step
Trying gmin =   8.1111E-10 Note: One successful gmin step
Trying gmin =   2.8342E-10 Note: One successful gmin step
Trying gmin =   5.8539E-11 Note: One successful gmin step
Trying gmin =   5.8539E-12 Note: One successful gmin step
Trying gmin =   1.0000E-12 Note: One successful gmin step
Note: Dynamic gmin stepping completed

No. of Data Rows : 1
Doing analysis at TEMP = -40.000000 and TNOM = 27.000000

Note: Starting dynamic gmin stepping
Trying gmin =   1.0000E-03 Note: One successful gmin step
Trying gmin =   1.0000E-04 Note: One successful gmin step
Trying gmin =   1.0000E-05 Note: One successful gmin step
Trying gmin =   1.0000E-06 Warning: Further gmin increment
Trying gmin =   5.6234E-06 Note: One successful gmin step
Trying gmin =   3.1623E-06 Note: One successful gmin step
Trying gmin =   1.7783E-06 Note: One successful gmin step
Trying gmin =   7.4989E-07 Note: One successful gmin step
Trying gmin =   2.0535E-07 Note: One successful gmin step
Trying gmin =   2.9427E-08 Warning: Further gmin increment
Trying gmin =   1.2635E-07 Note: One successful gmin step
Trying gmin =   6.0976E-08 Note: One successful gmin step
Trying gmin =   2.0443E-08 Note: One successful gmin step
Trying gmin =   3.9686E-09 Warning: Further gmin increment
Trying gmin =   1.3570E-08 Note: One successful gmin step
Trying gmin =   7.3384E-09 Note: One successful gmin step
Trying gmin =   2.9184E-09 Warning: Further gmin increment
Trying gmin =   5.8276E-09 Warning: Further gmin increment
Trying gmin =   6.9274E-09 Note: One successful gmin step
Trying gmin =   6.3537E-09 Warning: Further gmin increment
Trying gmin =   6.7793E-09 Note: One successful gmin step
Trying gmin =   6.5631E-09 Warning: Further gmin increment
Trying gmin =   6.7246E-09 Note: One successful gmin step
Trying gmin =   6.6434E-09 Note: One successful gmin step
Trying gmin =   6.5233E-09 Note: One successful gmin step
Trying gmin =   6.4054E-09 Note: One successful gmin step
Trying gmin =   6.2897E-09 Note: One successful gmin step
Trying gmin =   6.1200E-09 Note: One successful gmin step
Trying gmin =   5.8740E-09 Note: One successful gmin step
Trying gmin =   5.5234E-09 Note: One successful gmin step
Trying gmin =   5.0364E-09 Note: One successful gmin step
Trying gmin =   4.3851E-09 Note: One successful gmin step
Trying gmin =   3.5627E-09 Note: One successful gmin step
Trying gmin =   2.6090E-09 Note: One successful gmin step
Trying gmin =   1.6350E-09 Note: One successful gmin step
Trying gmin =   8.1111E-10 Note: One successful gmin step
Trying gmin =   2.8342E-10 Note: One successful gmin step
Trying gmin =   5.8539E-11 Note: One successful gmin step
Trying gmin =   5.8539E-12 Note: One successful gmin step
Trying gmin =   1.0000E-12 Note: One successful gmin step
Note: Dynamic gmin stepping completed

No. of Data Rows : 121
Doing analysis at TEMP = -40.000000 and TNOM = 27.000000

Note: Starting dynamic gmin stepping
Trying gmin =   1.0000E-03 Note: One successful gmin step
Trying gmin =   1.0000E-04 Note: One successful gmin step
Trying gmin =   1.0000E-05 Note: One successful gmin step
Trying gmin =   1.0000E-06 Warning: Further gmin increment
Trying gmin =   5.6234E-06 Note: One successful gmin step
Trying gmin =   3.1623E-06 Note: One successful gmin step
Trying gmin =   1.7783E-06 Note: One successful gmin step
Trying gmin =   7.4989E-07 Note: One successful gmin step
Trying gmin =   2.0535E-07 Note: One successful gmin step
Trying gmin =   2.9427E-08 Warning: Further gmin increment
Trying gmin =   1.2635E-07 Note: One successful gmin step
Trying gmin =   6.0976E-08 Note: One successful gmin step
Trying gmin =   2.0443E-08 Note: One successful gmin step
Trying gmin =   3.9686E-09 Warning: Further gmin increment
Trying gmin =   1.3570E-08 Note: One successful gmin step
Trying gmin =   7.3384E-09 Note: One successful gmin step
Trying gmin =   2.9184E-09 Warning: Further gmin increment
Trying gmin =   5.8276E-09 Warning: Further gmin increment
Trying gmin =   6.9274E-09 Note: One successful gmin step
Trying gmin =   6.3537E-09 Warning: Further gmin increment
Trying gmin =   6.7793E-09 Note: One successful gmin step
Trying gmin =   6.5631E-09 Warning: Further gmin increment
Trying gmin =   6.7246E-09 Note: One successful gmin step
Trying gmin =   6.6434E-09 Note: One successful gmin step
Trying gmin =   6.5233E-09 Note: One successful gmin step
Trying gmin =   6.4054E-09 Note: One successful gmin step
Trying gmin =   6.2897E-09 Note: One successful gmin step
Trying gmin =   6.1200E-09 Note: One successful gmin step
Trying gmin =   5.8740E-09 Note: One successful gmin step
Trying gmin =   5.5234E-09 Note: One successful gmin step
Trying gmin =   5.0364E-09 Note: One successful gmin step
Trying gmin =   4.3851E-09 Note: One successful gmin step
Trying gmin =   3.5627E-09 Note: One successful gmin step
Trying gmin =   2.6090E-09 Note: One successful gmin step
Trying gmin =   1.6350E-09 Note: One successful gmin step
Trying gmin =   8.1111E-10 Note: One successful gmin step
Trying gmin =   2.8342E-10 Note: One successful gmin step
Trying gmin =   5.8539E-11 Note: One successful gmin step
Trying gmin =   5.8539E-12 Note: One successful gmin step
Trying gmin =   1.0000E-12 Note: One successful gmin step
Note: Dynamic gmin stepping completed

No. of Data Rows : 121
Doing analysis at TEMP = -40.000000 and TNOM = 27.000000

Note: Starting dynamic gmin stepping
Trying gmin =   1.0000E-03 Note: One successful gmin step
Trying gmin =   1.0000E-04 Note: One successful gmin step
Trying gmin =   1.0000E-05 Note: One successful gmin step
Trying gmin =   1.0000E-06 Warning: Further gmin increment
Trying gmin =   5.6234E-06 Note: One successful gmin step
Trying gmin =   3.1623E-06 Note: One successful gmin step
Trying gmin =   1.7783E-06 Note: One successful gmin step
Trying gmin =   7.4989E-07 Note: One successful gmin step
Trying gmin =   2.0535E-07 Note: One successful gmin step
Trying gmin =   2.9427E-08 Warning: Further gmin increment
Trying gmin =   1.2635E-07 Note: One successful gmin step
Trying gmin =   6.0976E-08 Note: One successful gmin step
Trying gmin =   2.0443E-08 Note: One successful gmin step
Trying gmin =   3.9686E-09 Warning: Further gmin increment
Trying gmin =   1.3570E-08 Note: One successful gmin step
Trying gmin =   7.3384E-09 Note: One successful gmin step
Trying gmin =   2.9184E-09 Warning: Further gmin increment
Trying gmin =   5.8276E-09 Warning: Further gmin increment
Trying gmin =   6.9274E-09 Note: One successful gmin step
Trying gmin =   6.3537E-09 Warning: Further gmin increment
Trying gmin =   6.7793E-09 Note: One successful gmin step
Trying gmin =   6.5631E-09 Warning: Further gmin increment
Trying gmin =   6.7246E-09 Note: One successful gmin step
Trying gmin =   6.6434E-09 Note: One successful gmin step
Trying gmin =   6.5233E-09 Note: One successful gmin step
Trying gmin =   6.4054E-09 Note: One successful gmin step
Trying gmin =   6.2897E-09 Note: One successful gmin step
Trying gmin =   6.1200E-09 Note: One successful gmin step
Trying gmin =   5.8740E-09 Note: One successful gmin step
Trying gmin =   5.5234E-09 Note: One successful gmin step
Trying gmin =   5.0364E-09 Note: One successful gmin step
Trying gmin =   4.3851E-09 Note: One successful gmin step
Trying gmin =   3.5627E-09 Note: One successful gmin step
Trying gmin =   2.6090E-09 Note: One successful gmin step
Trying gmin =   1.6350E-09 Note: One successful gmin step
Trying gmin =   8.1111E-10 Note: One successful gmin step
Trying gmin =   2.8342E-10 Note: One successful gmin step
Trying gmin =   5.8539E-11 Note: One successful gmin step
Trying gmin =   5.8539E-12 Note: One successful gmin step
Trying gmin =   1.0000E-12 Note: One successful gmin step
Note: Dynamic gmin stepping completed

No. of Data Rows : 121
av0p1hz             =  1.164728e+02
gbw                 =  3.344518e+06
pm180               =  1.431672e+08
pm                  =  6.839851e+01
gm                  =  -6.883373e+01
cmrr0p1hz           =  1.038896e+02
psrr0p1hz           =  8.604851e+01
ERROR: (internal)  This operation is not defined for display type PrinterOnly.
Can't open viewport for graphics.
ERROR: (internal)  This operation is not defined for display type PrinterOnly.
Can't open viewport for graphics.
idd = -2.99874e-04
vos = 3.881923e-04
binary raw file "./out/sp16.raw"
Doing analysis at TEMP = -40.000000 and TNOM = 27.000000

OP information in rawfile.

Total analysis time (seconds) = 475.065

Total elapsed time (seconds) = 523.708 

Total DRAM available = 7841.875 MB.
DRAM currently available =  469.938 MB.
Maximum ngspice program size = 2147.508 MB.
Current ngspice program size = 2129.738 MB.

Shared ngspice pages =   10.996 MB.
Text (code) pages =    5.461 MB.
Stack = 0 bytes.
Library pages = 2127.062 MB.

