
Note: Compatibility modes selected: hs a


Circuit: * num: 19 corner: ss vdd: 5.5 temp: 85

option SCALE: Scale is set to 1e-06 for instance and model parameters
option SCALE: Scale is set to 1e-06 for instance and model parameters
option SCALE: Scale is set to 1e-06 for instance and model parameters
option SCALE: Scale is set to 1e-06 for instance and model parameters
Warning: Model issue on line 0 :
  .model sky130_fd_pr__res_generic_m4 r tc1=    3.424000000000000e-03      ...
unrecognized parameter (tref) - ignored
Doing analysis at TEMP = 85.000000 and TNOM = 27.000000

Note: Starting dynamic gmin stepping
Trying gmin =   1.0000E-03 Note: One successful gmin step
Trying gmin =   1.0000E-04 Note: One successful gmin step
Trying gmin =   1.0000E-05 Note: One successful gmin step
Trying gmin =   1.0000E-06 Note: One successful gmin step
Trying gmin =   1.0000E-07 Warning: Further gmin increment
Trying gmin =   5.6234E-07 Note: One successful gmin step
Trying gmin =   2.3714E-07 Note: One successful gmin step
Trying gmin =   6.4938E-08 Note: One successful gmin step
Trying gmin =   9.3057E-09 Warning: Further gmin increment
Trying gmin =   3.9954E-08 Note: One successful gmin step
Trying gmin =   1.9282E-08 Note: One successful gmin step
Trying gmin =   6.4647E-09 Warning: Further gmin increment
Trying gmin =   1.4672E-08 Note: One successful gmin step
Trying gmin =   9.7392E-09 Note: One successful gmin step
Trying gmin =   5.2669E-09 Warning: Further gmin increment
Trying gmin =   8.3519E-09 Note: One successful gmin step
Trying gmin =   6.6324E-09 Warning: Further gmin increment
Trying gmin =   7.8842E-09 Note: One successful gmin step
Trying gmin =   7.2312E-09 Warning: Further gmin increment
Trying gmin =   7.7156E-09 Note: One successful gmin step
Trying gmin =   7.4695E-09 Warning: Further gmin increment
Trying gmin =   7.6533E-09 Note: One successful gmin step
Trying gmin =   7.5609E-09 Note: One successful gmin step
Trying gmin =   7.4242E-09 Note: One successful gmin step
Trying gmin =   7.2239E-09 Note: One successful gmin step
Trying gmin =   6.9335E-09 Note: One successful gmin step
Trying gmin =   6.5197E-09 Note: One successful gmin step
Trying gmin =   5.9448E-09 Note: One successful gmin step
Trying gmin =   5.1761E-09 Note: One successful gmin step
Trying gmin =   4.2053E-09 Note: One successful gmin step
Trying gmin =   3.0796E-09 Note: One successful gmin step
Trying gmin =   1.9299E-09 Note: One successful gmin step
Trying gmin =   9.5741E-10 Note: One successful gmin step
Trying gmin =   3.3454E-10 Note: One successful gmin step
Trying gmin =   6.9098E-11 Note: One successful gmin step
Trying gmin =   6.9098E-12 Note: One successful gmin step
Trying gmin =   1.0000E-12 Note: One successful gmin step
Note: Dynamic gmin stepping completed

No. of Data Rows : 1
Doing analysis at TEMP = 85.000000 and TNOM = 27.000000

Note: Starting dynamic gmin stepping
Trying gmin =   1.0000E-03 Note: One successful gmin step
Trying gmin =   1.0000E-04 Note: One successful gmin step
Trying gmin =   1.0000E-05 Note: One successful gmin step
Trying gmin =   1.0000E-06 Note: One successful gmin step
Trying gmin =   1.0000E-07 Warning: Further gmin increment
Trying gmin =   5.6234E-07 Note: One successful gmin step
Trying gmin =   2.3714E-07 Note: One successful gmin step
Trying gmin =   6.4938E-08 Note: One successful gmin step
Trying gmin =   9.3057E-09 Warning: Further gmin increment
Trying gmin =   3.9954E-08 Note: One successful gmin step
Trying gmin =   1.9282E-08 Note: One successful gmin step
Trying gmin =   6.4647E-09 Warning: Further gmin increment
Trying gmin =   1.4672E-08 Note: One successful gmin step
Trying gmin =   9.7392E-09 Note: One successful gmin step
Trying gmin =   5.2669E-09 Warning: Further gmin increment
Trying gmin =   8.3519E-09 Note: One successful gmin step
Trying gmin =   6.6324E-09 Warning: Further gmin increment
Trying gmin =   7.8842E-09 Note: One successful gmin step
Trying gmin =   7.2312E-09 Warning: Further gmin increment
Trying gmin =   7.7156E-09 Note: One successful gmin step
Trying gmin =   7.4695E-09 Warning: Further gmin increment
Trying gmin =   7.6533E-09 Note: One successful gmin step
Trying gmin =   7.5609E-09 Note: One successful gmin step
Trying gmin =   7.4242E-09 Note: One successful gmin step
Trying gmin =   7.2239E-09 Note: One successful gmin step
Trying gmin =   6.9335E-09 Note: One successful gmin step
Trying gmin =   6.5197E-09 Note: One successful gmin step
Trying gmin =   5.9448E-09 Note: One successful gmin step
Trying gmin =   5.1761E-09 Note: One successful gmin step
Trying gmin =   4.2053E-09 Note: One successful gmin step
Trying gmin =   3.0796E-09 Note: One successful gmin step
Trying gmin =   1.9299E-09 Note: One successful gmin step
Trying gmin =   9.5741E-10 Note: One successful gmin step
Trying gmin =   3.3454E-10 Note: One successful gmin step
Trying gmin =   6.9098E-11 Note: One successful gmin step
Trying gmin =   6.9098E-12 Note: One successful gmin step
Trying gmin =   1.0000E-12 Note: One successful gmin step
Note: Dynamic gmin stepping completed

No. of Data Rows : 121
Doing analysis at TEMP = 85.000000 and TNOM = 27.000000

Note: Starting dynamic gmin stepping
Trying gmin =   1.0000E-03 Note: One successful gmin step
Trying gmin =   1.0000E-04 Note: One successful gmin step
Trying gmin =   1.0000E-05 Note: One successful gmin step
Trying gmin =   1.0000E-06 Note: One successful gmin step
Trying gmin =   1.0000E-07 Warning: Further gmin increment
Trying gmin =   5.6234E-07 Note: One successful gmin step
Trying gmin =   2.3714E-07 Note: One successful gmin step
Trying gmin =   6.4938E-08 Note: One successful gmin step
Trying gmin =   9.3057E-09 Warning: Further gmin increment
Trying gmin =   3.9954E-08 Note: One successful gmin step
Trying gmin =   1.9282E-08 Note: One successful gmin step
Trying gmin =   6.4647E-09 Warning: Further gmin increment
Trying gmin =   1.4672E-08 Note: One successful gmin step
Trying gmin =   9.7392E-09 Note: One successful gmin step
Trying gmin =   5.2669E-09 Warning: Further gmin increment
Trying gmin =   8.3519E-09 Note: One successful gmin step
Trying gmin =   6.6324E-09 Warning: Further gmin increment
Trying gmin =   7.8842E-09 Note: One successful gmin step
Trying gmin =   7.2312E-09 Warning: Further gmin increment
Trying gmin =   7.7156E-09 Note: One successful gmin step
Trying gmin =   7.4695E-09 Warning: Further gmin increment
Trying gmin =   7.6533E-09 Note: One successful gmin step
Trying gmin =   7.5609E-09 Note: One successful gmin step
Trying gmin =   7.4242E-09 Note: One successful gmin step
Trying gmin =   7.2239E-09 Note: One successful gmin step
Trying gmin =   6.9335E-09 Note: One successful gmin step
Trying gmin =   6.5197E-09 Note: One successful gmin step
Trying gmin =   5.9448E-09 Note: One successful gmin step
Trying gmin =   5.1761E-09 Note: One successful gmin step
Trying gmin =   4.2053E-09 Note: One successful gmin step
Trying gmin =   3.0796E-09 Note: One successful gmin step
Trying gmin =   1.9299E-09 Note: One successful gmin step
Trying gmin =   9.5741E-10 Note: One successful gmin step
Trying gmin =   3.3454E-10 Note: One successful gmin step
Trying gmin =   6.9098E-11 Note: One successful gmin step
Trying gmin =   6.9098E-12 Note: One successful gmin step
Trying gmin =   1.0000E-12 Note: One successful gmin step
Note: Dynamic gmin stepping completed

No. of Data Rows : 121
Doing analysis at TEMP = 85.000000 and TNOM = 27.000000

Note: Starting dynamic gmin stepping
Trying gmin =   1.0000E-03 Note: One successful gmin step
Trying gmin =   1.0000E-04 Note: One successful gmin step
Trying gmin =   1.0000E-05 Note: One successful gmin step
Trying gmin =   1.0000E-06 Note: One successful gmin step
Trying gmin =   1.0000E-07 Warning: Further gmin increment
Trying gmin =   5.6234E-07 Note: One successful gmin step
Trying gmin =   2.3714E-07 Note: One successful gmin step
Trying gmin =   6.4938E-08 Note: One successful gmin step
Trying gmin =   9.3057E-09 Warning: Further gmin increment
Trying gmin =   3.9954E-08 Note: One successful gmin step
Trying gmin =   1.9282E-08 Note: One successful gmin step
Trying gmin =   6.4647E-09 Warning: Further gmin increment
Trying gmin =   1.4672E-08 Note: One successful gmin step
Trying gmin =   9.7392E-09 Note: One successful gmin step
Trying gmin =   5.2669E-09 Warning: Further gmin increment
Trying gmin =   8.3519E-09 Note: One successful gmin step
Trying gmin =   6.6324E-09 Warning: Further gmin increment
Trying gmin =   7.8842E-09 Note: One successful gmin step
Trying gmin =   7.2312E-09 Warning: Further gmin increment
Trying gmin =   7.7156E-09 Note: One successful gmin step
Trying gmin =   7.4695E-09 Warning: Further gmin increment
Trying gmin =   7.6533E-09 Note: One successful gmin step
Trying gmin =   7.5609E-09 Note: One successful gmin step
Trying gmin =   7.4242E-09 Note: One successful gmin step
Trying gmin =   7.2239E-09 Note: One successful gmin step
Trying gmin =   6.9335E-09 Note: One successful gmin step
Trying gmin =   6.5197E-09 Note: One successful gmin step
Trying gmin =   5.9448E-09 Note: One successful gmin step
Trying gmin =   5.1761E-09 Note: One successful gmin step
Trying gmin =   4.2053E-09 Note: One successful gmin step
Trying gmin =   3.0796E-09 Note: One successful gmin step
Trying gmin =   1.9299E-09 Note: One successful gmin step
Trying gmin =   9.5741E-10 Note: One successful gmin step
Trying gmin =   3.3454E-10 Note: One successful gmin step
Trying gmin =   6.9098E-11 Note: One successful gmin step
Trying gmin =   6.9098E-12 Note: One successful gmin step
Trying gmin =   1.0000E-12 Note: One successful gmin step
Note: Dynamic gmin stepping completed

No. of Data Rows : 121
av0p1hz             =  1.059994e+02
gbw                 =  2.270291e+06

Error: measure  pm180  when(WHEN) : out of interval
 meas ac pm180 when ph=-180 failed!

pm                  =  6.848881e+01

Error: measure  gm  find(FIND) : bad syntax of WHEN
 meas ac gm find av at=pm180 failed!

cmrr0p1hz           =  9.938147e+01
psrr0p1hz           =  7.649180e+01
ERROR: (internal)  This operation is not defined for display type PrinterOnly.
Can't open viewport for graphics.
ERROR: (internal)  This operation is not defined for display type PrinterOnly.
Can't open viewport for graphics.
idd = -2.87779e-04
vos = 5.746865e-04
binary raw file "./out/sp19.raw"
Doing analysis at TEMP = 85.000000 and TNOM = 27.000000

OP information in rawfile.

Total analysis time (seconds) = 468.575

Total elapsed time (seconds) = 516.820 

Total DRAM available = 7841.875 MB.
DRAM currently available =  456.219 MB.
Maximum ngspice program size = 2147.801 MB.
Current ngspice program size = 2129.855 MB.

Shared ngspice pages =   10.824 MB.
Text (code) pages =    5.461 MB.
Stack = 0 bytes.
Library pages = 2127.355 MB.

