
Note: Compatibility modes selected: hs a


Circuit: * num: 20 corner: ff vdd: 5.5 temp: 85

option SCALE: Scale is set to 1e-06 for instance and model parameters
option SCALE: Scale is set to 1e-06 for instance and model parameters
option SCALE: Scale is set to 1e-06 for instance and model parameters
option SCALE: Scale is set to 1e-06 for instance and model parameters
Warning: Model issue on line 0 :
  .model sky130_fd_pr__res_generic_m4 r tc1=    3.424000000000000e-03      ...
unrecognized parameter (tref) - ignored
Doing analysis at TEMP = 85.000000 and TNOM = 27.000000

Note: Starting dynamic gmin stepping
Trying gmin =   1.0000E-03 Note: One successful gmin step
Trying gmin =   1.0000E-04 Note: One successful gmin step
Trying gmin =   1.0000E-05 Note: One successful gmin step
Trying gmin =   1.0000E-06 Note: One successful gmin step
Trying gmin =   3.1623E-07 Note: One successful gmin step
Trying gmin =   5.6234E-08 Warning: Further gmin increment
Trying gmin =   2.0535E-07 Note: One successful gmin step
Trying gmin =   1.0746E-07 Note: One successful gmin step
Trying gmin =   4.0679E-08 Note: One successful gmin step
Trying gmin =   9.4746E-09 Warning: Further gmin increment
Trying gmin =   2.8260E-08 Note: One successful gmin step
Trying gmin =   1.6363E-08 Note: One successful gmin step
Trying gmin =   7.2096E-09 Warning: Further gmin increment
Trying gmin =   1.3331E-08 Note: One successful gmin step
Trying gmin =   9.8038E-09 Note: One successful gmin step
Trying gmin =   6.1826E-09 Warning: Further gmin increment
Trying gmin =   8.7365E-09 Note: One successful gmin step
Trying gmin =   7.3494E-09 Warning: Further gmin increment
Trying gmin =   8.3669E-09 Note: One successful gmin step
Trying gmin =   7.8417E-09 Warning: Further gmin increment
Trying gmin =   8.2324E-09 Note: One successful gmin step
Trying gmin =   8.0347E-09 Note: One successful gmin step
Trying gmin =   7.7469E-09 Note: One successful gmin step
Trying gmin =   7.3345E-09 Note: One successful gmin step
Trying gmin =   6.7567E-09 Note: One successful gmin step
Trying gmin =   5.9742E-09 Note: One successful gmin step
Trying gmin =   4.9671E-09 Note: One successful gmin step
Trying gmin =   3.7656E-09 Note: One successful gmin step
Trying gmin =   2.4856E-09 Note: One successful gmin step
Trying gmin =   1.3330E-09 Note: One successful gmin step
Trying gmin =   5.2348E-10 Note: One successful gmin step
Trying gmin =   1.2883E-10 Note: One successful gmin step
Trying gmin =   1.5730E-11 Note: One successful gmin step
Trying gmin =   1.5730E-12 Note: One successful gmin step
Trying gmin =   1.0000E-12 Note: One successful gmin step
Note: Dynamic gmin stepping completed

No. of Data Rows : 1
Doing analysis at TEMP = 85.000000 and TNOM = 27.000000

Note: Starting dynamic gmin stepping
Trying gmin =   1.0000E-03 Note: One successful gmin step
Trying gmin =   1.0000E-04 Note: One successful gmin step
Trying gmin =   1.0000E-05 Note: One successful gmin step
Trying gmin =   1.0000E-06 Note: One successful gmin step
Trying gmin =   3.1623E-07 Note: One successful gmin step
Trying gmin =   5.6234E-08 Warning: Further gmin increment
Trying gmin =   2.0535E-07 Note: One successful gmin step
Trying gmin =   1.0746E-07 Note: One successful gmin step
Trying gmin =   4.0679E-08 Note: One successful gmin step
Trying gmin =   9.4746E-09 Warning: Further gmin increment
Trying gmin =   2.8260E-08 Note: One successful gmin step
Trying gmin =   1.6363E-08 Note: One successful gmin step
Trying gmin =   7.2096E-09 Warning: Further gmin increment
Trying gmin =   1.3331E-08 Note: One successful gmin step
Trying gmin =   9.8038E-09 Note: One successful gmin step
Trying gmin =   6.1826E-09 Warning: Further gmin increment
Trying gmin =   8.7365E-09 Note: One successful gmin step
Trying gmin =   7.3494E-09 Warning: Further gmin increment
Trying gmin =   8.3669E-09 Note: One successful gmin step
Trying gmin =   7.8417E-09 Warning: Further gmin increment
Trying gmin =   8.2324E-09 Note: One successful gmin step
Trying gmin =   8.0347E-09 Note: One successful gmin step
Trying gmin =   7.7469E-09 Note: One successful gmin step
Trying gmin =   7.3345E-09 Note: One successful gmin step
Trying gmin =   6.7567E-09 Note: One successful gmin step
Trying gmin =   5.9742E-09 Note: One successful gmin step
Trying gmin =   4.9671E-09 Note: One successful gmin step
Trying gmin =   3.7656E-09 Note: One successful gmin step
Trying gmin =   2.4856E-09 Note: One successful gmin step
Trying gmin =   1.3330E-09 Note: One successful gmin step
Trying gmin =   5.2348E-10 Note: One successful gmin step
Trying gmin =   1.2883E-10 Note: One successful gmin step
Trying gmin =   1.5730E-11 Note: One successful gmin step
Trying gmin =   1.5730E-12 Note: One successful gmin step
Trying gmin =   1.0000E-12 Note: One successful gmin step
Note: Dynamic gmin stepping completed

No. of Data Rows : 121
Doing analysis at TEMP = 85.000000 and TNOM = 27.000000

Note: Starting dynamic gmin stepping
Trying gmin =   1.0000E-03 Note: One successful gmin step
Trying gmin =   1.0000E-04 Note: One successful gmin step
Trying gmin =   1.0000E-05 Note: One successful gmin step
Trying gmin =   1.0000E-06 Note: One successful gmin step
Trying gmin =   3.1623E-07 Note: One successful gmin step
Trying gmin =   5.6234E-08 Warning: Further gmin increment
Trying gmin =   2.0535E-07 Note: One successful gmin step
Trying gmin =   1.0746E-07 Note: One successful gmin step
Trying gmin =   4.0679E-08 Note: One successful gmin step
Trying gmin =   9.4746E-09 Warning: Further gmin increment
Trying gmin =   2.8260E-08 Note: One successful gmin step
Trying gmin =   1.6363E-08 Note: One successful gmin step
Trying gmin =   7.2096E-09 Warning: Further gmin increment
Trying gmin =   1.3331E-08 Note: One successful gmin step
Trying gmin =   9.8038E-09 Note: One successful gmin step
Trying gmin =   6.1826E-09 Warning: Further gmin increment
Trying gmin =   8.7365E-09 Note: One successful gmin step
Trying gmin =   7.3494E-09 Warning: Further gmin increment
Trying gmin =   8.3669E-09 Note: One successful gmin step
Trying gmin =   7.8417E-09 Warning: Further gmin increment
Trying gmin =   8.2324E-09 Note: One successful gmin step
Trying gmin =   8.0347E-09 Note: One successful gmin step
Trying gmin =   7.7469E-09 Note: One successful gmin step
Trying gmin =   7.3345E-09 Note: One successful gmin step
Trying gmin =   6.7567E-09 Note: One successful gmin step
Trying gmin =   5.9742E-09 Note: One successful gmin step
Trying gmin =   4.9671E-09 Note: One successful gmin step
Trying gmin =   3.7656E-09 Note: One successful gmin step
Trying gmin =   2.4856E-09 Note: One successful gmin step
Trying gmin =   1.3330E-09 Note: One successful gmin step
Trying gmin =   5.2348E-10 Note: One successful gmin step
Trying gmin =   1.2883E-10 Note: One successful gmin step
Trying gmin =   1.5730E-11 Note: One successful gmin step
Trying gmin =   1.5730E-12 Note: One successful gmin step
Trying gmin =   1.0000E-12 Note: One successful gmin step
Note: Dynamic gmin stepping completed

No. of Data Rows : 121
Doing analysis at TEMP = 85.000000 and TNOM = 27.000000

Note: Starting dynamic gmin stepping
Trying gmin =   1.0000E-03 Note: One successful gmin step
Trying gmin =   1.0000E-04 Note: One successful gmin step
Trying gmin =   1.0000E-05 Note: One successful gmin step
Trying gmin =   1.0000E-06 Note: One successful gmin step
Trying gmin =   3.1623E-07 Note: One successful gmin step
Trying gmin =   5.6234E-08 Warning: Further gmin increment
Trying gmin =   2.0535E-07 Note: One successful gmin step
Trying gmin =   1.0746E-07 Note: One successful gmin step
Trying gmin =   4.0679E-08 Note: One successful gmin step
Trying gmin =   9.4746E-09 Warning: Further gmin increment
Trying gmin =   2.8260E-08 Note: One successful gmin step
Trying gmin =   1.6363E-08 Note: One successful gmin step
Trying gmin =   7.2096E-09 Warning: Further gmin increment
Trying gmin =   1.3331E-08 Note: One successful gmin step
Trying gmin =   9.8038E-09 Note: One successful gmin step
Trying gmin =   6.1826E-09 Warning: Further gmin increment
Trying gmin =   8.7365E-09 Note: One successful gmin step
Trying gmin =   7.3494E-09 Warning: Further gmin increment
Trying gmin =   8.3669E-09 Note: One successful gmin step
Trying gmin =   7.8417E-09 Warning: Further gmin increment
Trying gmin =   8.2324E-09 Note: One successful gmin step
Trying gmin =   8.0347E-09 Note: One successful gmin step
Trying gmin =   7.7469E-09 Note: One successful gmin step
Trying gmin =   7.3345E-09 Note: One successful gmin step
Trying gmin =   6.7567E-09 Note: One successful gmin step
Trying gmin =   5.9742E-09 Note: One successful gmin step
Trying gmin =   4.9671E-09 Note: One successful gmin step
Trying gmin =   3.7656E-09 Note: One successful gmin step
Trying gmin =   2.4856E-09 Note: One successful gmin step
Trying gmin =   1.3330E-09 Note: One successful gmin step
Trying gmin =   5.2348E-10 Note: One successful gmin step
Trying gmin =   1.2883E-10 Note: One successful gmin step
Trying gmin =   1.5730E-11 Note: One successful gmin step
Trying gmin =   1.5730E-12 Note: One successful gmin step
Trying gmin =   1.0000E-12 Note: One successful gmin step
Note: Dynamic gmin stepping completed

No. of Data Rows : 121
av0p1hz             =  1.005266e+02
gbw                 =  2.275244e+06

Error: measure  pm180  when(WHEN) : out of interval
 meas ac pm180 when ph=-180 failed!

pm                  =  6.842237e+01

Error: measure  gm  find(FIND) : bad syntax of WHEN
 meas ac gm find av at=pm180 failed!

cmrr0p1hz           =  9.793714e+01
psrr0p1hz           =  7.446724e+01
ERROR: (internal)  This operation is not defined for display type PrinterOnly.
Can't open viewport for graphics.
ERROR: (internal)  This operation is not defined for display type PrinterOnly.
Can't open viewport for graphics.
idd = -2.93457e-04
vos = 6.742834e-04
binary raw file "./out/sp20.raw"
Doing analysis at TEMP = 85.000000 and TNOM = 27.000000

OP information in rawfile.

Total analysis time (seconds) = 447.134

Total elapsed time (seconds) = 495.829 

Total DRAM available = 7841.875 MB.
DRAM currently available =  454.711 MB.
Maximum ngspice program size = 2147.797 MB.
Current ngspice program size = 2129.746 MB.

Shared ngspice pages =   10.719 MB.
Text (code) pages =    5.461 MB.
Stack = 0 bytes.
Library pages = 2127.352 MB.

