
Note: Compatibility modes selected: hs a


Circuit: * num: 21 corner: sf vdd: 5.5 temp: 85

option SCALE: Scale is set to 1e-06 for instance and model parameters
option SCALE: Scale is set to 1e-06 for instance and model parameters
option SCALE: Scale is set to 1e-06 for instance and model parameters
option SCALE: Scale is set to 1e-06 for instance and model parameters
Warning: Model issue on line 0 :
  .model sky130_fd_pr__res_generic_m4 r tc1=    3.424000000000000e-03      ...
unrecognized parameter (tref) - ignored
Doing analysis at TEMP = 85.000000 and TNOM = 27.000000

Note: Starting dynamic gmin stepping
Trying gmin =   1.0000E-03 Note: One successful gmin step
Trying gmin =   1.0000E-04 Note: One successful gmin step
Trying gmin =   1.0000E-05 Note: One successful gmin step
Trying gmin =   1.0000E-06 Note: One successful gmin step
Trying gmin =   1.0000E-07 Note: One successful gmin step
Trying gmin =   3.1623E-08 Note: One successful gmin step
Trying gmin =   5.6234E-09 Warning: Further gmin increment
Trying gmin =   2.0535E-08 Note: One successful gmin step
Trying gmin =   1.0746E-08 Note: One successful gmin step
Trying gmin =   4.0679E-09 Warning: Further gmin increment
Trying gmin =   8.4291E-09 Warning: Further gmin increment
Trying gmin =   1.0113E-08 Note: One successful gmin step
Trying gmin =   9.2328E-09 Note: One successful gmin step
Trying gmin =   8.0539E-09 Warning: Further gmin increment
Trying gmin =   8.9228E-09 Note: One successful gmin step
Trying gmin =   8.4772E-09 Note: One successful gmin step
Trying gmin =   7.8502E-09 Note: One successful gmin step
Trying gmin =   7.5543E-09 Note: One successful gmin step
Trying gmin =   7.1313E-09 Note: One successful gmin step
Trying gmin =   6.5407E-09 Note: One successful gmin step
Trying gmin =   5.7453E-09 Note: One successful gmin step
Trying gmin =   4.7298E-09 Note: One successful gmin step
Trying gmin =   3.5329E-09 Note: One successful gmin step
Trying gmin =   2.2808E-09 Note: One successful gmin step
Trying gmin =   1.1830E-09 Note: One successful gmin step
Trying gmin =   4.4194E-10 Note: One successful gmin step
Trying gmin =   1.0091E-10 Note: One successful gmin step
Trying gmin =   1.1009E-11 Note: One successful gmin step
Trying gmin =   1.1009E-12 Note: One successful gmin step
Trying gmin =   1.0000E-12 Note: One successful gmin step
Note: Dynamic gmin stepping completed

No. of Data Rows : 1
Doing analysis at TEMP = 85.000000 and TNOM = 27.000000

Note: Starting dynamic gmin stepping
Trying gmin =   1.0000E-03 Note: One successful gmin step
Trying gmin =   1.0000E-04 Note: One successful gmin step
Trying gmin =   1.0000E-05 Note: One successful gmin step
Trying gmin =   1.0000E-06 Note: One successful gmin step
Trying gmin =   1.0000E-07 Note: One successful gmin step
Trying gmin =   3.1623E-08 Note: One successful gmin step
Trying gmin =   5.6234E-09 Warning: Further gmin increment
Trying gmin =   2.0535E-08 Note: One successful gmin step
Trying gmin =   1.0746E-08 Note: One successful gmin step
Trying gmin =   4.0679E-09 Warning: Further gmin increment
Trying gmin =   8.4291E-09 Warning: Further gmin increment
Trying gmin =   1.0113E-08 Note: One successful gmin step
Trying gmin =   9.2328E-09 Note: One successful gmin step
Trying gmin =   8.0539E-09 Warning: Further gmin increment
Trying gmin =   8.9228E-09 Note: One successful gmin step
Trying gmin =   8.4772E-09 Note: One successful gmin step
Trying gmin =   7.8502E-09 Note: One successful gmin step
Trying gmin =   7.5543E-09 Note: One successful gmin step
Trying gmin =   7.1313E-09 Note: One successful gmin step
Trying gmin =   6.5407E-09 Note: One successful gmin step
Trying gmin =   5.7453E-09 Note: One successful gmin step
Trying gmin =   4.7298E-09 Note: One successful gmin step
Trying gmin =   3.5329E-09 Note: One successful gmin step
Trying gmin =   2.2808E-09 Note: One successful gmin step
Trying gmin =   1.1830E-09 Note: One successful gmin step
Trying gmin =   4.4194E-10 Note: One successful gmin step
Trying gmin =   1.0091E-10 Note: One successful gmin step
Trying gmin =   1.1009E-11 Note: One successful gmin step
Trying gmin =   1.1009E-12 Note: One successful gmin step
Trying gmin =   1.0000E-12 Note: One successful gmin step
Note: Dynamic gmin stepping completed

No. of Data Rows : 121
Doing analysis at TEMP = 85.000000 and TNOM = 27.000000

Note: Starting dynamic gmin stepping
Trying gmin =   1.0000E-03 Note: One successful gmin step
Trying gmin =   1.0000E-04 Note: One successful gmin step
Trying gmin =   1.0000E-05 Note: One successful gmin step
Trying gmin =   1.0000E-06 Note: One successful gmin step
Trying gmin =   1.0000E-07 Note: One successful gmin step
Trying gmin =   3.1623E-08 Note: One successful gmin step
Trying gmin =   5.6234E-09 Warning: Further gmin increment
Trying gmin =   2.0535E-08 Note: One successful gmin step
Trying gmin =   1.0746E-08 Note: One successful gmin step
Trying gmin =   4.0679E-09 Warning: Further gmin increment
Trying gmin =   8.4291E-09 Warning: Further gmin increment
Trying gmin =   1.0113E-08 Note: One successful gmin step
Trying gmin =   9.2328E-09 Note: One successful gmin step
Trying gmin =   8.0539E-09 Warning: Further gmin increment
Trying gmin =   8.9228E-09 Note: One successful gmin step
Trying gmin =   8.4772E-09 Note: One successful gmin step
Trying gmin =   7.8502E-09 Note: One successful gmin step
Trying gmin =   7.5543E-09 Note: One successful gmin step
Trying gmin =   7.1313E-09 Note: One successful gmin step
Trying gmin =   6.5407E-09 Note: One successful gmin step
Trying gmin =   5.7453E-09 Note: One successful gmin step
Trying gmin =   4.7298E-09 Note: One successful gmin step
Trying gmin =   3.5329E-09 Note: One successful gmin step
Trying gmin =   2.2808E-09 Note: One successful gmin step
Trying gmin =   1.1830E-09 Note: One successful gmin step
Trying gmin =   4.4194E-10 Note: One successful gmin step
Trying gmin =   1.0091E-10 Note: One successful gmin step
Trying gmin =   1.1009E-11 Note: One successful gmin step
Trying gmin =   1.1009E-12 Note: One successful gmin step
Trying gmin =   1.0000E-12 Note: One successful gmin step
Note: Dynamic gmin stepping completed

No. of Data Rows : 121
Doing analysis at TEMP = 85.000000 and TNOM = 27.000000

Note: Starting dynamic gmin stepping
Trying gmin =   1.0000E-03 Note: One successful gmin step
Trying gmin =   1.0000E-04 Note: One successful gmin step
Trying gmin =   1.0000E-05 Note: One successful gmin step
Trying gmin =   1.0000E-06 Note: One successful gmin step
Trying gmin =   1.0000E-07 Note: One successful gmin step
Trying gmin =   3.1623E-08 Note: One successful gmin step
Trying gmin =   5.6234E-09 Warning: Further gmin increment
Trying gmin =   2.0535E-08 Note: One successful gmin step
Trying gmin =   1.0746E-08 Note: One successful gmin step
Trying gmin =   4.0679E-09 Warning: Further gmin increment
Trying gmin =   8.4291E-09 Warning: Further gmin increment
Trying gmin =   1.0113E-08 Note: One successful gmin step
Trying gmin =   9.2328E-09 Note: One successful gmin step
Trying gmin =   8.0539E-09 Warning: Further gmin increment
Trying gmin =   8.9228E-09 Note: One successful gmin step
Trying gmin =   8.4772E-09 Note: One successful gmin step
Trying gmin =   7.8502E-09 Note: One successful gmin step
Trying gmin =   7.5543E-09 Note: One successful gmin step
Trying gmin =   7.1313E-09 Note: One successful gmin step
Trying gmin =   6.5407E-09 Note: One successful gmin step
Trying gmin =   5.7453E-09 Note: One successful gmin step
Trying gmin =   4.7298E-09 Note: One successful gmin step
Trying gmin =   3.5329E-09 Note: One successful gmin step
Trying gmin =   2.2808E-09 Note: One successful gmin step
Trying gmin =   1.1830E-09 Note: One successful gmin step
Trying gmin =   4.4194E-10 Note: One successful gmin step
Trying gmin =   1.0091E-10 Note: One successful gmin step
Trying gmin =   1.1009E-11 Note: One successful gmin step
Trying gmin =   1.1009E-12 Note: One successful gmin step
Trying gmin =   1.0000E-12 Note: One successful gmin step
Note: Dynamic gmin stepping completed

No. of Data Rows : 121
av0p1hz             =  1.035699e+02
gbw                 =  2.268261e+06
pm180               =  1.241976e+08
pm                  =  6.863267e+01
gm                  =  -7.914347e+01
cmrr0p1hz           =  9.844761e+01
psrr0p1hz           =  6.903050e+01
ERROR: (internal)  This operation is not defined for display type PrinterOnly.
Can't open viewport for graphics.
ERROR: (internal)  This operation is not defined for display type PrinterOnly.
Can't open viewport for graphics.
idd = -2.89194e-04
vos = 6.200431e-04
binary raw file "./out/sp21.raw"
Doing analysis at TEMP = 85.000000 and TNOM = 27.000000

OP information in rawfile.

Total analysis time (seconds) = 417.414

Total elapsed time (seconds) = 465.710 

Total DRAM available = 7841.875 MB.
DRAM currently available =  454.559 MB.
Maximum ngspice program size = 2147.543 MB.
Current ngspice program size = 2129.715 MB.

Shared ngspice pages =   10.938 MB.
Text (code) pages =    5.461 MB.
Stack = 0 bytes.
Library pages = 2127.098 MB.

