
Note: Compatibility modes selected: hs a


Circuit: * num: 22 corner: fs vdd: 5.5 temp: 85

option SCALE: Scale is set to 1e-06 for instance and model parameters
option SCALE: Scale is set to 1e-06 for instance and model parameters
option SCALE: Scale is set to 1e-06 for instance and model parameters
option SCALE: Scale is set to 1e-06 for instance and model parameters
Warning: Model issue on line 0 :
  .model sky130_fd_pr__res_generic_m4 r tc1=    3.424000000000000e-03      ...
unrecognized parameter (tref) - ignored
Doing analysis at TEMP = 85.000000 and TNOM = 27.000000

Note: Starting dynamic gmin stepping
Trying gmin =   1.0000E-03 Note: One successful gmin step
Trying gmin =   1.0000E-04 Note: One successful gmin step
Trying gmin =   1.0000E-05 Note: One successful gmin step
Trying gmin =   1.0000E-06 Note: One successful gmin step
Trying gmin =   3.1623E-07 Note: One successful gmin step
Trying gmin =   5.6234E-08 Note: One successful gmin step
Trying gmin =   1.0000E-08 Warning: Further gmin increment
Trying gmin =   3.6517E-08 Note: One successful gmin step
Trying gmin =   1.9110E-08 Note: One successful gmin step
Trying gmin =   7.2339E-09 Note: One successful gmin step
Trying gmin =   1.6849E-09 Warning: Further gmin increment
Trying gmin =   5.0254E-09 Warning: Further gmin increment
Trying gmin =   6.6043E-09 Warning: Further gmin increment
Trying gmin =   7.0711E-09 Note: One successful gmin step
Trying gmin =   6.8337E-09 Warning: Further gmin increment
Trying gmin =   7.0110E-09 Note: One successful gmin step
Trying gmin =   6.9218E-09 Note: One successful gmin step
Trying gmin =   6.7901E-09 Note: One successful gmin step
Trying gmin =   6.5972E-09 Note: One successful gmin step
Trying gmin =   6.3181E-09 Note: One successful gmin step
Trying gmin =   5.9215E-09 Note: One successful gmin step
Trying gmin =   5.3728E-09 Note: One successful gmin step
Trying gmin =   4.6435E-09 Note: One successful gmin step
Trying gmin =   3.7309E-09 Note: One successful gmin step
Trying gmin =   2.6870E-09 Note: One successful gmin step
Trying gmin =   1.6423E-09 Note: One successful gmin step
Trying gmin =   7.8475E-10 Note: One successful gmin step
Trying gmin =   2.5921E-10 Note: One successful gmin step
Trying gmin =   4.9206E-11 Note: One successful gmin step
Trying gmin =   4.9206E-12 Note: One successful gmin step
Trying gmin =   1.0000E-12 Note: One successful gmin step
Note: Dynamic gmin stepping completed

No. of Data Rows : 1
Doing analysis at TEMP = 85.000000 and TNOM = 27.000000

Note: Starting dynamic gmin stepping
Trying gmin =   1.0000E-03 Note: One successful gmin step
Trying gmin =   1.0000E-04 Note: One successful gmin step
Trying gmin =   1.0000E-05 Note: One successful gmin step
Trying gmin =   1.0000E-06 Note: One successful gmin step
Trying gmin =   3.1623E-07 Note: One successful gmin step
Trying gmin =   5.6234E-08 Note: One successful gmin step
Trying gmin =   1.0000E-08 Warning: Further gmin increment
Trying gmin =   3.6517E-08 Note: One successful gmin step
Trying gmin =   1.9110E-08 Note: One successful gmin step
Trying gmin =   7.2339E-09 Note: One successful gmin step
Trying gmin =   1.6849E-09 Warning: Further gmin increment
Trying gmin =   5.0254E-09 Warning: Further gmin increment
Trying gmin =   6.6043E-09 Warning: Further gmin increment
Trying gmin =   7.0711E-09 Note: One successful gmin step
Trying gmin =   6.8337E-09 Warning: Further gmin increment
Trying gmin =   7.0110E-09 Note: One successful gmin step
Trying gmin =   6.9218E-09 Note: One successful gmin step
Trying gmin =   6.7901E-09 Note: One successful gmin step
Trying gmin =   6.5972E-09 Note: One successful gmin step
Trying gmin =   6.3181E-09 Note: One successful gmin step
Trying gmin =   5.9215E-09 Note: One successful gmin step
Trying gmin =   5.3728E-09 Note: One successful gmin step
Trying gmin =   4.6435E-09 Note: One successful gmin step
Trying gmin =   3.7309E-09 Note: One successful gmin step
Trying gmin =   2.6870E-09 Note: One successful gmin step
Trying gmin =   1.6423E-09 Note: One successful gmin step
Trying gmin =   7.8475E-10 Note: One successful gmin step
Trying gmin =   2.5921E-10 Note: One successful gmin step
Trying gmin =   4.9206E-11 Note: One successful gmin step
Trying gmin =   4.9206E-12 Note: One successful gmin step
Trying gmin =   1.0000E-12 Note: One successful gmin step
Note: Dynamic gmin stepping completed

No. of Data Rows : 121
Doing analysis at TEMP = 85.000000 and TNOM = 27.000000

Note: Starting dynamic gmin stepping
Trying gmin =   1.0000E-03 Note: One successful gmin step
Trying gmin =   1.0000E-04 Note: One successful gmin step
Trying gmin =   1.0000E-05 Note: One successful gmin step
Trying gmin =   1.0000E-06 Note: One successful gmin step
Trying gmin =   3.1623E-07 Note: One successful gmin step
Trying gmin =   5.6234E-08 Note: One successful gmin step
Trying gmin =   1.0000E-08 Warning: Further gmin increment
Trying gmin =   3.6517E-08 Note: One successful gmin step
Trying gmin =   1.9110E-08 Note: One successful gmin step
Trying gmin =   7.2339E-09 Note: One successful gmin step
Trying gmin =   1.6849E-09 Warning: Further gmin increment
Trying gmin =   5.0254E-09 Warning: Further gmin increment
Trying gmin =   6.6043E-09 Warning: Further gmin increment
Trying gmin =   7.0711E-09 Note: One successful gmin step
Trying gmin =   6.8337E-09 Warning: Further gmin increment
Trying gmin =   7.0110E-09 Note: One successful gmin step
Trying gmin =   6.9218E-09 Note: One successful gmin step
Trying gmin =   6.7901E-09 Note: One successful gmin step
Trying gmin =   6.5972E-09 Note: One successful gmin step
Trying gmin =   6.3181E-09 Note: One successful gmin step
Trying gmin =   5.9215E-09 Note: One successful gmin step
Trying gmin =   5.3728E-09 Note: One successful gmin step
Trying gmin =   4.6435E-09 Note: One successful gmin step
Trying gmin =   3.7309E-09 Note: One successful gmin step
Trying gmin =   2.6870E-09 Note: One successful gmin step
Trying gmin =   1.6423E-09 Note: One successful gmin step
Trying gmin =   7.8475E-10 Note: One successful gmin step
Trying gmin =   2.5921E-10 Note: One successful gmin step
Trying gmin =   4.9206E-11 Note: One successful gmin step
Trying gmin =   4.9206E-12 Note: One successful gmin step
Trying gmin =   1.0000E-12 Note: One successful gmin step
Note: Dynamic gmin stepping completed

No. of Data Rows : 121
Doing analysis at TEMP = 85.000000 and TNOM = 27.000000

Note: Starting dynamic gmin stepping
Trying gmin =   1.0000E-03 Note: One successful gmin step
Trying gmin =   1.0000E-04 Note: One successful gmin step
Trying gmin =   1.0000E-05 Note: One successful gmin step
Trying gmin =   1.0000E-06 Note: One successful gmin step
Trying gmin =   3.1623E-07 Note: One successful gmin step
Trying gmin =   5.6234E-08 Note: One successful gmin step
Trying gmin =   1.0000E-08 Warning: Further gmin increment
Trying gmin =   3.6517E-08 Note: One successful gmin step
Trying gmin =   1.9110E-08 Note: One successful gmin step
Trying gmin =   7.2339E-09 Note: One successful gmin step
Trying gmin =   1.6849E-09 Warning: Further gmin increment
Trying gmin =   5.0254E-09 Warning: Further gmin increment
Trying gmin =   6.6043E-09 Warning: Further gmin increment
Trying gmin =   7.0711E-09 Note: One successful gmin step
Trying gmin =   6.8337E-09 Warning: Further gmin increment
Trying gmin =   7.0110E-09 Note: One successful gmin step
Trying gmin =   6.9218E-09 Note: One successful gmin step
Trying gmin =   6.7901E-09 Note: One successful gmin step
Trying gmin =   6.5972E-09 Note: One successful gmin step
Trying gmin =   6.3181E-09 Note: One successful gmin step
Trying gmin =   5.9215E-09 Note: One successful gmin step
Trying gmin =   5.3728E-09 Note: One successful gmin step
Trying gmin =   4.6435E-09 Note: One successful gmin step
Trying gmin =   3.7309E-09 Note: One successful gmin step
Trying gmin =   2.6870E-09 Note: One successful gmin step
Trying gmin =   1.6423E-09 Note: One successful gmin step
Trying gmin =   7.8475E-10 Note: One successful gmin step
Trying gmin =   2.5921E-10 Note: One successful gmin step
Trying gmin =   4.9206E-11 Note: One successful gmin step
Trying gmin =   4.9206E-12 Note: One successful gmin step
Trying gmin =   1.0000E-12 Note: One successful gmin step
Note: Dynamic gmin stepping completed

No. of Data Rows : 121
av0p1hz             =  1.027769e+02
gbw                 =  2.278170e+06

Error: measure  pm180  when(WHEN) : out of interval
 meas ac pm180 when ph=-180 failed!

pm                  =  6.828190e+01

Error: measure  gm  find(FIND) : bad syntax of WHEN
 meas ac gm find av at=pm180 failed!

cmrr0p1hz           =  9.796725e+01
psrr0p1hz           =  7.859059e+01
ERROR: (internal)  This operation is not defined for display type PrinterOnly.
Can't open viewport for graphics.
ERROR: (internal)  This operation is not defined for display type PrinterOnly.
Can't open viewport for graphics.
idd = -2.91824e-04
vos = 6.885231e-04
binary raw file "./out/sp22.raw"
Doing analysis at TEMP = 85.000000 and TNOM = 27.000000

OP information in rawfile.

Total analysis time (seconds) = 423.677

Total elapsed time (seconds) = 474.945 

Total DRAM available = 7841.875 MB.
DRAM currently available =  430.316 MB.
Maximum ngspice program size = 2147.516 MB.
Current ngspice program size = 2129.773 MB.

Shared ngspice pages =   11.023 MB.
Text (code) pages =    5.461 MB.
Stack = 0 bytes.
Library pages = 2127.070 MB.

