
Note: Compatibility modes selected: hs a


Circuit: * num: 24 corner: hh vdd: 5.5 temp: 85

option SCALE: Scale is set to 1e-06 for instance and model parameters
option SCALE: Scale is set to 1e-06 for instance and model parameters
option SCALE: Scale is set to 1e-06 for instance and model parameters
option SCALE: Scale is set to 1e-06 for instance and model parameters
Warning: Model issue on line 0 :
  .model sky130_fd_pr__res_generic_m4 r tc1=    3.424000000000000e-03      ...
unrecognized parameter (tref) - ignored
Doing analysis at TEMP = 85.000000 and TNOM = 27.000000

Note: Starting dynamic gmin stepping
Trying gmin =   1.0000E-03 Note: One successful gmin step
Trying gmin =   1.0000E-04 Note: One successful gmin step
Trying gmin =   1.0000E-05 Note: One successful gmin step
Trying gmin =   1.0000E-06 Warning: Further gmin increment
Trying gmin =   5.6234E-06 Note: One successful gmin step
Trying gmin =   2.3714E-06 Note: One successful gmin step
Trying gmin =   1.0000E-06 Note: One successful gmin step
Trying gmin =   2.7384E-07 Note: One successful gmin step
Trying gmin =   3.9242E-08 Warning: Further gmin increment
Trying gmin =   1.6849E-07 Note: One successful gmin step
Trying gmin =   8.1312E-08 Note: One successful gmin step
Trying gmin =   2.7261E-08 Note: One successful gmin step
Trying gmin =   5.2922E-09 Warning: Further gmin increment
Trying gmin =   1.8095E-08 Note: One successful gmin step
Trying gmin =   9.7859E-09 Note: One successful gmin step
Trying gmin =   3.8918E-09 Warning: Further gmin increment
Trying gmin =   7.7712E-09 Note: One successful gmin step
Trying gmin =   6.1713E-09 Warning: Further gmin increment
Trying gmin =   7.3360E-09 Warning: Further gmin increment
Trying gmin =   7.6600E-09 Note: One successful gmin step
Trying gmin =   7.4963E-09 Note: One successful gmin step
Trying gmin =   7.2572E-09 Note: One successful gmin step
Trying gmin =   6.9127E-09 Note: One successful gmin step
Trying gmin =   6.4265E-09 Note: One successful gmin step
Trying gmin =   5.7605E-09 Note: One successful gmin step
Trying gmin =   4.8886E-09 Note: One successful gmin step
Trying gmin =   3.8219E-09 Note: One successful gmin step
Trying gmin =   2.6419E-09 Note: One successful gmin step
Trying gmin =   1.5184E-09 Note: One successful gmin step
Trying gmin =   6.6155E-10 Note: One successful gmin step
Trying gmin =   1.9026E-10 Note: One successful gmin step
Trying gmin =   2.9343E-11 Note: One successful gmin step
Trying gmin =   2.9343E-12 Note: One successful gmin step
Trying gmin =   1.0000E-12 Note: One successful gmin step
Note: Dynamic gmin stepping completed

No. of Data Rows : 1
Doing analysis at TEMP = 85.000000 and TNOM = 27.000000

Note: Starting dynamic gmin stepping
Trying gmin =   1.0000E-03 Note: One successful gmin step
Trying gmin =   1.0000E-04 Note: One successful gmin step
Trying gmin =   1.0000E-05 Note: One successful gmin step
Trying gmin =   1.0000E-06 Warning: Further gmin increment
Trying gmin =   5.6234E-06 Note: One successful gmin step
Trying gmin =   2.3714E-06 Note: One successful gmin step
Trying gmin =   1.0000E-06 Note: One successful gmin step
Trying gmin =   2.7384E-07 Note: One successful gmin step
Trying gmin =   3.9242E-08 Warning: Further gmin increment
Trying gmin =   1.6849E-07 Note: One successful gmin step
Trying gmin =   8.1312E-08 Note: One successful gmin step
Trying gmin =   2.7261E-08 Note: One successful gmin step
Trying gmin =   5.2922E-09 Warning: Further gmin increment
Trying gmin =   1.8095E-08 Note: One successful gmin step
Trying gmin =   9.7859E-09 Note: One successful gmin step
Trying gmin =   3.8918E-09 Warning: Further gmin increment
Trying gmin =   7.7712E-09 Note: One successful gmin step
Trying gmin =   6.1713E-09 Warning: Further gmin increment
Trying gmin =   7.3360E-09 Warning: Further gmin increment
Trying gmin =   7.6600E-09 Note: One successful gmin step
Trying gmin =   7.4963E-09 Note: One successful gmin step
Trying gmin =   7.2572E-09 Note: One successful gmin step
Trying gmin =   6.9127E-09 Note: One successful gmin step
Trying gmin =   6.4265E-09 Note: One successful gmin step
Trying gmin =   5.7605E-09 Note: One successful gmin step
Trying gmin =   4.8886E-09 Note: One successful gmin step
Trying gmin =   3.8219E-09 Note: One successful gmin step
Trying gmin =   2.6419E-09 Note: One successful gmin step
Trying gmin =   1.5184E-09 Note: One successful gmin step
Trying gmin =   6.6155E-10 Note: One successful gmin step
Trying gmin =   1.9026E-10 Note: One successful gmin step
Trying gmin =   2.9343E-11 Note: One successful gmin step
Trying gmin =   2.9343E-12 Note: One successful gmin step
Trying gmin =   1.0000E-12 Note: One successful gmin step
Note: Dynamic gmin stepping completed

No. of Data Rows : 121
Doing analysis at TEMP = 85.000000 and TNOM = 27.000000

Note: Starting dynamic gmin stepping
Trying gmin =   1.0000E-03 Note: One successful gmin step
Trying gmin =   1.0000E-04 Note: One successful gmin step
Trying gmin =   1.0000E-05 Note: One successful gmin step
Trying gmin =   1.0000E-06 Warning: Further gmin increment
Trying gmin =   5.6234E-06 Note: One successful gmin step
Trying gmin =   2.3714E-06 Note: One successful gmin step
Trying gmin =   1.0000E-06 Note: One successful gmin step
Trying gmin =   2.7384E-07 Note: One successful gmin step
Trying gmin =   3.9242E-08 Warning: Further gmin increment
Trying gmin =   1.6849E-07 Note: One successful gmin step
Trying gmin =   8.1312E-08 Note: One successful gmin step
Trying gmin =   2.7261E-08 Note: One successful gmin step
Trying gmin =   5.2922E-09 Warning: Further gmin increment
Trying gmin =   1.8095E-08 Note: One successful gmin step
Trying gmin =   9.7859E-09 Note: One successful gmin step
Trying gmin =   3.8918E-09 Warning: Further gmin increment
Trying gmin =   7.7712E-09 Note: One successful gmin step
Trying gmin =   6.1713E-09 Warning: Further gmin increment
Trying gmin =   7.3360E-09 Warning: Further gmin increment
Trying gmin =   7.6600E-09 Note: One successful gmin step
Trying gmin =   7.4963E-09 Note: One successful gmin step
Trying gmin =   7.2572E-09 Note: One successful gmin step
Trying gmin =   6.9127E-09 Note: One successful gmin step
Trying gmin =   6.4265E-09 Note: One successful gmin step
Trying gmin =   5.7605E-09 Note: One successful gmin step
Trying gmin =   4.8886E-09 Note: One successful gmin step
Trying gmin =   3.8219E-09 Note: One successful gmin step
Trying gmin =   2.6419E-09 Note: One successful gmin step
Trying gmin =   1.5184E-09 Note: One successful gmin step
Trying gmin =   6.6155E-10 Note: One successful gmin step
Trying gmin =   1.9026E-10 Note: One successful gmin step
Trying gmin =   2.9343E-11 Note: One successful gmin step
Trying gmin =   2.9343E-12 Note: One successful gmin step
Trying gmin =   1.0000E-12 Note: One successful gmin step
Note: Dynamic gmin stepping completed

No. of Data Rows : 121
Doing analysis at TEMP = 85.000000 and TNOM = 27.000000

Note: Starting dynamic gmin stepping
Trying gmin =   1.0000E-03 Note: One successful gmin step
Trying gmin =   1.0000E-04 Note: One successful gmin step
Trying gmin =   1.0000E-05 Note: One successful gmin step
Trying gmin =   1.0000E-06 Warning: Further gmin increment
Trying gmin =   5.6234E-06 Note: One successful gmin step
Trying gmin =   2.3714E-06 Note: One successful gmin step
Trying gmin =   1.0000E-06 Note: One successful gmin step
Trying gmin =   2.7384E-07 Note: One successful gmin step
Trying gmin =   3.9242E-08 Warning: Further gmin increment
Trying gmin =   1.6849E-07 Note: One successful gmin step
Trying gmin =   8.1312E-08 Note: One successful gmin step
Trying gmin =   2.7261E-08 Note: One successful gmin step
Trying gmin =   5.2922E-09 Warning: Further gmin increment
Trying gmin =   1.8095E-08 Note: One successful gmin step
Trying gmin =   9.7859E-09 Note: One successful gmin step
Trying gmin =   3.8918E-09 Warning: Further gmin increment
Trying gmin =   7.7712E-09 Note: One successful gmin step
Trying gmin =   6.1713E-09 Warning: Further gmin increment
Trying gmin =   7.3360E-09 Warning: Further gmin increment
Trying gmin =   7.6600E-09 Note: One successful gmin step
Trying gmin =   7.4963E-09 Note: One successful gmin step
Trying gmin =   7.2572E-09 Note: One successful gmin step
Trying gmin =   6.9127E-09 Note: One successful gmin step
Trying gmin =   6.4265E-09 Note: One successful gmin step
Trying gmin =   5.7605E-09 Note: One successful gmin step
Trying gmin =   4.8886E-09 Note: One successful gmin step
Trying gmin =   3.8219E-09 Note: One successful gmin step
Trying gmin =   2.6419E-09 Note: One successful gmin step
Trying gmin =   1.5184E-09 Note: One successful gmin step
Trying gmin =   6.6155E-10 Note: One successful gmin step
Trying gmin =   1.9026E-10 Note: One successful gmin step
Trying gmin =   2.9343E-11 Note: One successful gmin step
Trying gmin =   2.9343E-12 Note: One successful gmin step
Trying gmin =   1.0000E-12 Note: One successful gmin step
Note: Dynamic gmin stepping completed

No. of Data Rows : 121
av0p1hz             =  1.031200e+02
gbw                 =  2.050843e+06

Error: measure  pm180  when(WHEN) : out of interval
 meas ac pm180 when ph=-180 failed!

pm                  =  7.166453e+01

Error: measure  gm  find(FIND) : bad syntax of WHEN
 meas ac gm find av at=pm180 failed!

cmrr0p1hz           =  9.866679e+01
psrr0p1hz           =  7.524939e+01
ERROR: (internal)  This operation is not defined for display type PrinterOnly.
Can't open viewport for graphics.
ERROR: (internal)  This operation is not defined for display type PrinterOnly.
Can't open viewport for graphics.
idd = -2.90359e-04
vos = 6.222112e-04
binary raw file "./out/sp24.raw"
Doing analysis at TEMP = 85.000000 and TNOM = 27.000000

OP information in rawfile.

Total analysis time (seconds) = 438.948

Total elapsed time (seconds) = 487.866 

Total DRAM available = 7841.875 MB.
DRAM currently available =  432.051 MB.
Maximum ngspice program size = 2147.504 MB.
Current ngspice program size = 2129.438 MB.

Shared ngspice pages =   10.695 MB.
Text (code) pages =    5.461 MB.
Stack = 0 bytes.
Library pages = 2127.059 MB.

