
Note: Compatibility modes selected: hs a


Circuit: * num: 3 corner: sf vdd: 3.0 temp: -40

option SCALE: Scale is set to 1e-06 for instance and model parameters
option SCALE: Scale is set to 1e-06 for instance and model parameters
option SCALE: Scale is set to 1e-06 for instance and model parameters
option SCALE: Scale is set to 1e-06 for instance and model parameters
Warning: Model issue on line 0 :
  .model sky130_fd_pr__res_generic_m4 r tc1=    3.424000000000000e-03      ...
unrecognized parameter (tref) - ignored
Doing analysis at TEMP = -40.000000 and TNOM = 27.000000

Note: Starting dynamic gmin stepping
Trying gmin =   1.0000E-03 Note: One successful gmin step
Trying gmin =   1.0000E-04 Note: One successful gmin step
Trying gmin =   1.0000E-05 Note: One successful gmin step
Trying gmin =   1.0000E-06 Note: One successful gmin step
Trying gmin =   1.0000E-07 Note: One successful gmin step
Trying gmin =   1.0000E-08 Warning: Further gmin increment
Trying gmin =   5.6234E-08 Note: One successful gmin step
Trying gmin =   2.3714E-08 Note: One successful gmin step
Trying gmin =   6.4938E-09 Warning: Further gmin increment
Trying gmin =   1.7154E-08 Note: One successful gmin step
Trying gmin =   1.0554E-08 Warning: Further gmin increment
Trying gmin =   1.5193E-08 Note: One successful gmin step
Trying gmin =   1.2663E-08 Note: One successful gmin step
Trying gmin =   9.6358E-09 Note: One successful gmin step
Trying gmin =   6.3960E-09 Warning: Further gmin increment
Trying gmin =   8.6975E-09 Note: One successful gmin step
Trying gmin =   7.4585E-09 Note: One successful gmin step
Trying gmin =   5.9229E-09 Note: One successful gmin step
Trying gmin =   4.1915E-09 Note: One successful gmin step
Trying gmin =   2.4952E-09 Note: One successful gmin step
Trying gmin =   1.1461E-09 Note: One successful gmin step
Trying gmin =   3.5679E-10 Note: One successful gmin step
Trying gmin =   6.1970E-11 Note: One successful gmin step
Trying gmin =   6.1970E-12 Note: One successful gmin step
Trying gmin =   1.0000E-12 Note: One successful gmin step
Note: Dynamic gmin stepping completed

No. of Data Rows : 1
Doing analysis at TEMP = -40.000000 and TNOM = 27.000000

Note: Starting dynamic gmin stepping
Trying gmin =   1.0000E-03 Note: One successful gmin step
Trying gmin =   1.0000E-04 Note: One successful gmin step
Trying gmin =   1.0000E-05 Note: One successful gmin step
Trying gmin =   1.0000E-06 Note: One successful gmin step
Trying gmin =   1.0000E-07 Note: One successful gmin step
Trying gmin =   1.0000E-08 Warning: Further gmin increment
Trying gmin =   5.6234E-08 Note: One successful gmin step
Trying gmin =   2.3714E-08 Note: One successful gmin step
Trying gmin =   6.4938E-09 Warning: Further gmin increment
Trying gmin =   1.7154E-08 Note: One successful gmin step
Trying gmin =   1.0554E-08 Warning: Further gmin increment
Trying gmin =   1.5193E-08 Note: One successful gmin step
Trying gmin =   1.2663E-08 Note: One successful gmin step
Trying gmin =   9.6358E-09 Note: One successful gmin step
Trying gmin =   6.3960E-09 Warning: Further gmin increment
Trying gmin =   8.6975E-09 Note: One successful gmin step
Trying gmin =   7.4585E-09 Note: One successful gmin step
Trying gmin =   5.9229E-09 Note: One successful gmin step
Trying gmin =   4.1915E-09 Note: One successful gmin step
Trying gmin =   2.4952E-09 Note: One successful gmin step
Trying gmin =   1.1461E-09 Note: One successful gmin step
Trying gmin =   3.5679E-10 Note: One successful gmin step
Trying gmin =   6.1970E-11 Note: One successful gmin step
Trying gmin =   6.1970E-12 Note: One successful gmin step
Trying gmin =   1.0000E-12 Note: One successful gmin step
Note: Dynamic gmin stepping completed

No. of Data Rows : 121
Doing analysis at TEMP = -40.000000 and TNOM = 27.000000

Note: Starting dynamic gmin stepping
Trying gmin =   1.0000E-03 Note: One successful gmin step
Trying gmin =   1.0000E-04 Note: One successful gmin step
Trying gmin =   1.0000E-05 Note: One successful gmin step
Trying gmin =   1.0000E-06 Note: One successful gmin step
Trying gmin =   1.0000E-07 Note: One successful gmin step
Trying gmin =   1.0000E-08 Warning: Further gmin increment
Trying gmin =   5.6234E-08 Note: One successful gmin step
Trying gmin =   2.3714E-08 Note: One successful gmin step
Trying gmin =   6.4938E-09 Warning: Further gmin increment
Trying gmin =   1.7154E-08 Note: One successful gmin step
Trying gmin =   1.0554E-08 Warning: Further gmin increment
Trying gmin =   1.5193E-08 Note: One successful gmin step
Trying gmin =   1.2663E-08 Note: One successful gmin step
Trying gmin =   9.6358E-09 Note: One successful gmin step
Trying gmin =   6.3960E-09 Warning: Further gmin increment
Trying gmin =   8.6975E-09 Note: One successful gmin step
Trying gmin =   7.4585E-09 Note: One successful gmin step
Trying gmin =   5.9229E-09 Note: One successful gmin step
Trying gmin =   4.1915E-09 Note: One successful gmin step
Trying gmin =   2.4952E-09 Note: One successful gmin step
Trying gmin =   1.1461E-09 Note: One successful gmin step
Trying gmin =   3.5679E-10 Note: One successful gmin step
Trying gmin =   6.1970E-11 Note: One successful gmin step
Trying gmin =   6.1970E-12 Note: One successful gmin step
Trying gmin =   1.0000E-12 Note: One successful gmin step
Note: Dynamic gmin stepping completed

No. of Data Rows : 121
Doing analysis at TEMP = -40.000000 and TNOM = 27.000000

Note: Starting dynamic gmin stepping
Trying gmin =   1.0000E-03 Note: One successful gmin step
Trying gmin =   1.0000E-04 Note: One successful gmin step
Trying gmin =   1.0000E-05 Note: One successful gmin step
Trying gmin =   1.0000E-06 Note: One successful gmin step
Trying gmin =   1.0000E-07 Note: One successful gmin step
Trying gmin =   1.0000E-08 Warning: Further gmin increment
Trying gmin =   5.6234E-08 Note: One successful gmin step
Trying gmin =   2.3714E-08 Note: One successful gmin step
Trying gmin =   6.4938E-09 Warning: Further gmin increment
Trying gmin =   1.7154E-08 Note: One successful gmin step
Trying gmin =   1.0554E-08 Warning: Further gmin increment
Trying gmin =   1.5193E-08 Note: One successful gmin step
Trying gmin =   1.2663E-08 Note: One successful gmin step
Trying gmin =   9.6358E-09 Note: One successful gmin step
Trying gmin =   6.3960E-09 Warning: Further gmin increment
Trying gmin =   8.6975E-09 Note: One successful gmin step
Trying gmin =   7.4585E-09 Note: One successful gmin step
Trying gmin =   5.9229E-09 Note: One successful gmin step
Trying gmin =   4.1915E-09 Note: One successful gmin step
Trying gmin =   2.4952E-09 Note: One successful gmin step
Trying gmin =   1.1461E-09 Note: One successful gmin step
Trying gmin =   3.5679E-10 Note: One successful gmin step
Trying gmin =   6.1970E-11 Note: One successful gmin step
Trying gmin =   6.1970E-12 Note: One successful gmin step
Trying gmin =   1.0000E-12 Note: One successful gmin step
Note: Dynamic gmin stepping completed

No. of Data Rows : 121
av0p1hz             =  1.098979e+02
gbw                 =  3.021370e+06
pm180               =  1.132601e+08
pm                  =  6.968412e+01
gm                  =  -6.104470e+01
cmrr0p1hz           =  9.118976e+01
psrr0p1hz           =  4.879974e+01
ERROR: (internal)  This operation is not defined for display type PrinterOnly.
Can't open viewport for graphics.
ERROR: (internal)  This operation is not defined for display type PrinterOnly.
Can't open viewport for graphics.
idd = -2.61077e-04
vos = -7.66541e-04
binary raw file "./out/sp3.raw"
Doing analysis at TEMP = -40.000000 and TNOM = 27.000000

OP information in rawfile.

Total analysis time (seconds) = 375.782

Total elapsed time (seconds) = 430.728 

Total DRAM available = 7841.875 MB.
DRAM currently available =  492.867 MB.
Maximum ngspice program size = 2147.543 MB.
Current ngspice program size = 2129.676 MB.

Shared ngspice pages =   10.902 MB.
Text (code) pages =    5.461 MB.
Stack = 0 bytes.
Library pages = 2127.098 MB.

