
Note: Compatibility modes selected: hs a


Circuit: * num: 4 corner: fs vdd: 3.0 temp: -40

option SCALE: Scale is set to 1e-06 for instance and model parameters
option SCALE: Scale is set to 1e-06 for instance and model parameters
option SCALE: Scale is set to 1e-06 for instance and model parameters
option SCALE: Scale is set to 1e-06 for instance and model parameters
Warning: Model issue on line 0 :
  .model sky130_fd_pr__res_generic_m4 r tc1=    3.424000000000000e-03      ...
unrecognized parameter (tref) - ignored
Doing analysis at TEMP = -40.000000 and TNOM = 27.000000

Note: Starting dynamic gmin stepping
Trying gmin =   1.0000E-03 Note: One successful gmin step
Trying gmin =   1.0000E-04 Note: One successful gmin step
Trying gmin =   1.0000E-05 Note: One successful gmin step
Trying gmin =   1.0000E-06 Note: One successful gmin step
Trying gmin =   1.0000E-07 Note: One successful gmin step
Trying gmin =   1.0000E-08 Warning: Further gmin increment
Trying gmin =   5.6234E-08 Note: One successful gmin step
Trying gmin =   2.3714E-08 Note: One successful gmin step
Trying gmin =   6.4938E-09 Warning: Further gmin increment
Trying gmin =   1.7154E-08 Note: One successful gmin step
Trying gmin =   1.0554E-08 Note: One successful gmin step
Trying gmin =   6.4938E-09 Warning: Further gmin increment
Trying gmin =   9.3477E-09 Note: One successful gmin step
Trying gmin =   7.7911E-09 Note: One successful gmin step
Trying gmin =   5.9286E-09 Warning: Further gmin increment
Trying gmin =   7.2768E-09 Warning: Further gmin increment
Trying gmin =   7.6592E-09 Note: One successful gmin step
Trying gmin =   7.4656E-09 Note: One successful gmin step
Trying gmin =   7.1842E-09 Note: One successful gmin step
Trying gmin =   6.7819E-09 Note: One successful gmin step
Trying gmin =   6.2202E-09 Note: One successful gmin step
Trying gmin =   5.4638E-09 Note: One successful gmin step
Trying gmin =   4.4980E-09 Note: One successful gmin step
Trying gmin =   3.3598E-09 Note: One successful gmin step
Trying gmin =   2.1690E-09 Note: One successful gmin step
Trying gmin =   1.1250E-09 Note: One successful gmin step
Trying gmin =   4.2028E-10 Note: One successful gmin step
Trying gmin =   9.5961E-11 Note: One successful gmin step
Trying gmin =   1.0469E-11 Note: One successful gmin step
Trying gmin =   1.0469E-12 Note: One successful gmin step
Trying gmin =   1.0000E-12 Note: One successful gmin step
Note: Dynamic gmin stepping completed

No. of Data Rows : 1
Doing analysis at TEMP = -40.000000 and TNOM = 27.000000

Note: Starting dynamic gmin stepping
Trying gmin =   1.0000E-03 Note: One successful gmin step
Trying gmin =   1.0000E-04 Note: One successful gmin step
Trying gmin =   1.0000E-05 Note: One successful gmin step
Trying gmin =   1.0000E-06 Note: One successful gmin step
Trying gmin =   1.0000E-07 Note: One successful gmin step
Trying gmin =   1.0000E-08 Warning: Further gmin increment
Trying gmin =   5.6234E-08 Note: One successful gmin step
Trying gmin =   2.3714E-08 Note: One successful gmin step
Trying gmin =   6.4938E-09 Warning: Further gmin increment
Trying gmin =   1.7154E-08 Note: One successful gmin step
Trying gmin =   1.0554E-08 Note: One successful gmin step
Trying gmin =   6.4938E-09 Warning: Further gmin increment
Trying gmin =   9.3477E-09 Note: One successful gmin step
Trying gmin =   7.7911E-09 Note: One successful gmin step
Trying gmin =   5.9286E-09 Warning: Further gmin increment
Trying gmin =   7.2768E-09 Warning: Further gmin increment
Trying gmin =   7.6592E-09 Note: One successful gmin step
Trying gmin =   7.4656E-09 Note: One successful gmin step
Trying gmin =   7.1842E-09 Note: One successful gmin step
Trying gmin =   6.7819E-09 Note: One successful gmin step
Trying gmin =   6.2202E-09 Note: One successful gmin step
Trying gmin =   5.4638E-09 Note: One successful gmin step
Trying gmin =   4.4980E-09 Note: One successful gmin step
Trying gmin =   3.3598E-09 Note: One successful gmin step
Trying gmin =   2.1690E-09 Note: One successful gmin step
Trying gmin =   1.1250E-09 Note: One successful gmin step
Trying gmin =   4.2028E-10 Note: One successful gmin step
Trying gmin =   9.5961E-11 Note: One successful gmin step
Trying gmin =   1.0469E-11 Note: One successful gmin step
Trying gmin =   1.0469E-12 Note: One successful gmin step
Trying gmin =   1.0000E-12 Note: One successful gmin step
Note: Dynamic gmin stepping completed

No. of Data Rows : 121
Doing analysis at TEMP = -40.000000 and TNOM = 27.000000

Note: Starting dynamic gmin stepping
Trying gmin =   1.0000E-03 Note: One successful gmin step
Trying gmin =   1.0000E-04 Note: One successful gmin step
Trying gmin =   1.0000E-05 Note: One successful gmin step
Trying gmin =   1.0000E-06 Note: One successful gmin step
Trying gmin =   1.0000E-07 Note: One successful gmin step
Trying gmin =   1.0000E-08 Warning: Further gmin increment
Trying gmin =   5.6234E-08 Note: One successful gmin step
Trying gmin =   2.3714E-08 Note: One successful gmin step
Trying gmin =   6.4938E-09 Warning: Further gmin increment
Trying gmin =   1.7154E-08 Note: One successful gmin step
Trying gmin =   1.0554E-08 Note: One successful gmin step
Trying gmin =   6.4938E-09 Warning: Further gmin increment
Trying gmin =   9.3477E-09 Note: One successful gmin step
Trying gmin =   7.7911E-09 Note: One successful gmin step
Trying gmin =   5.9286E-09 Warning: Further gmin increment
Trying gmin =   7.2768E-09 Warning: Further gmin increment
Trying gmin =   7.6592E-09 Note: One successful gmin step
Trying gmin =   7.4656E-09 Note: One successful gmin step
Trying gmin =   7.1842E-09 Note: One successful gmin step
Trying gmin =   6.7819E-09 Note: One successful gmin step
Trying gmin =   6.2202E-09 Note: One successful gmin step
Trying gmin =   5.4638E-09 Note: One successful gmin step
Trying gmin =   4.4980E-09 Note: One successful gmin step
Trying gmin =   3.3598E-09 Note: One successful gmin step
Trying gmin =   2.1690E-09 Note: One successful gmin step
Trying gmin =   1.1250E-09 Note: One successful gmin step
Trying gmin =   4.2028E-10 Note: One successful gmin step
Trying gmin =   9.5961E-11 Note: One successful gmin step
Trying gmin =   1.0469E-11 Note: One successful gmin step
Trying gmin =   1.0469E-12 Note: One successful gmin step
Trying gmin =   1.0000E-12 Note: One successful gmin step
Note: Dynamic gmin stepping completed

No. of Data Rows : 121
Doing analysis at TEMP = -40.000000 and TNOM = 27.000000

Note: Starting dynamic gmin stepping
Trying gmin =   1.0000E-03 Note: One successful gmin step
Trying gmin =   1.0000E-04 Note: One successful gmin step
Trying gmin =   1.0000E-05 Note: One successful gmin step
Trying gmin =   1.0000E-06 Note: One successful gmin step
Trying gmin =   1.0000E-07 Note: One successful gmin step
Trying gmin =   1.0000E-08 Warning: Further gmin increment
Trying gmin =   5.6234E-08 Note: One successful gmin step
Trying gmin =   2.3714E-08 Note: One successful gmin step
Trying gmin =   6.4938E-09 Warning: Further gmin increment
Trying gmin =   1.7154E-08 Note: One successful gmin step
Trying gmin =   1.0554E-08 Note: One successful gmin step
Trying gmin =   6.4938E-09 Warning: Further gmin increment
Trying gmin =   9.3477E-09 Note: One successful gmin step
Trying gmin =   7.7911E-09 Note: One successful gmin step
Trying gmin =   5.9286E-09 Warning: Further gmin increment
Trying gmin =   7.2768E-09 Warning: Further gmin increment
Trying gmin =   7.6592E-09 Note: One successful gmin step
Trying gmin =   7.4656E-09 Note: One successful gmin step
Trying gmin =   7.1842E-09 Note: One successful gmin step
Trying gmin =   6.7819E-09 Note: One successful gmin step
Trying gmin =   6.2202E-09 Note: One successful gmin step
Trying gmin =   5.4638E-09 Note: One successful gmin step
Trying gmin =   4.4980E-09 Note: One successful gmin step
Trying gmin =   3.3598E-09 Note: One successful gmin step
Trying gmin =   2.1690E-09 Note: One successful gmin step
Trying gmin =   1.1250E-09 Note: One successful gmin step
Trying gmin =   4.2028E-10 Note: One successful gmin step
Trying gmin =   9.5961E-11 Note: One successful gmin step
Trying gmin =   1.0469E-11 Note: One successful gmin step
Trying gmin =   1.0469E-12 Note: One successful gmin step
Trying gmin =   1.0000E-12 Note: One successful gmin step
Note: Dynamic gmin stepping completed

No. of Data Rows : 121
av0p1hz             =  1.098827e+02
gbw                 =  3.046461e+06
pm180               =  1.362452e+08
pm                  =  6.920465e+01
gm                  =  -6.869217e+01
cmrr0p1hz           =  1.067184e+02
psrr0p1hz           =  6.297610e+01
ERROR: (internal)  This operation is not defined for display type PrinterOnly.
Can't open viewport for graphics.
ERROR: (internal)  This operation is not defined for display type PrinterOnly.
Can't open viewport for graphics.
idd = -2.64106e-04
vos = -3.17395e-04
binary raw file "./out/sp4.raw"
Doing analysis at TEMP = -40.000000 and TNOM = 27.000000

OP information in rawfile.

Total analysis time (seconds) = 411.712

Total elapsed time (seconds) = 460.403 

Total DRAM available = 7841.875 MB.
DRAM currently available =  498.316 MB.
Maximum ngspice program size = 2147.516 MB.
Current ngspice program size = 2129.613 MB.

Shared ngspice pages =   10.867 MB.
Text (code) pages =    5.461 MB.
Stack = 0 bytes.
Library pages = 2127.070 MB.

