
Note: Compatibility modes selected: hs a


Circuit: * num: 7 corner: ss vdd: 3.0 temp: 85

option SCALE: Scale is set to 1e-06 for instance and model parameters
option SCALE: Scale is set to 1e-06 for instance and model parameters
option SCALE: Scale is set to 1e-06 for instance and model parameters
option SCALE: Scale is set to 1e-06 for instance and model parameters
Warning: Model issue on line 0 :
  .model sky130_fd_pr__res_generic_m4 r tc1=    3.424000000000000e-03      ...
unrecognized parameter (tref) - ignored
Doing analysis at TEMP = 85.000000 and TNOM = 27.000000

Note: Starting dynamic gmin stepping
Trying gmin =   1.0000E-03 Note: One successful gmin step
Trying gmin =   1.0000E-04 Note: One successful gmin step
Trying gmin =   1.0000E-05 Note: One successful gmin step
Trying gmin =   1.0000E-06 Note: One successful gmin step
Trying gmin =   3.1623E-07 Note: One successful gmin step
Trying gmin =   5.6234E-08 Note: One successful gmin step
Trying gmin =   5.6234E-09 Warning: Further gmin increment
Trying gmin =   3.1623E-08 Note: One successful gmin step
Trying gmin =   1.3335E-08 Warning: Further gmin increment
Trying gmin =   2.5483E-08 Note: One successful gmin step
Trying gmin =   1.8434E-08 Note: One successful gmin step
Trying gmin =   1.1342E-08 Note: One successful gmin step
Trying gmin =   5.4737E-09 Warning: Further gmin increment
Trying gmin =   9.4534E-09 Note: One successful gmin step
Trying gmin =   7.1934E-09 Warning: Further gmin increment
Trying gmin =   8.8292E-09 Note: One successful gmin step
Trying gmin =   8.2463E-09 Note: One successful gmin step
Trying gmin =   7.4433E-09 Note: One successful gmin step
Trying gmin =   6.3830E-09 Note: One successful gmin step
Trying gmin =   5.0689E-09 Note: One successful gmin step
Trying gmin =   3.5871E-09 Note: One successful gmin step
Trying gmin =   2.1354E-09 Note: One successful gmin step
Trying gmin =   9.8086E-10 Note: One successful gmin step
Trying gmin =   3.0534E-10 Note: One successful gmin step
Trying gmin =   5.3034E-11 Note: One successful gmin step
Trying gmin =   5.3034E-12 Note: One successful gmin step
Trying gmin =   1.0000E-12 Note: One successful gmin step
Note: Dynamic gmin stepping completed

No. of Data Rows : 1
Doing analysis at TEMP = 85.000000 and TNOM = 27.000000

Note: Starting dynamic gmin stepping
Trying gmin =   1.0000E-03 Note: One successful gmin step
Trying gmin =   1.0000E-04 Note: One successful gmin step
Trying gmin =   1.0000E-05 Note: One successful gmin step
Trying gmin =   1.0000E-06 Note: One successful gmin step
Trying gmin =   3.1623E-07 Note: One successful gmin step
Trying gmin =   5.6234E-08 Note: One successful gmin step
Trying gmin =   5.6234E-09 Warning: Further gmin increment
Trying gmin =   3.1623E-08 Note: One successful gmin step
Trying gmin =   1.3335E-08 Warning: Further gmin increment
Trying gmin =   2.5483E-08 Note: One successful gmin step
Trying gmin =   1.8434E-08 Note: One successful gmin step
Trying gmin =   1.1342E-08 Note: One successful gmin step
Trying gmin =   5.4737E-09 Warning: Further gmin increment
Trying gmin =   9.4534E-09 Note: One successful gmin step
Trying gmin =   7.1934E-09 Warning: Further gmin increment
Trying gmin =   8.8292E-09 Note: One successful gmin step
Trying gmin =   8.2463E-09 Note: One successful gmin step
Trying gmin =   7.4433E-09 Note: One successful gmin step
Trying gmin =   6.3830E-09 Note: One successful gmin step
Trying gmin =   5.0689E-09 Note: One successful gmin step
Trying gmin =   3.5871E-09 Note: One successful gmin step
Trying gmin =   2.1354E-09 Note: One successful gmin step
Trying gmin =   9.8086E-10 Note: One successful gmin step
Trying gmin =   3.0534E-10 Note: One successful gmin step
Trying gmin =   5.3034E-11 Note: One successful gmin step
Trying gmin =   5.3034E-12 Note: One successful gmin step
Trying gmin =   1.0000E-12 Note: One successful gmin step
Note: Dynamic gmin stepping completed

No. of Data Rows : 121
Doing analysis at TEMP = 85.000000 and TNOM = 27.000000

Note: Starting dynamic gmin stepping
Trying gmin =   1.0000E-03 Note: One successful gmin step
Trying gmin =   1.0000E-04 Note: One successful gmin step
Trying gmin =   1.0000E-05 Note: One successful gmin step
Trying gmin =   1.0000E-06 Note: One successful gmin step
Trying gmin =   3.1623E-07 Note: One successful gmin step
Trying gmin =   5.6234E-08 Note: One successful gmin step
Trying gmin =   5.6234E-09 Warning: Further gmin increment
Trying gmin =   3.1623E-08 Note: One successful gmin step
Trying gmin =   1.3335E-08 Warning: Further gmin increment
Trying gmin =   2.5483E-08 Note: One successful gmin step
Trying gmin =   1.8434E-08 Note: One successful gmin step
Trying gmin =   1.1342E-08 Note: One successful gmin step
Trying gmin =   5.4737E-09 Warning: Further gmin increment
Trying gmin =   9.4534E-09 Note: One successful gmin step
Trying gmin =   7.1934E-09 Warning: Further gmin increment
Trying gmin =   8.8292E-09 Note: One successful gmin step
Trying gmin =   8.2463E-09 Note: One successful gmin step
Trying gmin =   7.4433E-09 Note: One successful gmin step
Trying gmin =   6.3830E-09 Note: One successful gmin step
Trying gmin =   5.0689E-09 Note: One successful gmin step
Trying gmin =   3.5871E-09 Note: One successful gmin step
Trying gmin =   2.1354E-09 Note: One successful gmin step
Trying gmin =   9.8086E-10 Note: One successful gmin step
Trying gmin =   3.0534E-10 Note: One successful gmin step
Trying gmin =   5.3034E-11 Note: One successful gmin step
Trying gmin =   5.3034E-12 Note: One successful gmin step
Trying gmin =   1.0000E-12 Note: One successful gmin step
Note: Dynamic gmin stepping completed

No. of Data Rows : 121
Doing analysis at TEMP = 85.000000 and TNOM = 27.000000

Note: Starting dynamic gmin stepping
Trying gmin =   1.0000E-03 Note: One successful gmin step
Trying gmin =   1.0000E-04 Note: One successful gmin step
Trying gmin =   1.0000E-05 Note: One successful gmin step
Trying gmin =   1.0000E-06 Note: One successful gmin step
Trying gmin =   3.1623E-07 Note: One successful gmin step
Trying gmin =   5.6234E-08 Note: One successful gmin step
Trying gmin =   5.6234E-09 Warning: Further gmin increment
Trying gmin =   3.1623E-08 Note: One successful gmin step
Trying gmin =   1.3335E-08 Warning: Further gmin increment
Trying gmin =   2.5483E-08 Note: One successful gmin step
Trying gmin =   1.8434E-08 Note: One successful gmin step
Trying gmin =   1.1342E-08 Note: One successful gmin step
Trying gmin =   5.4737E-09 Warning: Further gmin increment
Trying gmin =   9.4534E-09 Note: One successful gmin step
Trying gmin =   7.1934E-09 Warning: Further gmin increment
Trying gmin =   8.8292E-09 Note: One successful gmin step
Trying gmin =   8.2463E-09 Note: One successful gmin step
Trying gmin =   7.4433E-09 Note: One successful gmin step
Trying gmin =   6.3830E-09 Note: One successful gmin step
Trying gmin =   5.0689E-09 Note: One successful gmin step
Trying gmin =   3.5871E-09 Note: One successful gmin step
Trying gmin =   2.1354E-09 Note: One successful gmin step
Trying gmin =   9.8086E-10 Note: One successful gmin step
Trying gmin =   3.0534E-10 Note: One successful gmin step
Trying gmin =   5.3034E-11 Note: One successful gmin step
Trying gmin =   5.3034E-12 Note: One successful gmin step
Trying gmin =   1.0000E-12 Note: One successful gmin step
Note: Dynamic gmin stepping completed

No. of Data Rows : 121
av0p1hz             =  1.044880e+02
gbw                 =  2.076592e+06

Error: measure  pm180  when(WHEN) : out of interval
 meas ac pm180 when ph=-180 failed!

pm                  =  6.939050e+01

Error: measure  gm  find(FIND) : bad syntax of WHEN
 meas ac gm find av at=pm180 failed!

cmrr0p1hz           =  1.081451e+02
psrr0p1hz           =  6.230297e+01
ERROR: (internal)  This operation is not defined for display type PrinterOnly.
Can't open viewport for graphics.
ERROR: (internal)  This operation is not defined for display type PrinterOnly.
Can't open viewport for graphics.
idd = -2.59250e-04
vos = -1.73665e-04
binary raw file "./out/sp7.raw"
Doing analysis at TEMP = 85.000000 and TNOM = 27.000000

OP information in rawfile.

Total analysis time (seconds) = 388.21

Total elapsed time (seconds) = 436.569 

Total DRAM available = 7841.875 MB.
DRAM currently available =  460.324 MB.
Maximum ngspice program size = 2147.805 MB.
Current ngspice program size = 2129.883 MB.

Shared ngspice pages =   10.848 MB.
Text (code) pages =    5.461 MB.
Stack = 0 bytes.
Library pages = 2127.359 MB.

