
Note: Compatibility modes selected: hs a


Circuit: * num: 9 corner: sf vdd: 3.0 temp: 85

option SCALE: Scale is set to 1e-06 for instance and model parameters
option SCALE: Scale is set to 1e-06 for instance and model parameters
option SCALE: Scale is set to 1e-06 for instance and model parameters
option SCALE: Scale is set to 1e-06 for instance and model parameters
Warning: Model issue on line 0 :
  .model sky130_fd_pr__res_generic_m4 r tc1=    3.424000000000000e-03      ...
unrecognized parameter (tref) - ignored
Doing analysis at TEMP = 85.000000 and TNOM = 27.000000

Note: Starting dynamic gmin stepping
Trying gmin =   1.0000E-03 Note: One successful gmin step
Trying gmin =   1.0000E-04 Note: One successful gmin step
Trying gmin =   1.0000E-05 Note: One successful gmin step
Trying gmin =   1.0000E-06 Note: One successful gmin step
Trying gmin =   3.1623E-07 Note: One successful gmin step
Trying gmin =   5.6234E-08 Note: One successful gmin step
Trying gmin =   5.6234E-09 Warning: Further gmin increment
Trying gmin =   3.1623E-08 Note: One successful gmin step
Trying gmin =   1.3335E-08 Warning: Further gmin increment
Trying gmin =   2.5483E-08 Note: One successful gmin step
Trying gmin =   1.8434E-08 Note: One successful gmin step
Trying gmin =   1.1342E-08 Note: One successful gmin step
Trying gmin =   5.4737E-09 Warning: Further gmin increment
Trying gmin =   9.4534E-09 Warning: Further gmin increment
Trying gmin =   1.0837E-08 Note: One successful gmin step
Trying gmin =   1.0122E-08 Note: One successful gmin step
Trying gmin =   9.1360E-09 Note: One successful gmin step
Trying gmin =   7.8345E-09 Note: One successful gmin step
Trying gmin =   6.2216E-09 Note: One successful gmin step
Trying gmin =   4.4028E-09 Note: One successful gmin step
Trying gmin =   2.6211E-09 Note: One successful gmin step
Trying gmin =   1.2039E-09 Note: One successful gmin step
Trying gmin =   3.7478E-10 Note: One successful gmin step
Trying gmin =   6.5094E-11 Note: One successful gmin step
Trying gmin =   6.5094E-12 Note: One successful gmin step
Trying gmin =   1.0000E-12 Note: One successful gmin step
Note: Dynamic gmin stepping completed

No. of Data Rows : 1
Doing analysis at TEMP = 85.000000 and TNOM = 27.000000

Note: Starting dynamic gmin stepping
Trying gmin =   1.0000E-03 Note: One successful gmin step
Trying gmin =   1.0000E-04 Note: One successful gmin step
Trying gmin =   1.0000E-05 Note: One successful gmin step
Trying gmin =   1.0000E-06 Note: One successful gmin step
Trying gmin =   3.1623E-07 Note: One successful gmin step
Trying gmin =   5.6234E-08 Note: One successful gmin step
Trying gmin =   5.6234E-09 Warning: Further gmin increment
Trying gmin =   3.1623E-08 Note: One successful gmin step
Trying gmin =   1.3335E-08 Warning: Further gmin increment
Trying gmin =   2.5483E-08 Note: One successful gmin step
Trying gmin =   1.8434E-08 Note: One successful gmin step
Trying gmin =   1.1342E-08 Note: One successful gmin step
Trying gmin =   5.4737E-09 Warning: Further gmin increment
Trying gmin =   9.4534E-09 Warning: Further gmin increment
Trying gmin =   1.0837E-08 Note: One successful gmin step
Trying gmin =   1.0122E-08 Note: One successful gmin step
Trying gmin =   9.1360E-09 Note: One successful gmin step
Trying gmin =   7.8345E-09 Note: One successful gmin step
Trying gmin =   6.2216E-09 Note: One successful gmin step
Trying gmin =   4.4028E-09 Note: One successful gmin step
Trying gmin =   2.6211E-09 Note: One successful gmin step
Trying gmin =   1.2039E-09 Note: One successful gmin step
Trying gmin =   3.7478E-10 Note: One successful gmin step
Trying gmin =   6.5094E-11 Note: One successful gmin step
Trying gmin =   6.5094E-12 Note: One successful gmin step
Trying gmin =   1.0000E-12 Note: One successful gmin step
Note: Dynamic gmin stepping completed

No. of Data Rows : 121
Doing analysis at TEMP = 85.000000 and TNOM = 27.000000

Note: Starting dynamic gmin stepping
Trying gmin =   1.0000E-03 Note: One successful gmin step
Trying gmin =   1.0000E-04 Note: One successful gmin step
Trying gmin =   1.0000E-05 Note: One successful gmin step
Trying gmin =   1.0000E-06 Note: One successful gmin step
Trying gmin =   3.1623E-07 Note: One successful gmin step
Trying gmin =   5.6234E-08 Note: One successful gmin step
Trying gmin =   5.6234E-09 Warning: Further gmin increment
Trying gmin =   3.1623E-08 Note: One successful gmin step
Trying gmin =   1.3335E-08 Warning: Further gmin increment
Trying gmin =   2.5483E-08 Note: One successful gmin step
Trying gmin =   1.8434E-08 Note: One successful gmin step
Trying gmin =   1.1342E-08 Note: One successful gmin step
Trying gmin =   5.4737E-09 Warning: Further gmin increment
Trying gmin =   9.4534E-09 Warning: Further gmin increment
Trying gmin =   1.0837E-08 Note: One successful gmin step
Trying gmin =   1.0122E-08 Note: One successful gmin step
Trying gmin =   9.1360E-09 Note: One successful gmin step
Trying gmin =   7.8345E-09 Note: One successful gmin step
Trying gmin =   6.2216E-09 Note: One successful gmin step
Trying gmin =   4.4028E-09 Note: One successful gmin step
Trying gmin =   2.6211E-09 Note: One successful gmin step
Trying gmin =   1.2039E-09 Note: One successful gmin step
Trying gmin =   3.7478E-10 Note: One successful gmin step
Trying gmin =   6.5094E-11 Note: One successful gmin step
Trying gmin =   6.5094E-12 Note: One successful gmin step
Trying gmin =   1.0000E-12 Note: One successful gmin step
Note: Dynamic gmin stepping completed

No. of Data Rows : 121
Doing analysis at TEMP = 85.000000 and TNOM = 27.000000

Note: Starting dynamic gmin stepping
Trying gmin =   1.0000E-03 Note: One successful gmin step
Trying gmin =   1.0000E-04 Note: One successful gmin step
Trying gmin =   1.0000E-05 Note: One successful gmin step
Trying gmin =   1.0000E-06 Note: One successful gmin step
Trying gmin =   3.1623E-07 Note: One successful gmin step
Trying gmin =   5.6234E-08 Note: One successful gmin step
Trying gmin =   5.6234E-09 Warning: Further gmin increment
Trying gmin =   3.1623E-08 Note: One successful gmin step
Trying gmin =   1.3335E-08 Warning: Further gmin increment
Trying gmin =   2.5483E-08 Note: One successful gmin step
Trying gmin =   1.8434E-08 Note: One successful gmin step
Trying gmin =   1.1342E-08 Note: One successful gmin step
Trying gmin =   5.4737E-09 Warning: Further gmin increment
Trying gmin =   9.4534E-09 Warning: Further gmin increment
Trying gmin =   1.0837E-08 Note: One successful gmin step
Trying gmin =   1.0122E-08 Note: One successful gmin step
Trying gmin =   9.1360E-09 Note: One successful gmin step
Trying gmin =   7.8345E-09 Note: One successful gmin step
Trying gmin =   6.2216E-09 Note: One successful gmin step
Trying gmin =   4.4028E-09 Note: One successful gmin step
Trying gmin =   2.6211E-09 Note: One successful gmin step
Trying gmin =   1.2039E-09 Note: One successful gmin step
Trying gmin =   3.7478E-10 Note: One successful gmin step
Trying gmin =   6.5094E-11 Note: One successful gmin step
Trying gmin =   6.5094E-12 Note: One successful gmin step
Trying gmin =   1.0000E-12 Note: One successful gmin step
Note: Dynamic gmin stepping completed

No. of Data Rows : 121
av0p1hz             =  1.038178e+02
gbw                 =  2.075409e+06
pm180               =  1.023251e+08
pm                  =  6.957449e+01
gm                  =  -6.936365e+01
cmrr0p1hz           =  1.107996e+02
psrr0p1hz           =  6.104989e+01
ERROR: (internal)  This operation is not defined for display type PrinterOnly.
Can't open viewport for graphics.
ERROR: (internal)  This operation is not defined for display type PrinterOnly.
Can't open viewport for graphics.
idd = -2.60129e-04
vos = -1.15692e-04
binary raw file "./out/sp9.raw"
Doing analysis at TEMP = 85.000000 and TNOM = 27.000000

OP information in rawfile.

Total analysis time (seconds) = 396.683

Total elapsed time (seconds) = 445.337 

Total DRAM available = 7841.875 MB.
DRAM currently available =  459.914 MB.
Maximum ngspice program size = 2147.543 MB.
Current ngspice program size = 2129.621 MB.

Shared ngspice pages =   10.844 MB.
Text (code) pages =    5.461 MB.
Stack = 0 bytes.
Library pages = 2127.098 MB.

