
Note: Compatibility modes selected: hs a


Circuit: * num: 0 corner: tt vdd: 3.3 temp: 25

option SCALE: Scale is set to 1e-06 for instance and model parameters
option SCALE: Scale is set to 1e-06 for instance and model parameters
option SCALE: Scale is set to 1e-06 for instance and model parameters
option SCALE: Scale is set to 1e-06 for instance and model parameters
Option cshunt: 2254 capacitors added with 1e-15 F each
Warning: Model issue on line 0 :
  .model sky130_fd_pr__res_generic_m4 r tc1=    3.424000000000000e-03      ...
unrecognized parameter (tref) - ignored
Doing analysis at TEMP = 25.000000 and TNOM = 27.000000

Note: Starting dynamic gmin stepping
Trying gmin =   1.0000E-03 Note: One successful gmin step
Trying gmin =   1.0000E-04 Note: One successful gmin step
Trying gmin =   1.0000E-05 Note: One successful gmin step
Trying gmin =   1.0000E-06 Note: One successful gmin step
Trying gmin =   1.0000E-07 Warning: Further gmin increment
Trying gmin =   5.6234E-07 Note: One successful gmin step
Trying gmin =   2.3714E-07 Note: One successful gmin step
Trying gmin =   6.4938E-08 Note: One successful gmin step
Trying gmin =   9.3057E-09 Warning: Further gmin increment
Trying gmin =   3.9954E-08 Note: One successful gmin step
Trying gmin =   1.9282E-08 Note: One successful gmin step
Trying gmin =   6.4647E-09 Warning: Further gmin increment
Trying gmin =   1.4672E-08 Note: One successful gmin step
Trying gmin =   9.7392E-09 Note: One successful gmin step
Trying gmin =   5.2669E-09 Warning: Further gmin increment
Trying gmin =   8.3519E-09 Warning: Further gmin increment
Trying gmin =   9.3722E-09 Note: One successful gmin step
Trying gmin =   8.8473E-09 Note: One successful gmin step
Trying gmin =   8.1146E-09 Note: One successful gmin step
Trying gmin =   7.4426E-09 Note: One successful gmin step
Trying gmin =   6.5375E-09 Note: One successful gmin step
Trying gmin =   5.3820E-09 Note: One successful gmin step
Trying gmin =   4.0201E-09 Note: One successful gmin step
Trying gmin =   2.5953E-09 Note: One successful gmin step
Trying gmin =   1.3461E-09 Note: One successful gmin step
Trying gmin =   5.0288E-10 Note: One successful gmin step
Trying gmin =   1.1482E-10 Note: One successful gmin step
Trying gmin =   1.0000E-10 Note: One successful gmin step
Note: Dynamic gmin stepping completed

Initial Transient Solution
--------------------------

Node                                   Voltage
----                                   -------
xdut.bpb                               1.01308
xdut.slice0.bpa_                       2.20852
avdd                                       3.3
en                                         3.3
xdut.slice1.bna_                      0.905442
avss                                         0
xdut.znp                              0.891318
xdut.bpa                               2.20852
xdut.bnb                               1.90119
xdut.zpp                               2.22041
xdut.bna                              0.905442
xdut.ypp                               3.19443
xdut.slice0.wp                         2.34413
xdut.znm                              0.911359
xdut.zpm                               2.21207
out                                    1.64931
xdut.ypm                               3.19417
xdut.xn                               0.684403
xdut.slice1.bpa_                       2.20852
xdut.slice0.wn                        0.768434
xdut.ynm                               0.10261
enb                                          0
xdut.slice1.wn                        0.768434
in                                        1.65
xdut.xp                                2.73585
xdut.slice0.bna_                      0.905442
xdut.ynp                              0.102819
xdut.slice1.wp                         2.34413
ibias                                   1.9012
out_                                      1.65
v_out#branch                      -1.38797e-07
v_enb#branch                                 0
v_en#branch                           -3.3e-12
v_in#branch                          -1.65e-12
v_avdd#branch                     -0.000263403
v_avss#branch                      3.64403e-08


No. of Data Rows : 414
ERROR: (internal)  This operation is not defined for display type PrinterOnly.
Can't open viewport for graphics.
Fourier analysis for v(out):
  No. Harmonics: 10, THD: 0.0540432 %, Gridsize: 200, Interpolation Degree: 1

Harmonic Frequency   Magnitude   Phase       Norm. Mag   Norm. Phase
-------- ---------   ---------   -----       ---------   -----------
 0       0           1.64885     0           0           0          
 1       1000        1.63834     179.967     1           0          
 2       2000        0.000432418 91.2525     0.000263937 -88.715    
 3       3000        0.000452235 -117.43     0.000276033 -297.39    
 4       4000        0.0001074   138.33      6.55545e-05 -41.638    
 5       5000        0.000308712 40.0109     0.00018843  -139.96    
 6       6000        9.04123e-05 34.181      5.51853e-05 -145.79    
 7       7000        0.000352204 -133.23     0.000214976 -313.19    
 8       8000        0.000104517 -106.11     6.37945e-05 -286.08    
 9       9000        0.000377447 65.286      0.000230384 -114.68    

thd = 5.404321e-02
binary raw file "./out/sp0.raw"
Doing analysis at TEMP = 25.000000 and TNOM = 27.000000

No. of Data Columns : 3  
Note: Starting dynamic gmin stepping
Trying gmin =   1.0000E-03 Note: One successful gmin step
Trying gmin =   1.0000E-04 Note: One successful gmin step
Trying gmin =   1.0000E-05 Note: One successful gmin step
Trying gmin =   1.0000E-06 Note: One successful gmin step
Trying gmin =   1.0000E-07 Warning: Further gmin increment
Trying gmin =   5.6234E-07 Note: One successful gmin step
Trying gmin =   2.3714E-07 Note: One successful gmin step
Trying gmin =   6.4938E-08 Note: One successful gmin step
Trying gmin =   9.3057E-09 Warning: Further gmin increment
Trying gmin =   3.9954E-08 Note: One successful gmin step
Trying gmin =   1.9282E-08 Note: One successful gmin step
Trying gmin =   6.4647E-09 Warning: Further gmin increment
Trying gmin =   1.4672E-08 Note: One successful gmin step
Trying gmin =   9.7392E-09 Note: One successful gmin step
Trying gmin =   5.2669E-09 Warning: Further gmin increment
Trying gmin =   8.3519E-09 Warning: Further gmin increment
Trying gmin =   9.3722E-09 Note: One successful gmin step
Trying gmin =   8.8473E-09 Note: One successful gmin step
Trying gmin =   8.1146E-09 Note: One successful gmin step
Trying gmin =   7.4426E-09 Note: One successful gmin step
Trying gmin =   6.5375E-09 Note: One successful gmin step
Trying gmin =   5.3820E-09 Note: One successful gmin step
Trying gmin =   4.0201E-09 Note: One successful gmin step
Trying gmin =   2.5953E-09 Note: One successful gmin step
Trying gmin =   1.3461E-09 Note: One successful gmin step
Trying gmin =   5.0288E-10 Note: One successful gmin step
Trying gmin =   1.1482E-10 Note: One successful gmin step
Trying gmin =   1.0000E-10 Note: One successful gmin step
Note: Dynamic gmin stepping completed

Initial Transient Solution
--------------------------

Node                                   Voltage
----                                   -------
xdut.bpb                               1.01308
xdut.slice0.bpa_                       2.20852
avdd                                       3.3
en                                         3.3
xdut.slice1.bna_                      0.905442
avss                                         0
xdut.znp                              0.891318
xdut.bpa                               2.20852
xdut.bnb                               1.90119
xdut.zpp                               2.22041
xdut.bna                              0.905442
xdut.ypp                               3.19443
xdut.slice0.wp                         2.34413
xdut.znm                              0.911359
xdut.zpm                               2.21207
out                                    1.64931
xdut.ypm                               3.19417
xdut.xn                               0.684403
xdut.slice1.bpa_                       2.20852
xdut.slice0.wn                        0.768434
xdut.ynm                               0.10261
enb                                          0
xdut.slice1.wn                        0.768434
in                                        1.65
xdut.xp                                2.73585
xdut.slice0.bna_                      0.905442
xdut.ynp                              0.102819
xdut.slice1.wp                         2.34413
ibias                                   1.9012
out_                                      1.65
v_out#branch                      -1.38797e-07
v_enb#branch                                 0
v_en#branch                           -3.3e-12
v_in#branch                          -1.65e-12
v_avdd#branch                     -0.000263403
v_avss#branch                      3.64403e-08


No. of Data Rows : 414

Total analysis time (seconds) = 649.518

Total elapsed time (seconds) = 705.921 

Total DRAM available = 7841.875 MB.
DRAM currently available =  396.031 MB.
Maximum ngspice program size = 2147.309 MB.
Current ngspice program size = 2129.191 MB.

Shared ngspice pages =   10.879 MB.
Text (code) pages =    5.461 MB.
Stack = 0 bytes.
Library pages = 2126.863 MB.

