
Note: Compatibility modes selected: hs a


Circuit: * num: 1 corner: ss vdd: 3.0 temp: -40

option SCALE: Scale is set to 1e-06 for instance and model parameters
option SCALE: Scale is set to 1e-06 for instance and model parameters
option SCALE: Scale is set to 1e-06 for instance and model parameters
option SCALE: Scale is set to 1e-06 for instance and model parameters
Option cshunt: 2254 capacitors added with 1e-15 F each
Warning: Model issue on line 0 :
  .model sky130_fd_pr__res_generic_m4 r tc1=    3.424000000000000e-03      ...
unrecognized parameter (tref) - ignored
Doing analysis at TEMP = -40.000000 and TNOM = 27.000000

Note: Starting dynamic gmin stepping
Trying gmin =   1.0000E-03 Note: One successful gmin step
Trying gmin =   1.0000E-04 Note: One successful gmin step
Trying gmin =   1.0000E-05 Note: One successful gmin step
Trying gmin =   1.0000E-06 Warning: Further gmin increment
Trying gmin =   5.6234E-06 Note: One successful gmin step
Trying gmin =   2.3714E-06 Note: One successful gmin step
Trying gmin =   1.0000E-06 Note: One successful gmin step
Trying gmin =   2.7384E-07 Note: One successful gmin step
Trying gmin =   3.9242E-08 Warning: Further gmin increment
Trying gmin =   1.6849E-07 Note: One successful gmin step
Trying gmin =   8.1312E-08 Note: One successful gmin step
Trying gmin =   2.7261E-08 Note: One successful gmin step
Trying gmin =   5.2922E-09 Warning: Further gmin increment
Trying gmin =   1.8095E-08 Note: One successful gmin step
Trying gmin =   9.7859E-09 Warning: Further gmin increment
Trying gmin =   1.5518E-08 Note: One successful gmin step
Trying gmin =   1.2323E-08 Note: One successful gmin step
Trying gmin =   8.7206E-09 Note: One successful gmin step
Trying gmin =   6.1713E-09 Warning: Further gmin increment
Trying gmin =   7.9984E-09 Note: One successful gmin step
Trying gmin =   7.0257E-09 Note: One successful gmin step
Trying gmin =   5.7839E-09 Note: One successful gmin step
Trying gmin =   4.3203E-09 Note: One successful gmin step
Trying gmin =   2.7890E-09 Note: One successful gmin step
Trying gmin =   1.4467E-09 Note: One successful gmin step
Trying gmin =   5.4043E-10 Note: One successful gmin step
Trying gmin =   1.2339E-10 Note: One successful gmin step
Trying gmin =   1.0000E-10 Note: One successful gmin step
Note: Dynamic gmin stepping completed

Initial Transient Solution
--------------------------

Node                                   Voltage
----                                   -------
xdut.bpb                               0.34018
xdut.slice0.bpa_                       1.75442
avdd                                         3
en                                           3
xdut.slice1.bna_                       1.00898
avss                                         0
xdut.znp                              0.997049
xdut.bpa                               1.75442
xdut.bnb                               2.16986
xdut.zpp                               1.76335
xdut.bna                               1.00898
xdut.ypp                               2.91052
xdut.slice0.wp                         1.87075
xdut.znm                               1.01027
xdut.zpm                               1.75861
out                                    1.49882
xdut.ypm                               2.91012
xdut.xn                               0.466912
xdut.slice1.bpa_                       1.75442
xdut.slice0.wn                         0.89849
xdut.ynm                             0.0831356
enb                                          0
xdut.slice1.wn                         0.89849
in                                         1.5
xdut.xp                                 2.6937
xdut.slice0.bna_                       1.00898
xdut.ynp                             0.0835039
xdut.slice1.wp                         1.87075
ibias                                  2.16986
out_                                       1.5
v_out#branch                      -2.36575e-07
v_enb#branch                                 0
v_en#branch                             -3e-12
v_in#branch                           -1.5e-12
v_avdd#branch                     -0.000256961
v_avss#branch                       3.2984e-08


No. of Data Rows : 416
ERROR: (internal)  This operation is not defined for display type PrinterOnly.
Can't open viewport for graphics.
Fourier analysis for v(out):
  No. Harmonics: 10, THD: 0.0492049 %, Gridsize: 200, Interpolation Degree: 1

Harmonic Frequency   Magnitude   Phase       Norm. Mag   Norm. Phase
-------- ---------   ---------   -----       ---------   -----------
 0       0           1.49797     0           0           0          
 1       1000        1.48899     179.972     1           0          
 2       2000        0.000500464 96.2672     0.00033611  -83.705    
 3       3000        0.00021442  -97.505     0.000144004 -277.48    
 4       4000        0.000261159 103.416     0.000175393 -76.556    
 5       5000        0.000213512 14.2958     0.000143394 -165.68    
 6       6000        0.000197676 87.3705     0.000132759 -92.601    
 7       7000        0.000211515 -103.82     0.000142053 -283.79    
 8       8000        4.85016e-05 177.242     3.25735e-05 -2.73      
 9       9000        0.000200962 67.3002     0.000134966 -112.67    

thd = 4.920493e-02
binary raw file "./out/sp1.raw"
Doing analysis at TEMP = -40.000000 and TNOM = 27.000000

No. of Data Columns : 3  
Note: Starting dynamic gmin stepping
Trying gmin =   1.0000E-03 Note: One successful gmin step
Trying gmin =   1.0000E-04 Note: One successful gmin step
Trying gmin =   1.0000E-05 Note: One successful gmin step
Trying gmin =   1.0000E-06 Warning: Further gmin increment
Trying gmin =   5.6234E-06 Note: One successful gmin step
Trying gmin =   2.3714E-06 Note: One successful gmin step
Trying gmin =   1.0000E-06 Note: One successful gmin step
Trying gmin =   2.7384E-07 Note: One successful gmin step
Trying gmin =   3.9242E-08 Warning: Further gmin increment
Trying gmin =   1.6849E-07 Note: One successful gmin step
Trying gmin =   8.1312E-08 Note: One successful gmin step
Trying gmin =   2.7261E-08 Note: One successful gmin step
Trying gmin =   5.2922E-09 Warning: Further gmin increment
Trying gmin =   1.8095E-08 Note: One successful gmin step
Trying gmin =   9.7859E-09 Warning: Further gmin increment
Trying gmin =   1.5518E-08 Note: One successful gmin step
Trying gmin =   1.2323E-08 Note: One successful gmin step
Trying gmin =   8.7206E-09 Note: One successful gmin step
Trying gmin =   6.1713E-09 Warning: Further gmin increment
Trying gmin =   7.9984E-09 Note: One successful gmin step
Trying gmin =   7.0257E-09 Note: One successful gmin step
Trying gmin =   5.7839E-09 Note: One successful gmin step
Trying gmin =   4.3203E-09 Note: One successful gmin step
Trying gmin =   2.7890E-09 Note: One successful gmin step
Trying gmin =   1.4467E-09 Note: One successful gmin step
Trying gmin =   5.4043E-10 Note: One successful gmin step
Trying gmin =   1.2339E-10 Note: One successful gmin step
Trying gmin =   1.0000E-10 Note: One successful gmin step
Note: Dynamic gmin stepping completed

Initial Transient Solution
--------------------------

Node                                   Voltage
----                                   -------
xdut.bpb                               0.34018
xdut.slice0.bpa_                       1.75442
avdd                                         3
en                                           3
xdut.slice1.bna_                       1.00898
avss                                         0
xdut.znp                              0.997049
xdut.bpa                               1.75442
xdut.bnb                               2.16986
xdut.zpp                               1.76335
xdut.bna                               1.00898
xdut.ypp                               2.91052
xdut.slice0.wp                         1.87075
xdut.znm                               1.01027
xdut.zpm                               1.75861
out                                    1.49882
xdut.ypm                               2.91012
xdut.xn                               0.466912
xdut.slice1.bpa_                       1.75442
xdut.slice0.wn                         0.89849
xdut.ynm                             0.0831356
enb                                          0
xdut.slice1.wn                         0.89849
in                                         1.5
xdut.xp                                 2.6937
xdut.slice0.bna_                       1.00898
xdut.ynp                             0.0835039
xdut.slice1.wp                         1.87075
ibias                                  2.16986
out_                                       1.5
v_out#branch                      -2.36575e-07
v_enb#branch                                 0
v_en#branch                             -3e-12
v_in#branch                           -1.5e-12
v_avdd#branch                     -0.000256961
v_avss#branch                       3.2984e-08


No. of Data Rows : 416

Total analysis time (seconds) = 702.333

Total elapsed time (seconds) = 761.729 

Total DRAM available = 7841.875 MB.
DRAM currently available =  312.410 MB.
Maximum ngspice program size = 2147.273 MB.
Current ngspice program size = 2129.125 MB.

Shared ngspice pages =   10.844 MB.
Text (code) pages =    5.461 MB.
Stack = 0 bytes.
Library pages = 2126.828 MB.

