
Note: Compatibility modes selected: hs a


Circuit: * num: 10 corner: fs vdd: 3.0 temp: 85

option SCALE: Scale is set to 1e-06 for instance and model parameters
option SCALE: Scale is set to 1e-06 for instance and model parameters
option SCALE: Scale is set to 1e-06 for instance and model parameters
option SCALE: Scale is set to 1e-06 for instance and model parameters
Option cshunt: 2254 capacitors added with 1e-15 F each
Warning: Model issue on line 0 :
  .model sky130_fd_pr__res_generic_m4 r tc1=    3.424000000000000e-03      ...
unrecognized parameter (tref) - ignored
Doing analysis at TEMP = 85.000000 and TNOM = 27.000000

Note: Starting dynamic gmin stepping
Trying gmin =   1.0000E-03 Note: One successful gmin step
Trying gmin =   1.0000E-04 Note: One successful gmin step
Trying gmin =   1.0000E-05 Note: One successful gmin step
Trying gmin =   1.0000E-06 Note: One successful gmin step
Trying gmin =   3.1623E-07 Note: One successful gmin step
Trying gmin =   5.6234E-08 Note: One successful gmin step
Trying gmin =   5.6234E-09 Warning: Further gmin increment
Trying gmin =   3.1623E-08 Note: One successful gmin step
Trying gmin =   1.3335E-08 Warning: Further gmin increment
Trying gmin =   2.5483E-08 Note: One successful gmin step
Trying gmin =   1.8434E-08 Note: One successful gmin step
Trying gmin =   1.1342E-08 Note: One successful gmin step
Trying gmin =   5.4737E-09 Warning: Further gmin increment
Trying gmin =   9.4534E-09 Note: One successful gmin step
Trying gmin =   7.1934E-09 Warning: Further gmin increment
Trying gmin =   8.8292E-09 Note: One successful gmin step
Trying gmin =   7.9694E-09 Warning: Further gmin increment
Trying gmin =   8.6060E-09 Note: One successful gmin step
Trying gmin =   8.2816E-09 Note: One successful gmin step
Trying gmin =   7.8178E-09 Note: One successful gmin step
Trying gmin =   7.1704E-09 Note: One successful gmin step
Trying gmin =   6.2984E-09 Note: One successful gmin step
Trying gmin =   5.1851E-09 Note: One successful gmin step
Trying gmin =   3.8731E-09 Note: One successful gmin step
Trying gmin =   2.5003E-09 Note: One successful gmin step
Trying gmin =   1.2969E-09 Note: One successful gmin step
Trying gmin =   4.8448E-10 Note: One successful gmin step
Trying gmin =   1.1062E-10 Note: One successful gmin step
Trying gmin =   1.0000E-10 Note: One successful gmin step
Note: Dynamic gmin stepping completed

Initial Transient Solution
--------------------------

Node                                   Voltage
----                                   -------
xdut.bpb                               1.16766
xdut.slice0.bpa_                       2.09908
avdd                                         3
en                                           3
xdut.slice1.bna_                      0.917697
avss                                         0
xdut.znp                               0.90087
xdut.bpa                               2.09908
xdut.bnb                               1.89767
xdut.zpp                                2.1137
xdut.bna                              0.917696
xdut.ypp                               2.88008
xdut.slice0.wp                         2.25375
xdut.znm                              0.924992
xdut.zpm                               2.10284
out                                    1.49935
xdut.ypm                               2.87982
xdut.xn                               0.580257
xdut.slice1.bpa_                       2.09908
xdut.slice0.wn                        0.755596
xdut.ynm                              0.120365
enb                                          0
xdut.slice1.wn                        0.755596
in                                         1.5
xdut.xp                                 2.3858
xdut.slice0.bna_                      0.917697
xdut.ynp                              0.120553
xdut.slice1.wp                         2.25375
ibias                                  1.89767
out_                                       1.5
v_out#branch                      -1.30694e-07
v_enb#branch                                 0
v_en#branch                             -3e-12
v_in#branch                           -1.5e-12
v_avdd#branch                     -0.000259136
v_avss#branch                      3.34596e-08


No. of Data Rows : 414
ERROR: (internal)  This operation is not defined for display type PrinterOnly.
Can't open viewport for graphics.
Fourier analysis for v(out):
  No. Harmonics: 10, THD: 0.0749287 %, Gridsize: 200, Interpolation Degree: 1

Harmonic Frequency   Magnitude   Phase       Norm. Mag   Norm. Phase
-------- ---------   ---------   -----       ---------   -----------
 0       0           1.49896     0           0           0          
 1       1000        1.48856     179.959     1           0          
 2       2000        0.0004367   78.6396     0.00029337  -101.32    
 3       3000        0.000655379 -127.92     0.000440276 -307.88    
 4       4000        6.93899e-05 157.736     4.66154e-05 -22.223    
 5       5000        0.000437351 43.5888     0.000293807 -136.37    
 6       6000        8.37388e-05 22.3501     5.62548e-05 -157.61    
 7       7000        0.00042473  -132.26     0.000285329 -312.22    
 8       8000        0.000138316 -116.16     9.29189e-05 -296.11    
 9       9000        0.000470289 57.8848     0.000315935 -122.07    

thd = 7.492868e-02
binary raw file "./out/sp10.raw"
Doing analysis at TEMP = 85.000000 and TNOM = 27.000000

No. of Data Columns : 3  
Note: Starting dynamic gmin stepping
Trying gmin =   1.0000E-03 Note: One successful gmin step
Trying gmin =   1.0000E-04 Note: One successful gmin step
Trying gmin =   1.0000E-05 Note: One successful gmin step
Trying gmin =   1.0000E-06 Note: One successful gmin step
Trying gmin =   3.1623E-07 Note: One successful gmin step
Trying gmin =   5.6234E-08 Note: One successful gmin step
Trying gmin =   5.6234E-09 Warning: Further gmin increment
Trying gmin =   3.1623E-08 Note: One successful gmin step
Trying gmin =   1.3335E-08 Warning: Further gmin increment
Trying gmin =   2.5483E-08 Note: One successful gmin step
Trying gmin =   1.8434E-08 Note: One successful gmin step
Trying gmin =   1.1342E-08 Note: One successful gmin step
Trying gmin =   5.4737E-09 Warning: Further gmin increment
Trying gmin =   9.4534E-09 Note: One successful gmin step
Trying gmin =   7.1934E-09 Warning: Further gmin increment
Trying gmin =   8.8292E-09 Note: One successful gmin step
Trying gmin =   7.9694E-09 Warning: Further gmin increment
Trying gmin =   8.6060E-09 Note: One successful gmin step
Trying gmin =   8.2816E-09 Note: One successful gmin step
Trying gmin =   7.8178E-09 Note: One successful gmin step
Trying gmin =   7.1704E-09 Note: One successful gmin step
Trying gmin =   6.2984E-09 Note: One successful gmin step
Trying gmin =   5.1851E-09 Note: One successful gmin step
Trying gmin =   3.8731E-09 Note: One successful gmin step
Trying gmin =   2.5003E-09 Note: One successful gmin step
Trying gmin =   1.2969E-09 Note: One successful gmin step
Trying gmin =   4.8448E-10 Note: One successful gmin step
Trying gmin =   1.1062E-10 Note: One successful gmin step
Trying gmin =   1.0000E-10 Note: One successful gmin step
Note: Dynamic gmin stepping completed

Initial Transient Solution
--------------------------

Node                                   Voltage
----                                   -------
xdut.bpb                               1.16766
xdut.slice0.bpa_                       2.09908
avdd                                         3
en                                           3
xdut.slice1.bna_                      0.917697
avss                                         0
xdut.znp                               0.90087
xdut.bpa                               2.09908
xdut.bnb                               1.89767
xdut.zpp                                2.1137
xdut.bna                              0.917696
xdut.ypp                               2.88008
xdut.slice0.wp                         2.25375
xdut.znm                              0.924992
xdut.zpm                               2.10284
out                                    1.49935
xdut.ypm                               2.87982
xdut.xn                               0.580257
xdut.slice1.bpa_                       2.09908
xdut.slice0.wn                        0.755596
xdut.ynm                              0.120365
enb                                          0
xdut.slice1.wn                        0.755596
in                                         1.5
xdut.xp                                 2.3858
xdut.slice0.bna_                      0.917697
xdut.ynp                              0.120553
xdut.slice1.wp                         2.25375
ibias                                  1.89767
out_                                       1.5
v_out#branch                      -1.30694e-07
v_enb#branch                                 0
v_en#branch                             -3e-12
v_in#branch                           -1.5e-12
v_avdd#branch                     -0.000259136
v_avss#branch                      3.34596e-08


No. of Data Rows : 414

Total analysis time (seconds) = 484.871

Total elapsed time (seconds) = 531.785 

Total DRAM available = 7841.875 MB.
DRAM currently available =  917.988 MB.
Maximum ngspice program size = 2146.930 MB.
Current ngspice program size = 2129.082 MB.

Shared ngspice pages =   11.141 MB.
Text (code) pages =    5.461 MB.
Stack = 0 bytes.
Library pages = 2126.484 MB.

