
Note: Compatibility modes selected: hs a


Circuit: * num: 11 corner: ll vdd: 3.0 temp: 85

option SCALE: Scale is set to 1e-06 for instance and model parameters
option SCALE: Scale is set to 1e-06 for instance and model parameters
option SCALE: Scale is set to 1e-06 for instance and model parameters
option SCALE: Scale is set to 1e-06 for instance and model parameters
Option cshunt: 2254 capacitors added with 1e-15 F each
Warning: Model issue on line 0 :
  .model sky130_fd_pr__res_generic_m4 r tc1=    3.424000000000000e-03      ...
unrecognized parameter (tref) - ignored
Doing analysis at TEMP = 85.000000 and TNOM = 27.000000

Note: Starting dynamic gmin stepping
Trying gmin =   1.0000E-03 Note: One successful gmin step
Trying gmin =   1.0000E-04 Note: One successful gmin step
Trying gmin =   1.0000E-05 Note: One successful gmin step
Trying gmin =   1.0000E-06 Note: One successful gmin step
Trying gmin =   3.1623E-07 Note: One successful gmin step
Trying gmin =   5.6234E-08 Note: One successful gmin step
Trying gmin =   5.6234E-09 Warning: Further gmin increment
Trying gmin =   3.1623E-08 Note: One successful gmin step
Trying gmin =   1.3335E-08 Warning: Further gmin increment
Trying gmin =   2.5483E-08 Note: One successful gmin step
Trying gmin =   1.8434E-08 Note: One successful gmin step
Trying gmin =   1.1342E-08 Note: One successful gmin step
Trying gmin =   5.4737E-09 Warning: Further gmin increment
Trying gmin =   9.4534E-09 Note: One successful gmin step
Trying gmin =   7.1934E-09 Note: One successful gmin step
Trying gmin =   4.7748E-09 Note: One successful gmin step
Trying gmin =   2.5822E-09 Note: One successful gmin step
Trying gmin =   1.0269E-09 Note: One successful gmin step
Trying gmin =   2.5755E-10 Note: One successful gmin step
Trying gmin =   1.0000E-10 Note: One successful gmin step
Note: Dynamic gmin stepping completed

Initial Transient Solution
--------------------------

Node                                   Voltage
----                                   -------
xdut.bpb                              0.966671
xdut.slice0.bpa_                        2.0092
avdd                                         3
en                                           3
xdut.slice1.bna_                      0.840907
avss                                         0
xdut.znp                              0.823807
xdut.bpa                               2.00921
xdut.bnb                               1.72276
xdut.zpp                               2.02359
xdut.bna                              0.840907
xdut.ypp                               2.87922
xdut.slice0.wp                          2.1649
xdut.znm                              0.847673
xdut.zpm                                2.0131
out                                    1.49925
xdut.ypm                               2.87894
xdut.xn                               0.638611
xdut.slice1.bpa_                        2.0092
xdut.slice0.wn                        0.679358
xdut.ynm                              0.119927
enb                                          0
xdut.slice1.wn                        0.679358
in                                         1.5
xdut.xp                                2.45554
xdut.slice0.bna_                      0.840907
xdut.ynp                              0.120142
xdut.slice1.wp                          2.1649
ibias                                  1.72276
out_                                       1.5
v_out#branch                      -1.50332e-07
v_enb#branch                                 0
v_en#branch                             -3e-12
v_in#branch                           -1.5e-12
v_avdd#branch                     -0.000258238
v_avss#branch                      3.31923e-08


No. of Data Rows : 414
ERROR: (internal)  This operation is not defined for display type PrinterOnly.
Can't open viewport for graphics.
Fourier analysis for v(out):
  No. Harmonics: 10, THD: 0.0739529 %, Gridsize: 200, Interpolation Degree: 1

Harmonic Frequency   Magnitude   Phase       Norm. Mag   Norm. Phase
-------- ---------   ---------   -----       ---------   -----------
 0       0           1.49883     0           0           0          
 1       1000        1.48858     179.962     1           0          
 2       2000        0.000440801 81.168      0.000296123 -98.794    
 3       3000        0.000608075 -124.83     0.000408494 -304.79    
 4       4000        0.000110415 147.125     7.41747e-05 -32.837    
 5       5000        0.000446508 42.9008     0.000299956 -137.06    
 6       6000        9.08774e-05 17.0597     6.10498e-05 -162.9     
 7       7000        0.000458999 -134.38     0.000308348 -314.34    
 8       8000        0.000120637 -104        8.10416e-05 -283.96    
 9       9000        0.000450276 61.246      0.000302487 -118.72    

thd = 7.395290e-02
binary raw file "./out/sp11.raw"
Doing analysis at TEMP = 85.000000 and TNOM = 27.000000

No. of Data Columns : 3  
Note: Starting dynamic gmin stepping
Trying gmin =   1.0000E-03 Note: One successful gmin step
Trying gmin =   1.0000E-04 Note: One successful gmin step
Trying gmin =   1.0000E-05 Note: One successful gmin step
Trying gmin =   1.0000E-06 Note: One successful gmin step
Trying gmin =   3.1623E-07 Note: One successful gmin step
Trying gmin =   5.6234E-08 Note: One successful gmin step
Trying gmin =   5.6234E-09 Warning: Further gmin increment
Trying gmin =   3.1623E-08 Note: One successful gmin step
Trying gmin =   1.3335E-08 Warning: Further gmin increment
Trying gmin =   2.5483E-08 Note: One successful gmin step
Trying gmin =   1.8434E-08 Note: One successful gmin step
Trying gmin =   1.1342E-08 Note: One successful gmin step
Trying gmin =   5.4737E-09 Warning: Further gmin increment
Trying gmin =   9.4534E-09 Note: One successful gmin step
Trying gmin =   7.1934E-09 Note: One successful gmin step
Trying gmin =   4.7748E-09 Note: One successful gmin step
Trying gmin =   2.5822E-09 Note: One successful gmin step
Trying gmin =   1.0269E-09 Note: One successful gmin step
Trying gmin =   2.5755E-10 Note: One successful gmin step
Trying gmin =   1.0000E-10 Note: One successful gmin step
Note: Dynamic gmin stepping completed

Initial Transient Solution
--------------------------

Node                                   Voltage
----                                   -------
xdut.bpb                              0.966671
xdut.slice0.bpa_                        2.0092
avdd                                         3
en                                           3
xdut.slice1.bna_                      0.840907
avss                                         0
xdut.znp                              0.823807
xdut.bpa                               2.00921
xdut.bnb                               1.72276
xdut.zpp                               2.02359
xdut.bna                              0.840907
xdut.ypp                               2.87922
xdut.slice0.wp                          2.1649
xdut.znm                              0.847673
xdut.zpm                                2.0131
out                                    1.49925
xdut.ypm                               2.87894
xdut.xn                               0.638611
xdut.slice1.bpa_                        2.0092
xdut.slice0.wn                        0.679358
xdut.ynm                              0.119927
enb                                          0
xdut.slice1.wn                        0.679358
in                                         1.5
xdut.xp                                2.45554
xdut.slice0.bna_                      0.840907
xdut.ynp                              0.120142
xdut.slice1.wp                          2.1649
ibias                                  1.72276
out_                                       1.5
v_out#branch                      -1.50332e-07
v_enb#branch                                 0
v_en#branch                             -3e-12
v_in#branch                           -1.5e-12
v_avdd#branch                     -0.000258238
v_avss#branch                      3.31923e-08


No. of Data Rows : 414

Total analysis time (seconds) = 452.212

Total elapsed time (seconds) = 499.197 

Total DRAM available = 7841.875 MB.
DRAM currently available =  910.184 MB.
Maximum ngspice program size = 2146.957 MB.
Current ngspice program size = 2128.914 MB.

Shared ngspice pages =   10.949 MB.
Text (code) pages =    5.461 MB.
Stack = 0 bytes.
Library pages = 2126.512 MB.

