
Note: Compatibility modes selected: hs a


Circuit: * num: 13 corner: ss vdd: 5.5 temp: -40

option SCALE: Scale is set to 1e-06 for instance and model parameters
option SCALE: Scale is set to 1e-06 for instance and model parameters
option SCALE: Scale is set to 1e-06 for instance and model parameters
option SCALE: Scale is set to 1e-06 for instance and model parameters
Option cshunt: 2254 capacitors added with 1e-15 F each
Warning: Model issue on line 0 :
  .model sky130_fd_pr__res_generic_m4 r tc1=    3.424000000000000e-03      ...
unrecognized parameter (tref) - ignored
Doing analysis at TEMP = -40.000000 and TNOM = 27.000000

Note: Starting dynamic gmin stepping
Trying gmin =   1.0000E-03 Note: One successful gmin step
Trying gmin =   1.0000E-04 Note: One successful gmin step
Trying gmin =   1.0000E-05 Note: One successful gmin step
Trying gmin =   1.0000E-06 Warning: Further gmin increment
Trying gmin =   5.6234E-06 Note: One successful gmin step
Trying gmin =   3.1623E-06 Note: One successful gmin step
Trying gmin =   1.7783E-06 Note: One successful gmin step
Trying gmin =   7.4989E-07 Note: One successful gmin step
Trying gmin =   2.0535E-07 Note: One successful gmin step
Trying gmin =   2.9427E-08 Warning: Further gmin increment
Trying gmin =   1.2635E-07 Note: One successful gmin step
Trying gmin =   6.0976E-08 Note: One successful gmin step
Trying gmin =   2.0443E-08 Note: One successful gmin step
Trying gmin =   3.9686E-09 Warning: Further gmin increment
Trying gmin =   1.3570E-08 Note: One successful gmin step
Trying gmin =   7.3384E-09 Note: One successful gmin step
Trying gmin =   3.9686E-09 Warning: Further gmin increment
Trying gmin =   6.2930E-09 Warning: Further gmin increment
Trying gmin =   7.0618E-09 Note: One successful gmin step
Trying gmin =   6.6663E-09 Warning: Further gmin increment
Trying gmin =   6.9608E-09 Note: One successful gmin step
Trying gmin =   6.8120E-09 Note: One successful gmin step
Trying gmin =   6.6663E-09 Note: One successful gmin step
Trying gmin =   6.5238E-09 Note: One successful gmin step
Trying gmin =   6.3157E-09 Note: One successful gmin step
Trying gmin =   6.0160E-09 Note: One successful gmin step
Trying gmin =   5.5928E-09 Note: One successful gmin step
Trying gmin =   5.0132E-09 Note: One successful gmin step
Trying gmin =   4.2544E-09 Note: One successful gmin step
Trying gmin =   3.3261E-09 Note: One successful gmin step
Trying gmin =   2.2992E-09 Note: One successful gmin step
Trying gmin =   1.3214E-09 Note: One successful gmin step
Trying gmin =   5.7573E-10 Note: One successful gmin step
Trying gmin =   1.6558E-10 Note: One successful gmin step
Trying gmin =   1.0000E-10 Note: One successful gmin step
Note: Dynamic gmin stepping completed

Initial Transient Solution
--------------------------

Node                                   Voltage
----                                   -------
xdut.bpb                               2.83758
xdut.slice0.bpa_                       4.25293
avdd                                       5.5
en                                         5.5
xdut.slice1.bna_                       1.00898
avss                                         0
xdut.znp                              0.999019
xdut.bpa                               4.25293
xdut.bnb                               2.16986
xdut.zpp                               4.26247
xdut.bna                               1.00898
xdut.ypp                               5.40993
xdut.slice0.wp                         4.36672
xdut.znm                               1.01917
xdut.zpm                               4.25344
out                                    2.74978
xdut.ypm                               5.40983
xdut.xn                                1.45746
xdut.slice1.bpa_                       4.25293
xdut.slice0.wn                        0.899408
xdut.ynm                             0.0841531
enb                                          0
xdut.slice1.wn                        0.899408
in                                        2.75
xdut.xp                                4.19405
xdut.slice0.bna_                       1.00898
xdut.ynp                             0.0842142
xdut.slice1.wp                         4.36672
ibias                                  2.16986
out_                                      2.75
v_out#branch                      -4.46736e-08
v_enb#branch                                 0
v_en#branch                           -5.5e-12
v_in#branch                          -2.75e-12
v_avdd#branch                     -0.000291724
v_avss#branch                      6.07323e-08


No. of Data Rows : 423
ERROR: (internal)  This operation is not defined for display type PrinterOnly.
Can't open viewport for graphics.
Fourier analysis for v(out):
  No. Harmonics: 10, THD: 0.0289347 %, Gridsize: 200, Interpolation Degree: 1

Harmonic Frequency   Magnitude   Phase       Norm. Mag   Norm. Phase
-------- ---------   ---------   -----       ---------   -----------
 0       0           2.74971     0           0           0          
 1       1000        2.73831     179.976     1           0          
 2       2000        0.000196193 47.1183     7.16478e-05 -132.86    
 3       3000        0.000519356 -115.83     0.000189663 -295.81    
 4       4000        0.00010607  -155.32     3.87356e-05 -335.3     
 5       5000        0.000328366 50.9845     0.000119916 -128.99    
 6       6000        8.7291e-05  -5.7528     3.18778e-05 -185.73    
 7       7000        0.000280763 -141.44     0.000102531 -321.42    
 8       8000        4.74339e-05 -113.71     1.73224e-05 -293.68    
 9       9000        0.000334332 53.9285     0.000122094 -126.05    

thd = 2.893472e-02
binary raw file "./out/sp13.raw"
Doing analysis at TEMP = -40.000000 and TNOM = 27.000000

No. of Data Columns : 3  
Note: Starting dynamic gmin stepping
Trying gmin =   1.0000E-03 Note: One successful gmin step
Trying gmin =   1.0000E-04 Note: One successful gmin step
Trying gmin =   1.0000E-05 Note: One successful gmin step
Trying gmin =   1.0000E-06 Warning: Further gmin increment
Trying gmin =   5.6234E-06 Note: One successful gmin step
Trying gmin =   3.1623E-06 Note: One successful gmin step
Trying gmin =   1.7783E-06 Note: One successful gmin step
Trying gmin =   7.4989E-07 Note: One successful gmin step
Trying gmin =   2.0535E-07 Note: One successful gmin step
Trying gmin =   2.9427E-08 Warning: Further gmin increment
Trying gmin =   1.2635E-07 Note: One successful gmin step
Trying gmin =   6.0976E-08 Note: One successful gmin step
Trying gmin =   2.0443E-08 Note: One successful gmin step
Trying gmin =   3.9686E-09 Warning: Further gmin increment
Trying gmin =   1.3570E-08 Note: One successful gmin step
Trying gmin =   7.3384E-09 Note: One successful gmin step
Trying gmin =   3.9686E-09 Warning: Further gmin increment
Trying gmin =   6.2930E-09 Warning: Further gmin increment
Trying gmin =   7.0618E-09 Note: One successful gmin step
Trying gmin =   6.6663E-09 Warning: Further gmin increment
Trying gmin =   6.9608E-09 Note: One successful gmin step
Trying gmin =   6.8120E-09 Note: One successful gmin step
Trying gmin =   6.6663E-09 Note: One successful gmin step
Trying gmin =   6.5238E-09 Note: One successful gmin step
Trying gmin =   6.3157E-09 Note: One successful gmin step
Trying gmin =   6.0160E-09 Note: One successful gmin step
Trying gmin =   5.5928E-09 Note: One successful gmin step
Trying gmin =   5.0132E-09 Note: One successful gmin step
Trying gmin =   4.2544E-09 Note: One successful gmin step
Trying gmin =   3.3261E-09 Note: One successful gmin step
Trying gmin =   2.2992E-09 Note: One successful gmin step
Trying gmin =   1.3214E-09 Note: One successful gmin step
Trying gmin =   5.7573E-10 Note: One successful gmin step
Trying gmin =   1.6558E-10 Note: One successful gmin step
Trying gmin =   1.0000E-10 Note: One successful gmin step
Note: Dynamic gmin stepping completed

Initial Transient Solution
--------------------------

Node                                   Voltage
----                                   -------
xdut.bpb                               2.83758
xdut.slice0.bpa_                       4.25293
avdd                                       5.5
en                                         5.5
xdut.slice1.bna_                       1.00898
avss                                         0
xdut.znp                              0.999019
xdut.bpa                               4.25293
xdut.bnb                               2.16986
xdut.zpp                               4.26247
xdut.bna                               1.00898
xdut.ypp                               5.40993
xdut.slice0.wp                         4.36672
xdut.znm                               1.01917
xdut.zpm                               4.25344
out                                    2.74978
xdut.ypm                               5.40983
xdut.xn                                1.45746
xdut.slice1.bpa_                       4.25293
xdut.slice0.wn                        0.899408
xdut.ynm                             0.0841531
enb                                          0
xdut.slice1.wn                        0.899408
in                                        2.75
xdut.xp                                4.19405
xdut.slice0.bna_                       1.00898
xdut.ynp                             0.0842142
xdut.slice1.wp                         4.36672
ibias                                  2.16986
out_                                      2.75
v_out#branch                      -4.46736e-08
v_enb#branch                                 0
v_en#branch                           -5.5e-12
v_in#branch                          -2.75e-12
v_avdd#branch                     -0.000291724
v_avss#branch                      6.07323e-08


No. of Data Rows : 423

Total analysis time (seconds) = 576.321

Total elapsed time (seconds) = 623.822 

Total DRAM available = 7841.875 MB.
DRAM currently available =  908.848 MB.
Maximum ngspice program size = 2147.309 MB.
Current ngspice program size = 2129.273 MB.

Shared ngspice pages =   10.957 MB.
Text (code) pages =    5.461 MB.
Stack = 0 bytes.
Library pages = 2126.863 MB.

