
Note: Compatibility modes selected: hs a


Circuit: * num: 14 corner: ff vdd: 5.5 temp: -40

option SCALE: Scale is set to 1e-06 for instance and model parameters
option SCALE: Scale is set to 1e-06 for instance and model parameters
option SCALE: Scale is set to 1e-06 for instance and model parameters
option SCALE: Scale is set to 1e-06 for instance and model parameters
Option cshunt: 2254 capacitors added with 1e-15 F each
Warning: Model issue on line 0 :
  .model sky130_fd_pr__res_generic_m4 r tc1=    3.424000000000000e-03      ...
unrecognized parameter (tref) - ignored
Doing analysis at TEMP = -40.000000 and TNOM = 27.000000

Note: Starting dynamic gmin stepping
Trying gmin =   1.0000E-03 Note: One successful gmin step
Trying gmin =   1.0000E-04 Note: One successful gmin step
Trying gmin =   1.0000E-05 Note: One successful gmin step
Trying gmin =   1.0000E-06 Note: One successful gmin step
Trying gmin =   3.1623E-07 Note: One successful gmin step
Trying gmin =   5.6234E-08 Warning: Further gmin increment
Trying gmin =   2.0535E-07 Note: One successful gmin step
Trying gmin =   1.0746E-07 Note: One successful gmin step
Trying gmin =   4.0679E-08 Note: One successful gmin step
Trying gmin =   9.4746E-09 Warning: Further gmin increment
Trying gmin =   2.8260E-08 Note: One successful gmin step
Trying gmin =   1.6363E-08 Note: One successful gmin step
Trying gmin =   7.2096E-09 Note: One successful gmin step
Trying gmin =   3.1765E-09 Warning: Further gmin increment
Trying gmin =   5.8738E-09 Warning: Further gmin increment
Trying gmin =   6.8496E-09 Warning: Further gmin increment
Trying gmin =   7.1178E-09 Note: One successful gmin step
Trying gmin =   6.9824E-09 Note: One successful gmin step
Trying gmin =   6.8496E-09 Note: One successful gmin step
Trying gmin =   6.6550E-09 Note: One successful gmin step
Trying gmin =   6.3735E-09 Note: One successful gmin step
Trying gmin =   5.9734E-09 Note: One successful gmin step
Trying gmin =   5.4198E-09 Note: One successful gmin step
Trying gmin =   4.6842E-09 Note: One successful gmin step
Trying gmin =   3.7636E-09 Note: One successful gmin step
Trying gmin =   2.7106E-09 Note: One successful gmin step
Trying gmin =   1.6567E-09 Note: One successful gmin step
Trying gmin =   7.9163E-10 Note: One successful gmin step
Trying gmin =   2.6148E-10 Note: One successful gmin step
Trying gmin =   1.0000E-10 Note: One successful gmin step
Note: Dynamic gmin stepping completed

Initial Transient Solution
--------------------------

Node                                   Voltage
----                                   -------
xdut.bpb                               3.04031
xdut.slice0.bpa_                       4.34461
avdd                                       5.5
en                                         5.5
xdut.slice1.bna_                      0.939473
avss                                         0
xdut.znp                              0.929874
xdut.bpa                               4.34461
xdut.bnb                               2.01255
xdut.zpp                                4.3541
xdut.bna                              0.939473
xdut.ypp                               5.41089
xdut.slice0.wp                         4.45655
xdut.znm                               0.95107
xdut.zpm                               4.34458
out                                    2.74989
xdut.ypm                               5.41081
xdut.xn                                1.51499
xdut.slice1.bpa_                       4.34461
xdut.slice0.wn                        0.830532
xdut.ynm                             0.0838613
enb                                          0
xdut.slice1.wn                        0.830532
in                                        2.75
xdut.xp                                4.11947
xdut.slice0.bna_                      0.939473
xdut.ynp                              0.083874
xdut.slice1.wp                         4.45655
ibias                                  2.01255
out_                                      2.75
v_out#branch                      -2.24399e-08
v_enb#branch                                 0
v_en#branch                           -5.5e-12
v_in#branch                          -2.75e-12
v_avdd#branch                     -0.000298653
v_avss#branch                      6.07676e-08


No. of Data Rows : 421
ERROR: (internal)  This operation is not defined for display type PrinterOnly.
Can't open viewport for graphics.
Fourier analysis for v(out):
  No. Harmonics: 10, THD: 0.0288329 %, Gridsize: 200, Interpolation Degree: 1

Harmonic Frequency   Magnitude   Phase       Norm. Mag   Norm. Phase
-------- ---------   ---------   -----       ---------   -----------
 0       0           2.7499      0           0           0          
 1       1000        2.73847     179.978     1           0          
 2       2000        0.000361049 4.06459     0.000131843 -175.91    
 3       3000        0.000468644 -122.61     0.000171133 -302.59    
 4       4000        0.000140192 173.717     5.11934e-05 -6.2605    
 5       5000        0.000320197 46.6734     0.000116925 -133.3     
 6       6000        9.89962e-05 -28.9       3.61502e-05 -208.88    
 7       7000        0.000252676 -146.46     9.22689e-05 -326.44    
 8       8000        5.78008e-06 136.168     2.1107e-06  -43.81     
 9       9000        0.000278557 49.2664     0.00010172  -130.71    

thd = 2.883286e-02
binary raw file "./out/sp14.raw"
Doing analysis at TEMP = -40.000000 and TNOM = 27.000000

No. of Data Columns : 3  
Note: Starting dynamic gmin stepping
Trying gmin =   1.0000E-03 Note: One successful gmin step
Trying gmin =   1.0000E-04 Note: One successful gmin step
Trying gmin =   1.0000E-05 Note: One successful gmin step
Trying gmin =   1.0000E-06 Note: One successful gmin step
Trying gmin =   3.1623E-07 Note: One successful gmin step
Trying gmin =   5.6234E-08 Warning: Further gmin increment
Trying gmin =   2.0535E-07 Note: One successful gmin step
Trying gmin =   1.0746E-07 Note: One successful gmin step
Trying gmin =   4.0679E-08 Note: One successful gmin step
Trying gmin =   9.4746E-09 Warning: Further gmin increment
Trying gmin =   2.8260E-08 Note: One successful gmin step
Trying gmin =   1.6363E-08 Note: One successful gmin step
Trying gmin =   7.2096E-09 Note: One successful gmin step
Trying gmin =   3.1765E-09 Warning: Further gmin increment
Trying gmin =   5.8738E-09 Warning: Further gmin increment
Trying gmin =   6.8496E-09 Warning: Further gmin increment
Trying gmin =   7.1178E-09 Note: One successful gmin step
Trying gmin =   6.9824E-09 Note: One successful gmin step
Trying gmin =   6.8496E-09 Note: One successful gmin step
Trying gmin =   6.6550E-09 Note: One successful gmin step
Trying gmin =   6.3735E-09 Note: One successful gmin step
Trying gmin =   5.9734E-09 Note: One successful gmin step
Trying gmin =   5.4198E-09 Note: One successful gmin step
Trying gmin =   4.6842E-09 Note: One successful gmin step
Trying gmin =   3.7636E-09 Note: One successful gmin step
Trying gmin =   2.7106E-09 Note: One successful gmin step
Trying gmin =   1.6567E-09 Note: One successful gmin step
Trying gmin =   7.9163E-10 Note: One successful gmin step
Trying gmin =   2.6148E-10 Note: One successful gmin step
Trying gmin =   1.0000E-10 Note: One successful gmin step
Note: Dynamic gmin stepping completed

Initial Transient Solution
--------------------------

Node                                   Voltage
----                                   -------
xdut.bpb                               3.04031
xdut.slice0.bpa_                       4.34461
avdd                                       5.5
en                                         5.5
xdut.slice1.bna_                      0.939473
avss                                         0
xdut.znp                              0.929874
xdut.bpa                               4.34461
xdut.bnb                               2.01255
xdut.zpp                                4.3541
xdut.bna                              0.939473
xdut.ypp                               5.41089
xdut.slice0.wp                         4.45655
xdut.znm                               0.95107
xdut.zpm                               4.34458
out                                    2.74989
xdut.ypm                               5.41081
xdut.xn                                1.51499
xdut.slice1.bpa_                       4.34461
xdut.slice0.wn                        0.830532
xdut.ynm                             0.0838613
enb                                          0
xdut.slice1.wn                        0.830532
in                                        2.75
xdut.xp                                4.11947
xdut.slice0.bna_                      0.939473
xdut.ynp                              0.083874
xdut.slice1.wp                         4.45655
ibias                                  2.01255
out_                                      2.75
v_out#branch                      -2.24399e-08
v_enb#branch                                 0
v_en#branch                           -5.5e-12
v_in#branch                          -2.75e-12
v_avdd#branch                     -0.000298653
v_avss#branch                      6.07676e-08


No. of Data Rows : 421

Total analysis time (seconds) = 562.279

Total elapsed time (seconds) = 609.264 

Total DRAM available = 7841.875 MB.
DRAM currently available =  889.523 MB.
Maximum ngspice program size = 2147.273 MB.
Current ngspice program size = 2129.289 MB.

Shared ngspice pages =   11.008 MB.
Text (code) pages =    5.461 MB.
Stack = 0 bytes.
Library pages = 2126.828 MB.

