
Note: Compatibility modes selected: hs a


Circuit: * num: 15 corner: sf vdd: 5.5 temp: -40

option SCALE: Scale is set to 1e-06 for instance and model parameters
option SCALE: Scale is set to 1e-06 for instance and model parameters
option SCALE: Scale is set to 1e-06 for instance and model parameters
option SCALE: Scale is set to 1e-06 for instance and model parameters
Option cshunt: 2254 capacitors added with 1e-15 F each
Warning: Model issue on line 0 :
  .model sky130_fd_pr__res_generic_m4 r tc1=    3.424000000000000e-03      ...
unrecognized parameter (tref) - ignored
Doing analysis at TEMP = -40.000000 and TNOM = 27.000000

Note: Starting dynamic gmin stepping
Trying gmin =   1.0000E-03 Note: One successful gmin step
Trying gmin =   1.0000E-04 Note: One successful gmin step
Trying gmin =   1.0000E-05 Note: One successful gmin step
Trying gmin =   1.0000E-06 Warning: Further gmin increment
Trying gmin =   5.6234E-06 Note: One successful gmin step
Trying gmin =   3.1623E-06 Note: One successful gmin step
Trying gmin =   1.7783E-06 Note: One successful gmin step
Trying gmin =   7.4989E-07 Note: One successful gmin step
Trying gmin =   2.0535E-07 Note: One successful gmin step
Trying gmin =   2.9427E-08 Warning: Further gmin increment
Trying gmin =   1.2635E-07 Note: One successful gmin step
Trying gmin =   6.0976E-08 Note: One successful gmin step
Trying gmin =   2.0443E-08 Note: One successful gmin step
Trying gmin =   3.9686E-09 Warning: Further gmin increment
Trying gmin =   1.3570E-08 Note: One successful gmin step
Trying gmin =   7.3384E-09 Warning: Further gmin increment
Trying gmin =   1.1637E-08 Note: One successful gmin step
Trying gmin =   9.2409E-09 Note: One successful gmin step
Trying gmin =   6.5395E-09 Warning: Further gmin increment
Trying gmin =   8.4756E-09 Note: One successful gmin step
Trying gmin =   7.4449E-09 Warning: Further gmin increment
Trying gmin =   8.2053E-09 Note: One successful gmin step
Trying gmin =   7.8158E-09 Note: One successful gmin step
Trying gmin =   7.2661E-09 Warning: Further gmin increment
Trying gmin =   7.6746E-09 Note: One successful gmin step
Trying gmin =   7.4675E-09 Warning: Further gmin increment
Trying gmin =   7.6223E-09 Note: One successful gmin step
Trying gmin =   7.5445E-09 Note: One successful gmin step
Trying gmin =   7.4293E-09 Note: One successful gmin step
Trying gmin =   7.2599E-09 Note: One successful gmin step
Trying gmin =   7.0128E-09 Note: One successful gmin step
Trying gmin =   6.6580E-09 Note: One successful gmin step
Trying gmin =   6.1591E-09 Note: One successful gmin step
Trying gmin =   5.4800E-09 Note: One successful gmin step
Trying gmin =   4.5991E-09 Note: One successful gmin step
Trying gmin =   3.5359E-09 Note: One successful gmin step
Trying gmin =   2.3837E-09 Note: One successful gmin step
Trying gmin =   1.3194E-09 Note: One successful gmin step
Trying gmin =   5.4336E-10 Note: One successful gmin step
Trying gmin =   1.4359E-10 Note: One successful gmin step
Trying gmin =   1.0000E-10 Note: One successful gmin step
Note: Dynamic gmin stepping completed

Initial Transient Solution
--------------------------

Node                                   Voltage
----                                   -------
xdut.bpb                               2.74031
xdut.slice0.bpa_                       4.20908
avdd                                       5.5
en                                         5.5
xdut.slice1.bna_                      0.898193
avss                                         0
xdut.znp                              0.888261
xdut.bpa                               4.20908
xdut.bnb                               1.91912
xdut.zpp                               4.21853
xdut.bna                              0.898193
xdut.ypp                               5.40979
xdut.slice0.wp                         4.32291
xdut.znm                              0.908631
xdut.zpm                               4.20945
out                                    2.74978
xdut.ypm                               5.40969
xdut.xn                                1.54847
xdut.slice1.bpa_                       4.20908
xdut.slice0.wn                        0.789185
xdut.ynm                             0.0838411
enb                                          0
xdut.slice1.wn                        0.789185
in                                        2.75
xdut.xp                                4.22966
xdut.slice0.bna_                      0.898193
xdut.ynp                             0.0838912
xdut.slice1.wp                         4.32291
ibias                                  1.91912
out_                                      2.75
v_out#branch                       -4.3105e-08
v_enb#branch                                 0
v_en#branch                           -5.5e-12
v_in#branch                          -2.75e-12
v_avdd#branch                     -0.000293845
v_avss#branch                      6.04802e-08


No. of Data Rows : 420
ERROR: (internal)  This operation is not defined for display type PrinterOnly.
Can't open viewport for graphics.
Fourier analysis for v(out):
  No. Harmonics: 10, THD: 0.0287334 %, Gridsize: 200, Interpolation Degree: 1

Harmonic Frequency   Magnitude   Phase       Norm. Mag   Norm. Phase
-------- ---------   ---------   -----       ---------   -----------
 0       0           2.74944     0           0           0          
 1       1000        2.73811     179.981     1           0          
 2       2000        0.000503485 126.184     0.00018388  -53.797    
 3       3000        0.000286169 -113.86     0.000104513 -293.84    
 4       4000        0.000129937 -75.307     4.7455e-05  -255.29    
 5       5000        0.000267991 63.138      9.78743e-05 -116.84    
 6       6000        0.000113591 58.34       4.14852e-05 -121.64    
 7       7000        0.000245468 -131.87     8.96486e-05 -311.85    
 8       8000        9.62114e-05 -92.706     3.51378e-05 -272.69    
 9       9000        0.000335372 60.7166     0.000122483 -119.26    

thd = 2.873343e-02
binary raw file "./out/sp15.raw"
Doing analysis at TEMP = -40.000000 and TNOM = 27.000000

No. of Data Columns : 3  
Note: Starting dynamic gmin stepping
Trying gmin =   1.0000E-03 Note: One successful gmin step
Trying gmin =   1.0000E-04 Note: One successful gmin step
Trying gmin =   1.0000E-05 Note: One successful gmin step
Trying gmin =   1.0000E-06 Warning: Further gmin increment
Trying gmin =   5.6234E-06 Note: One successful gmin step
Trying gmin =   3.1623E-06 Note: One successful gmin step
Trying gmin =   1.7783E-06 Note: One successful gmin step
Trying gmin =   7.4989E-07 Note: One successful gmin step
Trying gmin =   2.0535E-07 Note: One successful gmin step
Trying gmin =   2.9427E-08 Warning: Further gmin increment
Trying gmin =   1.2635E-07 Note: One successful gmin step
Trying gmin =   6.0976E-08 Note: One successful gmin step
Trying gmin =   2.0443E-08 Note: One successful gmin step
Trying gmin =   3.9686E-09 Warning: Further gmin increment
Trying gmin =   1.3570E-08 Note: One successful gmin step
Trying gmin =   7.3384E-09 Warning: Further gmin increment
Trying gmin =   1.1637E-08 Note: One successful gmin step
Trying gmin =   9.2409E-09 Note: One successful gmin step
Trying gmin =   6.5395E-09 Warning: Further gmin increment
Trying gmin =   8.4756E-09 Note: One successful gmin step
Trying gmin =   7.4449E-09 Warning: Further gmin increment
Trying gmin =   8.2053E-09 Note: One successful gmin step
Trying gmin =   7.8158E-09 Note: One successful gmin step
Trying gmin =   7.2661E-09 Warning: Further gmin increment
Trying gmin =   7.6746E-09 Note: One successful gmin step
Trying gmin =   7.4675E-09 Warning: Further gmin increment
Trying gmin =   7.6223E-09 Note: One successful gmin step
Trying gmin =   7.5445E-09 Note: One successful gmin step
Trying gmin =   7.4293E-09 Note: One successful gmin step
Trying gmin =   7.2599E-09 Note: One successful gmin step
Trying gmin =   7.0128E-09 Note: One successful gmin step
Trying gmin =   6.6580E-09 Note: One successful gmin step
Trying gmin =   6.1591E-09 Note: One successful gmin step
Trying gmin =   5.4800E-09 Note: One successful gmin step
Trying gmin =   4.5991E-09 Note: One successful gmin step
Trying gmin =   3.5359E-09 Note: One successful gmin step
Trying gmin =   2.3837E-09 Note: One successful gmin step
Trying gmin =   1.3194E-09 Note: One successful gmin step
Trying gmin =   5.4336E-10 Note: One successful gmin step
Trying gmin =   1.4359E-10 Note: One successful gmin step
Trying gmin =   1.0000E-10 Note: One successful gmin step
Note: Dynamic gmin stepping completed

Initial Transient Solution
--------------------------

Node                                   Voltage
----                                   -------
xdut.bpb                               2.74031
xdut.slice0.bpa_                       4.20908
avdd                                       5.5
en                                         5.5
xdut.slice1.bna_                      0.898193
avss                                         0
xdut.znp                              0.888261
xdut.bpa                               4.20908
xdut.bnb                               1.91912
xdut.zpp                               4.21853
xdut.bna                              0.898193
xdut.ypp                               5.40979
xdut.slice0.wp                         4.32291
xdut.znm                              0.908631
xdut.zpm                               4.20945
out                                    2.74978
xdut.ypm                               5.40969
xdut.xn                                1.54847
xdut.slice1.bpa_                       4.20908
xdut.slice0.wn                        0.789185
xdut.ynm                             0.0838411
enb                                          0
xdut.slice1.wn                        0.789185
in                                        2.75
xdut.xp                                4.22966
xdut.slice0.bna_                      0.898193
xdut.ynp                             0.0838912
xdut.slice1.wp                         4.32291
ibias                                  1.91912
out_                                      2.75
v_out#branch                       -4.3105e-08
v_enb#branch                                 0
v_en#branch                           -5.5e-12
v_in#branch                          -2.75e-12
v_avdd#branch                     -0.000293845
v_avss#branch                      6.04802e-08


No. of Data Rows : 420

Total analysis time (seconds) = 615.276

Total elapsed time (seconds) = 663.488 

Total DRAM available = 7841.875 MB.
DRAM currently available =  891.973 MB.
Maximum ngspice program size = 2146.953 MB.
Current ngspice program size = 2128.973 MB.

Shared ngspice pages =   11.008 MB.
Text (code) pages =    5.461 MB.
Stack = 0 bytes.
Library pages = 2126.508 MB.

