
Note: Compatibility modes selected: hs a


Circuit: * num: 16 corner: fs vdd: 5.5 temp: -40

option SCALE: Scale is set to 1e-06 for instance and model parameters
option SCALE: Scale is set to 1e-06 for instance and model parameters
option SCALE: Scale is set to 1e-06 for instance and model parameters
option SCALE: Scale is set to 1e-06 for instance and model parameters
Option cshunt: 2254 capacitors added with 1e-15 F each
Warning: Model issue on line 0 :
  .model sky130_fd_pr__res_generic_m4 r tc1=    3.424000000000000e-03      ...
unrecognized parameter (tref) - ignored
Doing analysis at TEMP = -40.000000 and TNOM = 27.000000

Note: Starting dynamic gmin stepping
Trying gmin =   1.0000E-03 Note: One successful gmin step
Trying gmin =   1.0000E-04 Note: One successful gmin step
Trying gmin =   1.0000E-05 Note: One successful gmin step
Trying gmin =   1.0000E-06 Note: One successful gmin step
Trying gmin =   1.0000E-07 Warning: Further gmin increment
Trying gmin =   5.6234E-07 Note: One successful gmin step
Trying gmin =   2.3714E-07 Note: One successful gmin step
Trying gmin =   6.4938E-08 Note: One successful gmin step
Trying gmin =   9.3057E-09 Warning: Further gmin increment
Trying gmin =   3.9954E-08 Note: One successful gmin step
Trying gmin =   1.9282E-08 Note: One successful gmin step
Trying gmin =   6.4647E-09 Warning: Further gmin increment
Trying gmin =   1.4672E-08 Note: One successful gmin step
Trying gmin =   9.7392E-09 Note: One successful gmin step
Trying gmin =   5.2669E-09 Warning: Further gmin increment
Trying gmin =   8.3519E-09 Note: One successful gmin step
Trying gmin =   6.6324E-09 Warning: Further gmin increment
Trying gmin =   7.8842E-09 Note: One successful gmin step
Trying gmin =   7.2312E-09 Warning: Further gmin increment
Trying gmin =   7.7156E-09 Note: One successful gmin step
Trying gmin =   7.4695E-09 Note: One successful gmin step
Trying gmin =   7.1150E-09 Note: One successful gmin step
Trying gmin =   6.6145E-09 Note: One successful gmin step
Trying gmin =   5.9290E-09 Warning: Further gmin increment
Trying gmin =   6.4360E-09 Warning: Further gmin increment
Trying gmin =   6.5694E-09 Note: One successful gmin step
Trying gmin =   6.5024E-09 Note: One successful gmin step
Trying gmin =   6.4031E-09 Note: One successful gmin step
Trying gmin =   6.2570E-09 Note: One successful gmin step
Trying gmin =   6.0441E-09 Note: One successful gmin step
Trying gmin =   5.7383E-09 Note: One successful gmin step
Trying gmin =   5.3083E-09 Note: One successful gmin step
Trying gmin =   4.7230E-09 Note: One successful gmin step
Trying gmin =   3.9638E-09 Note: One successful gmin step
Trying gmin =   3.0475E-09 Note: One successful gmin step
Trying gmin =   2.0545E-09 Note: One successful gmin step
Trying gmin =   1.1372E-09 Note: One successful gmin step
Trying gmin =   4.6831E-10 Note: One successful gmin step
Trying gmin =   1.2376E-10 Note: One successful gmin step
Trying gmin =   1.0000E-10 Note: One successful gmin step
Note: Dynamic gmin stepping completed

Initial Transient Solution
--------------------------

Node                                   Voltage
----                                   -------
xdut.bpb                               3.13782
xdut.slice0.bpa_                       4.38847
avdd                                       5.5
en                                         5.5
xdut.slice1.bna_                        1.0503
avss                                         0
xdut.znp                               1.04068
xdut.bpa                               4.38847
xdut.bnb                               2.26299
xdut.zpp                               4.39806
xdut.bna                                1.0503
xdut.ypp                               5.41109
xdut.slice0.wp                         4.50032
xdut.znm                               1.06158
xdut.zpm                               4.38857
out                                    2.74989
xdut.ypm                               5.41102
xdut.xn                                1.42408
xdut.slice1.bpa_                       4.38847
xdut.slice0.wn                        0.940798
xdut.ynm                             0.0841799
enb                                          0
xdut.slice1.wn                        0.940798
in                                        2.75
xdut.xp                                4.08388
xdut.slice0.bna_                        1.0503
xdut.ynp                             0.0841953
xdut.slice1.wp                         4.50032
ibias                                  2.26299
out_                                      2.75
v_out#branch                       -2.1854e-08
v_enb#branch                                 0
v_en#branch                           -5.5e-12
v_in#branch                          -2.75e-12
v_avdd#branch                     -0.000296197
v_avss#branch                       6.1025e-08


No. of Data Rows : 428
ERROR: (internal)  This operation is not defined for display type PrinterOnly.
Can't open viewport for graphics.
Fourier analysis for v(out):
  No. Harmonics: 10, THD: 0.0303103 %, Gridsize: 200, Interpolation Degree: 1

Harmonic Frequency   Magnitude   Phase       Norm. Mag   Norm. Phase
-------- ---------   ---------   -----       ---------   -----------
 0       0           2.74987     0           0           0          
 1       1000        2.73848     179.978     1           0          
 2       2000        0.000438831 4.38832     0.000160247 -175.59    
 3       3000        0.000462101 -120.87     0.000168744 -300.85    
 4       4000        0.000165343 169.892     6.03778e-05 -10.086    
 5       5000        0.000314716 49.2835     0.000114924 -130.69    
 6       6000        9.79575e-05 -33.688     3.57708e-05 -213.67    
 7       7000        0.000243479 -143.44     8.89105e-05 -323.42    
 8       8000        2.64324e-05 157.66      9.65224e-06 -22.318    
 9       9000        0.000294778 53.1815     0.000107643 -126.8     

thd = 3.031028e-02
binary raw file "./out/sp16.raw"
Doing analysis at TEMP = -40.000000 and TNOM = 27.000000

No. of Data Columns : 3  
Note: Starting dynamic gmin stepping
Trying gmin =   1.0000E-03 Note: One successful gmin step
Trying gmin =   1.0000E-04 Note: One successful gmin step
Trying gmin =   1.0000E-05 Note: One successful gmin step
Trying gmin =   1.0000E-06 Note: One successful gmin step
Trying gmin =   1.0000E-07 Warning: Further gmin increment
Trying gmin =   5.6234E-07 Note: One successful gmin step
Trying gmin =   2.3714E-07 Note: One successful gmin step
Trying gmin =   6.4938E-08 Note: One successful gmin step
Trying gmin =   9.3057E-09 Warning: Further gmin increment
Trying gmin =   3.9954E-08 Note: One successful gmin step
Trying gmin =   1.9282E-08 Note: One successful gmin step
Trying gmin =   6.4647E-09 Warning: Further gmin increment
Trying gmin =   1.4672E-08 Note: One successful gmin step
Trying gmin =   9.7392E-09 Note: One successful gmin step
Trying gmin =   5.2669E-09 Warning: Further gmin increment
Trying gmin =   8.3519E-09 Note: One successful gmin step
Trying gmin =   6.6324E-09 Warning: Further gmin increment
Trying gmin =   7.8842E-09 Note: One successful gmin step
Trying gmin =   7.2312E-09 Warning: Further gmin increment
Trying gmin =   7.7156E-09 Note: One successful gmin step
Trying gmin =   7.4695E-09 Note: One successful gmin step
Trying gmin =   7.1150E-09 Note: One successful gmin step
Trying gmin =   6.6145E-09 Note: One successful gmin step
Trying gmin =   5.9290E-09 Warning: Further gmin increment
Trying gmin =   6.4360E-09 Warning: Further gmin increment
Trying gmin =   6.5694E-09 Note: One successful gmin step
Trying gmin =   6.5024E-09 Note: One successful gmin step
Trying gmin =   6.4031E-09 Note: One successful gmin step
Trying gmin =   6.2570E-09 Note: One successful gmin step
Trying gmin =   6.0441E-09 Note: One successful gmin step
Trying gmin =   5.7383E-09 Note: One successful gmin step
Trying gmin =   5.3083E-09 Note: One successful gmin step
Trying gmin =   4.7230E-09 Note: One successful gmin step
Trying gmin =   3.9638E-09 Note: One successful gmin step
Trying gmin =   3.0475E-09 Note: One successful gmin step
Trying gmin =   2.0545E-09 Note: One successful gmin step
Trying gmin =   1.1372E-09 Note: One successful gmin step
Trying gmin =   4.6831E-10 Note: One successful gmin step
Trying gmin =   1.2376E-10 Note: One successful gmin step
Trying gmin =   1.0000E-10 Note: One successful gmin step
Note: Dynamic gmin stepping completed

Initial Transient Solution
--------------------------

Node                                   Voltage
----                                   -------
xdut.bpb                               3.13782
xdut.slice0.bpa_                       4.38847
avdd                                       5.5
en                                         5.5
xdut.slice1.bna_                        1.0503
avss                                         0
xdut.znp                               1.04068
xdut.bpa                               4.38847
xdut.bnb                               2.26299
xdut.zpp                               4.39806
xdut.bna                                1.0503
xdut.ypp                               5.41109
xdut.slice0.wp                         4.50032
xdut.znm                               1.06158
xdut.zpm                               4.38857
out                                    2.74989
xdut.ypm                               5.41102
xdut.xn                                1.42408
xdut.slice1.bpa_                       4.38847
xdut.slice0.wn                        0.940798
xdut.ynm                             0.0841799
enb                                          0
xdut.slice1.wn                        0.940798
in                                        2.75
xdut.xp                                4.08388
xdut.slice0.bna_                        1.0503
xdut.ynp                             0.0841953
xdut.slice1.wp                         4.50032
ibias                                  2.26299
out_                                      2.75
v_out#branch                       -2.1854e-08
v_enb#branch                                 0
v_en#branch                           -5.5e-12
v_in#branch                          -2.75e-12
v_avdd#branch                     -0.000296197
v_avss#branch                       6.1025e-08


No. of Data Rows : 428

Total analysis time (seconds) = 676.239

Total elapsed time (seconds) = 723.427 

Total DRAM available = 7841.875 MB.
DRAM currently available =  569.730 MB.
Maximum ngspice program size = 2146.941 MB.
Current ngspice program size = 2128.840 MB.

Shared ngspice pages =   10.887 MB.
Text (code) pages =    5.461 MB.
Stack = 0 bytes.
Library pages = 2126.496 MB.

