
Note: Compatibility modes selected: hs a


Circuit: * num: 18 corner: hh vdd: 5.5 temp: -40

option SCALE: Scale is set to 1e-06 for instance and model parameters
option SCALE: Scale is set to 1e-06 for instance and model parameters
option SCALE: Scale is set to 1e-06 for instance and model parameters
option SCALE: Scale is set to 1e-06 for instance and model parameters
Option cshunt: 2254 capacitors added with 1e-15 F each
Warning: Model issue on line 0 :
  .model sky130_fd_pr__res_generic_m4 r tc1=    3.424000000000000e-03      ...
unrecognized parameter (tref) - ignored
Doing analysis at TEMP = -40.000000 and TNOM = 27.000000

Note: Starting dynamic gmin stepping
Trying gmin =   1.0000E-03 Note: One successful gmin step
Trying gmin =   1.0000E-04 Note: One successful gmin step
Trying gmin =   1.0000E-05 Note: One successful gmin step
Trying gmin =   1.0000E-06 Warning: Further gmin increment
Trying gmin =   5.6234E-06 Note: One successful gmin step
Trying gmin =   3.1623E-06 Note: One successful gmin step
Trying gmin =   1.7783E-06 Note: One successful gmin step
Trying gmin =   7.4989E-07 Note: One successful gmin step
Trying gmin =   2.0535E-07 Note: One successful gmin step
Trying gmin =   2.9427E-08 Warning: Further gmin increment
Trying gmin =   1.2635E-07 Note: One successful gmin step
Trying gmin =   6.0976E-08 Note: One successful gmin step
Trying gmin =   2.0443E-08 Note: One successful gmin step
Trying gmin =   3.9686E-09 Warning: Further gmin increment
Trying gmin =   1.3570E-08 Note: One successful gmin step
Trying gmin =   7.3384E-09 Note: One successful gmin step
Trying gmin =   2.9184E-09 Warning: Further gmin increment
Trying gmin =   5.8276E-09 Warning: Further gmin increment
Trying gmin =   6.9274E-09 Warning: Further gmin increment
Trying gmin =   7.2334E-09 Note: One successful gmin step
Trying gmin =   7.0788E-09 Note: One successful gmin step
Trying gmin =   6.8530E-09 Warning: Further gmin increment
Trying gmin =   7.0216E-09 Note: One successful gmin step
Trying gmin =   6.9368E-09 Note: One successful gmin step
Trying gmin =   6.8115E-09 Note: One successful gmin step
Trying gmin =   6.6884E-09 Note: One successful gmin step
Trying gmin =   6.5079E-09 Note: One successful gmin step
Trying gmin =   6.2463E-09 Note: One successful gmin step
Trying gmin =   5.8735E-09 Note: One successful gmin step
Trying gmin =   5.3556E-09 Note: One successful gmin step
Trying gmin =   4.6631E-09 Note: One successful gmin step
Trying gmin =   3.7885E-09 Note: One successful gmin step
Trying gmin =   2.7744E-09 Note: One successful gmin step
Trying gmin =   1.7386E-09 Note: One successful gmin step
Trying gmin =   8.6252E-10 Note: One successful gmin step
Trying gmin =   3.0138E-10 Note: One successful gmin step
Trying gmin =   1.0000E-10 Note: One successful gmin step
Note: Dynamic gmin stepping completed

Initial Transient Solution
--------------------------

Node                                   Voltage
----                                   -------
xdut.bpb                               2.93889
xdut.slice0.bpa_                       4.29879
avdd                                       5.5
en                                         5.5
xdut.slice1.bna_                      0.974215
avss                                         0
xdut.znp                              0.964431
xdut.bpa                               4.29879
xdut.bnb                               2.09123
xdut.zpp                               4.30831
xdut.bna                              0.974215
xdut.ypp                               5.41044
xdut.slice0.wp                         4.41163
xdut.znm                              0.985053
xdut.zpm                               4.29903
out                                    2.74983
xdut.ypm                               5.41035
xdut.xn                                 1.4862
xdut.slice1.bpa_                       4.29879
xdut.slice0.wn                         0.86496
xdut.ynm                             0.0840037
enb                                          0
xdut.slice1.wn                         0.86496
in                                        2.75
xdut.xp                                4.15686
xdut.slice0.bna_                      0.974215
xdut.ynp                             0.0840389
xdut.slice1.wp                         4.41163
ibias                                  2.09123
out_                                      2.75
v_out#branch                      -3.36139e-08
v_enb#branch                                 0
v_en#branch                           -5.5e-12
v_in#branch                          -2.75e-12
v_avdd#branch                     -0.000294945
v_avss#branch                      6.07264e-08


No. of Data Rows : 428
ERROR: (internal)  This operation is not defined for display type PrinterOnly.
Can't open viewport for graphics.
Fourier analysis for v(out):
  No. Harmonics: 10, THD: 0.0303511 %, Gridsize: 200, Interpolation Degree: 1

Harmonic Frequency   Magnitude   Phase       Norm. Mag   Norm. Phase
-------- ---------   ---------   -----       ---------   -----------
 0       0           2.7498      0           0           0          
 1       1000        2.73847     179.975     1           0          
 2       2000        0.000394818 8.5633      0.000144174 -171.41    
 3       3000        0.000489426 -118.14     0.000178722 -298.11    
 4       4000        0.000168234 169.711     6.14335e-05 -10.264    
 5       5000        0.000314549 50.0021     0.000114863 -129.97    
 6       6000        0.000123324 -30.324     4.50339e-05 -210.3     
 7       7000        0.000248979 -145.44     9.09188e-05 -325.41    
 8       8000        1.27184e-05 143.593     4.64435e-06 -36.382    
 9       9000        0.000301329 53.0226     0.000110035 -126.95    

thd = 3.035114e-02
binary raw file "./out/sp18.raw"
Doing analysis at TEMP = -40.000000 and TNOM = 27.000000

No. of Data Columns : 3  
Note: Starting dynamic gmin stepping
Trying gmin =   1.0000E-03 Note: One successful gmin step
Trying gmin =   1.0000E-04 Note: One successful gmin step
Trying gmin =   1.0000E-05 Note: One successful gmin step
Trying gmin =   1.0000E-06 Warning: Further gmin increment
Trying gmin =   5.6234E-06 Note: One successful gmin step
Trying gmin =   3.1623E-06 Note: One successful gmin step
Trying gmin =   1.7783E-06 Note: One successful gmin step
Trying gmin =   7.4989E-07 Note: One successful gmin step
Trying gmin =   2.0535E-07 Note: One successful gmin step
Trying gmin =   2.9427E-08 Warning: Further gmin increment
Trying gmin =   1.2635E-07 Note: One successful gmin step
Trying gmin =   6.0976E-08 Note: One successful gmin step
Trying gmin =   2.0443E-08 Note: One successful gmin step
Trying gmin =   3.9686E-09 Warning: Further gmin increment
Trying gmin =   1.3570E-08 Note: One successful gmin step
Trying gmin =   7.3384E-09 Note: One successful gmin step
Trying gmin =   2.9184E-09 Warning: Further gmin increment
Trying gmin =   5.8276E-09 Warning: Further gmin increment
Trying gmin =   6.9274E-09 Warning: Further gmin increment
Trying gmin =   7.2334E-09 Note: One successful gmin step
Trying gmin =   7.0788E-09 Note: One successful gmin step
Trying gmin =   6.8530E-09 Warning: Further gmin increment
Trying gmin =   7.0216E-09 Note: One successful gmin step
Trying gmin =   6.9368E-09 Note: One successful gmin step
Trying gmin =   6.8115E-09 Note: One successful gmin step
Trying gmin =   6.6884E-09 Note: One successful gmin step
Trying gmin =   6.5079E-09 Note: One successful gmin step
Trying gmin =   6.2463E-09 Note: One successful gmin step
Trying gmin =   5.8735E-09 Note: One successful gmin step
Trying gmin =   5.3556E-09 Note: One successful gmin step
Trying gmin =   4.6631E-09 Note: One successful gmin step
Trying gmin =   3.7885E-09 Note: One successful gmin step
Trying gmin =   2.7744E-09 Note: One successful gmin step
Trying gmin =   1.7386E-09 Note: One successful gmin step
Trying gmin =   8.6252E-10 Note: One successful gmin step
Trying gmin =   3.0138E-10 Note: One successful gmin step
Trying gmin =   1.0000E-10 Note: One successful gmin step
Note: Dynamic gmin stepping completed

Initial Transient Solution
--------------------------

Node                                   Voltage
----                                   -------
xdut.bpb                               2.93889
xdut.slice0.bpa_                       4.29879
avdd                                       5.5
en                                         5.5
xdut.slice1.bna_                      0.974215
avss                                         0
xdut.znp                              0.964431
xdut.bpa                               4.29879
xdut.bnb                               2.09123
xdut.zpp                               4.30831
xdut.bna                              0.974215
xdut.ypp                               5.41044
xdut.slice0.wp                         4.41163
xdut.znm                              0.985053
xdut.zpm                               4.29903
out                                    2.74983
xdut.ypm                               5.41035
xdut.xn                                 1.4862
xdut.slice1.bpa_                       4.29879
xdut.slice0.wn                         0.86496
xdut.ynm                             0.0840037
enb                                          0
xdut.slice1.wn                         0.86496
in                                        2.75
xdut.xp                                4.15686
xdut.slice0.bna_                      0.974215
xdut.ynp                             0.0840389
xdut.slice1.wp                         4.41163
ibias                                  2.09123
out_                                      2.75
v_out#branch                      -3.36139e-08
v_enb#branch                                 0
v_en#branch                           -5.5e-12
v_in#branch                          -2.75e-12
v_avdd#branch                     -0.000294945
v_avss#branch                      6.07264e-08


No. of Data Rows : 428

Total analysis time (seconds) = 625.456

Total elapsed time (seconds) = 674.598 

Total DRAM available = 7841.875 MB.
DRAM currently available =  627.820 MB.
Maximum ngspice program size = 2146.957 MB.
Current ngspice program size = 2129.109 MB.

Shared ngspice pages =   11.148 MB.
Text (code) pages =    5.461 MB.
Stack = 0 bytes.
Library pages = 2126.512 MB.

