
Note: Compatibility modes selected: hs a


Circuit: * num: 19 corner: ss vdd: 5.5 temp: 85

option SCALE: Scale is set to 1e-06 for instance and model parameters
option SCALE: Scale is set to 1e-06 for instance and model parameters
option SCALE: Scale is set to 1e-06 for instance and model parameters
option SCALE: Scale is set to 1e-06 for instance and model parameters
Option cshunt: 2254 capacitors added with 1e-15 F each
Warning: Model issue on line 0 :
  .model sky130_fd_pr__res_generic_m4 r tc1=    3.424000000000000e-03      ...
unrecognized parameter (tref) - ignored
Doing analysis at TEMP = 85.000000 and TNOM = 27.000000

Note: Starting dynamic gmin stepping
Trying gmin =   1.0000E-03 Note: One successful gmin step
Trying gmin =   1.0000E-04 Note: One successful gmin step
Trying gmin =   1.0000E-05 Note: One successful gmin step
Trying gmin =   1.0000E-06 Note: One successful gmin step
Trying gmin =   1.0000E-07 Note: One successful gmin step
Trying gmin =   3.1623E-08 Note: One successful gmin step
Trying gmin =   5.6234E-09 Warning: Further gmin increment
Trying gmin =   2.0535E-08 Note: One successful gmin step
Trying gmin =   1.0746E-08 Note: One successful gmin step
Trying gmin =   4.0679E-09 Warning: Further gmin increment
Trying gmin =   8.4291E-09 Warning: Further gmin increment
Trying gmin =   1.0113E-08 Note: One successful gmin step
Trying gmin =   9.2328E-09 Note: One successful gmin step
Trying gmin =   8.0539E-09 Note: One successful gmin step
Trying gmin =   6.5617E-09 Warning: Further gmin increment
Trying gmin =   7.6517E-09 Note: One successful gmin step
Trying gmin =   7.0858E-09 Warning: Further gmin increment
Trying gmin =   7.5061E-09 Note: One successful gmin step
Trying gmin =   7.2929E-09 Warning: Further gmin increment
Trying gmin =   7.4522E-09 Note: One successful gmin step
Trying gmin =   7.3722E-09 Note: One successful gmin step
Trying gmin =   7.2536E-09 Note: One successful gmin step
Trying gmin =   7.0794E-09 Note: One successful gmin step
Trying gmin =   6.8259E-09 Note: One successful gmin step
Trying gmin =   6.4625E-09 Note: One successful gmin step
Trying gmin =   5.9534E-09 Note: One successful gmin step
Trying gmin =   5.2639E-09 Note: One successful gmin step
Trying gmin =   4.3765E-09 Note: One successful gmin step
Trying gmin =   3.3179E-09 Note: One successful gmin step
Trying gmin =   2.1900E-09 Note: One successful gmin step
Trying gmin =   1.1745E-09 Note: One successful gmin step
Trying gmin =   4.6124E-10 Note: One successful gmin step
Trying gmin =   1.1352E-10 Note: One successful gmin step
Trying gmin =   1.0000E-10 Note: One successful gmin step
Note: Dynamic gmin stepping completed

Initial Transient Solution
--------------------------

Node                                   Voltage
----                                   -------
xdut.bpb                               3.36023
xdut.slice0.bpa_                       4.46121
avdd                                       5.5
en                                         5.5
xdut.slice1.bna_                      0.876546
avss                                         0
xdut.znp                               0.86142
xdut.bpa                               4.46121
xdut.bnb                               1.80389
xdut.zpp                               4.47587
xdut.bna                              0.876545
xdut.ypp                               5.37821
xdut.slice0.wp                         4.61499
xdut.znm                              0.893245
xdut.zpm                               4.46165
out                                    2.74988
xdut.ypm                                5.3781
xdut.xn                                1.60206
xdut.slice1.bpa_                       4.46121
xdut.slice0.wn                        0.715513
xdut.ynm                              0.121268
enb                                          0
xdut.slice1.wn                        0.715513
in                                        2.75
xdut.xp                                3.98537
xdut.slice0.bna_                      0.876546
xdut.ynp                              0.121251
xdut.slice1.wp                         4.61499
ibias                                  1.80389
out_                                      2.75
v_out#branch                       -2.3207e-08
v_enb#branch                                 0
v_en#branch                           -5.5e-12
v_in#branch                          -2.75e-12
v_avdd#branch                     -0.000284807
v_avss#branch                      6.09177e-08


No. of Data Rows : 425
ERROR: (internal)  This operation is not defined for display type PrinterOnly.
Can't open viewport for graphics.
Fourier analysis for v(out):
  No. Harmonics: 10, THD: 0.0582748 %, Gridsize: 200, Interpolation Degree: 1

Harmonic Frequency   Magnitude   Phase       Norm. Mag   Norm. Phase
-------- ---------   ---------   -----       ---------   -----------
 0       0           2.74988     0           0           0          
 1       1000        2.73821     179.967     1           0          
 2       2000        0.000320537 20.4884     0.000117061 -159.48    
 3       3000        0.000901925 -131.48     0.000329385 -311.45    
 4       4000        0.000136785 -138.72     4.9954e-05  -318.69    
 5       5000        0.000792602 48.4589     0.00028946  -131.51    
 6       6000        8.72834e-05 5.87422     3.18761e-05 -174.09    
 7       7000        0.000707915 -135.7      0.000258532 -315.67    
 8       8000        4.8783e-05  -135.98     1.78156e-05 -315.95    
 9       9000        0.00068697  48.0039     0.000250883 -131.96    

thd = 5.827478e-02
binary raw file "./out/sp19.raw"
Doing analysis at TEMP = 85.000000 and TNOM = 27.000000

No. of Data Columns : 3  
Note: Starting dynamic gmin stepping
Trying gmin =   1.0000E-03 Note: One successful gmin step
Trying gmin =   1.0000E-04 Note: One successful gmin step
Trying gmin =   1.0000E-05 Note: One successful gmin step
Trying gmin =   1.0000E-06 Note: One successful gmin step
Trying gmin =   1.0000E-07 Note: One successful gmin step
Trying gmin =   3.1623E-08 Note: One successful gmin step
Trying gmin =   5.6234E-09 Warning: Further gmin increment
Trying gmin =   2.0535E-08 Note: One successful gmin step
Trying gmin =   1.0746E-08 Note: One successful gmin step
Trying gmin =   4.0679E-09 Warning: Further gmin increment
Trying gmin =   8.4291E-09 Warning: Further gmin increment
Trying gmin =   1.0113E-08 Note: One successful gmin step
Trying gmin =   9.2328E-09 Note: One successful gmin step
Trying gmin =   8.0539E-09 Note: One successful gmin step
Trying gmin =   6.5617E-09 Warning: Further gmin increment
Trying gmin =   7.6517E-09 Note: One successful gmin step
Trying gmin =   7.0858E-09 Warning: Further gmin increment
Trying gmin =   7.5061E-09 Note: One successful gmin step
Trying gmin =   7.2929E-09 Warning: Further gmin increment
Trying gmin =   7.4522E-09 Note: One successful gmin step
Trying gmin =   7.3722E-09 Note: One successful gmin step
Trying gmin =   7.2536E-09 Note: One successful gmin step
Trying gmin =   7.0794E-09 Note: One successful gmin step
Trying gmin =   6.8259E-09 Note: One successful gmin step
Trying gmin =   6.4625E-09 Note: One successful gmin step
Trying gmin =   5.9534E-09 Note: One successful gmin step
Trying gmin =   5.2639E-09 Note: One successful gmin step
Trying gmin =   4.3765E-09 Note: One successful gmin step
Trying gmin =   3.3179E-09 Note: One successful gmin step
Trying gmin =   2.1900E-09 Note: One successful gmin step
Trying gmin =   1.1745E-09 Note: One successful gmin step
Trying gmin =   4.6124E-10 Note: One successful gmin step
Trying gmin =   1.1352E-10 Note: One successful gmin step
Trying gmin =   1.0000E-10 Note: One successful gmin step
Note: Dynamic gmin stepping completed

Initial Transient Solution
--------------------------

Node                                   Voltage
----                                   -------
xdut.bpb                               3.36023
xdut.slice0.bpa_                       4.46121
avdd                                       5.5
en                                         5.5
xdut.slice1.bna_                      0.876546
avss                                         0
xdut.znp                               0.86142
xdut.bpa                               4.46121
xdut.bnb                               1.80389
xdut.zpp                               4.47587
xdut.bna                              0.876545
xdut.ypp                               5.37821
xdut.slice0.wp                         4.61499
xdut.znm                              0.893245
xdut.zpm                               4.46165
out                                    2.74988
xdut.ypm                                5.3781
xdut.xn                                1.60206
xdut.slice1.bpa_                       4.46121
xdut.slice0.wn                        0.715513
xdut.ynm                              0.121268
enb                                          0
xdut.slice1.wn                        0.715513
in                                        2.75
xdut.xp                                3.98537
xdut.slice0.bna_                      0.876546
xdut.ynp                              0.121251
xdut.slice1.wp                         4.61499
ibias                                  1.80389
out_                                      2.75
v_out#branch                       -2.3207e-08
v_enb#branch                                 0
v_en#branch                           -5.5e-12
v_in#branch                          -2.75e-12
v_avdd#branch                     -0.000284807
v_avss#branch                      6.09177e-08


No. of Data Rows : 425

Total analysis time (seconds) = 578.638

Total elapsed time (seconds) = 626.017 

Total DRAM available = 7841.875 MB.
DRAM currently available =  630.195 MB.
Maximum ngspice program size = 2147.270 MB.
Current ngspice program size = 2129.398 MB.

Shared ngspice pages =   11.117 MB.
Text (code) pages =    5.461 MB.
Stack = 0 bytes.
Library pages = 2126.824 MB.

