
Note: Compatibility modes selected: hs a


Circuit: * num: 2 corner: ff vdd: 3.0 temp: -40

option SCALE: Scale is set to 1e-06 for instance and model parameters
option SCALE: Scale is set to 1e-06 for instance and model parameters
option SCALE: Scale is set to 1e-06 for instance and model parameters
option SCALE: Scale is set to 1e-06 for instance and model parameters
Option cshunt: 2254 capacitors added with 1e-15 F each
Warning: Model issue on line 0 :
  .model sky130_fd_pr__res_generic_m4 r tc1=    3.424000000000000e-03      ...
unrecognized parameter (tref) - ignored
Doing analysis at TEMP = -40.000000 and TNOM = 27.000000

Note: Starting dynamic gmin stepping
Trying gmin =   1.0000E-03 Note: One successful gmin step
Trying gmin =   1.0000E-04 Note: One successful gmin step
Trying gmin =   1.0000E-05 Note: One successful gmin step
Trying gmin =   1.0000E-06 Note: One successful gmin step
Trying gmin =   1.0000E-07 Note: One successful gmin step
Trying gmin =   1.0000E-08 Warning: Further gmin increment
Trying gmin =   5.6234E-08 Note: One successful gmin step
Trying gmin =   2.3714E-08 Note: One successful gmin step
Trying gmin =   6.4938E-09 Warning: Further gmin increment
Trying gmin =   1.7154E-08 Note: One successful gmin step
Trying gmin =   1.0554E-08 Warning: Further gmin increment
Trying gmin =   1.5193E-08 Note: One successful gmin step
Trying gmin =   1.2663E-08 Note: One successful gmin step
Trying gmin =   9.6358E-09 Note: One successful gmin step
Trying gmin =   6.3960E-09 Warning: Further gmin increment
Trying gmin =   8.6975E-09 Note: One successful gmin step
Trying gmin =   7.4585E-09 Warning: Further gmin increment
Trying gmin =   8.3696E-09 Note: One successful gmin step
Trying gmin =   7.9009E-09 Note: One successful gmin step
Trying gmin =   7.2466E-09 Note: One successful gmin step
Trying gmin =   6.3654E-09 Note: One successful gmin step
Trying gmin =   5.2403E-09 Note: One successful gmin step
Trying gmin =   3.9142E-09 Note: One successful gmin step
Trying gmin =   2.5269E-09 Note: One successful gmin step
Trying gmin =   1.3107E-09 Note: One successful gmin step
Trying gmin =   4.8963E-10 Note: One successful gmin step
Trying gmin =   1.1180E-10 Note: One successful gmin step
Trying gmin =   1.0000E-10 Note: One successful gmin step
Note: Dynamic gmin stepping completed

Initial Transient Solution
--------------------------

Node                                   Voltage
----                                   -------
xdut.bpb                              0.542585
xdut.slice0.bpa_                        1.8459
avdd                                         3
en                                           3
xdut.slice1.bna_                      0.939476
avss                                         0
xdut.znp                              0.928072
xdut.bpa                                1.8459
xdut.bnb                               2.01255
xdut.zpp                               1.85494
xdut.bna                              0.939475
xdut.ypp                                2.9114
xdut.slice0.wp                         1.96035
xdut.znm                              0.941986
xdut.zpm                                1.8497
out                                    1.49911
xdut.ypm                               2.91109
xdut.xn                               0.520033
xdut.slice1.bpa_                        1.8459
xdut.slice0.wn                        0.829622
xdut.ynm                             0.0829338
enb                                          0
xdut.slice1.wn                        0.829622
in                                         1.5
xdut.xp                                2.62376
xdut.slice0.bna_                      0.939476
xdut.ynp                             0.0832087
xdut.slice1.wp                         1.96035
ibias                                  2.01255
out_                                       1.5
v_out#branch                      -1.77457e-07
v_enb#branch                                 0
v_en#branch                             -3e-12
v_in#branch                           -1.5e-12
v_avdd#branch                     -0.000262002
v_avss#branch                      3.30372e-08


No. of Data Rows : 401
ERROR: (internal)  This operation is not defined for display type PrinterOnly.
Can't open viewport for graphics.
Fourier analysis for v(out):
  No. Harmonics: 10, THD: 0.042638 %, Gridsize: 200, Interpolation Degree: 1

Harmonic Frequency   Magnitude   Phase       Norm. Mag   Norm. Phase
-------- ---------   ---------   -----       ---------   -----------
 0       0           1.49853     0           0           0          
 1       1000        1.48895     179.972     1           0          
 2       2000        0.000395549 91.4068     0.000265656 -88.565    
 3       3000        0.000263159 -108.11     0.000176741 -288.08    
 4       4000        0.00019915  108.09      0.000133752 -71.882    
 5       5000        0.00019884  16.1779     0.000133544 -163.79    
 6       6000        0.000116855 81.7748     7.84814e-05 -98.197    
 7       7000        0.000204432 -121.98     0.000137299 -301.95    
 8       8000        5.14517e-05 -116.84     3.45556e-05 -296.81    
 9       9000        0.000200106 71.9441     0.000134394 -108.03    

thd = 4.263805e-02
binary raw file "./out/sp2.raw"
Doing analysis at TEMP = -40.000000 and TNOM = 27.000000

No. of Data Columns : 3  
Note: Starting dynamic gmin stepping
Trying gmin =   1.0000E-03 Note: One successful gmin step
Trying gmin =   1.0000E-04 Note: One successful gmin step
Trying gmin =   1.0000E-05 Note: One successful gmin step
Trying gmin =   1.0000E-06 Note: One successful gmin step
Trying gmin =   1.0000E-07 Note: One successful gmin step
Trying gmin =   1.0000E-08 Warning: Further gmin increment
Trying gmin =   5.6234E-08 Note: One successful gmin step
Trying gmin =   2.3714E-08 Note: One successful gmin step
Trying gmin =   6.4938E-09 Warning: Further gmin increment
Trying gmin =   1.7154E-08 Note: One successful gmin step
Trying gmin =   1.0554E-08 Warning: Further gmin increment
Trying gmin =   1.5193E-08 Note: One successful gmin step
Trying gmin =   1.2663E-08 Note: One successful gmin step
Trying gmin =   9.6358E-09 Note: One successful gmin step
Trying gmin =   6.3960E-09 Warning: Further gmin increment
Trying gmin =   8.6975E-09 Note: One successful gmin step
Trying gmin =   7.4585E-09 Warning: Further gmin increment
Trying gmin =   8.3696E-09 Note: One successful gmin step
Trying gmin =   7.9009E-09 Note: One successful gmin step
Trying gmin =   7.2466E-09 Note: One successful gmin step
Trying gmin =   6.3654E-09 Note: One successful gmin step
Trying gmin =   5.2403E-09 Note: One successful gmin step
Trying gmin =   3.9142E-09 Note: One successful gmin step
Trying gmin =   2.5269E-09 Note: One successful gmin step
Trying gmin =   1.3107E-09 Note: One successful gmin step
Trying gmin =   4.8963E-10 Note: One successful gmin step
Trying gmin =   1.1180E-10 Note: One successful gmin step
Trying gmin =   1.0000E-10 Note: One successful gmin step
Note: Dynamic gmin stepping completed

Initial Transient Solution
--------------------------

Node                                   Voltage
----                                   -------
xdut.bpb                              0.542585
xdut.slice0.bpa_                        1.8459
avdd                                         3
en                                           3
xdut.slice1.bna_                      0.939476
avss                                         0
xdut.znp                              0.928072
xdut.bpa                                1.8459
xdut.bnb                               2.01255
xdut.zpp                               1.85494
xdut.bna                              0.939475
xdut.ypp                                2.9114
xdut.slice0.wp                         1.96035
xdut.znm                              0.941986
xdut.zpm                                1.8497
out                                    1.49911
xdut.ypm                               2.91109
xdut.xn                               0.520033
xdut.slice1.bpa_                        1.8459
xdut.slice0.wn                        0.829622
xdut.ynm                             0.0829338
enb                                          0
xdut.slice1.wn                        0.829622
in                                         1.5
xdut.xp                                2.62376
xdut.slice0.bna_                      0.939476
xdut.ynp                             0.0832087
xdut.slice1.wp                         1.96035
ibias                                  2.01255
out_                                       1.5
v_out#branch                      -1.77457e-07
v_enb#branch                                 0
v_en#branch                             -3e-12
v_in#branch                           -1.5e-12
v_avdd#branch                     -0.000262002
v_avss#branch                      3.30372e-08


No. of Data Rows : 401

Total analysis time (seconds) = 468.857

Total elapsed time (seconds) = 532.672 

Total DRAM available = 7841.875 MB.
DRAM currently available =  596.926 MB.
Maximum ngspice program size = 2147.316 MB.
Current ngspice program size = 2129.238 MB.

Shared ngspice pages =   10.914 MB.
Text (code) pages =    5.461 MB.
Stack = 0 bytes.
Library pages = 2126.871 MB.

