
Note: Compatibility modes selected: hs a


Circuit: * num: 20 corner: ff vdd: 5.5 temp: 85

option SCALE: Scale is set to 1e-06 for instance and model parameters
option SCALE: Scale is set to 1e-06 for instance and model parameters
option SCALE: Scale is set to 1e-06 for instance and model parameters
option SCALE: Scale is set to 1e-06 for instance and model parameters
Option cshunt: 2254 capacitors added with 1e-15 F each
Warning: Model issue on line 0 :
  .model sky130_fd_pr__res_generic_m4 r tc1=    3.424000000000000e-03      ...
unrecognized parameter (tref) - ignored
Doing analysis at TEMP = 85.000000 and TNOM = 27.000000

Note: Starting dynamic gmin stepping
Trying gmin =   1.0000E-03 Note: One successful gmin step
Trying gmin =   1.0000E-04 Note: One successful gmin step
Trying gmin =   1.0000E-05 Note: One successful gmin step
Trying gmin =   1.0000E-06 Note: One successful gmin step
Trying gmin =   3.1623E-07 Note: One successful gmin step
Trying gmin =   5.6234E-08 Note: One successful gmin step
Trying gmin =   2.3714E-08 Note: One successful gmin step
Trying gmin =   6.4938E-09 Warning: Further gmin increment
Trying gmin =   1.7154E-08 Note: One successful gmin step
Trying gmin =   1.0554E-08 Note: One successful gmin step
Trying gmin =   5.0937E-09 Warning: Further gmin increment
Trying gmin =   8.7970E-09 Warning: Further gmin increment
Trying gmin =   1.0085E-08 Note: One successful gmin step
Trying gmin =   9.4189E-09 Note: One successful gmin step
Trying gmin =   8.5017E-09 Note: One successful gmin step
Trying gmin =   7.2906E-09 Warning: Further gmin increment
Trying gmin =   8.1812E-09 Note: One successful gmin step
Trying gmin =   7.7231E-09 Warning: Further gmin increment
Trying gmin =   8.0642E-09 Note: One successful gmin step
Trying gmin =   7.8918E-09 Note: One successful gmin step
Trying gmin =   7.6401E-09 Note: One successful gmin step
Trying gmin =   7.3964E-09 Note: One successful gmin step
Trying gmin =   7.0453E-09 Note: One successful gmin step
Trying gmin =   6.5498E-09 Note: One successful gmin step
Trying gmin =   5.8710E-09 Note: One successful gmin step
Trying gmin =   4.9824E-09 Note: One successful gmin step
Trying gmin =   3.8952E-09 Note: One successful gmin step
Trying gmin =   2.6926E-09 Note: One successful gmin step
Trying gmin =   1.5475E-09 Note: One successful gmin step
Trying gmin =   6.7424E-10 Note: One successful gmin step
Trying gmin =   1.9391E-10 Note: One successful gmin step
Trying gmin =   1.0000E-10 Note: One successful gmin step
Note: Dynamic gmin stepping completed

Initial Transient Solution
--------------------------

Node                                   Voltage
----                                   -------
xdut.bpb                               3.56782
xdut.slice0.bpa_                       4.55419
avdd                                       5.5
en                                         5.5
xdut.slice1.bna_                      0.805284
avss                                         0
xdut.znp                              0.790819
xdut.bpa                               4.55419
xdut.bnb                               1.64155
xdut.zpp                               4.56896
xdut.bna                              0.805284
xdut.ypp                               5.37917
xdut.slice0.wp                         4.70641
xdut.znm                              0.823741
xdut.zpm                                4.5538
out                                    2.75005
xdut.ypm                                5.3791
xdut.xn                                1.66044
xdut.slice1.bpa_                       4.55419
xdut.slice0.wn                        0.645351
xdut.ynm                              0.120757
enb                                          0
xdut.slice1.wn                        0.645351
in                                        2.75
xdut.xp                                 3.9094
xdut.slice0.bna_                      0.805284
xdut.ynp                              0.120665
xdut.slice1.wp                         4.70641
ibias                                  1.64155
out_                                      2.75
v_out#branch                       9.51993e-09
v_enb#branch                                 0
v_en#branch                           -5.5e-12
v_in#branch                          -2.75e-12
v_avdd#branch                      -0.00029077
v_avss#branch                      6.09263e-08


No. of Data Rows : 418
ERROR: (internal)  This operation is not defined for display type PrinterOnly.
Can't open viewport for graphics.
Fourier analysis for v(out):
  No. Harmonics: 10, THD: 0.0561125 %, Gridsize: 200, Interpolation Degree: 1

Harmonic Frequency   Magnitude   Phase       Norm. Mag   Norm. Phase
-------- ---------   ---------   -----       ---------   -----------
 0       0           2.7499      0           0           0          
 1       1000        2.73765     179.97      1           0          
 2       2000        0.000327436 112.442     0.000119605 -67.528    
 3       3000        0.000783638 -136.32     0.000286245 -316.29    
 4       4000        0.00026384  -87.866     9.63747e-05 -267.84    
 5       5000        0.000766922 48.6393     0.000280139 -131.33    
 6       6000        0.000200324 70.4242     7.31736e-05 -109.55    
 7       7000        0.000700582 -134.89     0.000255906 -314.86    
 8       8000        0.000159262 -121.57     5.81748e-05 -301.54    
 9       9000        0.000651463 48.4217     0.000237964 -131.55    

thd = 5.611250e-02
binary raw file "./out/sp20.raw"
Doing analysis at TEMP = 85.000000 and TNOM = 27.000000

No. of Data Columns : 3  
Note: Starting dynamic gmin stepping
Trying gmin =   1.0000E-03 Note: One successful gmin step
Trying gmin =   1.0000E-04 Note: One successful gmin step
Trying gmin =   1.0000E-05 Note: One successful gmin step
Trying gmin =   1.0000E-06 Note: One successful gmin step
Trying gmin =   3.1623E-07 Note: One successful gmin step
Trying gmin =   5.6234E-08 Note: One successful gmin step
Trying gmin =   2.3714E-08 Note: One successful gmin step
Trying gmin =   6.4938E-09 Warning: Further gmin increment
Trying gmin =   1.7154E-08 Note: One successful gmin step
Trying gmin =   1.0554E-08 Note: One successful gmin step
Trying gmin =   5.0937E-09 Warning: Further gmin increment
Trying gmin =   8.7970E-09 Warning: Further gmin increment
Trying gmin =   1.0085E-08 Note: One successful gmin step
Trying gmin =   9.4189E-09 Note: One successful gmin step
Trying gmin =   8.5017E-09 Note: One successful gmin step
Trying gmin =   7.2906E-09 Warning: Further gmin increment
Trying gmin =   8.1812E-09 Note: One successful gmin step
Trying gmin =   7.7231E-09 Warning: Further gmin increment
Trying gmin =   8.0642E-09 Note: One successful gmin step
Trying gmin =   7.8918E-09 Note: One successful gmin step
Trying gmin =   7.6401E-09 Note: One successful gmin step
Trying gmin =   7.3964E-09 Note: One successful gmin step
Trying gmin =   7.0453E-09 Note: One successful gmin step
Trying gmin =   6.5498E-09 Note: One successful gmin step
Trying gmin =   5.8710E-09 Note: One successful gmin step
Trying gmin =   4.9824E-09 Note: One successful gmin step
Trying gmin =   3.8952E-09 Note: One successful gmin step
Trying gmin =   2.6926E-09 Note: One successful gmin step
Trying gmin =   1.5475E-09 Note: One successful gmin step
Trying gmin =   6.7424E-10 Note: One successful gmin step
Trying gmin =   1.9391E-10 Note: One successful gmin step
Trying gmin =   1.0000E-10 Note: One successful gmin step
Note: Dynamic gmin stepping completed

Initial Transient Solution
--------------------------

Node                                   Voltage
----                                   -------
xdut.bpb                               3.56782
xdut.slice0.bpa_                       4.55419
avdd                                       5.5
en                                         5.5
xdut.slice1.bna_                      0.805284
avss                                         0
xdut.znp                              0.790819
xdut.bpa                               4.55419
xdut.bnb                               1.64155
xdut.zpp                               4.56896
xdut.bna                              0.805284
xdut.ypp                               5.37917
xdut.slice0.wp                         4.70641
xdut.znm                              0.823741
xdut.zpm                                4.5538
out                                    2.75005
xdut.ypm                                5.3791
xdut.xn                                1.66044
xdut.slice1.bpa_                       4.55419
xdut.slice0.wn                        0.645351
xdut.ynm                              0.120757
enb                                          0
xdut.slice1.wn                        0.645351
in                                        2.75
xdut.xp                                 3.9094
xdut.slice0.bna_                      0.805284
xdut.ynp                              0.120665
xdut.slice1.wp                         4.70641
ibias                                  1.64155
out_                                      2.75
v_out#branch                       9.51993e-09
v_enb#branch                                 0
v_en#branch                           -5.5e-12
v_in#branch                          -2.75e-12
v_avdd#branch                      -0.00029077
v_avss#branch                      6.09263e-08


No. of Data Rows : 418

Total analysis time (seconds) = 523.424

Total elapsed time (seconds) = 570.873 

Total DRAM available = 7841.875 MB.
DRAM currently available =  627.645 MB.
Maximum ngspice program size = 2147.281 MB.
Current ngspice program size = 2128.949 MB.

Shared ngspice pages =   10.652 MB.
Text (code) pages =    5.461 MB.
Stack = 0 bytes.
Library pages = 2126.836 MB.

