
Note: Compatibility modes selected: hs a


Circuit: * num: 21 corner: sf vdd: 5.5 temp: 85

option SCALE: Scale is set to 1e-06 for instance and model parameters
option SCALE: Scale is set to 1e-06 for instance and model parameters
option SCALE: Scale is set to 1e-06 for instance and model parameters
option SCALE: Scale is set to 1e-06 for instance and model parameters
Option cshunt: 2254 capacitors added with 1e-15 F each
Warning: Model issue on line 0 :
  .model sky130_fd_pr__res_generic_m4 r tc1=    3.424000000000000e-03      ...
unrecognized parameter (tref) - ignored
Doing analysis at TEMP = 85.000000 and TNOM = 27.000000

Note: Starting dynamic gmin stepping
Trying gmin =   1.0000E-03 Note: One successful gmin step
Trying gmin =   1.0000E-04 Note: One successful gmin step
Trying gmin =   1.0000E-05 Note: One successful gmin step
Trying gmin =   1.0000E-06 Note: One successful gmin step
Trying gmin =   1.0000E-07 Note: One successful gmin step
Trying gmin =   3.1623E-08 Note: One successful gmin step
Trying gmin =   5.6234E-09 Warning: Further gmin increment
Trying gmin =   2.0535E-08 Note: One successful gmin step
Trying gmin =   1.0746E-08 Note: One successful gmin step
Trying gmin =   4.0679E-09 Warning: Further gmin increment
Trying gmin =   8.4291E-09 Warning: Further gmin increment
Trying gmin =   1.0113E-08 Note: One successful gmin step
Trying gmin =   9.2328E-09 Note: One successful gmin step
Trying gmin =   8.0539E-09 Warning: Further gmin increment
Trying gmin =   8.9228E-09 Note: One successful gmin step
Trying gmin =   8.4772E-09 Note: One successful gmin step
Trying gmin =   7.8502E-09 Warning: Further gmin increment
Trying gmin =   8.3159E-09 Note: One successful gmin step
Trying gmin =   8.0797E-09 Note: One successful gmin step
Trying gmin =   7.7379E-09 Note: One successful gmin step
Trying gmin =   7.2522E-09 Note: One successful gmin step
Trying gmin =   6.5801E-09 Note: One successful gmin step
Trying gmin =   5.6870E-09 Note: One successful gmin step
Trying gmin =   4.5693E-09 Note: One successful gmin step
Trying gmin =   3.2908E-09 Note: One successful gmin step
Trying gmin =   2.0114E-09 Note: One successful gmin step
Trying gmin =   9.6110E-10 Note: One successful gmin step
Trying gmin =   3.1746E-10 Note: One successful gmin step
Trying gmin =   1.0000E-10 Note: One successful gmin step
Note: Dynamic gmin stepping completed

Initial Transient Solution
--------------------------

Node                                   Voltage
----                                   -------
xdut.bpb                                3.2635
xdut.slice0.bpa_                       4.41786
avdd                                       5.5
en                                         5.5
xdut.slice1.bna_                      0.764143
avss                                         0
xdut.znp                              0.749086
xdut.bpa                               4.41786
xdut.bnb                               1.54733
xdut.zpp                                4.4324
xdut.bna                              0.764143
xdut.ypp                               5.37791
xdut.slice0.wp                         4.57183
xdut.znm                               0.78102
xdut.zpm                               4.41806
out                                    2.74989
xdut.ypm                               5.37781
xdut.xn                                1.69359
xdut.slice1.bpa_                       4.41786
xdut.slice0.wn                        0.604239
xdut.ynm                              0.120589
enb                                          0
xdut.slice1.wn                        0.604239
in                                        2.75
xdut.xp                                4.02044
xdut.slice0.bna_                      0.764143
xdut.ynp                              0.120557
xdut.slice1.wp                         4.57183
ibias                                  1.54733
out_                                      2.75
v_out#branch                       -2.1443e-08
v_enb#branch                                 0
v_en#branch                           -5.5e-12
v_in#branch                          -2.75e-12
v_avdd#branch                     -0.000286408
v_avss#branch                       6.0656e-08


No. of Data Rows : 422
ERROR: (internal)  This operation is not defined for display type PrinterOnly.
Can't open viewport for graphics.
Fourier analysis for v(out):
  No. Harmonics: 10, THD: 0.0559534 %, Gridsize: 200, Interpolation Degree: 1

Harmonic Frequency   Magnitude   Phase       Norm. Mag   Norm. Phase
-------- ---------   ---------   -----       ---------   -----------
 0       0           2.74971     0           0           0          
 1       1000        2.73756     179.969     1           0          
 2       2000        0.000320164 92.3112     0.000116952 -87.658    
 3       3000        0.000780896 -132.46     0.000285252 -312.43    
 4       4000        0.000207531 -100.12     7.58088e-05 -280.09    
 5       5000        0.000754515 51.4267     0.000275616 -128.54    
 6       6000        0.000166042 40.8541     6.06531e-05 -139.12    
 7       7000        0.000701077 -133.14     0.000256096 -313.11    
 8       8000        0.000120416 -143.76     4.39866e-05 -323.73    
 9       9000        0.000698598 49.7634     0.00025519  -130.21    

thd = 5.595343e-02
binary raw file "./out/sp21.raw"
Doing analysis at TEMP = 85.000000 and TNOM = 27.000000

No. of Data Columns : 3  
Note: Starting dynamic gmin stepping
Trying gmin =   1.0000E-03 Note: One successful gmin step
Trying gmin =   1.0000E-04 Note: One successful gmin step
Trying gmin =   1.0000E-05 Note: One successful gmin step
Trying gmin =   1.0000E-06 Note: One successful gmin step
Trying gmin =   1.0000E-07 Note: One successful gmin step
Trying gmin =   3.1623E-08 Note: One successful gmin step
Trying gmin =   5.6234E-09 Warning: Further gmin increment
Trying gmin =   2.0535E-08 Note: One successful gmin step
Trying gmin =   1.0746E-08 Note: One successful gmin step
Trying gmin =   4.0679E-09 Warning: Further gmin increment
Trying gmin =   8.4291E-09 Warning: Further gmin increment
Trying gmin =   1.0113E-08 Note: One successful gmin step
Trying gmin =   9.2328E-09 Note: One successful gmin step
Trying gmin =   8.0539E-09 Warning: Further gmin increment
Trying gmin =   8.9228E-09 Note: One successful gmin step
Trying gmin =   8.4772E-09 Note: One successful gmin step
Trying gmin =   7.8502E-09 Warning: Further gmin increment
Trying gmin =   8.3159E-09 Note: One successful gmin step
Trying gmin =   8.0797E-09 Note: One successful gmin step
Trying gmin =   7.7379E-09 Note: One successful gmin step
Trying gmin =   7.2522E-09 Note: One successful gmin step
Trying gmin =   6.5801E-09 Note: One successful gmin step
Trying gmin =   5.6870E-09 Note: One successful gmin step
Trying gmin =   4.5693E-09 Note: One successful gmin step
Trying gmin =   3.2908E-09 Note: One successful gmin step
Trying gmin =   2.0114E-09 Note: One successful gmin step
Trying gmin =   9.6110E-10 Note: One successful gmin step
Trying gmin =   3.1746E-10 Note: One successful gmin step
Trying gmin =   1.0000E-10 Note: One successful gmin step
Note: Dynamic gmin stepping completed

Initial Transient Solution
--------------------------

Node                                   Voltage
----                                   -------
xdut.bpb                                3.2635
xdut.slice0.bpa_                       4.41786
avdd                                       5.5
en                                         5.5
xdut.slice1.bna_                      0.764143
avss                                         0
xdut.znp                              0.749086
xdut.bpa                               4.41786
xdut.bnb                               1.54733
xdut.zpp                                4.4324
xdut.bna                              0.764143
xdut.ypp                               5.37791
xdut.slice0.wp                         4.57183
xdut.znm                               0.78102
xdut.zpm                               4.41806
out                                    2.74989
xdut.ypm                               5.37781
xdut.xn                                1.69359
xdut.slice1.bpa_                       4.41786
xdut.slice0.wn                        0.604239
xdut.ynm                              0.120589
enb                                          0
xdut.slice1.wn                        0.604239
in                                        2.75
xdut.xp                                4.02044
xdut.slice0.bna_                      0.764143
xdut.ynp                              0.120557
xdut.slice1.wp                         4.57183
ibias                                  1.54733
out_                                      2.75
v_out#branch                       -2.1443e-08
v_enb#branch                                 0
v_en#branch                           -5.5e-12
v_in#branch                          -2.75e-12
v_avdd#branch                     -0.000286408
v_avss#branch                       6.0656e-08


No. of Data Rows : 422

Total analysis time (seconds) = 540.919

Total elapsed time (seconds) = 588.214 

Total DRAM available = 7841.875 MB.
DRAM currently available =  610.652 MB.
Maximum ngspice program size = 2146.969 MB.
Current ngspice program size = 2128.863 MB.

Shared ngspice pages =   10.891 MB.
Text (code) pages =    5.461 MB.
Stack = 0 bytes.
Library pages = 2126.523 MB.

