
Note: Compatibility modes selected: hs a


Circuit: * num: 22 corner: fs vdd: 5.5 temp: 85

option SCALE: Scale is set to 1e-06 for instance and model parameters
option SCALE: Scale is set to 1e-06 for instance and model parameters
option SCALE: Scale is set to 1e-06 for instance and model parameters
option SCALE: Scale is set to 1e-06 for instance and model parameters
Option cshunt: 2254 capacitors added with 1e-15 F each
Warning: Model issue on line 0 :
  .model sky130_fd_pr__res_generic_m4 r tc1=    3.424000000000000e-03      ...
unrecognized parameter (tref) - ignored
Doing analysis at TEMP = 85.000000 and TNOM = 27.000000

Note: Starting dynamic gmin stepping
Trying gmin =   1.0000E-03 Note: One successful gmin step
Trying gmin =   1.0000E-04 Note: One successful gmin step
Trying gmin =   1.0000E-05 Note: One successful gmin step
Trying gmin =   1.0000E-06 Note: One successful gmin step
Trying gmin =   1.0000E-07 Note: One successful gmin step
Trying gmin =   1.0000E-08 Warning: Further gmin increment
Trying gmin =   5.6234E-08 Note: One successful gmin step
Trying gmin =   2.3714E-08 Note: One successful gmin step
Trying gmin =   6.4938E-09 Warning: Further gmin increment
Trying gmin =   1.7154E-08 Note: One successful gmin step
Trying gmin =   1.0554E-08 Note: One successful gmin step
Trying gmin =   5.0937E-09 Warning: Further gmin increment
Trying gmin =   8.7970E-09 Note: One successful gmin step
Trying gmin =   6.6940E-09 Warning: Further gmin increment
Trying gmin =   8.2162E-09 Note: One successful gmin step
Trying gmin =   7.4161E-09 Note: One successful gmin step
Trying gmin =   6.3597E-09 Warning: Further gmin increment
Trying gmin =   7.1366E-09 Warning: Further gmin increment
Trying gmin =   7.3453E-09 Note: One successful gmin step
Trying gmin =   7.2402E-09 Note: One successful gmin step
Trying gmin =   7.0854E-09 Note: One successful gmin step
Trying gmin =   6.8594E-09 Warning: Further gmin increment
Trying gmin =   7.0282E-09 Note: One successful gmin step
Trying gmin =   6.9433E-09 Note: One successful gmin step
Trying gmin =   6.8178E-09 Note: One successful gmin step
Trying gmin =   6.6339E-09 Note: One successful gmin step
Trying gmin =   6.3672E-09 Note: One successful gmin step
Trying gmin =   5.9872E-09 Note: One successful gmin step
Trying gmin =   5.4592E-09 Note: One successful gmin step
Trying gmin =   4.7533E-09 Note: One successful gmin step
Trying gmin =   3.8618E-09 Note: One successful gmin step
Trying gmin =   2.8281E-09 Note: One successful gmin step
Trying gmin =   1.7723E-09 Note: One successful gmin step
Trying gmin =   8.7921E-10 Note: One successful gmin step
Trying gmin =   3.0721E-10 Note: One successful gmin step
Trying gmin =   1.0000E-10 Note: One successful gmin step
Note: Dynamic gmin stepping completed

Initial Transient Solution
--------------------------

Node                                   Voltage
----                                   -------
xdut.bpb                               3.66477
xdut.slice0.bpa_                       4.59752
avdd                                       5.5
en                                         5.5
xdut.slice1.bna_                      0.917697
avss                                         0
xdut.znp                              0.903201
xdut.bpa                               4.59752
xdut.bnb                               1.89767
xdut.zpp                               4.61248
xdut.bna                              0.917696
xdut.ypp                               5.37952
xdut.slice0.wp                         4.74951
xdut.znm                              0.935914
xdut.zpm                                4.5974
out                                     2.7501
xdut.ypm                               5.37947
xdut.xn                                1.56902
xdut.slice1.bpa_                       4.59752
xdut.slice0.wn                        0.756667
xdut.ynm                              0.121446
enb                                          0
xdut.slice1.wn                        0.756667
in                                        2.75
xdut.xp                                3.87441
xdut.slice0.bna_                      0.917697
xdut.ynp                              0.121345
xdut.slice1.wp                         4.74951
ibias                                  1.89767
out_                                      2.75
v_out#branch                       1.97482e-08
v_enb#branch                                 0
v_en#branch                           -5.5e-12
v_in#branch                          -2.75e-12
v_avdd#branch                     -0.000288957
v_avss#branch                      6.11808e-08


No. of Data Rows : 419
ERROR: (internal)  This operation is not defined for display type PrinterOnly.
Can't open viewport for graphics.
Fourier analysis for v(out):
  No. Harmonics: 10, THD: 0.0574217 %, Gridsize: 200, Interpolation Degree: 1

Harmonic Frequency   Magnitude   Phase       Norm. Mag   Norm. Phase
-------- ---------   ---------   -----       ---------   -----------
 0       0           2.74971     0           0           0          
 1       1000        2.73804     179.973     1           0          
 2       2000        0.000581156 117.085     0.000212253 -62.888    
 3       3000        0.000615164 -135.93     0.000224673 -315.9     
 4       4000        0.000309724 -87.72      0.000113119 -267.69    
 5       5000        0.000743537 55.6369     0.000271558 -124.34    
 6       6000        0.000269507 72.2594     9.84306e-05 -107.71    
 7       7000        0.000698683 -128.98     0.000255176 -308.96    
 8       8000        0.000199182 -129.15     7.27461e-05 -309.12    
 9       9000        0.000711681 53.4418     0.000259923 -126.53    

thd = 5.742165e-02
binary raw file "./out/sp22.raw"
Doing analysis at TEMP = 85.000000 and TNOM = 27.000000

No. of Data Columns : 3  
Note: Starting dynamic gmin stepping
Trying gmin =   1.0000E-03 Note: One successful gmin step
Trying gmin =   1.0000E-04 Note: One successful gmin step
Trying gmin =   1.0000E-05 Note: One successful gmin step
Trying gmin =   1.0000E-06 Note: One successful gmin step
Trying gmin =   1.0000E-07 Note: One successful gmin step
Trying gmin =   1.0000E-08 Warning: Further gmin increment
Trying gmin =   5.6234E-08 Note: One successful gmin step
Trying gmin =   2.3714E-08 Note: One successful gmin step
Trying gmin =   6.4938E-09 Warning: Further gmin increment
Trying gmin =   1.7154E-08 Note: One successful gmin step
Trying gmin =   1.0554E-08 Note: One successful gmin step
Trying gmin =   5.0937E-09 Warning: Further gmin increment
Trying gmin =   8.7970E-09 Note: One successful gmin step
Trying gmin =   6.6940E-09 Warning: Further gmin increment
Trying gmin =   8.2162E-09 Note: One successful gmin step
Trying gmin =   7.4161E-09 Note: One successful gmin step
Trying gmin =   6.3597E-09 Warning: Further gmin increment
Trying gmin =   7.1366E-09 Warning: Further gmin increment
Trying gmin =   7.3453E-09 Note: One successful gmin step
Trying gmin =   7.2402E-09 Note: One successful gmin step
Trying gmin =   7.0854E-09 Note: One successful gmin step
Trying gmin =   6.8594E-09 Warning: Further gmin increment
Trying gmin =   7.0282E-09 Note: One successful gmin step
Trying gmin =   6.9433E-09 Note: One successful gmin step
Trying gmin =   6.8178E-09 Note: One successful gmin step
Trying gmin =   6.6339E-09 Note: One successful gmin step
Trying gmin =   6.3672E-09 Note: One successful gmin step
Trying gmin =   5.9872E-09 Note: One successful gmin step
Trying gmin =   5.4592E-09 Note: One successful gmin step
Trying gmin =   4.7533E-09 Note: One successful gmin step
Trying gmin =   3.8618E-09 Note: One successful gmin step
Trying gmin =   2.8281E-09 Note: One successful gmin step
Trying gmin =   1.7723E-09 Note: One successful gmin step
Trying gmin =   8.7921E-10 Note: One successful gmin step
Trying gmin =   3.0721E-10 Note: One successful gmin step
Trying gmin =   1.0000E-10 Note: One successful gmin step
Note: Dynamic gmin stepping completed

Initial Transient Solution
--------------------------

Node                                   Voltage
----                                   -------
xdut.bpb                               3.66477
xdut.slice0.bpa_                       4.59752
avdd                                       5.5
en                                         5.5
xdut.slice1.bna_                      0.917697
avss                                         0
xdut.znp                              0.903201
xdut.bpa                               4.59752
xdut.bnb                               1.89767
xdut.zpp                               4.61248
xdut.bna                              0.917696
xdut.ypp                               5.37952
xdut.slice0.wp                         4.74951
xdut.znm                              0.935914
xdut.zpm                                4.5974
out                                     2.7501
xdut.ypm                               5.37947
xdut.xn                                1.56902
xdut.slice1.bpa_                       4.59752
xdut.slice0.wn                        0.756667
xdut.ynm                              0.121446
enb                                          0
xdut.slice1.wn                        0.756667
in                                        2.75
xdut.xp                                3.87441
xdut.slice0.bna_                      0.917697
xdut.ynp                              0.121345
xdut.slice1.wp                         4.74951
ibias                                  1.89767
out_                                      2.75
v_out#branch                       1.97482e-08
v_enb#branch                                 0
v_en#branch                           -5.5e-12
v_in#branch                          -2.75e-12
v_avdd#branch                     -0.000288957
v_avss#branch                      6.11808e-08


No. of Data Rows : 419

Total analysis time (seconds) = 549.503

Total elapsed time (seconds) = 596.933 

Total DRAM available = 7841.875 MB.
DRAM currently available =  605.852 MB.
Maximum ngspice program size = 2146.934 MB.
Current ngspice program size = 2129.074 MB.

Shared ngspice pages =   11.129 MB.
Text (code) pages =    5.461 MB.
Stack = 0 bytes.
Library pages = 2126.488 MB.

