
Note: Compatibility modes selected: hs a


Circuit: * num: 23 corner: ll vdd: 5.5 temp: 85

option SCALE: Scale is set to 1e-06 for instance and model parameters
option SCALE: Scale is set to 1e-06 for instance and model parameters
option SCALE: Scale is set to 1e-06 for instance and model parameters
option SCALE: Scale is set to 1e-06 for instance and model parameters
Option cshunt: 2254 capacitors added with 1e-15 F each
Warning: Model issue on line 0 :
  .model sky130_fd_pr__res_generic_m4 r tc1=    3.424000000000000e-03      ...
unrecognized parameter (tref) - ignored
Doing analysis at TEMP = 85.000000 and TNOM = 27.000000

Note: Starting dynamic gmin stepping
Trying gmin =   1.0000E-03 Note: One successful gmin step
Trying gmin =   1.0000E-04 Note: One successful gmin step
Trying gmin =   1.0000E-05 Note: One successful gmin step
Trying gmin =   1.0000E-06 Note: One successful gmin step
Trying gmin =   3.1623E-07 Note: One successful gmin step
Trying gmin =   5.6234E-08 Note: One successful gmin step
Trying gmin =   2.3714E-08 Note: One successful gmin step
Trying gmin =   6.4938E-09 Warning: Further gmin increment
Trying gmin =   1.7154E-08 Note: One successful gmin step
Trying gmin =   1.0554E-08 Note: One successful gmin step
Trying gmin =   5.0937E-09 Warning: Further gmin increment
Trying gmin =   8.7970E-09 Note: One successful gmin step
Trying gmin =   6.6940E-09 Warning: Further gmin increment
Trying gmin =   8.2162E-09 Note: One successful gmin step
Trying gmin =   7.4161E-09 Warning: Further gmin increment
Trying gmin =   8.0085E-09 Note: One successful gmin step
Trying gmin =   7.7066E-09 Warning: Further gmin increment
Trying gmin =   7.9319E-09 Note: One successful gmin step
Trying gmin =   7.8185E-09 Note: One successful gmin step
Trying gmin =   7.6513E-09 Note: One successful gmin step
Trying gmin =   7.4072E-09 Warning: Further gmin increment
Trying gmin =   7.5895E-09 Note: One successful gmin step
Trying gmin =   7.4978E-09 Note: One successful gmin step
Trying gmin =   7.3624E-09 Note: One successful gmin step
Trying gmin =   7.1637E-09 Note: One successful gmin step
Trying gmin =   6.8758E-09 Note: One successful gmin step
Trying gmin =   6.4654E-09 Note: One successful gmin step
Trying gmin =   5.8953E-09 Note: One successful gmin step
Trying gmin =   5.1330E-09 Note: One successful gmin step
Trying gmin =   4.1703E-09 Note: One successful gmin step
Trying gmin =   3.0539E-09 Note: One successful gmin step
Trying gmin =   1.9138E-09 Note: One successful gmin step
Trying gmin =   9.4944E-10 Note: One successful gmin step
Trying gmin =   3.3175E-10 Note: One successful gmin step
Trying gmin =   1.0000E-10 Note: One successful gmin step
Note: Dynamic gmin stepping completed

Initial Transient Solution
--------------------------

Node                                   Voltage
----                                   -------
xdut.bpb                               3.46395
xdut.slice0.bpa_                       4.50772
avdd                                       5.5
en                                         5.5
xdut.slice1.bna_                      0.840907
avss                                         0
xdut.znp                              0.826098
xdut.bpa                               4.50772
xdut.bnb                               1.72276
xdut.zpp                               4.52243
xdut.bna                              0.840907
xdut.ypp                               5.37871
xdut.slice0.wp                         4.66071
xdut.znm                              0.858395
xdut.zpm                               4.50776
out                                    2.74996
xdut.ypm                               5.37862
xdut.xn                                1.63121
xdut.slice1.bpa_                       4.50772
xdut.slice0.wn                        0.680422
xdut.ynm                              0.121005
enb                                          0
xdut.slice1.wn                        0.680422
in                                        2.75
xdut.xp                                3.94748
xdut.slice0.bna_                      0.840907
xdut.ynp                              0.120952
xdut.slice1.wp                         4.66071
ibias                                  1.72276
out_                                      2.75
v_out#branch                      -7.29216e-09
v_enb#branch                                 0
v_en#branch                           -5.5e-12
v_in#branch                          -2.75e-12
v_avdd#branch                      -0.00028753
v_avss#branch                      6.09193e-08


No. of Data Rows : 420
ERROR: (internal)  This operation is not defined for display type PrinterOnly.
Can't open viewport for graphics.
Fourier analysis for v(out):
  No. Harmonics: 10, THD: 0.0557399 %, Gridsize: 200, Interpolation Degree: 1

Harmonic Frequency   Magnitude   Phase       Norm. Mag   Norm. Phase
-------- ---------   ---------   -----       ---------   -----------
 0       0           2.7499      0           0           0          
 1       1000        2.73836     179.972     1           0          
 2       2000        0.000264549 44.8175     9.66086e-05 -135.15    
 3       3000        0.000808123 -134.83     0.000295112 -314.81    
 4       4000        0.000171725 -116.53     6.27108e-05 -296.5     
 5       5000        0.000764688 49.0787     0.00027925  -130.89    
 6       6000        0.000116009 45.9575     4.23642e-05 -134.01    
 7       7000        0.000708683 -133.5      0.000258798 -313.47    
 8       8000        9.51466e-05 -127.76     3.47458e-05 -307.74    
 9       9000        0.000683922 50.3522     0.000249756 -129.62    

thd = 5.573990e-02
binary raw file "./out/sp23.raw"
Doing analysis at TEMP = 85.000000 and TNOM = 27.000000

No. of Data Columns : 3  
Note: Starting dynamic gmin stepping
Trying gmin =   1.0000E-03 Note: One successful gmin step
Trying gmin =   1.0000E-04 Note: One successful gmin step
Trying gmin =   1.0000E-05 Note: One successful gmin step
Trying gmin =   1.0000E-06 Note: One successful gmin step
Trying gmin =   3.1623E-07 Note: One successful gmin step
Trying gmin =   5.6234E-08 Note: One successful gmin step
Trying gmin =   2.3714E-08 Note: One successful gmin step
Trying gmin =   6.4938E-09 Warning: Further gmin increment
Trying gmin =   1.7154E-08 Note: One successful gmin step
Trying gmin =   1.0554E-08 Note: One successful gmin step
Trying gmin =   5.0937E-09 Warning: Further gmin increment
Trying gmin =   8.7970E-09 Note: One successful gmin step
Trying gmin =   6.6940E-09 Warning: Further gmin increment
Trying gmin =   8.2162E-09 Note: One successful gmin step
Trying gmin =   7.4161E-09 Warning: Further gmin increment
Trying gmin =   8.0085E-09 Note: One successful gmin step
Trying gmin =   7.7066E-09 Warning: Further gmin increment
Trying gmin =   7.9319E-09 Note: One successful gmin step
Trying gmin =   7.8185E-09 Note: One successful gmin step
Trying gmin =   7.6513E-09 Note: One successful gmin step
Trying gmin =   7.4072E-09 Warning: Further gmin increment
Trying gmin =   7.5895E-09 Note: One successful gmin step
Trying gmin =   7.4978E-09 Note: One successful gmin step
Trying gmin =   7.3624E-09 Note: One successful gmin step
Trying gmin =   7.1637E-09 Note: One successful gmin step
Trying gmin =   6.8758E-09 Note: One successful gmin step
Trying gmin =   6.4654E-09 Note: One successful gmin step
Trying gmin =   5.8953E-09 Note: One successful gmin step
Trying gmin =   5.1330E-09 Note: One successful gmin step
Trying gmin =   4.1703E-09 Note: One successful gmin step
Trying gmin =   3.0539E-09 Note: One successful gmin step
Trying gmin =   1.9138E-09 Note: One successful gmin step
Trying gmin =   9.4944E-10 Note: One successful gmin step
Trying gmin =   3.3175E-10 Note: One successful gmin step
Trying gmin =   1.0000E-10 Note: One successful gmin step
Note: Dynamic gmin stepping completed

Initial Transient Solution
--------------------------

Node                                   Voltage
----                                   -------
xdut.bpb                               3.46395
xdut.slice0.bpa_                       4.50772
avdd                                       5.5
en                                         5.5
xdut.slice1.bna_                      0.840907
avss                                         0
xdut.znp                              0.826098
xdut.bpa                               4.50772
xdut.bnb                               1.72276
xdut.zpp                               4.52243
xdut.bna                              0.840907
xdut.ypp                               5.37871
xdut.slice0.wp                         4.66071
xdut.znm                              0.858395
xdut.zpm                               4.50776
out                                    2.74996
xdut.ypm                               5.37862
xdut.xn                                1.63121
xdut.slice1.bpa_                       4.50772
xdut.slice0.wn                        0.680422
xdut.ynm                              0.121005
enb                                          0
xdut.slice1.wn                        0.680422
in                                        2.75
xdut.xp                                3.94748
xdut.slice0.bna_                      0.840907
xdut.ynp                              0.120952
xdut.slice1.wp                         4.66071
ibias                                  1.72276
out_                                      2.75
v_out#branch                      -7.29216e-09
v_enb#branch                                 0
v_en#branch                           -5.5e-12
v_in#branch                          -2.75e-12
v_avdd#branch                      -0.00028753
v_avss#branch                      6.09193e-08


No. of Data Rows : 420

Total analysis time (seconds) = 546.043

Total elapsed time (seconds) = 593.492 

Total DRAM available = 7841.875 MB.
DRAM currently available =  623.289 MB.
Maximum ngspice program size = 2146.957 MB.
Current ngspice program size = 2128.965 MB.

Shared ngspice pages =   11.004 MB.
Text (code) pages =    5.461 MB.
Stack = 0 bytes.
Library pages = 2126.512 MB.

