
Note: Compatibility modes selected: hs a


Circuit: * num: 24 corner: hh vdd: 5.5 temp: 85

option SCALE: Scale is set to 1e-06 for instance and model parameters
option SCALE: Scale is set to 1e-06 for instance and model parameters
option SCALE: Scale is set to 1e-06 for instance and model parameters
option SCALE: Scale is set to 1e-06 for instance and model parameters
Option cshunt: 2254 capacitors added with 1e-15 F each
Warning: Model issue on line 0 :
  .model sky130_fd_pr__res_generic_m4 r tc1=    3.424000000000000e-03      ...
unrecognized parameter (tref) - ignored
Doing analysis at TEMP = 85.000000 and TNOM = 27.000000

Note: Starting dynamic gmin stepping
Trying gmin =   1.0000E-03 Note: One successful gmin step
Trying gmin =   1.0000E-04 Note: One successful gmin step
Trying gmin =   1.0000E-05 Note: One successful gmin step
Trying gmin =   1.0000E-06 Warning: Further gmin increment
Trying gmin =   5.6234E-06 Note: One successful gmin step
Trying gmin =   2.3714E-06 Note: One successful gmin step
Trying gmin =   1.0000E-06 Note: One successful gmin step
Trying gmin =   2.7384E-07 Note: One successful gmin step
Trying gmin =   3.9242E-08 Note: One successful gmin step
Trying gmin =   1.4855E-08 Note: One successful gmin step
Trying gmin =   3.4599E-09 Warning: Further gmin increment
Trying gmin =   1.0320E-08 Note: One successful gmin step
Trying gmin =   5.9754E-09 Warning: Further gmin increment
Trying gmin =   9.0021E-09 Note: One successful gmin step
Trying gmin =   7.8527E-09 Note: One successful gmin step
Trying gmin =   6.3978E-09 Warning: Further gmin increment
Trying gmin =   7.4606E-09 Warning: Further gmin increment
Trying gmin =   7.7528E-09 Note: One successful gmin step
Trying gmin =   7.6053E-09 Note: One successful gmin step
Trying gmin =   7.3893E-09 Note: One successful gmin step
Trying gmin =   7.0767E-09 Note: One successful gmin step
Trying gmin =   6.6324E-09 Note: One successful gmin step
Trying gmin =   6.0178E-09 Note: One successful gmin step
Trying gmin =   5.2010E-09 Note: One successful gmin step
Trying gmin =   4.1788E-09 Note: One successful gmin step
Trying gmin =   3.0096E-09 Note: One successful gmin step
Trying gmin =   1.8395E-09 Note: One successful gmin step
Trying gmin =   8.7897E-10 Note: One successful gmin step
Trying gmin =   2.9033E-10 Note: One successful gmin step
Trying gmin =   1.0000E-10 Note: One successful gmin step
Note: Dynamic gmin stepping completed

Initial Transient Solution
--------------------------

Node                                   Voltage
----                                   -------
xdut.bpb                               3.46395
xdut.slice0.bpa_                       4.50772
avdd                                       5.5
en                                         5.5
xdut.slice1.bna_                      0.840907
avss                                         0
xdut.znp                              0.826098
xdut.bpa                               4.50772
xdut.bnb                               1.72276
xdut.zpp                               4.52243
xdut.bna                              0.840907
xdut.ypp                               5.37871
xdut.slice0.wp                         4.66071
xdut.znm                              0.858395
xdut.zpm                               4.50776
out                                    2.74996
xdut.ypm                               5.37862
xdut.xn                                1.63121
xdut.slice1.bpa_                       4.50772
xdut.slice0.wn                        0.680422
xdut.ynm                              0.121005
enb                                          0
xdut.slice1.wn                        0.680422
in                                        2.75
xdut.xp                                3.94748
xdut.slice0.bna_                      0.840907
xdut.ynp                              0.120952
xdut.slice1.wp                         4.66071
ibias                                  1.72276
out_                                      2.75
v_out#branch                      -7.29206e-09
v_enb#branch                                 0
v_en#branch                           -5.5e-12
v_in#branch                          -2.75e-12
v_avdd#branch                      -0.00028753
v_avss#branch                      6.09194e-08


No. of Data Rows : 425
ERROR: (internal)  This operation is not defined for display type PrinterOnly.
Can't open viewport for graphics.
Fourier analysis for v(out):
  No. Harmonics: 10, THD: 0.06148 %, Gridsize: 200, Interpolation Degree: 1

Harmonic Frequency   Magnitude   Phase       Norm. Mag   Norm. Phase
-------- ---------   ---------   -----       ---------   -----------
 0       0           2.74983     0           0           0          
 1       1000        2.73785     179.965     1           0          
 2       2000        0.000494448 131.814     0.000180597 -48.151    
 3       3000        0.000885449 -130.88     0.00032341  -310.84    
 4       4000        0.000334446 -80.897     0.000122156 -260.86    
 5       5000        0.000803577 49.7689     0.000293506 -130.2     
 6       6000        0.000226997 68.77       8.29106e-05 -111.19    
 7       7000        0.000711366 -135.21     0.000259826 -315.18    
 8       8000        0.000191232 -126.07     6.98473e-05 -306.03    
 9       9000        0.000673083 47.5118     0.000245843 -132.45    

thd = 6.147999e-02
binary raw file "./out/sp24.raw"
Doing analysis at TEMP = 85.000000 and TNOM = 27.000000

No. of Data Columns : 3  
Note: Starting dynamic gmin stepping
Trying gmin =   1.0000E-03 Note: One successful gmin step
Trying gmin =   1.0000E-04 Note: One successful gmin step
Trying gmin =   1.0000E-05 Note: One successful gmin step
Trying gmin =   1.0000E-06 Warning: Further gmin increment
Trying gmin =   5.6234E-06 Note: One successful gmin step
Trying gmin =   2.3714E-06 Note: One successful gmin step
Trying gmin =   1.0000E-06 Note: One successful gmin step
Trying gmin =   2.7384E-07 Note: One successful gmin step
Trying gmin =   3.9242E-08 Note: One successful gmin step
Trying gmin =   1.4855E-08 Note: One successful gmin step
Trying gmin =   3.4599E-09 Warning: Further gmin increment
Trying gmin =   1.0320E-08 Note: One successful gmin step
Trying gmin =   5.9754E-09 Warning: Further gmin increment
Trying gmin =   9.0021E-09 Note: One successful gmin step
Trying gmin =   7.8527E-09 Note: One successful gmin step
Trying gmin =   6.3978E-09 Warning: Further gmin increment
Trying gmin =   7.4606E-09 Warning: Further gmin increment
Trying gmin =   7.7528E-09 Note: One successful gmin step
Trying gmin =   7.6053E-09 Note: One successful gmin step
Trying gmin =   7.3893E-09 Note: One successful gmin step
Trying gmin =   7.0767E-09 Note: One successful gmin step
Trying gmin =   6.6324E-09 Note: One successful gmin step
Trying gmin =   6.0178E-09 Note: One successful gmin step
Trying gmin =   5.2010E-09 Note: One successful gmin step
Trying gmin =   4.1788E-09 Note: One successful gmin step
Trying gmin =   3.0096E-09 Note: One successful gmin step
Trying gmin =   1.8395E-09 Note: One successful gmin step
Trying gmin =   8.7897E-10 Note: One successful gmin step
Trying gmin =   2.9033E-10 Note: One successful gmin step
Trying gmin =   1.0000E-10 Note: One successful gmin step
Note: Dynamic gmin stepping completed

Initial Transient Solution
--------------------------

Node                                   Voltage
----                                   -------
xdut.bpb                               3.46395
xdut.slice0.bpa_                       4.50772
avdd                                       5.5
en                                         5.5
xdut.slice1.bna_                      0.840907
avss                                         0
xdut.znp                              0.826098
xdut.bpa                               4.50772
xdut.bnb                               1.72276
xdut.zpp                               4.52243
xdut.bna                              0.840907
xdut.ypp                               5.37871
xdut.slice0.wp                         4.66071
xdut.znm                              0.858395
xdut.zpm                               4.50776
out                                    2.74996
xdut.ypm                               5.37862
xdut.xn                                1.63121
xdut.slice1.bpa_                       4.50772
xdut.slice0.wn                        0.680422
xdut.ynm                              0.121005
enb                                          0
xdut.slice1.wn                        0.680422
in                                        2.75
xdut.xp                                3.94748
xdut.slice0.bna_                      0.840907
xdut.ynp                              0.120952
xdut.slice1.wp                         4.66071
ibias                                  1.72276
out_                                      2.75
v_out#branch                      -7.29206e-09
v_enb#branch                                 0
v_en#branch                           -5.5e-12
v_in#branch                          -2.75e-12
v_avdd#branch                      -0.00028753
v_avss#branch                      6.09194e-08


No. of Data Rows : 425

Total analysis time (seconds) = 550.515

Total elapsed time (seconds) = 597.983 

Total DRAM available = 7841.875 MB.
DRAM currently available =  603.719 MB.
Maximum ngspice program size = 2146.938 MB.
Current ngspice program size = 2128.500 MB.

Shared ngspice pages =   10.551 MB.
Text (code) pages =    5.461 MB.
Stack = 0 bytes.
Library pages = 2126.492 MB.

