
Note: Compatibility modes selected: hs a


Circuit: * num: 3 corner: sf vdd: 3.0 temp: -40

option SCALE: Scale is set to 1e-06 for instance and model parameters
option SCALE: Scale is set to 1e-06 for instance and model parameters
option SCALE: Scale is set to 1e-06 for instance and model parameters
option SCALE: Scale is set to 1e-06 for instance and model parameters
Option cshunt: 2254 capacitors added with 1e-15 F each
Warning: Model issue on line 0 :
  .model sky130_fd_pr__res_generic_m4 r tc1=    3.424000000000000e-03      ...
unrecognized parameter (tref) - ignored
Doing analysis at TEMP = -40.000000 and TNOM = 27.000000

Note: Starting dynamic gmin stepping
Trying gmin =   1.0000E-03 Note: One successful gmin step
Trying gmin =   1.0000E-04 Note: One successful gmin step
Trying gmin =   1.0000E-05 Note: One successful gmin step
Trying gmin =   1.0000E-06 Note: One successful gmin step
Trying gmin =   3.1623E-07 Note: One successful gmin step
Trying gmin =   5.6234E-08 Note: One successful gmin step
Trying gmin =   1.0000E-08 Warning: Further gmin increment
Trying gmin =   3.6517E-08 Note: One successful gmin step
Trying gmin =   1.9110E-08 Note: One successful gmin step
Trying gmin =   7.2339E-09 Warning: Further gmin increment
Trying gmin =   1.4989E-08 Note: One successful gmin step
Trying gmin =   1.0413E-08 Note: One successful gmin step
Trying gmin =   6.0294E-09 Warning: Further gmin increment
Trying gmin =   9.0835E-09 Note: One successful gmin step
Trying gmin =   7.4005E-09 Warning: Further gmin increment
Trying gmin =   8.6299E-09 Note: One successful gmin step
Trying gmin =   7.9916E-09 Note: One successful gmin step
Trying gmin =   7.1216E-09 Note: One successful gmin step
Trying gmin =   5.9909E-09 Note: One successful gmin step
Trying gmin =   4.6224E-09 Note: One successful gmin step
Trying gmin =   3.1327E-09 Note: One successful gmin step
Trying gmin =   1.7479E-09 Note: One successful gmin step
Trying gmin =   7.2845E-10 Note: One successful gmin step
Trying gmin =   1.9599E-10 Note: One successful gmin step
Trying gmin =   1.0000E-10 Note: One successful gmin step
Note: Dynamic gmin stepping completed

Initial Transient Solution
--------------------------

Node                                   Voltage
----                                   -------
xdut.bpb                              0.243455
xdut.slice0.bpa_                       1.71087
avdd                                         3
en                                           3
xdut.slice1.bna_                      0.898195
avss                                         0
xdut.znp                              0.886007
xdut.bpa                               1.71088
xdut.bnb                               1.91913
xdut.zpp                               1.71941
xdut.bna                              0.898195
xdut.ypp                               2.91037
xdut.slice0.wp                         1.82712
xdut.znm                              0.899564
xdut.zpm                               1.71477
out                                    1.49861
xdut.ypm                               2.90989
xdut.xn                               0.551501
xdut.slice1.bpa_                       1.71087
xdut.slice0.wn                        0.788276
xdut.ynm                             0.0826998
enb                                          0
xdut.slice1.wn                        0.788276
in                                         1.5
xdut.xp                                2.72703
xdut.slice0.bna_                      0.898195
xdut.ynp                             0.0831278
xdut.slice1.wp                         1.82712
ibias                                  1.91913
out_                                       1.5
v_out#branch                      -2.77857e-07
v_enb#branch                                 0
v_en#branch                             -3e-12
v_in#branch                           -1.5e-12
v_avdd#branch                     -0.000257766
v_avss#branch                      3.27389e-08


No. of Data Rows : 414
ERROR: (internal)  This operation is not defined for display type PrinterOnly.
Can't open viewport for graphics.
Fourier analysis for v(out):
  No. Harmonics: 10, THD: 0.052759 %, Gridsize: 200, Interpolation Degree: 1

Harmonic Frequency   Magnitude   Phase       Norm. Mag   Norm. Phase
-------- ---------   ---------   -----       ---------   -----------
 0       0           1.49769     0           0           0          
 1       1000        1.48865     179.972     1           0          
 2       2000        0.000547679 94.9238     0.000367902 -85.048    
 3       3000        0.000227131 -76.786     0.000152575 -256.76    
 4       4000        0.000293008 106.786     0.000196827 -73.185    
 5       5000        0.000300026 11.6355     0.000201542 -168.34    
 6       6000        0.000153779 92.5191     0.000103301 -87.452    
 7       7000        0.000182871 -102.03     0.000122843 -282       
 8       8000        4.09134e-05 -144.59     2.74835e-05 -324.56    
 9       9000        0.000175149 79.6087     0.000117656 -100.36    

thd = 5.275900e-02
binary raw file "./out/sp3.raw"
Doing analysis at TEMP = -40.000000 and TNOM = 27.000000

No. of Data Columns : 3  
Note: Starting dynamic gmin stepping
Trying gmin =   1.0000E-03 Note: One successful gmin step
Trying gmin =   1.0000E-04 Note: One successful gmin step
Trying gmin =   1.0000E-05 Note: One successful gmin step
Trying gmin =   1.0000E-06 Note: One successful gmin step
Trying gmin =   3.1623E-07 Note: One successful gmin step
Trying gmin =   5.6234E-08 Note: One successful gmin step
Trying gmin =   1.0000E-08 Warning: Further gmin increment
Trying gmin =   3.6517E-08 Note: One successful gmin step
Trying gmin =   1.9110E-08 Note: One successful gmin step
Trying gmin =   7.2339E-09 Warning: Further gmin increment
Trying gmin =   1.4989E-08 Note: One successful gmin step
Trying gmin =   1.0413E-08 Note: One successful gmin step
Trying gmin =   6.0294E-09 Warning: Further gmin increment
Trying gmin =   9.0835E-09 Note: One successful gmin step
Trying gmin =   7.4005E-09 Warning: Further gmin increment
Trying gmin =   8.6299E-09 Note: One successful gmin step
Trying gmin =   7.9916E-09 Note: One successful gmin step
Trying gmin =   7.1216E-09 Note: One successful gmin step
Trying gmin =   5.9909E-09 Note: One successful gmin step
Trying gmin =   4.6224E-09 Note: One successful gmin step
Trying gmin =   3.1327E-09 Note: One successful gmin step
Trying gmin =   1.7479E-09 Note: One successful gmin step
Trying gmin =   7.2845E-10 Note: One successful gmin step
Trying gmin =   1.9599E-10 Note: One successful gmin step
Trying gmin =   1.0000E-10 Note: One successful gmin step
Note: Dynamic gmin stepping completed

Initial Transient Solution
--------------------------

Node                                   Voltage
----                                   -------
xdut.bpb                              0.243455
xdut.slice0.bpa_                       1.71087
avdd                                         3
en                                           3
xdut.slice1.bna_                      0.898195
avss                                         0
xdut.znp                              0.886007
xdut.bpa                               1.71088
xdut.bnb                               1.91913
xdut.zpp                               1.71941
xdut.bna                              0.898195
xdut.ypp                               2.91037
xdut.slice0.wp                         1.82712
xdut.znm                              0.899564
xdut.zpm                               1.71477
out                                    1.49861
xdut.ypm                               2.90989
xdut.xn                               0.551501
xdut.slice1.bpa_                       1.71087
xdut.slice0.wn                        0.788276
xdut.ynm                             0.0826998
enb                                          0
xdut.slice1.wn                        0.788276
in                                         1.5
xdut.xp                                2.72703
xdut.slice0.bna_                      0.898195
xdut.ynp                             0.0831278
xdut.slice1.wp                         1.82712
ibias                                  1.91913
out_                                       1.5
v_out#branch                      -2.77857e-07
v_enb#branch                                 0
v_en#branch                             -3e-12
v_in#branch                           -1.5e-12
v_avdd#branch                     -0.000257766
v_avss#branch                      3.27389e-08


No. of Data Rows : 414

Total analysis time (seconds) = 597.07

Total elapsed time (seconds) = 650.926 

Total DRAM available = 7841.875 MB.
DRAM currently available =  904.309 MB.
Maximum ngspice program size = 2146.945 MB.
Current ngspice program size = 2128.875 MB.

Shared ngspice pages =   10.922 MB.
Text (code) pages =    5.461 MB.
Stack = 0 bytes.
Library pages = 2126.500 MB.

