
Note: Compatibility modes selected: hs a


Circuit: * num: 7 corner: ss vdd: 3.0 temp: 85

option SCALE: Scale is set to 1e-06 for instance and model parameters
option SCALE: Scale is set to 1e-06 for instance and model parameters
option SCALE: Scale is set to 1e-06 for instance and model parameters
option SCALE: Scale is set to 1e-06 for instance and model parameters
Option cshunt: 2254 capacitors added with 1e-15 F each
Warning: Model issue on line 0 :
  .model sky130_fd_pr__res_generic_m4 r tc1=    3.424000000000000e-03      ...
unrecognized parameter (tref) - ignored
Doing analysis at TEMP = 85.000000 and TNOM = 27.000000

Note: Starting dynamic gmin stepping
Trying gmin =   1.0000E-03 Note: One successful gmin step
Trying gmin =   1.0000E-04 Note: One successful gmin step
Trying gmin =   1.0000E-05 Note: One successful gmin step
Trying gmin =   1.0000E-06 Note: One successful gmin step
Trying gmin =   1.0000E-07 Note: One successful gmin step
Trying gmin =   1.0000E-08 Warning: Further gmin increment
Trying gmin =   5.6234E-08 Note: One successful gmin step
Trying gmin =   2.3714E-08 Note: One successful gmin step
Trying gmin =   6.4938E-09 Warning: Further gmin increment
Trying gmin =   1.7154E-08 Note: One successful gmin step
Trying gmin =   1.0554E-08 Note: One successful gmin step
Trying gmin =   5.0937E-09 Warning: Further gmin increment
Trying gmin =   8.7970E-09 Note: One successful gmin step
Trying gmin =   6.6940E-09 Note: One successful gmin step
Trying gmin =   4.4433E-09 Note: One successful gmin step
Trying gmin =   2.4029E-09 Note: One successful gmin step
Trying gmin =   9.5562E-10 Note: One successful gmin step
Trying gmin =   2.3967E-10 Note: One successful gmin step
Trying gmin =   1.0000E-10 Note: One successful gmin step
Note: Dynamic gmin stepping completed

Initial Transient Solution
--------------------------

Node                                   Voltage
----                                   -------
xdut.bpb                              0.862882
xdut.slice0.bpa_                       1.96267
avdd                                         3
en                                           3
xdut.slice1.bna_                      0.876546
avss                                         0
xdut.znp                              0.859157
xdut.bpa                               1.96267
xdut.bnb                               1.80389
xdut.zpp                               1.97698
xdut.bna                              0.876545
xdut.ypp                               2.87875
xdut.slice0.wp                         2.11918
xdut.znm                              0.882638
xdut.zpm                               1.96696
out                                    1.49912
xdut.ypm                               2.87843
xdut.xn                               0.611513
xdut.slice1.bpa_                       1.96267
xdut.slice0.wn                        0.714449
xdut.ynm                              0.120176
enb                                          0
xdut.slice1.wn                        0.714449
in                                         1.5
xdut.xp                                2.49151
xdut.slice0.bna_                      0.876546
xdut.ynp                               0.12044
xdut.slice1.wp                         2.11918
ibias                                  1.80389
out_                                       1.5
v_out#branch                      -1.76981e-07
v_enb#branch                                 0
v_en#branch                             -3e-12
v_in#branch                           -1.5e-12
v_avdd#branch                     -0.000256312
v_avss#branch                      3.31637e-08


No. of Data Rows : 417
ERROR: (internal)  This operation is not defined for display type PrinterOnly.
Can't open viewport for graphics.
Fourier analysis for v(out):
  No. Harmonics: 10, THD: 0.0727219 %, Gridsize: 200, Interpolation Degree: 1

Harmonic Frequency   Magnitude   Phase       Norm. Mag   Norm. Phase
-------- ---------   ---------   -----       ---------   -----------
 0       0           1.49849     0           0           0          
 1       1000        1.48849     179.962     1           0          
 2       2000        0.000576128 99.5533     0.000387055 -80.408    
 3       3000        0.000518877 -126.3      0.000348592 -306.27    
 4       4000        0.000115732 113.337     7.77514e-05 -66.625    
 5       5000        0.000399184 38.8005     0.000268179 -141.16    
 6       6000        8.38773e-05 50.3391     5.63505e-05 -129.62    
 7       7000        0.000430479 -134.25     0.000289204 -314.21    
 8       8000        0.000128867 -94.266     8.65755e-05 -274.23    
 9       9000        0.000434589 65.2405     0.000291966 -114.72    

thd = 7.272186e-02
binary raw file "./out/sp7.raw"
Doing analysis at TEMP = 85.000000 and TNOM = 27.000000

No. of Data Columns : 3  
Note: Starting dynamic gmin stepping
Trying gmin =   1.0000E-03 Note: One successful gmin step
Trying gmin =   1.0000E-04 Note: One successful gmin step
Trying gmin =   1.0000E-05 Note: One successful gmin step
Trying gmin =   1.0000E-06 Note: One successful gmin step
Trying gmin =   1.0000E-07 Note: One successful gmin step
Trying gmin =   1.0000E-08 Warning: Further gmin increment
Trying gmin =   5.6234E-08 Note: One successful gmin step
Trying gmin =   2.3714E-08 Note: One successful gmin step
Trying gmin =   6.4938E-09 Warning: Further gmin increment
Trying gmin =   1.7154E-08 Note: One successful gmin step
Trying gmin =   1.0554E-08 Note: One successful gmin step
Trying gmin =   5.0937E-09 Warning: Further gmin increment
Trying gmin =   8.7970E-09 Note: One successful gmin step
Trying gmin =   6.6940E-09 Note: One successful gmin step
Trying gmin =   4.4433E-09 Note: One successful gmin step
Trying gmin =   2.4029E-09 Note: One successful gmin step
Trying gmin =   9.5562E-10 Note: One successful gmin step
Trying gmin =   2.3967E-10 Note: One successful gmin step
Trying gmin =   1.0000E-10 Note: One successful gmin step
Note: Dynamic gmin stepping completed

Initial Transient Solution
--------------------------

Node                                   Voltage
----                                   -------
xdut.bpb                              0.862882
xdut.slice0.bpa_                       1.96267
avdd                                         3
en                                           3
xdut.slice1.bna_                      0.876546
avss                                         0
xdut.znp                              0.859157
xdut.bpa                               1.96267
xdut.bnb                               1.80389
xdut.zpp                               1.97698
xdut.bna                              0.876545
xdut.ypp                               2.87875
xdut.slice0.wp                         2.11918
xdut.znm                              0.882638
xdut.zpm                               1.96696
out                                    1.49912
xdut.ypm                               2.87843
xdut.xn                               0.611513
xdut.slice1.bpa_                       1.96267
xdut.slice0.wn                        0.714449
xdut.ynm                              0.120176
enb                                          0
xdut.slice1.wn                        0.714449
in                                         1.5
xdut.xp                                2.49151
xdut.slice0.bna_                      0.876546
xdut.ynp                               0.12044
xdut.slice1.wp                         2.11918
ibias                                  1.80389
out_                                       1.5
v_out#branch                      -1.76981e-07
v_enb#branch                                 0
v_en#branch                             -3e-12
v_in#branch                           -1.5e-12
v_avdd#branch                     -0.000256312
v_avss#branch                      3.31637e-08


No. of Data Rows : 417

Total analysis time (seconds) = 475.348

Total elapsed time (seconds) = 527.307 

Total DRAM available = 7841.875 MB.
DRAM currently available =  906.516 MB.
Maximum ngspice program size = 2147.270 MB.
Current ngspice program size = 2129.184 MB.

Shared ngspice pages =   10.902 MB.
Text (code) pages =    5.461 MB.
Stack = 0 bytes.
Library pages = 2126.824 MB.

