
Note: Compatibility modes selected: hs a


Circuit: * num: 8 corner: ff vdd: 3.0 temp: 85

option SCALE: Scale is set to 1e-06 for instance and model parameters
option SCALE: Scale is set to 1e-06 for instance and model parameters
option SCALE: Scale is set to 1e-06 for instance and model parameters
option SCALE: Scale is set to 1e-06 for instance and model parameters
Option cshunt: 2254 capacitors added with 1e-15 F each
Warning: Model issue on line 0 :
  .model sky130_fd_pr__res_generic_m4 r tc1=    3.424000000000000e-03      ...
unrecognized parameter (tref) - ignored
Doing analysis at TEMP = 85.000000 and TNOM = 27.000000

Note: Starting dynamic gmin stepping
Trying gmin =   1.0000E-03 Note: One successful gmin step
Trying gmin =   1.0000E-04 Note: One successful gmin step
Trying gmin =   1.0000E-05 Note: One successful gmin step
Trying gmin =   1.0000E-06 Note: One successful gmin step
Trying gmin =   3.1623E-07 Note: One successful gmin step
Trying gmin =   5.6234E-08 Note: One successful gmin step
Trying gmin =   5.6234E-09 Warning: Further gmin increment
Trying gmin =   3.1623E-08 Note: One successful gmin step
Trying gmin =   1.3335E-08 Warning: Further gmin increment
Trying gmin =   2.5483E-08 Note: One successful gmin step
Trying gmin =   1.8434E-08 Note: One successful gmin step
Trying gmin =   1.1342E-08 Note: One successful gmin step
Trying gmin =   5.4737E-09 Warning: Further gmin increment
Trying gmin =   9.4534E-09 Note: One successful gmin step
Trying gmin =   7.8792E-09 Note: One successful gmin step
Trying gmin =   5.9956E-09 Note: One successful gmin step
Trying gmin =   3.9797E-09 Note: One successful gmin step
Trying gmin =   2.1522E-09 Note: One successful gmin step
Trying gmin =   8.5592E-10 Note: One successful gmin step
Trying gmin =   2.1466E-10 Note: One successful gmin step
Trying gmin =   1.0000E-10 Note: One successful gmin step
Note: Dynamic gmin stepping completed

Initial Transient Solution
--------------------------

Node                                   Voltage
----                                   -------
xdut.bpb                               1.07065
xdut.slice0.bpa_                       2.05574
avdd                                         3
en                                           3
xdut.slice1.bna_                      0.805285
avss                                         0
xdut.znp                              0.788467
xdut.bpa                               2.05574
xdut.bnb                               1.64155
xdut.zpp                               2.07019
xdut.bna                              0.805284
xdut.ypp                               2.87966
xdut.slice0.wp                         2.21065
xdut.znm                              0.812782
xdut.zpm                               2.05923
out                                    1.49938
xdut.ypm                               2.87941
xdut.xn                               0.665799
xdut.slice1.bpa_                       2.05574
xdut.slice0.wn                        0.644285
xdut.ynm                              0.119681
enb                                          0
xdut.slice1.wn                        0.644285
in                                         1.5
xdut.xp                                2.41937
xdut.slice0.bna_                      0.805285
xdut.ynp                              0.119847
xdut.slice1.wp                         2.21065
ibias                                  1.64155
out_                                       1.5
v_out#branch                      -1.24323e-07
v_enb#branch                                 0
v_en#branch                             -3e-12
v_in#branch                           -1.5e-12
v_avdd#branch                     -0.000260333
v_avss#branch                      3.32057e-08


No. of Data Rows : 401
ERROR: (internal)  This operation is not defined for display type PrinterOnly.
Can't open viewport for graphics.
Fourier analysis for v(out):
  No. Harmonics: 10, THD: 0.0717752 %, Gridsize: 200, Interpolation Degree: 1

Harmonic Frequency   Magnitude   Phase       Norm. Mag   Norm. Phase
-------- ---------   ---------   -----       ---------   -----------
 0       0           1.49896     0           0           0          
 1       1000        1.48856     179.962     1           0          
 2       2000        0.000456332 93.269      0.00030656  -86.693    
 3       3000        0.000574958 -128.15     0.000386252 -308.11    
 4       4000        6.07599e-05 173.633     4.08179e-05 -6.3287    
 5       5000        0.000432009 43.3967     0.00029022  -136.57    
 6       6000        8.84687e-05 24.3753     5.94324e-05 -155.59    
 7       7000        0.000432148 -135.82     0.000290313 -315.79    
 8       8000        0.000121045 -105.42     8.13168e-05 -285.38    
 9       9000        0.000450716 59.6317     0.000302787 -120.33    

thd = 7.177523e-02
binary raw file "./out/sp8.raw"
Doing analysis at TEMP = 85.000000 and TNOM = 27.000000

No. of Data Columns : 3  
Note: Starting dynamic gmin stepping
Trying gmin =   1.0000E-03 Note: One successful gmin step
Trying gmin =   1.0000E-04 Note: One successful gmin step
Trying gmin =   1.0000E-05 Note: One successful gmin step
Trying gmin =   1.0000E-06 Note: One successful gmin step
Trying gmin =   3.1623E-07 Note: One successful gmin step
Trying gmin =   5.6234E-08 Note: One successful gmin step
Trying gmin =   5.6234E-09 Warning: Further gmin increment
Trying gmin =   3.1623E-08 Note: One successful gmin step
Trying gmin =   1.3335E-08 Warning: Further gmin increment
Trying gmin =   2.5483E-08 Note: One successful gmin step
Trying gmin =   1.8434E-08 Note: One successful gmin step
Trying gmin =   1.1342E-08 Note: One successful gmin step
Trying gmin =   5.4737E-09 Warning: Further gmin increment
Trying gmin =   9.4534E-09 Note: One successful gmin step
Trying gmin =   7.8792E-09 Note: One successful gmin step
Trying gmin =   5.9956E-09 Note: One successful gmin step
Trying gmin =   3.9797E-09 Note: One successful gmin step
Trying gmin =   2.1522E-09 Note: One successful gmin step
Trying gmin =   8.5592E-10 Note: One successful gmin step
Trying gmin =   2.1466E-10 Note: One successful gmin step
Trying gmin =   1.0000E-10 Note: One successful gmin step
Note: Dynamic gmin stepping completed

Initial Transient Solution
--------------------------

Node                                   Voltage
----                                   -------
xdut.bpb                               1.07065
xdut.slice0.bpa_                       2.05574
avdd                                         3
en                                           3
xdut.slice1.bna_                      0.805285
avss                                         0
xdut.znp                              0.788467
xdut.bpa                               2.05574
xdut.bnb                               1.64155
xdut.zpp                               2.07019
xdut.bna                              0.805284
xdut.ypp                               2.87966
xdut.slice0.wp                         2.21065
xdut.znm                              0.812782
xdut.zpm                               2.05923
out                                    1.49938
xdut.ypm                               2.87941
xdut.xn                               0.665799
xdut.slice1.bpa_                       2.05574
xdut.slice0.wn                        0.644285
xdut.ynm                              0.119681
enb                                          0
xdut.slice1.wn                        0.644285
in                                         1.5
xdut.xp                                2.41937
xdut.slice0.bna_                      0.805285
xdut.ynp                              0.119847
xdut.slice1.wp                         2.21065
ibias                                  1.64155
out_                                       1.5
v_out#branch                      -1.24323e-07
v_enb#branch                                 0
v_en#branch                             -3e-12
v_in#branch                           -1.5e-12
v_avdd#branch                     -0.000260333
v_avss#branch                      3.32057e-08


No. of Data Rows : 401

Total analysis time (seconds) = 373.376

Total elapsed time (seconds) = 420.385 

Total DRAM available = 7841.875 MB.
DRAM currently available =  919.695 MB.
Maximum ngspice program size = 2147.316 MB.
Current ngspice program size = 2129.258 MB.

Shared ngspice pages =   10.934 MB.
Text (code) pages =    5.461 MB.
Stack = 0 bytes.
Library pages = 2126.871 MB.

