
Note: Compatibility modes selected: hs a


Circuit: * num: 9 corner: sf vdd: 3.0 temp: 85

option SCALE: Scale is set to 1e-06 for instance and model parameters
option SCALE: Scale is set to 1e-06 for instance and model parameters
option SCALE: Scale is set to 1e-06 for instance and model parameters
option SCALE: Scale is set to 1e-06 for instance and model parameters
Option cshunt: 2254 capacitors added with 1e-15 F each
Warning: Model issue on line 0 :
  .model sky130_fd_pr__res_generic_m4 r tc1=    3.424000000000000e-03      ...
unrecognized parameter (tref) - ignored
Doing analysis at TEMP = 85.000000 and TNOM = 27.000000

Note: Starting dynamic gmin stepping
Trying gmin =   1.0000E-03 Note: One successful gmin step
Trying gmin =   1.0000E-04 Note: One successful gmin step
Trying gmin =   1.0000E-05 Note: One successful gmin step
Trying gmin =   1.0000E-06 Note: One successful gmin step
Trying gmin =   1.0000E-07 Note: One successful gmin step
Trying gmin =   1.0000E-08 Warning: Further gmin increment
Trying gmin =   5.6234E-08 Note: One successful gmin step
Trying gmin =   2.3714E-08 Note: One successful gmin step
Trying gmin =   6.4938E-09 Warning: Further gmin increment
Trying gmin =   1.7154E-08 Note: One successful gmin step
Trying gmin =   1.0554E-08 Note: One successful gmin step
Trying gmin =   5.0937E-09 Warning: Further gmin increment
Trying gmin =   8.7970E-09 Note: One successful gmin step
Trying gmin =   6.6940E-09 Note: One successful gmin step
Trying gmin =   4.4433E-09 Note: One successful gmin step
Trying gmin =   2.4029E-09 Note: One successful gmin step
Trying gmin =   9.5562E-10 Note: One successful gmin step
Trying gmin =   2.3967E-10 Note: One successful gmin step
Trying gmin =   1.0000E-10 Note: One successful gmin step
Note: Dynamic gmin stepping completed

Initial Transient Solution
--------------------------

Node                                   Voltage
----                                   -------
xdut.bpb                              0.766259
xdut.slice0.bpa_                       1.91938
avdd                                         3
en                                           3
xdut.slice1.bna_                      0.764145
avss                                         0
xdut.znp                              0.746735
xdut.bpa                               1.91938
xdut.bnb                               1.54734
xdut.zpp                               1.93351
xdut.bna                              0.764145
xdut.ypp                               2.87841
xdut.slice0.wp                         2.07605
xdut.znm                              0.770408
xdut.zpm                               1.92338
out                                    1.49913
xdut.ypm                               2.87809
xdut.xn                                0.69726
xdut.slice1.bpa_                       1.91938
xdut.slice0.wn                        0.603183
xdut.ynm                              0.119467
enb                                          0
xdut.slice1.wn                        0.603183
in                                         1.5
xdut.xp                                2.52491
xdut.slice0.bna_                      0.764145
xdut.ynp                              0.119715
xdut.slice1.wp                         2.07605
ibias                                  1.54734
out_                                       1.5
v_out#branch                       -1.7394e-07
v_enb#branch                                 0
v_en#branch                             -3e-12
v_in#branch                           -1.5e-12
v_avdd#branch                     -0.000257369
v_avss#branch                      3.29055e-08


No. of Data Rows : 412
ERROR: (internal)  This operation is not defined for display type PrinterOnly.
Can't open viewport for graphics.
Fourier analysis for v(out):
  No. Harmonics: 10, THD: 0.0731423 %, Gridsize: 200, Interpolation Degree: 1

Harmonic Frequency   Magnitude   Phase       Norm. Mag   Norm. Phase
-------- ---------   ---------   -----       ---------   -----------
 0       0           1.49863     0           0           0          
 1       1000        1.48839     179.959     1           0          
 2       2000        0.000490028 92.1779     0.000329232 -87.782    
 3       3000        0.000551049 -118.55     0.00037023  -298.51    
 4       4000        0.000130495 147.134     8.7675e-05  -32.825    
 5       5000        0.000436649 41.5401     0.00029337  -138.42    
 6       6000        0.000102936 25.6652     6.91591e-05 -154.29    
 7       7000        0.000481486 -134.89     0.000323494 -314.85    
 8       8000        9.50432e-05 -92.474     6.38562e-05 -272.43    
 9       9000        0.00042687  66.0055     0.000286799 -113.95    

thd = 7.314232e-02
binary raw file "./out/sp9.raw"
Doing analysis at TEMP = 85.000000 and TNOM = 27.000000

No. of Data Columns : 3  
Note: Starting dynamic gmin stepping
Trying gmin =   1.0000E-03 Note: One successful gmin step
Trying gmin =   1.0000E-04 Note: One successful gmin step
Trying gmin =   1.0000E-05 Note: One successful gmin step
Trying gmin =   1.0000E-06 Note: One successful gmin step
Trying gmin =   1.0000E-07 Note: One successful gmin step
Trying gmin =   1.0000E-08 Warning: Further gmin increment
Trying gmin =   5.6234E-08 Note: One successful gmin step
Trying gmin =   2.3714E-08 Note: One successful gmin step
Trying gmin =   6.4938E-09 Warning: Further gmin increment
Trying gmin =   1.7154E-08 Note: One successful gmin step
Trying gmin =   1.0554E-08 Note: One successful gmin step
Trying gmin =   5.0937E-09 Warning: Further gmin increment
Trying gmin =   8.7970E-09 Note: One successful gmin step
Trying gmin =   6.6940E-09 Note: One successful gmin step
Trying gmin =   4.4433E-09 Note: One successful gmin step
Trying gmin =   2.4029E-09 Note: One successful gmin step
Trying gmin =   9.5562E-10 Note: One successful gmin step
Trying gmin =   2.3967E-10 Note: One successful gmin step
Trying gmin =   1.0000E-10 Note: One successful gmin step
Note: Dynamic gmin stepping completed

Initial Transient Solution
--------------------------

Node                                   Voltage
----                                   -------
xdut.bpb                              0.766259
xdut.slice0.bpa_                       1.91938
avdd                                         3
en                                           3
xdut.slice1.bna_                      0.764145
avss                                         0
xdut.znp                              0.746735
xdut.bpa                               1.91938
xdut.bnb                               1.54734
xdut.zpp                               1.93351
xdut.bna                              0.764145
xdut.ypp                               2.87841
xdut.slice0.wp                         2.07605
xdut.znm                              0.770408
xdut.zpm                               1.92338
out                                    1.49913
xdut.ypm                               2.87809
xdut.xn                                0.69726
xdut.slice1.bpa_                       1.91938
xdut.slice0.wn                        0.603183
xdut.ynm                              0.119467
enb                                          0
xdut.slice1.wn                        0.603183
in                                         1.5
xdut.xp                                2.52491
xdut.slice0.bna_                      0.764145
xdut.ynp                              0.119715
xdut.slice1.wp                         2.07605
ibias                                  1.54734
out_                                       1.5
v_out#branch                       -1.7394e-07
v_enb#branch                                 0
v_en#branch                             -3e-12
v_in#branch                           -1.5e-12
v_avdd#branch                     -0.000257369
v_avss#branch                      3.29055e-08


No. of Data Rows : 412

Total analysis time (seconds) = 437.262

Total elapsed time (seconds) = 484.170 

Total DRAM available = 7841.875 MB.
DRAM currently available =  915.750 MB.
Maximum ngspice program size = 2146.949 MB.
Current ngspice program size = 2128.996 MB.

Shared ngspice pages =   11.035 MB.
Text (code) pages =    5.461 MB.
Stack = 0 bytes.
Library pages = 2126.504 MB.

