
Note: Compatibility modes selected: hs a


Circuit: * num: 0 corner: tt vdd: 3.3 temp: 25

option SCALE: Scale is set to 1e-06 for instance and model parameters
option SCALE: Scale is set to 1e-06 for instance and model parameters
option SCALE: Scale is set to 1e-06 for instance and model parameters
option SCALE: Scale is set to 1e-06 for instance and model parameters
Doing analysis at TEMP = 25.000000 and TNOM = 27.000000

Note: Starting dynamic gmin stepping
Trying gmin =   1.0000E-03 Note: One successful gmin step
Trying gmin =   1.0000E-04 Note: One successful gmin step
Trying gmin =   1.0000E-05 Note: One successful gmin step
Trying gmin =   1.0000E-06 Note: One successful gmin step
Trying gmin =   3.1623E-07 Note: One successful gmin step
Trying gmin =   5.6234E-08 Warning: Further gmin increment
Trying gmin =   2.0535E-07 Note: One successful gmin step
Trying gmin =   1.0746E-07 Note: One successful gmin step
Trying gmin =   4.0679E-08 Note: One successful gmin step
Trying gmin =   9.4746E-09 Note: One successful gmin step
Trying gmin =   2.2067E-09 Warning: Further gmin increment
Trying gmin =   6.5820E-09 Warning: Further gmin increment
Trying gmin =   8.6499E-09 Note: One successful gmin step
Trying gmin =   7.5455E-09 Warning: Further gmin increment
Trying gmin =   8.3595E-09 Note: One successful gmin step
Trying gmin =   7.9421E-09 Note: One successful gmin step
Trying gmin =   7.3546E-09 Note: One successful gmin step
Trying gmin =   6.5540E-09 Note: One successful gmin step
Trying gmin =   5.5134E-09 Note: One successful gmin step
Trying gmin =   4.2540E-09 Note: One successful gmin step
Trying gmin =   2.8831E-09 Note: One successful gmin step
Trying gmin =   1.6086E-09 Note: One successful gmin step
Trying gmin =   6.7039E-10 Note: One successful gmin step
Trying gmin =   1.8036E-10 Note: One successful gmin step
Trying gmin =   2.5170E-11 Note: One successful gmin step
Trying gmin =   2.5170E-12 Note: One successful gmin step
Trying gmin =   1.0000E-12 Note: One successful gmin step
Note: Dynamic gmin stepping completed

No. of Data Rows : 1
Warning - approaching max data size: current size = 2403.477 MB, limit = 2519.484 MB
Doing analysis at TEMP = 25.000000 and TNOM = 27.000000

Note: Starting dynamic gmin stepping
Trying gmin =   1.0000E-03 Note: One successful gmin step
Trying gmin =   1.0000E-04 Note: One successful gmin step
Trying gmin =   1.0000E-05 Note: One successful gmin step
Trying gmin =   1.0000E-06 Note: One successful gmin step
Trying gmin =   3.1623E-07 Note: One successful gmin step
Trying gmin =   5.6234E-08 Warning: Further gmin increment
Trying gmin =   2.0535E-07 Note: One successful gmin step
Trying gmin =   1.0746E-07 Note: One successful gmin step
Trying gmin =   4.0679E-08 Note: One successful gmin step
Trying gmin =   9.4746E-09 Note: One successful gmin step
Trying gmin =   2.2067E-09 Warning: Further gmin increment
Trying gmin =   6.5820E-09 Warning: Further gmin increment
Trying gmin =   8.6499E-09 Note: One successful gmin step
Trying gmin =   7.5455E-09 Warning: Further gmin increment
Trying gmin =   8.3595E-09 Note: One successful gmin step
Trying gmin =   7.9421E-09 Note: One successful gmin step
Trying gmin =   7.3546E-09 Note: One successful gmin step
Trying gmin =   6.5540E-09 Note: One successful gmin step
Trying gmin =   5.5134E-09 Note: One successful gmin step
Trying gmin =   4.2540E-09 Note: One successful gmin step
Trying gmin =   2.8831E-09 Note: One successful gmin step
Trying gmin =   1.6086E-09 Note: One successful gmin step
Trying gmin =   6.7039E-10 Note: One successful gmin step
Trying gmin =   1.8036E-10 Note: One successful gmin step
Trying gmin =   2.5170E-11 Note: One successful gmin step
Trying gmin =   2.5170E-12 Note: One successful gmin step
Trying gmin =   1.0000E-12 Note: One successful gmin step
Note: Dynamic gmin stepping completed

No. of Data Rows : 121
Warning - approaching max data size: current size = 2404.941 MB, limit = 2530.887 MB
Warning - approaching max data size: current size = 2404.941 MB, limit = 2530.887 MB
Warning - approaching max data size: current size = 2404.941 MB, limit = 2530.887 MB
Warning - approaching max data size: current size = 2404.941 MB, limit = 2530.887 MB
Doing analysis at TEMP = 25.000000 and TNOM = 27.000000

Note: Starting dynamic gmin stepping
Trying gmin =   1.0000E-03 Note: One successful gmin step
Trying gmin =   1.0000E-04 Note: One successful gmin step
Trying gmin =   1.0000E-05 Note: One successful gmin step
Trying gmin =   1.0000E-06 Note: One successful gmin step
Trying gmin =   3.1623E-07 Note: One successful gmin step
Trying gmin =   5.6234E-08 Warning: Further gmin increment
Trying gmin =   2.0535E-07 Note: One successful gmin step
Trying gmin =   1.0746E-07 Note: One successful gmin step
Trying gmin =   4.0679E-08 Note: One successful gmin step
Trying gmin =   9.4746E-09 Note: One successful gmin step
Trying gmin =   2.2067E-09 Warning: Further gmin increment
Trying gmin =   6.5820E-09 Warning: Further gmin increment
Trying gmin =   8.6499E-09 Note: One successful gmin step
Trying gmin =   7.5455E-09 Warning: Further gmin increment
Trying gmin =   8.3595E-09 Note: One successful gmin step
Trying gmin =   7.9421E-09 Note: One successful gmin step
Trying gmin =   7.3546E-09 Note: One successful gmin step
Trying gmin =   6.5540E-09 Note: One successful gmin step
Trying gmin =   5.5134E-09 Note: One successful gmin step
Trying gmin =   4.2540E-09 Note: One successful gmin step
Trying gmin =   2.8831E-09 Note: One successful gmin step
Trying gmin =   1.6086E-09 Note: One successful gmin step
Trying gmin =   6.7039E-10 Note: One successful gmin step
Trying gmin =   1.8036E-10 Note: One successful gmin step
Trying gmin =   2.5170E-11 Note: One successful gmin step
Trying gmin =   2.5170E-12 Note: One successful gmin step
Trying gmin =   1.0000E-12 Note: One successful gmin step
Note: Dynamic gmin stepping completed

No. of Data Rows : 121
Warning - approaching max data size: current size = 2407.953 MB, limit = 2533.461 MB
Warning - approaching max data size: current size = 2407.953 MB, limit = 2533.461 MB
Warning - approaching max data size: current size = 2407.953 MB, limit = 2533.461 MB
Warning - approaching max data size: current size = 2407.953 MB, limit = 2533.461 MB
Doing analysis at TEMP = 25.000000 and TNOM = 27.000000

Note: Starting dynamic gmin stepping
Trying gmin =   1.0000E-03 Note: One successful gmin step
Trying gmin =   1.0000E-04 Note: One successful gmin step
Trying gmin =   1.0000E-05 Note: One successful gmin step
Trying gmin =   1.0000E-06 Note: One successful gmin step
Trying gmin =   3.1623E-07 Note: One successful gmin step
Trying gmin =   5.6234E-08 Warning: Further gmin increment
Trying gmin =   2.0535E-07 Note: One successful gmin step
Trying gmin =   1.0746E-07 Note: One successful gmin step
Trying gmin =   4.0679E-08 Note: One successful gmin step
Trying gmin =   9.4746E-09 Note: One successful gmin step
Trying gmin =   2.2067E-09 Warning: Further gmin increment
Trying gmin =   6.5820E-09 Warning: Further gmin increment
Trying gmin =   8.6499E-09 Note: One successful gmin step
Trying gmin =   7.5455E-09 Warning: Further gmin increment
Trying gmin =   8.3595E-09 Note: One successful gmin step
Trying gmin =   7.9421E-09 Note: One successful gmin step
Trying gmin =   7.3546E-09 Note: One successful gmin step
Trying gmin =   6.5540E-09 Note: One successful gmin step
Trying gmin =   5.5134E-09 Note: One successful gmin step
Trying gmin =   4.2540E-09 Note: One successful gmin step
Trying gmin =   2.8831E-09 Note: One successful gmin step
Trying gmin =   1.6086E-09 Note: One successful gmin step
Trying gmin =   6.7039E-10 Note: One successful gmin step
Trying gmin =   1.8036E-10 Note: One successful gmin step
Trying gmin =   2.5170E-11 Note: One successful gmin step
Trying gmin =   2.5170E-12 Note: One successful gmin step
Trying gmin =   1.0000E-12 Note: One successful gmin step
Note: Dynamic gmin stepping completed

No. of Data Rows : 121
av0p1hz             =  1.134732e+02
gbw                 =  1.572812e+06
pm180               =  4.780349e+07
pm                  =  6.248128e+01
gm                  =  -4.657656e+01
cmrr0p1hz           =  1.336664e+02
psrr0p1hz           =  7.124751e+01
ERROR: (internal)  This operation is not defined for display type PrinterOnly.
Can't open viewport for graphics.
ERROR: (internal)  This operation is not defined for display type PrinterOnly.
Can't open viewport for graphics.
idd = -2.86309e-04
vos = -2.89848e-05
binary raw file "./out/sp0.raw"
Doing analysis at TEMP = 25.000000 and TNOM = 27.000000

OP information in rawfile.

Total analysis time (seconds) = 190.17

Total elapsed time (seconds) = 209.669 

Total DRAM available = 7841.949 MB.
DRAM currently available =  144.645 MB.
Maximum ngspice program size = 2426.078 MB.
Current ngspice program size = 2407.953 MB.

Shared ngspice pages =   10.598 MB.
Text (code) pages =    5.461 MB.
Stack = 0 bytes.
Library pages = 2405.633 MB.

