
Note: Compatibility modes selected: hs a


Circuit: * num: 15 corner: sf vdd: 5.5 temp: -40

option SCALE: Scale is set to 1e-06 for instance and model parameters
option SCALE: Scale is set to 1e-06 for instance and model parameters
option SCALE: Scale is set to 1e-06 for instance and model parameters
option SCALE: Scale is set to 1e-06 for instance and model parameters
Doing analysis at TEMP = -40.000000 and TNOM = 27.000000

Note: Starting dynamic gmin stepping
Trying gmin =   1.0000E-03 Note: One successful gmin step
Trying gmin =   1.0000E-04 Note: One successful gmin step
Trying gmin =   1.0000E-05 Note: One successful gmin step
Trying gmin =   1.0000E-06 Warning: Further gmin increment
Trying gmin =   5.6234E-06 Note: One successful gmin step
Trying gmin =   3.1623E-06 Note: One successful gmin step
Trying gmin =   1.3335E-06 Note: One successful gmin step
Trying gmin =   5.6234E-07 Note: One successful gmin step
Trying gmin =   1.5399E-07 Note: One successful gmin step
Trying gmin =   2.2067E-08 Warning: Further gmin increment
Trying gmin =   9.4746E-08 Note: One successful gmin step
Trying gmin =   4.5725E-08 Note: One successful gmin step
Trying gmin =   1.5330E-08 Note: One successful gmin step
Trying gmin =   2.9760E-09 Warning: Further gmin increment
Trying gmin =   1.0176E-08 Note: One successful gmin step
Trying gmin =   5.5030E-09 Warning: Further gmin increment
Trying gmin =   8.7262E-09 Note: One successful gmin step
Trying gmin =   6.9297E-09 Warning: Further gmin increment
Trying gmin =   8.2376E-09 Warning: Further gmin increment
Trying gmin =   8.6014E-09 Note: One successful gmin step
Trying gmin =   8.4175E-09 Note: One successful gmin step
Trying gmin =   8.1490E-09 Note: One successful gmin step
Trying gmin =   7.7623E-09 Note: One successful gmin step
Trying gmin =   7.2162E-09 Note: One successful gmin step
Trying gmin =   6.4684E-09 Warning: Further gmin increment
Trying gmin =   7.0215E-09 Note: One successful gmin step
Trying gmin =   6.7393E-09 Note: One successful gmin step
Trying gmin =   6.4684E-09 Note: One successful gmin step
Trying gmin =   6.0823E-09 Note: One successful gmin step
Trying gmin =   5.5460E-09 Note: One successful gmin step
Trying gmin =   4.8289E-09 Note: One successful gmin step
Trying gmin =   3.9232E-09 Note: One successful gmin step
Trying gmin =   2.8730E-09 Note: One successful gmin step
Trying gmin =   1.8004E-09 Note: One successful gmin step
Trying gmin =   8.9319E-10 Note: One successful gmin step
Trying gmin =   3.1210E-10 Note: One successful gmin step
Trying gmin =   6.4462E-11 Note: One successful gmin step
Trying gmin =   6.4462E-12 Note: One successful gmin step
Trying gmin =   1.0000E-12 Note: One successful gmin step
Note: Dynamic gmin stepping completed

No. of Data Rows : 1
Doing analysis at TEMP = -40.000000 and TNOM = 27.000000

Note: Starting dynamic gmin stepping
Trying gmin =   1.0000E-03 Note: One successful gmin step
Trying gmin =   1.0000E-04 Note: One successful gmin step
Trying gmin =   1.0000E-05 Note: One successful gmin step
Trying gmin =   1.0000E-06 Warning: Further gmin increment
Trying gmin =   5.6234E-06 Note: One successful gmin step
Trying gmin =   3.1623E-06 Note: One successful gmin step
Trying gmin =   1.3335E-06 Note: One successful gmin step
Trying gmin =   5.6234E-07 Note: One successful gmin step
Trying gmin =   1.5399E-07 Note: One successful gmin step
Trying gmin =   2.2067E-08 Warning: Further gmin increment
Trying gmin =   9.4746E-08 Note: One successful gmin step
Trying gmin =   4.5725E-08 Note: One successful gmin step
Trying gmin =   1.5330E-08 Note: One successful gmin step
Trying gmin =   2.9760E-09 Warning: Further gmin increment
Trying gmin =   1.0176E-08 Note: One successful gmin step
Trying gmin =   5.5030E-09 Warning: Further gmin increment
Trying gmin =   8.7262E-09 Note: One successful gmin step
Trying gmin =   6.9297E-09 Warning: Further gmin increment
Trying gmin =   8.2376E-09 Warning: Further gmin increment
Trying gmin =   8.6014E-09 Note: One successful gmin step
Trying gmin =   8.4175E-09 Note: One successful gmin step
Trying gmin =   8.1490E-09 Note: One successful gmin step
Trying gmin =   7.7623E-09 Note: One successful gmin step
Trying gmin =   7.2162E-09 Note: One successful gmin step
Trying gmin =   6.4684E-09 Warning: Further gmin increment
Trying gmin =   7.0215E-09 Note: One successful gmin step
Trying gmin =   6.7393E-09 Note: One successful gmin step
Trying gmin =   6.4684E-09 Note: One successful gmin step
Trying gmin =   6.0823E-09 Note: One successful gmin step
Trying gmin =   5.5460E-09 Note: One successful gmin step
Trying gmin =   4.8289E-09 Note: One successful gmin step
Trying gmin =   3.9232E-09 Note: One successful gmin step
Trying gmin =   2.8730E-09 Note: One successful gmin step
Trying gmin =   1.8004E-09 Note: One successful gmin step
Trying gmin =   8.9319E-10 Note: One successful gmin step
Trying gmin =   3.1210E-10 Note: One successful gmin step
Trying gmin =   6.4462E-11 Note: One successful gmin step
Trying gmin =   6.4462E-12 Note: One successful gmin step
Trying gmin =   1.0000E-12 Note: One successful gmin step
Note: Dynamic gmin stepping completed

No. of Data Rows : 121
Doing analysis at TEMP = -40.000000 and TNOM = 27.000000

Note: Starting dynamic gmin stepping
Trying gmin =   1.0000E-03 Note: One successful gmin step
Trying gmin =   1.0000E-04 Note: One successful gmin step
Trying gmin =   1.0000E-05 Note: One successful gmin step
Trying gmin =   1.0000E-06 Warning: Further gmin increment
Trying gmin =   5.6234E-06 Note: One successful gmin step
Trying gmin =   3.1623E-06 Note: One successful gmin step
Trying gmin =   1.3335E-06 Note: One successful gmin step
Trying gmin =   5.6234E-07 Note: One successful gmin step
Trying gmin =   1.5399E-07 Note: One successful gmin step
Trying gmin =   2.2067E-08 Warning: Further gmin increment
Trying gmin =   9.4746E-08 Note: One successful gmin step
Trying gmin =   4.5725E-08 Note: One successful gmin step
Trying gmin =   1.5330E-08 Note: One successful gmin step
Trying gmin =   2.9760E-09 Warning: Further gmin increment
Trying gmin =   1.0176E-08 Note: One successful gmin step
Trying gmin =   5.5030E-09 Warning: Further gmin increment
Trying gmin =   8.7262E-09 Note: One successful gmin step
Trying gmin =   6.9297E-09 Warning: Further gmin increment
Trying gmin =   8.2376E-09 Warning: Further gmin increment
Trying gmin =   8.6014E-09 Note: One successful gmin step
Trying gmin =   8.4175E-09 Note: One successful gmin step
Trying gmin =   8.1490E-09 Note: One successful gmin step
Trying gmin =   7.7623E-09 Note: One successful gmin step
Trying gmin =   7.2162E-09 Note: One successful gmin step
Trying gmin =   6.4684E-09 Warning: Further gmin increment
Trying gmin =   7.0215E-09 Note: One successful gmin step
Trying gmin =   6.7393E-09 Note: One successful gmin step
Trying gmin =   6.4684E-09 Note: One successful gmin step
Trying gmin =   6.0823E-09 Note: One successful gmin step
Trying gmin =   5.5460E-09 Note: One successful gmin step
Trying gmin =   4.8289E-09 Note: One successful gmin step
Trying gmin =   3.9232E-09 Note: One successful gmin step
Trying gmin =   2.8730E-09 Note: One successful gmin step
Trying gmin =   1.8004E-09 Note: One successful gmin step
Trying gmin =   8.9319E-10 Note: One successful gmin step
Trying gmin =   3.1210E-10 Note: One successful gmin step
Trying gmin =   6.4462E-11 Note: One successful gmin step
Trying gmin =   6.4462E-12 Note: One successful gmin step
Trying gmin =   1.0000E-12 Note: One successful gmin step
Note: Dynamic gmin stepping completed

No. of Data Rows : 121
Doing analysis at TEMP = -40.000000 and TNOM = 27.000000

Note: Starting dynamic gmin stepping
Trying gmin =   1.0000E-03 Note: One successful gmin step
Trying gmin =   1.0000E-04 Note: One successful gmin step
Trying gmin =   1.0000E-05 Note: One successful gmin step
Trying gmin =   1.0000E-06 Warning: Further gmin increment
Trying gmin =   5.6234E-06 Note: One successful gmin step
Trying gmin =   3.1623E-06 Note: One successful gmin step
Trying gmin =   1.3335E-06 Note: One successful gmin step
Trying gmin =   5.6234E-07 Note: One successful gmin step
Trying gmin =   1.5399E-07 Note: One successful gmin step
Trying gmin =   2.2067E-08 Warning: Further gmin increment
Trying gmin =   9.4746E-08 Note: One successful gmin step
Trying gmin =   4.5725E-08 Note: One successful gmin step
Trying gmin =   1.5330E-08 Note: One successful gmin step
Trying gmin =   2.9760E-09 Warning: Further gmin increment
Trying gmin =   1.0176E-08 Note: One successful gmin step
Trying gmin =   5.5030E-09 Warning: Further gmin increment
Trying gmin =   8.7262E-09 Note: One successful gmin step
Trying gmin =   6.9297E-09 Warning: Further gmin increment
Trying gmin =   8.2376E-09 Warning: Further gmin increment
Trying gmin =   8.6014E-09 Note: One successful gmin step
Trying gmin =   8.4175E-09 Note: One successful gmin step
Trying gmin =   8.1490E-09 Note: One successful gmin step
Trying gmin =   7.7623E-09 Note: One successful gmin step
Trying gmin =   7.2162E-09 Note: One successful gmin step
Trying gmin =   6.4684E-09 Warning: Further gmin increment
Trying gmin =   7.0215E-09 Note: One successful gmin step
Trying gmin =   6.7393E-09 Note: One successful gmin step
Trying gmin =   6.4684E-09 Note: One successful gmin step
Trying gmin =   6.0823E-09 Note: One successful gmin step
Trying gmin =   5.5460E-09 Note: One successful gmin step
Trying gmin =   4.8289E-09 Note: One successful gmin step
Trying gmin =   3.9232E-09 Note: One successful gmin step
Trying gmin =   2.8730E-09 Note: One successful gmin step
Trying gmin =   1.8004E-09 Note: One successful gmin step
Trying gmin =   8.9319E-10 Note: One successful gmin step
Trying gmin =   3.1210E-10 Note: One successful gmin step
Trying gmin =   6.4462E-11 Note: One successful gmin step
Trying gmin =   6.4462E-12 Note: One successful gmin step
Trying gmin =   1.0000E-12 Note: One successful gmin step
Note: Dynamic gmin stepping completed

No. of Data Rows : 121
av0p1hz             =  1.243187e+02
gbw                 =  2.116722e+06
pm180               =  6.222452e+07
pm                  =  6.130051e+01
gm                  =  -4.614395e+01
cmrr0p1hz           =  1.107073e+02
psrr0p1hz           =  1.037664e+02
ERROR: (internal)  This operation is not defined for display type PrinterOnly.
Can't open viewport for graphics.
ERROR: (internal)  This operation is not defined for display type PrinterOnly.
Can't open viewport for graphics.
idd = -3.17553e-04
vos = 1.882997e-04
binary raw file "./out/sp15.raw"
Doing analysis at TEMP = -40.000000 and TNOM = 27.000000

OP information in rawfile.

Total analysis time (seconds) = 255.002

Total elapsed time (seconds) = 275.364 

Total DRAM available = 7841.949 MB.
DRAM currently available =  166.484 MB.
Maximum ngspice program size = 2426.086 MB.
Current ngspice program size = 2408.172 MB.

Shared ngspice pages =   10.809 MB.
Text (code) pages =    5.461 MB.
Stack = 0 bytes.
Library pages = 2405.641 MB.

