
Note: Compatibility modes selected: hs a


Circuit: * num: 2 corner: ff vdd: 3.0 temp: -40

option SCALE: Scale is set to 1e-06 for instance and model parameters
option SCALE: Scale is set to 1e-06 for instance and model parameters
option SCALE: Scale is set to 1e-06 for instance and model parameters
option SCALE: Scale is set to 1e-06 for instance and model parameters
Doing analysis at TEMP = -40.000000 and TNOM = 27.000000

Note: Starting dynamic gmin stepping
Trying gmin =   1.0000E-03 Note: One successful gmin step
Trying gmin =   1.0000E-04 Note: One successful gmin step
Trying gmin =   1.0000E-05 Note: One successful gmin step
Trying gmin =   1.0000E-06 Note: One successful gmin step
Trying gmin =   3.1623E-07 Note: One successful gmin step
Trying gmin =   5.6234E-08 Warning: Further gmin increment
Trying gmin =   2.0535E-07 Note: One successful gmin step
Trying gmin =   1.0746E-07 Note: One successful gmin step
Trying gmin =   4.0679E-08 Note: One successful gmin step
Trying gmin =   9.4746E-09 Warning: Further gmin increment
Trying gmin =   2.8260E-08 Note: One successful gmin step
Trying gmin =   1.6363E-08 Note: One successful gmin step
Trying gmin =   7.2096E-09 Warning: Further gmin increment
Trying gmin =   1.3331E-08 Note: One successful gmin step
Trying gmin =   9.8038E-09 Note: One successful gmin step
Trying gmin =   6.1826E-09 Warning: Further gmin increment
Trying gmin =   8.7365E-09 Warning: Further gmin increment
Trying gmin =   9.5253E-09 Note: One successful gmin step
Trying gmin =   9.1224E-09 Note: One successful gmin step
Trying gmin =   8.5497E-09 Note: One successful gmin step
Trying gmin =   7.7574E-09 Note: One successful gmin step
Trying gmin =   6.7045E-09 Note: One successful gmin step
Trying gmin =   5.3869E-09 Note: One successful gmin step
Trying gmin =   3.8796E-09 Note: One successful gmin step
Trying gmin =   2.3712E-09 Note: One successful gmin step
Trying gmin =   1.1331E-09 Note: One successful gmin step
Trying gmin =   3.7426E-10 Note: One successful gmin step
Trying gmin =   7.1046E-11 Note: One successful gmin step
Trying gmin =   7.1046E-12 Note: One successful gmin step
Trying gmin =   1.0000E-12 Note: One successful gmin step
Note: Dynamic gmin stepping completed

No. of Data Rows : 1
Doing analysis at TEMP = -40.000000 and TNOM = 27.000000

Note: Starting dynamic gmin stepping
Trying gmin =   1.0000E-03 Note: One successful gmin step
Trying gmin =   1.0000E-04 Note: One successful gmin step
Trying gmin =   1.0000E-05 Note: One successful gmin step
Trying gmin =   1.0000E-06 Note: One successful gmin step
Trying gmin =   3.1623E-07 Note: One successful gmin step
Trying gmin =   5.6234E-08 Warning: Further gmin increment
Trying gmin =   2.0535E-07 Note: One successful gmin step
Trying gmin =   1.0746E-07 Note: One successful gmin step
Trying gmin =   4.0679E-08 Note: One successful gmin step
Trying gmin =   9.4746E-09 Warning: Further gmin increment
Trying gmin =   2.8260E-08 Note: One successful gmin step
Trying gmin =   1.6363E-08 Note: One successful gmin step
Trying gmin =   7.2096E-09 Warning: Further gmin increment
Trying gmin =   1.3331E-08 Note: One successful gmin step
Trying gmin =   9.8038E-09 Note: One successful gmin step
Trying gmin =   6.1826E-09 Warning: Further gmin increment
Trying gmin =   8.7365E-09 Warning: Further gmin increment
Trying gmin =   9.5253E-09 Note: One successful gmin step
Trying gmin =   9.1224E-09 Note: One successful gmin step
Trying gmin =   8.5497E-09 Note: One successful gmin step
Trying gmin =   7.7574E-09 Note: One successful gmin step
Trying gmin =   6.7045E-09 Note: One successful gmin step
Trying gmin =   5.3869E-09 Note: One successful gmin step
Trying gmin =   3.8796E-09 Note: One successful gmin step
Trying gmin =   2.3712E-09 Note: One successful gmin step
Trying gmin =   1.1331E-09 Note: One successful gmin step
Trying gmin =   3.7426E-10 Note: One successful gmin step
Trying gmin =   7.1046E-11 Note: One successful gmin step
Trying gmin =   7.1046E-12 Note: One successful gmin step
Trying gmin =   1.0000E-12 Note: One successful gmin step
Note: Dynamic gmin stepping completed

No. of Data Rows : 121
Doing analysis at TEMP = -40.000000 and TNOM = 27.000000

Note: Starting dynamic gmin stepping
Trying gmin =   1.0000E-03 Note: One successful gmin step
Trying gmin =   1.0000E-04 Note: One successful gmin step
Trying gmin =   1.0000E-05 Note: One successful gmin step
Trying gmin =   1.0000E-06 Note: One successful gmin step
Trying gmin =   3.1623E-07 Note: One successful gmin step
Trying gmin =   5.6234E-08 Warning: Further gmin increment
Trying gmin =   2.0535E-07 Note: One successful gmin step
Trying gmin =   1.0746E-07 Note: One successful gmin step
Trying gmin =   4.0679E-08 Note: One successful gmin step
Trying gmin =   9.4746E-09 Warning: Further gmin increment
Trying gmin =   2.8260E-08 Note: One successful gmin step
Trying gmin =   1.6363E-08 Note: One successful gmin step
Trying gmin =   7.2096E-09 Warning: Further gmin increment
Trying gmin =   1.3331E-08 Note: One successful gmin step
Trying gmin =   9.8038E-09 Note: One successful gmin step
Trying gmin =   6.1826E-09 Warning: Further gmin increment
Trying gmin =   8.7365E-09 Warning: Further gmin increment
Trying gmin =   9.5253E-09 Note: One successful gmin step
Trying gmin =   9.1224E-09 Note: One successful gmin step
Trying gmin =   8.5497E-09 Note: One successful gmin step
Trying gmin =   7.7574E-09 Note: One successful gmin step
Trying gmin =   6.7045E-09 Note: One successful gmin step
Trying gmin =   5.3869E-09 Note: One successful gmin step
Trying gmin =   3.8796E-09 Note: One successful gmin step
Trying gmin =   2.3712E-09 Note: One successful gmin step
Trying gmin =   1.1331E-09 Note: One successful gmin step
Trying gmin =   3.7426E-10 Note: One successful gmin step
Trying gmin =   7.1046E-11 Note: One successful gmin step
Trying gmin =   7.1046E-12 Note: One successful gmin step
Trying gmin =   1.0000E-12 Note: One successful gmin step
Note: Dynamic gmin stepping completed

No. of Data Rows : 121
Doing analysis at TEMP = -40.000000 and TNOM = 27.000000

Note: Starting dynamic gmin stepping
Trying gmin =   1.0000E-03 Note: One successful gmin step
Trying gmin =   1.0000E-04 Note: One successful gmin step
Trying gmin =   1.0000E-05 Note: One successful gmin step
Trying gmin =   1.0000E-06 Note: One successful gmin step
Trying gmin =   3.1623E-07 Note: One successful gmin step
Trying gmin =   5.6234E-08 Warning: Further gmin increment
Trying gmin =   2.0535E-07 Note: One successful gmin step
Trying gmin =   1.0746E-07 Note: One successful gmin step
Trying gmin =   4.0679E-08 Note: One successful gmin step
Trying gmin =   9.4746E-09 Warning: Further gmin increment
Trying gmin =   2.8260E-08 Note: One successful gmin step
Trying gmin =   1.6363E-08 Note: One successful gmin step
Trying gmin =   7.2096E-09 Warning: Further gmin increment
Trying gmin =   1.3331E-08 Note: One successful gmin step
Trying gmin =   9.8038E-09 Note: One successful gmin step
Trying gmin =   6.1826E-09 Warning: Further gmin increment
Trying gmin =   8.7365E-09 Warning: Further gmin increment
Trying gmin =   9.5253E-09 Note: One successful gmin step
Trying gmin =   9.1224E-09 Note: One successful gmin step
Trying gmin =   8.5497E-09 Note: One successful gmin step
Trying gmin =   7.7574E-09 Note: One successful gmin step
Trying gmin =   6.7045E-09 Note: One successful gmin step
Trying gmin =   5.3869E-09 Note: One successful gmin step
Trying gmin =   3.8796E-09 Note: One successful gmin step
Trying gmin =   2.3712E-09 Note: One successful gmin step
Trying gmin =   1.1331E-09 Note: One successful gmin step
Trying gmin =   3.7426E-10 Note: One successful gmin step
Trying gmin =   7.1046E-11 Note: One successful gmin step
Trying gmin =   7.1046E-12 Note: One successful gmin step
Trying gmin =   1.0000E-12 Note: One successful gmin step
Note: Dynamic gmin stepping completed

No. of Data Rows : 121
av0p1hz             =  1.152732e+02
gbw                 =  1.942863e+06
pm180               =  5.883861e+07
pm                  =  6.242505e+01
gm                  =  -4.623730e+01
cmrr0p1hz           =  1.088339e+02
psrr0p1hz           =  6.721813e+01
ERROR: (internal)  This operation is not defined for display type PrinterOnly.
Can't open viewport for graphics.
ERROR: (internal)  This operation is not defined for display type PrinterOnly.
Can't open viewport for graphics.
idd = -2.84840e-04
vos = -1.68249e-04
binary raw file "./out/sp2.raw"
Doing analysis at TEMP = -40.000000 and TNOM = 27.000000

OP information in rawfile.

Total analysis time (seconds) = 221.729

Total elapsed time (seconds) = 245.712 

Total DRAM available = 7841.949 MB.
DRAM currently available =  554.918 MB.
Maximum ngspice program size = 2426.117 MB.
Current ngspice program size = 2408.309 MB.

Shared ngspice pages =   10.918 MB.
Text (code) pages =    5.461 MB.
Stack = 0 bytes.
Library pages = 2405.672 MB.

