
Note: Compatibility modes selected: hs a


Circuit: * num: 22 corner: fs vdd: 5.5 temp: 85

option SCALE: Scale is set to 1e-06 for instance and model parameters
option SCALE: Scale is set to 1e-06 for instance and model parameters
option SCALE: Scale is set to 1e-06 for instance and model parameters
option SCALE: Scale is set to 1e-06 for instance and model parameters
Doing analysis at TEMP = 85.000000 and TNOM = 27.000000

Note: Starting dynamic gmin stepping
Trying gmin =   1.0000E-03 Note: One successful gmin step
Trying gmin =   1.0000E-04 Note: One successful gmin step
Trying gmin =   1.0000E-05 Note: One successful gmin step
Trying gmin =   1.0000E-06 Warning: Further gmin increment
Trying gmin =   5.6234E-06 Note: One successful gmin step
Trying gmin =   2.3714E-06 Note: One successful gmin step
Trying gmin =   1.0000E-06 Note: One successful gmin step
Trying gmin =   2.7384E-07 Note: One successful gmin step
Trying gmin =   3.9242E-08 Warning: Further gmin increment
Trying gmin =   1.6849E-07 Note: One successful gmin step
Trying gmin =   8.1312E-08 Note: One successful gmin step
Trying gmin =   2.7261E-08 Note: One successful gmin step
Trying gmin =   5.2922E-09 Warning: Further gmin increment
Trying gmin =   1.8095E-08 Note: One successful gmin step
Trying gmin =   9.7859E-09 Note: One successful gmin step
Trying gmin =   3.8918E-09 Warning: Further gmin increment
Trying gmin =   7.7712E-09 Warning: Further gmin increment
Trying gmin =   9.2379E-09 Note: One successful gmin step
Trying gmin =   8.4729E-09 Note: One successful gmin step
Trying gmin =   7.4425E-09 Warning: Further gmin increment
Trying gmin =   8.2026E-09 Note: One successful gmin step
Trying gmin =   7.8133E-09 Note: One successful gmin step
Trying gmin =   7.2637E-09 Note: One successful gmin step
Trying gmin =   6.5109E-09 Note: One successful gmin step
Trying gmin =   5.5255E-09 Warning: Further gmin increment
Trying gmin =   6.2492E-09 Note: One successful gmin step
Trying gmin =   5.8762E-09 Note: One successful gmin step
Trying gmin =   5.3581E-09 Note: One successful gmin step
Trying gmin =   4.6652E-09 Note: One successful gmin step
Trying gmin =   3.7903E-09 Note: One successful gmin step
Trying gmin =   2.7756E-09 Note: One successful gmin step
Trying gmin =   1.7394E-09 Note: One successful gmin step
Trying gmin =   8.6292E-10 Note: One successful gmin step
Trying gmin =   3.0152E-10 Note: One successful gmin step
Trying gmin =   6.2278E-11 Note: One successful gmin step
Trying gmin =   6.2278E-12 Note: One successful gmin step
Trying gmin =   1.0000E-12 Note: One successful gmin step
Note: Dynamic gmin stepping completed

No. of Data Rows : 1
Doing analysis at TEMP = 85.000000 and TNOM = 27.000000

Note: Starting dynamic gmin stepping
Trying gmin =   1.0000E-03 Note: One successful gmin step
Trying gmin =   1.0000E-04 Note: One successful gmin step
Trying gmin =   1.0000E-05 Note: One successful gmin step
Trying gmin =   1.0000E-06 Warning: Further gmin increment
Trying gmin =   5.6234E-06 Note: One successful gmin step
Trying gmin =   2.3714E-06 Note: One successful gmin step
Trying gmin =   1.0000E-06 Note: One successful gmin step
Trying gmin =   2.7384E-07 Note: One successful gmin step
Trying gmin =   3.9242E-08 Warning: Further gmin increment
Trying gmin =   1.6849E-07 Note: One successful gmin step
Trying gmin =   8.1312E-08 Note: One successful gmin step
Trying gmin =   2.7261E-08 Note: One successful gmin step
Trying gmin =   5.2922E-09 Warning: Further gmin increment
Trying gmin =   1.8095E-08 Note: One successful gmin step
Trying gmin =   9.7859E-09 Note: One successful gmin step
Trying gmin =   3.8918E-09 Warning: Further gmin increment
Trying gmin =   7.7712E-09 Warning: Further gmin increment
Trying gmin =   9.2379E-09 Note: One successful gmin step
Trying gmin =   8.4729E-09 Note: One successful gmin step
Trying gmin =   7.4425E-09 Warning: Further gmin increment
Trying gmin =   8.2026E-09 Note: One successful gmin step
Trying gmin =   7.8133E-09 Note: One successful gmin step
Trying gmin =   7.2637E-09 Note: One successful gmin step
Trying gmin =   6.5109E-09 Note: One successful gmin step
Trying gmin =   5.5255E-09 Warning: Further gmin increment
Trying gmin =   6.2492E-09 Note: One successful gmin step
Trying gmin =   5.8762E-09 Note: One successful gmin step
Trying gmin =   5.3581E-09 Note: One successful gmin step
Trying gmin =   4.6652E-09 Note: One successful gmin step
Trying gmin =   3.7903E-09 Note: One successful gmin step
Trying gmin =   2.7756E-09 Note: One successful gmin step
Trying gmin =   1.7394E-09 Note: One successful gmin step
Trying gmin =   8.6292E-10 Note: One successful gmin step
Trying gmin =   3.0152E-10 Note: One successful gmin step
Trying gmin =   6.2278E-11 Note: One successful gmin step
Trying gmin =   6.2278E-12 Note: One successful gmin step
Trying gmin =   1.0000E-12 Note: One successful gmin step
Note: Dynamic gmin stepping completed

No. of Data Rows : 121
Doing analysis at TEMP = 85.000000 and TNOM = 27.000000

Note: Starting dynamic gmin stepping
Trying gmin =   1.0000E-03 Note: One successful gmin step
Trying gmin =   1.0000E-04 Note: One successful gmin step
Trying gmin =   1.0000E-05 Note: One successful gmin step
Trying gmin =   1.0000E-06 Warning: Further gmin increment
Trying gmin =   5.6234E-06 Note: One successful gmin step
Trying gmin =   2.3714E-06 Note: One successful gmin step
Trying gmin =   1.0000E-06 Note: One successful gmin step
Trying gmin =   2.7384E-07 Note: One successful gmin step
Trying gmin =   3.9242E-08 Warning: Further gmin increment
Trying gmin =   1.6849E-07 Note: One successful gmin step
Trying gmin =   8.1312E-08 Note: One successful gmin step
Trying gmin =   2.7261E-08 Note: One successful gmin step
Trying gmin =   5.2922E-09 Warning: Further gmin increment
Trying gmin =   1.8095E-08 Note: One successful gmin step
Trying gmin =   9.7859E-09 Note: One successful gmin step
Trying gmin =   3.8918E-09 Warning: Further gmin increment
Trying gmin =   7.7712E-09 Warning: Further gmin increment
Trying gmin =   9.2379E-09 Note: One successful gmin step
Trying gmin =   8.4729E-09 Note: One successful gmin step
Trying gmin =   7.4425E-09 Warning: Further gmin increment
Trying gmin =   8.2026E-09 Note: One successful gmin step
Trying gmin =   7.8133E-09 Note: One successful gmin step
Trying gmin =   7.2637E-09 Note: One successful gmin step
Trying gmin =   6.5109E-09 Note: One successful gmin step
Trying gmin =   5.5255E-09 Warning: Further gmin increment
Trying gmin =   6.2492E-09 Note: One successful gmin step
Trying gmin =   5.8762E-09 Note: One successful gmin step
Trying gmin =   5.3581E-09 Note: One successful gmin step
Trying gmin =   4.6652E-09 Note: One successful gmin step
Trying gmin =   3.7903E-09 Note: One successful gmin step
Trying gmin =   2.7756E-09 Note: One successful gmin step
Trying gmin =   1.7394E-09 Note: One successful gmin step
Trying gmin =   8.6292E-10 Note: One successful gmin step
Trying gmin =   3.0152E-10 Note: One successful gmin step
Trying gmin =   6.2278E-11 Note: One successful gmin step
Trying gmin =   6.2278E-12 Note: One successful gmin step
Trying gmin =   1.0000E-12 Note: One successful gmin step
Note: Dynamic gmin stepping completed

No. of Data Rows : 121
Doing analysis at TEMP = 85.000000 and TNOM = 27.000000

Note: Starting dynamic gmin stepping
Trying gmin =   1.0000E-03 Note: One successful gmin step
Trying gmin =   1.0000E-04 Note: One successful gmin step
Trying gmin =   1.0000E-05 Note: One successful gmin step
Trying gmin =   1.0000E-06 Warning: Further gmin increment
Trying gmin =   5.6234E-06 Note: One successful gmin step
Trying gmin =   2.3714E-06 Note: One successful gmin step
Trying gmin =   1.0000E-06 Note: One successful gmin step
Trying gmin =   2.7384E-07 Note: One successful gmin step
Trying gmin =   3.9242E-08 Warning: Further gmin increment
Trying gmin =   1.6849E-07 Note: One successful gmin step
Trying gmin =   8.1312E-08 Note: One successful gmin step
Trying gmin =   2.7261E-08 Note: One successful gmin step
Trying gmin =   5.2922E-09 Warning: Further gmin increment
Trying gmin =   1.8095E-08 Note: One successful gmin step
Trying gmin =   9.7859E-09 Note: One successful gmin step
Trying gmin =   3.8918E-09 Warning: Further gmin increment
Trying gmin =   7.7712E-09 Warning: Further gmin increment
Trying gmin =   9.2379E-09 Note: One successful gmin step
Trying gmin =   8.4729E-09 Note: One successful gmin step
Trying gmin =   7.4425E-09 Warning: Further gmin increment
Trying gmin =   8.2026E-09 Note: One successful gmin step
Trying gmin =   7.8133E-09 Note: One successful gmin step
Trying gmin =   7.2637E-09 Note: One successful gmin step
Trying gmin =   6.5109E-09 Note: One successful gmin step
Trying gmin =   5.5255E-09 Warning: Further gmin increment
Trying gmin =   6.2492E-09 Note: One successful gmin step
Trying gmin =   5.8762E-09 Note: One successful gmin step
Trying gmin =   5.3581E-09 Note: One successful gmin step
Trying gmin =   4.6652E-09 Note: One successful gmin step
Trying gmin =   3.7903E-09 Note: One successful gmin step
Trying gmin =   2.7756E-09 Note: One successful gmin step
Trying gmin =   1.7394E-09 Note: One successful gmin step
Trying gmin =   8.6292E-10 Note: One successful gmin step
Trying gmin =   3.0152E-10 Note: One successful gmin step
Trying gmin =   6.2278E-11 Note: One successful gmin step
Trying gmin =   6.2278E-12 Note: One successful gmin step
Trying gmin =   1.0000E-12 Note: One successful gmin step
Note: Dynamic gmin stepping completed

No. of Data Rows : 121
av0p1hz             =  1.088365e+02
gbw                 =  1.437188e+06
pm180               =  4.371394e+07
pm                  =  6.165424e+01
gm                  =  -4.696491e+01
cmrr0p1hz           =  1.043021e+02
psrr0p1hz           =  8.147629e+01
ERROR: (internal)  This operation is not defined for display type PrinterOnly.
Can't open viewport for graphics.
ERROR: (internal)  This operation is not defined for display type PrinterOnly.
Can't open viewport for graphics.
idd = -3.12231e-04
vos = 3.565326e-04
binary raw file "./out/sp22.raw"
Doing analysis at TEMP = 85.000000 and TNOM = 27.000000

OP information in rawfile.

Total analysis time (seconds) = 236.929

Total elapsed time (seconds) = 255.939 

Total DRAM available = 7841.949 MB.
DRAM currently available =  286.387 MB.
Maximum ngspice program size = 2426.094 MB.
Current ngspice program size = 2407.750 MB.

Shared ngspice pages =   10.371 MB.
Text (code) pages =    5.461 MB.
Stack = 0 bytes.
Library pages = 2405.648 MB.

