
Note: Compatibility modes selected: hs a


Circuit: * num: 3 corner: sf vdd: 3.0 temp: -40

option SCALE: Scale is set to 1e-06 for instance and model parameters
option SCALE: Scale is set to 1e-06 for instance and model parameters
option SCALE: Scale is set to 1e-06 for instance and model parameters
option SCALE: Scale is set to 1e-06 for instance and model parameters
Doing analysis at TEMP = -40.000000 and TNOM = 27.000000

Note: Starting dynamic gmin stepping
Trying gmin =   1.0000E-03 Note: One successful gmin step
Trying gmin =   1.0000E-04 Note: One successful gmin step
Trying gmin =   1.0000E-05 Note: One successful gmin step
Trying gmin =   1.0000E-06 Warning: Further gmin increment
Trying gmin =   5.6234E-06 Note: One successful gmin step
Trying gmin =   2.3714E-06 Note: One successful gmin step
Trying gmin =   1.0000E-06 Note: One successful gmin step
Trying gmin =   4.2170E-07 Note: One successful gmin step
Trying gmin =   1.1548E-07 Note: One successful gmin step
Trying gmin =   1.6548E-08 Warning: Further gmin increment
Trying gmin =   7.1050E-08 Note: One successful gmin step
Trying gmin =   3.4289E-08 Note: One successful gmin step
Trying gmin =   1.1496E-08 Note: One successful gmin step
Trying gmin =   2.2317E-09 Warning: Further gmin increment
Trying gmin =   7.6308E-09 Warning: Further gmin increment
Trying gmin =   1.0377E-08 Note: One successful gmin step
Trying gmin =   8.8984E-09 Note: One successful gmin step
Trying gmin =   7.0664E-09 Note: One successful gmin step
Trying gmin =   5.0007E-09 Note: One successful gmin step
Trying gmin =   2.9770E-09 Note: One successful gmin step
Trying gmin =   1.3674E-09 Note: One successful gmin step
Trying gmin =   4.2567E-10 Note: One successful gmin step
Trying gmin =   7.3933E-11 Note: One successful gmin step
Trying gmin =   7.3933E-12 Note: One successful gmin step
Trying gmin =   1.0000E-12 Note: One successful gmin step
Note: Dynamic gmin stepping completed

No. of Data Rows : 1
Doing analysis at TEMP = -40.000000 and TNOM = 27.000000

Note: Starting dynamic gmin stepping
Trying gmin =   1.0000E-03 Note: One successful gmin step
Trying gmin =   1.0000E-04 Note: One successful gmin step
Trying gmin =   1.0000E-05 Note: One successful gmin step
Trying gmin =   1.0000E-06 Warning: Further gmin increment
Trying gmin =   5.6234E-06 Note: One successful gmin step
Trying gmin =   2.3714E-06 Note: One successful gmin step
Trying gmin =   1.0000E-06 Note: One successful gmin step
Trying gmin =   4.2170E-07 Note: One successful gmin step
Trying gmin =   1.1548E-07 Note: One successful gmin step
Trying gmin =   1.6548E-08 Warning: Further gmin increment
Trying gmin =   7.1050E-08 Note: One successful gmin step
Trying gmin =   3.4289E-08 Note: One successful gmin step
Trying gmin =   1.1496E-08 Note: One successful gmin step
Trying gmin =   2.2317E-09 Warning: Further gmin increment
Trying gmin =   7.6308E-09 Warning: Further gmin increment
Trying gmin =   1.0377E-08 Note: One successful gmin step
Trying gmin =   8.8984E-09 Note: One successful gmin step
Trying gmin =   7.0664E-09 Note: One successful gmin step
Trying gmin =   5.0007E-09 Note: One successful gmin step
Trying gmin =   2.9770E-09 Note: One successful gmin step
Trying gmin =   1.3674E-09 Note: One successful gmin step
Trying gmin =   4.2567E-10 Note: One successful gmin step
Trying gmin =   7.3933E-11 Note: One successful gmin step
Trying gmin =   7.3933E-12 Note: One successful gmin step
Trying gmin =   1.0000E-12 Note: One successful gmin step
Note: Dynamic gmin stepping completed

No. of Data Rows : 121
Doing analysis at TEMP = -40.000000 and TNOM = 27.000000

Note: Starting dynamic gmin stepping
Trying gmin =   1.0000E-03 Note: One successful gmin step
Trying gmin =   1.0000E-04 Note: One successful gmin step
Trying gmin =   1.0000E-05 Note: One successful gmin step
Trying gmin =   1.0000E-06 Warning: Further gmin increment
Trying gmin =   5.6234E-06 Note: One successful gmin step
Trying gmin =   2.3714E-06 Note: One successful gmin step
Trying gmin =   1.0000E-06 Note: One successful gmin step
Trying gmin =   4.2170E-07 Note: One successful gmin step
Trying gmin =   1.1548E-07 Note: One successful gmin step
Trying gmin =   1.6548E-08 Warning: Further gmin increment
Trying gmin =   7.1050E-08 Note: One successful gmin step
Trying gmin =   3.4289E-08 Note: One successful gmin step
Trying gmin =   1.1496E-08 Note: One successful gmin step
Trying gmin =   2.2317E-09 Warning: Further gmin increment
Trying gmin =   7.6308E-09 Warning: Further gmin increment
Trying gmin =   1.0377E-08 Note: One successful gmin step
Trying gmin =   8.8984E-09 Note: One successful gmin step
Trying gmin =   7.0664E-09 Note: One successful gmin step
Trying gmin =   5.0007E-09 Note: One successful gmin step
Trying gmin =   2.9770E-09 Note: One successful gmin step
Trying gmin =   1.3674E-09 Note: One successful gmin step
Trying gmin =   4.2567E-10 Note: One successful gmin step
Trying gmin =   7.3933E-11 Note: One successful gmin step
Trying gmin =   7.3933E-12 Note: One successful gmin step
Trying gmin =   1.0000E-12 Note: One successful gmin step
Note: Dynamic gmin stepping completed

No. of Data Rows : 121
Doing analysis at TEMP = -40.000000 and TNOM = 27.000000

Note: Starting dynamic gmin stepping
Trying gmin =   1.0000E-03 Note: One successful gmin step
Trying gmin =   1.0000E-04 Note: One successful gmin step
Trying gmin =   1.0000E-05 Note: One successful gmin step
Trying gmin =   1.0000E-06 Warning: Further gmin increment
Trying gmin =   5.6234E-06 Note: One successful gmin step
Trying gmin =   2.3714E-06 Note: One successful gmin step
Trying gmin =   1.0000E-06 Note: One successful gmin step
Trying gmin =   4.2170E-07 Note: One successful gmin step
Trying gmin =   1.1548E-07 Note: One successful gmin step
Trying gmin =   1.6548E-08 Warning: Further gmin increment
Trying gmin =   7.1050E-08 Note: One successful gmin step
Trying gmin =   3.4289E-08 Note: One successful gmin step
Trying gmin =   1.1496E-08 Note: One successful gmin step
Trying gmin =   2.2317E-09 Warning: Further gmin increment
Trying gmin =   7.6308E-09 Warning: Further gmin increment
Trying gmin =   1.0377E-08 Note: One successful gmin step
Trying gmin =   8.8984E-09 Note: One successful gmin step
Trying gmin =   7.0664E-09 Note: One successful gmin step
Trying gmin =   5.0007E-09 Note: One successful gmin step
Trying gmin =   2.9770E-09 Note: One successful gmin step
Trying gmin =   1.3674E-09 Note: One successful gmin step
Trying gmin =   4.2567E-10 Note: One successful gmin step
Trying gmin =   7.3933E-11 Note: One successful gmin step
Trying gmin =   7.3933E-12 Note: One successful gmin step
Trying gmin =   1.0000E-12 Note: One successful gmin step
Note: Dynamic gmin stepping completed

No. of Data Rows : 121
av0p1hz             =  1.158135e+02
gbw                 =  1.922817e+06
pm180               =  5.799231e+07
pm                  =  6.250175e+01
gm                  =  -4.618839e+01
cmrr0p1hz           =  9.744076e+01
psrr0p1hz           =  5.480464e+01
ERROR: (internal)  This operation is not defined for display type PrinterOnly.
Can't open viewport for graphics.
ERROR: (internal)  This operation is not defined for display type PrinterOnly.
Can't open viewport for graphics.
idd = -2.80450e-04
vos = -3.82397e-04
binary raw file "./out/sp3.raw"
Doing analysis at TEMP = -40.000000 and TNOM = 27.000000

OP information in rawfile.

Total analysis time (seconds) = 203.485

Total elapsed time (seconds) = 229.377 

Total DRAM available = 7841.949 MB.
DRAM currently available =  532.844 MB.
Maximum ngspice program size = 2426.156 MB.
Current ngspice program size = 2408.074 MB.

Shared ngspice pages =   10.641 MB.
Text (code) pages =    5.461 MB.
Stack = 0 bytes.
Library pages = 2405.711 MB.

