
Note: Compatibility modes selected: hs a


Circuit: * num: 7 corner: ss vdd: 3.0 temp: 85

option SCALE: Scale is set to 1e-06 for instance and model parameters
option SCALE: Scale is set to 1e-06 for instance and model parameters
option SCALE: Scale is set to 1e-06 for instance and model parameters
option SCALE: Scale is set to 1e-06 for instance and model parameters
Doing analysis at TEMP = 85.000000 and TNOM = 27.000000

Note: Starting dynamic gmin stepping
Trying gmin =   1.0000E-03 Note: One successful gmin step
Trying gmin =   1.0000E-04 Note: One successful gmin step
Trying gmin =   1.0000E-05 Note: One successful gmin step
Trying gmin =   1.0000E-06 Note: One successful gmin step
Trying gmin =   3.1623E-07 Note: One successful gmin step
Trying gmin =   5.6234E-08 Warning: Further gmin increment
Trying gmin =   2.0535E-07 Note: One successful gmin step
Trying gmin =   1.0746E-07 Note: One successful gmin step
Trying gmin =   4.0679E-08 Note: One successful gmin step
Trying gmin =   9.4746E-09 Warning: Further gmin increment
Trying gmin =   2.8260E-08 Note: One successful gmin step
Trying gmin =   1.6363E-08 Note: One successful gmin step
Trying gmin =   7.2096E-09 Warning: Further gmin increment
Trying gmin =   1.3331E-08 Note: One successful gmin step
Trying gmin =   9.8038E-09 Note: One successful gmin step
Trying gmin =   7.2096E-09 Warning: Further gmin increment
Trying gmin =   9.0787E-09 Note: One successful gmin step
Trying gmin =   8.0903E-09 Warning: Further gmin increment
Trying gmin =   8.8208E-09 Note: One successful gmin step
Trying gmin =   8.4477E-09 Note: One successful gmin step
Trying gmin =   7.9174E-09 Note: One successful gmin step
Trying gmin =   7.1837E-09 Note: One successful gmin step
Trying gmin =   6.2086E-09 Note: One successful gmin step
Trying gmin =   4.9884E-09 Note: One successful gmin step
Trying gmin =   3.5927E-09 Note: One successful gmin step
Trying gmin =   2.1959E-09 Note: One successful gmin step
Trying gmin =   1.0493E-09 Note: One successful gmin step
Trying gmin =   3.4658E-10 Note: One successful gmin step
Trying gmin =   6.5792E-11 Note: One successful gmin step
Trying gmin =   6.5792E-12 Note: One successful gmin step
Trying gmin =   1.0000E-12 Note: One successful gmin step
Note: Dynamic gmin stepping completed

No. of Data Rows : 1
Doing analysis at TEMP = 85.000000 and TNOM = 27.000000

Note: Starting dynamic gmin stepping
Trying gmin =   1.0000E-03 Note: One successful gmin step
Trying gmin =   1.0000E-04 Note: One successful gmin step
Trying gmin =   1.0000E-05 Note: One successful gmin step
Trying gmin =   1.0000E-06 Note: One successful gmin step
Trying gmin =   3.1623E-07 Note: One successful gmin step
Trying gmin =   5.6234E-08 Warning: Further gmin increment
Trying gmin =   2.0535E-07 Note: One successful gmin step
Trying gmin =   1.0746E-07 Note: One successful gmin step
Trying gmin =   4.0679E-08 Note: One successful gmin step
Trying gmin =   9.4746E-09 Warning: Further gmin increment
Trying gmin =   2.8260E-08 Note: One successful gmin step
Trying gmin =   1.6363E-08 Note: One successful gmin step
Trying gmin =   7.2096E-09 Warning: Further gmin increment
Trying gmin =   1.3331E-08 Note: One successful gmin step
Trying gmin =   9.8038E-09 Note: One successful gmin step
Trying gmin =   7.2096E-09 Warning: Further gmin increment
Trying gmin =   9.0787E-09 Note: One successful gmin step
Trying gmin =   8.0903E-09 Warning: Further gmin increment
Trying gmin =   8.8208E-09 Note: One successful gmin step
Trying gmin =   8.4477E-09 Note: One successful gmin step
Trying gmin =   7.9174E-09 Note: One successful gmin step
Trying gmin =   7.1837E-09 Note: One successful gmin step
Trying gmin =   6.2086E-09 Note: One successful gmin step
Trying gmin =   4.9884E-09 Note: One successful gmin step
Trying gmin =   3.5927E-09 Note: One successful gmin step
Trying gmin =   2.1959E-09 Note: One successful gmin step
Trying gmin =   1.0493E-09 Note: One successful gmin step
Trying gmin =   3.4658E-10 Note: One successful gmin step
Trying gmin =   6.5792E-11 Note: One successful gmin step
Trying gmin =   6.5792E-12 Note: One successful gmin step
Trying gmin =   1.0000E-12 Note: One successful gmin step
Note: Dynamic gmin stepping completed

No. of Data Rows : 121
Doing analysis at TEMP = 85.000000 and TNOM = 27.000000

Note: Starting dynamic gmin stepping
Trying gmin =   1.0000E-03 Note: One successful gmin step
Trying gmin =   1.0000E-04 Note: One successful gmin step
Trying gmin =   1.0000E-05 Note: One successful gmin step
Trying gmin =   1.0000E-06 Note: One successful gmin step
Trying gmin =   3.1623E-07 Note: One successful gmin step
Trying gmin =   5.6234E-08 Warning: Further gmin increment
Trying gmin =   2.0535E-07 Note: One successful gmin step
Trying gmin =   1.0746E-07 Note: One successful gmin step
Trying gmin =   4.0679E-08 Note: One successful gmin step
Trying gmin =   9.4746E-09 Warning: Further gmin increment
Trying gmin =   2.8260E-08 Note: One successful gmin step
Trying gmin =   1.6363E-08 Note: One successful gmin step
Trying gmin =   7.2096E-09 Warning: Further gmin increment
Trying gmin =   1.3331E-08 Note: One successful gmin step
Trying gmin =   9.8038E-09 Note: One successful gmin step
Trying gmin =   7.2096E-09 Warning: Further gmin increment
Trying gmin =   9.0787E-09 Note: One successful gmin step
Trying gmin =   8.0903E-09 Warning: Further gmin increment
Trying gmin =   8.8208E-09 Note: One successful gmin step
Trying gmin =   8.4477E-09 Note: One successful gmin step
Trying gmin =   7.9174E-09 Note: One successful gmin step
Trying gmin =   7.1837E-09 Note: One successful gmin step
Trying gmin =   6.2086E-09 Note: One successful gmin step
Trying gmin =   4.9884E-09 Note: One successful gmin step
Trying gmin =   3.5927E-09 Note: One successful gmin step
Trying gmin =   2.1959E-09 Note: One successful gmin step
Trying gmin =   1.0493E-09 Note: One successful gmin step
Trying gmin =   3.4658E-10 Note: One successful gmin step
Trying gmin =   6.5792E-11 Note: One successful gmin step
Trying gmin =   6.5792E-12 Note: One successful gmin step
Trying gmin =   1.0000E-12 Note: One successful gmin step
Note: Dynamic gmin stepping completed

No. of Data Rows : 121
Doing analysis at TEMP = 85.000000 and TNOM = 27.000000

Note: Starting dynamic gmin stepping
Trying gmin =   1.0000E-03 Note: One successful gmin step
Trying gmin =   1.0000E-04 Note: One successful gmin step
Trying gmin =   1.0000E-05 Note: One successful gmin step
Trying gmin =   1.0000E-06 Note: One successful gmin step
Trying gmin =   3.1623E-07 Note: One successful gmin step
Trying gmin =   5.6234E-08 Warning: Further gmin increment
Trying gmin =   2.0535E-07 Note: One successful gmin step
Trying gmin =   1.0746E-07 Note: One successful gmin step
Trying gmin =   4.0679E-08 Note: One successful gmin step
Trying gmin =   9.4746E-09 Warning: Further gmin increment
Trying gmin =   2.8260E-08 Note: One successful gmin step
Trying gmin =   1.6363E-08 Note: One successful gmin step
Trying gmin =   7.2096E-09 Warning: Further gmin increment
Trying gmin =   1.3331E-08 Note: One successful gmin step
Trying gmin =   9.8038E-09 Note: One successful gmin step
Trying gmin =   7.2096E-09 Warning: Further gmin increment
Trying gmin =   9.0787E-09 Note: One successful gmin step
Trying gmin =   8.0903E-09 Warning: Further gmin increment
Trying gmin =   8.8208E-09 Note: One successful gmin step
Trying gmin =   8.4477E-09 Note: One successful gmin step
Trying gmin =   7.9174E-09 Note: One successful gmin step
Trying gmin =   7.1837E-09 Note: One successful gmin step
Trying gmin =   6.2086E-09 Note: One successful gmin step
Trying gmin =   4.9884E-09 Note: One successful gmin step
Trying gmin =   3.5927E-09 Note: One successful gmin step
Trying gmin =   2.1959E-09 Note: One successful gmin step
Trying gmin =   1.0493E-09 Note: One successful gmin step
Trying gmin =   3.4658E-10 Note: One successful gmin step
Trying gmin =   6.5792E-11 Note: One successful gmin step
Trying gmin =   6.5792E-12 Note: One successful gmin step
Trying gmin =   1.0000E-12 Note: One successful gmin step
Note: Dynamic gmin stepping completed

No. of Data Rows : 121
av0p1hz             =  1.104895e+02
gbw                 =  1.311880e+06
pm180               =  4.010385e+07
pm                  =  6.283268e+01
gm                  =  -4.694060e+01
cmrr0p1hz           =  1.160549e+02
psrr0p1hz           =  6.839375e+01
ERROR: (internal)  This operation is not defined for display type PrinterOnly.
Can't open viewport for graphics.
ERROR: (internal)  This operation is not defined for display type PrinterOnly.
Can't open viewport for graphics.
idd = -2.79015e-04
vos = -8.44374e-05
binary raw file "./out/sp7.raw"
Doing analysis at TEMP = 85.000000 and TNOM = 27.000000

OP information in rawfile.

Total analysis time (seconds) = 219.127

Total elapsed time (seconds) = 238.078 

Total DRAM available = 7841.949 MB.
DRAM currently available =  643.246 MB.
Maximum ngspice program size = 2426.090 MB.
Current ngspice program size = 2408.035 MB.

Shared ngspice pages =   10.664 MB.
Text (code) pages =    5.461 MB.
Stack = 0 bytes.
Library pages = 2405.645 MB.

