
Note: Compatibility modes selected: hs a


Circuit: * num: 0 corner: tt vdd: 3.3 temp: 25

option SCALE: Scale is set to 1e-06 for instance and model parameters
option SCALE: Scale is set to 1e-06 for instance and model parameters
option SCALE: Scale is set to 1e-06 for instance and model parameters
option SCALE: Scale is set to 1e-06 for instance and model parameters
Warning: Model issue on line 0 :
  .model sky130_fd_pr__res_generic_m4 r tc1=    3.424000000000000e-03      ...
unrecognized parameter (tref) - ignored
Doing analysis at TEMP = 25.000000 and TNOM = 27.000000

Note: Starting dynamic gmin stepping
Trying gmin =   1.0000E-03 Note: One successful gmin step
Trying gmin =   1.0000E-04 Note: One successful gmin step
Trying gmin =   1.0000E-05 Note: One successful gmin step
Trying gmin =   1.0000E-06 Note: One successful gmin step
Trying gmin =   3.1623E-07 Note: One successful gmin step
Trying gmin =   5.6234E-08 Note: One successful gmin step
Trying gmin =   5.6234E-09 Warning: Further gmin increment
Trying gmin =   3.1623E-08 Note: One successful gmin step
Trying gmin =   1.3335E-08 Warning: Further gmin increment
Trying gmin =   2.5483E-08 Note: One successful gmin step
Trying gmin =   1.8434E-08 Note: One successful gmin step
Trying gmin =   1.1342E-08 Note: One successful gmin step
Trying gmin =   5.4737E-09 Warning: Further gmin increment
Trying gmin =   9.4534E-09 Note: One successful gmin step
Trying gmin =   7.1934E-09 Warning: Further gmin increment
Trying gmin =   8.8292E-09 Note: One successful gmin step
Trying gmin =   7.9694E-09 Warning: Further gmin increment
Trying gmin =   8.6060E-09 Note: One successful gmin step
Trying gmin =   8.2816E-09 Note: One successful gmin step
Trying gmin =   7.8178E-09 Note: One successful gmin step
Trying gmin =   7.1704E-09 Note: One successful gmin step
Trying gmin =   6.2984E-09 Note: One successful gmin step
Trying gmin =   5.1851E-09 Note: One successful gmin step
Trying gmin =   3.8731E-09 Note: One successful gmin step
Trying gmin =   2.5003E-09 Note: One successful gmin step
Trying gmin =   1.2969E-09 Note: One successful gmin step
Trying gmin =   4.8448E-10 Note: One successful gmin step
Trying gmin =   1.1062E-10 Note: One successful gmin step
Trying gmin =   1.2069E-11 Note: One successful gmin step
Trying gmin =   1.2069E-12 Note: One successful gmin step
Trying gmin =   1.0000E-12 Note: One successful gmin step
Note: Dynamic gmin stepping completed

Initial Transient Solution
--------------------------

Node                                   Voltage
----                                   -------
xdut.bpb                               1.01079
xdut.slice0.bpa_                       2.20713
avdd                                       3.3
en                                         3.3
xdut.slice1.bna_                      0.906033
avss                                         0
xdut.znp                              0.892341
xdut.bpa                               2.20713
xdut.bnb                               1.90213
xdut.zpp                               2.21984
xdut.bna                              0.906033
xdut.ypp                               3.19424
xdut.slice0.wp                          2.3432
xdut.znm                              0.914836
xdut.zpm                               2.21276
out                                    1.59994
xdut.ypm                               3.19419
xdut.xn                               0.645855
xdut.slice1.bpa_                       2.20713
xdut.slice0.wn                        0.768814
xdut.ynm                              0.102955
enb                                          0
xdut.slice1.wn                        0.768814
in                                         1.6
xdut.xp                                2.69754
xdut.slice0.bna_                      0.906033
xdut.ynp                              0.102939
xdut.slice1.wp                          2.3432
ibias                                  1.90213
out_                                      1.65
v_out#branch                      -1.00118e-05
v_enb#branch                                 0
v_en#branch                           -3.3e-12
v_in#branch                           -1.6e-12
v_avdd#branch                      -0.00026266
v_avss#branch                      3.64108e-08


No. of Data Rows : 136
ERROR: (internal)  This operation is not defined for display type PrinterOnly.
Can't open viewport for graphics.
binary raw file "../out/sp0.raw"
Doing analysis at TEMP = 25.000000 and TNOM = 27.000000

No. of Data Columns : 3  
Note: Starting dynamic gmin stepping
Trying gmin =   1.0000E-03 Note: One successful gmin step
Trying gmin =   1.0000E-04 Note: One successful gmin step
Trying gmin =   1.0000E-05 Note: One successful gmin step
Trying gmin =   1.0000E-06 Note: One successful gmin step
Trying gmin =   3.1623E-07 Note: One successful gmin step
Trying gmin =   5.6234E-08 Note: One successful gmin step
Trying gmin =   5.6234E-09 Warning: Further gmin increment
Trying gmin =   3.1623E-08 Note: One successful gmin step
Trying gmin =   1.3335E-08 Warning: Further gmin increment
Trying gmin =   2.5483E-08 Note: One successful gmin step
Trying gmin =   1.8434E-08 Note: One successful gmin step
Trying gmin =   1.1342E-08 Note: One successful gmin step
Trying gmin =   5.4737E-09 Warning: Further gmin increment
Trying gmin =   9.4534E-09 Note: One successful gmin step
Trying gmin =   7.1934E-09 Warning: Further gmin increment
Trying gmin =   8.8292E-09 Note: One successful gmin step
Trying gmin =   7.9694E-09 Warning: Further gmin increment
Trying gmin =   8.6060E-09 Note: One successful gmin step
Trying gmin =   8.2816E-09 Note: One successful gmin step
Trying gmin =   7.8178E-09 Note: One successful gmin step
Trying gmin =   7.1704E-09 Note: One successful gmin step
Trying gmin =   6.2984E-09 Note: One successful gmin step
Trying gmin =   5.1851E-09 Note: One successful gmin step
Trying gmin =   3.8731E-09 Note: One successful gmin step
Trying gmin =   2.5003E-09 Note: One successful gmin step
Trying gmin =   1.2969E-09 Note: One successful gmin step
Trying gmin =   4.8448E-10 Note: One successful gmin step
Trying gmin =   1.1062E-10 Note: One successful gmin step
Trying gmin =   1.2069E-11 Note: One successful gmin step
Trying gmin =   1.2069E-12 Note: One successful gmin step
Trying gmin =   1.0000E-12 Note: One successful gmin step
Note: Dynamic gmin stepping completed

Initial Transient Solution
--------------------------

Node                                   Voltage
----                                   -------
xdut.bpb                               1.01079
xdut.slice0.bpa_                       2.20713
avdd                                       3.3
en                                         3.3
xdut.slice1.bna_                      0.906033
avss                                         0
xdut.znp                              0.892341
xdut.bpa                               2.20713
xdut.bnb                               1.90213
xdut.zpp                               2.21984
xdut.bna                              0.906033
xdut.ypp                               3.19424
xdut.slice0.wp                          2.3432
xdut.znm                              0.914836
xdut.zpm                               2.21276
out                                    1.59994
xdut.ypm                               3.19419
xdut.xn                               0.645855
xdut.slice1.bpa_                       2.20713
xdut.slice0.wn                        0.768814
xdut.ynm                              0.102955
enb                                          0
xdut.slice1.wn                        0.768814
in                                         1.6
xdut.xp                                2.69754
xdut.slice0.bna_                      0.906033
xdut.ynp                              0.102939
xdut.slice1.wp                          2.3432
ibias                                  1.90213
out_                                      1.65
v_out#branch                      -1.00118e-05
v_enb#branch                                 0
v_en#branch                           -3.3e-12
v_in#branch                           -1.6e-12
v_avdd#branch                      -0.00026266
v_avss#branch                      3.64108e-08


No. of Data Rows : 136

Total analysis time (seconds) = 234.558

Total elapsed time (seconds) = 284.600 

Total DRAM available = 7841.875 MB.
DRAM currently available =  167.668 MB.
Maximum ngspice program size = 2146.910 MB.
Current ngspice program size = 2128.441 MB.

Shared ngspice pages =   10.648 MB.
Text (code) pages =    5.461 MB.
Stack = 0 bytes.
Library pages = 2126.465 MB.

