
Note: Compatibility modes selected: hs a


Circuit: * num: 1 corner: ss vdd: 3.0 temp: -40

option SCALE: Scale is set to 1e-06 for instance and model parameters
option SCALE: Scale is set to 1e-06 for instance and model parameters
option SCALE: Scale is set to 1e-06 for instance and model parameters
option SCALE: Scale is set to 1e-06 for instance and model parameters
Warning: Model issue on line 0 :
  .model sky130_fd_pr__res_generic_m4 r tc1=    3.424000000000000e-03      ...
unrecognized parameter (tref) - ignored
Doing analysis at TEMP = -40.000000 and TNOM = 27.000000

Note: Starting dynamic gmin stepping
Trying gmin =   1.0000E-03 Note: One successful gmin step
Trying gmin =   1.0000E-04 Note: One successful gmin step
Trying gmin =   1.0000E-05 Note: One successful gmin step
Trying gmin =   1.0000E-06 Warning: Further gmin increment
Trying gmin =   5.6234E-06 Note: One successful gmin step
Trying gmin =   2.3714E-06 Note: One successful gmin step
Trying gmin =   1.0000E-06 Note: One successful gmin step
Trying gmin =   2.7384E-07 Note: One successful gmin step
Trying gmin =   3.9242E-08 Warning: Further gmin increment
Trying gmin =   1.6849E-07 Note: One successful gmin step
Trying gmin =   8.1312E-08 Note: One successful gmin step
Trying gmin =   2.7261E-08 Note: One successful gmin step
Trying gmin =   5.2922E-09 Warning: Further gmin increment
Trying gmin =   1.8095E-08 Note: One successful gmin step
Trying gmin =   9.7859E-09 Warning: Further gmin increment
Trying gmin =   1.5518E-08 Note: One successful gmin step
Trying gmin =   1.2323E-08 Note: One successful gmin step
Trying gmin =   8.7206E-09 Note: One successful gmin step
Trying gmin =   6.1713E-09 Warning: Further gmin increment
Trying gmin =   7.9984E-09 Note: One successful gmin step
Trying gmin =   7.0257E-09 Note: One successful gmin step
Trying gmin =   5.7839E-09 Note: One successful gmin step
Trying gmin =   4.3203E-09 Note: One successful gmin step
Trying gmin =   2.7890E-09 Note: One successful gmin step
Trying gmin =   1.4467E-09 Note: One successful gmin step
Trying gmin =   5.4043E-10 Note: One successful gmin step
Trying gmin =   1.2339E-10 Note: One successful gmin step
Trying gmin =   1.3462E-11 Note: One successful gmin step
Trying gmin =   1.3462E-12 Note: One successful gmin step
Trying gmin =   1.0000E-12 Note: One successful gmin step
Note: Dynamic gmin stepping completed

Initial Transient Solution
--------------------------

Node                                   Voltage
----                                   -------
xdut.bpb                              0.337982
xdut.slice0.bpa_                       1.75306
avdd                                         3
en                                           3
xdut.slice1.bna_                       1.00951
avss                                         0
xdut.znp                              0.998045
xdut.bpa                               1.75306
xdut.bnb                                2.1707
xdut.zpp                               1.76278
xdut.bna                               1.00951
xdut.ypp                               2.91032
xdut.slice0.wp                         1.86987
xdut.znm                               1.01314
xdut.zpm                               1.75925
out                                    1.44942
xdut.ypm                               2.91012
xdut.xn                               0.428971
xdut.slice1.bpa_                       1.75306
xdut.slice0.wn                        0.898832
xdut.ynm                             0.0834865
enb                                          0
xdut.slice1.wn                        0.898832
in                                        1.45
xdut.xp                                2.65607
xdut.slice0.bna_                       1.00951
xdut.ynp                             0.0836594
xdut.slice1.wp                         1.86987
ibias                                   2.1707
out_                                       1.5
v_out#branch                      -1.01164e-05
v_enb#branch                                 0
v_en#branch                             -3e-12
v_in#branch                          -1.45e-12
v_avdd#branch                     -0.000256274
v_avss#branch                      3.29653e-08


No. of Data Rows : 136
ERROR: (internal)  This operation is not defined for display type PrinterOnly.
Can't open viewport for graphics.
binary raw file "../out/sp1.raw"
Doing analysis at TEMP = -40.000000 and TNOM = 27.000000

No. of Data Columns : 3  
Note: Starting dynamic gmin stepping
Trying gmin =   1.0000E-03 Note: One successful gmin step
Trying gmin =   1.0000E-04 Note: One successful gmin step
Trying gmin =   1.0000E-05 Note: One successful gmin step
Trying gmin =   1.0000E-06 Warning: Further gmin increment
Trying gmin =   5.6234E-06 Note: One successful gmin step
Trying gmin =   2.3714E-06 Note: One successful gmin step
Trying gmin =   1.0000E-06 Note: One successful gmin step
Trying gmin =   2.7384E-07 Note: One successful gmin step
Trying gmin =   3.9242E-08 Warning: Further gmin increment
Trying gmin =   1.6849E-07 Note: One successful gmin step
Trying gmin =   8.1312E-08 Note: One successful gmin step
Trying gmin =   2.7261E-08 Note: One successful gmin step
Trying gmin =   5.2922E-09 Warning: Further gmin increment
Trying gmin =   1.8095E-08 Note: One successful gmin step
Trying gmin =   9.7859E-09 Warning: Further gmin increment
Trying gmin =   1.5518E-08 Note: One successful gmin step
Trying gmin =   1.2323E-08 Note: One successful gmin step
Trying gmin =   8.7206E-09 Note: One successful gmin step
Trying gmin =   6.1713E-09 Warning: Further gmin increment
Trying gmin =   7.9984E-09 Note: One successful gmin step
Trying gmin =   7.0257E-09 Note: One successful gmin step
Trying gmin =   5.7839E-09 Note: One successful gmin step
Trying gmin =   4.3203E-09 Note: One successful gmin step
Trying gmin =   2.7890E-09 Note: One successful gmin step
Trying gmin =   1.4467E-09 Note: One successful gmin step
Trying gmin =   5.4043E-10 Note: One successful gmin step
Trying gmin =   1.2339E-10 Note: One successful gmin step
Trying gmin =   1.3462E-11 Note: One successful gmin step
Trying gmin =   1.3462E-12 Note: One successful gmin step
Trying gmin =   1.0000E-12 Note: One successful gmin step
Note: Dynamic gmin stepping completed

Initial Transient Solution
--------------------------

Node                                   Voltage
----                                   -------
xdut.bpb                              0.337982
xdut.slice0.bpa_                       1.75306
avdd                                         3
en                                           3
xdut.slice1.bna_                       1.00951
avss                                         0
xdut.znp                              0.998045
xdut.bpa                               1.75306
xdut.bnb                                2.1707
xdut.zpp                               1.76278
xdut.bna                               1.00951
xdut.ypp                               2.91032
xdut.slice0.wp                         1.86987
xdut.znm                               1.01314
xdut.zpm                               1.75925
out                                    1.44942
xdut.ypm                               2.91012
xdut.xn                               0.428971
xdut.slice1.bpa_                       1.75306
xdut.slice0.wn                        0.898832
xdut.ynm                             0.0834865
enb                                          0
xdut.slice1.wn                        0.898832
in                                        1.45
xdut.xp                                2.65607
xdut.slice0.bna_                       1.00951
xdut.ynp                             0.0836594
xdut.slice1.wp                         1.86987
ibias                                   2.1707
out_                                       1.5
v_out#branch                      -1.01164e-05
v_enb#branch                                 0
v_en#branch                             -3e-12
v_in#branch                          -1.45e-12
v_avdd#branch                     -0.000256274
v_avss#branch                      3.29653e-08


No. of Data Rows : 136

Total analysis time (seconds) = 231.432

Total elapsed time (seconds) = 283.486 

Total DRAM available = 7841.875 MB.
DRAM currently available =  196.047 MB.
Maximum ngspice program size = 2147.207 MB.
Current ngspice program size = 2128.684 MB.

Shared ngspice pages =   10.586 MB.
Text (code) pages =    5.461 MB.
Stack = 0 bytes.
Library pages = 2126.762 MB.

