
Note: Compatibility modes selected: hs a


Circuit: * num: 13 corner: ss vdd: 5.5 temp: -40

option SCALE: Scale is set to 1e-06 for instance and model parameters
option SCALE: Scale is set to 1e-06 for instance and model parameters
option SCALE: Scale is set to 1e-06 for instance and model parameters
option SCALE: Scale is set to 1e-06 for instance and model parameters
Warning: Model issue on line 0 :
  .model sky130_fd_pr__res_generic_m4 r tc1=    3.424000000000000e-03      ...
unrecognized parameter (tref) - ignored
Doing analysis at TEMP = -40.000000 and TNOM = 27.000000

Note: Starting dynamic gmin stepping
Trying gmin =   1.0000E-03 Note: One successful gmin step
Trying gmin =   1.0000E-04 Note: One successful gmin step
Trying gmin =   1.0000E-05 Note: One successful gmin step
Trying gmin =   1.0000E-06 Warning: Further gmin increment
Trying gmin =   5.6234E-06 Note: One successful gmin step
Trying gmin =   3.1623E-06 Note: One successful gmin step
Trying gmin =   1.7783E-06 Note: One successful gmin step
Trying gmin =   7.4989E-07 Note: One successful gmin step
Trying gmin =   2.0535E-07 Note: One successful gmin step
Trying gmin =   2.9427E-08 Warning: Further gmin increment
Trying gmin =   1.2635E-07 Note: One successful gmin step
Trying gmin =   6.0976E-08 Note: One successful gmin step
Trying gmin =   2.0443E-08 Note: One successful gmin step
Trying gmin =   3.9686E-09 Warning: Further gmin increment
Trying gmin =   1.3570E-08 Note: One successful gmin step
Trying gmin =   7.3384E-09 Note: One successful gmin step
Trying gmin =   3.9686E-09 Warning: Further gmin increment
Trying gmin =   6.2930E-09 Warning: Further gmin increment
Trying gmin =   7.0618E-09 Note: One successful gmin step
Trying gmin =   6.6663E-09 Warning: Further gmin increment
Trying gmin =   6.9608E-09 Note: One successful gmin step
Trying gmin =   6.8120E-09 Warning: Further gmin increment
Trying gmin =   6.9233E-09 Note: One successful gmin step
Trying gmin =   6.8674E-09 Note: One successful gmin step
Trying gmin =   6.7844E-09 Note: One successful gmin step
Trying gmin =   6.6618E-09 Note: One successful gmin step
Trying gmin =   6.5415E-09 Note: One successful gmin step
Trying gmin =   6.3650E-09 Note: One successful gmin step
Trying gmin =   6.1091E-09 Note: One successful gmin step
Trying gmin =   5.7445E-09 Note: One successful gmin step
Trying gmin =   5.2379E-09 Note: One successful gmin step
Trying gmin =   4.5606E-09 Note: One successful gmin step
Trying gmin =   3.7053E-09 Note: One successful gmin step
Trying gmin =   2.7134E-09 Note: One successful gmin step
Trying gmin =   1.7004E-09 Note: One successful gmin step
Trying gmin =   8.4357E-10 Note: One successful gmin step
Trying gmin =   2.9476E-10 Note: One successful gmin step
Trying gmin =   6.0882E-11 Note: One successful gmin step
Trying gmin =   6.0882E-12 Note: One successful gmin step
Trying gmin =   1.0000E-12 Note: One successful gmin step
Note: Dynamic gmin stepping completed

Initial Transient Solution
--------------------------

Node                                   Voltage
----                                   -------
xdut.bpb                               2.83545
xdut.slice0.bpa_                       4.25161
avdd                                       5.5
en                                         5.5
xdut.slice1.bna_                       1.00951
avss                                         0
xdut.znp                              0.999827
xdut.bpa                               4.25161
xdut.bnb                                2.1707
xdut.zpp                               4.26196
xdut.bna                               1.00951
xdut.ypp                               5.40976
xdut.slice0.wp                         4.36587
xdut.znm                               1.02211
xdut.zpm                               4.25359
out                                    2.70034
xdut.ypm                               5.40985
xdut.xn                                1.41678
xdut.slice1.bpa_                       4.25161
xdut.slice0.wn                        0.899751
xdut.ynm                             0.0844249
enb                                          0
xdut.slice1.wn                        0.899751
in                                         2.7
xdut.xp                                4.15395
xdut.slice0.bna_                       1.00951
xdut.ynp                             0.0842745
xdut.slice1.wp                         4.36587
ibias                                   2.1707
out_                                      2.75
v_out#branch                       -9.9318e-06
v_enb#branch                                 0
v_en#branch                           -5.5e-12
v_in#branch                           -2.7e-12
v_avdd#branch                     -0.000292263
v_avss#branch                      6.06807e-08


No. of Data Rows : 136
ERROR: (internal)  This operation is not defined for display type PrinterOnly.
Can't open viewport for graphics.
binary raw file "../out/sp13.raw"
Doing analysis at TEMP = -40.000000 and TNOM = 27.000000

No. of Data Columns : 3  
Note: Starting dynamic gmin stepping
Trying gmin =   1.0000E-03 Note: One successful gmin step
Trying gmin =   1.0000E-04 Note: One successful gmin step
Trying gmin =   1.0000E-05 Note: One successful gmin step
Trying gmin =   1.0000E-06 Warning: Further gmin increment
Trying gmin =   5.6234E-06 Note: One successful gmin step
Trying gmin =   3.1623E-06 Note: One successful gmin step
Trying gmin =   1.7783E-06 Note: One successful gmin step
Trying gmin =   7.4989E-07 Note: One successful gmin step
Trying gmin =   2.0535E-07 Note: One successful gmin step
Trying gmin =   2.9427E-08 Warning: Further gmin increment
Trying gmin =   1.2635E-07 Note: One successful gmin step
Trying gmin =   6.0976E-08 Note: One successful gmin step
Trying gmin =   2.0443E-08 Note: One successful gmin step
Trying gmin =   3.9686E-09 Warning: Further gmin increment
Trying gmin =   1.3570E-08 Note: One successful gmin step
Trying gmin =   7.3384E-09 Note: One successful gmin step
Trying gmin =   3.9686E-09 Warning: Further gmin increment
Trying gmin =   6.2930E-09 Warning: Further gmin increment
Trying gmin =   7.0618E-09 Note: One successful gmin step
Trying gmin =   6.6663E-09 Warning: Further gmin increment
Trying gmin =   6.9608E-09 Note: One successful gmin step
Trying gmin =   6.8120E-09 Warning: Further gmin increment
Trying gmin =   6.9233E-09 Note: One successful gmin step
Trying gmin =   6.8674E-09 Note: One successful gmin step
Trying gmin =   6.7844E-09 Note: One successful gmin step
Trying gmin =   6.6618E-09 Note: One successful gmin step
Trying gmin =   6.5415E-09 Note: One successful gmin step
Trying gmin =   6.3650E-09 Note: One successful gmin step
Trying gmin =   6.1091E-09 Note: One successful gmin step
Trying gmin =   5.7445E-09 Note: One successful gmin step
Trying gmin =   5.2379E-09 Note: One successful gmin step
Trying gmin =   4.5606E-09 Note: One successful gmin step
Trying gmin =   3.7053E-09 Note: One successful gmin step
Trying gmin =   2.7134E-09 Note: One successful gmin step
Trying gmin =   1.7004E-09 Note: One successful gmin step
Trying gmin =   8.4357E-10 Note: One successful gmin step
Trying gmin =   2.9476E-10 Note: One successful gmin step
Trying gmin =   6.0882E-11 Note: One successful gmin step
Trying gmin =   6.0882E-12 Note: One successful gmin step
Trying gmin =   1.0000E-12 Note: One successful gmin step
Note: Dynamic gmin stepping completed

Initial Transient Solution
--------------------------

Node                                   Voltage
----                                   -------
xdut.bpb                               2.83545
xdut.slice0.bpa_                       4.25161
avdd                                       5.5
en                                         5.5
xdut.slice1.bna_                       1.00951
avss                                         0
xdut.znp                              0.999827
xdut.bpa                               4.25161
xdut.bnb                                2.1707
xdut.zpp                               4.26196
xdut.bna                               1.00951
xdut.ypp                               5.40976
xdut.slice0.wp                         4.36587
xdut.znm                               1.02211
xdut.zpm                               4.25359
out                                    2.70034
xdut.ypm                               5.40985
xdut.xn                                1.41678
xdut.slice1.bpa_                       4.25161
xdut.slice0.wn                        0.899751
xdut.ynm                             0.0844249
enb                                          0
xdut.slice1.wn                        0.899751
in                                         2.7
xdut.xp                                4.15395
xdut.slice0.bna_                       1.00951
xdut.ynp                             0.0842745
xdut.slice1.wp                         4.36587
ibias                                   2.1707
out_                                      2.75
v_out#branch                       -9.9318e-06
v_enb#branch                                 0
v_en#branch                           -5.5e-12
v_in#branch                           -2.7e-12
v_avdd#branch                     -0.000292263
v_avss#branch                      6.06807e-08


No. of Data Rows : 136

Total analysis time (seconds) = 267.777

Total elapsed time (seconds) = 317.323 

Total DRAM available = 7841.875 MB.
DRAM currently available =  372.234 MB.
Maximum ngspice program size = 2147.203 MB.
Current ngspice program size = 2128.535 MB.

Shared ngspice pages =   10.445 MB.
Text (code) pages =    5.461 MB.
Stack = 0 bytes.
Library pages = 2126.758 MB.

