
Note: Compatibility modes selected: hs a


Circuit: * num: 14 corner: ff vdd: 5.5 temp: -40

option SCALE: Scale is set to 1e-06 for instance and model parameters
option SCALE: Scale is set to 1e-06 for instance and model parameters
option SCALE: Scale is set to 1e-06 for instance and model parameters
option SCALE: Scale is set to 1e-06 for instance and model parameters
Warning: Model issue on line 0 :
  .model sky130_fd_pr__res_generic_m4 r tc1=    3.424000000000000e-03      ...
unrecognized parameter (tref) - ignored
Doing analysis at TEMP = -40.000000 and TNOM = 27.000000

Note: Starting dynamic gmin stepping
Trying gmin =   1.0000E-03 Note: One successful gmin step
Trying gmin =   1.0000E-04 Note: One successful gmin step
Trying gmin =   1.0000E-05 Note: One successful gmin step
Trying gmin =   1.0000E-06 Note: One successful gmin step
Trying gmin =   1.0000E-07 Note: One successful gmin step
Trying gmin =   3.1623E-08 Note: One successful gmin step
Trying gmin =   5.6234E-09 Warning: Further gmin increment
Trying gmin =   2.0535E-08 Note: One successful gmin step
Trying gmin =   1.0746E-08 Note: One successful gmin step
Trying gmin =   4.0679E-09 Warning: Further gmin increment
Trying gmin =   8.4291E-09 Note: One successful gmin step
Trying gmin =   5.8557E-09 Warning: Further gmin increment
Trying gmin =   7.6954E-09 Note: One successful gmin step
Trying gmin =   6.7128E-09 Warning: Further gmin increment
Trying gmin =   7.4370E-09 Note: One successful gmin step
Trying gmin =   7.0656E-09 Warning: Further gmin increment
Trying gmin =   7.3424E-09 Note: One successful gmin step
Trying gmin =   7.2027E-09 Note: One successful gmin step
Trying gmin =   6.9981E-09 Note: One successful gmin step
Trying gmin =   6.7021E-09 Note: One successful gmin step
Trying gmin =   6.2813E-09 Note: One successful gmin step
Trying gmin =   5.6992E-09 Note: One successful gmin step
Trying gmin =   4.9257E-09 Note: One successful gmin step
Trying gmin =   3.9576E-09 Note: One successful gmin step
Trying gmin =   2.8503E-09 Note: One successful gmin step
Trying gmin =   1.7421E-09 Note: One successful gmin step
Trying gmin =   8.3244E-10 Note: One successful gmin step
Trying gmin =   2.7496E-10 Note: One successful gmin step
Trying gmin =   5.2197E-11 Note: One successful gmin step
Trying gmin =   5.2197E-12 Note: One successful gmin step
Trying gmin =   1.0000E-12 Note: One successful gmin step
Note: Dynamic gmin stepping completed

Initial Transient Solution
--------------------------

Node                                   Voltage
----                                   -------
xdut.bpb                               3.03836
xdut.slice0.bpa_                        4.3434
avdd                                       5.5
en                                         5.5
xdut.slice1.bna_                      0.939965
avss                                         0
xdut.znp                              0.930596
xdut.bpa                                4.3434
xdut.bnb                               2.01332
xdut.zpp                               4.35363
xdut.bna                              0.939965
xdut.ypp                               5.41074
xdut.slice0.wp                         4.45576
xdut.znm                              0.953898
xdut.zpm                               4.34476
out                                    2.70041
xdut.ypm                               5.41085
xdut.xn                                1.47418
xdut.slice1.bpa_                        4.3434
xdut.slice0.wn                         0.83085
xdut.ynm                             0.0840986
enb                                          0
xdut.slice1.wn                         0.83085
in                                         2.7
xdut.xp                                4.07919
xdut.slice0.bna_                      0.939965
xdut.ynp                             0.0839172
xdut.slice1.wp                         4.45576
ibias                                  2.01332
out_                                      2.75
v_out#branch                      -9.91851e-06
v_enb#branch                                 0
v_en#branch                           -5.5e-12
v_in#branch                           -2.7e-12
v_avdd#branch                     -0.000299037
v_avss#branch                      6.07289e-08


No. of Data Rows : 136
ERROR: (internal)  This operation is not defined for display type PrinterOnly.
Can't open viewport for graphics.
binary raw file "../out/sp14.raw"
Doing analysis at TEMP = -40.000000 and TNOM = 27.000000

No. of Data Columns : 3  
Note: Starting dynamic gmin stepping
Trying gmin =   1.0000E-03 Note: One successful gmin step
Trying gmin =   1.0000E-04 Note: One successful gmin step
Trying gmin =   1.0000E-05 Note: One successful gmin step
Trying gmin =   1.0000E-06 Note: One successful gmin step
Trying gmin =   1.0000E-07 Note: One successful gmin step
Trying gmin =   3.1623E-08 Note: One successful gmin step
Trying gmin =   5.6234E-09 Warning: Further gmin increment
Trying gmin =   2.0535E-08 Note: One successful gmin step
Trying gmin =   1.0746E-08 Note: One successful gmin step
Trying gmin =   4.0679E-09 Warning: Further gmin increment
Trying gmin =   8.4291E-09 Note: One successful gmin step
Trying gmin =   5.8557E-09 Warning: Further gmin increment
Trying gmin =   7.6954E-09 Note: One successful gmin step
Trying gmin =   6.7128E-09 Warning: Further gmin increment
Trying gmin =   7.4370E-09 Note: One successful gmin step
Trying gmin =   7.0656E-09 Warning: Further gmin increment
Trying gmin =   7.3424E-09 Note: One successful gmin step
Trying gmin =   7.2027E-09 Note: One successful gmin step
Trying gmin =   6.9981E-09 Note: One successful gmin step
Trying gmin =   6.7021E-09 Note: One successful gmin step
Trying gmin =   6.2813E-09 Note: One successful gmin step
Trying gmin =   5.6992E-09 Note: One successful gmin step
Trying gmin =   4.9257E-09 Note: One successful gmin step
Trying gmin =   3.9576E-09 Note: One successful gmin step
Trying gmin =   2.8503E-09 Note: One successful gmin step
Trying gmin =   1.7421E-09 Note: One successful gmin step
Trying gmin =   8.3244E-10 Note: One successful gmin step
Trying gmin =   2.7496E-10 Note: One successful gmin step
Trying gmin =   5.2197E-11 Note: One successful gmin step
Trying gmin =   5.2197E-12 Note: One successful gmin step
Trying gmin =   1.0000E-12 Note: One successful gmin step
Note: Dynamic gmin stepping completed

Initial Transient Solution
--------------------------

Node                                   Voltage
----                                   -------
xdut.bpb                               3.03836
xdut.slice0.bpa_                        4.3434
avdd                                       5.5
en                                         5.5
xdut.slice1.bna_                      0.939965
avss                                         0
xdut.znp                              0.930596
xdut.bpa                                4.3434
xdut.bnb                               2.01332
xdut.zpp                               4.35363
xdut.bna                              0.939965
xdut.ypp                               5.41074
xdut.slice0.wp                         4.45576
xdut.znm                              0.953898
xdut.zpm                               4.34476
out                                    2.70041
xdut.ypm                               5.41085
xdut.xn                                1.47418
xdut.slice1.bpa_                        4.3434
xdut.slice0.wn                         0.83085
xdut.ynm                             0.0840986
enb                                          0
xdut.slice1.wn                         0.83085
in                                         2.7
xdut.xp                                4.07919
xdut.slice0.bna_                      0.939965
xdut.ynp                             0.0839172
xdut.slice1.wp                         4.45576
ibias                                  2.01332
out_                                      2.75
v_out#branch                      -9.91851e-06
v_enb#branch                                 0
v_en#branch                           -5.5e-12
v_in#branch                           -2.7e-12
v_avdd#branch                     -0.000299037
v_avss#branch                      6.07289e-08


No. of Data Rows : 136

Total analysis time (seconds) = 247.398

Total elapsed time (seconds) = 297.935 

Total DRAM available = 7841.875 MB.
DRAM currently available =  354.922 MB.
Maximum ngspice program size = 2147.215 MB.
Current ngspice program size = 2128.531 MB.

Shared ngspice pages =   10.430 MB.
Text (code) pages =    5.461 MB.
Stack = 0 bytes.
Library pages = 2126.770 MB.

