
Note: Compatibility modes selected: hs a


Circuit: * num: 15 corner: sf vdd: 5.5 temp: -40

option SCALE: Scale is set to 1e-06 for instance and model parameters
option SCALE: Scale is set to 1e-06 for instance and model parameters
option SCALE: Scale is set to 1e-06 for instance and model parameters
option SCALE: Scale is set to 1e-06 for instance and model parameters
Warning: Model issue on line 0 :
  .model sky130_fd_pr__res_generic_m4 r tc1=    3.424000000000000e-03      ...
unrecognized parameter (tref) - ignored
Doing analysis at TEMP = -40.000000 and TNOM = 27.000000

Note: Starting dynamic gmin stepping
Trying gmin =   1.0000E-03 Note: One successful gmin step
Trying gmin =   1.0000E-04 Note: One successful gmin step
Trying gmin =   1.0000E-05 Note: One successful gmin step
Trying gmin =   1.0000E-06 Note: One successful gmin step
Trying gmin =   1.0000E-07 Warning: Further gmin increment
Trying gmin =   5.6234E-07 Note: One successful gmin step
Trying gmin =   2.3714E-07 Note: One successful gmin step
Trying gmin =   6.4938E-08 Note: One successful gmin step
Trying gmin =   1.7783E-08 Warning: Further gmin increment
Trying gmin =   4.6976E-08 Note: One successful gmin step
Trying gmin =   2.8903E-08 Note: One successful gmin step
Trying gmin =   1.3949E-08 Note: One successful gmin step
Trying gmin =   4.6765E-09 Warning: Further gmin increment
Trying gmin =   1.0614E-08 Note: One successful gmin step
Trying gmin =   7.0453E-09 Warning: Further gmin increment
Trying gmin =   9.5804E-09 Note: One successful gmin step
Trying gmin =   8.2157E-09 Warning: Further gmin increment
Trying gmin =   9.2193E-09 Note: One successful gmin step
Trying gmin =   8.7030E-09 Note: One successful gmin step
Trying gmin =   7.9823E-09 Note: One successful gmin step
Trying gmin =   7.0116E-09 Warning: Further gmin increment
Trying gmin =   7.7277E-09 Note: One successful gmin step
Trying gmin =   7.3609E-09 Warning: Further gmin increment
Trying gmin =   7.6343E-09 Note: One successful gmin step
Trying gmin =   7.4964E-09 Note: One successful gmin step
Trying gmin =   7.2941E-09 Warning: Further gmin increment
Trying gmin =   7.4453E-09 Note: One successful gmin step
Trying gmin =   7.3693E-09 Note: One successful gmin step
Trying gmin =   7.2568E-09 Note: One successful gmin step
Trying gmin =   7.0913E-09 Note: One successful gmin step
Trying gmin =   6.8500E-09 Note: One successful gmin step
Trying gmin =   6.5034E-09 Note: One successful gmin step
Trying gmin =   6.0161E-09 Note: One successful gmin step
Trying gmin =   5.3527E-09 Note: One successful gmin step
Trying gmin =   4.4922E-09 Note: One successful gmin step
Trying gmin =   3.4538E-09 Note: One successful gmin step
Trying gmin =   2.3284E-09 Note: One successful gmin step
Trying gmin =   1.2888E-09 Note: One successful gmin step
Trying gmin =   5.3074E-10 Note: One successful gmin step
Trying gmin =   1.4026E-10 Note: One successful gmin step
Trying gmin =   1.9055E-11 Note: One successful gmin step
Trying gmin =   1.9055E-12 Note: One successful gmin step
Trying gmin =   1.0000E-12 Note: One successful gmin step
Note: Dynamic gmin stepping completed

Initial Transient Solution
--------------------------

Node                                   Voltage
----                                   -------
xdut.bpb                               2.73824
xdut.slice0.bpa_                       4.20778
avdd                                       5.5
en                                         5.5
xdut.slice1.bna_                      0.898666
avss                                         0
xdut.znp                              0.889026
xdut.bpa                               4.20778
xdut.bnb                               1.91987
xdut.zpp                               4.21806
xdut.bna                              0.898666
xdut.ypp                               5.40963
xdut.slice0.wp                         4.32208
xdut.znm                               0.91149
xdut.zpm                               4.20965
out                                    2.70037
xdut.ypm                               5.40974
xdut.xn                                1.50764
xdut.slice1.bpa_                       4.20778
xdut.slice0.wn                         0.78949
xdut.ynm                             0.0841067
enb                                          0
xdut.slice1.wn                         0.78949
in                                         2.7
xdut.xp                                4.18962
xdut.slice0.bna_                      0.898666
xdut.ynp                              0.083941
xdut.slice1.wp                         4.32208
ibias                                  1.91987
out_                                      2.75
v_out#branch                       -9.9254e-06
v_enb#branch                                 0
v_en#branch                           -5.5e-12
v_in#branch                           -2.7e-12
v_avdd#branch                     -0.000294166
v_avss#branch                      6.04464e-08


No. of Data Rows : 136
ERROR: (internal)  This operation is not defined for display type PrinterOnly.
Can't open viewport for graphics.
binary raw file "../out/sp15.raw"
Doing analysis at TEMP = -40.000000 and TNOM = 27.000000

No. of Data Columns : 3  
Note: Starting dynamic gmin stepping
Trying gmin =   1.0000E-03 Note: One successful gmin step
Trying gmin =   1.0000E-04 Note: One successful gmin step
Trying gmin =   1.0000E-05 Note: One successful gmin step
Trying gmin =   1.0000E-06 Note: One successful gmin step
Trying gmin =   1.0000E-07 Warning: Further gmin increment
Trying gmin =   5.6234E-07 Note: One successful gmin step
Trying gmin =   2.3714E-07 Note: One successful gmin step
Trying gmin =   6.4938E-08 Note: One successful gmin step
Trying gmin =   1.7783E-08 Warning: Further gmin increment
Trying gmin =   4.6976E-08 Note: One successful gmin step
Trying gmin =   2.8903E-08 Note: One successful gmin step
Trying gmin =   1.3949E-08 Note: One successful gmin step
Trying gmin =   4.6765E-09 Warning: Further gmin increment
Trying gmin =   1.0614E-08 Note: One successful gmin step
Trying gmin =   7.0453E-09 Warning: Further gmin increment
Trying gmin =   9.5804E-09 Note: One successful gmin step
Trying gmin =   8.2157E-09 Warning: Further gmin increment
Trying gmin =   9.2193E-09 Note: One successful gmin step
Trying gmin =   8.7030E-09 Note: One successful gmin step
Trying gmin =   7.9823E-09 Note: One successful gmin step
Trying gmin =   7.0116E-09 Warning: Further gmin increment
Trying gmin =   7.7277E-09 Note: One successful gmin step
Trying gmin =   7.3609E-09 Warning: Further gmin increment
Trying gmin =   7.6343E-09 Note: One successful gmin step
Trying gmin =   7.4964E-09 Note: One successful gmin step
Trying gmin =   7.2941E-09 Warning: Further gmin increment
Trying gmin =   7.4453E-09 Note: One successful gmin step
Trying gmin =   7.3693E-09 Note: One successful gmin step
Trying gmin =   7.2568E-09 Note: One successful gmin step
Trying gmin =   7.0913E-09 Note: One successful gmin step
Trying gmin =   6.8500E-09 Note: One successful gmin step
Trying gmin =   6.5034E-09 Note: One successful gmin step
Trying gmin =   6.0161E-09 Note: One successful gmin step
Trying gmin =   5.3527E-09 Note: One successful gmin step
Trying gmin =   4.4922E-09 Note: One successful gmin step
Trying gmin =   3.4538E-09 Note: One successful gmin step
Trying gmin =   2.3284E-09 Note: One successful gmin step
Trying gmin =   1.2888E-09 Note: One successful gmin step
Trying gmin =   5.3074E-10 Note: One successful gmin step
Trying gmin =   1.4026E-10 Note: One successful gmin step
Trying gmin =   1.9055E-11 Note: One successful gmin step
Trying gmin =   1.9055E-12 Note: One successful gmin step
Trying gmin =   1.0000E-12 Note: One successful gmin step
Note: Dynamic gmin stepping completed

Initial Transient Solution
--------------------------

Node                                   Voltage
----                                   -------
xdut.bpb                               2.73824
xdut.slice0.bpa_                       4.20778
avdd                                       5.5
en                                         5.5
xdut.slice1.bna_                      0.898666
avss                                         0
xdut.znp                              0.889026
xdut.bpa                               4.20778
xdut.bnb                               1.91987
xdut.zpp                               4.21806
xdut.bna                              0.898666
xdut.ypp                               5.40963
xdut.slice0.wp                         4.32208
xdut.znm                               0.91149
xdut.zpm                               4.20965
out                                    2.70037
xdut.ypm                               5.40974
xdut.xn                                1.50764
xdut.slice1.bpa_                       4.20778
xdut.slice0.wn                         0.78949
xdut.ynm                             0.0841067
enb                                          0
xdut.slice1.wn                         0.78949
in                                         2.7
xdut.xp                                4.18962
xdut.slice0.bna_                      0.898666
xdut.ynp                              0.083941
xdut.slice1.wp                         4.32208
ibias                                  1.91987
out_                                      2.75
v_out#branch                       -9.9254e-06
v_enb#branch                                 0
v_en#branch                           -5.5e-12
v_in#branch                           -2.7e-12
v_avdd#branch                     -0.000294166
v_avss#branch                      6.04464e-08


No. of Data Rows : 136

Total analysis time (seconds) = 283.945

Total elapsed time (seconds) = 332.959 

Total DRAM available = 7841.875 MB.
DRAM currently available =  365.488 MB.
Maximum ngspice program size = 2146.883 MB.
Current ngspice program size = 2128.191 MB.

Shared ngspice pages =   10.426 MB.
Text (code) pages =    5.461 MB.
Stack = 0 bytes.
Library pages = 2126.438 MB.

