
Note: Compatibility modes selected: hs a


Circuit: * num: 19 corner: ss vdd: 5.5 temp: 85

option SCALE: Scale is set to 1e-06 for instance and model parameters
option SCALE: Scale is set to 1e-06 for instance and model parameters
option SCALE: Scale is set to 1e-06 for instance and model parameters
option SCALE: Scale is set to 1e-06 for instance and model parameters
Warning: Model issue on line 0 :
  .model sky130_fd_pr__res_generic_m4 r tc1=    3.424000000000000e-03      ...
unrecognized parameter (tref) - ignored
Doing analysis at TEMP = 85.000000 and TNOM = 27.000000

Note: Starting dynamic gmin stepping
Trying gmin =   1.0000E-03 Note: One successful gmin step
Trying gmin =   1.0000E-04 Note: One successful gmin step
Trying gmin =   1.0000E-05 Note: One successful gmin step
Trying gmin =   1.0000E-06 Note: One successful gmin step
Trying gmin =   3.1623E-07 Note: One successful gmin step
Trying gmin =   5.6234E-08 Note: One successful gmin step
Trying gmin =   1.0000E-08 Warning: Further gmin increment
Trying gmin =   3.6517E-08 Note: One successful gmin step
Trying gmin =   1.9110E-08 Note: One successful gmin step
Trying gmin =   7.2339E-09 Warning: Further gmin increment
Trying gmin =   1.4989E-08 Note: One successful gmin step
Trying gmin =   1.0413E-08 Note: One successful gmin step
Trying gmin =   6.0294E-09 Warning: Further gmin increment
Trying gmin =   9.0835E-09 Note: One successful gmin step
Trying gmin =   7.4005E-09 Note: One successful gmin step
Trying gmin =   5.4423E-09 Warning: Further gmin increment
Trying gmin =   6.8532E-09 Warning: Further gmin increment
Trying gmin =   7.2597E-09 Note: One successful gmin step
Trying gmin =   7.0535E-09 Note: One successful gmin step
Trying gmin =   6.7551E-09 Note: One successful gmin step
Trying gmin =   6.3311E-09 Note: One successful gmin step
Trying gmin =   5.7444E-09 Note: One successful gmin step
Trying gmin =   4.9647E-09 Note: One successful gmin step
Trying gmin =   3.9890E-09 Note: One successful gmin step
Trying gmin =   2.8729E-09 Note: One successful gmin step
Trying gmin =   1.7559E-09 Note: One successful gmin step
Trying gmin =   8.3903E-10 Note: One successful gmin step
Trying gmin =   2.7714E-10 Note: One successful gmin step
Trying gmin =   5.2610E-11 Note: One successful gmin step
Trying gmin =   5.2610E-12 Note: One successful gmin step
Trying gmin =   1.0000E-12 Note: One successful gmin step
Note: Dynamic gmin stepping completed

Initial Transient Solution
--------------------------

Node                                   Voltage
----                                   -------
xdut.bpb                               3.35777
xdut.slice0.bpa_                       4.45973
avdd                                       5.5
en                                         5.5
xdut.slice1.bna_                      0.877224
avss                                         0
xdut.znp                              0.862345
xdut.bpa                               4.45973
xdut.bnb                               1.80497
xdut.zpp                               4.47531
xdut.bna                              0.877224
xdut.ypp                               5.37805
xdut.slice0.wp                         4.61398
xdut.znm                              0.897279
xdut.zpm                               4.46211
out                                    2.70057
xdut.ypm                               5.37818
xdut.xn                                 1.5615
xdut.slice1.bpa_                       4.45973
xdut.slice0.wn                        0.715947
xdut.ynm                              0.121561
enb                                          0
xdut.slice1.wn                        0.715947
in                                         2.7
xdut.xp                                3.94532
xdut.slice0.bna_                      0.877224
xdut.ynp                              0.121271
xdut.slice1.wp                         4.61398
ibias                                  1.80497
out_                                      2.75
v_out#branch                      -9.88597e-06
v_enb#branch                                 0
v_en#branch                           -5.5e-12
v_in#branch                           -2.7e-12
v_avdd#branch                     -0.000284408
v_avss#branch                      6.08685e-08


No. of Data Rows : 136
ERROR: (internal)  This operation is not defined for display type PrinterOnly.
Can't open viewport for graphics.
binary raw file "../out/sp19.raw"
Doing analysis at TEMP = 85.000000 and TNOM = 27.000000

No. of Data Columns : 3  
Note: Starting dynamic gmin stepping
Trying gmin =   1.0000E-03 Note: One successful gmin step
Trying gmin =   1.0000E-04 Note: One successful gmin step
Trying gmin =   1.0000E-05 Note: One successful gmin step
Trying gmin =   1.0000E-06 Note: One successful gmin step
Trying gmin =   3.1623E-07 Note: One successful gmin step
Trying gmin =   5.6234E-08 Note: One successful gmin step
Trying gmin =   1.0000E-08 Warning: Further gmin increment
Trying gmin =   3.6517E-08 Note: One successful gmin step
Trying gmin =   1.9110E-08 Note: One successful gmin step
Trying gmin =   7.2339E-09 Warning: Further gmin increment
Trying gmin =   1.4989E-08 Note: One successful gmin step
Trying gmin =   1.0413E-08 Note: One successful gmin step
Trying gmin =   6.0294E-09 Warning: Further gmin increment
Trying gmin =   9.0835E-09 Note: One successful gmin step
Trying gmin =   7.4005E-09 Note: One successful gmin step
Trying gmin =   5.4423E-09 Warning: Further gmin increment
Trying gmin =   6.8532E-09 Warning: Further gmin increment
Trying gmin =   7.2597E-09 Note: One successful gmin step
Trying gmin =   7.0535E-09 Note: One successful gmin step
Trying gmin =   6.7551E-09 Note: One successful gmin step
Trying gmin =   6.3311E-09 Note: One successful gmin step
Trying gmin =   5.7444E-09 Note: One successful gmin step
Trying gmin =   4.9647E-09 Note: One successful gmin step
Trying gmin =   3.9890E-09 Note: One successful gmin step
Trying gmin =   2.8729E-09 Note: One successful gmin step
Trying gmin =   1.7559E-09 Note: One successful gmin step
Trying gmin =   8.3903E-10 Note: One successful gmin step
Trying gmin =   2.7714E-10 Note: One successful gmin step
Trying gmin =   5.2610E-11 Note: One successful gmin step
Trying gmin =   5.2610E-12 Note: One successful gmin step
Trying gmin =   1.0000E-12 Note: One successful gmin step
Note: Dynamic gmin stepping completed

Initial Transient Solution
--------------------------

Node                                   Voltage
----                                   -------
xdut.bpb                               3.35777
xdut.slice0.bpa_                       4.45973
avdd                                       5.5
en                                         5.5
xdut.slice1.bna_                      0.877224
avss                                         0
xdut.znp                              0.862345
xdut.bpa                               4.45973
xdut.bnb                               1.80497
xdut.zpp                               4.47531
xdut.bna                              0.877224
xdut.ypp                               5.37805
xdut.slice0.wp                         4.61398
xdut.znm                              0.897279
xdut.zpm                               4.46211
out                                    2.70057
xdut.ypm                               5.37818
xdut.xn                                 1.5615
xdut.slice1.bpa_                       4.45973
xdut.slice0.wn                        0.715947
xdut.ynm                              0.121561
enb                                          0
xdut.slice1.wn                        0.715947
in                                         2.7
xdut.xp                                3.94532
xdut.slice0.bna_                      0.877224
xdut.ynp                              0.121271
xdut.slice1.wp                         4.61398
ibias                                  1.80497
out_                                      2.75
v_out#branch                      -9.88597e-06
v_enb#branch                                 0
v_en#branch                           -5.5e-12
v_in#branch                           -2.7e-12
v_avdd#branch                     -0.000284408
v_avss#branch                      6.08685e-08


No. of Data Rows : 136

Total analysis time (seconds) = 309.761

Total elapsed time (seconds) = 379.390 

Total DRAM available = 7841.875 MB.
DRAM currently available =  323.855 MB.
Maximum ngspice program size = 2147.211 MB.
Current ngspice program size = 2128.668 MB.

Shared ngspice pages =   10.570 MB.
Text (code) pages =    5.461 MB.
Stack = 0 bytes.
Library pages = 2126.766 MB.

