
Note: Compatibility modes selected: hs a


Circuit: * num: 2 corner: ff vdd: 3.0 temp: -40

option SCALE: Scale is set to 1e-06 for instance and model parameters
option SCALE: Scale is set to 1e-06 for instance and model parameters
option SCALE: Scale is set to 1e-06 for instance and model parameters
option SCALE: Scale is set to 1e-06 for instance and model parameters
Warning: Model issue on line 0 :
  .model sky130_fd_pr__res_generic_m4 r tc1=    3.424000000000000e-03      ...
unrecognized parameter (tref) - ignored
Doing analysis at TEMP = -40.000000 and TNOM = 27.000000

Note: Starting dynamic gmin stepping
Trying gmin =   1.0000E-03 Note: One successful gmin step
Trying gmin =   1.0000E-04 Note: One successful gmin step
Trying gmin =   1.0000E-05 Note: One successful gmin step
Trying gmin =   1.0000E-06 Note: One successful gmin step
Trying gmin =   3.1623E-07 Note: One successful gmin step
Trying gmin =   5.6234E-08 Note: One successful gmin step
Trying gmin =   5.6234E-09 Warning: Further gmin increment
Trying gmin =   3.1623E-08 Note: One successful gmin step
Trying gmin =   1.3335E-08 Note: One successful gmin step
Trying gmin =   3.6517E-09 Warning: Further gmin increment
Trying gmin =   9.6466E-09 Note: One successful gmin step
Trying gmin =   5.9352E-09 Warning: Further gmin increment
Trying gmin =   8.5436E-09 Note: One successful gmin step
Trying gmin =   7.1210E-09 Note: One successful gmin step
Trying gmin =   5.4186E-09 Note: One successful gmin step
Trying gmin =   3.5967E-09 Note: One successful gmin step
Trying gmin =   1.9451E-09 Note: One successful gmin step
Trying gmin =   7.7355E-10 Note: One successful gmin step
Trying gmin =   1.9400E-10 Note: One successful gmin step
Trying gmin =   2.4367E-11 Note: One successful gmin step
Trying gmin =   2.4367E-12 Note: One successful gmin step
Trying gmin =   1.0000E-12 Note: One successful gmin step
Note: Dynamic gmin stepping completed

Initial Transient Solution
--------------------------

Node                                   Voltage
----                                   -------
xdut.bpb                              0.540577
xdut.slice0.bpa_                       1.84466
avdd                                         3
en                                           3
xdut.slice1.bna_                      0.939965
avss                                         0
xdut.znp                              0.928972
xdut.bpa                               1.84466
xdut.bnb                               2.01332
xdut.zpp                               1.85442
xdut.bna                              0.939965
xdut.ypp                               2.91122
xdut.slice0.wp                         1.95955
xdut.znm                              0.944782
xdut.zpm                               1.85032
out                                    1.44966
xdut.ypm                                2.9111
xdut.xn                               0.481855
xdut.slice1.bpa_                       1.84466
xdut.slice0.wn                        0.829938
xdut.ynm                             0.0832482
enb                                          0
xdut.slice1.wn                        0.829938
in                                        1.45
xdut.xp                                2.58581
xdut.slice0.bna_                      0.939965
xdut.ynp                             0.0833395
xdut.slice1.wp                         1.95955
ibias                                  2.01332
out_                                       1.5
v_out#branch                      -1.00675e-05
v_enb#branch                                 0
v_en#branch                             -3e-12
v_in#branch                          -1.45e-12
v_avdd#branch                     -0.000261279
v_avss#branch                      3.30011e-08


No. of Data Rows : 136
ERROR: (internal)  This operation is not defined for display type PrinterOnly.
Can't open viewport for graphics.
binary raw file "../out/sp2.raw"
Doing analysis at TEMP = -40.000000 and TNOM = 27.000000

No. of Data Columns : 3  
Note: Starting dynamic gmin stepping
Trying gmin =   1.0000E-03 Note: One successful gmin step
Trying gmin =   1.0000E-04 Note: One successful gmin step
Trying gmin =   1.0000E-05 Note: One successful gmin step
Trying gmin =   1.0000E-06 Note: One successful gmin step
Trying gmin =   3.1623E-07 Note: One successful gmin step
Trying gmin =   5.6234E-08 Note: One successful gmin step
Trying gmin =   5.6234E-09 Warning: Further gmin increment
Trying gmin =   3.1623E-08 Note: One successful gmin step
Trying gmin =   1.3335E-08 Note: One successful gmin step
Trying gmin =   3.6517E-09 Warning: Further gmin increment
Trying gmin =   9.6466E-09 Note: One successful gmin step
Trying gmin =   5.9352E-09 Warning: Further gmin increment
Trying gmin =   8.5436E-09 Note: One successful gmin step
Trying gmin =   7.1210E-09 Note: One successful gmin step
Trying gmin =   5.4186E-09 Note: One successful gmin step
Trying gmin =   3.5967E-09 Note: One successful gmin step
Trying gmin =   1.9451E-09 Note: One successful gmin step
Trying gmin =   7.7355E-10 Note: One successful gmin step
Trying gmin =   1.9400E-10 Note: One successful gmin step
Trying gmin =   2.4367E-11 Note: One successful gmin step
Trying gmin =   2.4367E-12 Note: One successful gmin step
Trying gmin =   1.0000E-12 Note: One successful gmin step
Note: Dynamic gmin stepping completed

Initial Transient Solution
--------------------------

Node                                   Voltage
----                                   -------
xdut.bpb                              0.540577
xdut.slice0.bpa_                       1.84466
avdd                                         3
en                                           3
xdut.slice1.bna_                      0.939965
avss                                         0
xdut.znp                              0.928972
xdut.bpa                               1.84466
xdut.bnb                               2.01332
xdut.zpp                               1.85442
xdut.bna                              0.939965
xdut.ypp                               2.91122
xdut.slice0.wp                         1.95955
xdut.znm                              0.944782
xdut.zpm                               1.85032
out                                    1.44966
xdut.ypm                                2.9111
xdut.xn                               0.481855
xdut.slice1.bpa_                       1.84466
xdut.slice0.wn                        0.829938
xdut.ynm                             0.0832482
enb                                          0
xdut.slice1.wn                        0.829938
in                                        1.45
xdut.xp                                2.58581
xdut.slice0.bna_                      0.939965
xdut.ynp                             0.0833395
xdut.slice1.wp                         1.95955
ibias                                  2.01332
out_                                       1.5
v_out#branch                      -1.00675e-05
v_enb#branch                                 0
v_en#branch                             -3e-12
v_in#branch                          -1.45e-12
v_avdd#branch                     -0.000261279
v_avss#branch                      3.30011e-08


No. of Data Rows : 136

Total analysis time (seconds) = 205.587

Total elapsed time (seconds) = 255.061 

Total DRAM available = 7841.875 MB.
DRAM currently available =  194.855 MB.
Maximum ngspice program size = 2147.215 MB.
Current ngspice program size = 2128.766 MB.

Shared ngspice pages =   10.660 MB.
Text (code) pages =    5.461 MB.
Stack = 0 bytes.
Library pages = 2126.770 MB.

