
Note: Compatibility modes selected: hs a


Circuit: * num: 20 corner: ff vdd: 5.5 temp: 85

option SCALE: Scale is set to 1e-06 for instance and model parameters
option SCALE: Scale is set to 1e-06 for instance and model parameters
option SCALE: Scale is set to 1e-06 for instance and model parameters
option SCALE: Scale is set to 1e-06 for instance and model parameters
Warning: Model issue on line 0 :
  .model sky130_fd_pr__res_generic_m4 r tc1=    3.424000000000000e-03      ...
unrecognized parameter (tref) - ignored
Doing analysis at TEMP = 85.000000 and TNOM = 27.000000

Note: Starting dynamic gmin stepping
Trying gmin =   1.0000E-03 Note: One successful gmin step
Trying gmin =   1.0000E-04 Note: One successful gmin step
Trying gmin =   1.0000E-05 Note: One successful gmin step
Trying gmin =   1.0000E-06 Note: One successful gmin step
Trying gmin =   3.1623E-07 Note: One successful gmin step
Trying gmin =   5.6234E-08 Warning: Further gmin increment
Trying gmin =   2.0535E-07 Note: One successful gmin step
Trying gmin =   1.0746E-07 Note: One successful gmin step
Trying gmin =   4.0679E-08 Note: One successful gmin step
Trying gmin =   9.4746E-09 Warning: Further gmin increment
Trying gmin =   2.8260E-08 Note: One successful gmin step
Trying gmin =   1.6363E-08 Warning: Further gmin increment
Trying gmin =   2.4652E-08 Note: One successful gmin step
Trying gmin =   2.0084E-08 Note: One successful gmin step
Trying gmin =   1.4770E-08 Note: One successful gmin step
Trying gmin =   9.3142E-09 Note: One successful gmin step
Trying gmin =   4.6645E-09 Warning: Further gmin increment
Trying gmin =   7.8354E-09 Warning: Further gmin increment
Trying gmin =   8.9202E-09 Note: One successful gmin step
Trying gmin =   8.3602E-09 Note: One successful gmin step
Trying gmin =   7.5855E-09 Warning: Further gmin increment
Trying gmin =   8.1594E-09 Note: One successful gmin step
Trying gmin =   7.8672E-09 Warning: Further gmin increment
Trying gmin =   8.0854E-09 Note: One successful gmin step
Trying gmin =   7.9756E-09 Note: One successful gmin step
Trying gmin =   7.8136E-09 Note: One successful gmin step
Trying gmin =   7.5769E-09 Warning: Further gmin increment
Trying gmin =   7.7537E-09 Note: One successful gmin step
Trying gmin =   7.6648E-09 Note: One successful gmin step
Trying gmin =   7.5333E-09 Note: One successful gmin step
Trying gmin =   7.3402E-09 Note: One successful gmin step
Trying gmin =   7.0598E-09 Note: One successful gmin step
Trying gmin =   6.6592E-09 Note: One successful gmin step
Trying gmin =   6.1006E-09 Note: One successful gmin step
Trying gmin =   5.3492E-09 Note: One successful gmin step
Trying gmin =   4.3920E-09 Note: One successful gmin step
Trying gmin =   3.2676E-09 Note: One successful gmin step
Trying gmin =   2.0969E-09 Note: One successful gmin step
Trying gmin =   1.0780E-09 Note: One successful gmin step
Trying gmin =   3.9732E-10 Note: One successful gmin step
Trying gmin =   8.8908E-11 Note: One successful gmin step
Trying gmin =   9.4112E-12 Note: One successful gmin step
Trying gmin =   1.0000E-12 Note: One successful gmin step
Note: Dynamic gmin stepping completed

Initial Transient Solution
--------------------------

Node                                   Voltage
----                                   -------
xdut.bpb                                3.5656
xdut.slice0.bpa_                       4.55287
avdd                                       5.5
en                                         5.5
xdut.slice1.bna_                      0.805899
avss                                         0
xdut.znp                              0.791615
xdut.bpa                               4.55287
xdut.bnb                               1.64253
xdut.zpp                               4.56847
xdut.bna                              0.805899
xdut.ypp                               5.37904
xdut.slice0.wp                         4.70551
xdut.znm                              0.827604
xdut.zpm                               4.55431
out                                    2.70067
xdut.ypm                               5.37919
xdut.xn                                1.61977
xdut.slice1.bpa_                       4.55287
xdut.slice0.wn                        0.645745
xdut.ynm                              0.121004
enb                                          0
xdut.slice1.wn                        0.645745
in                                         2.7
xdut.xp                                3.86915
xdut.slice0.bna_                      0.805899
xdut.ynp                              0.120662
xdut.slice1.wp                         4.70551
ibias                                  1.64254
out_                                      2.75
v_out#branch                      -9.86666e-06
v_enb#branch                                 0
v_en#branch                           -5.5e-12
v_in#branch                           -2.7e-12
v_avdd#branch                     -0.000290193
v_avss#branch                      6.09094e-08


No. of Data Rows : 136
ERROR: (internal)  This operation is not defined for display type PrinterOnly.
Can't open viewport for graphics.
binary raw file "../out/sp20.raw"
Doing analysis at TEMP = 85.000000 and TNOM = 27.000000

No. of Data Columns : 3  
Note: Starting dynamic gmin stepping
Trying gmin =   1.0000E-03 Note: One successful gmin step
Trying gmin =   1.0000E-04 Note: One successful gmin step
Trying gmin =   1.0000E-05 Note: One successful gmin step
Trying gmin =   1.0000E-06 Note: One successful gmin step
Trying gmin =   3.1623E-07 Note: One successful gmin step
Trying gmin =   5.6234E-08 Warning: Further gmin increment
Trying gmin =   2.0535E-07 Note: One successful gmin step
Trying gmin =   1.0746E-07 Note: One successful gmin step
Trying gmin =   4.0679E-08 Note: One successful gmin step
Trying gmin =   9.4746E-09 Warning: Further gmin increment
Trying gmin =   2.8260E-08 Note: One successful gmin step
Trying gmin =   1.6363E-08 Warning: Further gmin increment
Trying gmin =   2.4652E-08 Note: One successful gmin step
Trying gmin =   2.0084E-08 Note: One successful gmin step
Trying gmin =   1.4770E-08 Note: One successful gmin step
Trying gmin =   9.3142E-09 Note: One successful gmin step
Trying gmin =   4.6645E-09 Warning: Further gmin increment
Trying gmin =   7.8354E-09 Warning: Further gmin increment
Trying gmin =   8.9202E-09 Note: One successful gmin step
Trying gmin =   8.3602E-09 Note: One successful gmin step
Trying gmin =   7.5855E-09 Warning: Further gmin increment
Trying gmin =   8.1594E-09 Note: One successful gmin step
Trying gmin =   7.8672E-09 Warning: Further gmin increment
Trying gmin =   8.0854E-09 Note: One successful gmin step
Trying gmin =   7.9756E-09 Note: One successful gmin step
Trying gmin =   7.8136E-09 Note: One successful gmin step
Trying gmin =   7.5769E-09 Warning: Further gmin increment
Trying gmin =   7.7537E-09 Note: One successful gmin step
Trying gmin =   7.6648E-09 Note: One successful gmin step
Trying gmin =   7.5333E-09 Note: One successful gmin step
Trying gmin =   7.3402E-09 Note: One successful gmin step
Trying gmin =   7.0598E-09 Note: One successful gmin step
Trying gmin =   6.6592E-09 Note: One successful gmin step
Trying gmin =   6.1006E-09 Note: One successful gmin step
Trying gmin =   5.3492E-09 Note: One successful gmin step
Trying gmin =   4.3920E-09 Note: One successful gmin step
Trying gmin =   3.2676E-09 Note: One successful gmin step
Trying gmin =   2.0969E-09 Note: One successful gmin step
Trying gmin =   1.0780E-09 Note: One successful gmin step
Trying gmin =   3.9732E-10 Note: One successful gmin step
Trying gmin =   8.8908E-11 Note: One successful gmin step
Trying gmin =   9.4112E-12 Note: One successful gmin step
Trying gmin =   1.0000E-12 Note: One successful gmin step
Note: Dynamic gmin stepping completed

Initial Transient Solution
--------------------------

Node                                   Voltage
----                                   -------
xdut.bpb                                3.5656
xdut.slice0.bpa_                       4.55287
avdd                                       5.5
en                                         5.5
xdut.slice1.bna_                      0.805899
avss                                         0
xdut.znp                              0.791615
xdut.bpa                               4.55287
xdut.bnb                               1.64253
xdut.zpp                               4.56847
xdut.bna                              0.805899
xdut.ypp                               5.37904
xdut.slice0.wp                         4.70551
xdut.znm                              0.827604
xdut.zpm                               4.55431
out                                    2.70067
xdut.ypm                               5.37919
xdut.xn                                1.61977
xdut.slice1.bpa_                       4.55287
xdut.slice0.wn                        0.645745
xdut.ynm                              0.121004
enb                                          0
xdut.slice1.wn                        0.645745
in                                         2.7
xdut.xp                                3.86915
xdut.slice0.bna_                      0.805899
xdut.ynp                              0.120662
xdut.slice1.wp                         4.70551
ibias                                  1.64254
out_                                      2.75
v_out#branch                      -9.86666e-06
v_enb#branch                                 0
v_en#branch                           -5.5e-12
v_in#branch                           -2.7e-12
v_avdd#branch                     -0.000290193
v_avss#branch                      6.09094e-08


No. of Data Rows : 136

Total analysis time (seconds) = 351.555

Total elapsed time (seconds) = 419.468 

Total DRAM available = 7841.875 MB.
DRAM currently available =  283.383 MB.
Maximum ngspice program size = 2147.219 MB.
Current ngspice program size = 2128.730 MB.

Shared ngspice pages =   10.629 MB.
Text (code) pages =    5.461 MB.
Stack = 0 bytes.
Library pages = 2126.773 MB.

