
Note: Compatibility modes selected: hs a


Circuit: * num: 21 corner: sf vdd: 5.5 temp: 85

option SCALE: Scale is set to 1e-06 for instance and model parameters
option SCALE: Scale is set to 1e-06 for instance and model parameters
option SCALE: Scale is set to 1e-06 for instance and model parameters
option SCALE: Scale is set to 1e-06 for instance and model parameters
Warning: Model issue on line 0 :
  .model sky130_fd_pr__res_generic_m4 r tc1=    3.424000000000000e-03      ...
unrecognized parameter (tref) - ignored
Doing analysis at TEMP = 85.000000 and TNOM = 27.000000

Note: Starting dynamic gmin stepping
Trying gmin =   1.0000E-03 Note: One successful gmin step
Trying gmin =   1.0000E-04 Note: One successful gmin step
Trying gmin =   1.0000E-05 Note: One successful gmin step
Trying gmin =   1.0000E-06 Note: One successful gmin step
Trying gmin =   1.0000E-07 Note: One successful gmin step
Trying gmin =   1.0000E-08 Warning: Further gmin increment
Trying gmin =   5.6234E-08 Note: One successful gmin step
Trying gmin =   2.3714E-08 Note: One successful gmin step
Trying gmin =   6.4938E-09 Warning: Further gmin increment
Trying gmin =   1.7154E-08 Note: One successful gmin step
Trying gmin =   1.0554E-08 Note: One successful gmin step
Trying gmin =   5.0937E-09 Warning: Further gmin increment
Trying gmin =   8.7970E-09 Note: One successful gmin step
Trying gmin =   6.6940E-09 Warning: Further gmin increment
Trying gmin =   8.2162E-09 Warning: Further gmin increment
Trying gmin =   8.6481E-09 Note: One successful gmin step
Trying gmin =   8.4294E-09 Note: One successful gmin step
Trying gmin =   8.1117E-09 Warning: Further gmin increment
Trying gmin =   8.3488E-09 Note: One successful gmin step
Trying gmin =   8.2294E-09 Note: One successful gmin step
Trying gmin =   8.0535E-09 Note: One successful gmin step
Trying gmin =   7.7966E-09 Note: One successful gmin step
Trying gmin =   7.4265E-09 Note: One successful gmin step
Trying gmin =   6.9041E-09 Note: One successful gmin step
Trying gmin =   6.1886E-09 Note: One successful gmin step
Trying gmin =   5.2520E-09 Note: One successful gmin step
Trying gmin =   4.1060E-09 Note: One successful gmin step
Trying gmin =   2.8383E-09 Note: One successful gmin step
Trying gmin =   1.6312E-09 Note: One successful gmin step
Trying gmin =   7.1072E-10 Note: One successful gmin step
Trying gmin =   2.0440E-10 Note: One successful gmin step
Trying gmin =   3.1525E-11 Note: One successful gmin step
Trying gmin =   3.1525E-12 Note: One successful gmin step
Trying gmin =   1.0000E-12 Note: One successful gmin step
Note: Dynamic gmin stepping completed

Initial Transient Solution
--------------------------

Node                                   Voltage
----                                   -------
xdut.bpb                               3.26114
xdut.slice0.bpa_                       4.41643
avdd                                       5.5
en                                         5.5
xdut.slice1.bna_                      0.764728
avss                                         0
xdut.znp                              0.749942
xdut.bpa                               4.41643
xdut.bnb                               1.54827
xdut.zpp                                4.4319
xdut.bna                              0.764728
xdut.ypp                               5.37778
xdut.slice0.wp                         4.57086
xdut.znm                              0.784934
xdut.zpm                               4.41857
out                                    2.70061
xdut.ypm                               5.37792
xdut.xn                                1.65293
xdut.slice1.bpa_                       4.41643
xdut.slice0.wn                        0.604613
xdut.ynm                              0.120877
enb                                          0
xdut.slice1.wn                        0.604613
in                                         2.7
xdut.xp                                3.98044
xdut.slice0.bna_                      0.764728
xdut.ynp                              0.120559
xdut.slice1.wp                         4.57086
ibias                                  1.54827
out_                                      2.75
v_out#branch                      -9.87714e-06
v_enb#branch                                 0
v_en#branch                           -5.5e-12
v_in#branch                           -2.7e-12
v_avdd#branch                     -0.000285825
v_avss#branch                      6.06129e-08


No. of Data Rows : 136
ERROR: (internal)  This operation is not defined for display type PrinterOnly.
Can't open viewport for graphics.
binary raw file "../out/sp21.raw"
Doing analysis at TEMP = 85.000000 and TNOM = 27.000000

No. of Data Columns : 3  
Note: Starting dynamic gmin stepping
Trying gmin =   1.0000E-03 Note: One successful gmin step
Trying gmin =   1.0000E-04 Note: One successful gmin step
Trying gmin =   1.0000E-05 Note: One successful gmin step
Trying gmin =   1.0000E-06 Note: One successful gmin step
Trying gmin =   1.0000E-07 Note: One successful gmin step
Trying gmin =   1.0000E-08 Warning: Further gmin increment
Trying gmin =   5.6234E-08 Note: One successful gmin step
Trying gmin =   2.3714E-08 Note: One successful gmin step
Trying gmin =   6.4938E-09 Warning: Further gmin increment
Trying gmin =   1.7154E-08 Note: One successful gmin step
Trying gmin =   1.0554E-08 Note: One successful gmin step
Trying gmin =   5.0937E-09 Warning: Further gmin increment
Trying gmin =   8.7970E-09 Note: One successful gmin step
Trying gmin =   6.6940E-09 Warning: Further gmin increment
Trying gmin =   8.2162E-09 Warning: Further gmin increment
Trying gmin =   8.6481E-09 Note: One successful gmin step
Trying gmin =   8.4294E-09 Note: One successful gmin step
Trying gmin =   8.1117E-09 Warning: Further gmin increment
Trying gmin =   8.3488E-09 Note: One successful gmin step
Trying gmin =   8.2294E-09 Note: One successful gmin step
Trying gmin =   8.0535E-09 Note: One successful gmin step
Trying gmin =   7.7966E-09 Note: One successful gmin step
Trying gmin =   7.4265E-09 Note: One successful gmin step
Trying gmin =   6.9041E-09 Note: One successful gmin step
Trying gmin =   6.1886E-09 Note: One successful gmin step
Trying gmin =   5.2520E-09 Note: One successful gmin step
Trying gmin =   4.1060E-09 Note: One successful gmin step
Trying gmin =   2.8383E-09 Note: One successful gmin step
Trying gmin =   1.6312E-09 Note: One successful gmin step
Trying gmin =   7.1072E-10 Note: One successful gmin step
Trying gmin =   2.0440E-10 Note: One successful gmin step
Trying gmin =   3.1525E-11 Note: One successful gmin step
Trying gmin =   3.1525E-12 Note: One successful gmin step
Trying gmin =   1.0000E-12 Note: One successful gmin step
Note: Dynamic gmin stepping completed

Initial Transient Solution
--------------------------

Node                                   Voltage
----                                   -------
xdut.bpb                               3.26114
xdut.slice0.bpa_                       4.41643
avdd                                       5.5
en                                         5.5
xdut.slice1.bna_                      0.764728
avss                                         0
xdut.znp                              0.749942
xdut.bpa                               4.41643
xdut.bnb                               1.54827
xdut.zpp                                4.4319
xdut.bna                              0.764728
xdut.ypp                               5.37778
xdut.slice0.wp                         4.57086
xdut.znm                              0.784934
xdut.zpm                               4.41857
out                                    2.70061
xdut.ypm                               5.37792
xdut.xn                                1.65293
xdut.slice1.bpa_                       4.41643
xdut.slice0.wn                        0.604613
xdut.ynm                              0.120877
enb                                          0
xdut.slice1.wn                        0.604613
in                                         2.7
xdut.xp                                3.98044
xdut.slice0.bna_                      0.764728
xdut.ynp                              0.120559
xdut.slice1.wp                         4.57086
ibias                                  1.54827
out_                                      2.75
v_out#branch                      -9.87714e-06
v_enb#branch                                 0
v_en#branch                           -5.5e-12
v_in#branch                           -2.7e-12
v_avdd#branch                     -0.000285825
v_avss#branch                      6.06129e-08


No. of Data Rows : 136

Total analysis time (seconds) = 312.054

Total elapsed time (seconds) = 371.851 

Total DRAM available = 7841.875 MB.
DRAM currently available =  179.906 MB.
Maximum ngspice program size = 2146.879 MB.
Current ngspice program size = 2128.211 MB.

Shared ngspice pages =   10.441 MB.
Text (code) pages =    5.461 MB.
Stack = 0 bytes.
Library pages = 2126.434 MB.

