
Note: Compatibility modes selected: hs a


Circuit: * num: 22 corner: fs vdd: 5.5 temp: 85

option SCALE: Scale is set to 1e-06 for instance and model parameters
option SCALE: Scale is set to 1e-06 for instance and model parameters
option SCALE: Scale is set to 1e-06 for instance and model parameters
option SCALE: Scale is set to 1e-06 for instance and model parameters
Warning: Model issue on line 0 :
  .model sky130_fd_pr__res_generic_m4 r tc1=    3.424000000000000e-03      ...
unrecognized parameter (tref) - ignored
Doing analysis at TEMP = 85.000000 and TNOM = 27.000000

Note: Starting dynamic gmin stepping
Trying gmin =   1.0000E-03 Note: One successful gmin step
Trying gmin =   1.0000E-04 Note: One successful gmin step
Trying gmin =   1.0000E-05 Note: One successful gmin step
Trying gmin =   1.0000E-06 Note: One successful gmin step
Trying gmin =   3.1623E-07 Note: One successful gmin step
Trying gmin =   5.6234E-08 Warning: Further gmin increment
Trying gmin =   2.0535E-07 Note: One successful gmin step
Trying gmin =   1.0746E-07 Note: One successful gmin step
Trying gmin =   4.0679E-08 Note: One successful gmin step
Trying gmin =   9.4746E-09 Warning: Further gmin increment
Trying gmin =   2.8260E-08 Note: One successful gmin step
Trying gmin =   1.6363E-08 Warning: Further gmin increment
Trying gmin =   2.4652E-08 Note: One successful gmin step
Trying gmin =   2.0084E-08 Note: One successful gmin step
Trying gmin =   1.4770E-08 Note: One successful gmin step
Trying gmin =   9.3142E-09 Note: One successful gmin step
Trying gmin =   4.6645E-09 Warning: Further gmin increment
Trying gmin =   7.8354E-09 Warning: Further gmin increment
Trying gmin =   8.9202E-09 Note: One successful gmin step
Trying gmin =   8.3602E-09 Note: One successful gmin step
Trying gmin =   7.5855E-09 Note: One successful gmin step
Trying gmin =   6.5559E-09 Warning: Further gmin increment
Trying gmin =   7.3138E-09 Note: One successful gmin step
Trying gmin =   6.9245E-09 Warning: Further gmin increment
Trying gmin =   7.2145E-09 Note: One successful gmin step
Trying gmin =   7.0680E-09 Note: One successful gmin step
Trying gmin =   6.8538E-09 Warning: Further gmin increment
Trying gmin =   7.0138E-09 Note: One successful gmin step
Trying gmin =   6.9334E-09 Note: One successful gmin step
Trying gmin =   6.8144E-09 Note: One successful gmin step
Trying gmin =   6.6398E-09 Note: One successful gmin step
Trying gmin =   6.3862E-09 Note: One successful gmin step
Trying gmin =   6.0238E-09 Note: One successful gmin step
Trying gmin =   5.5184E-09 Note: One successful gmin step
Trying gmin =   4.8388E-09 Note: One successful gmin step
Trying gmin =   3.9729E-09 Note: One successful gmin step
Trying gmin =   2.9558E-09 Note: One successful gmin step
Trying gmin =   1.8968E-09 Note: One successful gmin step
Trying gmin =   9.7510E-10 Note: One successful gmin step
Trying gmin =   3.5940E-10 Note: One successful gmin step
Trying gmin =   8.0424E-11 Note: One successful gmin step
Trying gmin =   8.5131E-12 Note: One successful gmin step
Trying gmin =   1.0000E-12 Note: One successful gmin step
Note: Dynamic gmin stepping completed

Initial Transient Solution
--------------------------

Node                                   Voltage
----                                   -------
xdut.bpb                               3.66246
xdut.slice0.bpa_                       4.59615
avdd                                       5.5
en                                         5.5
xdut.slice1.bna_                      0.918405
avss                                         0
xdut.znp                              0.904065
xdut.bpa                               4.59615
xdut.bnb                                1.8988
xdut.zpp                               4.61193
xdut.bna                              0.918405
xdut.ypp                               5.37938
xdut.slice0.wp                         4.74856
xdut.znm                              0.939893
xdut.zpm                               4.59786
out                                    2.70068
xdut.ypm                               5.37953
xdut.xn                                1.52845
xdut.slice1.bpa_                       4.59615
xdut.slice0.wn                         0.75712
xdut.ynm                              0.121696
enb                                          0
xdut.slice1.wn                         0.75712
in                                         2.7
xdut.xp                                3.83412
xdut.slice0.bna_                      0.918405
xdut.ynp                              0.121358
xdut.slice1.wp                         4.74856
ibias                                   1.8988
out_                                      2.75
v_out#branch                      -9.86353e-06
v_enb#branch                                 0
v_en#branch                           -5.5e-12
v_in#branch                           -2.7e-12
v_avdd#branch                     -0.000288554
v_avss#branch                      6.11492e-08


No. of Data Rows : 136
ERROR: (internal)  This operation is not defined for display type PrinterOnly.
Can't open viewport for graphics.
binary raw file "../out/sp22.raw"
Doing analysis at TEMP = 85.000000 and TNOM = 27.000000

No. of Data Columns : 3  
Note: Starting dynamic gmin stepping
Trying gmin =   1.0000E-03 Note: One successful gmin step
Trying gmin =   1.0000E-04 Note: One successful gmin step
Trying gmin =   1.0000E-05 Note: One successful gmin step
Trying gmin =   1.0000E-06 Note: One successful gmin step
Trying gmin =   3.1623E-07 Note: One successful gmin step
Trying gmin =   5.6234E-08 Warning: Further gmin increment
Trying gmin =   2.0535E-07 Note: One successful gmin step
Trying gmin =   1.0746E-07 Note: One successful gmin step
Trying gmin =   4.0679E-08 Note: One successful gmin step
Trying gmin =   9.4746E-09 Warning: Further gmin increment
Trying gmin =   2.8260E-08 Note: One successful gmin step
Trying gmin =   1.6363E-08 Warning: Further gmin increment
Trying gmin =   2.4652E-08 Note: One successful gmin step
Trying gmin =   2.0084E-08 Note: One successful gmin step
Trying gmin =   1.4770E-08 Note: One successful gmin step
Trying gmin =   9.3142E-09 Note: One successful gmin step
Trying gmin =   4.6645E-09 Warning: Further gmin increment
Trying gmin =   7.8354E-09 Warning: Further gmin increment
Trying gmin =   8.9202E-09 Note: One successful gmin step
Trying gmin =   8.3602E-09 Note: One successful gmin step
Trying gmin =   7.5855E-09 Note: One successful gmin step
Trying gmin =   6.5559E-09 Warning: Further gmin increment
Trying gmin =   7.3138E-09 Note: One successful gmin step
Trying gmin =   6.9245E-09 Warning: Further gmin increment
Trying gmin =   7.2145E-09 Note: One successful gmin step
Trying gmin =   7.0680E-09 Note: One successful gmin step
Trying gmin =   6.8538E-09 Warning: Further gmin increment
Trying gmin =   7.0138E-09 Note: One successful gmin step
Trying gmin =   6.9334E-09 Note: One successful gmin step
Trying gmin =   6.8144E-09 Note: One successful gmin step
Trying gmin =   6.6398E-09 Note: One successful gmin step
Trying gmin =   6.3862E-09 Note: One successful gmin step
Trying gmin =   6.0238E-09 Note: One successful gmin step
Trying gmin =   5.5184E-09 Note: One successful gmin step
Trying gmin =   4.8388E-09 Note: One successful gmin step
Trying gmin =   3.9729E-09 Note: One successful gmin step
Trying gmin =   2.9558E-09 Note: One successful gmin step
Trying gmin =   1.8968E-09 Note: One successful gmin step
Trying gmin =   9.7510E-10 Note: One successful gmin step
Trying gmin =   3.5940E-10 Note: One successful gmin step
Trying gmin =   8.0424E-11 Note: One successful gmin step
Trying gmin =   8.5131E-12 Note: One successful gmin step
Trying gmin =   1.0000E-12 Note: One successful gmin step
Note: Dynamic gmin stepping completed

Initial Transient Solution
--------------------------

Node                                   Voltage
----                                   -------
xdut.bpb                               3.66246
xdut.slice0.bpa_                       4.59615
avdd                                       5.5
en                                         5.5
xdut.slice1.bna_                      0.918405
avss                                         0
xdut.znp                              0.904065
xdut.bpa                               4.59615
xdut.bnb                                1.8988
xdut.zpp                               4.61193
xdut.bna                              0.918405
xdut.ypp                               5.37938
xdut.slice0.wp                         4.74856
xdut.znm                              0.939893
xdut.zpm                               4.59786
out                                    2.70068
xdut.ypm                               5.37953
xdut.xn                                1.52845
xdut.slice1.bpa_                       4.59615
xdut.slice0.wn                         0.75712
xdut.ynm                              0.121696
enb                                          0
xdut.slice1.wn                         0.75712
in                                         2.7
xdut.xp                                3.83412
xdut.slice0.bna_                      0.918405
xdut.ynp                              0.121358
xdut.slice1.wp                         4.74856
ibias                                   1.8988
out_                                      2.75
v_out#branch                      -9.86353e-06
v_enb#branch                                 0
v_en#branch                           -5.5e-12
v_in#branch                           -2.7e-12
v_avdd#branch                     -0.000288554
v_avss#branch                      6.11492e-08


No. of Data Rows : 136

Total analysis time (seconds) = 359.868

Total elapsed time (seconds) = 419.644 

Total DRAM available = 7841.875 MB.
DRAM currently available =  172.113 MB.
Maximum ngspice program size = 2146.895 MB.
Current ngspice program size = 2128.438 MB.

Shared ngspice pages =   10.645 MB.
Text (code) pages =    5.461 MB.
Stack = 0 bytes.
Library pages = 2126.449 MB.

