
Note: Compatibility modes selected: hs a


Circuit: * num: 24 corner: hh vdd: 5.5 temp: 85

option SCALE: Scale is set to 1e-06 for instance and model parameters
option SCALE: Scale is set to 1e-06 for instance and model parameters
option SCALE: Scale is set to 1e-06 for instance and model parameters
option SCALE: Scale is set to 1e-06 for instance and model parameters
Warning: Model issue on line 0 :
  .model sky130_fd_pr__res_generic_m4 r tc1=    3.424000000000000e-03      ...
unrecognized parameter (tref) - ignored
Doing analysis at TEMP = 85.000000 and TNOM = 27.000000

Note: Starting dynamic gmin stepping
Trying gmin =   1.0000E-03 Note: One successful gmin step
Trying gmin =   1.0000E-04 Note: One successful gmin step
Trying gmin =   1.0000E-05 Note: One successful gmin step
Trying gmin =   1.0000E-06 Note: One successful gmin step
Trying gmin =   1.0000E-07 Note: One successful gmin step
Trying gmin =   1.0000E-08 Warning: Further gmin increment
Trying gmin =   5.6234E-08 Note: One successful gmin step
Trying gmin =   2.3714E-08 Note: One successful gmin step
Trying gmin =   6.4938E-09 Warning: Further gmin increment
Trying gmin =   1.7154E-08 Note: One successful gmin step
Trying gmin =   1.0554E-08 Note: One successful gmin step
Trying gmin =   5.0937E-09 Warning: Further gmin increment
Trying gmin =   8.7970E-09 Note: One successful gmin step
Trying gmin =   7.3322E-09 Warning: Further gmin increment
Trying gmin =   8.4054E-09 Note: One successful gmin step
Trying gmin =   7.8505E-09 Note: One successful gmin step
Trying gmin =   7.0860E-09 Warning: Further gmin increment
Trying gmin =   7.6520E-09 Note: One successful gmin step
Trying gmin =   7.3636E-09 Warning: Further gmin increment
Trying gmin =   7.5788E-09 Note: One successful gmin step
Trying gmin =   7.4704E-09 Note: One successful gmin step
Trying gmin =   7.3107E-09 Note: One successful gmin step
Trying gmin =   7.0775E-09 Note: One successful gmin step
Trying gmin =   6.7416E-09 Note: One successful gmin step
Trying gmin =   6.2674E-09 Note: One successful gmin step
Trying gmin =   5.6179E-09 Note: One successful gmin step
Trying gmin =   4.7676E-09 Note: One successful gmin step
Trying gmin =   3.7273E-09 Note: One successful gmin step
Trying gmin =   2.5765E-09 Note: One successful gmin step
Trying gmin =   1.4808E-09 Note: One successful gmin step
Trying gmin =   6.4517E-10 Note: One successful gmin step
Trying gmin =   1.8555E-10 Note: One successful gmin step
Trying gmin =   2.8617E-11 Note: One successful gmin step
Trying gmin =   2.8617E-12 Note: One successful gmin step
Trying gmin =   1.0000E-12 Note: One successful gmin step
Note: Dynamic gmin stepping completed

Initial Transient Solution
--------------------------

Node                                   Voltage
----                                   -------
xdut.bpb                               3.46161
xdut.slice0.bpa_                       4.50632
avdd                                       5.5
en                                         5.5
xdut.slice1.bna_                      0.841553
avss                                         0
xdut.znp                              0.826959
xdut.bpa                               4.50632
xdut.bnb                               1.72379
xdut.zpp                               4.52191
xdut.bna                              0.841553
xdut.ypp                               5.37857
xdut.slice0.wp                         4.65975
xdut.znm                              0.862341
xdut.zpm                               4.50825
out                                    2.70062
xdut.ypm                                5.3787
xdut.xn                                 1.5906
xdut.slice1.bpa_                       4.50632
xdut.slice0.wn                        0.680835
xdut.ynm                              0.121275
enb                                          0
xdut.slice1.wn                        0.680835
in                                         2.7
xdut.xp                                3.90733
xdut.slice0.bna_                      0.841553
xdut.ynp                               0.12096
xdut.slice1.wp                         4.65975
ibias                                  1.72379
out_                                      2.75
v_out#branch                      -9.87675e-06
v_enb#branch                                 0
v_en#branch                           -5.5e-12
v_in#branch                           -2.7e-12
v_avdd#branch                     -0.000287033
v_avss#branch                      6.09034e-08


No. of Data Rows : 135
ERROR: (internal)  This operation is not defined for display type PrinterOnly.
Can't open viewport for graphics.
binary raw file "../out/sp24.raw"
Doing analysis at TEMP = 85.000000 and TNOM = 27.000000

No. of Data Columns : 3  
Note: Starting dynamic gmin stepping
Trying gmin =   1.0000E-03 Note: One successful gmin step
Trying gmin =   1.0000E-04 Note: One successful gmin step
Trying gmin =   1.0000E-05 Note: One successful gmin step
Trying gmin =   1.0000E-06 Note: One successful gmin step
Trying gmin =   1.0000E-07 Note: One successful gmin step
Trying gmin =   1.0000E-08 Warning: Further gmin increment
Trying gmin =   5.6234E-08 Note: One successful gmin step
Trying gmin =   2.3714E-08 Note: One successful gmin step
Trying gmin =   6.4938E-09 Warning: Further gmin increment
Trying gmin =   1.7154E-08 Note: One successful gmin step
Trying gmin =   1.0554E-08 Note: One successful gmin step
Trying gmin =   5.0937E-09 Warning: Further gmin increment
Trying gmin =   8.7970E-09 Note: One successful gmin step
Trying gmin =   7.3322E-09 Warning: Further gmin increment
Trying gmin =   8.4054E-09 Note: One successful gmin step
Trying gmin =   7.8505E-09 Note: One successful gmin step
Trying gmin =   7.0860E-09 Warning: Further gmin increment
Trying gmin =   7.6520E-09 Note: One successful gmin step
Trying gmin =   7.3636E-09 Warning: Further gmin increment
Trying gmin =   7.5788E-09 Note: One successful gmin step
Trying gmin =   7.4704E-09 Note: One successful gmin step
Trying gmin =   7.3107E-09 Note: One successful gmin step
Trying gmin =   7.0775E-09 Note: One successful gmin step
Trying gmin =   6.7416E-09 Note: One successful gmin step
Trying gmin =   6.2674E-09 Note: One successful gmin step
Trying gmin =   5.6179E-09 Note: One successful gmin step
Trying gmin =   4.7676E-09 Note: One successful gmin step
Trying gmin =   3.7273E-09 Note: One successful gmin step
Trying gmin =   2.5765E-09 Note: One successful gmin step
Trying gmin =   1.4808E-09 Note: One successful gmin step
Trying gmin =   6.4517E-10 Note: One successful gmin step
Trying gmin =   1.8555E-10 Note: One successful gmin step
Trying gmin =   2.8617E-11 Note: One successful gmin step
Trying gmin =   2.8617E-12 Note: One successful gmin step
Trying gmin =   1.0000E-12 Note: One successful gmin step
Note: Dynamic gmin stepping completed

Initial Transient Solution
--------------------------

Node                                   Voltage
----                                   -------
xdut.bpb                               3.46161
xdut.slice0.bpa_                       4.50632
avdd                                       5.5
en                                         5.5
xdut.slice1.bna_                      0.841553
avss                                         0
xdut.znp                              0.826959
xdut.bpa                               4.50632
xdut.bnb                               1.72379
xdut.zpp                               4.52191
xdut.bna                              0.841553
xdut.ypp                               5.37857
xdut.slice0.wp                         4.65975
xdut.znm                              0.862341
xdut.zpm                               4.50825
out                                    2.70062
xdut.ypm                                5.3787
xdut.xn                                 1.5906
xdut.slice1.bpa_                       4.50632
xdut.slice0.wn                        0.680835
xdut.ynm                              0.121275
enb                                          0
xdut.slice1.wn                        0.680835
in                                         2.7
xdut.xp                                3.90733
xdut.slice0.bna_                      0.841553
xdut.ynp                               0.12096
xdut.slice1.wp                         4.65975
ibias                                  1.72379
out_                                      2.75
v_out#branch                      -9.87675e-06
v_enb#branch                                 0
v_en#branch                           -5.5e-12
v_in#branch                           -2.7e-12
v_avdd#branch                     -0.000287033
v_avss#branch                      6.09034e-08


No. of Data Rows : 135

Total analysis time (seconds) = 308.645

Total elapsed time (seconds) = 368.796 

Total DRAM available = 7841.875 MB.
DRAM currently available =  182.844 MB.
Maximum ngspice program size = 2146.887 MB.
Current ngspice program size = 2128.316 MB.

Shared ngspice pages =   10.547 MB.
Text (code) pages =    5.461 MB.
Stack = 0 bytes.
Library pages = 2126.441 MB.

