
Note: Compatibility modes selected: hs a


Circuit: * num: 3 corner: sf vdd: 3.0 temp: -40

option SCALE: Scale is set to 1e-06 for instance and model parameters
option SCALE: Scale is set to 1e-06 for instance and model parameters
option SCALE: Scale is set to 1e-06 for instance and model parameters
option SCALE: Scale is set to 1e-06 for instance and model parameters
Warning: Model issue on line 0 :
  .model sky130_fd_pr__res_generic_m4 r tc1=    3.424000000000000e-03      ...
unrecognized parameter (tref) - ignored
Doing analysis at TEMP = -40.000000 and TNOM = 27.000000

Note: Starting dynamic gmin stepping
Trying gmin =   1.0000E-03 Note: One successful gmin step
Trying gmin =   1.0000E-04 Note: One successful gmin step
Trying gmin =   1.0000E-05 Note: One successful gmin step
Trying gmin =   1.0000E-06 Note: One successful gmin step
Trying gmin =   3.1623E-07 Note: One successful gmin step
Trying gmin =   5.6234E-08 Note: One successful gmin step
Trying gmin =   1.0000E-08 Warning: Further gmin increment
Trying gmin =   3.6517E-08 Note: One successful gmin step
Trying gmin =   1.9110E-08 Note: One successful gmin step
Trying gmin =   7.2339E-09 Warning: Further gmin increment
Trying gmin =   1.4989E-08 Note: One successful gmin step
Trying gmin =   1.0413E-08 Note: One successful gmin step
Trying gmin =   6.0294E-09 Warning: Further gmin increment
Trying gmin =   9.0835E-09 Note: One successful gmin step
Trying gmin =   7.4005E-09 Warning: Further gmin increment
Trying gmin =   8.6299E-09 Note: One successful gmin step
Trying gmin =   7.9916E-09 Note: One successful gmin step
Trying gmin =   7.1216E-09 Note: One successful gmin step
Trying gmin =   5.9909E-09 Note: One successful gmin step
Trying gmin =   4.6224E-09 Note: One successful gmin step
Trying gmin =   3.1327E-09 Note: One successful gmin step
Trying gmin =   1.7479E-09 Note: One successful gmin step
Trying gmin =   7.2845E-10 Note: One successful gmin step
Trying gmin =   1.9599E-10 Note: One successful gmin step
Trying gmin =   2.7350E-11 Note: One successful gmin step
Trying gmin =   2.7350E-12 Note: One successful gmin step
Trying gmin =   1.0000E-12 Note: One successful gmin step
Note: Dynamic gmin stepping completed

Initial Transient Solution
--------------------------

Node                                   Voltage
----                                   -------
xdut.bpb                               0.24134
xdut.slice0.bpa_                       1.70955
avdd                                         3
en                                           3
xdut.slice1.bna_                      0.898666
avss                                         0
xdut.znp                              0.886961
xdut.bpa                               1.70955
xdut.bnb                               1.91987
xdut.zpp                               1.71888
xdut.bna                              0.898666
xdut.ypp                               2.91017
xdut.slice0.wp                         1.82628
xdut.znm                              0.902342
xdut.zpm                               1.71547
out                                    1.44924
xdut.ypm                               2.90991
xdut.xn                                0.51325
xdut.slice1.bpa_                       1.70955
xdut.slice0.wn                         0.78858
xdut.ynm                             0.0830476
enb                                          0
xdut.slice1.wn                         0.78858
in                                        1.45
xdut.xp                                2.68953
xdut.slice0.bna_                      0.898666
xdut.ynp                             0.0832749
xdut.slice1.wp                         1.82628
ibias                                  1.91987
out_                                       1.5
v_out#branch                      -1.01527e-05
v_enb#branch                                 0
v_en#branch                             -3e-12
v_in#branch                          -1.45e-12
v_avdd#branch                      -0.00025685
v_avss#branch                      3.27078e-08


No. of Data Rows : 136
ERROR: (internal)  This operation is not defined for display type PrinterOnly.
Can't open viewport for graphics.
binary raw file "../out/sp3.raw"
Doing analysis at TEMP = -40.000000 and TNOM = 27.000000

No. of Data Columns : 3  
Note: Starting dynamic gmin stepping
Trying gmin =   1.0000E-03 Note: One successful gmin step
Trying gmin =   1.0000E-04 Note: One successful gmin step
Trying gmin =   1.0000E-05 Note: One successful gmin step
Trying gmin =   1.0000E-06 Note: One successful gmin step
Trying gmin =   3.1623E-07 Note: One successful gmin step
Trying gmin =   5.6234E-08 Note: One successful gmin step
Trying gmin =   1.0000E-08 Warning: Further gmin increment
Trying gmin =   3.6517E-08 Note: One successful gmin step
Trying gmin =   1.9110E-08 Note: One successful gmin step
Trying gmin =   7.2339E-09 Warning: Further gmin increment
Trying gmin =   1.4989E-08 Note: One successful gmin step
Trying gmin =   1.0413E-08 Note: One successful gmin step
Trying gmin =   6.0294E-09 Warning: Further gmin increment
Trying gmin =   9.0835E-09 Note: One successful gmin step
Trying gmin =   7.4005E-09 Warning: Further gmin increment
Trying gmin =   8.6299E-09 Note: One successful gmin step
Trying gmin =   7.9916E-09 Note: One successful gmin step
Trying gmin =   7.1216E-09 Note: One successful gmin step
Trying gmin =   5.9909E-09 Note: One successful gmin step
Trying gmin =   4.6224E-09 Note: One successful gmin step
Trying gmin =   3.1327E-09 Note: One successful gmin step
Trying gmin =   1.7479E-09 Note: One successful gmin step
Trying gmin =   7.2845E-10 Note: One successful gmin step
Trying gmin =   1.9599E-10 Note: One successful gmin step
Trying gmin =   2.7350E-11 Note: One successful gmin step
Trying gmin =   2.7350E-12 Note: One successful gmin step
Trying gmin =   1.0000E-12 Note: One successful gmin step
Note: Dynamic gmin stepping completed

Initial Transient Solution
--------------------------

Node                                   Voltage
----                                   -------
xdut.bpb                               0.24134
xdut.slice0.bpa_                       1.70955
avdd                                         3
en                                           3
xdut.slice1.bna_                      0.898666
avss                                         0
xdut.znp                              0.886961
xdut.bpa                               1.70955
xdut.bnb                               1.91987
xdut.zpp                               1.71888
xdut.bna                              0.898666
xdut.ypp                               2.91017
xdut.slice0.wp                         1.82628
xdut.znm                              0.902342
xdut.zpm                               1.71547
out                                    1.44924
xdut.ypm                               2.90991
xdut.xn                                0.51325
xdut.slice1.bpa_                       1.70955
xdut.slice0.wn                         0.78858
xdut.ynm                             0.0830476
enb                                          0
xdut.slice1.wn                         0.78858
in                                        1.45
xdut.xp                                2.68953
xdut.slice0.bna_                      0.898666
xdut.ynp                             0.0832749
xdut.slice1.wp                         1.82628
ibias                                  1.91987
out_                                       1.5
v_out#branch                      -1.01527e-05
v_enb#branch                                 0
v_en#branch                             -3e-12
v_in#branch                          -1.45e-12
v_avdd#branch                      -0.00025685
v_avss#branch                      3.27078e-08


No. of Data Rows : 136

Total analysis time (seconds) = 220.874

Total elapsed time (seconds) = 270.140 

Total DRAM available = 7841.875 MB.
DRAM currently available =  158.941 MB.
Maximum ngspice program size = 2146.879 MB.
Current ngspice program size = 2128.078 MB.

Shared ngspice pages =   10.309 MB.
Text (code) pages =    5.461 MB.
Stack = 0 bytes.
Library pages = 2126.434 MB.

