
Note: Compatibility modes selected: hs a


Circuit: * num: 4 corner: fs vdd: 3.0 temp: -40

option SCALE: Scale is set to 1e-06 for instance and model parameters
option SCALE: Scale is set to 1e-06 for instance and model parameters
option SCALE: Scale is set to 1e-06 for instance and model parameters
option SCALE: Scale is set to 1e-06 for instance and model parameters
Warning: Model issue on line 0 :
  .model sky130_fd_pr__res_generic_m4 r tc1=    3.424000000000000e-03      ...
unrecognized parameter (tref) - ignored
Doing analysis at TEMP = -40.000000 and TNOM = 27.000000

Note: Starting dynamic gmin stepping
Trying gmin =   1.0000E-03 Note: One successful gmin step
Trying gmin =   1.0000E-04 Note: One successful gmin step
Trying gmin =   1.0000E-05 Note: One successful gmin step
Trying gmin =   1.0000E-06 Note: One successful gmin step
Trying gmin =   1.0000E-07 Note: One successful gmin step
Trying gmin =   1.0000E-08 Warning: Further gmin increment
Trying gmin =   5.6234E-08 Note: One successful gmin step
Trying gmin =   2.3714E-08 Note: One successful gmin step
Trying gmin =   6.4938E-09 Warning: Further gmin increment
Trying gmin =   1.7154E-08 Note: One successful gmin step
Trying gmin =   1.0554E-08 Note: One successful gmin step
Trying gmin =   6.4938E-09 Warning: Further gmin increment
Trying gmin =   9.3477E-09 Note: One successful gmin step
Trying gmin =   7.7911E-09 Note: One successful gmin step
Trying gmin =   5.9286E-09 Warning: Further gmin increment
Trying gmin =   7.2768E-09 Warning: Further gmin increment
Trying gmin =   7.6592E-09 Note: One successful gmin step
Trying gmin =   7.4656E-09 Note: One successful gmin step
Trying gmin =   7.1842E-09 Note: One successful gmin step
Trying gmin =   6.7819E-09 Note: One successful gmin step
Trying gmin =   6.2202E-09 Note: One successful gmin step
Trying gmin =   5.4638E-09 Note: One successful gmin step
Trying gmin =   4.4980E-09 Note: One successful gmin step
Trying gmin =   3.3598E-09 Note: One successful gmin step
Trying gmin =   2.1690E-09 Note: One successful gmin step
Trying gmin =   1.1250E-09 Note: One successful gmin step
Trying gmin =   4.2028E-10 Note: One successful gmin step
Trying gmin =   9.5961E-11 Note: One successful gmin step
Trying gmin =   1.0469E-11 Note: One successful gmin step
Trying gmin =   1.0469E-12 Note: One successful gmin step
Trying gmin =   1.0000E-12 Note: One successful gmin step
Note: Dynamic gmin stepping completed

Initial Transient Solution
--------------------------

Node                                   Voltage
----                                   -------
xdut.bpb                              0.637854
xdut.slice0.bpa_                        1.8884
avdd                                         3
en                                           3
xdut.slice1.bna_                       1.05086
avss                                         0
xdut.znp                               1.03992
xdut.bpa                                1.8884
xdut.bnb                               2.26385
xdut.zpp                               1.89838
xdut.bna                               1.05086
xdut.ypp                               2.91146
xdut.slice0.wp                         2.00323
xdut.znm                               1.05549
xdut.zpm                               1.89421
out                                    1.44968
xdut.ypm                               2.91134
xdut.xn                                0.39776
xdut.slice1.bpa_                        1.8884
xdut.slice0.wn                        0.940238
xdut.ynm                             0.0836147
enb                                          0
xdut.slice1.wn                        0.940238
in                                        1.45
xdut.xp                                2.55198
xdut.slice0.bna_                       1.05086
xdut.ynp                             0.0837023
xdut.slice1.wp                         2.00323
ibias                                  2.26385
out_                                       1.5
v_out#branch                      -1.00631e-05
v_enb#branch                                 0
v_en#branch                             -3e-12
v_in#branch                          -1.45e-12
v_avdd#branch                     -0.000260087
v_avss#branch                      3.32372e-08


No. of Data Rows : 136
ERROR: (internal)  This operation is not defined for display type PrinterOnly.
Can't open viewport for graphics.
binary raw file "../out/sp4.raw"
Doing analysis at TEMP = -40.000000 and TNOM = 27.000000

No. of Data Columns : 3  
Note: Starting dynamic gmin stepping
Trying gmin =   1.0000E-03 Note: One successful gmin step
Trying gmin =   1.0000E-04 Note: One successful gmin step
Trying gmin =   1.0000E-05 Note: One successful gmin step
Trying gmin =   1.0000E-06 Note: One successful gmin step
Trying gmin =   1.0000E-07 Note: One successful gmin step
Trying gmin =   1.0000E-08 Warning: Further gmin increment
Trying gmin =   5.6234E-08 Note: One successful gmin step
Trying gmin =   2.3714E-08 Note: One successful gmin step
Trying gmin =   6.4938E-09 Warning: Further gmin increment
Trying gmin =   1.7154E-08 Note: One successful gmin step
Trying gmin =   1.0554E-08 Note: One successful gmin step
Trying gmin =   6.4938E-09 Warning: Further gmin increment
Trying gmin =   9.3477E-09 Note: One successful gmin step
Trying gmin =   7.7911E-09 Note: One successful gmin step
Trying gmin =   5.9286E-09 Warning: Further gmin increment
Trying gmin =   7.2768E-09 Warning: Further gmin increment
Trying gmin =   7.6592E-09 Note: One successful gmin step
Trying gmin =   7.4656E-09 Note: One successful gmin step
Trying gmin =   7.1842E-09 Note: One successful gmin step
Trying gmin =   6.7819E-09 Note: One successful gmin step
Trying gmin =   6.2202E-09 Note: One successful gmin step
Trying gmin =   5.4638E-09 Note: One successful gmin step
Trying gmin =   4.4980E-09 Note: One successful gmin step
Trying gmin =   3.3598E-09 Note: One successful gmin step
Trying gmin =   2.1690E-09 Note: One successful gmin step
Trying gmin =   1.1250E-09 Note: One successful gmin step
Trying gmin =   4.2028E-10 Note: One successful gmin step
Trying gmin =   9.5961E-11 Note: One successful gmin step
Trying gmin =   1.0469E-11 Note: One successful gmin step
Trying gmin =   1.0469E-12 Note: One successful gmin step
Trying gmin =   1.0000E-12 Note: One successful gmin step
Note: Dynamic gmin stepping completed

Initial Transient Solution
--------------------------

Node                                   Voltage
----                                   -------
xdut.bpb                              0.637854
xdut.slice0.bpa_                        1.8884
avdd                                         3
en                                           3
xdut.slice1.bna_                       1.05086
avss                                         0
xdut.znp                               1.03992
xdut.bpa                                1.8884
xdut.bnb                               2.26385
xdut.zpp                               1.89838
xdut.bna                               1.05086
xdut.ypp                               2.91146
xdut.slice0.wp                         2.00323
xdut.znm                               1.05549
xdut.zpm                               1.89421
out                                    1.44968
xdut.ypm                               2.91134
xdut.xn                                0.39776
xdut.slice1.bpa_                        1.8884
xdut.slice0.wn                        0.940238
xdut.ynm                             0.0836147
enb                                          0
xdut.slice1.wn                        0.940238
in                                        1.45
xdut.xp                                2.55198
xdut.slice0.bna_                       1.05086
xdut.ynp                             0.0837023
xdut.slice1.wp                         2.00323
ibias                                  2.26385
out_                                       1.5
v_out#branch                      -1.00631e-05
v_enb#branch                                 0
v_en#branch                             -3e-12
v_in#branch                          -1.45e-12
v_avdd#branch                     -0.000260087
v_avss#branch                      3.32372e-08


No. of Data Rows : 136

Total analysis time (seconds) = 307.75

Total elapsed time (seconds) = 364.941 

Total DRAM available = 7841.875 MB.
DRAM currently available =  255.082 MB.
Maximum ngspice program size = 2146.898 MB.
Current ngspice program size = 2128.434 MB.

Shared ngspice pages =   10.645 MB.
Text (code) pages =    5.461 MB.
Stack = 0 bytes.
Library pages = 2126.453 MB.

