
Note: Compatibility modes selected: hs a


Circuit: * num: 5 corner: ll vdd: 3.0 temp: -40

option SCALE: Scale is set to 1e-06 for instance and model parameters
option SCALE: Scale is set to 1e-06 for instance and model parameters
option SCALE: Scale is set to 1e-06 for instance and model parameters
option SCALE: Scale is set to 1e-06 for instance and model parameters
Warning: Model issue on line 0 :
  .model sky130_fd_pr__res_generic_m4 r tc1=    3.424000000000000e-03      ...
unrecognized parameter (tref) - ignored
Doing analysis at TEMP = -40.000000 and TNOM = 27.000000

Note: Starting dynamic gmin stepping
Trying gmin =   1.0000E-03 Note: One successful gmin step
Trying gmin =   1.0000E-04 Note: One successful gmin step
Trying gmin =   1.0000E-05 Note: One successful gmin step
Trying gmin =   1.0000E-06 Note: One successful gmin step
Trying gmin =   1.0000E-07 Note: One successful gmin step
Trying gmin =   1.0000E-08 Warning: Further gmin increment
Trying gmin =   5.6234E-08 Note: One successful gmin step
Trying gmin =   2.3714E-08 Note: One successful gmin step
Trying gmin =   6.4938E-09 Warning: Further gmin increment
Trying gmin =   1.7154E-08 Note: One successful gmin step
Trying gmin =   1.0554E-08 Warning: Further gmin increment
Trying gmin =   1.5193E-08 Note: One successful gmin step
Trying gmin =   1.2663E-08 Note: One successful gmin step
Trying gmin =   9.6358E-09 Note: One successful gmin step
Trying gmin =   6.3960E-09 Warning: Further gmin increment
Trying gmin =   8.6975E-09 Note: One successful gmin step
Trying gmin =   7.4585E-09 Warning: Further gmin increment
Trying gmin =   8.3696E-09 Note: One successful gmin step
Trying gmin =   7.9009E-09 Note: One successful gmin step
Trying gmin =   7.2466E-09 Note: One successful gmin step
Trying gmin =   6.3654E-09 Note: One successful gmin step
Trying gmin =   5.2403E-09 Note: One successful gmin step
Trying gmin =   3.9142E-09 Note: One successful gmin step
Trying gmin =   2.5269E-09 Note: One successful gmin step
Trying gmin =   1.3107E-09 Note: One successful gmin step
Trying gmin =   4.8963E-10 Note: One successful gmin step
Trying gmin =   1.1180E-10 Note: One successful gmin step
Trying gmin =   1.2197E-11 Note: One successful gmin step
Trying gmin =   1.2197E-12 Note: One successful gmin step
Trying gmin =   1.0000E-12 Note: One successful gmin step
Note: Dynamic gmin stepping completed

Initial Transient Solution
--------------------------

Node                                   Voltage
----                                   -------
xdut.bpb                              0.439162
xdut.slice0.bpa_                       1.79884
avdd                                         3
en                                           3
xdut.slice1.bna_                      0.974729
avss                                         0
xdut.znp                              0.963519
xdut.bpa                               1.79884
xdut.bnb                               2.09203
xdut.zpp                               1.80861
xdut.bna                              0.974729
xdut.ypp                               2.91079
xdut.slice0.wp                         1.91467
xdut.znm                               0.97895
xdut.zpm                               1.80477
out                                    1.44956
xdut.ypm                               2.91064
xdut.xn                               0.455371
xdut.slice1.bpa_                       1.79884
xdut.slice0.wn                        0.864377
xdut.ynm                             0.0833738
enb                                          0
xdut.slice1.wn                        0.864377
in                                        1.45
xdut.xp                                2.62106
xdut.slice0.bna_                      0.974729
xdut.ynp                             0.0835004
xdut.slice1.wp                         1.91467
ibias                                  2.09203
out_                                       1.5
v_out#branch                      -1.00884e-05
v_enb#branch                                 0
v_en#branch                             -3e-12
v_in#branch                          -1.45e-12
v_avdd#branch                      -0.00025876
v_avss#branch                      3.29876e-08


No. of Data Rows : 136
ERROR: (internal)  This operation is not defined for display type PrinterOnly.
Can't open viewport for graphics.
binary raw file "../out/sp5.raw"
Doing analysis at TEMP = -40.000000 and TNOM = 27.000000

No. of Data Columns : 3  
Note: Starting dynamic gmin stepping
Trying gmin =   1.0000E-03 Note: One successful gmin step
Trying gmin =   1.0000E-04 Note: One successful gmin step
Trying gmin =   1.0000E-05 Note: One successful gmin step
Trying gmin =   1.0000E-06 Note: One successful gmin step
Trying gmin =   1.0000E-07 Note: One successful gmin step
Trying gmin =   1.0000E-08 Warning: Further gmin increment
Trying gmin =   5.6234E-08 Note: One successful gmin step
Trying gmin =   2.3714E-08 Note: One successful gmin step
Trying gmin =   6.4938E-09 Warning: Further gmin increment
Trying gmin =   1.7154E-08 Note: One successful gmin step
Trying gmin =   1.0554E-08 Warning: Further gmin increment
Trying gmin =   1.5193E-08 Note: One successful gmin step
Trying gmin =   1.2663E-08 Note: One successful gmin step
Trying gmin =   9.6358E-09 Note: One successful gmin step
Trying gmin =   6.3960E-09 Warning: Further gmin increment
Trying gmin =   8.6975E-09 Note: One successful gmin step
Trying gmin =   7.4585E-09 Warning: Further gmin increment
Trying gmin =   8.3696E-09 Note: One successful gmin step
Trying gmin =   7.9009E-09 Note: One successful gmin step
Trying gmin =   7.2466E-09 Note: One successful gmin step
Trying gmin =   6.3654E-09 Note: One successful gmin step
Trying gmin =   5.2403E-09 Note: One successful gmin step
Trying gmin =   3.9142E-09 Note: One successful gmin step
Trying gmin =   2.5269E-09 Note: One successful gmin step
Trying gmin =   1.3107E-09 Note: One successful gmin step
Trying gmin =   4.8963E-10 Note: One successful gmin step
Trying gmin =   1.1180E-10 Note: One successful gmin step
Trying gmin =   1.2197E-11 Note: One successful gmin step
Trying gmin =   1.2197E-12 Note: One successful gmin step
Trying gmin =   1.0000E-12 Note: One successful gmin step
Note: Dynamic gmin stepping completed

Initial Transient Solution
--------------------------

Node                                   Voltage
----                                   -------
xdut.bpb                              0.439162
xdut.slice0.bpa_                       1.79884
avdd                                         3
en                                           3
xdut.slice1.bna_                      0.974729
avss                                         0
xdut.znp                              0.963519
xdut.bpa                               1.79884
xdut.bnb                               2.09203
xdut.zpp                               1.80861
xdut.bna                              0.974729
xdut.ypp                               2.91079
xdut.slice0.wp                         1.91467
xdut.znm                               0.97895
xdut.zpm                               1.80477
out                                    1.44956
xdut.ypm                               2.91064
xdut.xn                               0.455371
xdut.slice1.bpa_                       1.79884
xdut.slice0.wn                        0.864377
xdut.ynm                             0.0833738
enb                                          0
xdut.slice1.wn                        0.864377
in                                        1.45
xdut.xp                                2.62106
xdut.slice0.bna_                      0.974729
xdut.ynp                             0.0835004
xdut.slice1.wp                         1.91467
ibias                                  2.09203
out_                                       1.5
v_out#branch                      -1.00884e-05
v_enb#branch                                 0
v_en#branch                             -3e-12
v_in#branch                          -1.45e-12
v_avdd#branch                      -0.00025876
v_avss#branch                      3.29876e-08


No. of Data Rows : 136

Total analysis time (seconds) = 254.219

Total elapsed time (seconds) = 313.879 

Total DRAM available = 7841.875 MB.
DRAM currently available =  291.953 MB.
Maximum ngspice program size = 2146.926 MB.
Current ngspice program size = 2128.453 MB.

Shared ngspice pages =   10.633 MB.
Text (code) pages =    5.461 MB.
Stack = 0 bytes.
Library pages = 2126.480 MB.

