
Note: Compatibility modes selected: hs a


Circuit: * num: 7 corner: ss vdd: 3.0 temp: 85

option SCALE: Scale is set to 1e-06 for instance and model parameters
option SCALE: Scale is set to 1e-06 for instance and model parameters
option SCALE: Scale is set to 1e-06 for instance and model parameters
option SCALE: Scale is set to 1e-06 for instance and model parameters
Warning: Model issue on line 0 :
  .model sky130_fd_pr__res_generic_m4 r tc1=    3.424000000000000e-03      ...
unrecognized parameter (tref) - ignored
Doing analysis at TEMP = 85.000000 and TNOM = 27.000000

Note: Starting dynamic gmin stepping
Trying gmin =   1.0000E-03 Note: One successful gmin step
Trying gmin =   1.0000E-04 Note: One successful gmin step
Trying gmin =   1.0000E-05 Note: One successful gmin step
Trying gmin =   1.0000E-06 Note: One successful gmin step
Trying gmin =   1.0000E-07 Note: One successful gmin step
Trying gmin =   1.0000E-08 Warning: Further gmin increment
Trying gmin =   5.6234E-08 Note: One successful gmin step
Trying gmin =   2.3714E-08 Note: One successful gmin step
Trying gmin =   6.4938E-09 Warning: Further gmin increment
Trying gmin =   1.7154E-08 Note: One successful gmin step
Trying gmin =   1.0554E-08 Note: One successful gmin step
Trying gmin =   5.0937E-09 Warning: Further gmin increment
Trying gmin =   8.7970E-09 Warning: Further gmin increment
Trying gmin =   1.0085E-08 Note: One successful gmin step
Trying gmin =   9.4189E-09 Note: One successful gmin step
Trying gmin =   8.5017E-09 Note: One successful gmin step
Trying gmin =   7.6738E-09 Note: One successful gmin step
Trying gmin =   6.5806E-09 Note: One successful gmin step
Trying gmin =   5.2258E-09 Note: One successful gmin step
Trying gmin =   3.6982E-09 Note: One successful gmin step
Trying gmin =   2.2016E-09 Note: One successful gmin step
Trying gmin =   1.0112E-09 Note: One successful gmin step
Trying gmin =   3.1480E-10 Note: One successful gmin step
Trying gmin =   5.4676E-11 Note: One successful gmin step
Trying gmin =   5.4676E-12 Note: One successful gmin step
Trying gmin =   1.0000E-12 Note: One successful gmin step
Note: Dynamic gmin stepping completed

Initial Transient Solution
--------------------------

Node                                   Voltage
----                                   -------
xdut.bpb                              0.860339
xdut.slice0.bpa_                       1.96114
avdd                                         3
en                                           3
xdut.slice1.bna_                      0.877224
avss                                         0
xdut.znp                              0.860336
xdut.bpa                               1.96114
xdut.bnb                               1.80497
xdut.zpp                               1.97633
xdut.bna                              0.877224
xdut.ypp                               2.87855
xdut.slice0.wp                         2.11814
xdut.znm                              0.886707
xdut.zpm                                1.9679
out                                    1.44983
xdut.ypm                               2.87846
xdut.xn                               0.573438
xdut.slice1.bpa_                       1.96114
xdut.slice0.wn                        0.714881
xdut.ynm                              0.120571
enb                                          0
xdut.slice1.wn                        0.714881
in                                        1.45
xdut.xp                                2.45359
xdut.slice0.bna_                      0.877224
xdut.ynp                               0.12058
xdut.slice1.wp                         2.11814
ibias                                  1.80497
out_                                       1.5
v_out#branch                       -1.0034e-05
v_enb#branch                                 0
v_en#branch                             -3e-12
v_in#branch                          -1.45e-12
v_avdd#branch                     -0.000255216
v_avss#branch                      3.31351e-08


No. of Data Rows : 136
ERROR: (internal)  This operation is not defined for display type PrinterOnly.
Can't open viewport for graphics.
binary raw file "../out/sp7.raw"
Doing analysis at TEMP = 85.000000 and TNOM = 27.000000

No. of Data Columns : 3  
Note: Starting dynamic gmin stepping
Trying gmin =   1.0000E-03 Note: One successful gmin step
Trying gmin =   1.0000E-04 Note: One successful gmin step
Trying gmin =   1.0000E-05 Note: One successful gmin step
Trying gmin =   1.0000E-06 Note: One successful gmin step
Trying gmin =   1.0000E-07 Note: One successful gmin step
Trying gmin =   1.0000E-08 Warning: Further gmin increment
Trying gmin =   5.6234E-08 Note: One successful gmin step
Trying gmin =   2.3714E-08 Note: One successful gmin step
Trying gmin =   6.4938E-09 Warning: Further gmin increment
Trying gmin =   1.7154E-08 Note: One successful gmin step
Trying gmin =   1.0554E-08 Note: One successful gmin step
Trying gmin =   5.0937E-09 Warning: Further gmin increment
Trying gmin =   8.7970E-09 Warning: Further gmin increment
Trying gmin =   1.0085E-08 Note: One successful gmin step
Trying gmin =   9.4189E-09 Note: One successful gmin step
Trying gmin =   8.5017E-09 Note: One successful gmin step
Trying gmin =   7.6738E-09 Note: One successful gmin step
Trying gmin =   6.5806E-09 Note: One successful gmin step
Trying gmin =   5.2258E-09 Note: One successful gmin step
Trying gmin =   3.6982E-09 Note: One successful gmin step
Trying gmin =   2.2016E-09 Note: One successful gmin step
Trying gmin =   1.0112E-09 Note: One successful gmin step
Trying gmin =   3.1480E-10 Note: One successful gmin step
Trying gmin =   5.4676E-11 Note: One successful gmin step
Trying gmin =   5.4676E-12 Note: One successful gmin step
Trying gmin =   1.0000E-12 Note: One successful gmin step
Note: Dynamic gmin stepping completed

Initial Transient Solution
--------------------------

Node                                   Voltage
----                                   -------
xdut.bpb                              0.860339
xdut.slice0.bpa_                       1.96114
avdd                                         3
en                                           3
xdut.slice1.bna_                      0.877224
avss                                         0
xdut.znp                              0.860336
xdut.bpa                               1.96114
xdut.bnb                               1.80497
xdut.zpp                               1.97633
xdut.bna                              0.877224
xdut.ypp                               2.87855
xdut.slice0.wp                         2.11814
xdut.znm                              0.886707
xdut.zpm                                1.9679
out                                    1.44983
xdut.ypm                               2.87846
xdut.xn                               0.573438
xdut.slice1.bpa_                       1.96114
xdut.slice0.wn                        0.714881
xdut.ynm                              0.120571
enb                                          0
xdut.slice1.wn                        0.714881
in                                        1.45
xdut.xp                                2.45359
xdut.slice0.bna_                      0.877224
xdut.ynp                               0.12058
xdut.slice1.wp                         2.11814
ibias                                  1.80497
out_                                       1.5
v_out#branch                       -1.0034e-05
v_enb#branch                                 0
v_en#branch                             -3e-12
v_in#branch                          -1.45e-12
v_avdd#branch                     -0.000255216
v_avss#branch                      3.31351e-08


No. of Data Rows : 136

Total analysis time (seconds) = 209.789

Total elapsed time (seconds) = 257.616 

Total DRAM available = 7841.875 MB.
DRAM currently available =  355.020 MB.
Maximum ngspice program size = 2147.207 MB.
Current ngspice program size = 2128.578 MB.

Shared ngspice pages =   10.484 MB.
Text (code) pages =    5.461 MB.
Stack = 0 bytes.
Library pages = 2126.762 MB.

