
Note: Compatibility modes selected: hs a


Circuit: * num: 8 corner: ff vdd: 3.0 temp: 85

option SCALE: Scale is set to 1e-06 for instance and model parameters
option SCALE: Scale is set to 1e-06 for instance and model parameters
option SCALE: Scale is set to 1e-06 for instance and model parameters
option SCALE: Scale is set to 1e-06 for instance and model parameters
Warning: Model issue on line 0 :
  .model sky130_fd_pr__res_generic_m4 r tc1=    3.424000000000000e-03      ...
unrecognized parameter (tref) - ignored
Doing analysis at TEMP = 85.000000 and TNOM = 27.000000

Note: Starting dynamic gmin stepping
Trying gmin =   1.0000E-03 Note: One successful gmin step
Trying gmin =   1.0000E-04 Note: One successful gmin step
Trying gmin =   1.0000E-05 Note: One successful gmin step
Trying gmin =   1.0000E-06 Warning: Further gmin increment
Trying gmin =   5.6234E-06 Note: One successful gmin step
Trying gmin =   2.3714E-06 Note: One successful gmin step
Trying gmin =   1.0000E-06 Note: One successful gmin step
Trying gmin =   4.2170E-07 Note: One successful gmin step
Trying gmin =   1.1548E-07 Note: One successful gmin step
Trying gmin =   1.6548E-08 Note: One successful gmin step
Trying gmin =   1.6548E-09 Warning: Further gmin increment
Trying gmin =   9.3057E-09 Warning: Further gmin increment
Trying gmin =   1.4330E-08 Note: One successful gmin step
Trying gmin =   1.1548E-08 Note: One successful gmin step
Trying gmin =   8.3536E-09 Warning: Further gmin increment
Trying gmin =   1.0650E-08 Note: One successful gmin step
Trying gmin =   9.4321E-09 Warning: Further gmin increment
Trying gmin =   1.0331E-08 Note: One successful gmin step
Trying gmin =   9.8715E-09 Note: One successful gmin step
Trying gmin =   9.2198E-09 Note: One successful gmin step
Trying gmin =   8.3220E-09 Note: One successful gmin step
Trying gmin =   7.1365E-09 Note: One successful gmin step
Trying gmin =   5.6672E-09 Note: One successful gmin step
Trying gmin =   4.0105E-09 Note: One successful gmin step
Trying gmin =   2.3875E-09 Note: One successful gmin step
Trying gmin =   1.0966E-09 Note: One successful gmin step
Trying gmin =   3.4139E-10 Note: One successful gmin step
Trying gmin =   5.9294E-11 Note: One successful gmin step
Trying gmin =   5.9294E-12 Note: One successful gmin step
Trying gmin =   1.0000E-12 Note: One successful gmin step
Note: Dynamic gmin stepping completed

Initial Transient Solution
--------------------------

Node                                   Voltage
----                                   -------
xdut.bpb                               1.06836
xdut.slice0.bpa_                       2.05437
avdd                                         3
en                                           3
xdut.slice1.bna_                      0.805899
avss                                         0
xdut.znp                              0.789508
xdut.bpa                               2.05437
xdut.bnb                               1.64253
xdut.zpp                               2.06962
xdut.bna                              0.805899
xdut.ypp                               2.87949
xdut.slice0.wp                         2.20971
xdut.znm                              0.816705
xdut.zpm                                2.0602
out                                    1.45002
xdut.ypm                               2.87945
xdut.xn                               0.627516
xdut.slice1.bpa_                       2.05437
xdut.slice0.wn                        0.644677
xdut.ynm                              0.120027
enb                                          0
xdut.slice1.wn                        0.644677
in                                        1.45
xdut.xp                                2.38115
xdut.slice0.bna_                      0.805899
xdut.ynp                              0.119958
xdut.slice1.wp                         2.20971
ibias                                  1.64254
out_                                       1.5
v_out#branch                       -9.9955e-06
v_enb#branch                                 0
v_en#branch                             -3e-12
v_in#branch                          -1.45e-12
v_avdd#branch                      -0.00025908
v_avss#branch                       3.3174e-08


No. of Data Rows : 136
ERROR: (internal)  This operation is not defined for display type PrinterOnly.
Can't open viewport for graphics.
binary raw file "../out/sp8.raw"
Doing analysis at TEMP = 85.000000 and TNOM = 27.000000

No. of Data Columns : 3  
Note: Starting dynamic gmin stepping
Trying gmin =   1.0000E-03 Note: One successful gmin step
Trying gmin =   1.0000E-04 Note: One successful gmin step
Trying gmin =   1.0000E-05 Note: One successful gmin step
Trying gmin =   1.0000E-06 Warning: Further gmin increment
Trying gmin =   5.6234E-06 Note: One successful gmin step
Trying gmin =   2.3714E-06 Note: One successful gmin step
Trying gmin =   1.0000E-06 Note: One successful gmin step
Trying gmin =   4.2170E-07 Note: One successful gmin step
Trying gmin =   1.1548E-07 Note: One successful gmin step
Trying gmin =   1.6548E-08 Note: One successful gmin step
Trying gmin =   1.6548E-09 Warning: Further gmin increment
Trying gmin =   9.3057E-09 Warning: Further gmin increment
Trying gmin =   1.4330E-08 Note: One successful gmin step
Trying gmin =   1.1548E-08 Note: One successful gmin step
Trying gmin =   8.3536E-09 Warning: Further gmin increment
Trying gmin =   1.0650E-08 Note: One successful gmin step
Trying gmin =   9.4321E-09 Warning: Further gmin increment
Trying gmin =   1.0331E-08 Note: One successful gmin step
Trying gmin =   9.8715E-09 Note: One successful gmin step
Trying gmin =   9.2198E-09 Note: One successful gmin step
Trying gmin =   8.3220E-09 Note: One successful gmin step
Trying gmin =   7.1365E-09 Note: One successful gmin step
Trying gmin =   5.6672E-09 Note: One successful gmin step
Trying gmin =   4.0105E-09 Note: One successful gmin step
Trying gmin =   2.3875E-09 Note: One successful gmin step
Trying gmin =   1.0966E-09 Note: One successful gmin step
Trying gmin =   3.4139E-10 Note: One successful gmin step
Trying gmin =   5.9294E-11 Note: One successful gmin step
Trying gmin =   5.9294E-12 Note: One successful gmin step
Trying gmin =   1.0000E-12 Note: One successful gmin step
Note: Dynamic gmin stepping completed

Initial Transient Solution
--------------------------

Node                                   Voltage
----                                   -------
xdut.bpb                               1.06836
xdut.slice0.bpa_                       2.05437
avdd                                         3
en                                           3
xdut.slice1.bna_                      0.805899
avss                                         0
xdut.znp                              0.789508
xdut.bpa                               2.05437
xdut.bnb                               1.64253
xdut.zpp                               2.06962
xdut.bna                              0.805899
xdut.ypp                               2.87949
xdut.slice0.wp                         2.20971
xdut.znm                              0.816705
xdut.zpm                                2.0602
out                                    1.45002
xdut.ypm                               2.87945
xdut.xn                               0.627516
xdut.slice1.bpa_                       2.05437
xdut.slice0.wn                        0.644677
xdut.ynm                              0.120027
enb                                          0
xdut.slice1.wn                        0.644677
in                                        1.45
xdut.xp                                2.38115
xdut.slice0.bna_                      0.805899
xdut.ynp                              0.119958
xdut.slice1.wp                         2.20971
ibias                                  1.64254
out_                                       1.5
v_out#branch                       -9.9955e-06
v_enb#branch                                 0
v_en#branch                             -3e-12
v_in#branch                          -1.45e-12
v_avdd#branch                      -0.00025908
v_avss#branch                       3.3174e-08


No. of Data Rows : 136

Total analysis time (seconds) = 230.488

Total elapsed time (seconds) = 280.409 

Total DRAM available = 7841.875 MB.
DRAM currently available =  376.363 MB.
Maximum ngspice program size = 2147.219 MB.
Current ngspice program size = 2128.742 MB.

Shared ngspice pages =   10.637 MB.
Text (code) pages =    5.461 MB.
Stack = 0 bytes.
Library pages = 2126.773 MB.

