
Note: Compatibility modes selected: hs a


Circuit: * num: 9 corner: sf vdd: 3.0 temp: 85

option SCALE: Scale is set to 1e-06 for instance and model parameters
option SCALE: Scale is set to 1e-06 for instance and model parameters
option SCALE: Scale is set to 1e-06 for instance and model parameters
option SCALE: Scale is set to 1e-06 for instance and model parameters
Warning: Model issue on line 0 :
  .model sky130_fd_pr__res_generic_m4 r tc1=    3.424000000000000e-03      ...
unrecognized parameter (tref) - ignored
Doing analysis at TEMP = 85.000000 and TNOM = 27.000000

Note: Starting dynamic gmin stepping
Trying gmin =   1.0000E-03 Note: One successful gmin step
Trying gmin =   1.0000E-04 Note: One successful gmin step
Trying gmin =   1.0000E-05 Note: One successful gmin step
Trying gmin =   1.0000E-06 Note: One successful gmin step
Trying gmin =   1.0000E-07 Note: One successful gmin step
Trying gmin =   1.0000E-08 Warning: Further gmin increment
Trying gmin =   5.6234E-08 Note: One successful gmin step
Trying gmin =   2.3714E-08 Note: One successful gmin step
Trying gmin =   6.4938E-09 Warning: Further gmin increment
Trying gmin =   1.7154E-08 Note: One successful gmin step
Trying gmin =   1.0554E-08 Note: One successful gmin step
Trying gmin =   5.0937E-09 Warning: Further gmin increment
Trying gmin =   8.7970E-09 Note: One successful gmin step
Trying gmin =   6.6940E-09 Note: One successful gmin step
Trying gmin =   4.4433E-09 Note: One successful gmin step
Trying gmin =   2.4029E-09 Note: One successful gmin step
Trying gmin =   9.5562E-10 Note: One successful gmin step
Trying gmin =   2.3967E-10 Note: One successful gmin step
Trying gmin =   3.0102E-11 Note: One successful gmin step
Trying gmin =   3.0102E-12 Note: One successful gmin step
Trying gmin =   1.0000E-12 Note: One successful gmin step
Note: Dynamic gmin stepping completed

Initial Transient Solution
--------------------------

Node                                   Voltage
----                                   -------
xdut.bpb                              0.763822
xdut.slice0.bpa_                        1.9179
avdd                                         3
en                                           3
xdut.slice1.bna_                      0.764728
avss                                         0
xdut.znp                              0.747845
xdut.bpa                                1.9179
xdut.bnb                               1.54827
xdut.zpp                               1.93293
xdut.bna                              0.764728
xdut.ypp                               2.87822
xdut.slice0.wp                         2.07506
xdut.znm                              0.774359
xdut.zpm                               1.92437
out                                    1.44989
xdut.ypm                               2.87815
xdut.xn                               0.658942
xdut.slice1.bpa_                        1.9179
xdut.slice0.wn                        0.603554
xdut.ynm                               0.11986
enb                                          0
xdut.slice1.wn                        0.603554
in                                        1.45
xdut.xp                                2.48709
xdut.slice0.bna_                      0.764728
xdut.ynp                              0.119838
xdut.slice1.wp                         2.07506
ibias                                  1.54827
out_                                       1.5
v_out#branch                      -1.00223e-05
v_enb#branch                                 0
v_en#branch                             -3e-12
v_in#branch                          -1.45e-12
v_avdd#branch                     -0.000256096
v_avss#branch                      3.28745e-08


No. of Data Rows : 136
ERROR: (internal)  This operation is not defined for display type PrinterOnly.
Can't open viewport for graphics.
binary raw file "../out/sp9.raw"
Doing analysis at TEMP = 85.000000 and TNOM = 27.000000

No. of Data Columns : 3  
Note: Starting dynamic gmin stepping
Trying gmin =   1.0000E-03 Note: One successful gmin step
Trying gmin =   1.0000E-04 Note: One successful gmin step
Trying gmin =   1.0000E-05 Note: One successful gmin step
Trying gmin =   1.0000E-06 Note: One successful gmin step
Trying gmin =   1.0000E-07 Note: One successful gmin step
Trying gmin =   1.0000E-08 Warning: Further gmin increment
Trying gmin =   5.6234E-08 Note: One successful gmin step
Trying gmin =   2.3714E-08 Note: One successful gmin step
Trying gmin =   6.4938E-09 Warning: Further gmin increment
Trying gmin =   1.7154E-08 Note: One successful gmin step
Trying gmin =   1.0554E-08 Note: One successful gmin step
Trying gmin =   5.0937E-09 Warning: Further gmin increment
Trying gmin =   8.7970E-09 Note: One successful gmin step
Trying gmin =   6.6940E-09 Note: One successful gmin step
Trying gmin =   4.4433E-09 Note: One successful gmin step
Trying gmin =   2.4029E-09 Note: One successful gmin step
Trying gmin =   9.5562E-10 Note: One successful gmin step
Trying gmin =   2.3967E-10 Note: One successful gmin step
Trying gmin =   3.0102E-11 Note: One successful gmin step
Trying gmin =   3.0102E-12 Note: One successful gmin step
Trying gmin =   1.0000E-12 Note: One successful gmin step
Note: Dynamic gmin stepping completed

Initial Transient Solution
--------------------------

Node                                   Voltage
----                                   -------
xdut.bpb                              0.763822
xdut.slice0.bpa_                        1.9179
avdd                                         3
en                                           3
xdut.slice1.bna_                      0.764728
avss                                         0
xdut.znp                              0.747845
xdut.bpa                                1.9179
xdut.bnb                               1.54827
xdut.zpp                               1.93293
xdut.bna                              0.764728
xdut.ypp                               2.87822
xdut.slice0.wp                         2.07506
xdut.znm                              0.774359
xdut.zpm                               1.92437
out                                    1.44989
xdut.ypm                               2.87815
xdut.xn                               0.658942
xdut.slice1.bpa_                        1.9179
xdut.slice0.wn                        0.603554
xdut.ynm                               0.11986
enb                                          0
xdut.slice1.wn                        0.603554
in                                        1.45
xdut.xp                                2.48709
xdut.slice0.bna_                      0.764728
xdut.ynp                              0.119838
xdut.slice1.wp                         2.07506
ibias                                  1.54827
out_                                       1.5
v_out#branch                      -1.00223e-05
v_enb#branch                                 0
v_en#branch                             -3e-12
v_in#branch                          -1.45e-12
v_avdd#branch                     -0.000256096
v_avss#branch                      3.28745e-08


No. of Data Rows : 136

Total analysis time (seconds) = 195.767

Total elapsed time (seconds) = 244.182 

Total DRAM available = 7841.875 MB.
DRAM currently available =  384.844 MB.
Maximum ngspice program size = 2146.883 MB.
Current ngspice program size = 2128.301 MB.

Shared ngspice pages =   10.531 MB.
Text (code) pages =    5.461 MB.
Stack = 0 bytes.
Library pages = 2126.438 MB.

