
Note: Compatibility modes selected: hs a

Warning: m=xx on .subckt line will override multiplier m hierarchy!


Circuit: * num: 11 corner: ll vdd: 3.0 temp: 85

option SCALE: Scale is set to 1e-06 for instance and model parameters
Doing analysis at TEMP = 85.000000 and TNOM = 27.000000

Note: include: has no value, DC 0 assumed
Note: Starting dynamic gmin stepping
Trying gmin =   1.0000E-03 Note: One successful gmin step
Trying gmin =   1.0000E-04 Note: One successful gmin step
Trying gmin =   1.0000E-05 Note: One successful gmin step
Trying gmin =   1.0000E-06 Warning: Further gmin increment
Trying gmin =   5.6234E-06 Note: One successful gmin step
Trying gmin =   2.3714E-06 Note: One successful gmin step
Trying gmin =   1.0000E-06 Note: One successful gmin step
Trying gmin =   4.2170E-07 Note: One successful gmin step
Trying gmin =   1.1548E-07 Warning: Further gmin increment
Trying gmin =   3.0505E-07 Note: One successful gmin step
Trying gmin =   1.8769E-07 Note: One successful gmin step
Trying gmin =   9.0580E-08 Note: One successful gmin step
Trying gmin =   3.0368E-08 Note: One successful gmin step
Trying gmin =   5.8953E-09 Warning: Further gmin increment
Trying gmin =   2.0158E-08 Note: One successful gmin step
Trying gmin =   1.0901E-08 Note: One successful gmin step
Trying gmin =   4.3353E-09 Warning: Further gmin increment
Trying gmin =   8.6569E-09 Warning: Further gmin increment
Trying gmin =   1.0291E-08 Note: One successful gmin step
Trying gmin =   9.4385E-09 Note: One successful gmin step
Trying gmin =   8.2907E-09 Warning: Further gmin increment
Trying gmin =   9.1375E-09 Note: One successful gmin step
Trying gmin =   8.7038E-09 Note: One successful gmin step
Trying gmin =   8.0916E-09 Note: One successful gmin step
Trying gmin =   7.2530E-09 Note: One successful gmin step
Trying gmin =   6.1553E-09 Note: One successful gmin step
Trying gmin =   4.8121E-09 Note: One successful gmin step
Trying gmin =   3.3264E-09 Note: One successful gmin step
Trying gmin =   1.9118E-09 Note: One successful gmin step
Trying gmin =   8.3295E-10 Note: One successful gmin step
Trying gmin =   2.3955E-10 Note: One successful gmin step
Trying gmin =   3.6946E-11 Note: One successful gmin step
Trying gmin =   3.6946E-12 Note: One successful gmin step
Trying gmin =   1.0000E-12 Note: One successful gmin step
Note: Dynamic gmin stepping completed

No. of Data Rows : 1
Doing analysis at TEMP = 85.000000 and TNOM = 27.000000

Note: include: has no value, DC 0 assumed
Note: Starting dynamic gmin stepping
Trying gmin =   1.0000E-03 Note: One successful gmin step
Trying gmin =   1.0000E-04 Note: One successful gmin step
Trying gmin =   1.0000E-05 Note: One successful gmin step
Trying gmin =   1.0000E-06 Warning: Further gmin increment
Trying gmin =   5.6234E-06 Note: One successful gmin step
Trying gmin =   2.3714E-06 Note: One successful gmin step
Trying gmin =   1.0000E-06 Note: One successful gmin step
Trying gmin =   4.2170E-07 Note: One successful gmin step
Trying gmin =   1.1548E-07 Warning: Further gmin increment
Trying gmin =   3.0505E-07 Note: One successful gmin step
Trying gmin =   1.8769E-07 Note: One successful gmin step
Trying gmin =   9.0580E-08 Note: One successful gmin step
Trying gmin =   3.0368E-08 Note: One successful gmin step
Trying gmin =   5.8953E-09 Warning: Further gmin increment
Trying gmin =   2.0158E-08 Note: One successful gmin step
Trying gmin =   1.0901E-08 Note: One successful gmin step
Trying gmin =   4.3353E-09 Warning: Further gmin increment
Trying gmin =   8.6569E-09 Warning: Further gmin increment
Trying gmin =   1.0291E-08 Note: One successful gmin step
Trying gmin =   9.4385E-09 Note: One successful gmin step
Trying gmin =   8.2907E-09 Warning: Further gmin increment
Trying gmin =   9.1375E-09 Note: One successful gmin step
Trying gmin =   8.7038E-09 Note: One successful gmin step
Trying gmin =   8.0916E-09 Note: One successful gmin step
Trying gmin =   7.2530E-09 Note: One successful gmin step
Trying gmin =   6.1553E-09 Note: One successful gmin step
Trying gmin =   4.8121E-09 Note: One successful gmin step
Trying gmin =   3.3264E-09 Note: One successful gmin step
Trying gmin =   1.9118E-09 Note: One successful gmin step
Trying gmin =   8.3295E-10 Note: One successful gmin step
Trying gmin =   2.3955E-10 Note: One successful gmin step
Trying gmin =   3.6946E-11 Note: One successful gmin step
Trying gmin =   3.6946E-12 Note: One successful gmin step
Trying gmin =   1.0000E-12 Note: One successful gmin step
Note: Dynamic gmin stepping completed

No. of Data Rows : 121
Doing analysis at TEMP = 85.000000 and TNOM = 27.000000

Note: include: has no value, DC 0 assumed
Note: Starting dynamic gmin stepping
Trying gmin =   1.0000E-03 Note: One successful gmin step
Trying gmin =   1.0000E-04 Note: One successful gmin step
Trying gmin =   1.0000E-05 Note: One successful gmin step
Trying gmin =   1.0000E-06 Warning: Further gmin increment
Trying gmin =   5.6234E-06 Note: One successful gmin step
Trying gmin =   2.3714E-06 Note: One successful gmin step
Trying gmin =   1.0000E-06 Note: One successful gmin step
Trying gmin =   4.2170E-07 Note: One successful gmin step
Trying gmin =   1.1548E-07 Warning: Further gmin increment
Trying gmin =   3.0505E-07 Note: One successful gmin step
Trying gmin =   1.8769E-07 Note: One successful gmin step
Trying gmin =   9.0580E-08 Note: One successful gmin step
Trying gmin =   3.0368E-08 Note: One successful gmin step
Trying gmin =   5.8953E-09 Warning: Further gmin increment
Trying gmin =   2.0158E-08 Note: One successful gmin step
Trying gmin =   1.0901E-08 Note: One successful gmin step
Trying gmin =   4.3353E-09 Warning: Further gmin increment
Trying gmin =   8.6569E-09 Warning: Further gmin increment
Trying gmin =   1.0291E-08 Note: One successful gmin step
Trying gmin =   9.4385E-09 Note: One successful gmin step
Trying gmin =   8.2907E-09 Warning: Further gmin increment
Trying gmin =   9.1375E-09 Note: One successful gmin step
Trying gmin =   8.7038E-09 Note: One successful gmin step
Trying gmin =   8.0916E-09 Note: One successful gmin step
Trying gmin =   7.2530E-09 Note: One successful gmin step
Trying gmin =   6.1553E-09 Note: One successful gmin step
Trying gmin =   4.8121E-09 Note: One successful gmin step
Trying gmin =   3.3264E-09 Note: One successful gmin step
Trying gmin =   1.9118E-09 Note: One successful gmin step
Trying gmin =   8.3295E-10 Note: One successful gmin step
Trying gmin =   2.3955E-10 Note: One successful gmin step
Trying gmin =   3.6946E-11 Note: One successful gmin step
Trying gmin =   3.6946E-12 Note: One successful gmin step
Trying gmin =   1.0000E-12 Note: One successful gmin step
Note: Dynamic gmin stepping completed

No. of Data Rows : 121
Doing analysis at TEMP = 85.000000 and TNOM = 27.000000

Note: include: has no value, DC 0 assumed
Note: Starting dynamic gmin stepping
Trying gmin =   1.0000E-03 Note: One successful gmin step
Trying gmin =   1.0000E-04 Note: One successful gmin step
Trying gmin =   1.0000E-05 Note: One successful gmin step
Trying gmin =   1.0000E-06 Warning: Further gmin increment
Trying gmin =   5.6234E-06 Note: One successful gmin step
Trying gmin =   2.3714E-06 Note: One successful gmin step
Trying gmin =   1.0000E-06 Note: One successful gmin step
Trying gmin =   4.2170E-07 Note: One successful gmin step
Trying gmin =   1.1548E-07 Warning: Further gmin increment
Trying gmin =   3.0505E-07 Note: One successful gmin step
Trying gmin =   1.8769E-07 Note: One successful gmin step
Trying gmin =   9.0580E-08 Note: One successful gmin step
Trying gmin =   3.0368E-08 Note: One successful gmin step
Trying gmin =   5.8953E-09 Warning: Further gmin increment
Trying gmin =   2.0158E-08 Note: One successful gmin step
Trying gmin =   1.0901E-08 Note: One successful gmin step
Trying gmin =   4.3353E-09 Warning: Further gmin increment
Trying gmin =   8.6569E-09 Warning: Further gmin increment
Trying gmin =   1.0291E-08 Note: One successful gmin step
Trying gmin =   9.4385E-09 Note: One successful gmin step
Trying gmin =   8.2907E-09 Warning: Further gmin increment
Trying gmin =   9.1375E-09 Note: One successful gmin step
Trying gmin =   8.7038E-09 Note: One successful gmin step
Trying gmin =   8.0916E-09 Note: One successful gmin step
Trying gmin =   7.2530E-09 Note: One successful gmin step
Trying gmin =   6.1553E-09 Note: One successful gmin step
Trying gmin =   4.8121E-09 Note: One successful gmin step
Trying gmin =   3.3264E-09 Note: One successful gmin step
Trying gmin =   1.9118E-09 Note: One successful gmin step
Trying gmin =   8.3295E-10 Note: One successful gmin step
Trying gmin =   2.3955E-10 Note: One successful gmin step
Trying gmin =   3.6946E-11 Note: One successful gmin step
Trying gmin =   3.6946E-12 Note: One successful gmin step
Trying gmin =   1.0000E-12 Note: One successful gmin step
Note: Dynamic gmin stepping completed

No. of Data Rows : 121
av0p1hz             =  1.097843e+02
gbw                 =  1.470756e+06
pm180               =  4.208782e+07
pm                  =  6.048756e+01
gm                  =  -4.717297e+01
cmrr0p1hz           =  1.435192e+02
psrr0p1hz           =  6.934591e+01
ERROR: (internal)  This operation is not defined for display type PrinterOnly.
Can't open viewport for graphics.
ERROR: (internal)  This operation is not defined for display type PrinterOnly.
Can't open viewport for graphics.
idd = -2.80083e-04
vos = -3.01907e-05
binary raw file "./out/{num}.raw"
Doing analysis at TEMP = 85.000000 and TNOM = 27.000000

Note: include: has no value, DC 0 assumed
OP information in rawfile.

Total analysis time (seconds) = 134.723

Total elapsed time (seconds) = 157.722 

Total DRAM available = 7841.945 MB.
DRAM currently available =  648.648 MB.
Maximum ngspice program size =  932.461 MB.
Current ngspice program size =  884.961 MB.

Shared ngspice pages =   10.965 MB.
Text (code) pages =    5.461 MB.
Stack = 0 bytes.
Library pages =  912.016 MB.

