
Note: Compatibility modes selected: hs a

Warning: m=xx on .subckt line will override multiplier m hierarchy!


Circuit: * num: 13 corner: ss vdd: 5.5 temp: -40

option SCALE: Scale is set to 1e-06 for instance and model parameters
Doing analysis at TEMP = -40.000000 and TNOM = 27.000000

Note: include: has no value, DC 0 assumed
Note: Starting dynamic gmin stepping
Trying gmin =   1.0000E-03 Note: One successful gmin step
Trying gmin =   1.0000E-04 Note: One successful gmin step
Trying gmin =   1.0000E-05 Note: One successful gmin step
Trying gmin =   1.0000E-06 Warning: Further gmin increment
Trying gmin =   5.6234E-06 Note: One successful gmin step
Trying gmin =   3.1623E-06 Note: One successful gmin step
Trying gmin =   1.3335E-06 Note: One successful gmin step
Trying gmin =   5.6234E-07 Note: One successful gmin step
Trying gmin =   1.5399E-07 Note: One successful gmin step
Trying gmin =   2.2067E-08 Note: One successful gmin step
Trying gmin =   8.3536E-09 Warning: Further gmin increment
Trying gmin =   1.7309E-08 Note: One successful gmin step
Trying gmin =   1.2025E-08 Note: One successful gmin step
Trying gmin =   6.9626E-09 Warning: Further gmin increment
Trying gmin =   1.0489E-08 Note: One successful gmin step
Trying gmin =   8.5460E-09 Warning: Further gmin increment
Trying gmin =   9.9656E-09 Note: One successful gmin step
Trying gmin =   9.2286E-09 Note: One successful gmin step
Trying gmin =   8.2239E-09 Note: One successful gmin step
Trying gmin =   6.9182E-09 Warning: Further gmin increment
Trying gmin =   7.8760E-09 Note: One successful gmin step
Trying gmin =   7.3816E-09 Warning: Further gmin increment
Trying gmin =   7.7494E-09 Note: One successful gmin step
Trying gmin =   7.5632E-09 Note: One successful gmin step
Trying gmin =   7.2924E-09 Note: One successful gmin step
Trying gmin =   6.9042E-09 Note: One successful gmin step
Trying gmin =   6.3603E-09 Warning: Further gmin increment
Trying gmin =   6.7640E-09 Note: One successful gmin step
Trying gmin =   6.5590E-09 Note: One successful gmin step
Trying gmin =   6.2632E-09 Note: One successful gmin step
Trying gmin =   5.9807E-09 Note: One successful gmin step
Trying gmin =   5.5806E-09 Note: One successful gmin step
Trying gmin =   5.0301E-09 Note: One successful gmin step
Trying gmin =   4.3046E-09 Note: One successful gmin step
Trying gmin =   3.4076E-09 Note: One successful gmin step
Trying gmin =   2.4001E-09 Note: One successful gmin step
Trying gmin =   1.4187E-09 Note: One successful gmin step
Trying gmin =   6.4478E-10 Note: One successful gmin step
Trying gmin =   1.9755E-10 Note: One successful gmin step
Trying gmin =   3.3502E-11 Note: One successful gmin step
Trying gmin =   3.3502E-12 Note: One successful gmin step
Trying gmin =   1.0000E-12 Note: One successful gmin step
Note: Dynamic gmin stepping completed

No. of Data Rows : 1
Doing analysis at TEMP = -40.000000 and TNOM = 27.000000

Note: include: has no value, DC 0 assumed
Note: Starting dynamic gmin stepping
Trying gmin =   1.0000E-03 Note: One successful gmin step
Trying gmin =   1.0000E-04 Note: One successful gmin step
Trying gmin =   1.0000E-05 Note: One successful gmin step
Trying gmin =   1.0000E-06 Warning: Further gmin increment
Trying gmin =   5.6234E-06 Note: One successful gmin step
Trying gmin =   3.1623E-06 Note: One successful gmin step
Trying gmin =   1.3335E-06 Note: One successful gmin step
Trying gmin =   5.6234E-07 Note: One successful gmin step
Trying gmin =   1.5399E-07 Note: One successful gmin step
Trying gmin =   2.2067E-08 Note: One successful gmin step
Trying gmin =   8.3536E-09 Warning: Further gmin increment
Trying gmin =   1.7309E-08 Note: One successful gmin step
Trying gmin =   1.2025E-08 Note: One successful gmin step
Trying gmin =   6.9626E-09 Warning: Further gmin increment
Trying gmin =   1.0489E-08 Note: One successful gmin step
Trying gmin =   8.5460E-09 Warning: Further gmin increment
Trying gmin =   9.9656E-09 Note: One successful gmin step
Trying gmin =   9.2286E-09 Note: One successful gmin step
Trying gmin =   8.2239E-09 Note: One successful gmin step
Trying gmin =   6.9182E-09 Warning: Further gmin increment
Trying gmin =   7.8760E-09 Note: One successful gmin step
Trying gmin =   7.3816E-09 Warning: Further gmin increment
Trying gmin =   7.7494E-09 Note: One successful gmin step
Trying gmin =   7.5632E-09 Note: One successful gmin step
Trying gmin =   7.2924E-09 Note: One successful gmin step
Trying gmin =   6.9042E-09 Note: One successful gmin step
Trying gmin =   6.3603E-09 Warning: Further gmin increment
Trying gmin =   6.7640E-09 Note: One successful gmin step
Trying gmin =   6.5590E-09 Note: One successful gmin step
Trying gmin =   6.2632E-09 Note: One successful gmin step
Trying gmin =   5.9807E-09 Note: One successful gmin step
Trying gmin =   5.5806E-09 Note: One successful gmin step
Trying gmin =   5.0301E-09 Note: One successful gmin step
Trying gmin =   4.3046E-09 Note: One successful gmin step
Trying gmin =   3.4076E-09 Note: One successful gmin step
Trying gmin =   2.4001E-09 Note: One successful gmin step
Trying gmin =   1.4187E-09 Note: One successful gmin step
Trying gmin =   6.4478E-10 Note: One successful gmin step
Trying gmin =   1.9755E-10 Note: One successful gmin step
Trying gmin =   3.3502E-11 Note: One successful gmin step
Trying gmin =   3.3502E-12 Note: One successful gmin step
Trying gmin =   1.0000E-12 Note: One successful gmin step
Note: Dynamic gmin stepping completed

No. of Data Rows : 121
Doing analysis at TEMP = -40.000000 and TNOM = 27.000000

Note: include: has no value, DC 0 assumed
Note: Starting dynamic gmin stepping
Trying gmin =   1.0000E-03 Note: One successful gmin step
Trying gmin =   1.0000E-04 Note: One successful gmin step
Trying gmin =   1.0000E-05 Note: One successful gmin step
Trying gmin =   1.0000E-06 Warning: Further gmin increment
Trying gmin =   5.6234E-06 Note: One successful gmin step
Trying gmin =   3.1623E-06 Note: One successful gmin step
Trying gmin =   1.3335E-06 Note: One successful gmin step
Trying gmin =   5.6234E-07 Note: One successful gmin step
Trying gmin =   1.5399E-07 Note: One successful gmin step
Trying gmin =   2.2067E-08 Note: One successful gmin step
Trying gmin =   8.3536E-09 Warning: Further gmin increment
Trying gmin =   1.7309E-08 Note: One successful gmin step
Trying gmin =   1.2025E-08 Note: One successful gmin step
Trying gmin =   6.9626E-09 Warning: Further gmin increment
Trying gmin =   1.0489E-08 Note: One successful gmin step
Trying gmin =   8.5460E-09 Warning: Further gmin increment
Trying gmin =   9.9656E-09 Note: One successful gmin step
Trying gmin =   9.2286E-09 Note: One successful gmin step
Trying gmin =   8.2239E-09 Note: One successful gmin step
Trying gmin =   6.9182E-09 Warning: Further gmin increment
Trying gmin =   7.8760E-09 Note: One successful gmin step
Trying gmin =   7.3816E-09 Warning: Further gmin increment
Trying gmin =   7.7494E-09 Note: One successful gmin step
Trying gmin =   7.5632E-09 Note: One successful gmin step
Trying gmin =   7.2924E-09 Note: One successful gmin step
Trying gmin =   6.9042E-09 Note: One successful gmin step
Trying gmin =   6.3603E-09 Warning: Further gmin increment
Trying gmin =   6.7640E-09 Note: One successful gmin step
Trying gmin =   6.5590E-09 Note: One successful gmin step
Trying gmin =   6.2632E-09 Note: One successful gmin step
Trying gmin =   5.9807E-09 Note: One successful gmin step
Trying gmin =   5.5806E-09 Note: One successful gmin step
Trying gmin =   5.0301E-09 Note: One successful gmin step
Trying gmin =   4.3046E-09 Note: One successful gmin step
Trying gmin =   3.4076E-09 Note: One successful gmin step
Trying gmin =   2.4001E-09 Note: One successful gmin step
Trying gmin =   1.4187E-09 Note: One successful gmin step
Trying gmin =   6.4478E-10 Note: One successful gmin step
Trying gmin =   1.9755E-10 Note: One successful gmin step
Trying gmin =   3.3502E-11 Note: One successful gmin step
Trying gmin =   3.3502E-12 Note: One successful gmin step
Trying gmin =   1.0000E-12 Note: One successful gmin step
Note: Dynamic gmin stepping completed

No. of Data Rows : 121
Doing analysis at TEMP = -40.000000 and TNOM = 27.000000

Note: include: has no value, DC 0 assumed
Note: Starting dynamic gmin stepping
Trying gmin =   1.0000E-03 Note: One successful gmin step
Trying gmin =   1.0000E-04 Note: One successful gmin step
Trying gmin =   1.0000E-05 Note: One successful gmin step
Trying gmin =   1.0000E-06 Warning: Further gmin increment
Trying gmin =   5.6234E-06 Note: One successful gmin step
Trying gmin =   3.1623E-06 Note: One successful gmin step
Trying gmin =   1.3335E-06 Note: One successful gmin step
Trying gmin =   5.6234E-07 Note: One successful gmin step
Trying gmin =   1.5399E-07 Note: One successful gmin step
Trying gmin =   2.2067E-08 Note: One successful gmin step
Trying gmin =   8.3536E-09 Warning: Further gmin increment
Trying gmin =   1.7309E-08 Note: One successful gmin step
Trying gmin =   1.2025E-08 Note: One successful gmin step
Trying gmin =   6.9626E-09 Warning: Further gmin increment
Trying gmin =   1.0489E-08 Note: One successful gmin step
Trying gmin =   8.5460E-09 Warning: Further gmin increment
Trying gmin =   9.9656E-09 Note: One successful gmin step
Trying gmin =   9.2286E-09 Note: One successful gmin step
Trying gmin =   8.2239E-09 Note: One successful gmin step
Trying gmin =   6.9182E-09 Warning: Further gmin increment
Trying gmin =   7.8760E-09 Note: One successful gmin step
Trying gmin =   7.3816E-09 Warning: Further gmin increment
Trying gmin =   7.7494E-09 Note: One successful gmin step
Trying gmin =   7.5632E-09 Note: One successful gmin step
Trying gmin =   7.2924E-09 Note: One successful gmin step
Trying gmin =   6.9042E-09 Note: One successful gmin step
Trying gmin =   6.3603E-09 Warning: Further gmin increment
Trying gmin =   6.7640E-09 Note: One successful gmin step
Trying gmin =   6.5590E-09 Note: One successful gmin step
Trying gmin =   6.2632E-09 Note: One successful gmin step
Trying gmin =   5.9807E-09 Note: One successful gmin step
Trying gmin =   5.5806E-09 Note: One successful gmin step
Trying gmin =   5.0301E-09 Note: One successful gmin step
Trying gmin =   4.3046E-09 Note: One successful gmin step
Trying gmin =   3.4076E-09 Note: One successful gmin step
Trying gmin =   2.4001E-09 Note: One successful gmin step
Trying gmin =   1.4187E-09 Note: One successful gmin step
Trying gmin =   6.4478E-10 Note: One successful gmin step
Trying gmin =   1.9755E-10 Note: One successful gmin step
Trying gmin =   3.3502E-11 Note: One successful gmin step
Trying gmin =   3.3502E-12 Note: One successful gmin step
Trying gmin =   1.0000E-12 Note: One successful gmin step
Note: Dynamic gmin stepping completed

No. of Data Rows : 121
av0p1hz             =  1.370302e+02
gbw                 =  1.989881e+06
pm180               =  5.860390e+07
pm                  =  6.155999e+01
gm                  =  -4.641527e+01
cmrr0p1hz           =  1.440200e+02
psrr0p1hz           =  9.022206e+01
ERROR: (internal)  This operation is not defined for display type PrinterOnly.
Can't open viewport for graphics.
ERROR: (internal)  This operation is not defined for display type PrinterOnly.
Can't open viewport for graphics.
idd = -3.08445e-04
vos = 1.795282e-04
binary raw file "./out/{num}.raw"
Doing analysis at TEMP = -40.000000 and TNOM = 27.000000

Note: include: has no value, DC 0 assumed
OP information in rawfile.

Total analysis time (seconds) = 152.591

Total elapsed time (seconds) = 178.061 

Total DRAM available = 7841.945 MB.
DRAM currently available =  662.496 MB.
Maximum ngspice program size =  932.516 MB.
Current ngspice program size =  884.836 MB.

Shared ngspice pages =   10.832 MB.
Text (code) pages =    5.461 MB.
Stack = 0 bytes.
Library pages =  912.070 MB.

