
Note: Compatibility modes selected: hs a

Warning: m=xx on .subckt line will override multiplier m hierarchy!


Circuit: * num: 14 corner: ff vdd: 5.5 temp: -40

option SCALE: Scale is set to 1e-06 for instance and model parameters
Doing analysis at TEMP = -40.000000 and TNOM = 27.000000

Note: include: has no value, DC 0 assumed
Note: Starting dynamic gmin stepping
Trying gmin =   1.0000E-03 Note: One successful gmin step
Trying gmin =   1.0000E-04 Note: One successful gmin step
Trying gmin =   1.0000E-05 Note: One successful gmin step
Trying gmin =   1.0000E-06 Warning: Further gmin increment
Trying gmin =   5.6234E-06 Note: One successful gmin step
Trying gmin =   3.1623E-06 Note: One successful gmin step
Trying gmin =   1.3335E-06 Note: One successful gmin step
Trying gmin =   5.6234E-07 Note: One successful gmin step
Trying gmin =   1.5399E-07 Note: One successful gmin step
Trying gmin =   2.2067E-08 Warning: Further gmin increment
Trying gmin =   9.4746E-08 Note: One successful gmin step
Trying gmin =   4.5725E-08 Note: One successful gmin step
Trying gmin =   1.5330E-08 Note: One successful gmin step
Trying gmin =   2.9760E-09 Warning: Further gmin increment
Trying gmin =   1.0176E-08 Warning: Further gmin increment
Trying gmin =   1.3837E-08 Note: One successful gmin step
Trying gmin =   1.1866E-08 Note: One successful gmin step
Trying gmin =   9.4232E-09 Note: One successful gmin step
Trying gmin =   7.4832E-09 Warning: Further gmin increment
Trying gmin =   8.8955E-09 Note: One successful gmin step
Trying gmin =   8.1588E-09 Warning: Further gmin increment
Trying gmin =   8.7053E-09 Note: One successful gmin step
Trying gmin =   8.4276E-09 Note: One successful gmin step
Trying gmin =   8.0276E-09 Warning: Further gmin increment
Trying gmin =   8.3258E-09 Note: One successful gmin step
Trying gmin =   8.1754E-09 Note: One successful gmin step
Trying gmin =   7.9548E-09 Note: One successful gmin step
Trying gmin =   7.6350E-09 Note: One successful gmin step
Trying gmin =   7.1793E-09 Note: One successful gmin step
Trying gmin =   6.5463E-09 Warning: Further gmin increment
Trying gmin =   7.0155E-09 Note: One successful gmin step
Trying gmin =   6.7768E-09 Note: One successful gmin step
Trying gmin =   6.4339E-09 Warning: Further gmin increment
Trying gmin =   6.6894E-09 Note: One successful gmin step
Trying gmin =   6.5604E-09 Note: One successful gmin step
Trying gmin =   6.3716E-09 Note: One successful gmin step
Trying gmin =   6.0985E-09 Note: One successful gmin step
Trying gmin =   5.7106E-09 Note: One successful gmin step
Trying gmin =   5.1745E-09 Note: One successful gmin step
Trying gmin =   4.4632E-09 Note: One successful gmin step
Trying gmin =   3.5754E-09 Note: One successful gmin step
Trying gmin =   2.5635E-09 Note: One successful gmin step
Trying gmin =   1.5563E-09 Note: One successful gmin step
Trying gmin =   7.3622E-10 Note: One successful gmin step
Trying gmin =   2.3953E-10 Note: One successful gmin step
Trying gmin =   4.4451E-11 Note: One successful gmin step
Trying gmin =   4.4451E-12 Note: One successful gmin step
Trying gmin =   1.0000E-12 Note: One successful gmin step
Note: Dynamic gmin stepping completed

No. of Data Rows : 1
Doing analysis at TEMP = -40.000000 and TNOM = 27.000000

Note: include: has no value, DC 0 assumed
Note: Starting dynamic gmin stepping
Trying gmin =   1.0000E-03 Note: One successful gmin step
Trying gmin =   1.0000E-04 Note: One successful gmin step
Trying gmin =   1.0000E-05 Note: One successful gmin step
Trying gmin =   1.0000E-06 Warning: Further gmin increment
Trying gmin =   5.6234E-06 Note: One successful gmin step
Trying gmin =   3.1623E-06 Note: One successful gmin step
Trying gmin =   1.3335E-06 Note: One successful gmin step
Trying gmin =   5.6234E-07 Note: One successful gmin step
Trying gmin =   1.5399E-07 Note: One successful gmin step
Trying gmin =   2.2067E-08 Warning: Further gmin increment
Trying gmin =   9.4746E-08 Note: One successful gmin step
Trying gmin =   4.5725E-08 Note: One successful gmin step
Trying gmin =   1.5330E-08 Note: One successful gmin step
Trying gmin =   2.9760E-09 Warning: Further gmin increment
Trying gmin =   1.0176E-08 Warning: Further gmin increment
Trying gmin =   1.3837E-08 Note: One successful gmin step
Trying gmin =   1.1866E-08 Note: One successful gmin step
Trying gmin =   9.4232E-09 Note: One successful gmin step
Trying gmin =   7.4832E-09 Warning: Further gmin increment
Trying gmin =   8.8955E-09 Note: One successful gmin step
Trying gmin =   8.1588E-09 Warning: Further gmin increment
Trying gmin =   8.7053E-09 Note: One successful gmin step
Trying gmin =   8.4276E-09 Note: One successful gmin step
Trying gmin =   8.0276E-09 Warning: Further gmin increment
Trying gmin =   8.3258E-09 Note: One successful gmin step
Trying gmin =   8.1754E-09 Note: One successful gmin step
Trying gmin =   7.9548E-09 Note: One successful gmin step
Trying gmin =   7.6350E-09 Note: One successful gmin step
Trying gmin =   7.1793E-09 Note: One successful gmin step
Trying gmin =   6.5463E-09 Warning: Further gmin increment
Trying gmin =   7.0155E-09 Note: One successful gmin step
Trying gmin =   6.7768E-09 Note: One successful gmin step
Trying gmin =   6.4339E-09 Warning: Further gmin increment
Trying gmin =   6.6894E-09 Note: One successful gmin step
Trying gmin =   6.5604E-09 Note: One successful gmin step
Trying gmin =   6.3716E-09 Note: One successful gmin step
Trying gmin =   6.0985E-09 Note: One successful gmin step
Trying gmin =   5.7106E-09 Note: One successful gmin step
Trying gmin =   5.1745E-09 Note: One successful gmin step
Trying gmin =   4.4632E-09 Note: One successful gmin step
Trying gmin =   3.5754E-09 Note: One successful gmin step
Trying gmin =   2.5635E-09 Note: One successful gmin step
Trying gmin =   1.5563E-09 Note: One successful gmin step
Trying gmin =   7.3622E-10 Note: One successful gmin step
Trying gmin =   2.3953E-10 Note: One successful gmin step
Trying gmin =   4.4451E-11 Note: One successful gmin step
Trying gmin =   4.4451E-12 Note: One successful gmin step
Trying gmin =   1.0000E-12 Note: One successful gmin step
Note: Dynamic gmin stepping completed

No. of Data Rows : 121
Doing analysis at TEMP = -40.000000 and TNOM = 27.000000

Note: include: has no value, DC 0 assumed
Note: Starting dynamic gmin stepping
Trying gmin =   1.0000E-03 Note: One successful gmin step
Trying gmin =   1.0000E-04 Note: One successful gmin step
Trying gmin =   1.0000E-05 Note: One successful gmin step
Trying gmin =   1.0000E-06 Warning: Further gmin increment
Trying gmin =   5.6234E-06 Note: One successful gmin step
Trying gmin =   3.1623E-06 Note: One successful gmin step
Trying gmin =   1.3335E-06 Note: One successful gmin step
Trying gmin =   5.6234E-07 Note: One successful gmin step
Trying gmin =   1.5399E-07 Note: One successful gmin step
Trying gmin =   2.2067E-08 Warning: Further gmin increment
Trying gmin =   9.4746E-08 Note: One successful gmin step
Trying gmin =   4.5725E-08 Note: One successful gmin step
Trying gmin =   1.5330E-08 Note: One successful gmin step
Trying gmin =   2.9760E-09 Warning: Further gmin increment
Trying gmin =   1.0176E-08 Warning: Further gmin increment
Trying gmin =   1.3837E-08 Note: One successful gmin step
Trying gmin =   1.1866E-08 Note: One successful gmin step
Trying gmin =   9.4232E-09 Note: One successful gmin step
Trying gmin =   7.4832E-09 Warning: Further gmin increment
Trying gmin =   8.8955E-09 Note: One successful gmin step
Trying gmin =   8.1588E-09 Warning: Further gmin increment
Trying gmin =   8.7053E-09 Note: One successful gmin step
Trying gmin =   8.4276E-09 Note: One successful gmin step
Trying gmin =   8.0276E-09 Warning: Further gmin increment
Trying gmin =   8.3258E-09 Note: One successful gmin step
Trying gmin =   8.1754E-09 Note: One successful gmin step
Trying gmin =   7.9548E-09 Note: One successful gmin step
Trying gmin =   7.6350E-09 Note: One successful gmin step
Trying gmin =   7.1793E-09 Note: One successful gmin step
Trying gmin =   6.5463E-09 Warning: Further gmin increment
Trying gmin =   7.0155E-09 Note: One successful gmin step
Trying gmin =   6.7768E-09 Note: One successful gmin step
Trying gmin =   6.4339E-09 Warning: Further gmin increment
Trying gmin =   6.6894E-09 Note: One successful gmin step
Trying gmin =   6.5604E-09 Note: One successful gmin step
Trying gmin =   6.3716E-09 Note: One successful gmin step
Trying gmin =   6.0985E-09 Note: One successful gmin step
Trying gmin =   5.7106E-09 Note: One successful gmin step
Trying gmin =   5.1745E-09 Note: One successful gmin step
Trying gmin =   4.4632E-09 Note: One successful gmin step
Trying gmin =   3.5754E-09 Note: One successful gmin step
Trying gmin =   2.5635E-09 Note: One successful gmin step
Trying gmin =   1.5563E-09 Note: One successful gmin step
Trying gmin =   7.3622E-10 Note: One successful gmin step
Trying gmin =   2.3953E-10 Note: One successful gmin step
Trying gmin =   4.4451E-11 Note: One successful gmin step
Trying gmin =   4.4451E-12 Note: One successful gmin step
Trying gmin =   1.0000E-12 Note: One successful gmin step
Note: Dynamic gmin stepping completed

No. of Data Rows : 121
Doing analysis at TEMP = -40.000000 and TNOM = 27.000000

Note: include: has no value, DC 0 assumed
Note: Starting dynamic gmin stepping
Trying gmin =   1.0000E-03 Note: One successful gmin step
Trying gmin =   1.0000E-04 Note: One successful gmin step
Trying gmin =   1.0000E-05 Note: One successful gmin step
Trying gmin =   1.0000E-06 Warning: Further gmin increment
Trying gmin =   5.6234E-06 Note: One successful gmin step
Trying gmin =   3.1623E-06 Note: One successful gmin step
Trying gmin =   1.3335E-06 Note: One successful gmin step
Trying gmin =   5.6234E-07 Note: One successful gmin step
Trying gmin =   1.5399E-07 Note: One successful gmin step
Trying gmin =   2.2067E-08 Warning: Further gmin increment
Trying gmin =   9.4746E-08 Note: One successful gmin step
Trying gmin =   4.5725E-08 Note: One successful gmin step
Trying gmin =   1.5330E-08 Note: One successful gmin step
Trying gmin =   2.9760E-09 Warning: Further gmin increment
Trying gmin =   1.0176E-08 Warning: Further gmin increment
Trying gmin =   1.3837E-08 Note: One successful gmin step
Trying gmin =   1.1866E-08 Note: One successful gmin step
Trying gmin =   9.4232E-09 Note: One successful gmin step
Trying gmin =   7.4832E-09 Warning: Further gmin increment
Trying gmin =   8.8955E-09 Note: One successful gmin step
Trying gmin =   8.1588E-09 Warning: Further gmin increment
Trying gmin =   8.7053E-09 Note: One successful gmin step
Trying gmin =   8.4276E-09 Note: One successful gmin step
Trying gmin =   8.0276E-09 Warning: Further gmin increment
Trying gmin =   8.3258E-09 Note: One successful gmin step
Trying gmin =   8.1754E-09 Note: One successful gmin step
Trying gmin =   7.9548E-09 Note: One successful gmin step
Trying gmin =   7.6350E-09 Note: One successful gmin step
Trying gmin =   7.1793E-09 Note: One successful gmin step
Trying gmin =   6.5463E-09 Warning: Further gmin increment
Trying gmin =   7.0155E-09 Note: One successful gmin step
Trying gmin =   6.7768E-09 Note: One successful gmin step
Trying gmin =   6.4339E-09 Warning: Further gmin increment
Trying gmin =   6.6894E-09 Note: One successful gmin step
Trying gmin =   6.5604E-09 Note: One successful gmin step
Trying gmin =   6.3716E-09 Note: One successful gmin step
Trying gmin =   6.0985E-09 Note: One successful gmin step
Trying gmin =   5.7106E-09 Note: One successful gmin step
Trying gmin =   5.1745E-09 Note: One successful gmin step
Trying gmin =   4.4632E-09 Note: One successful gmin step
Trying gmin =   3.5754E-09 Note: One successful gmin step
Trying gmin =   2.5635E-09 Note: One successful gmin step
Trying gmin =   1.5563E-09 Note: One successful gmin step
Trying gmin =   7.3622E-10 Note: One successful gmin step
Trying gmin =   2.3953E-10 Note: One successful gmin step
Trying gmin =   4.4451E-11 Note: One successful gmin step
Trying gmin =   4.4451E-12 Note: One successful gmin step
Trying gmin =   1.0000E-12 Note: One successful gmin step
Note: Dynamic gmin stepping completed

No. of Data Rows : 121
av0p1hz             =  1.171311e+02
gbw                 =  2.123836e+06
pm180               =  6.340407e+07
pm                  =  6.236036e+01
gm                  =  -4.602793e+01
cmrr0p1hz           =  1.157170e+02
psrr0p1hz           =  1.240178e+02
ERROR: (internal)  This operation is not defined for display type PrinterOnly.
Can't open viewport for graphics.
ERROR: (internal)  This operation is not defined for display type PrinterOnly.
Can't open viewport for graphics.
idd = -3.16563e-04
vos = 2.153070e-04
binary raw file "./out/{num}.raw"
Doing analysis at TEMP = -40.000000 and TNOM = 27.000000

Note: include: has no value, DC 0 assumed
OP information in rawfile.

Total analysis time (seconds) = 162.226

Total elapsed time (seconds) = 186.277 

Total DRAM available = 7841.945 MB.
DRAM currently available =  663.863 MB.
Maximum ngspice program size =  932.750 MB.
Current ngspice program size =  885.188 MB.

Shared ngspice pages =   10.953 MB.
Text (code) pages =    5.461 MB.
Stack = 0 bytes.
Library pages =  912.305 MB.

