
Note: Compatibility modes selected: hs a


Circuit: * num: 17 corner: ll vdd: 5.5 temp: -40

option SCALE: Scale is set to 1e-06 for instance and model parameters
option SCALE: Scale is set to 1e-06 for instance and model parameters
option SCALE: Scale is set to 1e-06 for instance and model parameters
option SCALE: Scale is set to 1e-06 for instance and model parameters
Doing analysis at TEMP = -40.000000 and TNOM = 27.000000

Note: Starting dynamic gmin stepping
Trying gmin =   1.0000E-03 Note: One successful gmin step
Trying gmin =   1.0000E-04 Note: One successful gmin step
Trying gmin =   1.0000E-05 Note: One successful gmin step
Trying gmin =   1.0000E-06 Warning: Further gmin increment
Trying gmin =   5.6234E-06 Note: One successful gmin step
Trying gmin =   2.3714E-06 Note: One successful gmin step
Trying gmin =   6.4938E-07 Note: One successful gmin step
Trying gmin =   1.7783E-07 Note: One successful gmin step
Trying gmin =   2.5483E-08 Warning: Further gmin increment
Trying gmin =   1.0941E-07 Note: One successful gmin step
Trying gmin =   5.2803E-08 Note: One successful gmin step
Trying gmin =   1.7703E-08 Note: One successful gmin step
Trying gmin =   3.4366E-09 Warning: Further gmin increment
Trying gmin =   1.1751E-08 Note: One successful gmin step
Trying gmin =   6.3548E-09 Warning: Further gmin increment
Trying gmin =   1.0077E-08 Note: One successful gmin step
Trying gmin =   8.0023E-09 Note: One successful gmin step
Trying gmin =   5.6630E-09 Warning: Further gmin increment
Trying gmin =   7.3396E-09 Note: One successful gmin step
Trying gmin =   6.4470E-09 Note: One successful gmin step
Trying gmin =   5.3075E-09 Warning: Further gmin increment
Trying gmin =   6.1410E-09 Note: One successful gmin step
Trying gmin =   5.7090E-09 Note: One successful gmin step
Trying gmin =   5.1174E-09 Note: One successful gmin step
Trying gmin =   4.3429E-09 Note: One successful gmin step
Trying gmin =   3.3952E-09 Note: One successful gmin step
Trying gmin =   2.3470E-09 Note: One successful gmin step
Trying gmin =   1.3489E-09 Note: One successful gmin step
Trying gmin =   5.8770E-10 Note: One successful gmin step
Trying gmin =   1.6902E-10 Note: One successful gmin step
Trying gmin =   2.6068E-11 Note: One successful gmin step
Trying gmin =   2.6068E-12 Note: One successful gmin step
Trying gmin =   1.0000E-12 Note: One successful gmin step
Note: Dynamic gmin stepping completed

No. of Data Rows : 1
Doing analysis at TEMP = -40.000000 and TNOM = 27.000000

Note: Starting dynamic gmin stepping
Trying gmin =   1.0000E-03 Note: One successful gmin step
Trying gmin =   1.0000E-04 Note: One successful gmin step
Trying gmin =   1.0000E-05 Note: One successful gmin step
Trying gmin =   1.0000E-06 Warning: Further gmin increment
Trying gmin =   5.6234E-06 Note: One successful gmin step
Trying gmin =   2.3714E-06 Note: One successful gmin step
Trying gmin =   6.4938E-07 Note: One successful gmin step
Trying gmin =   1.7783E-07 Note: One successful gmin step
Trying gmin =   2.5483E-08 Warning: Further gmin increment
Trying gmin =   1.0941E-07 Note: One successful gmin step
Trying gmin =   5.2803E-08 Note: One successful gmin step
Trying gmin =   1.7703E-08 Note: One successful gmin step
Trying gmin =   3.4366E-09 Warning: Further gmin increment
Trying gmin =   1.1751E-08 Note: One successful gmin step
Trying gmin =   6.3548E-09 Warning: Further gmin increment
Trying gmin =   1.0077E-08 Note: One successful gmin step
Trying gmin =   8.0023E-09 Note: One successful gmin step
Trying gmin =   5.6630E-09 Warning: Further gmin increment
Trying gmin =   7.3396E-09 Note: One successful gmin step
Trying gmin =   6.4470E-09 Note: One successful gmin step
Trying gmin =   5.3075E-09 Warning: Further gmin increment
Trying gmin =   6.1410E-09 Note: One successful gmin step
Trying gmin =   5.7090E-09 Note: One successful gmin step
Trying gmin =   5.1174E-09 Note: One successful gmin step
Trying gmin =   4.3429E-09 Note: One successful gmin step
Trying gmin =   3.3952E-09 Note: One successful gmin step
Trying gmin =   2.3470E-09 Note: One successful gmin step
Trying gmin =   1.3489E-09 Note: One successful gmin step
Trying gmin =   5.8770E-10 Note: One successful gmin step
Trying gmin =   1.6902E-10 Note: One successful gmin step
Trying gmin =   2.6068E-11 Note: One successful gmin step
Trying gmin =   2.6068E-12 Note: One successful gmin step
Trying gmin =   1.0000E-12 Note: One successful gmin step
Note: Dynamic gmin stepping completed

No. of Data Rows : 121
Doing analysis at TEMP = -40.000000 and TNOM = 27.000000

Note: Starting dynamic gmin stepping
Trying gmin =   1.0000E-03 Note: One successful gmin step
Trying gmin =   1.0000E-04 Note: One successful gmin step
Trying gmin =   1.0000E-05 Note: One successful gmin step
Trying gmin =   1.0000E-06 Warning: Further gmin increment
Trying gmin =   5.6234E-06 Note: One successful gmin step
Trying gmin =   2.3714E-06 Note: One successful gmin step
Trying gmin =   6.4938E-07 Note: One successful gmin step
Trying gmin =   1.7783E-07 Note: One successful gmin step
Trying gmin =   2.5483E-08 Warning: Further gmin increment
Trying gmin =   1.0941E-07 Note: One successful gmin step
Trying gmin =   5.2803E-08 Note: One successful gmin step
Trying gmin =   1.7703E-08 Note: One successful gmin step
Trying gmin =   3.4366E-09 Warning: Further gmin increment
Trying gmin =   1.1751E-08 Note: One successful gmin step
Trying gmin =   6.3548E-09 Warning: Further gmin increment
Trying gmin =   1.0077E-08 Note: One successful gmin step
Trying gmin =   8.0023E-09 Note: One successful gmin step
Trying gmin =   5.6630E-09 Warning: Further gmin increment
Trying gmin =   7.3396E-09 Note: One successful gmin step
Trying gmin =   6.4470E-09 Note: One successful gmin step
Trying gmin =   5.3075E-09 Warning: Further gmin increment
Trying gmin =   6.1410E-09 Note: One successful gmin step
Trying gmin =   5.7090E-09 Note: One successful gmin step
Trying gmin =   5.1174E-09 Note: One successful gmin step
Trying gmin =   4.3429E-09 Note: One successful gmin step
Trying gmin =   3.3952E-09 Note: One successful gmin step
Trying gmin =   2.3470E-09 Note: One successful gmin step
Trying gmin =   1.3489E-09 Note: One successful gmin step
Trying gmin =   5.8770E-10 Note: One successful gmin step
Trying gmin =   1.6902E-10 Note: One successful gmin step
Trying gmin =   2.6068E-11 Note: One successful gmin step
Trying gmin =   2.6068E-12 Note: One successful gmin step
Trying gmin =   1.0000E-12 Note: One successful gmin step
Note: Dynamic gmin stepping completed

No. of Data Rows : 121
Doing analysis at TEMP = -40.000000 and TNOM = 27.000000

Note: Starting dynamic gmin stepping
Trying gmin =   1.0000E-03 Note: One successful gmin step
Trying gmin =   1.0000E-04 Note: One successful gmin step
Trying gmin =   1.0000E-05 Note: One successful gmin step
Trying gmin =   1.0000E-06 Warning: Further gmin increment
Trying gmin =   5.6234E-06 Note: One successful gmin step
Trying gmin =   2.3714E-06 Note: One successful gmin step
Trying gmin =   6.4938E-07 Note: One successful gmin step
Trying gmin =   1.7783E-07 Note: One successful gmin step
Trying gmin =   2.5483E-08 Warning: Further gmin increment
Trying gmin =   1.0941E-07 Note: One successful gmin step
Trying gmin =   5.2803E-08 Note: One successful gmin step
Trying gmin =   1.7703E-08 Note: One successful gmin step
Trying gmin =   3.4366E-09 Warning: Further gmin increment
Trying gmin =   1.1751E-08 Note: One successful gmin step
Trying gmin =   6.3548E-09 Warning: Further gmin increment
Trying gmin =   1.0077E-08 Note: One successful gmin step
Trying gmin =   8.0023E-09 Note: One successful gmin step
Trying gmin =   5.6630E-09 Warning: Further gmin increment
Trying gmin =   7.3396E-09 Note: One successful gmin step
Trying gmin =   6.4470E-09 Note: One successful gmin step
Trying gmin =   5.3075E-09 Warning: Further gmin increment
Trying gmin =   6.1410E-09 Note: One successful gmin step
Trying gmin =   5.7090E-09 Note: One successful gmin step
Trying gmin =   5.1174E-09 Note: One successful gmin step
Trying gmin =   4.3429E-09 Note: One successful gmin step
Trying gmin =   3.3952E-09 Note: One successful gmin step
Trying gmin =   2.3470E-09 Note: One successful gmin step
Trying gmin =   1.3489E-09 Note: One successful gmin step
Trying gmin =   5.8770E-10 Note: One successful gmin step
Trying gmin =   1.6902E-10 Note: One successful gmin step
Trying gmin =   2.6068E-11 Note: One successful gmin step
Trying gmin =   2.6068E-12 Note: One successful gmin step
Trying gmin =   1.0000E-12 Note: One successful gmin step
Note: Dynamic gmin stepping completed

No. of Data Rows : 121
av0p1hz             =  1.233770e+02
gbw                 =  2.345691e+06
pm180               =  6.292202e+07
pm                  =  5.878463e+01
gm                  =  -4.637981e+01
cmrr0p1hz           =  1.108180e+02
psrr0p1hz           =  1.070506e+02
ERROR: (internal)  This operation is not defined for display type PrinterOnly.
Can't open viewport for graphics.
ERROR: (internal)  This operation is not defined for display type PrinterOnly.
Can't open viewport for graphics.
idd = -3.18749e-04
vos = 1.892738e-04
binary raw file "./out/sp17.raw"
Doing analysis at TEMP = -40.000000 and TNOM = 27.000000

OP information in rawfile.

Total analysis time (seconds) = 214.203

Total elapsed time (seconds) = 234.791 

Total DRAM available = 7841.949 MB.
DRAM currently available =  302.184 MB.
Maximum ngspice program size = 2426.082 MB.
Current ngspice program size = 2408.109 MB.

Shared ngspice pages =   10.750 MB.
Text (code) pages =    5.461 MB.
Stack = 0 bytes.
Library pages = 2405.637 MB.

