
Note: Compatibility modes selected: hs a

Warning: m=xx on .subckt line will override multiplier m hierarchy!


Circuit: * num: 18 corner: hh vdd: 5.5 temp: -40

option SCALE: Scale is set to 1e-06 for instance and model parameters
Doing analysis at TEMP = -40.000000 and TNOM = 27.000000

Note: include: has no value, DC 0 assumed
Note: Starting dynamic gmin stepping
Trying gmin =   1.0000E-03 Note: One successful gmin step
Trying gmin =   1.0000E-04 Note: One successful gmin step
Trying gmin =   1.0000E-05 Note: One successful gmin step
Trying gmin =   1.0000E-06 Warning: Further gmin increment
Trying gmin =   5.6234E-06 Note: One successful gmin step
Trying gmin =   2.3714E-06 Note: One successful gmin step
Trying gmin =   6.4938E-07 Note: One successful gmin step
Trying gmin =   9.3057E-08 Warning: Further gmin increment
Trying gmin =   3.9954E-07 Note: One successful gmin step
Trying gmin =   1.9282E-07 Note: One successful gmin step
Trying gmin =   6.4647E-08 Note: One successful gmin step
Trying gmin =   1.2550E-08 Warning: Further gmin increment
Trying gmin =   4.2911E-08 Note: One successful gmin step
Trying gmin =   2.3206E-08 Note: One successful gmin step
Trying gmin =   9.2289E-09 Warning: Further gmin increment
Trying gmin =   1.8428E-08 Note: One successful gmin step
Trying gmin =   1.3041E-08 Note: One successful gmin step
Trying gmin =   7.7636E-09 Note: One successful gmin step
Trying gmin =   4.6218E-09 Warning: Further gmin increment
Trying gmin =   6.8195E-09 Note: One successful gmin step
Trying gmin =   5.6141E-09 Warning: Further gmin increment
Trying gmin =   6.4958E-09 Note: One successful gmin step
Trying gmin =   6.0389E-09 Note: One successful gmin step
Trying gmin =   5.4131E-09 Note: One successful gmin step
Trying gmin =   4.5938E-09 Note: One successful gmin step
Trying gmin =   3.5914E-09 Note: One successful gmin step
Trying gmin =   2.4826E-09 Note: One successful gmin step
Trying gmin =   1.4268E-09 Note: One successful gmin step
Trying gmin =   6.2165E-10 Note: One successful gmin step
Trying gmin =   1.7878E-10 Note: One successful gmin step
Trying gmin =   2.7574E-11 Note: One successful gmin step
Trying gmin =   2.7574E-12 Note: One successful gmin step
Trying gmin =   1.0000E-12 Note: One successful gmin step
Note: Dynamic gmin stepping completed

No. of Data Rows : 1
Doing analysis at TEMP = -40.000000 and TNOM = 27.000000

Note: include: has no value, DC 0 assumed
Note: Starting dynamic gmin stepping
Trying gmin =   1.0000E-03 Note: One successful gmin step
Trying gmin =   1.0000E-04 Note: One successful gmin step
Trying gmin =   1.0000E-05 Note: One successful gmin step
Trying gmin =   1.0000E-06 Warning: Further gmin increment
Trying gmin =   5.6234E-06 Note: One successful gmin step
Trying gmin =   2.3714E-06 Note: One successful gmin step
Trying gmin =   6.4938E-07 Note: One successful gmin step
Trying gmin =   9.3057E-08 Warning: Further gmin increment
Trying gmin =   3.9954E-07 Note: One successful gmin step
Trying gmin =   1.9282E-07 Note: One successful gmin step
Trying gmin =   6.4647E-08 Note: One successful gmin step
Trying gmin =   1.2550E-08 Warning: Further gmin increment
Trying gmin =   4.2911E-08 Note: One successful gmin step
Trying gmin =   2.3206E-08 Note: One successful gmin step
Trying gmin =   9.2289E-09 Warning: Further gmin increment
Trying gmin =   1.8428E-08 Note: One successful gmin step
Trying gmin =   1.3041E-08 Note: One successful gmin step
Trying gmin =   7.7636E-09 Note: One successful gmin step
Trying gmin =   4.6218E-09 Warning: Further gmin increment
Trying gmin =   6.8195E-09 Note: One successful gmin step
Trying gmin =   5.6141E-09 Warning: Further gmin increment
Trying gmin =   6.4958E-09 Note: One successful gmin step
Trying gmin =   6.0389E-09 Note: One successful gmin step
Trying gmin =   5.4131E-09 Note: One successful gmin step
Trying gmin =   4.5938E-09 Note: One successful gmin step
Trying gmin =   3.5914E-09 Note: One successful gmin step
Trying gmin =   2.4826E-09 Note: One successful gmin step
Trying gmin =   1.4268E-09 Note: One successful gmin step
Trying gmin =   6.2165E-10 Note: One successful gmin step
Trying gmin =   1.7878E-10 Note: One successful gmin step
Trying gmin =   2.7574E-11 Note: One successful gmin step
Trying gmin =   2.7574E-12 Note: One successful gmin step
Trying gmin =   1.0000E-12 Note: One successful gmin step
Note: Dynamic gmin stepping completed

No. of Data Rows : 121
Doing analysis at TEMP = -40.000000 and TNOM = 27.000000

Note: include: has no value, DC 0 assumed
Note: Starting dynamic gmin stepping
Trying gmin =   1.0000E-03 Note: One successful gmin step
Trying gmin =   1.0000E-04 Note: One successful gmin step
Trying gmin =   1.0000E-05 Note: One successful gmin step
Trying gmin =   1.0000E-06 Warning: Further gmin increment
Trying gmin =   5.6234E-06 Note: One successful gmin step
Trying gmin =   2.3714E-06 Note: One successful gmin step
Trying gmin =   6.4938E-07 Note: One successful gmin step
Trying gmin =   9.3057E-08 Warning: Further gmin increment
Trying gmin =   3.9954E-07 Note: One successful gmin step
Trying gmin =   1.9282E-07 Note: One successful gmin step
Trying gmin =   6.4647E-08 Note: One successful gmin step
Trying gmin =   1.2550E-08 Warning: Further gmin increment
Trying gmin =   4.2911E-08 Note: One successful gmin step
Trying gmin =   2.3206E-08 Note: One successful gmin step
Trying gmin =   9.2289E-09 Warning: Further gmin increment
Trying gmin =   1.8428E-08 Note: One successful gmin step
Trying gmin =   1.3041E-08 Note: One successful gmin step
Trying gmin =   7.7636E-09 Note: One successful gmin step
Trying gmin =   4.6218E-09 Warning: Further gmin increment
Trying gmin =   6.8195E-09 Note: One successful gmin step
Trying gmin =   5.6141E-09 Warning: Further gmin increment
Trying gmin =   6.4958E-09 Note: One successful gmin step
Trying gmin =   6.0389E-09 Note: One successful gmin step
Trying gmin =   5.4131E-09 Note: One successful gmin step
Trying gmin =   4.5938E-09 Note: One successful gmin step
Trying gmin =   3.5914E-09 Note: One successful gmin step
Trying gmin =   2.4826E-09 Note: One successful gmin step
Trying gmin =   1.4268E-09 Note: One successful gmin step
Trying gmin =   6.2165E-10 Note: One successful gmin step
Trying gmin =   1.7878E-10 Note: One successful gmin step
Trying gmin =   2.7574E-11 Note: One successful gmin step
Trying gmin =   2.7574E-12 Note: One successful gmin step
Trying gmin =   1.0000E-12 Note: One successful gmin step
Note: Dynamic gmin stepping completed

No. of Data Rows : 121
Doing analysis at TEMP = -40.000000 and TNOM = 27.000000

Note: include: has no value, DC 0 assumed
Note: Starting dynamic gmin stepping
Trying gmin =   1.0000E-03 Note: One successful gmin step
Trying gmin =   1.0000E-04 Note: One successful gmin step
Trying gmin =   1.0000E-05 Note: One successful gmin step
Trying gmin =   1.0000E-06 Warning: Further gmin increment
Trying gmin =   5.6234E-06 Note: One successful gmin step
Trying gmin =   2.3714E-06 Note: One successful gmin step
Trying gmin =   6.4938E-07 Note: One successful gmin step
Trying gmin =   9.3057E-08 Warning: Further gmin increment
Trying gmin =   3.9954E-07 Note: One successful gmin step
Trying gmin =   1.9282E-07 Note: One successful gmin step
Trying gmin =   6.4647E-08 Note: One successful gmin step
Trying gmin =   1.2550E-08 Warning: Further gmin increment
Trying gmin =   4.2911E-08 Note: One successful gmin step
Trying gmin =   2.3206E-08 Note: One successful gmin step
Trying gmin =   9.2289E-09 Warning: Further gmin increment
Trying gmin =   1.8428E-08 Note: One successful gmin step
Trying gmin =   1.3041E-08 Note: One successful gmin step
Trying gmin =   7.7636E-09 Note: One successful gmin step
Trying gmin =   4.6218E-09 Warning: Further gmin increment
Trying gmin =   6.8195E-09 Note: One successful gmin step
Trying gmin =   5.6141E-09 Warning: Further gmin increment
Trying gmin =   6.4958E-09 Note: One successful gmin step
Trying gmin =   6.0389E-09 Note: One successful gmin step
Trying gmin =   5.4131E-09 Note: One successful gmin step
Trying gmin =   4.5938E-09 Note: One successful gmin step
Trying gmin =   3.5914E-09 Note: One successful gmin step
Trying gmin =   2.4826E-09 Note: One successful gmin step
Trying gmin =   1.4268E-09 Note: One successful gmin step
Trying gmin =   6.2165E-10 Note: One successful gmin step
Trying gmin =   1.7878E-10 Note: One successful gmin step
Trying gmin =   2.7574E-11 Note: One successful gmin step
Trying gmin =   2.7574E-12 Note: One successful gmin step
Trying gmin =   1.0000E-12 Note: One successful gmin step
Note: Dynamic gmin stepping completed

No. of Data Rows : 121
av0p1hz             =  1.232414e+02
gbw                 =  1.900604e+06
pm180               =  6.030982e+07
pm                  =  6.364609e+01
gm                  =  -4.599594e+01
cmrr0p1hz           =  1.149275e+02
psrr0p1hz           =  1.002455e+02
ERROR: (internal)  This operation is not defined for display type PrinterOnly.
Can't open viewport for graphics.
ERROR: (internal)  This operation is not defined for display type PrinterOnly.
Can't open viewport for graphics.
idd = -3.15300e-04
vos = 1.976742e-04
binary raw file "./out/{num}.raw"
Doing analysis at TEMP = -40.000000 and TNOM = 27.000000

Note: include: has no value, DC 0 assumed
OP information in rawfile.

Total analysis time (seconds) = 126.766

Total elapsed time (seconds) = 149.844 

Total DRAM available = 7841.945 MB.
DRAM currently available =  666.473 MB.
Maximum ngspice program size =  932.453 MB.
Current ngspice program size =  885.000 MB.

Shared ngspice pages =   11.004 MB.
Text (code) pages =    5.461 MB.
Stack = 0 bytes.
Library pages =  912.008 MB.

