
Note: Compatibility modes selected: hs a


Circuit: * num: 19 corner: ss vdd: 5.5 temp: 85

option SCALE: Scale is set to 1e-06 for instance and model parameters
option SCALE: Scale is set to 1e-06 for instance and model parameters
option SCALE: Scale is set to 1e-06 for instance and model parameters
option SCALE: Scale is set to 1e-06 for instance and model parameters
Doing analysis at TEMP = 85.000000 and TNOM = 27.000000

Note: Starting dynamic gmin stepping
Trying gmin =   1.0000E-03 Note: One successful gmin step
Trying gmin =   1.0000E-04 Note: One successful gmin step
Trying gmin =   1.0000E-05 Note: One successful gmin step
Trying gmin =   1.0000E-06 Note: One successful gmin step
Trying gmin =   3.1623E-07 Note: One successful gmin step
Trying gmin =   5.6234E-08 Note: One successful gmin step
Trying gmin =   5.6234E-09 Warning: Further gmin increment
Trying gmin =   3.1623E-08 Note: One successful gmin step
Trying gmin =   1.3335E-08 Note: One successful gmin step
Trying gmin =   3.6517E-09 Warning: Further gmin increment
Trying gmin =   9.6466E-09 Warning: Further gmin increment
Trying gmin =   1.2298E-08 Note: One successful gmin step
Trying gmin =   1.0892E-08 Note: One successful gmin step
Trying gmin =   9.0784E-09 Note: One successful gmin step
Trying gmin =   6.9080E-09 Warning: Further gmin increment
Trying gmin =   8.4790E-09 Warning: Further gmin increment
Trying gmin =   8.9247E-09 Note: One successful gmin step
Trying gmin =   8.6990E-09 Note: One successful gmin step
Trying gmin =   8.3711E-09 Note: One successful gmin step
Trying gmin =   7.9023E-09 Note: One successful gmin step
Trying gmin =   7.2479E-09 Note: One successful gmin step
Trying gmin =   6.3665E-09 Warning: Further gmin increment
Trying gmin =   7.0167E-09 Note: One successful gmin step
Trying gmin =   6.6837E-09 Note: One successful gmin step
Trying gmin =   6.2136E-09 Note: One successful gmin step
Trying gmin =   5.5696E-09 Note: One successful gmin step
Trying gmin =   4.7267E-09 Note: One successful gmin step
Trying gmin =   3.6953E-09 Note: One successful gmin step
Trying gmin =   2.5544E-09 Note: One successful gmin step
Trying gmin =   1.4681E-09 Note: One successful gmin step
Trying gmin =   6.3963E-10 Note: One successful gmin step
Trying gmin =   1.8395E-10 Note: One successful gmin step
Trying gmin =   2.8371E-11 Note: One successful gmin step
Trying gmin =   2.8371E-12 Note: One successful gmin step
Trying gmin =   1.0000E-12 Note: One successful gmin step
Note: Dynamic gmin stepping completed

No. of Data Rows : 1
Doing analysis at TEMP = 85.000000 and TNOM = 27.000000

Note: Starting dynamic gmin stepping
Trying gmin =   1.0000E-03 Note: One successful gmin step
Trying gmin =   1.0000E-04 Note: One successful gmin step
Trying gmin =   1.0000E-05 Note: One successful gmin step
Trying gmin =   1.0000E-06 Note: One successful gmin step
Trying gmin =   3.1623E-07 Note: One successful gmin step
Trying gmin =   5.6234E-08 Note: One successful gmin step
Trying gmin =   5.6234E-09 Warning: Further gmin increment
Trying gmin =   3.1623E-08 Note: One successful gmin step
Trying gmin =   1.3335E-08 Note: One successful gmin step
Trying gmin =   3.6517E-09 Warning: Further gmin increment
Trying gmin =   9.6466E-09 Warning: Further gmin increment
Trying gmin =   1.2298E-08 Note: One successful gmin step
Trying gmin =   1.0892E-08 Note: One successful gmin step
Trying gmin =   9.0784E-09 Note: One successful gmin step
Trying gmin =   6.9080E-09 Warning: Further gmin increment
Trying gmin =   8.4790E-09 Warning: Further gmin increment
Trying gmin =   8.9247E-09 Note: One successful gmin step
Trying gmin =   8.6990E-09 Note: One successful gmin step
Trying gmin =   8.3711E-09 Note: One successful gmin step
Trying gmin =   7.9023E-09 Note: One successful gmin step
Trying gmin =   7.2479E-09 Note: One successful gmin step
Trying gmin =   6.3665E-09 Warning: Further gmin increment
Trying gmin =   7.0167E-09 Note: One successful gmin step
Trying gmin =   6.6837E-09 Note: One successful gmin step
Trying gmin =   6.2136E-09 Note: One successful gmin step
Trying gmin =   5.5696E-09 Note: One successful gmin step
Trying gmin =   4.7267E-09 Note: One successful gmin step
Trying gmin =   3.6953E-09 Note: One successful gmin step
Trying gmin =   2.5544E-09 Note: One successful gmin step
Trying gmin =   1.4681E-09 Note: One successful gmin step
Trying gmin =   6.3963E-10 Note: One successful gmin step
Trying gmin =   1.8395E-10 Note: One successful gmin step
Trying gmin =   2.8371E-11 Note: One successful gmin step
Trying gmin =   2.8371E-12 Note: One successful gmin step
Trying gmin =   1.0000E-12 Note: One successful gmin step
Note: Dynamic gmin stepping completed

No. of Data Rows : 121
Doing analysis at TEMP = 85.000000 and TNOM = 27.000000

Note: Starting dynamic gmin stepping
Trying gmin =   1.0000E-03 Note: One successful gmin step
Trying gmin =   1.0000E-04 Note: One successful gmin step
Trying gmin =   1.0000E-05 Note: One successful gmin step
Trying gmin =   1.0000E-06 Note: One successful gmin step
Trying gmin =   3.1623E-07 Note: One successful gmin step
Trying gmin =   5.6234E-08 Note: One successful gmin step
Trying gmin =   5.6234E-09 Warning: Further gmin increment
Trying gmin =   3.1623E-08 Note: One successful gmin step
Trying gmin =   1.3335E-08 Note: One successful gmin step
Trying gmin =   3.6517E-09 Warning: Further gmin increment
Trying gmin =   9.6466E-09 Warning: Further gmin increment
Trying gmin =   1.2298E-08 Note: One successful gmin step
Trying gmin =   1.0892E-08 Note: One successful gmin step
Trying gmin =   9.0784E-09 Note: One successful gmin step
Trying gmin =   6.9080E-09 Warning: Further gmin increment
Trying gmin =   8.4790E-09 Warning: Further gmin increment
Trying gmin =   8.9247E-09 Note: One successful gmin step
Trying gmin =   8.6990E-09 Note: One successful gmin step
Trying gmin =   8.3711E-09 Note: One successful gmin step
Trying gmin =   7.9023E-09 Note: One successful gmin step
Trying gmin =   7.2479E-09 Note: One successful gmin step
Trying gmin =   6.3665E-09 Warning: Further gmin increment
Trying gmin =   7.0167E-09 Note: One successful gmin step
Trying gmin =   6.6837E-09 Note: One successful gmin step
Trying gmin =   6.2136E-09 Note: One successful gmin step
Trying gmin =   5.5696E-09 Note: One successful gmin step
Trying gmin =   4.7267E-09 Note: One successful gmin step
Trying gmin =   3.6953E-09 Note: One successful gmin step
Trying gmin =   2.5544E-09 Note: One successful gmin step
Trying gmin =   1.4681E-09 Note: One successful gmin step
Trying gmin =   6.3963E-10 Note: One successful gmin step
Trying gmin =   1.8395E-10 Note: One successful gmin step
Trying gmin =   2.8371E-11 Note: One successful gmin step
Trying gmin =   2.8371E-12 Note: One successful gmin step
Trying gmin =   1.0000E-12 Note: One successful gmin step
Note: Dynamic gmin stepping completed

No. of Data Rows : 121
Doing analysis at TEMP = 85.000000 and TNOM = 27.000000

Note: Starting dynamic gmin stepping
Trying gmin =   1.0000E-03 Note: One successful gmin step
Trying gmin =   1.0000E-04 Note: One successful gmin step
Trying gmin =   1.0000E-05 Note: One successful gmin step
Trying gmin =   1.0000E-06 Note: One successful gmin step
Trying gmin =   3.1623E-07 Note: One successful gmin step
Trying gmin =   5.6234E-08 Note: One successful gmin step
Trying gmin =   5.6234E-09 Warning: Further gmin increment
Trying gmin =   3.1623E-08 Note: One successful gmin step
Trying gmin =   1.3335E-08 Note: One successful gmin step
Trying gmin =   3.6517E-09 Warning: Further gmin increment
Trying gmin =   9.6466E-09 Warning: Further gmin increment
Trying gmin =   1.2298E-08 Note: One successful gmin step
Trying gmin =   1.0892E-08 Note: One successful gmin step
Trying gmin =   9.0784E-09 Note: One successful gmin step
Trying gmin =   6.9080E-09 Warning: Further gmin increment
Trying gmin =   8.4790E-09 Warning: Further gmin increment
Trying gmin =   8.9247E-09 Note: One successful gmin step
Trying gmin =   8.6990E-09 Note: One successful gmin step
Trying gmin =   8.3711E-09 Note: One successful gmin step
Trying gmin =   7.9023E-09 Note: One successful gmin step
Trying gmin =   7.2479E-09 Note: One successful gmin step
Trying gmin =   6.3665E-09 Warning: Further gmin increment
Trying gmin =   7.0167E-09 Note: One successful gmin step
Trying gmin =   6.6837E-09 Note: One successful gmin step
Trying gmin =   6.2136E-09 Note: One successful gmin step
Trying gmin =   5.5696E-09 Note: One successful gmin step
Trying gmin =   4.7267E-09 Note: One successful gmin step
Trying gmin =   3.6953E-09 Note: One successful gmin step
Trying gmin =   2.5544E-09 Note: One successful gmin step
Trying gmin =   1.4681E-09 Note: One successful gmin step
Trying gmin =   6.3963E-10 Note: One successful gmin step
Trying gmin =   1.8395E-10 Note: One successful gmin step
Trying gmin =   2.8371E-11 Note: One successful gmin step
Trying gmin =   2.8371E-12 Note: One successful gmin step
Trying gmin =   1.0000E-12 Note: One successful gmin step
Note: Dynamic gmin stepping completed

No. of Data Rows : 121
av0p1hz             =  1.120684e+02
gbw                 =  1.430058e+06
pm180               =  4.316505e+07
pm                  =  6.166812e+01
gm                  =  -4.688684e+01
cmrr0p1hz           =  1.057113e+02
psrr0p1hz           =  8.571758e+01
ERROR: (internal)  This operation is not defined for display type PrinterOnly.
Can't open viewport for graphics.
ERROR: (internal)  This operation is not defined for display type PrinterOnly.
Can't open viewport for graphics.
idd = -3.08088e-04
vos = 2.955756e-04
binary raw file "./out/sp19.raw"
Doing analysis at TEMP = 85.000000 and TNOM = 27.000000

OP information in rawfile.

Total analysis time (seconds) = 214.868

Total elapsed time (seconds) = 235.022 

Total DRAM available = 7841.949 MB.
DRAM currently available =  298.488 MB.
Maximum ngspice program size = 2426.090 MB.
Current ngspice program size = 2408.051 MB.

Shared ngspice pages =   10.688 MB.
Text (code) pages =    5.461 MB.
Stack = 0 bytes.
Library pages = 2405.645 MB.

