
Note: Compatibility modes selected: hs a

Warning: m=xx on .subckt line will override multiplier m hierarchy!


Circuit: * num: 2 corner: ff vdd: 3.0 temp: -40

option SCALE: Scale is set to 1e-06 for instance and model parameters
Doing analysis at TEMP = -40.000000 and TNOM = 27.000000

Note: include: has no value, DC 0 assumed
Note: Starting dynamic gmin stepping
Trying gmin =   1.0000E-03 Note: One successful gmin step
Trying gmin =   1.0000E-04 Note: One successful gmin step
Trying gmin =   1.0000E-05 Note: One successful gmin step
Trying gmin =   1.0000E-06 Warning: Further gmin increment
Trying gmin =   5.6234E-06 Note: One successful gmin step
Trying gmin =   2.3714E-06 Warning: Further gmin increment
Trying gmin =   4.5316E-06 Note: One successful gmin step
Trying gmin =   3.2781E-06 Note: One successful gmin step
Trying gmin =   2.0169E-06 Note: One successful gmin step
Trying gmin =   1.2409E-06 Note: One successful gmin step
Trying gmin =   5.9889E-07 Note: One successful gmin step
Trying gmin =   2.0079E-07 Note: One successful gmin step
Trying gmin =   3.8978E-08 Warning: Further gmin increment
Trying gmin =   1.3328E-07 Note: One successful gmin step
Trying gmin =   7.2076E-08 Note: One successful gmin step
Trying gmin =   2.8664E-08 Note: One successful gmin step
Trying gmin =   7.1888E-09 Warning: Further gmin increment
Trying gmin =   2.0285E-08 Note: One successful gmin step
Trying gmin =   1.2076E-08 Note: One successful gmin step
Trying gmin =   5.5467E-09 Warning: Further gmin increment
Trying gmin =   9.9413E-09 Note: One successful gmin step
Trying gmin =   7.4257E-09 Warning: Further gmin increment
Trying gmin =   9.2420E-09 Warning: Further gmin increment
Trying gmin =   9.7617E-09 Note: One successful gmin step
Trying gmin =   9.4983E-09 Note: One successful gmin step
Trying gmin =   9.1165E-09 Note: One successful gmin step
Trying gmin =   8.5724E-09 Note: One successful gmin step
Trying gmin =   7.8165E-09 Note: One successful gmin step
Trying gmin =   6.8057E-09 Note: One successful gmin step
Trying gmin =   5.5293E-09 Note: One successful gmin step
Trying gmin =   4.0492E-09 Note: One successful gmin step
Trying gmin =   2.5375E-09 Note: One successful gmin step
Trying gmin =   1.2588E-09 Note: One successful gmin step
Trying gmin =   4.3986E-10 Note: One successful gmin step
Trying gmin =   9.0852E-11 Note: One successful gmin step
Trying gmin =   9.0852E-12 Note: One successful gmin step
Trying gmin =   1.0000E-12 Note: One successful gmin step
Note: Dynamic gmin stepping completed

No. of Data Rows : 1
Doing analysis at TEMP = -40.000000 and TNOM = 27.000000

Note: include: has no value, DC 0 assumed
Note: Starting dynamic gmin stepping
Trying gmin =   1.0000E-03 Note: One successful gmin step
Trying gmin =   1.0000E-04 Note: One successful gmin step
Trying gmin =   1.0000E-05 Note: One successful gmin step
Trying gmin =   1.0000E-06 Warning: Further gmin increment
Trying gmin =   5.6234E-06 Note: One successful gmin step
Trying gmin =   2.3714E-06 Warning: Further gmin increment
Trying gmin =   4.5316E-06 Note: One successful gmin step
Trying gmin =   3.2781E-06 Note: One successful gmin step
Trying gmin =   2.0169E-06 Note: One successful gmin step
Trying gmin =   1.2409E-06 Note: One successful gmin step
Trying gmin =   5.9889E-07 Note: One successful gmin step
Trying gmin =   2.0079E-07 Note: One successful gmin step
Trying gmin =   3.8978E-08 Warning: Further gmin increment
Trying gmin =   1.3328E-07 Note: One successful gmin step
Trying gmin =   7.2076E-08 Note: One successful gmin step
Trying gmin =   2.8664E-08 Note: One successful gmin step
Trying gmin =   7.1888E-09 Warning: Further gmin increment
Trying gmin =   2.0285E-08 Note: One successful gmin step
Trying gmin =   1.2076E-08 Note: One successful gmin step
Trying gmin =   5.5467E-09 Warning: Further gmin increment
Trying gmin =   9.9413E-09 Note: One successful gmin step
Trying gmin =   7.4257E-09 Warning: Further gmin increment
Trying gmin =   9.2420E-09 Warning: Further gmin increment
Trying gmin =   9.7617E-09 Note: One successful gmin step
Trying gmin =   9.4983E-09 Note: One successful gmin step
Trying gmin =   9.1165E-09 Note: One successful gmin step
Trying gmin =   8.5724E-09 Note: One successful gmin step
Trying gmin =   7.8165E-09 Note: One successful gmin step
Trying gmin =   6.8057E-09 Note: One successful gmin step
Trying gmin =   5.5293E-09 Note: One successful gmin step
Trying gmin =   4.0492E-09 Note: One successful gmin step
Trying gmin =   2.5375E-09 Note: One successful gmin step
Trying gmin =   1.2588E-09 Note: One successful gmin step
Trying gmin =   4.3986E-10 Note: One successful gmin step
Trying gmin =   9.0852E-11 Note: One successful gmin step
Trying gmin =   9.0852E-12 Note: One successful gmin step
Trying gmin =   1.0000E-12 Note: One successful gmin step
Note: Dynamic gmin stepping completed

No. of Data Rows : 121
Doing analysis at TEMP = -40.000000 and TNOM = 27.000000

Note: include: has no value, DC 0 assumed
Note: Starting dynamic gmin stepping
Trying gmin =   1.0000E-03 Note: One successful gmin step
Trying gmin =   1.0000E-04 Note: One successful gmin step
Trying gmin =   1.0000E-05 Note: One successful gmin step
Trying gmin =   1.0000E-06 Warning: Further gmin increment
Trying gmin =   5.6234E-06 Note: One successful gmin step
Trying gmin =   2.3714E-06 Warning: Further gmin increment
Trying gmin =   4.5316E-06 Note: One successful gmin step
Trying gmin =   3.2781E-06 Note: One successful gmin step
Trying gmin =   2.0169E-06 Note: One successful gmin step
Trying gmin =   1.2409E-06 Note: One successful gmin step
Trying gmin =   5.9889E-07 Note: One successful gmin step
Trying gmin =   2.0079E-07 Note: One successful gmin step
Trying gmin =   3.8978E-08 Warning: Further gmin increment
Trying gmin =   1.3328E-07 Note: One successful gmin step
Trying gmin =   7.2076E-08 Note: One successful gmin step
Trying gmin =   2.8664E-08 Note: One successful gmin step
Trying gmin =   7.1888E-09 Warning: Further gmin increment
Trying gmin =   2.0285E-08 Note: One successful gmin step
Trying gmin =   1.2076E-08 Note: One successful gmin step
Trying gmin =   5.5467E-09 Warning: Further gmin increment
Trying gmin =   9.9413E-09 Note: One successful gmin step
Trying gmin =   7.4257E-09 Warning: Further gmin increment
Trying gmin =   9.2420E-09 Warning: Further gmin increment
Trying gmin =   9.7617E-09 Note: One successful gmin step
Trying gmin =   9.4983E-09 Note: One successful gmin step
Trying gmin =   9.1165E-09 Note: One successful gmin step
Trying gmin =   8.5724E-09 Note: One successful gmin step
Trying gmin =   7.8165E-09 Note: One successful gmin step
Trying gmin =   6.8057E-09 Note: One successful gmin step
Trying gmin =   5.5293E-09 Note: One successful gmin step
Trying gmin =   4.0492E-09 Note: One successful gmin step
Trying gmin =   2.5375E-09 Note: One successful gmin step
Trying gmin =   1.2588E-09 Note: One successful gmin step
Trying gmin =   4.3986E-10 Note: One successful gmin step
Trying gmin =   9.0852E-11 Note: One successful gmin step
Trying gmin =   9.0852E-12 Note: One successful gmin step
Trying gmin =   1.0000E-12 Note: One successful gmin step
Note: Dynamic gmin stepping completed

No. of Data Rows : 121
Doing analysis at TEMP = -40.000000 and TNOM = 27.000000

Note: include: has no value, DC 0 assumed
Note: Starting dynamic gmin stepping
Trying gmin =   1.0000E-03 Note: One successful gmin step
Trying gmin =   1.0000E-04 Note: One successful gmin step
Trying gmin =   1.0000E-05 Note: One successful gmin step
Trying gmin =   1.0000E-06 Warning: Further gmin increment
Trying gmin =   5.6234E-06 Note: One successful gmin step
Trying gmin =   2.3714E-06 Warning: Further gmin increment
Trying gmin =   4.5316E-06 Note: One successful gmin step
Trying gmin =   3.2781E-06 Note: One successful gmin step
Trying gmin =   2.0169E-06 Note: One successful gmin step
Trying gmin =   1.2409E-06 Note: One successful gmin step
Trying gmin =   5.9889E-07 Note: One successful gmin step
Trying gmin =   2.0079E-07 Note: One successful gmin step
Trying gmin =   3.8978E-08 Warning: Further gmin increment
Trying gmin =   1.3328E-07 Note: One successful gmin step
Trying gmin =   7.2076E-08 Note: One successful gmin step
Trying gmin =   2.8664E-08 Note: One successful gmin step
Trying gmin =   7.1888E-09 Warning: Further gmin increment
Trying gmin =   2.0285E-08 Note: One successful gmin step
Trying gmin =   1.2076E-08 Note: One successful gmin step
Trying gmin =   5.5467E-09 Warning: Further gmin increment
Trying gmin =   9.9413E-09 Note: One successful gmin step
Trying gmin =   7.4257E-09 Warning: Further gmin increment
Trying gmin =   9.2420E-09 Warning: Further gmin increment
Trying gmin =   9.7617E-09 Note: One successful gmin step
Trying gmin =   9.4983E-09 Note: One successful gmin step
Trying gmin =   9.1165E-09 Note: One successful gmin step
Trying gmin =   8.5724E-09 Note: One successful gmin step
Trying gmin =   7.8165E-09 Note: One successful gmin step
Trying gmin =   6.8057E-09 Note: One successful gmin step
Trying gmin =   5.5293E-09 Note: One successful gmin step
Trying gmin =   4.0492E-09 Note: One successful gmin step
Trying gmin =   2.5375E-09 Note: One successful gmin step
Trying gmin =   1.2588E-09 Note: One successful gmin step
Trying gmin =   4.3986E-10 Note: One successful gmin step
Trying gmin =   9.0852E-11 Note: One successful gmin step
Trying gmin =   9.0852E-12 Note: One successful gmin step
Trying gmin =   1.0000E-12 Note: One successful gmin step
Note: Dynamic gmin stepping completed

No. of Data Rows : 121
av0p1hz             =  1.153420e+02
gbw                 =  1.959730e+06
pm180               =  5.928348e+07
pm                  =  6.304287e+01
gm                  =  -4.593888e+01
cmrr0p1hz           =  1.219351e+02
psrr0p1hz           =  6.834594e+01
ERROR: (internal)  This operation is not defined for display type PrinterOnly.
Can't open viewport for graphics.
ERROR: (internal)  This operation is not defined for display type PrinterOnly.
Can't open viewport for graphics.
idd = -2.80606e-04
vos = -1.45677e-04
binary raw file "./out/{num}.raw"
Doing analysis at TEMP = -40.000000 and TNOM = 27.000000

Note: include: has no value, DC 0 assumed
OP information in rawfile.

Total analysis time (seconds) = 147.037

Total elapsed time (seconds) = 172.255 

Total DRAM available = 7841.945 MB.
DRAM currently available =  694.832 MB.
Maximum ngspice program size =  932.742 MB.
Current ngspice program size =  885.172 MB.

Shared ngspice pages =   10.879 MB.
Text (code) pages =    5.461 MB.
Stack = 0 bytes.
Library pages =  912.297 MB.

