
Note: Compatibility modes selected: hs a

Warning: m=xx on .subckt line will override multiplier m hierarchy!


Circuit: * num: 20 corner: ff vdd: 5.5 temp: 85

option SCALE: Scale is set to 1e-06 for instance and model parameters
Doing analysis at TEMP = 85.000000 and TNOM = 27.000000

Note: include: has no value, DC 0 assumed
Note: Starting dynamic gmin stepping
Trying gmin =   1.0000E-03 Note: One successful gmin step
Trying gmin =   1.0000E-04 Note: One successful gmin step
Trying gmin =   1.0000E-05 Note: One successful gmin step
Trying gmin =   1.0000E-06 Note: One successful gmin step
Trying gmin =   3.1623E-07 Note: One successful gmin step
Trying gmin =   5.6234E-08 Note: One successful gmin step
Trying gmin =   5.6234E-09 Warning: Further gmin increment
Trying gmin =   3.1623E-08 Note: One successful gmin step
Trying gmin =   1.3335E-08 Note: One successful gmin step
Trying gmin =   3.6517E-09 Warning: Further gmin increment
Trying gmin =   9.6466E-09 Note: One successful gmin step
Trying gmin =   5.9352E-09 Warning: Further gmin increment
Trying gmin =   8.5436E-09 Warning: Further gmin increment
Trying gmin =   9.3582E-09 Note: One successful gmin step
Trying gmin =   8.9416E-09 Note: One successful gmin step
Trying gmin =   8.3513E-09 Note: One successful gmin step
Trying gmin =   7.5380E-09 Note: One successful gmin step
Trying gmin =   6.4642E-09 Warning: Further gmin increment
Trying gmin =   7.2539E-09 Note: One successful gmin step
Trying gmin =   6.8477E-09 Note: One successful gmin step
Trying gmin =   6.2806E-09 Note: One successful gmin step
Trying gmin =   5.5168E-09 Note: One successful gmin step
Trying gmin =   4.5417E-09 Note: One successful gmin step
Trying gmin =   3.3924E-09 Note: One successful gmin step
Trying gmin =   2.1901E-09 Note: One successful gmin step
Trying gmin =   1.1360E-09 Note: One successful gmin step
Trying gmin =   4.2436E-10 Note: One successful gmin step
Trying gmin =   9.6893E-11 Note: One successful gmin step
Trying gmin =   1.0571E-11 Note: One successful gmin step
Trying gmin =   1.0571E-12 Note: One successful gmin step
Trying gmin =   1.0000E-12 Note: One successful gmin step
Note: Dynamic gmin stepping completed

No. of Data Rows : 1
Doing analysis at TEMP = 85.000000 and TNOM = 27.000000

Note: include: has no value, DC 0 assumed
Note: Starting dynamic gmin stepping
Trying gmin =   1.0000E-03 Note: One successful gmin step
Trying gmin =   1.0000E-04 Note: One successful gmin step
Trying gmin =   1.0000E-05 Note: One successful gmin step
Trying gmin =   1.0000E-06 Note: One successful gmin step
Trying gmin =   3.1623E-07 Note: One successful gmin step
Trying gmin =   5.6234E-08 Note: One successful gmin step
Trying gmin =   5.6234E-09 Warning: Further gmin increment
Trying gmin =   3.1623E-08 Note: One successful gmin step
Trying gmin =   1.3335E-08 Note: One successful gmin step
Trying gmin =   3.6517E-09 Warning: Further gmin increment
Trying gmin =   9.6466E-09 Note: One successful gmin step
Trying gmin =   5.9352E-09 Warning: Further gmin increment
Trying gmin =   8.5436E-09 Warning: Further gmin increment
Trying gmin =   9.3582E-09 Note: One successful gmin step
Trying gmin =   8.9416E-09 Note: One successful gmin step
Trying gmin =   8.3513E-09 Note: One successful gmin step
Trying gmin =   7.5380E-09 Note: One successful gmin step
Trying gmin =   6.4642E-09 Warning: Further gmin increment
Trying gmin =   7.2539E-09 Note: One successful gmin step
Trying gmin =   6.8477E-09 Note: One successful gmin step
Trying gmin =   6.2806E-09 Note: One successful gmin step
Trying gmin =   5.5168E-09 Note: One successful gmin step
Trying gmin =   4.5417E-09 Note: One successful gmin step
Trying gmin =   3.3924E-09 Note: One successful gmin step
Trying gmin =   2.1901E-09 Note: One successful gmin step
Trying gmin =   1.1360E-09 Note: One successful gmin step
Trying gmin =   4.2436E-10 Note: One successful gmin step
Trying gmin =   9.6893E-11 Note: One successful gmin step
Trying gmin =   1.0571E-11 Note: One successful gmin step
Trying gmin =   1.0571E-12 Note: One successful gmin step
Trying gmin =   1.0000E-12 Note: One successful gmin step
Note: Dynamic gmin stepping completed

No. of Data Rows : 121
Doing analysis at TEMP = 85.000000 and TNOM = 27.000000

Note: include: has no value, DC 0 assumed
Note: Starting dynamic gmin stepping
Trying gmin =   1.0000E-03 Note: One successful gmin step
Trying gmin =   1.0000E-04 Note: One successful gmin step
Trying gmin =   1.0000E-05 Note: One successful gmin step
Trying gmin =   1.0000E-06 Note: One successful gmin step
Trying gmin =   3.1623E-07 Note: One successful gmin step
Trying gmin =   5.6234E-08 Note: One successful gmin step
Trying gmin =   5.6234E-09 Warning: Further gmin increment
Trying gmin =   3.1623E-08 Note: One successful gmin step
Trying gmin =   1.3335E-08 Note: One successful gmin step
Trying gmin =   3.6517E-09 Warning: Further gmin increment
Trying gmin =   9.6466E-09 Note: One successful gmin step
Trying gmin =   5.9352E-09 Warning: Further gmin increment
Trying gmin =   8.5436E-09 Warning: Further gmin increment
Trying gmin =   9.3582E-09 Note: One successful gmin step
Trying gmin =   8.9416E-09 Note: One successful gmin step
Trying gmin =   8.3513E-09 Note: One successful gmin step
Trying gmin =   7.5380E-09 Note: One successful gmin step
Trying gmin =   6.4642E-09 Warning: Further gmin increment
Trying gmin =   7.2539E-09 Note: One successful gmin step
Trying gmin =   6.8477E-09 Note: One successful gmin step
Trying gmin =   6.2806E-09 Note: One successful gmin step
Trying gmin =   5.5168E-09 Note: One successful gmin step
Trying gmin =   4.5417E-09 Note: One successful gmin step
Trying gmin =   3.3924E-09 Note: One successful gmin step
Trying gmin =   2.1901E-09 Note: One successful gmin step
Trying gmin =   1.1360E-09 Note: One successful gmin step
Trying gmin =   4.2436E-10 Note: One successful gmin step
Trying gmin =   9.6893E-11 Note: One successful gmin step
Trying gmin =   1.0571E-11 Note: One successful gmin step
Trying gmin =   1.0571E-12 Note: One successful gmin step
Trying gmin =   1.0000E-12 Note: One successful gmin step
Note: Dynamic gmin stepping completed

No. of Data Rows : 121
Doing analysis at TEMP = 85.000000 and TNOM = 27.000000

Note: include: has no value, DC 0 assumed
Note: Starting dynamic gmin stepping
Trying gmin =   1.0000E-03 Note: One successful gmin step
Trying gmin =   1.0000E-04 Note: One successful gmin step
Trying gmin =   1.0000E-05 Note: One successful gmin step
Trying gmin =   1.0000E-06 Note: One successful gmin step
Trying gmin =   3.1623E-07 Note: One successful gmin step
Trying gmin =   5.6234E-08 Note: One successful gmin step
Trying gmin =   5.6234E-09 Warning: Further gmin increment
Trying gmin =   3.1623E-08 Note: One successful gmin step
Trying gmin =   1.3335E-08 Note: One successful gmin step
Trying gmin =   3.6517E-09 Warning: Further gmin increment
Trying gmin =   9.6466E-09 Note: One successful gmin step
Trying gmin =   5.9352E-09 Warning: Further gmin increment
Trying gmin =   8.5436E-09 Warning: Further gmin increment
Trying gmin =   9.3582E-09 Note: One successful gmin step
Trying gmin =   8.9416E-09 Note: One successful gmin step
Trying gmin =   8.3513E-09 Note: One successful gmin step
Trying gmin =   7.5380E-09 Note: One successful gmin step
Trying gmin =   6.4642E-09 Warning: Further gmin increment
Trying gmin =   7.2539E-09 Note: One successful gmin step
Trying gmin =   6.8477E-09 Note: One successful gmin step
Trying gmin =   6.2806E-09 Note: One successful gmin step
Trying gmin =   5.5168E-09 Note: One successful gmin step
Trying gmin =   4.5417E-09 Note: One successful gmin step
Trying gmin =   3.3924E-09 Note: One successful gmin step
Trying gmin =   2.1901E-09 Note: One successful gmin step
Trying gmin =   1.1360E-09 Note: One successful gmin step
Trying gmin =   4.2436E-10 Note: One successful gmin step
Trying gmin =   9.6893E-11 Note: One successful gmin step
Trying gmin =   1.0571E-11 Note: One successful gmin step
Trying gmin =   1.0571E-12 Note: One successful gmin step
Trying gmin =   1.0000E-12 Note: One successful gmin step
Note: Dynamic gmin stepping completed

No. of Data Rows : 121
av0p1hz             =  1.050272e+02
gbw                 =  1.464970e+06
pm180               =  4.595026e+07
pm                  =  6.256892e+01
gm                  =  -4.675709e+01
cmrr0p1hz           =  1.058802e+02
psrr0p1hz           =  9.169753e+01
ERROR: (internal)  This operation is not defined for display type PrinterOnly.
Can't open viewport for graphics.
ERROR: (internal)  This operation is not defined for display type PrinterOnly.
Can't open viewport for graphics.
idd = -3.11865e-04
vos = 3.665905e-04
binary raw file "./out/{num}.raw"
Doing analysis at TEMP = 85.000000 and TNOM = 27.000000

Note: include: has no value, DC 0 assumed
OP information in rawfile.

Total analysis time (seconds) = 128.122

Total elapsed time (seconds) = 151.466 

Total DRAM available = 7841.945 MB.
DRAM currently available =  609.637 MB.
Maximum ngspice program size =  932.754 MB.
Current ngspice program size =  885.160 MB.

Shared ngspice pages =   10.863 MB.
Text (code) pages =    5.461 MB.
Stack = 0 bytes.
Library pages =  912.309 MB.

