
Note: Compatibility modes selected: hs a

Warning: m=xx on .subckt line will override multiplier m hierarchy!


Circuit: * num: 21 corner: sf vdd: 5.5 temp: 85

option SCALE: Scale is set to 1e-06 for instance and model parameters
Doing analysis at TEMP = 85.000000 and TNOM = 27.000000

Note: include: has no value, DC 0 assumed
Note: Starting dynamic gmin stepping
Trying gmin =   1.0000E-03 Note: One successful gmin step
Trying gmin =   1.0000E-04 Note: One successful gmin step
Trying gmin =   1.0000E-05 Note: One successful gmin step
Trying gmin =   1.0000E-06 Note: One successful gmin step
Trying gmin =   3.1623E-07 Note: One successful gmin step
Trying gmin =   5.6234E-08 Note: One successful gmin step
Trying gmin =   5.6234E-09 Warning: Further gmin increment
Trying gmin =   3.1623E-08 Note: One successful gmin step
Trying gmin =   1.3335E-08 Warning: Further gmin increment
Trying gmin =   2.5483E-08 Note: One successful gmin step
Trying gmin =   1.8434E-08 Note: One successful gmin step
Trying gmin =   1.1342E-08 Note: One successful gmin step
Trying gmin =   5.4737E-09 Warning: Further gmin increment
Trying gmin =   9.4534E-09 Note: One successful gmin step
Trying gmin =   7.8792E-09 Note: One successful gmin step
Trying gmin =   5.9956E-09 Warning: Further gmin increment
Trying gmin =   7.3590E-09 Note: One successful gmin step
Trying gmin =   6.6424E-09 Warning: Further gmin increment
Trying gmin =   7.1729E-09 Note: One successful gmin step
Trying gmin =   6.9026E-09 Note: One successful gmin step
Trying gmin =   6.5160E-09 Note: One successful gmin step
Trying gmin =   5.9764E-09 Note: One successful gmin step
Trying gmin =   5.2496E-09 Note: One successful gmin step
Trying gmin =   4.3217E-09 Note: One successful gmin step
Trying gmin =   3.2281E-09 Note: One successful gmin step
Trying gmin =   2.0840E-09 Note: One successful gmin step
Trying gmin =   1.0810E-09 Note: One successful gmin step
Trying gmin =   4.0381E-10 Note: One successful gmin step
Trying gmin =   9.2200E-11 Note: One successful gmin step
Trying gmin =   1.0059E-11 Note: One successful gmin step
Trying gmin =   1.0059E-12 Note: One successful gmin step
Trying gmin =   1.0000E-12 Note: One successful gmin step
Note: Dynamic gmin stepping completed

No. of Data Rows : 1
Doing analysis at TEMP = 85.000000 and TNOM = 27.000000

Note: include: has no value, DC 0 assumed
Note: Starting dynamic gmin stepping
Trying gmin =   1.0000E-03 Note: One successful gmin step
Trying gmin =   1.0000E-04 Note: One successful gmin step
Trying gmin =   1.0000E-05 Note: One successful gmin step
Trying gmin =   1.0000E-06 Note: One successful gmin step
Trying gmin =   3.1623E-07 Note: One successful gmin step
Trying gmin =   5.6234E-08 Note: One successful gmin step
Trying gmin =   5.6234E-09 Warning: Further gmin increment
Trying gmin =   3.1623E-08 Note: One successful gmin step
Trying gmin =   1.3335E-08 Warning: Further gmin increment
Trying gmin =   2.5483E-08 Note: One successful gmin step
Trying gmin =   1.8434E-08 Note: One successful gmin step
Trying gmin =   1.1342E-08 Note: One successful gmin step
Trying gmin =   5.4737E-09 Warning: Further gmin increment
Trying gmin =   9.4534E-09 Note: One successful gmin step
Trying gmin =   7.8792E-09 Note: One successful gmin step
Trying gmin =   5.9956E-09 Warning: Further gmin increment
Trying gmin =   7.3590E-09 Note: One successful gmin step
Trying gmin =   6.6424E-09 Warning: Further gmin increment
Trying gmin =   7.1729E-09 Note: One successful gmin step
Trying gmin =   6.9026E-09 Note: One successful gmin step
Trying gmin =   6.5160E-09 Note: One successful gmin step
Trying gmin =   5.9764E-09 Note: One successful gmin step
Trying gmin =   5.2496E-09 Note: One successful gmin step
Trying gmin =   4.3217E-09 Note: One successful gmin step
Trying gmin =   3.2281E-09 Note: One successful gmin step
Trying gmin =   2.0840E-09 Note: One successful gmin step
Trying gmin =   1.0810E-09 Note: One successful gmin step
Trying gmin =   4.0381E-10 Note: One successful gmin step
Trying gmin =   9.2200E-11 Note: One successful gmin step
Trying gmin =   1.0059E-11 Note: One successful gmin step
Trying gmin =   1.0059E-12 Note: One successful gmin step
Trying gmin =   1.0000E-12 Note: One successful gmin step
Note: Dynamic gmin stepping completed

No. of Data Rows : 121
Doing analysis at TEMP = 85.000000 and TNOM = 27.000000

Note: include: has no value, DC 0 assumed
Note: Starting dynamic gmin stepping
Trying gmin =   1.0000E-03 Note: One successful gmin step
Trying gmin =   1.0000E-04 Note: One successful gmin step
Trying gmin =   1.0000E-05 Note: One successful gmin step
Trying gmin =   1.0000E-06 Note: One successful gmin step
Trying gmin =   3.1623E-07 Note: One successful gmin step
Trying gmin =   5.6234E-08 Note: One successful gmin step
Trying gmin =   5.6234E-09 Warning: Further gmin increment
Trying gmin =   3.1623E-08 Note: One successful gmin step
Trying gmin =   1.3335E-08 Warning: Further gmin increment
Trying gmin =   2.5483E-08 Note: One successful gmin step
Trying gmin =   1.8434E-08 Note: One successful gmin step
Trying gmin =   1.1342E-08 Note: One successful gmin step
Trying gmin =   5.4737E-09 Warning: Further gmin increment
Trying gmin =   9.4534E-09 Note: One successful gmin step
Trying gmin =   7.8792E-09 Note: One successful gmin step
Trying gmin =   5.9956E-09 Warning: Further gmin increment
Trying gmin =   7.3590E-09 Note: One successful gmin step
Trying gmin =   6.6424E-09 Warning: Further gmin increment
Trying gmin =   7.1729E-09 Note: One successful gmin step
Trying gmin =   6.9026E-09 Note: One successful gmin step
Trying gmin =   6.5160E-09 Note: One successful gmin step
Trying gmin =   5.9764E-09 Note: One successful gmin step
Trying gmin =   5.2496E-09 Note: One successful gmin step
Trying gmin =   4.3217E-09 Note: One successful gmin step
Trying gmin =   3.2281E-09 Note: One successful gmin step
Trying gmin =   2.0840E-09 Note: One successful gmin step
Trying gmin =   1.0810E-09 Note: One successful gmin step
Trying gmin =   4.0381E-10 Note: One successful gmin step
Trying gmin =   9.2200E-11 Note: One successful gmin step
Trying gmin =   1.0059E-11 Note: One successful gmin step
Trying gmin =   1.0059E-12 Note: One successful gmin step
Trying gmin =   1.0000E-12 Note: One successful gmin step
Note: Dynamic gmin stepping completed

No. of Data Rows : 121
Doing analysis at TEMP = 85.000000 and TNOM = 27.000000

Note: include: has no value, DC 0 assumed
Note: Starting dynamic gmin stepping
Trying gmin =   1.0000E-03 Note: One successful gmin step
Trying gmin =   1.0000E-04 Note: One successful gmin step
Trying gmin =   1.0000E-05 Note: One successful gmin step
Trying gmin =   1.0000E-06 Note: One successful gmin step
Trying gmin =   3.1623E-07 Note: One successful gmin step
Trying gmin =   5.6234E-08 Note: One successful gmin step
Trying gmin =   5.6234E-09 Warning: Further gmin increment
Trying gmin =   3.1623E-08 Note: One successful gmin step
Trying gmin =   1.3335E-08 Warning: Further gmin increment
Trying gmin =   2.5483E-08 Note: One successful gmin step
Trying gmin =   1.8434E-08 Note: One successful gmin step
Trying gmin =   1.1342E-08 Note: One successful gmin step
Trying gmin =   5.4737E-09 Warning: Further gmin increment
Trying gmin =   9.4534E-09 Note: One successful gmin step
Trying gmin =   7.8792E-09 Note: One successful gmin step
Trying gmin =   5.9956E-09 Warning: Further gmin increment
Trying gmin =   7.3590E-09 Note: One successful gmin step
Trying gmin =   6.6424E-09 Warning: Further gmin increment
Trying gmin =   7.1729E-09 Note: One successful gmin step
Trying gmin =   6.9026E-09 Note: One successful gmin step
Trying gmin =   6.5160E-09 Note: One successful gmin step
Trying gmin =   5.9764E-09 Note: One successful gmin step
Trying gmin =   5.2496E-09 Note: One successful gmin step
Trying gmin =   4.3217E-09 Note: One successful gmin step
Trying gmin =   3.2281E-09 Note: One successful gmin step
Trying gmin =   2.0840E-09 Note: One successful gmin step
Trying gmin =   1.0810E-09 Note: One successful gmin step
Trying gmin =   4.0381E-10 Note: One successful gmin step
Trying gmin =   9.2200E-11 Note: One successful gmin step
Trying gmin =   1.0059E-11 Note: One successful gmin step
Trying gmin =   1.0059E-12 Note: One successful gmin step
Trying gmin =   1.0000E-12 Note: One successful gmin step
Note: Dynamic gmin stepping completed

No. of Data Rows : 121
av0p1hz             =  1.110856e+02
gbw                 =  1.432956e+06
pm180               =  4.381084e+07
pm                  =  6.158901e+01
gm                  =  -4.696172e+01
cmrr0p1hz           =  1.037567e+02
psrr0p1hz           =  7.723852e+01
ERROR: (internal)  This operation is not defined for display type PrinterOnly.
Can't open viewport for graphics.
ERROR: (internal)  This operation is not defined for display type PrinterOnly.
Can't open viewport for graphics.
idd = -3.05641e-04
vos = 3.301197e-04
binary raw file "./out/{num}.raw"
Doing analysis at TEMP = 85.000000 and TNOM = 27.000000

Note: include: has no value, DC 0 assumed
OP information in rawfile.

Total analysis time (seconds) = 121.703

Total elapsed time (seconds) = 144.791 

Total DRAM available = 7841.945 MB.
DRAM currently available =  601.406 MB.
Maximum ngspice program size =  932.418 MB.
Current ngspice program size =  884.863 MB.

Shared ngspice pages =   10.812 MB.
Text (code) pages =    5.461 MB.
Stack = 0 bytes.
Library pages =  911.973 MB.

