
Note: Compatibility modes selected: hs a

Warning: m=xx on .subckt line will override multiplier m hierarchy!


Circuit: * num: 22 corner: fs vdd: 5.5 temp: 85

option SCALE: Scale is set to 1e-06 for instance and model parameters
Doing analysis at TEMP = 85.000000 and TNOM = 27.000000

Note: include: has no value, DC 0 assumed
Note: Starting dynamic gmin stepping
Trying gmin =   1.0000E-03 Note: One successful gmin step
Trying gmin =   1.0000E-04 Note: One successful gmin step
Trying gmin =   1.0000E-05 Note: One successful gmin step
Trying gmin =   1.0000E-06 Note: One successful gmin step
Trying gmin =   3.1623E-07 Note: One successful gmin step
Trying gmin =   5.6234E-08 Note: One successful gmin step
Trying gmin =   5.6234E-09 Warning: Further gmin increment
Trying gmin =   3.1623E-08 Note: One successful gmin step
Trying gmin =   1.3335E-08 Note: One successful gmin step
Trying gmin =   3.6517E-09 Warning: Further gmin increment
Trying gmin =   9.6466E-09 Note: One successful gmin step
Trying gmin =   6.9783E-09 Warning: Further gmin increment
Trying gmin =   8.8965E-09 Note: One successful gmin step
Trying gmin =   7.8792E-09 Warning: Further gmin increment
Trying gmin =   8.6305E-09 Note: One successful gmin step
Trying gmin =   8.2463E-09 Warning: Further gmin increment
Trying gmin =   8.5328E-09 Note: One successful gmin step
Trying gmin =   8.3883E-09 Note: One successful gmin step
Trying gmin =   8.1762E-09 Note: One successful gmin step
Trying gmin =   7.8680E-09 Note: One successful gmin step
Trying gmin =   7.4274E-09 Note: One successful gmin step
Trying gmin =   6.8123E-09 Note: One successful gmin step
Trying gmin =   5.9839E-09 Warning: Further gmin increment
Trying gmin =   6.5950E-09 Note: One successful gmin step
Trying gmin =   6.2820E-09 Note: One successful gmin step
Trying gmin =   5.8401E-09 Note: One successful gmin step
Trying gmin =   5.2349E-09 Note: One successful gmin step
Trying gmin =   4.4426E-09 Note: One successful gmin step
Trying gmin =   3.4732E-09 Note: One successful gmin step
Trying gmin =   2.4009E-09 Note: One successful gmin step
Trying gmin =   1.3798E-09 Note: One successful gmin step
Trying gmin =   6.0119E-10 Note: One successful gmin step
Trying gmin =   1.7290E-10 Note: One successful gmin step
Trying gmin =   2.6666E-11 Note: One successful gmin step
Trying gmin =   2.6666E-12 Note: One successful gmin step
Trying gmin =   1.0000E-12 Note: One successful gmin step
Note: Dynamic gmin stepping completed

No. of Data Rows : 1
Doing analysis at TEMP = 85.000000 and TNOM = 27.000000

Note: include: has no value, DC 0 assumed
Note: Starting dynamic gmin stepping
Trying gmin =   1.0000E-03 Note: One successful gmin step
Trying gmin =   1.0000E-04 Note: One successful gmin step
Trying gmin =   1.0000E-05 Note: One successful gmin step
Trying gmin =   1.0000E-06 Note: One successful gmin step
Trying gmin =   3.1623E-07 Note: One successful gmin step
Trying gmin =   5.6234E-08 Note: One successful gmin step
Trying gmin =   5.6234E-09 Warning: Further gmin increment
Trying gmin =   3.1623E-08 Note: One successful gmin step
Trying gmin =   1.3335E-08 Note: One successful gmin step
Trying gmin =   3.6517E-09 Warning: Further gmin increment
Trying gmin =   9.6466E-09 Note: One successful gmin step
Trying gmin =   6.9783E-09 Warning: Further gmin increment
Trying gmin =   8.8965E-09 Note: One successful gmin step
Trying gmin =   7.8792E-09 Warning: Further gmin increment
Trying gmin =   8.6305E-09 Note: One successful gmin step
Trying gmin =   8.2463E-09 Warning: Further gmin increment
Trying gmin =   8.5328E-09 Note: One successful gmin step
Trying gmin =   8.3883E-09 Note: One successful gmin step
Trying gmin =   8.1762E-09 Note: One successful gmin step
Trying gmin =   7.8680E-09 Note: One successful gmin step
Trying gmin =   7.4274E-09 Note: One successful gmin step
Trying gmin =   6.8123E-09 Note: One successful gmin step
Trying gmin =   5.9839E-09 Warning: Further gmin increment
Trying gmin =   6.5950E-09 Note: One successful gmin step
Trying gmin =   6.2820E-09 Note: One successful gmin step
Trying gmin =   5.8401E-09 Note: One successful gmin step
Trying gmin =   5.2349E-09 Note: One successful gmin step
Trying gmin =   4.4426E-09 Note: One successful gmin step
Trying gmin =   3.4732E-09 Note: One successful gmin step
Trying gmin =   2.4009E-09 Note: One successful gmin step
Trying gmin =   1.3798E-09 Note: One successful gmin step
Trying gmin =   6.0119E-10 Note: One successful gmin step
Trying gmin =   1.7290E-10 Note: One successful gmin step
Trying gmin =   2.6666E-11 Note: One successful gmin step
Trying gmin =   2.6666E-12 Note: One successful gmin step
Trying gmin =   1.0000E-12 Note: One successful gmin step
Note: Dynamic gmin stepping completed

No. of Data Rows : 121
Doing analysis at TEMP = 85.000000 and TNOM = 27.000000

Note: include: has no value, DC 0 assumed
Note: Starting dynamic gmin stepping
Trying gmin =   1.0000E-03 Note: One successful gmin step
Trying gmin =   1.0000E-04 Note: One successful gmin step
Trying gmin =   1.0000E-05 Note: One successful gmin step
Trying gmin =   1.0000E-06 Note: One successful gmin step
Trying gmin =   3.1623E-07 Note: One successful gmin step
Trying gmin =   5.6234E-08 Note: One successful gmin step
Trying gmin =   5.6234E-09 Warning: Further gmin increment
Trying gmin =   3.1623E-08 Note: One successful gmin step
Trying gmin =   1.3335E-08 Note: One successful gmin step
Trying gmin =   3.6517E-09 Warning: Further gmin increment
Trying gmin =   9.6466E-09 Note: One successful gmin step
Trying gmin =   6.9783E-09 Warning: Further gmin increment
Trying gmin =   8.8965E-09 Note: One successful gmin step
Trying gmin =   7.8792E-09 Warning: Further gmin increment
Trying gmin =   8.6305E-09 Note: One successful gmin step
Trying gmin =   8.2463E-09 Warning: Further gmin increment
Trying gmin =   8.5328E-09 Note: One successful gmin step
Trying gmin =   8.3883E-09 Note: One successful gmin step
Trying gmin =   8.1762E-09 Note: One successful gmin step
Trying gmin =   7.8680E-09 Note: One successful gmin step
Trying gmin =   7.4274E-09 Note: One successful gmin step
Trying gmin =   6.8123E-09 Note: One successful gmin step
Trying gmin =   5.9839E-09 Warning: Further gmin increment
Trying gmin =   6.5950E-09 Note: One successful gmin step
Trying gmin =   6.2820E-09 Note: One successful gmin step
Trying gmin =   5.8401E-09 Note: One successful gmin step
Trying gmin =   5.2349E-09 Note: One successful gmin step
Trying gmin =   4.4426E-09 Note: One successful gmin step
Trying gmin =   3.4732E-09 Note: One successful gmin step
Trying gmin =   2.4009E-09 Note: One successful gmin step
Trying gmin =   1.3798E-09 Note: One successful gmin step
Trying gmin =   6.0119E-10 Note: One successful gmin step
Trying gmin =   1.7290E-10 Note: One successful gmin step
Trying gmin =   2.6666E-11 Note: One successful gmin step
Trying gmin =   2.6666E-12 Note: One successful gmin step
Trying gmin =   1.0000E-12 Note: One successful gmin step
Note: Dynamic gmin stepping completed

No. of Data Rows : 121
Doing analysis at TEMP = 85.000000 and TNOM = 27.000000

Note: include: has no value, DC 0 assumed
Note: Starting dynamic gmin stepping
Trying gmin =   1.0000E-03 Note: One successful gmin step
Trying gmin =   1.0000E-04 Note: One successful gmin step
Trying gmin =   1.0000E-05 Note: One successful gmin step
Trying gmin =   1.0000E-06 Note: One successful gmin step
Trying gmin =   3.1623E-07 Note: One successful gmin step
Trying gmin =   5.6234E-08 Note: One successful gmin step
Trying gmin =   5.6234E-09 Warning: Further gmin increment
Trying gmin =   3.1623E-08 Note: One successful gmin step
Trying gmin =   1.3335E-08 Note: One successful gmin step
Trying gmin =   3.6517E-09 Warning: Further gmin increment
Trying gmin =   9.6466E-09 Note: One successful gmin step
Trying gmin =   6.9783E-09 Warning: Further gmin increment
Trying gmin =   8.8965E-09 Note: One successful gmin step
Trying gmin =   7.8792E-09 Warning: Further gmin increment
Trying gmin =   8.6305E-09 Note: One successful gmin step
Trying gmin =   8.2463E-09 Warning: Further gmin increment
Trying gmin =   8.5328E-09 Note: One successful gmin step
Trying gmin =   8.3883E-09 Note: One successful gmin step
Trying gmin =   8.1762E-09 Note: One successful gmin step
Trying gmin =   7.8680E-09 Note: One successful gmin step
Trying gmin =   7.4274E-09 Note: One successful gmin step
Trying gmin =   6.8123E-09 Note: One successful gmin step
Trying gmin =   5.9839E-09 Warning: Further gmin increment
Trying gmin =   6.5950E-09 Note: One successful gmin step
Trying gmin =   6.2820E-09 Note: One successful gmin step
Trying gmin =   5.8401E-09 Note: One successful gmin step
Trying gmin =   5.2349E-09 Note: One successful gmin step
Trying gmin =   4.4426E-09 Note: One successful gmin step
Trying gmin =   3.4732E-09 Note: One successful gmin step
Trying gmin =   2.4009E-09 Note: One successful gmin step
Trying gmin =   1.3798E-09 Note: One successful gmin step
Trying gmin =   6.0119E-10 Note: One successful gmin step
Trying gmin =   1.7290E-10 Note: One successful gmin step
Trying gmin =   2.6666E-11 Note: One successful gmin step
Trying gmin =   2.6666E-12 Note: One successful gmin step
Trying gmin =   1.0000E-12 Note: One successful gmin step
Note: Dynamic gmin stepping completed

No. of Data Rows : 121
av0p1hz             =  1.078038e+02
gbw                 =  1.431831e+06
pm180               =  4.367957e+07
pm                  =  6.193264e+01
gm                  =  -4.671586e+01
cmrr0p1hz           =  1.083211e+02
psrr0p1hz           =  7.978407e+01
ERROR: (internal)  This operation is not defined for display type PrinterOnly.
Can't open viewport for graphics.
ERROR: (internal)  This operation is not defined for display type PrinterOnly.
Can't open viewport for graphics.
idd = -3.08851e-04
vos = 3.637334e-04
binary raw file "./out/{num}.raw"
Doing analysis at TEMP = 85.000000 and TNOM = 27.000000

Note: include: has no value, DC 0 assumed
OP information in rawfile.

Total analysis time (seconds) = 131.048

Total elapsed time (seconds) = 154.433 

Total DRAM available = 7841.945 MB.
DRAM currently available =  627.855 MB.
Maximum ngspice program size =  932.414 MB.
Current ngspice program size =  884.719 MB.

Shared ngspice pages =   10.719 MB.
Text (code) pages =    5.461 MB.
Stack = 0 bytes.
Library pages =  911.969 MB.

