
Note: Compatibility modes selected: hs a

Warning: m=xx on .subckt line will override multiplier m hierarchy!


Circuit: * num: 24 corner: hh vdd: 5.5 temp: 85

option SCALE: Scale is set to 1e-06 for instance and model parameters
Doing analysis at TEMP = 85.000000 and TNOM = 27.000000

Note: include: has no value, DC 0 assumed
Note: Starting dynamic gmin stepping
Trying gmin =   1.0000E-03 Note: One successful gmin step
Trying gmin =   1.0000E-04 Note: One successful gmin step
Trying gmin =   1.0000E-05 Note: One successful gmin step
Trying gmin =   1.0000E-06 Warning: Further gmin increment
Trying gmin =   5.6234E-06 Note: One successful gmin step
Trying gmin =   2.3714E-06 Note: One successful gmin step
Trying gmin =   1.0000E-06 Note: One successful gmin step
Trying gmin =   4.2170E-07 Note: One successful gmin step
Trying gmin =   1.1548E-07 Note: One successful gmin step
Trying gmin =   1.6548E-08 Note: One successful gmin step
Trying gmin =   1.6548E-09 Warning: Further gmin increment
Trying gmin =   9.3057E-09 Note: One successful gmin step
Trying gmin =   3.9242E-09 Warning: Further gmin increment
Trying gmin =   7.4989E-09 Warning: Further gmin increment
Trying gmin =   8.8168E-09 Warning: Further gmin increment
Trying gmin =   9.1810E-09 Note: One successful gmin step
Trying gmin =   8.9971E-09 Note: One successful gmin step
Trying gmin =   8.7281E-09 Note: One successful gmin step
Trying gmin =   8.3395E-09 Note: One successful gmin step
Trying gmin =   7.7890E-09 Note: One successful gmin step
Trying gmin =   7.0305E-09 Note: One successful gmin step
Trying gmin =   6.0290E-09 Warning: Further gmin increment
Trying gmin =   6.7655E-09 Note: One successful gmin step
Trying gmin =   6.3866E-09 Note: One successful gmin step
Trying gmin =   5.8577E-09 Note: One successful gmin step
Trying gmin =   5.1454E-09 Note: One successful gmin step
Trying gmin =   4.2359E-09 Note: One successful gmin step
Trying gmin =   3.1640E-09 Note: One successful gmin step
Trying gmin =   2.0426E-09 Note: One successful gmin step
Trying gmin =   1.0595E-09 Note: One successful gmin step
Trying gmin =   3.9579E-10 Note: One successful gmin step
Trying gmin =   9.0369E-11 Note: One successful gmin step
Trying gmin =   9.8593E-12 Note: One successful gmin step
Trying gmin =   1.0000E-12 Note: One successful gmin step
Note: Dynamic gmin stepping completed

No. of Data Rows : 1
Doing analysis at TEMP = 85.000000 and TNOM = 27.000000

Note: include: has no value, DC 0 assumed
Note: Starting dynamic gmin stepping
Trying gmin =   1.0000E-03 Note: One successful gmin step
Trying gmin =   1.0000E-04 Note: One successful gmin step
Trying gmin =   1.0000E-05 Note: One successful gmin step
Trying gmin =   1.0000E-06 Warning: Further gmin increment
Trying gmin =   5.6234E-06 Note: One successful gmin step
Trying gmin =   2.3714E-06 Note: One successful gmin step
Trying gmin =   1.0000E-06 Note: One successful gmin step
Trying gmin =   4.2170E-07 Note: One successful gmin step
Trying gmin =   1.1548E-07 Note: One successful gmin step
Trying gmin =   1.6548E-08 Note: One successful gmin step
Trying gmin =   1.6548E-09 Warning: Further gmin increment
Trying gmin =   9.3057E-09 Note: One successful gmin step
Trying gmin =   3.9242E-09 Warning: Further gmin increment
Trying gmin =   7.4989E-09 Warning: Further gmin increment
Trying gmin =   8.8168E-09 Warning: Further gmin increment
Trying gmin =   9.1810E-09 Note: One successful gmin step
Trying gmin =   8.9971E-09 Note: One successful gmin step
Trying gmin =   8.7281E-09 Note: One successful gmin step
Trying gmin =   8.3395E-09 Note: One successful gmin step
Trying gmin =   7.7890E-09 Note: One successful gmin step
Trying gmin =   7.0305E-09 Note: One successful gmin step
Trying gmin =   6.0290E-09 Warning: Further gmin increment
Trying gmin =   6.7655E-09 Note: One successful gmin step
Trying gmin =   6.3866E-09 Note: One successful gmin step
Trying gmin =   5.8577E-09 Note: One successful gmin step
Trying gmin =   5.1454E-09 Note: One successful gmin step
Trying gmin =   4.2359E-09 Note: One successful gmin step
Trying gmin =   3.1640E-09 Note: One successful gmin step
Trying gmin =   2.0426E-09 Note: One successful gmin step
Trying gmin =   1.0595E-09 Note: One successful gmin step
Trying gmin =   3.9579E-10 Note: One successful gmin step
Trying gmin =   9.0369E-11 Note: One successful gmin step
Trying gmin =   9.8593E-12 Note: One successful gmin step
Trying gmin =   1.0000E-12 Note: One successful gmin step
Note: Dynamic gmin stepping completed

No. of Data Rows : 121
Doing analysis at TEMP = 85.000000 and TNOM = 27.000000

Note: include: has no value, DC 0 assumed
Note: Starting dynamic gmin stepping
Trying gmin =   1.0000E-03 Note: One successful gmin step
Trying gmin =   1.0000E-04 Note: One successful gmin step
Trying gmin =   1.0000E-05 Note: One successful gmin step
Trying gmin =   1.0000E-06 Warning: Further gmin increment
Trying gmin =   5.6234E-06 Note: One successful gmin step
Trying gmin =   2.3714E-06 Note: One successful gmin step
Trying gmin =   1.0000E-06 Note: One successful gmin step
Trying gmin =   4.2170E-07 Note: One successful gmin step
Trying gmin =   1.1548E-07 Note: One successful gmin step
Trying gmin =   1.6548E-08 Note: One successful gmin step
Trying gmin =   1.6548E-09 Warning: Further gmin increment
Trying gmin =   9.3057E-09 Note: One successful gmin step
Trying gmin =   3.9242E-09 Warning: Further gmin increment
Trying gmin =   7.4989E-09 Warning: Further gmin increment
Trying gmin =   8.8168E-09 Warning: Further gmin increment
Trying gmin =   9.1810E-09 Note: One successful gmin step
Trying gmin =   8.9971E-09 Note: One successful gmin step
Trying gmin =   8.7281E-09 Note: One successful gmin step
Trying gmin =   8.3395E-09 Note: One successful gmin step
Trying gmin =   7.7890E-09 Note: One successful gmin step
Trying gmin =   7.0305E-09 Note: One successful gmin step
Trying gmin =   6.0290E-09 Warning: Further gmin increment
Trying gmin =   6.7655E-09 Note: One successful gmin step
Trying gmin =   6.3866E-09 Note: One successful gmin step
Trying gmin =   5.8577E-09 Note: One successful gmin step
Trying gmin =   5.1454E-09 Note: One successful gmin step
Trying gmin =   4.2359E-09 Note: One successful gmin step
Trying gmin =   3.1640E-09 Note: One successful gmin step
Trying gmin =   2.0426E-09 Note: One successful gmin step
Trying gmin =   1.0595E-09 Note: One successful gmin step
Trying gmin =   3.9579E-10 Note: One successful gmin step
Trying gmin =   9.0369E-11 Note: One successful gmin step
Trying gmin =   9.8593E-12 Note: One successful gmin step
Trying gmin =   1.0000E-12 Note: One successful gmin step
Note: Dynamic gmin stepping completed

No. of Data Rows : 121
Doing analysis at TEMP = 85.000000 and TNOM = 27.000000

Note: include: has no value, DC 0 assumed
Note: Starting dynamic gmin stepping
Trying gmin =   1.0000E-03 Note: One successful gmin step
Trying gmin =   1.0000E-04 Note: One successful gmin step
Trying gmin =   1.0000E-05 Note: One successful gmin step
Trying gmin =   1.0000E-06 Warning: Further gmin increment
Trying gmin =   5.6234E-06 Note: One successful gmin step
Trying gmin =   2.3714E-06 Note: One successful gmin step
Trying gmin =   1.0000E-06 Note: One successful gmin step
Trying gmin =   4.2170E-07 Note: One successful gmin step
Trying gmin =   1.1548E-07 Note: One successful gmin step
Trying gmin =   1.6548E-08 Note: One successful gmin step
Trying gmin =   1.6548E-09 Warning: Further gmin increment
Trying gmin =   9.3057E-09 Note: One successful gmin step
Trying gmin =   3.9242E-09 Warning: Further gmin increment
Trying gmin =   7.4989E-09 Warning: Further gmin increment
Trying gmin =   8.8168E-09 Warning: Further gmin increment
Trying gmin =   9.1810E-09 Note: One successful gmin step
Trying gmin =   8.9971E-09 Note: One successful gmin step
Trying gmin =   8.7281E-09 Note: One successful gmin step
Trying gmin =   8.3395E-09 Note: One successful gmin step
Trying gmin =   7.7890E-09 Note: One successful gmin step
Trying gmin =   7.0305E-09 Note: One successful gmin step
Trying gmin =   6.0290E-09 Warning: Further gmin increment
Trying gmin =   6.7655E-09 Note: One successful gmin step
Trying gmin =   6.3866E-09 Note: One successful gmin step
Trying gmin =   5.8577E-09 Note: One successful gmin step
Trying gmin =   5.1454E-09 Note: One successful gmin step
Trying gmin =   4.2359E-09 Note: One successful gmin step
Trying gmin =   3.1640E-09 Note: One successful gmin step
Trying gmin =   2.0426E-09 Note: One successful gmin step
Trying gmin =   1.0595E-09 Note: One successful gmin step
Trying gmin =   3.9579E-10 Note: One successful gmin step
Trying gmin =   9.0369E-11 Note: One successful gmin step
Trying gmin =   9.8593E-12 Note: One successful gmin step
Trying gmin =   1.0000E-12 Note: One successful gmin step
Note: Dynamic gmin stepping completed

No. of Data Rows : 121
av0p1hz             =  1.088207e+02
gbw                 =  1.300533e+06
pm180               =  4.331713e+07
pm                  =  6.401560e+01
gm                  =  -4.672884e+01
cmrr0p1hz           =  1.062601e+02
psrr0p1hz           =  8.572406e+01
ERROR: (internal)  This operation is not defined for display type PrinterOnly.
Can't open viewport for graphics.
ERROR: (internal)  This operation is not defined for display type PrinterOnly.
Can't open viewport for graphics.
idd = -3.09793e-04
vos = 3.331019e-04
binary raw file "./out/{num}.raw"
Doing analysis at TEMP = 85.000000 and TNOM = 27.000000

Note: include: has no value, DC 0 assumed
OP information in rawfile.

Total analysis time (seconds) = 138.563

Total elapsed time (seconds) = 163.356 

Total DRAM available = 7841.945 MB.
DRAM currently available =  571.078 MB.
Maximum ngspice program size =  932.457 MB.
Current ngspice program size =  885.051 MB.

Shared ngspice pages =   11.012 MB.
Text (code) pages =    5.461 MB.
Stack = 0 bytes.
Library pages =  912.012 MB.

