
Note: Compatibility modes selected: hs a

Warning: m=xx on .subckt line will override multiplier m hierarchy!


Circuit: * num: 4 corner: fs vdd: 3.0 temp: -40

option SCALE: Scale is set to 1e-06 for instance and model parameters
Doing analysis at TEMP = -40.000000 and TNOM = 27.000000

Note: include: has no value, DC 0 assumed
Note: Starting dynamic gmin stepping
Trying gmin =   1.0000E-03 Note: One successful gmin step
Trying gmin =   1.0000E-04 Note: One successful gmin step
Trying gmin =   1.0000E-05 Note: One successful gmin step
Trying gmin =   1.0000E-06 Warning: Further gmin increment
Trying gmin =   5.6234E-06 Note: One successful gmin step
Trying gmin =   2.3714E-06 Note: One successful gmin step
Trying gmin =   1.0000E-06 Note: One successful gmin step
Trying gmin =   2.7384E-07 Note: One successful gmin step
Trying gmin =   3.9242E-08 Warning: Further gmin increment
Trying gmin =   1.6849E-07 Note: One successful gmin step
Trying gmin =   8.1312E-08 Note: One successful gmin step
Trying gmin =   2.7261E-08 Note: One successful gmin step
Trying gmin =   5.2922E-09 Warning: Further gmin increment
Trying gmin =   1.8095E-08 Note: One successful gmin step
Trying gmin =   9.7859E-09 Note: One successful gmin step
Trying gmin =   5.2922E-09 Warning: Further gmin increment
Trying gmin =   8.3919E-09 Warning: Further gmin increment
Trying gmin =   9.4171E-09 Note: One successful gmin step
Trying gmin =   8.8897E-09 Note: One successful gmin step
Trying gmin =   8.1535E-09 Warning: Further gmin increment
Trying gmin =   8.6996E-09 Note: One successful gmin step
Trying gmin =   8.4221E-09 Note: One successful gmin step
Trying gmin =   8.0224E-09 Note: One successful gmin step
Trying gmin =   7.4581E-09 Warning: Further gmin increment
Trying gmin =   7.8775E-09 Note: One successful gmin step
Trying gmin =   7.6649E-09 Note: One successful gmin step
Trying gmin =   7.3568E-09 Note: One successful gmin step
Trying gmin =   6.9177E-09 Note: One successful gmin step
Trying gmin =   6.3077E-09 Note: One successful gmin step
Trying gmin =   5.4921E-09 Note: One successful gmin step
Trying gmin =   4.4620E-09 Note: One successful gmin step
Trying gmin =   3.2676E-09 Note: One successful gmin step
Trying gmin =   2.0477E-09 Note: One successful gmin step
Trying gmin =   1.0159E-09 Note: One successful gmin step
Trying gmin =   3.5496E-10 Note: One successful gmin step
Trying gmin =   7.3316E-11 Note: One successful gmin step
Trying gmin =   7.3316E-12 Note: One successful gmin step
Trying gmin =   1.0000E-12 Note: One successful gmin step
Note: Dynamic gmin stepping completed

No. of Data Rows : 1
Doing analysis at TEMP = -40.000000 and TNOM = 27.000000

Note: include: has no value, DC 0 assumed
Note: Starting dynamic gmin stepping
Trying gmin =   1.0000E-03 Note: One successful gmin step
Trying gmin =   1.0000E-04 Note: One successful gmin step
Trying gmin =   1.0000E-05 Note: One successful gmin step
Trying gmin =   1.0000E-06 Warning: Further gmin increment
Trying gmin =   5.6234E-06 Note: One successful gmin step
Trying gmin =   2.3714E-06 Note: One successful gmin step
Trying gmin =   1.0000E-06 Note: One successful gmin step
Trying gmin =   2.7384E-07 Note: One successful gmin step
Trying gmin =   3.9242E-08 Warning: Further gmin increment
Trying gmin =   1.6849E-07 Note: One successful gmin step
Trying gmin =   8.1312E-08 Note: One successful gmin step
Trying gmin =   2.7261E-08 Note: One successful gmin step
Trying gmin =   5.2922E-09 Warning: Further gmin increment
Trying gmin =   1.8095E-08 Note: One successful gmin step
Trying gmin =   9.7859E-09 Note: One successful gmin step
Trying gmin =   5.2922E-09 Warning: Further gmin increment
Trying gmin =   8.3919E-09 Warning: Further gmin increment
Trying gmin =   9.4171E-09 Note: One successful gmin step
Trying gmin =   8.8897E-09 Note: One successful gmin step
Trying gmin =   8.1535E-09 Warning: Further gmin increment
Trying gmin =   8.6996E-09 Note: One successful gmin step
Trying gmin =   8.4221E-09 Note: One successful gmin step
Trying gmin =   8.0224E-09 Note: One successful gmin step
Trying gmin =   7.4581E-09 Warning: Further gmin increment
Trying gmin =   7.8775E-09 Note: One successful gmin step
Trying gmin =   7.6649E-09 Note: One successful gmin step
Trying gmin =   7.3568E-09 Note: One successful gmin step
Trying gmin =   6.9177E-09 Note: One successful gmin step
Trying gmin =   6.3077E-09 Note: One successful gmin step
Trying gmin =   5.4921E-09 Note: One successful gmin step
Trying gmin =   4.4620E-09 Note: One successful gmin step
Trying gmin =   3.2676E-09 Note: One successful gmin step
Trying gmin =   2.0477E-09 Note: One successful gmin step
Trying gmin =   1.0159E-09 Note: One successful gmin step
Trying gmin =   3.5496E-10 Note: One successful gmin step
Trying gmin =   7.3316E-11 Note: One successful gmin step
Trying gmin =   7.3316E-12 Note: One successful gmin step
Trying gmin =   1.0000E-12 Note: One successful gmin step
Note: Dynamic gmin stepping completed

No. of Data Rows : 121
Doing analysis at TEMP = -40.000000 and TNOM = 27.000000

Note: include: has no value, DC 0 assumed
Note: Starting dynamic gmin stepping
Trying gmin =   1.0000E-03 Note: One successful gmin step
Trying gmin =   1.0000E-04 Note: One successful gmin step
Trying gmin =   1.0000E-05 Note: One successful gmin step
Trying gmin =   1.0000E-06 Warning: Further gmin increment
Trying gmin =   5.6234E-06 Note: One successful gmin step
Trying gmin =   2.3714E-06 Note: One successful gmin step
Trying gmin =   1.0000E-06 Note: One successful gmin step
Trying gmin =   2.7384E-07 Note: One successful gmin step
Trying gmin =   3.9242E-08 Warning: Further gmin increment
Trying gmin =   1.6849E-07 Note: One successful gmin step
Trying gmin =   8.1312E-08 Note: One successful gmin step
Trying gmin =   2.7261E-08 Note: One successful gmin step
Trying gmin =   5.2922E-09 Warning: Further gmin increment
Trying gmin =   1.8095E-08 Note: One successful gmin step
Trying gmin =   9.7859E-09 Note: One successful gmin step
Trying gmin =   5.2922E-09 Warning: Further gmin increment
Trying gmin =   8.3919E-09 Warning: Further gmin increment
Trying gmin =   9.4171E-09 Note: One successful gmin step
Trying gmin =   8.8897E-09 Note: One successful gmin step
Trying gmin =   8.1535E-09 Warning: Further gmin increment
Trying gmin =   8.6996E-09 Note: One successful gmin step
Trying gmin =   8.4221E-09 Note: One successful gmin step
Trying gmin =   8.0224E-09 Note: One successful gmin step
Trying gmin =   7.4581E-09 Warning: Further gmin increment
Trying gmin =   7.8775E-09 Note: One successful gmin step
Trying gmin =   7.6649E-09 Note: One successful gmin step
Trying gmin =   7.3568E-09 Note: One successful gmin step
Trying gmin =   6.9177E-09 Note: One successful gmin step
Trying gmin =   6.3077E-09 Note: One successful gmin step
Trying gmin =   5.4921E-09 Note: One successful gmin step
Trying gmin =   4.4620E-09 Note: One successful gmin step
Trying gmin =   3.2676E-09 Note: One successful gmin step
Trying gmin =   2.0477E-09 Note: One successful gmin step
Trying gmin =   1.0159E-09 Note: One successful gmin step
Trying gmin =   3.5496E-10 Note: One successful gmin step
Trying gmin =   7.3316E-11 Note: One successful gmin step
Trying gmin =   7.3316E-12 Note: One successful gmin step
Trying gmin =   1.0000E-12 Note: One successful gmin step
Note: Dynamic gmin stepping completed

No. of Data Rows : 121
Doing analysis at TEMP = -40.000000 and TNOM = 27.000000

Note: include: has no value, DC 0 assumed
Note: Starting dynamic gmin stepping
Trying gmin =   1.0000E-03 Note: One successful gmin step
Trying gmin =   1.0000E-04 Note: One successful gmin step
Trying gmin =   1.0000E-05 Note: One successful gmin step
Trying gmin =   1.0000E-06 Warning: Further gmin increment
Trying gmin =   5.6234E-06 Note: One successful gmin step
Trying gmin =   2.3714E-06 Note: One successful gmin step
Trying gmin =   1.0000E-06 Note: One successful gmin step
Trying gmin =   2.7384E-07 Note: One successful gmin step
Trying gmin =   3.9242E-08 Warning: Further gmin increment
Trying gmin =   1.6849E-07 Note: One successful gmin step
Trying gmin =   8.1312E-08 Note: One successful gmin step
Trying gmin =   2.7261E-08 Note: One successful gmin step
Trying gmin =   5.2922E-09 Warning: Further gmin increment
Trying gmin =   1.8095E-08 Note: One successful gmin step
Trying gmin =   9.7859E-09 Note: One successful gmin step
Trying gmin =   5.2922E-09 Warning: Further gmin increment
Trying gmin =   8.3919E-09 Warning: Further gmin increment
Trying gmin =   9.4171E-09 Note: One successful gmin step
Trying gmin =   8.8897E-09 Note: One successful gmin step
Trying gmin =   8.1535E-09 Warning: Further gmin increment
Trying gmin =   8.6996E-09 Note: One successful gmin step
Trying gmin =   8.4221E-09 Note: One successful gmin step
Trying gmin =   8.0224E-09 Note: One successful gmin step
Trying gmin =   7.4581E-09 Warning: Further gmin increment
Trying gmin =   7.8775E-09 Note: One successful gmin step
Trying gmin =   7.6649E-09 Note: One successful gmin step
Trying gmin =   7.3568E-09 Note: One successful gmin step
Trying gmin =   6.9177E-09 Note: One successful gmin step
Trying gmin =   6.3077E-09 Note: One successful gmin step
Trying gmin =   5.4921E-09 Note: One successful gmin step
Trying gmin =   4.4620E-09 Note: One successful gmin step
Trying gmin =   3.2676E-09 Note: One successful gmin step
Trying gmin =   2.0477E-09 Note: One successful gmin step
Trying gmin =   1.0159E-09 Note: One successful gmin step
Trying gmin =   3.5496E-10 Note: One successful gmin step
Trying gmin =   7.3316E-11 Note: One successful gmin step
Trying gmin =   7.3316E-12 Note: One successful gmin step
Trying gmin =   1.0000E-12 Note: One successful gmin step
Note: Dynamic gmin stepping completed

No. of Data Rows : 121
av0p1hz             =  1.150507e+02
gbw                 =  1.901648e+06
pm180               =  5.606691e+07
pm                  =  6.262549e+01
gm                  =  -4.595153e+01
cmrr0p1hz           =  1.189520e+02
psrr0p1hz           =  6.935246e+01
ERROR: (internal)  This operation is not defined for display type PrinterOnly.
Can't open viewport for graphics.
ERROR: (internal)  This operation is not defined for display type PrinterOnly.
Can't open viewport for graphics.
idd = -2.77910e-04
vos = -1.52529e-04
binary raw file "./out/{num}.raw"
Doing analysis at TEMP = -40.000000 and TNOM = 27.000000

Note: include: has no value, DC 0 assumed
OP information in rawfile.

Total analysis time (seconds) = 144.102

Total elapsed time (seconds) = 167.977 

Total DRAM available = 7841.945 MB.
DRAM currently available =  711.145 MB.
Maximum ngspice program size =  932.414 MB.
Current ngspice program size =  885.059 MB.

Shared ngspice pages =   11.129 MB.
Text (code) pages =    5.461 MB.
Stack = 0 bytes.
Library pages =  911.969 MB.

