
Note: Compatibility modes selected: hs a

Warning: m=xx on .subckt line will override multiplier m hierarchy!


Circuit: * num: 5 corner: ll vdd: 3.0 temp: -40

option SCALE: Scale is set to 1e-06 for instance and model parameters
Doing analysis at TEMP = -40.000000 and TNOM = 27.000000

Note: include: has no value, DC 0 assumed
Note: Starting dynamic gmin stepping
Trying gmin =   1.0000E-03 Note: One successful gmin step
Trying gmin =   1.0000E-04 Note: One successful gmin step
Trying gmin =   1.0000E-05 Note: One successful gmin step
Trying gmin =   1.0000E-06 Warning: Further gmin increment
Trying gmin =   5.6234E-06 Note: One successful gmin step
Trying gmin =   2.3714E-06 Note: One successful gmin step
Trying gmin =   1.0000E-06 Note: One successful gmin step
Trying gmin =   6.4938E-07 Note: One successful gmin step
Trying gmin =   3.3982E-07 Note: One successful gmin step
Trying gmin =   1.2864E-07 Note: One successful gmin step
Trying gmin =   2.9961E-08 Warning: Further gmin increment
Trying gmin =   8.9366E-08 Note: One successful gmin step
Trying gmin =   5.1745E-08 Note: One successful gmin step
Trying gmin =   2.2799E-08 Note: One successful gmin step
Trying gmin =   6.6677E-09 Warning: Further gmin increment
Trying gmin =   1.6766E-08 Note: One successful gmin step
Trying gmin =   1.0573E-08 Note: One successful gmin step
Trying gmin =   5.2949E-09 Warning: Further gmin increment
Trying gmin =   8.8944E-09 Warning: Further gmin increment
Trying gmin =   1.0126E-08 Note: One successful gmin step
Trying gmin =   9.4901E-09 Note: One successful gmin step
Trying gmin =   8.6107E-09 Warning: Further gmin increment
Trying gmin =   9.2622E-09 Note: One successful gmin step
Trying gmin =   8.9305E-09 Note: One successful gmin step
Trying gmin =   8.4551E-09 Note: One successful gmin step
Trying gmin =   7.7890E-09 Note: One successful gmin step
Trying gmin =   6.8870E-09 Note: One successful gmin step
Trying gmin =   5.7260E-09 Note: One successful gmin step
Trying gmin =   4.3409E-09 Note: One successful gmin step
Trying gmin =   2.8653E-09 Note: One successful gmin step
Trying gmin =   1.5366E-09 Note: One successful gmin step
Trying gmin =   6.0345E-10 Note: One successful gmin step
Trying gmin =   1.4852E-10 Note: One successful gmin step
Trying gmin =   1.8133E-11 Note: One successful gmin step
Trying gmin =   1.8133E-12 Note: One successful gmin step
Trying gmin =   1.0000E-12 Note: One successful gmin step
Note: Dynamic gmin stepping completed

No. of Data Rows : 1
Doing analysis at TEMP = -40.000000 and TNOM = 27.000000

Note: include: has no value, DC 0 assumed
Note: Starting dynamic gmin stepping
Trying gmin =   1.0000E-03 Note: One successful gmin step
Trying gmin =   1.0000E-04 Note: One successful gmin step
Trying gmin =   1.0000E-05 Note: One successful gmin step
Trying gmin =   1.0000E-06 Warning: Further gmin increment
Trying gmin =   5.6234E-06 Note: One successful gmin step
Trying gmin =   2.3714E-06 Note: One successful gmin step
Trying gmin =   1.0000E-06 Note: One successful gmin step
Trying gmin =   6.4938E-07 Note: One successful gmin step
Trying gmin =   3.3982E-07 Note: One successful gmin step
Trying gmin =   1.2864E-07 Note: One successful gmin step
Trying gmin =   2.9961E-08 Warning: Further gmin increment
Trying gmin =   8.9366E-08 Note: One successful gmin step
Trying gmin =   5.1745E-08 Note: One successful gmin step
Trying gmin =   2.2799E-08 Note: One successful gmin step
Trying gmin =   6.6677E-09 Warning: Further gmin increment
Trying gmin =   1.6766E-08 Note: One successful gmin step
Trying gmin =   1.0573E-08 Note: One successful gmin step
Trying gmin =   5.2949E-09 Warning: Further gmin increment
Trying gmin =   8.8944E-09 Warning: Further gmin increment
Trying gmin =   1.0126E-08 Note: One successful gmin step
Trying gmin =   9.4901E-09 Note: One successful gmin step
Trying gmin =   8.6107E-09 Warning: Further gmin increment
Trying gmin =   9.2622E-09 Note: One successful gmin step
Trying gmin =   8.9305E-09 Note: One successful gmin step
Trying gmin =   8.4551E-09 Note: One successful gmin step
Trying gmin =   7.7890E-09 Note: One successful gmin step
Trying gmin =   6.8870E-09 Note: One successful gmin step
Trying gmin =   5.7260E-09 Note: One successful gmin step
Trying gmin =   4.3409E-09 Note: One successful gmin step
Trying gmin =   2.8653E-09 Note: One successful gmin step
Trying gmin =   1.5366E-09 Note: One successful gmin step
Trying gmin =   6.0345E-10 Note: One successful gmin step
Trying gmin =   1.4852E-10 Note: One successful gmin step
Trying gmin =   1.8133E-11 Note: One successful gmin step
Trying gmin =   1.8133E-12 Note: One successful gmin step
Trying gmin =   1.0000E-12 Note: One successful gmin step
Note: Dynamic gmin stepping completed

No. of Data Rows : 121
Doing analysis at TEMP = -40.000000 and TNOM = 27.000000

Note: include: has no value, DC 0 assumed
Note: Starting dynamic gmin stepping
Trying gmin =   1.0000E-03 Note: One successful gmin step
Trying gmin =   1.0000E-04 Note: One successful gmin step
Trying gmin =   1.0000E-05 Note: One successful gmin step
Trying gmin =   1.0000E-06 Warning: Further gmin increment
Trying gmin =   5.6234E-06 Note: One successful gmin step
Trying gmin =   2.3714E-06 Note: One successful gmin step
Trying gmin =   1.0000E-06 Note: One successful gmin step
Trying gmin =   6.4938E-07 Note: One successful gmin step
Trying gmin =   3.3982E-07 Note: One successful gmin step
Trying gmin =   1.2864E-07 Note: One successful gmin step
Trying gmin =   2.9961E-08 Warning: Further gmin increment
Trying gmin =   8.9366E-08 Note: One successful gmin step
Trying gmin =   5.1745E-08 Note: One successful gmin step
Trying gmin =   2.2799E-08 Note: One successful gmin step
Trying gmin =   6.6677E-09 Warning: Further gmin increment
Trying gmin =   1.6766E-08 Note: One successful gmin step
Trying gmin =   1.0573E-08 Note: One successful gmin step
Trying gmin =   5.2949E-09 Warning: Further gmin increment
Trying gmin =   8.8944E-09 Warning: Further gmin increment
Trying gmin =   1.0126E-08 Note: One successful gmin step
Trying gmin =   9.4901E-09 Note: One successful gmin step
Trying gmin =   8.6107E-09 Warning: Further gmin increment
Trying gmin =   9.2622E-09 Note: One successful gmin step
Trying gmin =   8.9305E-09 Note: One successful gmin step
Trying gmin =   8.4551E-09 Note: One successful gmin step
Trying gmin =   7.7890E-09 Note: One successful gmin step
Trying gmin =   6.8870E-09 Note: One successful gmin step
Trying gmin =   5.7260E-09 Note: One successful gmin step
Trying gmin =   4.3409E-09 Note: One successful gmin step
Trying gmin =   2.8653E-09 Note: One successful gmin step
Trying gmin =   1.5366E-09 Note: One successful gmin step
Trying gmin =   6.0345E-10 Note: One successful gmin step
Trying gmin =   1.4852E-10 Note: One successful gmin step
Trying gmin =   1.8133E-11 Note: One successful gmin step
Trying gmin =   1.8133E-12 Note: One successful gmin step
Trying gmin =   1.0000E-12 Note: One successful gmin step
Note: Dynamic gmin stepping completed

No. of Data Rows : 121
Doing analysis at TEMP = -40.000000 and TNOM = 27.000000

Note: include: has no value, DC 0 assumed
Note: Starting dynamic gmin stepping
Trying gmin =   1.0000E-03 Note: One successful gmin step
Trying gmin =   1.0000E-04 Note: One successful gmin step
Trying gmin =   1.0000E-05 Note: One successful gmin step
Trying gmin =   1.0000E-06 Warning: Further gmin increment
Trying gmin =   5.6234E-06 Note: One successful gmin step
Trying gmin =   2.3714E-06 Note: One successful gmin step
Trying gmin =   1.0000E-06 Note: One successful gmin step
Trying gmin =   6.4938E-07 Note: One successful gmin step
Trying gmin =   3.3982E-07 Note: One successful gmin step
Trying gmin =   1.2864E-07 Note: One successful gmin step
Trying gmin =   2.9961E-08 Warning: Further gmin increment
Trying gmin =   8.9366E-08 Note: One successful gmin step
Trying gmin =   5.1745E-08 Note: One successful gmin step
Trying gmin =   2.2799E-08 Note: One successful gmin step
Trying gmin =   6.6677E-09 Warning: Further gmin increment
Trying gmin =   1.6766E-08 Note: One successful gmin step
Trying gmin =   1.0573E-08 Note: One successful gmin step
Trying gmin =   5.2949E-09 Warning: Further gmin increment
Trying gmin =   8.8944E-09 Warning: Further gmin increment
Trying gmin =   1.0126E-08 Note: One successful gmin step
Trying gmin =   9.4901E-09 Note: One successful gmin step
Trying gmin =   8.6107E-09 Warning: Further gmin increment
Trying gmin =   9.2622E-09 Note: One successful gmin step
Trying gmin =   8.9305E-09 Note: One successful gmin step
Trying gmin =   8.4551E-09 Note: One successful gmin step
Trying gmin =   7.7890E-09 Note: One successful gmin step
Trying gmin =   6.8870E-09 Note: One successful gmin step
Trying gmin =   5.7260E-09 Note: One successful gmin step
Trying gmin =   4.3409E-09 Note: One successful gmin step
Trying gmin =   2.8653E-09 Note: One successful gmin step
Trying gmin =   1.5366E-09 Note: One successful gmin step
Trying gmin =   6.0345E-10 Note: One successful gmin step
Trying gmin =   1.4852E-10 Note: One successful gmin step
Trying gmin =   1.8133E-11 Note: One successful gmin step
Trying gmin =   1.8133E-12 Note: One successful gmin step
Trying gmin =   1.0000E-12 Note: One successful gmin step
Note: Dynamic gmin stepping completed

No. of Data Rows : 121
av0p1hz             =  1.155553e+02
gbw                 =  2.136141e+06
pm180               =  5.832375e+07
pm                  =  5.992263e+01
gm                  =  -4.637235e+01
cmrr0p1hz           =  1.117532e+02
psrr0p1hz           =  6.500748e+01
ERROR: (internal)  This operation is not defined for display type PrinterOnly.
Can't open viewport for graphics.
ERROR: (internal)  This operation is not defined for display type PrinterOnly.
Can't open viewport for graphics.
idd = -2.79583e-04
vos = -2.22387e-04
binary raw file "./out/{num}.raw"
Doing analysis at TEMP = -40.000000 and TNOM = 27.000000

Note: include: has no value, DC 0 assumed
OP information in rawfile.

Total analysis time (seconds) = 136.672

Total elapsed time (seconds) = 160.194 

Total DRAM available = 7841.945 MB.
DRAM currently available =  698.438 MB.
Maximum ngspice program size =  932.457 MB.
Current ngspice program size =  884.871 MB.

Shared ngspice pages =   10.832 MB.
Text (code) pages =    5.461 MB.
Stack = 0 bytes.
Library pages =  912.012 MB.

