
Note: Compatibility modes selected: hs a

Warning: m=xx on .subckt line will override multiplier m hierarchy!


Circuit: * num: 6 corner: hh vdd: 3.0 temp: -40

option SCALE: Scale is set to 1e-06 for instance and model parameters
Doing analysis at TEMP = -40.000000 and TNOM = 27.000000

Note: include: has no value, DC 0 assumed
Note: Starting dynamic gmin stepping
Trying gmin =   1.0000E-03 Note: One successful gmin step
Trying gmin =   1.0000E-04 Note: One successful gmin step
Trying gmin =   1.0000E-05 Note: One successful gmin step
Trying gmin =   1.0000E-06 Warning: Further gmin increment
Trying gmin =   5.6234E-06 Note: One successful gmin step
Trying gmin =   2.3714E-06 Note: One successful gmin step
Trying gmin =   1.5399E-06 Note: One successful gmin step
Trying gmin =   8.0584E-07 Note: One successful gmin step
Trying gmin =   3.0505E-07 Note: One successful gmin step
Trying gmin =   7.1050E-08 Note: One successful gmin step
Trying gmin =   1.6548E-08 Warning: Further gmin increment
Trying gmin =   4.9358E-08 Note: One successful gmin step
Trying gmin =   2.8580E-08 Note: One successful gmin step
Trying gmin =   1.2592E-08 Note: One successful gmin step
Trying gmin =   3.6827E-09 Warning: Further gmin increment
Trying gmin =   9.2601E-09 Note: One successful gmin step
Trying gmin =   5.8397E-09 Warning: Further gmin increment
Trying gmin =   8.2520E-09 Warning: Further gmin increment
Trying gmin =   8.9970E-09 Note: One successful gmin step
Trying gmin =   8.6165E-09 Note: One successful gmin step
Trying gmin =   8.0755E-09 Note: One successful gmin step
Trying gmin =   7.5686E-09 Note: One successful gmin step
Trying gmin =   6.8672E-09 Note: One successful gmin step
Trying gmin =   5.9351E-09 Note: One successful gmin step
Trying gmin =   4.7687E-09 Note: One successful gmin step
Trying gmin =   3.4344E-09 Note: One successful gmin step
Trying gmin =   2.0991E-09 Note: One successful gmin step
Trying gmin =   1.0030E-09 Note: One successful gmin step
Trying gmin =   3.3131E-10 Note: One successful gmin step
Trying gmin =   6.2893E-11 Note: One successful gmin step
Trying gmin =   6.2893E-12 Note: One successful gmin step
Trying gmin =   1.0000E-12 Note: One successful gmin step
Note: Dynamic gmin stepping completed

No. of Data Rows : 1
Doing analysis at TEMP = -40.000000 and TNOM = 27.000000

Note: include: has no value, DC 0 assumed
Note: Starting dynamic gmin stepping
Trying gmin =   1.0000E-03 Note: One successful gmin step
Trying gmin =   1.0000E-04 Note: One successful gmin step
Trying gmin =   1.0000E-05 Note: One successful gmin step
Trying gmin =   1.0000E-06 Warning: Further gmin increment
Trying gmin =   5.6234E-06 Note: One successful gmin step
Trying gmin =   2.3714E-06 Note: One successful gmin step
Trying gmin =   1.5399E-06 Note: One successful gmin step
Trying gmin =   8.0584E-07 Note: One successful gmin step
Trying gmin =   3.0505E-07 Note: One successful gmin step
Trying gmin =   7.1050E-08 Note: One successful gmin step
Trying gmin =   1.6548E-08 Warning: Further gmin increment
Trying gmin =   4.9358E-08 Note: One successful gmin step
Trying gmin =   2.8580E-08 Note: One successful gmin step
Trying gmin =   1.2592E-08 Note: One successful gmin step
Trying gmin =   3.6827E-09 Warning: Further gmin increment
Trying gmin =   9.2601E-09 Note: One successful gmin step
Trying gmin =   5.8397E-09 Warning: Further gmin increment
Trying gmin =   8.2520E-09 Warning: Further gmin increment
Trying gmin =   8.9970E-09 Note: One successful gmin step
Trying gmin =   8.6165E-09 Note: One successful gmin step
Trying gmin =   8.0755E-09 Note: One successful gmin step
Trying gmin =   7.5686E-09 Note: One successful gmin step
Trying gmin =   6.8672E-09 Note: One successful gmin step
Trying gmin =   5.9351E-09 Note: One successful gmin step
Trying gmin =   4.7687E-09 Note: One successful gmin step
Trying gmin =   3.4344E-09 Note: One successful gmin step
Trying gmin =   2.0991E-09 Note: One successful gmin step
Trying gmin =   1.0030E-09 Note: One successful gmin step
Trying gmin =   3.3131E-10 Note: One successful gmin step
Trying gmin =   6.2893E-11 Note: One successful gmin step
Trying gmin =   6.2893E-12 Note: One successful gmin step
Trying gmin =   1.0000E-12 Note: One successful gmin step
Note: Dynamic gmin stepping completed

No. of Data Rows : 121
Doing analysis at TEMP = -40.000000 and TNOM = 27.000000

Note: include: has no value, DC 0 assumed
Note: Starting dynamic gmin stepping
Trying gmin =   1.0000E-03 Note: One successful gmin step
Trying gmin =   1.0000E-04 Note: One successful gmin step
Trying gmin =   1.0000E-05 Note: One successful gmin step
Trying gmin =   1.0000E-06 Warning: Further gmin increment
Trying gmin =   5.6234E-06 Note: One successful gmin step
Trying gmin =   2.3714E-06 Note: One successful gmin step
Trying gmin =   1.5399E-06 Note: One successful gmin step
Trying gmin =   8.0584E-07 Note: One successful gmin step
Trying gmin =   3.0505E-07 Note: One successful gmin step
Trying gmin =   7.1050E-08 Note: One successful gmin step
Trying gmin =   1.6548E-08 Warning: Further gmin increment
Trying gmin =   4.9358E-08 Note: One successful gmin step
Trying gmin =   2.8580E-08 Note: One successful gmin step
Trying gmin =   1.2592E-08 Note: One successful gmin step
Trying gmin =   3.6827E-09 Warning: Further gmin increment
Trying gmin =   9.2601E-09 Note: One successful gmin step
Trying gmin =   5.8397E-09 Warning: Further gmin increment
Trying gmin =   8.2520E-09 Warning: Further gmin increment
Trying gmin =   8.9970E-09 Note: One successful gmin step
Trying gmin =   8.6165E-09 Note: One successful gmin step
Trying gmin =   8.0755E-09 Note: One successful gmin step
Trying gmin =   7.5686E-09 Note: One successful gmin step
Trying gmin =   6.8672E-09 Note: One successful gmin step
Trying gmin =   5.9351E-09 Note: One successful gmin step
Trying gmin =   4.7687E-09 Note: One successful gmin step
Trying gmin =   3.4344E-09 Note: One successful gmin step
Trying gmin =   2.0991E-09 Note: One successful gmin step
Trying gmin =   1.0030E-09 Note: One successful gmin step
Trying gmin =   3.3131E-10 Note: One successful gmin step
Trying gmin =   6.2893E-11 Note: One successful gmin step
Trying gmin =   6.2893E-12 Note: One successful gmin step
Trying gmin =   1.0000E-12 Note: One successful gmin step
Note: Dynamic gmin stepping completed

No. of Data Rows : 121
Doing analysis at TEMP = -40.000000 and TNOM = 27.000000

Note: include: has no value, DC 0 assumed
Note: Starting dynamic gmin stepping
Trying gmin =   1.0000E-03 Note: One successful gmin step
Trying gmin =   1.0000E-04 Note: One successful gmin step
Trying gmin =   1.0000E-05 Note: One successful gmin step
Trying gmin =   1.0000E-06 Warning: Further gmin increment
Trying gmin =   5.6234E-06 Note: One successful gmin step
Trying gmin =   2.3714E-06 Note: One successful gmin step
Trying gmin =   1.5399E-06 Note: One successful gmin step
Trying gmin =   8.0584E-07 Note: One successful gmin step
Trying gmin =   3.0505E-07 Note: One successful gmin step
Trying gmin =   7.1050E-08 Note: One successful gmin step
Trying gmin =   1.6548E-08 Warning: Further gmin increment
Trying gmin =   4.9358E-08 Note: One successful gmin step
Trying gmin =   2.8580E-08 Note: One successful gmin step
Trying gmin =   1.2592E-08 Note: One successful gmin step
Trying gmin =   3.6827E-09 Warning: Further gmin increment
Trying gmin =   9.2601E-09 Note: One successful gmin step
Trying gmin =   5.8397E-09 Warning: Further gmin increment
Trying gmin =   8.2520E-09 Warning: Further gmin increment
Trying gmin =   8.9970E-09 Note: One successful gmin step
Trying gmin =   8.6165E-09 Note: One successful gmin step
Trying gmin =   8.0755E-09 Note: One successful gmin step
Trying gmin =   7.5686E-09 Note: One successful gmin step
Trying gmin =   6.8672E-09 Note: One successful gmin step
Trying gmin =   5.9351E-09 Note: One successful gmin step
Trying gmin =   4.7687E-09 Note: One successful gmin step
Trying gmin =   3.4344E-09 Note: One successful gmin step
Trying gmin =   2.0991E-09 Note: One successful gmin step
Trying gmin =   1.0030E-09 Note: One successful gmin step
Trying gmin =   3.3131E-10 Note: One successful gmin step
Trying gmin =   6.2893E-11 Note: One successful gmin step
Trying gmin =   6.2893E-12 Note: One successful gmin step
Trying gmin =   1.0000E-12 Note: One successful gmin step
Note: Dynamic gmin stepping completed

No. of Data Rows : 121
av0p1hz             =  1.155484e+02
gbw                 =  1.746126e+06
pm180               =  5.615527e+07
pm                  =  6.444541e+01
gm                  =  -4.595088e+01
cmrr0p1hz           =  1.117843e+02
psrr0p1hz           =  6.500502e+01
ERROR: (internal)  This operation is not defined for display type PrinterOnly.
Can't open viewport for graphics.
ERROR: (internal)  This operation is not defined for display type PrinterOnly.
Can't open viewport for graphics.
idd = -2.79584e-04
vos = -2.21697e-04
binary raw file "./out/{num}.raw"
Doing analysis at TEMP = -40.000000 and TNOM = 27.000000

Note: include: has no value, DC 0 assumed
OP information in rawfile.

Total analysis time (seconds) = 130.29

Total elapsed time (seconds) = 153.204 

Total DRAM available = 7841.945 MB.
DRAM currently available =  699.352 MB.
Maximum ngspice program size =  932.449 MB.
Current ngspice program size =  884.629 MB.

Shared ngspice pages =   10.617 MB.
Text (code) pages =    5.461 MB.
Stack = 0 bytes.
Library pages =  912.004 MB.

