
Note: Compatibility modes selected: hs a


Circuit: * num: 0 corner: tt vdd: 3.3 temp: 25

option SCALE: Scale is set to 1e-06 for instance and model parameters
option SCALE: Scale is set to 1e-06 for instance and model parameters
option SCALE: Scale is set to 1e-06 for instance and model parameters
option SCALE: Scale is set to 1e-06 for instance and model parameters
Warning: Model issue on line 0 :
  .model sky130_fd_pr__res_generic_m4 r tc1=    3.424000000000000e-03      ...
unrecognized parameter (tref) - ignored
Doing analysis at TEMP = 25.000000 and TNOM = 27.000000

Note: Starting dynamic gmin stepping
Trying gmin =   1.0000E-03 Note: One successful gmin step
Trying gmin =   1.0000E-04 Note: One successful gmin step
Trying gmin =   1.0000E-05 Note: One successful gmin step
Trying gmin =   1.0000E-06 Note: One successful gmin step
Trying gmin =   1.0000E-07 Warning: Further gmin increment
Trying gmin =   5.6234E-07 Note: One successful gmin step
Trying gmin =   2.3714E-07 Note: One successful gmin step
Trying gmin =   6.4938E-08 Note: One successful gmin step
Trying gmin =   9.3057E-09 Note: One successful gmin step
Trying gmin =   9.3057E-10 Warning: Further gmin increment
Trying gmin =   5.2330E-09 Note: One successful gmin step
Trying gmin =   2.2067E-09 Warning: Further gmin increment
Trying gmin =   4.2170E-09 Note: One successful gmin step
Trying gmin =   3.0505E-09 Note: One successful gmin step
Trying gmin =   1.8769E-09 Warning: Further gmin increment
Trying gmin =   2.7017E-09 Note: One successful gmin step
Trying gmin =   2.2518E-09 Note: One successful gmin step
Trying gmin =   1.7135E-09 Note: One successful gmin step
Trying gmin =   1.1374E-09 Warning: Further gmin increment
Trying gmin =   1.5467E-09 Note: One successful gmin step
Trying gmin =   1.3263E-09 Warning: Further gmin increment
Trying gmin =   1.4884E-09 Note: One successful gmin step
Trying gmin =   1.4323E-09 Note: One successful gmin step
Trying gmin =   1.3521E-09 Note: One successful gmin step
Trying gmin =   1.2401E-09 Note: One successful gmin step
Trying gmin =   1.0893E-09 Note: One successful gmin step
Trying gmin =   8.9674E-10 Note: One successful gmin step
Trying gmin =   6.6982E-10 Note: One successful gmin step
Trying gmin =   4.3242E-10 Note: One successful gmin step
Trying gmin =   2.2429E-10 Note: One successful gmin step
Trying gmin =   8.3789E-11 Note: One successful gmin step
Trying gmin =   1.9131E-11 Note: One successful gmin step
Trying gmin =   2.0872E-12 Note: One successful gmin step
Trying gmin =   1.0000E-12 Note: One successful gmin step
Note: Dynamic gmin stepping completed

No. of Data Rows : 1
Doing analysis at TEMP = 25.000000 and TNOM = 27.000000

Note: Starting dynamic gmin stepping
Trying gmin =   1.0000E-03 Note: One successful gmin step
Trying gmin =   1.0000E-04 Note: One successful gmin step
Trying gmin =   1.0000E-05 Note: One successful gmin step
Trying gmin =   1.0000E-06 Note: One successful gmin step
Trying gmin =   1.0000E-07 Warning: Further gmin increment
Trying gmin =   5.6234E-07 Note: One successful gmin step
Trying gmin =   2.3714E-07 Note: One successful gmin step
Trying gmin =   6.4938E-08 Note: One successful gmin step
Trying gmin =   9.3057E-09 Note: One successful gmin step
Trying gmin =   9.3057E-10 Warning: Further gmin increment
Trying gmin =   5.2330E-09 Note: One successful gmin step
Trying gmin =   2.2067E-09 Warning: Further gmin increment
Trying gmin =   4.2170E-09 Note: One successful gmin step
Trying gmin =   3.0505E-09 Note: One successful gmin step
Trying gmin =   1.8769E-09 Warning: Further gmin increment
Trying gmin =   2.7017E-09 Note: One successful gmin step
Trying gmin =   2.2518E-09 Note: One successful gmin step
Trying gmin =   1.7135E-09 Note: One successful gmin step
Trying gmin =   1.1374E-09 Warning: Further gmin increment
Trying gmin =   1.5467E-09 Note: One successful gmin step
Trying gmin =   1.3263E-09 Warning: Further gmin increment
Trying gmin =   1.4884E-09 Note: One successful gmin step
Trying gmin =   1.4323E-09 Note: One successful gmin step
Trying gmin =   1.3521E-09 Note: One successful gmin step
Trying gmin =   1.2401E-09 Note: One successful gmin step
Trying gmin =   1.0893E-09 Note: One successful gmin step
Trying gmin =   8.9674E-10 Note: One successful gmin step
Trying gmin =   6.6982E-10 Note: One successful gmin step
Trying gmin =   4.3242E-10 Note: One successful gmin step
Trying gmin =   2.2429E-10 Note: One successful gmin step
Trying gmin =   8.3789E-11 Note: One successful gmin step
Trying gmin =   1.9131E-11 Note: One successful gmin step
Trying gmin =   2.0872E-12 Note: One successful gmin step
Trying gmin =   1.0000E-12 Note: One successful gmin step
Note: Dynamic gmin stepping completed

No. of Data Rows : 121
Doing analysis at TEMP = 25.000000 and TNOM = 27.000000

Note: Starting dynamic gmin stepping
Trying gmin =   1.0000E-03 Note: One successful gmin step
Trying gmin =   1.0000E-04 Note: One successful gmin step
Trying gmin =   1.0000E-05 Note: One successful gmin step
Trying gmin =   1.0000E-06 Note: One successful gmin step
Trying gmin =   1.0000E-07 Warning: Further gmin increment
Trying gmin =   5.6234E-07 Note: One successful gmin step
Trying gmin =   2.3714E-07 Note: One successful gmin step
Trying gmin =   6.4938E-08 Note: One successful gmin step
Trying gmin =   9.3057E-09 Note: One successful gmin step
Trying gmin =   9.3057E-10 Warning: Further gmin increment
Trying gmin =   5.2330E-09 Note: One successful gmin step
Trying gmin =   2.2067E-09 Warning: Further gmin increment
Trying gmin =   4.2170E-09 Note: One successful gmin step
Trying gmin =   3.0505E-09 Note: One successful gmin step
Trying gmin =   1.8769E-09 Warning: Further gmin increment
Trying gmin =   2.7017E-09 Note: One successful gmin step
Trying gmin =   2.2518E-09 Note: One successful gmin step
Trying gmin =   1.7135E-09 Note: One successful gmin step
Trying gmin =   1.1374E-09 Warning: Further gmin increment
Trying gmin =   1.5467E-09 Note: One successful gmin step
Trying gmin =   1.3263E-09 Warning: Further gmin increment
Trying gmin =   1.4884E-09 Note: One successful gmin step
Trying gmin =   1.4323E-09 Note: One successful gmin step
Trying gmin =   1.3521E-09 Note: One successful gmin step
Trying gmin =   1.2401E-09 Note: One successful gmin step
Trying gmin =   1.0893E-09 Note: One successful gmin step
Trying gmin =   8.9674E-10 Note: One successful gmin step
Trying gmin =   6.6982E-10 Note: One successful gmin step
Trying gmin =   4.3242E-10 Note: One successful gmin step
Trying gmin =   2.2429E-10 Note: One successful gmin step
Trying gmin =   8.3789E-11 Note: One successful gmin step
Trying gmin =   1.9131E-11 Note: One successful gmin step
Trying gmin =   2.0872E-12 Note: One successful gmin step
Trying gmin =   1.0000E-12 Note: One successful gmin step
Note: Dynamic gmin stepping completed

No. of Data Rows : 121
Doing analysis at TEMP = 25.000000 and TNOM = 27.000000

Note: Starting dynamic gmin stepping
Trying gmin =   1.0000E-03 Note: One successful gmin step
Trying gmin =   1.0000E-04 Note: One successful gmin step
Trying gmin =   1.0000E-05 Note: One successful gmin step
Trying gmin =   1.0000E-06 Note: One successful gmin step
Trying gmin =   1.0000E-07 Warning: Further gmin increment
Trying gmin =   5.6234E-07 Note: One successful gmin step
Trying gmin =   2.3714E-07 Note: One successful gmin step
Trying gmin =   6.4938E-08 Note: One successful gmin step
Trying gmin =   9.3057E-09 Note: One successful gmin step
Trying gmin =   9.3057E-10 Warning: Further gmin increment
Trying gmin =   5.2330E-09 Note: One successful gmin step
Trying gmin =   2.2067E-09 Warning: Further gmin increment
Trying gmin =   4.2170E-09 Note: One successful gmin step
Trying gmin =   3.0505E-09 Note: One successful gmin step
Trying gmin =   1.8769E-09 Warning: Further gmin increment
Trying gmin =   2.7017E-09 Note: One successful gmin step
Trying gmin =   2.2518E-09 Note: One successful gmin step
Trying gmin =   1.7135E-09 Note: One successful gmin step
Trying gmin =   1.1374E-09 Warning: Further gmin increment
Trying gmin =   1.5467E-09 Note: One successful gmin step
Trying gmin =   1.3263E-09 Warning: Further gmin increment
Trying gmin =   1.4884E-09 Note: One successful gmin step
Trying gmin =   1.4323E-09 Note: One successful gmin step
Trying gmin =   1.3521E-09 Note: One successful gmin step
Trying gmin =   1.2401E-09 Note: One successful gmin step
Trying gmin =   1.0893E-09 Note: One successful gmin step
Trying gmin =   8.9674E-10 Note: One successful gmin step
Trying gmin =   6.6982E-10 Note: One successful gmin step
Trying gmin =   4.3242E-10 Note: One successful gmin step
Trying gmin =   2.2429E-10 Note: One successful gmin step
Trying gmin =   8.3789E-11 Note: One successful gmin step
Trying gmin =   1.9131E-11 Note: One successful gmin step
Trying gmin =   2.0872E-12 Note: One successful gmin step
Trying gmin =   1.0000E-12 Note: One successful gmin step
Note: Dynamic gmin stepping completed

No. of Data Rows : 121
av0p1hz             =  1.083814e+02
gbw                 =  2.557030e+06
pm180               =  8.442542e+07
pm                  =  6.597513e+01
gm                  =  -6.026720e+01
cmrr0p1hz           =  1.315472e+02
psrr0p1hz           =  6.479096e+01
ERROR: (internal)  This operation is not defined for display type PrinterOnly.
Can't open viewport for graphics.
ERROR: (internal)  This operation is not defined for display type PrinterOnly.
Can't open viewport for graphics.
idd = -2.66090e-04
vos = -3.65156e-05
binary raw file "./out/sp0.raw"
Doing analysis at TEMP = 25.000000 and TNOM = 27.000000

OP information in rawfile.

Total analysis time (seconds) = 9548.87

Total elapsed time (seconds) = 9628.705 

Total DRAM available = 7841.875 MB.
DRAM currently available = 2243.664 MB.
Maximum ngspice program size = 2365.941 MB.
Current ngspice program size = 2347.910 MB.

Shared ngspice pages =   10.965 MB.
Text (code) pages =    5.461 MB.
Stack = 0 bytes.
Library pages = 2345.496 MB.

