
Note: Compatibility modes selected: hs a


Circuit: * num: 1 corner: ss vdd: 3.0 temp: -40

option SCALE: Scale is set to 1e-06 for instance and model parameters
option SCALE: Scale is set to 1e-06 for instance and model parameters
option SCALE: Scale is set to 1e-06 for instance and model parameters
option SCALE: Scale is set to 1e-06 for instance and model parameters
Warning: Model issue on line 0 :
  .model sky130_fd_pr__res_generic_m4 r tc1=    3.424000000000000e-03      ...
unrecognized parameter (tref) - ignored
Doing analysis at TEMP = -40.000000 and TNOM = 27.000000

Note: Starting dynamic gmin stepping
Trying gmin =   1.0000E-03 Note: One successful gmin step
Trying gmin =   1.0000E-04 Note: One successful gmin step
Trying gmin =   1.0000E-05 Note: One successful gmin step
Trying gmin =   1.0000E-06 Note: One successful gmin step
Trying gmin =   1.0000E-07 Note: One successful gmin step
Trying gmin =   3.1623E-08 Note: One successful gmin step
Trying gmin =   5.6234E-09 Note: One successful gmin step
Trying gmin =   5.6234E-10 Warning: Further gmin increment
Trying gmin =   3.1623E-09 Warning: Further gmin increment
Trying gmin =   4.8697E-09 Note: One successful gmin step
Trying gmin =   3.9242E-09 Note: One successful gmin step
Trying gmin =   2.8387E-09 Note: One successful gmin step
Trying gmin =   1.7466E-09 Note: One successful gmin step
Trying gmin =   8.4291E-10 Warning: Further gmin increment
Trying gmin =   1.4557E-09 Note: One successful gmin step
Trying gmin =   1.1077E-09 Warning: Further gmin increment
Trying gmin =   1.3596E-09 Warning: Further gmin increment
Trying gmin =   1.4311E-09 Note: One successful gmin step
Trying gmin =   1.3949E-09 Note: One successful gmin step
Trying gmin =   1.3596E-09 Note: One successful gmin step
Trying gmin =   1.3084E-09 Note: One successful gmin step
Trying gmin =   1.2351E-09 Note: One successful gmin step
Trying gmin =   1.1328E-09 Note: One successful gmin step
Trying gmin =   9.9507E-10 Note: One successful gmin step
Trying gmin =   8.1919E-10 Note: One successful gmin step
Trying gmin =   6.1190E-10 Note: One successful gmin step
Trying gmin =   3.9502E-10 Note: One successful gmin step
Trying gmin =   2.0490E-10 Note: One successful gmin step
Trying gmin =   7.6542E-11 Note: One successful gmin step
Trying gmin =   1.7477E-11 Note: One successful gmin step
Trying gmin =   1.9067E-12 Note: One successful gmin step
Trying gmin =   1.0000E-12 Note: One successful gmin step
Note: Dynamic gmin stepping completed

No. of Data Rows : 1
Doing analysis at TEMP = -40.000000 and TNOM = 27.000000

Note: Starting dynamic gmin stepping
Trying gmin =   1.0000E-03 Note: One successful gmin step
Trying gmin =   1.0000E-04 Note: One successful gmin step
Trying gmin =   1.0000E-05 Note: One successful gmin step
Trying gmin =   1.0000E-06 Note: One successful gmin step
Trying gmin =   1.0000E-07 Note: One successful gmin step
Trying gmin =   3.1623E-08 Note: One successful gmin step
Trying gmin =   5.6234E-09 Note: One successful gmin step
Trying gmin =   5.6234E-10 Warning: Further gmin increment
Trying gmin =   3.1623E-09 Warning: Further gmin increment
Trying gmin =   4.8697E-09 Note: One successful gmin step
Trying gmin =   3.9242E-09 Note: One successful gmin step
Trying gmin =   2.8387E-09 Note: One successful gmin step
Trying gmin =   1.7466E-09 Note: One successful gmin step
Trying gmin =   8.4291E-10 Warning: Further gmin increment
Trying gmin =   1.4557E-09 Note: One successful gmin step
Trying gmin =   1.1077E-09 Warning: Further gmin increment
Trying gmin =   1.3596E-09 Warning: Further gmin increment
Trying gmin =   1.4311E-09 Note: One successful gmin step
Trying gmin =   1.3949E-09 Note: One successful gmin step
Trying gmin =   1.3596E-09 Note: One successful gmin step
Trying gmin =   1.3084E-09 Note: One successful gmin step
Trying gmin =   1.2351E-09 Note: One successful gmin step
Trying gmin =   1.1328E-09 Note: One successful gmin step
Trying gmin =   9.9507E-10 Note: One successful gmin step
Trying gmin =   8.1919E-10 Note: One successful gmin step
Trying gmin =   6.1190E-10 Note: One successful gmin step
Trying gmin =   3.9502E-10 Note: One successful gmin step
Trying gmin =   2.0490E-10 Note: One successful gmin step
Trying gmin =   7.6542E-11 Note: One successful gmin step
Trying gmin =   1.7477E-11 Note: One successful gmin step
Trying gmin =   1.9067E-12 Note: One successful gmin step
Trying gmin =   1.0000E-12 Note: One successful gmin step
Note: Dynamic gmin stepping completed

No. of Data Rows : 121
Doing analysis at TEMP = -40.000000 and TNOM = 27.000000

Note: Starting dynamic gmin stepping
Trying gmin =   1.0000E-03 Note: One successful gmin step
Trying gmin =   1.0000E-04 Note: One successful gmin step
Trying gmin =   1.0000E-05 Note: One successful gmin step
Trying gmin =   1.0000E-06 Note: One successful gmin step
Trying gmin =   1.0000E-07 Note: One successful gmin step
Trying gmin =   3.1623E-08 Note: One successful gmin step
Trying gmin =   5.6234E-09 Note: One successful gmin step
Trying gmin =   5.6234E-10 Warning: Further gmin increment
Trying gmin =   3.1623E-09 Warning: Further gmin increment
Trying gmin =   4.8697E-09 Note: One successful gmin step
Trying gmin =   3.9242E-09 Note: One successful gmin step
Trying gmin =   2.8387E-09 Note: One successful gmin step
Trying gmin =   1.7466E-09 Note: One successful gmin step
Trying gmin =   8.4291E-10 Warning: Further gmin increment
Trying gmin =   1.4557E-09 Note: One successful gmin step
Trying gmin =   1.1077E-09 Warning: Further gmin increment
Trying gmin =   1.3596E-09 Warning: Further gmin increment
Trying gmin =   1.4311E-09 Note: One successful gmin step
Trying gmin =   1.3949E-09 Note: One successful gmin step
Trying gmin =   1.3596E-09 Note: One successful gmin step
Trying gmin =   1.3084E-09 Note: One successful gmin step
Trying gmin =   1.2351E-09 Note: One successful gmin step
Trying gmin =   1.1328E-09 Note: One successful gmin step
Trying gmin =   9.9507E-10 Note: One successful gmin step
Trying gmin =   8.1919E-10 Note: One successful gmin step
Trying gmin =   6.1190E-10 Note: One successful gmin step
Trying gmin =   3.9502E-10 Note: One successful gmin step
Trying gmin =   2.0490E-10 Note: One successful gmin step
Trying gmin =   7.6542E-11 Note: One successful gmin step
Trying gmin =   1.7477E-11 Note: One successful gmin step
Trying gmin =   1.9067E-12 Note: One successful gmin step
Trying gmin =   1.0000E-12 Note: One successful gmin step
Note: Dynamic gmin stepping completed

No. of Data Rows : 121
Doing analysis at TEMP = -40.000000 and TNOM = 27.000000

Note: Starting dynamic gmin stepping
Trying gmin =   1.0000E-03 Note: One successful gmin step
Trying gmin =   1.0000E-04 Note: One successful gmin step
Trying gmin =   1.0000E-05 Note: One successful gmin step
Trying gmin =   1.0000E-06 Note: One successful gmin step
Trying gmin =   1.0000E-07 Note: One successful gmin step
Trying gmin =   3.1623E-08 Note: One successful gmin step
Trying gmin =   5.6234E-09 Note: One successful gmin step
Trying gmin =   5.6234E-10 Warning: Further gmin increment
Trying gmin =   3.1623E-09 Warning: Further gmin increment
Trying gmin =   4.8697E-09 Note: One successful gmin step
Trying gmin =   3.9242E-09 Note: One successful gmin step
Trying gmin =   2.8387E-09 Note: One successful gmin step
Trying gmin =   1.7466E-09 Note: One successful gmin step
Trying gmin =   8.4291E-10 Warning: Further gmin increment
Trying gmin =   1.4557E-09 Note: One successful gmin step
Trying gmin =   1.1077E-09 Warning: Further gmin increment
Trying gmin =   1.3596E-09 Warning: Further gmin increment
Trying gmin =   1.4311E-09 Note: One successful gmin step
Trying gmin =   1.3949E-09 Note: One successful gmin step
Trying gmin =   1.3596E-09 Note: One successful gmin step
Trying gmin =   1.3084E-09 Note: One successful gmin step
Trying gmin =   1.2351E-09 Note: One successful gmin step
Trying gmin =   1.1328E-09 Note: One successful gmin step
Trying gmin =   9.9507E-10 Note: One successful gmin step
Trying gmin =   8.1919E-10 Note: One successful gmin step
Trying gmin =   6.1190E-10 Note: One successful gmin step
Trying gmin =   3.9502E-10 Note: One successful gmin step
Trying gmin =   2.0490E-10 Note: One successful gmin step
Trying gmin =   7.6542E-11 Note: One successful gmin step
Trying gmin =   1.7477E-11 Note: One successful gmin step
Trying gmin =   1.9067E-12 Note: One successful gmin step
Trying gmin =   1.0000E-12 Note: One successful gmin step
Note: Dynamic gmin stepping completed

No. of Data Rows : 121
av0p1hz             =  1.116063e+02
gbw                 =  3.113857e+06
pm180               =  9.484110e+07
pm                  =  6.628951e+01
gm                  =  -5.846611e+01
cmrr0p1hz           =  9.662743e+01
psrr0p1hz           =  5.533470e+01
ERROR: (internal)  This operation is not defined for display type PrinterOnly.
Can't open viewport for graphics.
ERROR: (internal)  This operation is not defined for display type PrinterOnly.
Can't open viewport for graphics.
idd = -2.59881e-04
vos = -5.78214e-04
binary raw file "./out/sp1.raw"
Doing analysis at TEMP = -40.000000 and TNOM = 27.000000

OP information in rawfile.

Total analysis time (seconds) = 9148.55

Total elapsed time (seconds) = 9227.901 

Total DRAM available = 7841.875 MB.
DRAM currently available = 2229.746 MB.
Maximum ngspice program size = 2365.957 MB.
Current ngspice program size = 2348.133 MB.

Shared ngspice pages =   11.172 MB.
Text (code) pages =    5.461 MB.
Stack = 0 bytes.
Library pages = 2345.512 MB.

