
Note: Compatibility modes selected: hs a


Circuit: * num: 10 corner: fs vdd: 3.0 temp: 85

option SCALE: Scale is set to 1e-06 for instance and model parameters
option SCALE: Scale is set to 1e-06 for instance and model parameters
option SCALE: Scale is set to 1e-06 for instance and model parameters
option SCALE: Scale is set to 1e-06 for instance and model parameters
Warning: Model issue on line 0 :
  .model sky130_fd_pr__res_generic_m4 r tc1=    3.424000000000000e-03      ...
unrecognized parameter (tref) - ignored
Doing analysis at TEMP = 85.000000 and TNOM = 27.000000

Note: Starting dynamic gmin stepping
Trying gmin =   1.0000E-03 Note: One successful gmin step
Trying gmin =   1.0000E-04 Note: One successful gmin step
Trying gmin =   1.0000E-05 Note: One successful gmin step
Trying gmin =   1.0000E-06 Note: One successful gmin step
Trying gmin =   1.0000E-07 Note: One successful gmin step
Trying gmin =   3.1623E-08 Note: One successful gmin step
Trying gmin =   5.6234E-09 Note: One successful gmin step
Trying gmin =   5.6234E-10 Warning: Further gmin increment
Trying gmin =   3.1623E-09 Warning: Further gmin increment
Trying gmin =   4.8697E-09 Note: One successful gmin step
Trying gmin =   3.9242E-09 Note: One successful gmin step
Trying gmin =   2.8387E-09 Note: One successful gmin step
Trying gmin =   1.7466E-09 Note: One successful gmin step
Trying gmin =   8.4291E-10 Warning: Further gmin increment
Trying gmin =   1.4557E-09 Warning: Further gmin increment
Trying gmin =   1.6688E-09 Note: One successful gmin step
Trying gmin =   1.5587E-09 Note: One successful gmin step
Trying gmin =   1.4069E-09 Note: One successful gmin step
Trying gmin =   1.2065E-09 Note: One successful gmin step
Trying gmin =   9.5808E-10 Note: One successful gmin step
Trying gmin =   6.7800E-10 Note: One successful gmin step
Trying gmin =   4.0362E-10 Note: One successful gmin step
Trying gmin =   1.8539E-10 Note: One successful gmin step
Trying gmin =   5.7713E-11 Note: One successful gmin step
Trying gmin =   1.0024E-11 Note: One successful gmin step
Trying gmin =   1.0024E-12 Note: One successful gmin step
Trying gmin =   1.0000E-12 Note: One successful gmin step
Note: Dynamic gmin stepping completed

No. of Data Rows : 1
Doing analysis at TEMP = 85.000000 and TNOM = 27.000000

Note: Starting dynamic gmin stepping
Trying gmin =   1.0000E-03 Note: One successful gmin step
Trying gmin =   1.0000E-04 Note: One successful gmin step
Trying gmin =   1.0000E-05 Note: One successful gmin step
Trying gmin =   1.0000E-06 Note: One successful gmin step
Trying gmin =   1.0000E-07 Note: One successful gmin step
Trying gmin =   3.1623E-08 Note: One successful gmin step
Trying gmin =   5.6234E-09 Note: One successful gmin step
Trying gmin =   5.6234E-10 Warning: Further gmin increment
Trying gmin =   3.1623E-09 Warning: Further gmin increment
Trying gmin =   4.8697E-09 Note: One successful gmin step
Trying gmin =   3.9242E-09 Note: One successful gmin step
Trying gmin =   2.8387E-09 Note: One successful gmin step
Trying gmin =   1.7466E-09 Note: One successful gmin step
Trying gmin =   8.4291E-10 Warning: Further gmin increment
Trying gmin =   1.4557E-09 Warning: Further gmin increment
Trying gmin =   1.6688E-09 Note: One successful gmin step
Trying gmin =   1.5587E-09 Note: One successful gmin step
Trying gmin =   1.4069E-09 Note: One successful gmin step
Trying gmin =   1.2065E-09 Note: One successful gmin step
Trying gmin =   9.5808E-10 Note: One successful gmin step
Trying gmin =   6.7800E-10 Note: One successful gmin step
Trying gmin =   4.0362E-10 Note: One successful gmin step
Trying gmin =   1.8539E-10 Note: One successful gmin step
Trying gmin =   5.7713E-11 Note: One successful gmin step
Trying gmin =   1.0024E-11 Note: One successful gmin step
Trying gmin =   1.0024E-12 Note: One successful gmin step
Trying gmin =   1.0000E-12 Note: One successful gmin step
Note: Dynamic gmin stepping completed

No. of Data Rows : 121
Doing analysis at TEMP = 85.000000 and TNOM = 27.000000

Note: Starting dynamic gmin stepping
Trying gmin =   1.0000E-03 Note: One successful gmin step
Trying gmin =   1.0000E-04 Note: One successful gmin step
Trying gmin =   1.0000E-05 Note: One successful gmin step
Trying gmin =   1.0000E-06 Note: One successful gmin step
Trying gmin =   1.0000E-07 Note: One successful gmin step
Trying gmin =   3.1623E-08 Note: One successful gmin step
Trying gmin =   5.6234E-09 Note: One successful gmin step
Trying gmin =   5.6234E-10 Warning: Further gmin increment
Trying gmin =   3.1623E-09 Warning: Further gmin increment
Trying gmin =   4.8697E-09 Note: One successful gmin step
Trying gmin =   3.9242E-09 Note: One successful gmin step
Trying gmin =   2.8387E-09 Note: One successful gmin step
Trying gmin =   1.7466E-09 Note: One successful gmin step
Trying gmin =   8.4291E-10 Warning: Further gmin increment
Trying gmin =   1.4557E-09 Warning: Further gmin increment
Trying gmin =   1.6688E-09 Note: One successful gmin step
Trying gmin =   1.5587E-09 Note: One successful gmin step
Trying gmin =   1.4069E-09 Note: One successful gmin step
Trying gmin =   1.2065E-09 Note: One successful gmin step
Trying gmin =   9.5808E-10 Note: One successful gmin step
Trying gmin =   6.7800E-10 Note: One successful gmin step
Trying gmin =   4.0362E-10 Note: One successful gmin step
Trying gmin =   1.8539E-10 Note: One successful gmin step
Trying gmin =   5.7713E-11 Note: One successful gmin step
Trying gmin =   1.0024E-11 Note: One successful gmin step
Trying gmin =   1.0024E-12 Note: One successful gmin step
Trying gmin =   1.0000E-12 Note: One successful gmin step
Note: Dynamic gmin stepping completed

No. of Data Rows : 121
Doing analysis at TEMP = 85.000000 and TNOM = 27.000000

Note: Starting dynamic gmin stepping
Trying gmin =   1.0000E-03 Note: One successful gmin step
Trying gmin =   1.0000E-04 Note: One successful gmin step
Trying gmin =   1.0000E-05 Note: One successful gmin step
Trying gmin =   1.0000E-06 Note: One successful gmin step
Trying gmin =   1.0000E-07 Note: One successful gmin step
Trying gmin =   3.1623E-08 Note: One successful gmin step
Trying gmin =   5.6234E-09 Note: One successful gmin step
Trying gmin =   5.6234E-10 Warning: Further gmin increment
Trying gmin =   3.1623E-09 Warning: Further gmin increment
Trying gmin =   4.8697E-09 Note: One successful gmin step
Trying gmin =   3.9242E-09 Note: One successful gmin step
Trying gmin =   2.8387E-09 Note: One successful gmin step
Trying gmin =   1.7466E-09 Note: One successful gmin step
Trying gmin =   8.4291E-10 Warning: Further gmin increment
Trying gmin =   1.4557E-09 Warning: Further gmin increment
Trying gmin =   1.6688E-09 Note: One successful gmin step
Trying gmin =   1.5587E-09 Note: One successful gmin step
Trying gmin =   1.4069E-09 Note: One successful gmin step
Trying gmin =   1.2065E-09 Note: One successful gmin step
Trying gmin =   9.5808E-10 Note: One successful gmin step
Trying gmin =   6.7800E-10 Note: One successful gmin step
Trying gmin =   4.0362E-10 Note: One successful gmin step
Trying gmin =   1.8539E-10 Note: One successful gmin step
Trying gmin =   5.7713E-11 Note: One successful gmin step
Trying gmin =   1.0024E-11 Note: One successful gmin step
Trying gmin =   1.0024E-12 Note: One successful gmin step
Trying gmin =   1.0000E-12 Note: One successful gmin step
Note: Dynamic gmin stepping completed

No. of Data Rows : 121
av0p1hz             =  1.043267e+02
gbw                 =  2.154541e+06
pm180               =  8.746458e+07
pm                  =  6.592591e+01
gm                  =  -6.592504e+01
cmrr0p1hz           =  1.269362e+02
psrr0p1hz           =  6.431364e+01
ERROR: (internal)  This operation is not defined for display type PrinterOnly.
Can't open viewport for graphics.
ERROR: (internal)  This operation is not defined for display type PrinterOnly.
Can't open viewport for graphics.
idd = -2.61634e-04
vos = -2.02416e-05
binary raw file "./out/sp10.raw"
Doing analysis at TEMP = 85.000000 and TNOM = 27.000000

OP information in rawfile.

Total analysis time (seconds) = 8412.62

Total elapsed time (seconds) = 8493.273 

Total DRAM available = 7841.875 MB.
DRAM currently available =  175.824 MB.
Maximum ngspice program size = 2365.949 MB.
Current ngspice program size = 2347.043 MB.

Shared ngspice pages =   10.090 MB.
Text (code) pages =    5.461 MB.
Stack = 0 bytes.
Library pages = 2345.504 MB.

