
Note: Compatibility modes selected: hs a


Circuit: * num: 11 corner: ll vdd: 3.0 temp: 85

option SCALE: Scale is set to 1e-06 for instance and model parameters
option SCALE: Scale is set to 1e-06 for instance and model parameters
option SCALE: Scale is set to 1e-06 for instance and model parameters
option SCALE: Scale is set to 1e-06 for instance and model parameters
Warning: Model issue on line 0 :
  .model sky130_fd_pr__res_generic_m4 r tc1=    3.424000000000000e-03      ...
unrecognized parameter (tref) - ignored
Doing analysis at TEMP = 85.000000 and TNOM = 27.000000

Note: Starting dynamic gmin stepping
Trying gmin =   1.0000E-03 Note: One successful gmin step
Trying gmin =   1.0000E-04 Note: One successful gmin step
Trying gmin =   1.0000E-05 Note: One successful gmin step
Trying gmin =   1.0000E-06 Note: One successful gmin step
Trying gmin =   1.0000E-07 Note: One successful gmin step
Trying gmin =   3.1623E-08 Note: One successful gmin step
Trying gmin =   5.6234E-09 Note: One successful gmin step
Trying gmin =   5.6234E-10 Warning: Further gmin increment
Trying gmin =   3.1623E-09 Note: One successful gmin step
Trying gmin =   1.7783E-09 Note: One successful gmin step
Trying gmin =   7.4989E-10 Warning: Further gmin increment
Trying gmin =   1.4330E-09 Warning: Further gmin increment
Trying gmin =   1.6849E-09 Note: One successful gmin step
Trying gmin =   1.5538E-09 Warning: Further gmin increment
Trying gmin =   1.6511E-09 Note: One successful gmin step
Trying gmin =   1.6180E-09 Note: One successful gmin step
Trying gmin =   1.5696E-09 Note: One successful gmin step
Trying gmin =   1.4998E-09 Note: One successful gmin step
Trying gmin =   1.4008E-09 Note: One successful gmin step
Trying gmin =   1.2644E-09 Note: One successful gmin step
Trying gmin =   1.0842E-09 Note: One successful gmin step
Trying gmin =   8.6102E-10 Note: One successful gmin step
Trying gmin =   6.0932E-10 Note: One successful gmin step
Trying gmin =   3.6273E-10 Note: One successful gmin step
Trying gmin =   1.6661E-10 Note: One successful gmin step
Trying gmin =   5.1866E-11 Note: One successful gmin step
Trying gmin =   9.0085E-12 Note: One successful gmin step
Trying gmin =   1.0000E-12 Note: One successful gmin step
Note: Dynamic gmin stepping completed

No. of Data Rows : 1
Doing analysis at TEMP = 85.000000 and TNOM = 27.000000

Note: Starting dynamic gmin stepping
Trying gmin =   1.0000E-03 Note: One successful gmin step
Trying gmin =   1.0000E-04 Note: One successful gmin step
Trying gmin =   1.0000E-05 Note: One successful gmin step
Trying gmin =   1.0000E-06 Note: One successful gmin step
Trying gmin =   1.0000E-07 Note: One successful gmin step
Trying gmin =   3.1623E-08 Note: One successful gmin step
Trying gmin =   5.6234E-09 Note: One successful gmin step
Trying gmin =   5.6234E-10 Warning: Further gmin increment
Trying gmin =   3.1623E-09 Note: One successful gmin step
Trying gmin =   1.7783E-09 Note: One successful gmin step
Trying gmin =   7.4989E-10 Warning: Further gmin increment
Trying gmin =   1.4330E-09 Warning: Further gmin increment
Trying gmin =   1.6849E-09 Note: One successful gmin step
Trying gmin =   1.5538E-09 Warning: Further gmin increment
Trying gmin =   1.6511E-09 Note: One successful gmin step
Trying gmin =   1.6180E-09 Note: One successful gmin step
Trying gmin =   1.5696E-09 Note: One successful gmin step
Trying gmin =   1.4998E-09 Note: One successful gmin step
Trying gmin =   1.4008E-09 Note: One successful gmin step
Trying gmin =   1.2644E-09 Note: One successful gmin step
Trying gmin =   1.0842E-09 Note: One successful gmin step
Trying gmin =   8.6102E-10 Note: One successful gmin step
Trying gmin =   6.0932E-10 Note: One successful gmin step
Trying gmin =   3.6273E-10 Note: One successful gmin step
Trying gmin =   1.6661E-10 Note: One successful gmin step
Trying gmin =   5.1866E-11 Note: One successful gmin step
Trying gmin =   9.0085E-12 Note: One successful gmin step
Trying gmin =   1.0000E-12 Note: One successful gmin step
Note: Dynamic gmin stepping completed

No. of Data Rows : 121
Doing analysis at TEMP = 85.000000 and TNOM = 27.000000

Note: Starting dynamic gmin stepping
Trying gmin =   1.0000E-03 Note: One successful gmin step
Trying gmin =   1.0000E-04 Note: One successful gmin step
Trying gmin =   1.0000E-05 Note: One successful gmin step
Trying gmin =   1.0000E-06 Note: One successful gmin step
Trying gmin =   1.0000E-07 Note: One successful gmin step
Trying gmin =   3.1623E-08 Note: One successful gmin step
Trying gmin =   5.6234E-09 Note: One successful gmin step
Trying gmin =   5.6234E-10 Warning: Further gmin increment
Trying gmin =   3.1623E-09 Note: One successful gmin step
Trying gmin =   1.7783E-09 Note: One successful gmin step
Trying gmin =   7.4989E-10 Warning: Further gmin increment
Trying gmin =   1.4330E-09 Warning: Further gmin increment
Trying gmin =   1.6849E-09 Note: One successful gmin step
Trying gmin =   1.5538E-09 Warning: Further gmin increment
Trying gmin =   1.6511E-09 Note: One successful gmin step
Trying gmin =   1.6180E-09 Note: One successful gmin step
Trying gmin =   1.5696E-09 Note: One successful gmin step
Trying gmin =   1.4998E-09 Note: One successful gmin step
Trying gmin =   1.4008E-09 Note: One successful gmin step
Trying gmin =   1.2644E-09 Note: One successful gmin step
Trying gmin =   1.0842E-09 Note: One successful gmin step
Trying gmin =   8.6102E-10 Note: One successful gmin step
Trying gmin =   6.0932E-10 Note: One successful gmin step
Trying gmin =   3.6273E-10 Note: One successful gmin step
Trying gmin =   1.6661E-10 Note: One successful gmin step
Trying gmin =   5.1866E-11 Note: One successful gmin step
Trying gmin =   9.0085E-12 Note: One successful gmin step
Trying gmin =   1.0000E-12 Note: One successful gmin step
Note: Dynamic gmin stepping completed

No. of Data Rows : 121
Doing analysis at TEMP = 85.000000 and TNOM = 27.000000

Note: Starting dynamic gmin stepping
Trying gmin =   1.0000E-03 Note: One successful gmin step
Trying gmin =   1.0000E-04 Note: One successful gmin step
Trying gmin =   1.0000E-05 Note: One successful gmin step
Trying gmin =   1.0000E-06 Note: One successful gmin step
Trying gmin =   1.0000E-07 Note: One successful gmin step
Trying gmin =   3.1623E-08 Note: One successful gmin step
Trying gmin =   5.6234E-09 Note: One successful gmin step
Trying gmin =   5.6234E-10 Warning: Further gmin increment
Trying gmin =   3.1623E-09 Note: One successful gmin step
Trying gmin =   1.7783E-09 Note: One successful gmin step
Trying gmin =   7.4989E-10 Warning: Further gmin increment
Trying gmin =   1.4330E-09 Warning: Further gmin increment
Trying gmin =   1.6849E-09 Note: One successful gmin step
Trying gmin =   1.5538E-09 Warning: Further gmin increment
Trying gmin =   1.6511E-09 Note: One successful gmin step
Trying gmin =   1.6180E-09 Note: One successful gmin step
Trying gmin =   1.5696E-09 Note: One successful gmin step
Trying gmin =   1.4998E-09 Note: One successful gmin step
Trying gmin =   1.4008E-09 Note: One successful gmin step
Trying gmin =   1.2644E-09 Note: One successful gmin step
Trying gmin =   1.0842E-09 Note: One successful gmin step
Trying gmin =   8.6102E-10 Note: One successful gmin step
Trying gmin =   6.0932E-10 Note: One successful gmin step
Trying gmin =   3.6273E-10 Note: One successful gmin step
Trying gmin =   1.6661E-10 Note: One successful gmin step
Trying gmin =   5.1866E-11 Note: One successful gmin step
Trying gmin =   9.0085E-12 Note: One successful gmin step
Trying gmin =   1.0000E-12 Note: One successful gmin step
Note: Dynamic gmin stepping completed

No. of Data Rows : 121
av0p1hz             =  1.044068e+02
gbw                 =  2.386818e+06
pm180               =  7.684318e+07
pm                  =  6.187151e+01
gm                  =  -6.216336e+01
cmrr0p1hz           =  1.288543e+02
psrr0p1hz           =  6.280016e+01
ERROR: (internal)  This operation is not defined for display type PrinterOnly.
Can't open viewport for graphics.
ERROR: (internal)  This operation is not defined for display type PrinterOnly.
Can't open viewport for graphics.
idd = -2.60689e-04
vos = -4.70469e-05
binary raw file "./out/sp11.raw"
Doing analysis at TEMP = 85.000000 and TNOM = 27.000000

OP information in rawfile.

Total analysis time (seconds) = 8407.25

Total elapsed time (seconds) = 8488.684 

Total DRAM available = 7841.875 MB.
DRAM currently available =  175.004 MB.
Maximum ngspice program size = 2365.953 MB.
Current ngspice program size = 2347.230 MB.

Shared ngspice pages =   10.277 MB.
Text (code) pages =    5.461 MB.
Stack = 0 bytes.
Library pages = 2345.508 MB.

