
Note: Compatibility modes selected: hs a


Circuit: * num: 13 corner: ss vdd: 5.5 temp: -40

option SCALE: Scale is set to 1e-06 for instance and model parameters
option SCALE: Scale is set to 1e-06 for instance and model parameters
option SCALE: Scale is set to 1e-06 for instance and model parameters
option SCALE: Scale is set to 1e-06 for instance and model parameters
Warning: Model issue on line 0 :
  .model sky130_fd_pr__res_generic_m4 r tc1=    3.424000000000000e-03      ...
unrecognized parameter (tref) - ignored
Doing analysis at TEMP = -40.000000 and TNOM = 27.000000

Note: Starting dynamic gmin stepping
Trying gmin =   1.0000E-03 Note: One successful gmin step
Trying gmin =   1.0000E-04 Note: One successful gmin step
Trying gmin =   1.0000E-05 Note: One successful gmin step
Trying gmin =   1.0000E-06 Note: One successful gmin step
Trying gmin =   1.0000E-07 Note: One successful gmin step
Trying gmin =   1.0000E-08 Note: One successful gmin step
Trying gmin =   1.0000E-09 Warning: Further gmin increment
Trying gmin =   5.6234E-09 Note: One successful gmin step
Trying gmin =   2.3714E-09 Warning: Further gmin increment
Trying gmin =   4.5316E-09 Note: One successful gmin step
Trying gmin =   3.2781E-09 Note: One successful gmin step
Trying gmin =   2.0169E-09 Note: One successful gmin step
Trying gmin =   9.7338E-10 Warning: Further gmin increment
Trying gmin =   1.6811E-09 Note: One successful gmin step
Trying gmin =   1.2792E-09 Note: One successful gmin step
Trying gmin =   8.4909E-10 Warning: Further gmin increment
Trying gmin =   1.1546E-09 Note: One successful gmin step
Trying gmin =   9.9014E-10 Note: One successful gmin step
Trying gmin =   8.4909E-10 Note: One successful gmin step
Trying gmin =   6.7428E-10 Note: One successful gmin step
Trying gmin =   4.7717E-10 Note: One successful gmin step
Trying gmin =   2.8407E-10 Note: One successful gmin step
Trying gmin =   1.3048E-10 Note: One successful gmin step
Trying gmin =   4.0618E-11 Note: One successful gmin step
Trying gmin =   7.0548E-12 Note: One successful gmin step
Trying gmin =   1.0000E-12 Note: One successful gmin step
Note: Dynamic gmin stepping completed

No. of Data Rows : 1
Doing analysis at TEMP = -40.000000 and TNOM = 27.000000

Note: Starting dynamic gmin stepping
Trying gmin =   1.0000E-03 Note: One successful gmin step
Trying gmin =   1.0000E-04 Note: One successful gmin step
Trying gmin =   1.0000E-05 Note: One successful gmin step
Trying gmin =   1.0000E-06 Note: One successful gmin step
Trying gmin =   1.0000E-07 Note: One successful gmin step
Trying gmin =   1.0000E-08 Note: One successful gmin step
Trying gmin =   1.0000E-09 Warning: Further gmin increment
Trying gmin =   5.6234E-09 Note: One successful gmin step
Trying gmin =   2.3714E-09 Warning: Further gmin increment
Trying gmin =   4.5316E-09 Note: One successful gmin step
Trying gmin =   3.2781E-09 Note: One successful gmin step
Trying gmin =   2.0169E-09 Note: One successful gmin step
Trying gmin =   9.7338E-10 Warning: Further gmin increment
Trying gmin =   1.6811E-09 Note: One successful gmin step
Trying gmin =   1.2792E-09 Note: One successful gmin step
Trying gmin =   8.4909E-10 