
Note: Compatibility modes selected: hs a


Circuit: * num: 2 corner: ff vdd: 3.0 temp: -40

option SCALE: Scale is set to 1e-06 for instance and model parameters
option SCALE: Scale is set to 1e-06 for instance and model parameters
option SCALE: Scale is set to 1e-06 for instance and model parameters
option SCALE: Scale is set to 1e-06 for instance and model parameters
Warning: Model issue on line 0 :
  .model sky130_fd_pr__res_generic_m4 r tc1=    3.424000000000000e-03      ...
unrecognized parameter (tref) - ignored
Doing analysis at TEMP = -40.000000 and TNOM = 27.000000

Note: Starting dynamic gmin stepping
Trying gmin =   1.0000E-03 Note: One successful gmin step
Trying gmin =   1.0000E-04 Note: One successful gmin step
Trying gmin =   1.0000E-05 Note: One successful gmin step
Trying gmin =   1.0000E-06 Note: One successful gmin step
Trying gmin =   1.0000E-07 Warning: Further gmin increment
Trying gmin =   5.6234E-07 Note: One successful gmin step
Trying gmin =   2.3714E-07 Note: One successful gmin step
Trying gmin =   6.4938E-08 Note: One successful gmin step
Trying gmin =   9.3057E-09 Note: One successful gmin step
Trying gmin =   9.3057E-10 Warning: Further gmin increment
Trying gmin =   5.2330E-09 Note: One successful gmin step
Trying gmin =   2.2067E-09 Note: One successful gmin step
Trying gmin =   6.0430E-10 Warning: Further gmin increment
Trying gmin =   1.5963E-09 Warning: Further gmin increment
Trying gmin =   2.0351E-09 Note: One successful gmin step
Trying gmin =   1.8024E-09 Note: One successful gmin step
Trying gmin =   1.5023E-09 Note: One successful gmin step
Trying gmin =   1.1432E-09 Warning: Further gmin increment
Trying gmin =   1.4031E-09 Warning: Further gmin increment
Trying gmin =   1.4769E-09 Note: One successful gmin step
Trying gmin =   1.4395E-09 Note: One successful gmin step
Trying gmin =   1.3853E-09 Note: One successful gmin step
Trying gmin =   1.3077E-09 Note: One successful gmin step
Trying gmin =   1.1994E-09 Note: One successful gmin step
Trying gmin =   1.0535E-09 Note: One successful gmin step
Trying gmin =   8.6732E-10 Note: One successful gmin step
Trying gmin =   6.4785E-10 Note: One successful gmin step
Trying gmin =   4.1823E-10 Note: One successful gmin step
Trying gmin =   2.1693E-10 Note: One successful gmin step
Trying gmin =   8.1040E-11 Note: One successful gmin step
Trying gmin =   1.8503E-11 Note: One successful gmin step
Trying gmin =   2.0187E-12 Note: One successful gmin step
Trying gmin =   1.0000E-12 Note: One successful gmin step
Note: Dynamic gmin stepping completed

No. of Data Rows : 1
Doing analysis at TEMP = -40.000000 and TNOM = 27.000000

Note: Starting dynamic gmin stepping
Trying gmin =   1.0000E-03 Note: One successful gmin step
Trying gmin =   1.0000E-04 Note: One successful gmin step
Trying gmin =   1.0000E-05 Note: One successful gmin step
Trying gmin =   1.0000E-06 Note: One successful gmin step
Trying gmin =   1.0000E-07 Warning: Further gmin increment
Trying gmin =   5.6234E-07 Note: One successful gmin step
Trying gmin =   2.3714E-07 Note: One successful gmin step
Trying gmin =   6.4938E-08 Note: One successful gmin step
Trying gmin =   9.3057E-09 Note: One successful gmin step
Trying gmin =   9.3057E-10 Warning: Further gmin increment
Trying gmin =   5.2330E-09 Note: One successful gmin step
Trying gmin =   2.2067E-09 Note: One successful gmin step
Trying gmin =   6.0430E-10 Warning: Further gmin increment
Trying gmin =   1.5963E-09 Warning: Further gmin increment
Trying gmin =   2.0351E-09 Note: One successful gmin step
Trying gmin =   1.8024E-09 Note: One successful gmin step
Trying gmin =   1.5023E-09 Note: One successful gmin step
Trying gmin =   1.1432E-09 Warning: Further gmin increment
Trying gmin =   1.4031E-09 Warning: Further gmin increment
Trying gmin =   1.4769E-09 Note: One successful gmin step
Trying gmin =   1.4395E-09 Note: One successful gmin step
Trying gmin =   1.3853E-09 Note: One successful gmin step
Trying gmin =   1.3077E-09 Note: One successful gmin step
Trying gmin =   1.1994E-09 Note: One successful gmin step
Trying gmin =   1.0535E-09 Note: One successful gmin step
Trying gmin =   8.6732E-10 Note: One successful gmin step
Trying gmin =   6.4785E-10 Note: One successful gmin step
Trying gmin =   4.1823E-10 Note: One successful gmin step
Trying gmin =   2.1693E-10 Note: One successful gmin step
Trying gmin =   8.1040E-11 Note: One successful gmin step
Trying gmin =   1.8503E-11 Note: One successful gmin step
Trying gmin =   2.0187E-12 Note: One successful gmin step
Trying gmin =   1.0000E-12 Note: One successful gmin step
Note: Dynamic gmin stepping completed

No. of Data Rows : 121
Doing analysis at TEMP = -40.000000 and TNOM = 27.000000

Note: Starting dynamic gmin stepping
Trying gmin =   1.0000E-03 Note: One successful gmin step
Trying gmin =   1.0000E-04 Note: One successful gmin step
Trying gmin =   1.0000E-05 Note: One successful gmin step
Trying gmin =   1.0000E-06 Note: One successful gmin step
Trying gmin =   1.0000E-07 Warning: Further gmin increment
Trying gmin =   5.6234E-07 Note: One successful gmin step
Trying gmin =   2.3714E-07 Note: One successful gmin step
Trying gmin =   6.4938E-08 Note: One successful gmin step
Trying gmin =   9.3057E-09 Note: One successful gmin step
Trying gmin =   9.3057E-10 Warning: Further gmin increment
Trying gmin =   5.2330E-09 Note: One successful gmin step
Trying gmin =   2.2067E-09 Note: One successful gmin step
Trying gmin =   6.0430E-10 Warning: Further gmin increment
Trying gmin =   1.5963E-09 Warning: Further gmin increment
Trying gmin =   2.0351E-09 Note: One successful gmin step
Trying gmin =   1.8024E-09 Note: One successful gmin step
Trying gmin =   1.5023E-09 Note: One successful gmin step
Trying gmin =   1.1432E-09 Warning: Further gmin increment
Trying gmin =   1.4031E-09 Warning: Further gmin increment
Trying gmin =   1.4769E-09 Note: One successful gmin step
Trying gmin =   1.4395E-09 Note: One successful gmin step
Trying gmin =   1.3853E-09 Note: One successful gmin step
Trying gmin =   1.3077E-09 Note: One successful gmin step
Trying gmin =   1.1994E-09 Note: One successful gmin step
Trying gmin =   1.0535E-09 Note: One successful gmin step
Trying gmin =   8.6732E-10 Note: One successful gmin step
Trying gmin =   6.4785E-10 Note: One successful gmin step
Trying gmin =   4.1823E-10 Note: One successful gmin step
Trying gmin =   2.1693E-10 Note: One successful gmin step
Trying gmin =   8.1040E-11 Note: One successful gmin step
Trying gmin =   1.8503E-11 Note: One successful gmin step
Trying gmin =   2.0187E-12 Note: One successful gmin step
Trying gmin =   1.0000E-12 Note: One successful gmin step
Note: Dynamic gmin stepping completed

No. of Data Rows : 121
Doing analysis at TEMP = -40.000000 and TNOM = 27.000000

Note: Starting dynamic gmin stepping
Trying gmin =   1.0000E-03 Note: One successful gmin step
Trying gmin =   1.0000E-04 Note: One successful gmin step
Trying gmin =   1.0000E-05 Note: One successful gmin step
Trying gmin =   1.0000E-06 Note: One successful gmin step
Trying gmin =   1.0000E-07 Warning: Further gmin increment
Trying gmin =   5.6234E-07 Note: One successful gmin step
Trying gmin =   2.3714E-07 Note: One successful gmin step
Trying gmin =   6.4938E-08 Note: One successful gmin step
Trying gmin =   9.3057E-09 Note: One successful gmin step
Trying gmin =   9.3057E-10 Warning: Further gmin increment
Trying gmin =   5.2330E-09 Note: One successful gmin step
Trying gmin =   2.2067E-09 Note: One successful gmin step
Trying gmin =   6.0430E-10 Warning: Further gmin increment
Trying gmin =   1.5963E-09 Warning: Further gmin increment
Trying gmin =   2.0351E-09 Note: One successful gmin step
Trying gmin =   1.8024E-09 Note: One successful gmin step
Trying gmin =   1.5023E-09 Note: One successful gmin step
Trying gmin =   1.1432E-09 Warning: Further gmin increment
Trying gmin =   1.4031E-09 Warning: Further gmin increment
Trying gmin =   1.4769E-09 Note: One successful gmin step
Trying gmin =   1.4395E-09 Note: One successful gmin step
Trying gmin =   1.3853E-09 Note: One successful gmin step
Trying gmin =   1.3077E-09 Note: One successful gmin step
Trying gmin =   1.1994E-09 Note: One successful gmin step
Trying gmin =   1.0535E-09 Note: One successful gmin step
Trying gmin =   8.6732E-10 Note: One successful gmin step
Trying gmin =   6.4785E-10 Note: One successful gmin step
Trying gmin =   4.1823E-10 Note: One successful gmin step
Trying gmin =   2.1693E-10 Note: One successful gmin step
Trying gmin =   8.1040E-11 Note: One successful gmin step
Trying gmin =   1.8503E-11 Note: One successful gmin step
Trying gmin =   2.0187E-12 Note: One successful gmin step
Trying gmin =   1.0000E-12 Note: One successful gmin step
Note: Dynamic gmin stepping completed

No. of Data Rows : 121
av0p1hz             =  1.105733e+02
gbw                 =  3.133193e+06
pm180               =  9.541088e+07
pm                  =  6.620483e+01
gm                  =  -5.828223e+01
cmrr0p1hz           =  1.025031e+02
psrr0p1hz           =  6.098035e+01
ERROR: (internal)  This operation is not defined for display type PrinterOnly.
Can't open viewport for graphics.
ERROR: (internal)  This operation is not defined for display type PrinterOnly.
Can't open viewport for graphics.
idd = -2.64692e-04
vos = -3.31491e-04
binary raw file "./out/sp2.raw"
Doing analysis at TEMP = -40.000000 and TNOM = 27.000000

OP information in rawfile.

Total analysis time (seconds) = 9518.03

Total elapsed time (seconds) = 9597.282 

Total DRAM available = 7841.875 MB.
DRAM currently available = 2115.496 MB.
Maximum ngspice program size = 2365.953 MB.
Current ngspice program size = 2348.074 MB.

Shared ngspice pages =   11.121 MB.
Text (code) pages =    5.461 MB.
Stack = 0 bytes.
Library pages = 2345.508 MB.

