
Note: Compatibility modes selected: hs a


Circuit: * num: 3 corner: sf vdd: 3.0 temp: -40

option SCALE: Scale is set to 1e-06 for instance and model parameters
option SCALE: Scale is set to 1e-06 for instance and model parameters
option SCALE: Scale is set to 1e-06 for instance and model parameters
option SCALE: Scale is set to 1e-06 for instance and model parameters
Warning: Model issue on line 0 :
  .model sky130_fd_pr__res_generic_m4 r tc1=    3.424000000000000e-03      ...
unrecognized parameter (tref) - ignored
Doing analysis at TEMP = -40.000000 and TNOM = 27.000000

Note: Starting dynamic gmin stepping
Trying gmin =   1.0000E-03 Note: One successful gmin step
Trying gmin =   1.0000E-04 Note: One successful gmin step
Trying gmin =   1.0000E-05 Note: One successful gmin step
Trying gmin =   1.0000E-06 Note: One successful gmin step
Trying gmin =   1.0000E-07 Warning: Further gmin increment
Trying gmin =   5.6234E-07 Note: One successful gmin step
Trying gmin =   2.3714E-07 Note: One successful gmin step
Trying gmin =   1.5399E-07 Note: One successful gmin step
Trying gmin =   8.0584E-08 Note: One successful gmin step
Trying gmin =   3.0505E-08 Note: One successful gmin step
Trying gmin =   7.1050E-09 Note: One successful gmin step
Trying gmin =   7.9863E-10 Warning: Further gmin increment
Trying gmin =   4.1139E-09 Warning: Further gmin increment
Trying gmin =   6.1978E-09 Note: One successful gmin step
Trying gmin =   5.0495E-09 Note: One successful gmin step
Trying gmin =   3.7133E-09 Note: One successful gmin step
Trying gmin =   2.3417E-09 Note: One successful gmin step
Trying gmin =   1.4768E-09 Warning: Further gmin increment
Trying gmin =   2.0868E-09 Note: One successful gmin step
Trying gmin =   1.7555E-09 Warning: Further gmin increment
Trying gmin =   1.9985E-09 Note: One successful gmin step
Trying gmin =   1.8731E-09 Note: One successful gmin step
Trying gmin =   1.6995E-09 Note: One successful gmin step
Trying gmin =   1.4688E-09 Note: One successful gmin step
Trying gmin =   1.2694E-09 Note: One successful gmin step
Trying gmin =   1.0200E-09 Note: One successful gmin step
Trying gmin =   7.3458E-10 Note: One successful gmin step
Trying gmin =   4.4898E-10 Note: One successful gmin step
Trying gmin =   2.1454E-10 Note: One successful gmin step
Trying gmin =   7.0863E-11 Note: One successful gmin step
Trying gmin =   1.3452E-11 Note: One successful gmin step
Trying gmin =   1.3452E-12 Note: One successful gmin step
Trying gmin =   1.0000E-12 Note: One successful gmin step
Note: Dynamic gmin stepping completed

No. of Data Rows : 1
Doing analysis at TEMP = -40.000000 and TNOM = 27.000000

Note: Starting dynamic gmin stepping
Trying gmin =   1.0000E-03 Note: One successful gmin step
Trying gmin =   1.0000E-04 Note: One successful gmin step
Trying gmin =   1.0000E-05 Note: One successful gmin step
Trying gmin =   1.0000E-06 Note: One successful gmin step
Trying gmin =   1.0000E-07 Warning: Further gmin increment
Trying gmin =   5.6234E-07 Note: One successful gmin step
Trying gmin =   2.3714E-07 Note: One successful gmin step
Trying gmin =   1.5399E-07 Note: One successful gmin step
Trying gmin =   8.0584E-08 Note: One successful gmin step
Trying gmin =   3.0505E-08 Note: One successful gmin step
Trying gmin =   7.1050E-09 Note: One successful gmin step
Trying gmin =   7.9863E-10 Warning: Further gmin increment
Trying gmin =   4.1139E-09 Warning: Further gmin increment
Trying gmin =   6.1978E-09 Note: One successful gmin step
Trying gmin =   5.0495E-09 Note: One successful gmin step
Trying gmin =   3.7133E-09 Note: One successful gmin step
Trying gmin =   2.3417E-09 Note: One successful gmin step
Trying gmin =   1.4768E-09 Warning: Further gmin increment
Trying gmin =   2.0868E-09 Note: One successful gmin step
Trying gmin =   1.7555E-09 Warning: Further gmin increment
Trying gmin =   1.9985E-09 Note: One successful gmin step
Trying gmin =   1.8731E-09 Note: One successful gmin step
Trying gmin =   1.6995E-09 Note: One successful gmin step
Trying gmin =   1.4688E-09 Note: One successful gmin step
Trying gmin =   1.2694E-09 Note: One successful gmin step
Trying gmin =   1.0200E-09 Note: One successful gmin step
Trying gmin =   7.3458E-10 Note: One successful gmin step
Trying gmin =   4.4898E-10 Note: One successful gmin step
Trying gmin =   2.1454E-10 Note: One successful gmin step
Trying gmin =   7.0863E-11 Note: One successful gmin step
Trying gmin =   1.3452E-11 Note: One successful gmin step
Trying gmin =   1.3452E-12 Note: One successful gmin step
Trying gmin =   1.0000E-12 Note: One successful gmin step
Note: Dynamic gmin stepping completed

No. of Data Rows : 121
Doing analysis at TEMP = -40.000000 and TNOM = 27.000000

Note: Starting dynamic gmin stepping
Trying gmin =   1.0000E-03 Note: One successful gmin step
Trying gmin =   1.0000E-04 Note: One successful gmin step
Trying gmin =   1.0000E-05 Note: One successful gmin step
Trying gmin =   1.0000E-06 Note: One successful gmin step
Trying gmin =   1.0000E-07 Warning: Further gmin increment
Trying gmin =   5.6234E-07 Note: One successful gmin step
Trying gmin =   2.3714E-07 Note: One successful gmin step
Trying gmin =   1.5399E-07 Note: One successful gmin step
Trying gmin =   8.0584E-08 Note: One successful gmin step
Trying gmin =   3.0505E-08 Note: One successful gmin step
Trying gmin =   7.1050E-09 Note: One successful gmin step
Trying gmin =   7.9863E-10 Warning: Further gmin increment
Trying gmin =   4.1139E-09 Warning: Further gmin increment
Trying gmin =   6.1978E-09 Note: One successful gmin step
Trying gmin =   5.0495E-09 Note: One successful gmin step
Trying gmin =   3.7133E-09 Note: One successful gmin step
Trying gmin =   2.3417E-09 Note: One successful gmin step
Trying gmin =   1.4768E-09 Warning: Further gmin increment
Trying gmin =   2.0868E-09 Note: One successful gmin step
Trying gmin =   1.7555E-09 Warning: Further gmin increment
Trying gmin =   1.9985E-09 Note: One successful gmin step
Trying gmin =   1.8731E-09 Note: One successful gmin step
Trying gmin =   1.6995E-09 Note: One successful gmin step
Trying gmin =   1.4688E-09 Note: One successful gmin step
Trying gmin =   1.2694E-09 Note: One successful gmin step
Trying gmin =   1.0200E-09 Note: One successful gmin step
Trying gmin =   7.3458E-10 Note: One successful gmin step
Trying gmin =   4.4898E-10 Note: One successful gmin step
Trying gmin =   2.1454E-10 Note: One successful gmin step
Trying gmin =   7.0863E-11 Note: One successful gmin step
Trying gmin =   1.3452E-11 Note: One successful gmin step
Trying gmin =   1.3452E-12 Note: One successful gmin step
Trying gmin =   1.0000E-12 Note: One successful gmin step
Note: Dynamic gmin stepping completed

No. of Data Rows : 121
Doing analysis at TEMP = -40.000000 and TNOM = 27.000000

Note: Starting dynamic gmin stepping
Trying gmin =   1.0000E-03 Note: One successful gmin step
Trying gmin =   1.0000E-04 Note: One successful gmin step
Trying gmin =   1.0000E-05 Note: One successful gmin step
Trying gmin =   1.0000E-06 Note: One successful gmin step
Trying gmin =   1.0000E-07 Warning: Further gmin increment
Trying gmin =   5.6234E-07 Note: One successful gmin step
Trying gmin =   2.3714E-07 Note: One successful gmin step
Trying gmin =   1.5399E-07 Note: One successful gmin step
Trying gmin =   8.0584E-08 Note: One successful gmin step
Trying gmin =   3.0505E-08 Note: One successful gmin step
Trying gmin =   7.1050E-09 Note: One successful gmin step
Trying gmin =   7.9863E-10 Warning: Further gmin increment
Trying gmin =   4.1139E-09 Warning: Further gmin increment
Trying gmin =   6.1978E-09 Note: One successful gmin step
Trying gmin =   5.0495E-09 Note: One successful gmin step
Trying gmin =   3.7133E-09 Note: One successful gmin step
Trying gmin =   2.3417E-09 Note: One successful gmin step
Trying gmin =   1.4768E-09 Warning: Further gmin increment
Trying gmin =   2.0868E-09 Note: One successful gmin step
Trying gmin =   1.7555E-09 Warning: Further gmin increment
Trying gmin =   1.9985E-09 Note: One successful gmin step
Trying gmin =   1.8731E-09 Note: One successful gmin step
Trying gmin =   1.6995E-09 Note: One successful gmin step
Trying gmin =   1.4688E-09 Note: One successful gmin step
Trying gmin =   1.2694E-09 Note: One successful gmin step
Trying gmin =   1.0200E-09 Note: One successful gmin step
Trying gmin =   7.3458E-10 Note: One successful gmin step
Trying gmin =   4.4898E-10 Note: One successful gmin step
Trying gmin =   2.1454E-10 Note: One successful gmin step
Trying gmin =   7.0863E-11 Note: One successful gmin step
Trying gmin =   1.3452E-11 Note: One successful gmin step
Trying gmin =   1.3452E-12 Note: One successful gmin step
Trying gmin =   1.0000E-12 Note: One successful gmin step
Note: Dynamic gmin stepping completed

No. of Data Rows : 121
av0p1hz             =  1.110468e+02
gbw                 =  3.109533e+06
pm180               =  9.282307e+07
pm                  =  6.651945e+01
gm                  =  -5.747799e+01
cmrr0p1hz           =  9.128416e+01
psrr0p1hz           =  4.872962e+01
ERROR: (internal)  This operation is not defined for display type PrinterOnly.
Can't open viewport for graphics.
ERROR: (internal)  This operation is not defined for display type PrinterOnly.
Can't open viewport for graphics.
idd = -2.60501e-04
vos = -7.62234e-04
binary raw file "./out/sp3.raw"
Doing analysis at TEMP = -40.000000 and TNOM = 27.000000

OP information in rawfile.

Total analysis time (seconds) = 9608.73

Total elapsed time (seconds) = 9688.156 

Total DRAM available = 7841.875 MB.
DRAM currently available =  221.434 MB.
Maximum ngspice program size = 2365.957 MB.
Current ngspice program size = 2347.383 MB.

Shared ngspice pages =   10.422 MB.
Text (code) pages =    5.461 MB.
Stack = 0 bytes.
Library pages = 2345.512 MB.

