
Note: Compatibility modes selected: hs a


Circuit: * num: 4 corner: fs vdd: 3.0 temp: -40

option SCALE: Scale is set to 1e-06 for instance and model parameters
option SCALE: Scale is set to 1e-06 for instance and model parameters
option SCALE: Scale is set to 1e-06 for instance and model parameters
option SCALE: Scale is set to 1e-06 for instance and model parameters
Warning: Model issue on line 0 :
  .model sky130_fd_pr__res_generic_m4 r tc1=    3.424000000000000e-03      ...
unrecognized parameter (tref) - ignored
Doing analysis at TEMP = -40.000000 and TNOM = 27.000000

Note: Starting dynamic gmin stepping
Trying gmin =   1.0000E-03 Note: One successful gmin step
Trying gmin =   1.0000E-04 Note: One successful gmin step
Trying gmin =   1.0000E-05 Note: One successful gmin step
Trying gmin =   1.0000E-06 Note: One successful gmin step
Trying gmin =   1.0000E-07 Warning: Further gmin increment
Trying gmin =   5.6234E-07 Note: One successful gmin step
Trying gmin =   2.3714E-07 Note: One successful gmin step
Trying gmin =   6.4938E-08 Note: One successful gmin step
Trying gmin =   9.3057E-09 Note: One successful gmin step
Trying gmin =   9.3057E-10 Warning: Further gmin increment
Trying gmin =   5.2330E-09 Note: One successful gmin step
Trying gmin =   2.2067E-09 Warning: Further gmin increment
Trying gmin =   4.2170E-09 Note: One successful gmin step
Trying gmin =   3.0505E-09 Note: One successful gmin step
Trying gmin =   1.8769E-09 Note: One successful gmin step
Trying gmin =   9.0580E-10 Warning: Further gmin increment
Trying gmin =   1.5644E-09 Warning: Further gmin increment
Trying gmin =   1.7933E-09 Note: One successful gmin step
Trying gmin =   1.6749E-09 Note: One successful gmin step
Trying gmin =   1.5118E-09 Note: One successful gmin step
Trying gmin =   1.2965E-09 Warning: Further gmin increment
Trying gmin =   1.4549E-09 Note: One successful gmin step
Trying gmin =   1.3734E-09 Note: One successful gmin step
Trying gmin =   1.2596E-09 Warning: Further gmin increment
Trying gmin =   1.3440E-09 Note: One successful gmin step
Trying gmin =   1.3153E-09 Note: One successful gmin step
Trying gmin =   1.2733E-09 Note: One successful gmin step
Trying gmin =   1.2129E-09 Note: One successful gmin step
Trying gmin =   1.1276E-09 Note: One successful gmin step
Trying gmin =   1.0107E-09 Note: One successful gmin step
Trying gmin =   8.5775E-10 Note: One successful gmin step
Trying gmin =   6.7058E-10 Note: One successful gmin step
Trying gmin =   4.6354E-10 Note: One successful gmin step
Trying gmin =   2.6641E-10 Note: One successful gmin step
Trying gmin =   1.1607E-10 Note: One successful gmin step
Trying gmin =   3.3382E-11 Note: One successful gmin step
Trying gmin =   5.1486E-12 Note: One successful gmin step
Trying gmin =   1.0000E-12 Note: One successful gmin step
Note: Dynamic gmin stepping completed

No. of Data Rows : 1
Doing analysis at TEMP = -40.000000 and TNOM = 27.000000

Note: Starting dynamic gmin stepping
Trying gmin =   1.0000E-03 Note: One successful gmin step
Trying gmin =   1.0000E-04 Note: One successful gmin step
Trying gmin =   1.0000E-05 Note: One successful gmin step
Trying gmin =   1.0000E-06 Note: One successful gmin step
Trying gmin =   1.0000E-07 Warning: Further gmin increment
Trying gmin =   5.6234E-07 Note: One successful gmin step
Trying gmin =   2.3714E-07 Note: One successful gmin step
Trying gmin =   6.4938E-08 Note: One successful gmin step
Trying gmin =   9.3057E-09 Note: One successful gmin step
Trying gmin =   9.3057E-10 Warning: Further gmin increment
Trying gmin =   5.2330E-09 Note: One successful gmin step
Trying gmin =   2.2067E-09 Warning: Further gmin increment
Trying gmin =   4.2170E-09 Note: One successful gmin step
Trying gmin =   3.0505E-09 Note: One successful gmin step
Trying gmin =   1.8769E-09 Note: One successful gmin step
Trying gmin =   9.0580E-10 Warning: Further gmin increment
Trying gmin =   1.5644E-09 Warning: Further gmin increment
Trying gmin =   1.7933E-09 Note: One successful gmin step
Trying gmin =   1.6749E-09 Note: One successful gmin step
Trying gmin =   1.5118E-09 Note: One successful gmin step
Trying gmin =   1.2965E-09 Warning: Further gmin increment
Trying gmin =   1.4549E-09 Note: One successful gmin step
Trying gmin =   1.3734E-09 Note: One successful gmin step
Trying gmin =   1.2596E-09 Warning: Further gmin increment
Trying gmin =   1.3440E-09 Note: One successful gmin step
Trying gmin =   1.3153E-09 Note: One successful gmin step
Trying gmin =   1.2733E-09 Note: One successful gmin step
Trying gmin =   1.2129E-09 Note: One successful gmin step
Trying gmin =   1.1276E-09 Note: One successful gmin step
Trying gmin =   1.0107E-09 Note: One successful gmin step
Trying gmin =   8.5775E-10 Note: One successful gmin step
Trying gmin =   6.7058E-10 Note: One successful gmin step
Trying gmin =   4.6354E-10 Note: One successful gmin step
Trying gmin =   2.6641E-10 Note: One successful gmin step
Trying gmin =   1.1607E-10 Note: One successful gmin step
Trying gmin =   3.3382E-11 Note: One successful gmin step
Trying gmin =   5.1486E-12 Note: One successful gmin step
Trying gmin =   1.0000E-12 Note: One successful gmin step
Note: Dynamic gmin stepping completed

No. of Data Rows : 121
Doing analysis at TEMP = -40.000000 and TNOM = 27.000000

Note: Starting dynamic gmin stepping
Trying gmin =   1.0000E-03 Note: One successful gmin step
Trying gmin =   1.0000E-04 Note: One successful gmin step
Trying gmin =   1.0000E-05 Note: One successful gmin step
Trying gmin =   1.0000E-06 Note: One successful gmin step
Trying gmin =   1.0000E-07 Warning: Further gmin increment
Trying gmin =   5.6234E-07 Note: One successful gmin step
Trying gmin =   2.3714E-07 Note: One successful gmin step
Trying gmin =   6.4938E-08 Note: One successful gmin step
Trying gmin =   9.3057E-09 Note: One successful gmin step
Trying gmin =   9.3057E-10 Warning: Further gmin increment
Trying gmin =   5.2330E-09 Note: One successful gmin step
Trying gmin =   2.2067E-09 Warning: Further gmin increment
Trying gmin =   4.2170E-09 Note: One successful gmin step
Trying gmin =   3.0505E-09 Note: One successful gmin step
Trying gmin =   1.8769E-09 Note: One successful gmin step
Trying gmin =   9.0580E-10 Warning: Further gmin increment
Trying gmin =   1.5644E-09 