
Note: Compatibility modes selected: hs a


Circuit: * num: 7 corner: ss vdd: 3.0 temp: 85

option SCALE: Scale is set to 1e-06 for instance and model parameters
option SCALE: Scale is set to 1e-06 for instance and model parameters
option SCALE: Scale is set to 1e-06 for instance and model parameters
option SCALE: Scale is set to 1e-06 for instance and model parameters
Warning: Model issue on line 0 :
  .model sky130_fd_pr__res_generic_m4 r tc1=    3.424000000000000e-03      ...
unrecognized parameter (tref) - ignored
Doing analysis at TEMP = 85.000000 and TNOM = 27.000000

Note: Starting dynamic gmin stepping
Trying gmin =   1.0000E-03 Note: One successful gmin step
Trying gmin =   1.0000E-04 Note: One successful gmin step
Trying gmin =   1.0000E-05 Note: One successful gmin step
Trying gmin =   1.0000E-06 Note: One successful gmin step
Trying gmin =   1.0000E-07 Note: One successful gmin step
Trying gmin =   3.1623E-08 Note: One successful gmin step
Trying gmin =   5.6234E-09 Note: One successful gmin step
Trying gmin =   5.6234E-10 Warning: Further gmin increment
Trying gmin =   3.1623E-09 Warning: Further gmin increment
Trying gmin =   4.8697E-09 Note: One successful gmin step
Trying gmin =   3.9242E-09 Note: One successful gmin step
Trying gmin =   2.8387E-09 Note: One successful gmin step
Trying gmin =   1.7466E-09 Note: One successful gmin step
Trying gmin =   8.4291E-10 Warning: Further gmin increment
Trying gmin =   1.4557E-09 Warning: Further gmin increment
Trying gmin =   1.6688E-09 Note: One successful gmin step
Trying gmin =   1.5587E-09 Note: One successful gmin step
Trying gmin =   1.4557E-09 Note: One successful gmin step
Trying gmin =   1.3140E-09 Note: One successful gmin step
Trying gmin =   1.1268E-09 Note: One successful gmin step
Trying gmin =   8.9482E-10 Note: One successful gmin step
Trying gmin =   6.3324E-10 Note: One successful gmin step
Trying gmin =   3.7698E-10 Note: One successful gmin step
Trying gmin =   1.7315E-10 Note: One successful gmin step
Trying gmin =   5.3903E-11 Note: One successful gmin step
Trying gmin =   9.3622E-12 Note: One successful gmin step
Trying gmin =   1.0000E-12 Note: One successful gmin step
Note: Dynamic gmin stepping completed

No. of Data Rows : 1
Doing analysis at TEMP = 85.000000 and TNOM = 27.000000

Note: Starting dynamic gmin stepping
Trying gmin =   1.0000E-03 Note: One successful gmin step
Trying gmin =   1.0000E-04 Note: One successful gmin step
Trying gmin =   1.0000E-05 Note: One successful gmin step
Trying gmin =   1.0000E-06 Note: One successful gmin step
Trying gmin =   1.0000E-07 Note: One successful gmin step
Trying gmin =   3.1623E-08 Note: One successful gmin step
Trying gmin =   5.6234E-09 Note: One successful gmin step
Trying gmin =   5.6234E-10 Warning: Further gmin increment
Trying gmin =   3.1623E-09 Warning: Further gmin increment
Trying gmin =   4.8697E-09 Note: One successful gmin step
Trying gmin =   3.9242E-09 Note: One successful gmin step
Trying gmin =   2.8387E-09 Note: One successful gmin step
Trying gmin =   1.7466E-09 Note: One successful gmin step
Trying gmin =   8.4291E-10 Warning: Further gmin increment
Trying gmin =   1.4557E-09 Warning: Further gmin increment
Trying gmin =   1.6688E-09 Note: One successful gmin step
Trying gmin =   1.5587E-09 Note: One successful gmin step
Trying gmin =   1.4557E-09 Note: One successful gmin step
Trying gmin =   1.3140E-09 Note: One successful gmin step
Trying gmin =   1.1268E-09 Note: One successful gmin step
Trying gmin =   8.9482E-10 Note: One successful gmin step
Trying gmin =   6.3324E-10 Note: One successful gmin step
Trying gmin =   3.7698E-10 Note: One successful gmin step
Trying gmin =   1.7315E-10 Note: One successful gmin step
Trying gmin =   5.3903E-11 Note: One successful gmin step
Trying gmin =   9.3622E-12 Note: One successful gmin step
Trying gmin =   1.0000E-12 Note: One successful gmin step
Note: Dynamic gmin stepping completed

No. of Data Rows : 121
Doing analysis at TEMP = 85.000000 and TNOM = 27.000000

Note: Starting dynamic gmin stepping
Trying gmin =   1.0000E-03 Note: One successful gmin step
Trying gmin =   1.0000E-04 Note: One successful gmin step
Trying gmin =   1.0000E-05 Note: One successful gmin step
Trying gmin =   1.0000E-06 Note: One successful gmin step
Trying gmin =   1.0000E-07 Note: One successful gmin step
Trying gmin =   3.1623E-08 Note: One successful gmin step
Trying gmin =   5.6234E-09 Note: One successful gmin step
Trying gmin =   5.6234E-10 Warning: Further gmin increment
Trying gmin =   3.1623E-09 Warning: Further gmin increment
Trying gmin =   4.8697E-09 Note: One successful gmin step
Trying gmin =   3.9242E-09 Note: One successful gmin step
Trying gmin =   2.8387E-09 Note: One successful gmin step
Trying gmin =   1.7466E-09 Note: One successful gmin step
Trying gmin =   8.4291E-10 Warning: Further gmin increment
Trying gmin =   1.4557E-09 Warning: Further gmin increment
Trying gmin =   1.6688E-09 Note: One successful gmin step
Trying gmin =   1.5587E-09 Note: One successful gmin step
Trying gmin =   1.4557E-09 Note: One successful gmin step
Trying gmin =   1.3140E-09 Note: One successful gmin step
Trying gmin =   1.1268E-09 Note: One successful gmin step
Trying gmin =   8.9482E-10 Note: One successful gmin step
Trying gmin =   6.3324E-10 Note: One successful gmin step
Trying gmin =   3.7698E-10 Note: One successful gmin step
Trying gmin =   1.7315E-10 Note: One successful gmin step
Trying gmin =   5.3903E-11 Note: One successful gmin step
Trying gmin =   9.3622E-12 Note: One successful gmin step
Trying gmin =   1.0000E-12 Note: One successful gmin step
Note: Dynamic gmin stepping completed

No. of Data Rows : 121
Doing analysis at TEMP = 85.000000 and TNOM = 27.000000

Note: Starting dynamic gmin stepping
Trying gmin =   1.0000E-03 Note: One successful gmin step
Trying gmin =   1.0000E-04 Note: One successful gmin step
Trying gmin =   1.0000E-05 Note: One successful gmin step
Trying gmin =   1.0000E-06 Note: One successful gmin step
Trying gmin =   1.0000E-07 Note: One successful gmin step
Trying gmin =   3.1623E-08 Note: One successful gmin step
Trying gmin =   5.6234E-09 Note: One successful gmin step
Trying gmin =   5.6234E-10 Warning: Further gmin increment
Trying gmin =   3.1623E-09 Warning: Further gmin increment
Trying gmin =   4.8697E-09 Note: One successful gmin step
Trying gmin =   3.9242E-09 Note: One successful gmin step
Trying gmin =   2.8387E-09 Note: One successful gmin step
Trying gmin =   1.7466E-09 Note: One successful gmin step
Trying gmin =   8.4291E-10 Warning: Further gmin increment
Trying gmin =   1.4557E-09 Warning: Further gmin increment
Trying gmin =   1.6688E-09 Note: One successful gmin step
Trying gmin =   1.5587E-09 Note: One successful gmin step
Trying gmin =   1.4557E-09 Note: One successful gmin step
Trying gmin =   1.3140E-09 Note: One successful gmin step
Trying gmin =   1.1268E-09 Note: One successful gmin step
Trying gmin =   8.9482E-10 Note: One successful gmin step
Trying gmin =   6.3324E-10 Note: One successful gmin step
Trying gmin =   3.7698E-10 Note: One successful gmin step
Trying gmin =   1.7315E-10 Note: One successful gmin step
Trying gmin =   5.3903E-11 Note: One successful gmin step
Trying gmin =   9.3622E-12 Note: One successful gmin step
Trying gmin =   1.0000E-12 Note: One successful gmin step
Note: Dynamic gmin stepping completed

No. of Data Rows : 121
av0p1hz             =  1.050333e+02
gbw                 =  2.145144e+06
pm180               =  7.962822e+07
pm                  =  6.618688e+01
gm                  =  -6.302416e+01
cmrr0p1hz           =  1.101610e+02
psrr0p1hz           =  6.197831e+01
ERROR: (internal)  This operation is not defined for display type PrinterOnly.
Can't open viewport for graphics.
ERROR: (internal)  This operation is not defined for display type PrinterOnly.
Can't open viewport for graphics.
idd = -2.58898e-04
vos = -1.46064e-04
binary raw file "./out/sp7.raw"
Doing analysis at TEMP = 85.000000 and TNOM = 27.000000

OP information in rawfile.

Total analysis time (seconds) = 8733.57

Total elapsed time (seconds) = 8817.546 

Total DRAM available = 7841.875 MB.
DRAM currently available =  205.793 MB.
Maximum ngspice program size = 2365.961 MB.
Current ngspice program size = 2347.254 MB.

Shared ngspice pages =   10.383 MB.
Text (code) pages =    5.461 MB.
Stack = 0 bytes.
Library pages = 2345.516 MB.

