
Note: Compatibility modes selected: hs a


Circuit: * num: 8 corner: ff vdd: 3.0 temp: 85

option SCALE: Scale is set to 1e-06 for instance and model parameters
option SCALE: Scale is set to 1e-06 for instance and model parameters
option SCALE: Scale is set to 1e-06 for instance and model parameters
option SCALE: Scale is set to 1e-06 for instance and model parameters
Warning: Model issue on line 0 :
  .model sky130_fd_pr__res_generic_m4 r tc1=    3.424000000000000e-03      ...
unrecognized parameter (tref) - ignored
Doing analysis at TEMP = 85.000000 and TNOM = 27.000000

Note: Starting dynamic gmin stepping
Trying gmin =   1.0000E-03 Note: One successful gmin step
Trying gmin =   1.0000E-04 Note: One successful gmin step
Trying gmin =   1.0000E-05 Note: One successful gmin step
Trying gmin =   1.0000E-06 Note: One successful gmin step
Trying gmin =   1.0000E-07 Note: One successful gmin step
Trying gmin =   3.1623E-08 Note: One successful gmin step
Trying gmin =   5.6234E-09 Note: One successful gmin step
Trying gmin =   5.6234E-10 Warning: Further gmin increment
Trying gmin =   3.1623E-09 Note: One successful gmin step
Trying gmin =   2.3714E-09 Note: One successful gmin step
Trying gmin =   1.5399E-09 Warning: Further gmin increment
Trying gmin =   2.1288E-09 Note: One successful gmin step
Trying gmin =   1.8106E-09 Note: One successful gmin step
Trying gmin =   1.4202E-09 Note: One successful gmin step
Trying gmin =   1.1140E-09 Note: One successful gmin step
Trying gmin =   7.7388E-10 Note: One successful gmin step
Trying gmin =   4.4809E-10 Note: One successful gmin step
Trying gmin =   1.9743E-10 Note: One successful gmin step
Trying gmin =   5.7740E-11 Note: One successful gmin step
Trying gmin =   9.1321E-12 Note: One successful gmin step
Trying gmin =   1.0000E-12 Note: One successful gmin step
Note: Dynamic gmin stepping completed

No. of Data Rows : 1
Doing analysis at TEMP = 85.000000 and TNOM = 27.000000

Note: Starting dynamic gmin stepping
Trying gmin =   1.0000E-03 Note: One successful gmin step
Trying gmin =   1.0000E-04 Note: One successful gmin step
Trying gmin =   1.0000E-05 Note: One successful gmin step
Trying gmin =   1.0000E-06 Note: One successful gmin step
Trying gmin =   1.0000E-07 Note: One successful gmin step
Trying gmin =   3.1623E-08 Note: One successful gmin step
Trying gmin =   5.6234E-09 Note: One successful gmin step
Trying gmin =   5.6234E-10 Warning: Further gmin increment
Trying gmin =   3.1623E-09 Note: One successful gmin step
Trying gmin =   2.3714E-09 Note: One successful gmin step
Trying gmin =   1.5399E-09 Warning: Further gmin increment
Trying gmin =   2.1288E-09 Note: One successful gmin step
Trying gmin =   1.8106E-09 Note: One successful gmin step
Trying gmin =   1.4202E-09 Note: One successful gmin step
Trying gmin =   1.1140E-09 Note: One successful gmin step
Trying gmin =   7.7388E-10 Note: One successful gmin step
Trying gmin =   4.4809E-10 Note: One successful gmin step
Trying gmin =   1.9743E-10 Note: One successful gmin step
Trying gmin =   5.7740E-11 Note: One successful gmin step
Trying gmin =   9.1321E-12 Note: One successful gmin step
Trying gmin =   1.0000E-12 Note: One successful gmin step
Note: Dynamic gmin stepping completed

No. of Data Rows : 121
Doing analysis at TEMP = 85.000000 and TNOM = 27.000000

Note: Starting dynamic gmin stepping
Trying gmin =   1.0000E-03 Note: One successful gmin step
Trying gmin =   1.0000E-04 Note: One successful gmin step
Trying gmin =   1.0000E-05 Note: One successful gmin step
Trying gmin =   1.0000E-06 Note: One successful gmin step
Trying gmin =   1.0000E-07 Note: One successful gmin step
Trying gmin =   3.1623E-08 Note: One successful gmin step
Trying gmin =   5.6234E-09 Note: One successful gmin step
Trying gmin =   5.6234E-10 Warning: Further gmin increment
Trying gmin =   3.1623E-09 Note: One successful gmin step
Trying gmin =   2.3714E-09 Note: One successful gmin step
Trying gmin =   1.5399E-09 Warning: Further gmin increment
Trying gmin =   2.1288E-09 Note: One successful gmin step
Trying gmin =   1.8106E-09 Note: One successful gmin step
Trying gmin =   1.4202E-09 Note: One successful gmin step
Trying gmin =   1.1140E-09 Note: One successful gmin step
Trying gmin =   7.7388E-10 Note: One successful gmin step
Trying gmin =   4.4809E-10 Note: One successful gmin step
Trying gmin =   1.9743E-10 Note: One successful gmin step
Trying gmin =   5.7740E-11 Note: One successful gmin step
Trying gmin =   9.1321E-12 Note: One successful gmin step
Trying gmin =   1.0000E-12 Note: One successful gmin step
Note: Dynamic gmin stepping completed

No. of Data Rows : 121
Doing analysis at TEMP = 85.000000 and TNOM = 27.000000

Note: Starting dynamic gmin stepping
Trying gmin =   1.0000E-03 Note: One successful gmin step
Trying gmin =   1.0000E-04 Note: One successful gmin step
Trying gmin =   1.0000E-05 Note: One successful gmin step
Trying gmin =   1.0000E-06 Note: One successful gmin step
Trying gmin =   1.0000E-07 Note: One successful gmin step
Trying gmin =   3.1623E-08 Note: One successful gmin step
Trying gmin =   5.6234E-09 Note: One successful gmin step
Trying gmin =   5.6234E-10 Warning: Further gmin increment
Trying gmin =   3.1623E-09 Note: One successful gmin step
Trying gmin =   2.3714E-09 Note: One successful gmin step
Trying gmin =   1.5399E-09 Warning: Further gmin increment
Trying gmin =   2.1288E-09 Note: One successful gmin step
Trying gmin =   1.8106E-09 Note: One successful gmin step
Trying gmin =   1.4202E-09 Note: One successful gmin step
Trying gmin =   1.1140E-09 Note: One successful gmin step
Trying gmin =   7.7388E-10 Note: One successful gmin step
Trying gmin =   4.4809E-10 Note: One successful gmin step
Trying gmin =   1.9743E-10 Note: One successful gmin step
Trying gmin =   5.7740E-11 Note: One successful gmin step
Trying gmin =   9.1321E-12 Note: One successful gmin step
Trying gmin =   1.0000E-12 Note: One successful gmin step
Note: Dynamic gmin stepping completed

No. of Data Rows : 121
av0p1hz             =  1.036851e+02
gbw                 =  2.154324e+06
pm180               =  8.066755e+07
pm                  =  6.613697e+01
gm                  =  -6.320753e+01
cmrr0p1hz           =  1.131047e+02
psrr0p1hz           =  6.347588e+01
ERROR: (internal)  This operation is not defined for display type PrinterOnly.
Can't open viewport for graphics.
ERROR: (internal)  This operation is not defined for display type PrinterOnly.
Can't open viewport for graphics.
idd = -2.62648e-04
vos = 4.917442e-05
binary raw file "./out/sp8.raw"
Doing analysis at TEMP = 85.000000 and TNOM = 27.000000

OP information in rawfile.

Total analysis time (seconds) = 7030.46

Total elapsed time (seconds) = 7112.795 

Total DRAM available = 7841.875 MB.
DRAM currently available =  168.727 MB.
Maximum ngspice program size = 2365.961 MB.
Current ngspice program size = 2347.227 MB.

Shared ngspice pages =   10.266 MB.
Text (code) pages =    5.461 MB.
Stack = 0 bytes.
Library pages = 2345.516 MB.

