
Note: Compatibility modes selected: hs a

Warning: m=xx on .subckt line will override multiplier m hierarchy!


Circuit: * num: 1 corner: ss vdd: 3.0 temp: -40

option SCALE: Scale is set to 1e-06 for instance and model parameters
Doing analysis at TEMP = -40.000000 and TNOM = 27.000000

Note: include: has no value, DC 0 assumed
Note: Starting dynamic gmin stepping
Trying gmin =   1.0000E-03 Note: One successful gmin step
Trying gmin =   1.0000E-04 Note: One successful gmin step
Trying gmin =   1.0000E-05 Note: One successful gmin step
Trying gmin =   1.0000E-06 Warning: Further gmin increment
Trying gmin =   5.6234E-06 Note: One successful gmin step
Trying gmin =   2.3714E-06 Note: One successful gmin step
Trying gmin =   1.5399E-06 Note: One successful gmin step
Trying gmin =   8.0584E-07 Note: One successful gmin step
Trying gmin =   3.0505E-07 Warning: Further gmin increment
Trying gmin =   6.3209E-07 Note: One successful gmin step
Trying gmin =   4.3911E-07 Note: One successful gmin step
Trying gmin =   2.5426E-07 Note: One successful gmin step
Trying gmin =   1.1203E-07 Note: One successful gmin step
Trying gmin =   3.2763E-08 Note: One successful gmin step
Trying gmin =   9.5818E-09 Warning: Further gmin increment
Trying gmin =   2.4093E-08 Note: One successful gmin step
Trying gmin =   1.5194E-08 Warning: Further gmin increment
Trying gmin =   2.1470E-08 Note: One successful gmin step
Trying gmin =   1.8062E-08 Warning: Further gmin increment
Trying gmin =   2.0562E-08 Note: One successful gmin step
Trying gmin =   1.9271E-08 Note: One successful gmin step
Trying gmin =   1.7485E-08 Note: One successful gmin step
Trying gmin =   1.5865E-08 Warning: Further gmin increment
Trying gmin =   1.7065E-08 Note: One successful gmin step
Trying gmin =   1.6454E-08 Note: One successful gmin step
Trying gmin =   1.5578E-08 Note: One successful gmin step
Trying gmin =   1.4351E-08 Note: One successful gmin step
Trying gmin =   1.2689E-08 Note: One successful gmin step
Trying gmin =   1.0550E-08 Note: One successful gmin step
Trying gmin =   7.9980E-09 Note: One successful gmin step
Trying gmin =   5.2793E-09 Note: One successful gmin step
Trying gmin =   2.8312E-09 Note: One successful gmin step
Trying gmin =   1.1119E-09 Note: One successful gmin step
Trying gmin =   2.7364E-10 Note: One successful gmin step
Trying gmin =   3.3409E-11 Note: One successful gmin step
Trying gmin =   3.3409E-12 Note: One successful gmin step
Trying gmin =   1.0000E-12 Note: One successful gmin step
Note: Dynamic gmin stepping completed

No. of Data Rows : 1
Doing analysis at TEMP = -40.000000 and TNOM = 27.000000

Note: include: has no value, DC 0 assumed
Note: Starting dynamic gmin stepping
Trying gmin =   1.0000E-03 Note: One successful gmin step
Trying gmin =   1.0000E-04 Note: One successful gmin step
Trying gmin =   1.0000E-05 Note: One successful gmin step
Trying gmin =   1.0000E-06 Warning: Further gmin increment
Trying gmin =   5.6234E-06 Note: One successful gmin step
Trying gmin =   2.3714E-06 Note: One successful gmin step
Trying gmin =   1.5399E-06 Note: One successful gmin step
Trying gmin =   8.0584E-07 Note: One successful gmin step
Trying gmin =   3.0505E-07 Warning: Further gmin increment
Trying gmin =   6.3209E-07 Note: One successful gmin step
Trying gmin =   4.3911E-07 Note: One successful gmin step
Trying gmin =   2.5426E-07 Note: One successful gmin step
Trying gmin =   1.1203E-07 Note: One successful gmin step
Trying gmin =   3.2763E-08 Note: One successful gmin step
Trying gmin =   9.5818E-09 Warning: Further gmin increment
Trying gmin =   2.4093E-08 Note: One successful gmin step
Trying gmin =   1.5194E-08 Warning: Further gmin increment
Trying gmin =   2.1470E-08 Note: One successful gmin step
Trying gmin =   1.8062E-08 Warning: Further gmin increment
Trying gmin =   2.0562E-08 Note: One successful gmin step
Trying gmin =   1.9271E-08 Note: One successful gmin step
Trying gmin =   1.7485E-08 Note: One successful gmin step
Trying gmin =   1.5865E-08 Warning: Further gmin increment
Trying gmin =   1.7065E-08 Note: One successful gmin step
Trying gmin =   1.6454E-08 Note: One successful gmin step
Trying gmin =   1.5578E-08 Note: One successful gmin step
Trying gmin =   1.4351E-08 Note: One successful gmin step
Trying gmin =   1.2689E-08 Note: One successful gmin step
Trying gmin =   1.0550E-08 Note: One successful gmin step
Trying gmin =   7.9980E-09 Note: One successful gmin step
Trying gmin =   5.2793E-09 Note: One successful gmin step
Trying gmin =   2.8312E-09 Note: One successful gmin step
Trying gmin =   1.1119E-09 Note: One successful gmin step
Trying gmin =   2.7364E-10 Note: One successful gmin step
Trying gmin =   3.3409E-11 Note: One successful gmin step
Trying gmin =   3.3409E-12 Note: One successful gmin step
Trying gmin =   1.0000E-12 Note: One successful gmin step
Note: Dynamic gmin stepping completed

No. of Data Rows : 121
Doing analysis at TEMP = -40.000000 and TNOM = 27.000000

Note: include: has no value, DC 0 assumed
Note: Starting dynamic gmin stepping
Trying gmin =   1.0000E-03 Note: One successful gmin step
Trying gmin =   1.0000E-04 Note: One successful gmin step
Trying gmin =   1.0000E-05 Note: One successful gmin step
Trying gmin =   1.0000E-06 Warning: Further gmin increment
Trying gmin =   5.6234E-06 Note: One successful gmin step
Trying gmin =   2.3714E-06 Note: One successful gmin step
Trying gmin =   1.5399E-06 Note: One successful gmin step
Trying gmin =   8.0584E-07 Note: One successful gmin step
Trying gmin =   3.0505E-07 Warning: Further gmin increment
Trying gmin =   6.3209E-07 Note: One successful gmin step
Trying gmin =   4.3911E-07 Note: One successful gmin step
Trying gmin =   2.5426E-07 Note: One successful gmin step
Trying gmin =   1.1203E-07 Note: One successful gmin step
Trying gmin =   3.2763E-08 Note: One successful gmin step
Trying gmin =   9.5818E-09 Warning: Further gmin increment
Trying gmin =   2.4093E-08 Note: One successful gmin step
Trying gmin =   1.5194E-08 Warning: Further gmin increment
Trying gmin =   2.1470E-08 Note: One successful gmin step
Trying gmin =   1.8062E-08 Warning: Further gmin increment
Trying gmin =   2.0562E-08 Note: One successful gmin step
Trying gmin =   1.9271E-08 Note: One successful gmin step
Trying gmin =   1.7485E-08 Note: One successful gmin step
Trying gmin =   1.5865E-08 Warning: Further gmin increment
Trying gmin =   1.7065E-08 Note: One successful gmin step
Trying gmin =   1.6454E-08 Note: One successful gmin step
Trying gmin =   1.5578E-08 Note: One successful gmin step
Trying gmin =   1.4351E-08 Note: One successful gmin step
Trying gmin =   1.2689E-08 Note: One successful gmin step
Trying gmin =   1.0550E-08 Note: One successful gmin step
Trying gmin =   7.9980E-09 Note: One successful gmin step
Trying gmin =   5.2793E-09 Note: One successful gmin step
Trying gmin =   2.8312E-09 Note: One successful gmin step
Trying gmin =   1.1119E-09 Note: One successful gmin step
Trying gmin =   2.7364E-10 Note: One successful gmin step
Trying gmin =   3.3409E-11 Note: One successful gmin step
Trying gmin =   3.3409E-12 Note: One successful gmin step
Trying gmin =   1.0000E-12 Note: One successful gmin step
Note: Dynamic gmin stepping completed

No. of Data Rows : 121
Doing analysis at TEMP = -40.000000 and TNOM = 27.000000

Note: include: has no value, DC 0 assumed
Note: Starting dynamic gmin stepping
Trying gmin =   1.0000E-03 Note: One successful gmin step
Trying gmin =   1.0000E-04 Note: One successful gmin step
Trying gmin =   1.0000E-05 Note: One successful gmin step
Trying gmin =   1.0000E-06 Warning: Further gmin increment
Trying gmin =   5.6234E-06 Note: One successful gmin step
Trying gmin =   2.3714E-06 Note: One successful gmin step
Trying gmin =   1.5399E-06 Note: One successful gmin step
Trying gmin =   8.0584E-07 Note: One successful gmin step
Trying gmin =   3.0505E-07 Warning: Further gmin increment
Trying gmin =   6.3209E-07 Note: One successful gmin step
Trying gmin =   4.3911E-07 Note: One successful gmin step
Trying gmin =   2.5426E-07 Note: One successful gmin step
Trying gmin =   1.1203E-07 Note: One successful gmin step
Trying gmin =   3.2763E-08 Note: One successful gmin step
Trying gmin =   9.5818E-09 Warning: Further gmin increment
Trying gmin =   2.4093E-08 Note: One successful gmin step
Trying gmin =   1.5194E-08 Warning: Further gmin increment
Trying gmin =   2.1470E-08 Note: One successful gmin step
Trying gmin =   1.8062E-08 Warning: Further gmin increment
Trying gmin =   2.0562E-08 Note: One successful gmin step
Trying gmin =   1.9271E-08 Note: One successful gmin step
Trying gmin =   1.7485E-08 Note: One successful gmin step
Trying gmin =   1.5865E-08 Warning: Further gmin increment
Trying gmin =   1.7065E-08 Note: One successful gmin step
Trying gmin =   1.6454E-08 Note: One successful gmin step
Trying gmin =   1.5578E-08 Note: One successful gmin step
Trying gmin =   1.4351E-08 Note: One successful gmin step
Trying gmin =   1.2689E-08 Note: One successful gmin step
Trying gmin =   1.0550E-08 Note: One successful gmin step
Trying gmin =   7.9980E-09 Note: One successful gmin step
Trying gmin =   5.2793E-09 Note: One successful gmin step
Trying gmin =   2.8312E-09 Note: One successful gmin step
Trying gmin =   1.1119E-09 Note: One successful gmin step
Trying gmin =   2.7364E-10 Note: One successful gmin step
Trying gmin =   3.3409E-11 Note: One successful gmin step
Trying gmin =   3.3409E-12 Note: One successful gmin step
Trying gmin =   1.0000E-12 Note: One successful gmin step
Note: Dynamic gmin stepping completed

No. of Data Rows : 121
av0p1hz             =  1.133611e+02
gbw                 =  2.433506e+06
pm180               =  8.419040e+07
pm                  =  6.238128e+01
gm                  =  -4.891187e+01
cmrr0p1hz           =  8.059175e+01
psrr0p1hz           =  2.211137e+01
ERROR: (internal)  This operation is not defined for display type PrinterOnly.
Can't open viewport for graphics.
ERROR: (internal)  This operation is not defined for display type PrinterOnly.
Can't open viewport for graphics.
idd = -2.55091e-04
binary raw file "./out/{num}.raw"
Doing analysis at TEMP = -40.000000 and TNOM = 27.000000

Note: include: has no value, DC 0 assumed
OP information in rawfile.

Total analysis time (seconds) = 46.91

Total elapsed time (seconds) = 64.831 

Total DRAM available = 7841.938 MB.
DRAM currently available = 2941.168 MB.
Maximum ngspice program size =  503.949 MB.
Current ngspice program size =  479.566 MB.

Shared ngspice pages =   11.062 MB.
Text (code) pages =    5.461 MB.
Stack = 0 bytes.
Library pages =  483.504 MB.

