
Note: Compatibility modes selected: hs a

Warning: m=xx on .subckt line will override multiplier m hierarchy!


Circuit: * num: 11 corner: sf vdd: 5.5 temp: -40

option SCALE: Scale is set to 1e-06 for instance and model parameters
Doing analysis at TEMP = -40.000000 and TNOM = 27.000000

Note: include: has no value, DC 0 assumed
Note: Starting dynamic gmin stepping
Trying gmin =   1.0000E-03 Note: One successful gmin step
Trying gmin =   1.0000E-04 Note: One successful gmin step
Trying gmin =   1.0000E-05 Note: One successful gmin step
Trying gmin =   1.0000E-06 Warning: Further gmin increment
Trying gmin =   5.6234E-06 Note: One successful gmin step
Trying gmin =   3.1623E-06 Note: One successful gmin step
Trying gmin =   1.3335E-06 Note: One successful gmin step
Trying gmin =   3.6517E-07 Warning: Further gmin increment
Trying gmin =   9.6466E-07 Note: One successful gmin step
Trying gmin =   5.9352E-07 Note: One successful gmin step
Trying gmin =   2.8644E-07 Note: One successful gmin step
Trying gmin =   9.6033E-08 Note: One successful gmin step
Trying gmin =   1.8643E-08 Warning: Further gmin increment
Trying gmin =   6.3745E-08 Note: One successful gmin step
Trying gmin =   3.4473E-08 Note: One successful gmin step
Trying gmin =   1.3710E-08 Warning: Further gmin increment
Trying gmin =   2.7376E-08 Note: One successful gmin step
Trying gmin =   1.9373E-08 Note: One successful gmin step
Trying gmin =   1.1533E-08 Warning: Further gmin increment
Trying gmin =   1.7017E-08 Note: One successful gmin step
Trying gmin =   1.4009E-08 Warning: Further gmin increment
Trying gmin =   1.6209E-08 Note: One successful gmin step
Trying gmin =   1.5069E-08 Warning: Further gmin increment
Trying gmin =   1.5916E-08 Note: One successful gmin step
Trying gmin =   1.5487E-08 Note: One successful gmin step
Trying gmin =   1.4864E-08 Note: One successful gmin step
Trying gmin =   1.3977E-08 Note: One successful gmin step
Trying gmin =   1.2745E-08 Warning: Further gmin increment
Trying gmin =   1.3658E-08 Note: One successful gmin step
Trying gmin =   1.3194E-08 Note: One successful gmin step
Trying gmin =   1.2526E-08 Note: One successful gmin step
Trying gmin =   1.1587E-08 Note: One successful gmin step
Trying gmin =   1.0310E-08 Note: One successful gmin step
Trying gmin =   8.6524E-09 Note: One successful gmin step
Trying gmin =   6.6523E-09 Note: One successful gmin step
Trying gmin =   4.4846E-09 Note: One successful gmin step
Trying gmin =   2.4823E-09 Note: One successful gmin step
Trying gmin =   1.0223E-09 Note: One successful gmin step
Trying gmin =   2.7015E-10 Note: One successful gmin step
Trying gmin =   3.6701E-11 Note: One successful gmin step
Trying gmin =   3.6701E-12 Note: One successful gmin step
Trying gmin =   1.0000E-12 Note: One successful gmin step
Note: Dynamic gmin stepping completed

No. of Data Rows : 1
Doing analysis at TEMP = -40.000000 and TNOM = 27.000000

Note: include: has no value, DC 0 assumed
Note: Starting dynamic gmin stepping
Trying gmin =   1.0000E-03 Note: One successful gmin step
Trying gmin =   1.0000E-04 Note: One successful gmin step
Trying gmin =   1.0000E-05 Note: One successful gmin step
Trying gmin =   1.0000E-06 Warning: Further gmin increment
Trying gmin =   5.6234E-06 Note: One successful gmin step
Trying gmin =   3.1623E-06 Note: One successful gmin step
Trying gmin =   1.3335E-06 Note: One successful gmin step
Trying gmin =   3.6517E-07 Warning: Further gmin increment
Trying gmin =   9.6466E-07 Note: One successful gmin step
Trying gmin =   5.9352E-07 Note: One successful gmin step
Trying gmin =   2.8644E-07 Note: One successful gmin step
Trying gmin =   9.6033E-08 Note: One successful gmin step
Trying gmin =   1.8643E-08 Warning: Further gmin increment
Trying gmin =   6.3745E-08 Note: One successful gmin step
Trying gmin =   3.4473E-08 Note: One successful gmin step
Trying gmin =   1.3710E-08 Warning: Further gmin increment
Trying gmin =   2.7376E-08 Note: One successful gmin step
Trying gmin =   1.9373E-08 Note: One successful gmin step
Trying gmin =   1.1533E-08 Warning: Further gmin increment
Trying gmin =   1.7017E-08 Note: One successful gmin step
Trying gmin =   1.4009E-08 Warning: Further gmin increment
Trying gmin =   1.6209E-08 Note: One successful gmin step
Trying gmin =   1.5069E-08 Warning: Further gmin increment
Trying gmin =   1.5916E-08 Note: One successful gmin step
Trying gmin =   1.5487E-08 Note: One successful gmin step
Trying gmin =   1.4864E-08 Note: One successful gmin step
Trying gmin =   1.3977E-08 Note: One successful gmin step
Trying gmin =   1.2745E-08 Warning: Further gmin increment
Trying gmin =   1.3658E-08 Note: One successful gmin step
Trying gmin =   1.3194E-08 Note: One successful gmin step
Trying gmin =   1.2526E-08 Note: One successful gmin step
Trying gmin =   1.1587E-08 Note: One successful gmin step
Trying gmin =   1.0310E-08 Note: One successful gmin step
Trying gmin =   8.6524E-09 Note: One successful gmin step
Trying gmin =   6.6523E-09 Note: One successful gmin step
Trying gmin =   4.4846E-09 Note: One successful gmin step
Trying gmin =   2.4823E-09 Note: One successful gmin step
Trying gmin =   1.0223E-09 Note: One successful gmin step
Trying gmin =   2.7015E-10 Note: One successful gmin step
Trying gmin =   3.6701E-11 Note: One successful gmin step
Trying gmin =   3.6701E-12 Note: One successful gmin step
Trying gmin =   1.0000E-12 Note: One successful gmin step
Note: Dynamic gmin stepping completed

No. of Data Rows : 121
Doing analysis at TEMP = -40.000000 and TNOM = 27.000000

Note: include: has no value, DC 0 assumed
Note: Starting dynamic gmin stepping
Trying gmin =   1.0000E-03 Note: One successful gmin step
Trying gmin =   1.0000E-04 Note: One successful gmin step
Trying gmin =   1.0000E-05 Note: One successful gmin step
Trying gmin =   1.0000E-06 Warning: Further gmin increment
Trying gmin =   5.6234E-06 Note: One successful gmin step
Trying gmin =   3.1623E-06 Note: One successful gmin step
Trying gmin =   1.3335E-06 Note: One successful gmin step
Trying gmin =   3.6517E-07 Warning: Further gmin increment
Trying gmin =   9.6466E-07 Note: One successful gmin step
Trying gmin =   5.9352E-07 Note: One successful gmin step
Trying gmin =   2.8644E-07 Note: One successful gmin step
Trying gmin =   9.6033E-08 Note: One successful gmin step
Trying gmin =   1.8643E-08 Warning: Further gmin increment
Trying gmin =   6.3745E-08 Note: One successful gmin step
Trying gmin =   3.4473E-08 Note: One successful gmin step
Trying gmin =   1.3710E-08 Warning: Further gmin increment
Trying gmin =   2.7376E-08 Note: One successful gmin step
Trying gmin =   1.9373E-08 Note: One successful gmin step
Trying gmin =   1.1533E-08 Warning: Further gmin increment
Trying gmin =   1.7017E-08 Note: One successful gmin step
Trying gmin =   1.4009E-08 Warning: Further gmin increment
Trying gmin =   1.6209E-08 Note: One successful gmin step
Trying gmin =   1.5069E-08 Warning: Further gmin increment
Trying gmin =   1.5916E-08 Note: One successful gmin step
Trying gmin =   1.5487E-08 Note: One successful gmin step
Trying gmin =   1.4864E-08 Note: One successful gmin step
Trying gmin =   1.3977E-08 Note: One successful gmin step
Trying gmin =   1.2745E-08 Warning: Further gmin increment
Trying gmin =   1.3658E-08 Note: One successful gmin step
Trying gmin =   1.3194E-08 Note: One successful gmin step
Trying gmin =   1.2526E-08 Note: One successful gmin step
Trying gmin =   1.1587E-08 Note: One successful gmin step
Trying gmin =   1.0310E-08 Note: One successful gmin step
Trying gmin =   8.6524E-09 Note: One successful gmin step
Trying gmin =   6.6523E-09 Note: One successful gmin step
Trying gmin =   4.4846E-09 Note: One successful gmin step
Trying gmin =   2.4823E-09 Note: One successful gmin step
Trying gmin =   1.0223E-09 Note: One successful gmin step
Trying gmin =   2.7015E-10 Note: One successful gmin step
Trying gmin =   3.6701E-11 Note: One successful gmin step
Trying gmin =   3.6701E-12 Note: One successful gmin step
Trying gmin =   1.0000E-12 Note: One successful gmin step
Note: Dynamic gmin stepping completed

No. of Data Rows : 121
Doing analysis at TEMP = -40.000000 and TNOM = 27.000000

Note: include: has no value, DC 0 assumed
Note: Starting dynamic gmin stepping
Trying gmin =   1.0000E-03 Note: One successful gmin step
Trying gmin =   1.0000E-04 Note: One successful gmin step
Trying gmin =   1.0000E-05 Note: One successful gmin step
Trying gmin =   1.0000E-06 Warning: Further gmin increment
Trying gmin =   5.6234E-06 Note: One successful gmin step
Trying gmin =   3.1623E-06 Note: One successful gmin step
Trying gmin =   1.3335E-06 Note: One successful gmin step
Trying gmin =   3.6517E-07 Warning: Further gmin increment
Trying gmin =   9.6466E-07 Note: One successful gmin step
Trying gmin =   5.9352E-07 Note: One successful gmin step
Trying gmin =   2.8644E-07 Note: One successful gmin step
Trying gmin =   9.6033E-08 Note: One successful gmin step
Trying gmin =   1.8643E-08 Warning: Further gmin increment
Trying gmin =   6.3745E-08 Note: One successful gmin step
Trying gmin =   3.4473E-08 Note: One successful gmin step
Trying gmin =   1.3710E-08 Warning: Further gmin increment
Trying gmin =   2.7376E-08 Note: One successful gmin step
Trying gmin =   1.9373E-08 Note: One successful gmin step
Trying gmin =   1.1533E-08 Warning: Further gmin increment
Trying gmin =   1.7017E-08 Note: One successful gmin step
Trying gmin =   1.4009E-08 Warning: Further gmin increment
Trying gmin =   1.6209E-08 Note: One successful gmin step
Trying gmin =   1.5069E-08 Warning: Further gmin increment
Trying gmin =   1.5916E-08 Note: One successful gmin step
Trying gmin =   1.5487E-08 Note: One successful gmin step
Trying gmin =   1.4864E-08 Note: One successful gmin step
Trying gmin =   1.3977E-08 Note: One successful gmin step
Trying gmin =   1.2745E-08 Warning: Further gmin increment
Trying gmin =   1.3658E-08 Note: One successful gmin step
Trying gmin =   1.3194E-08 Note: One successful gmin step
Trying gmin =   1.2526E-08 Note: One successful gmin step
Trying gmin =   1.1587E-08 Note: One successful gmin step
Trying gmin =   1.0310E-08 Note: One successful gmin step
Trying gmin =   8.6524E-09 Note: One successful gmin step
Trying gmin =   6.6523E-09 Note: One successful gmin step
Trying gmin =   4.4846E-09 Note: One successful gmin step
Trying gmin =   2.4823E-09 Note: One successful gmin step
Trying gmin =   1.0223E-09 Note: One successful gmin step
Trying gmin =   2.7015E-10 Note: One successful gmin step
Trying gmin =   3.6701E-11 Note: One successful gmin step
Trying gmin =   3.6701E-12 Note: One successful gmin step
Trying gmin =   1.0000E-12 Note: One successful gmin step
Note: Dynamic gmin stepping completed

No. of Data Rows : 121
av0p1hz             =  1.239798e+02
gbw                 =  3.078422e+06
pm180               =  9.669973e+07
pm                  =  5.938059e+01
gm                  =  -4.787402e+01
cmrr0p1hz           =  1.118572e+02
psrr0p1hz           =  8.554021e+01
ERROR: (internal)  This operation is not defined for display type PrinterOnly.
Can't open viewport for graphics.
ERROR: (internal)  This operation is not defined for display type PrinterOnly.
Can't open viewport for graphics.
idd = -3.01643e-04
binary raw file "./out/{num}.raw"
Doing analysis at TEMP = -40.000000 and TNOM = 27.000000

Note: include: has no value, DC 0 assumed
OP information in rawfile.

Total analysis time (seconds) = 52.609

Total elapsed time (seconds) = 70.622 

Total DRAM available = 7841.938 MB.
DRAM currently available = 2956.441 MB.
Maximum ngspice program size =  503.902 MB.
Current ngspice program size =  479.621 MB.

Shared ngspice pages =   11.082 MB.
Text (code) pages =    5.461 MB.
Stack = 0 bytes.
Library pages =  483.457 MB.

