
Note: Compatibility modes selected: hs a

Warning: m=xx on .subckt line will override multiplier m hierarchy!


Circuit: * num: 12 corner: fs vdd: 5.5 temp: -40

option SCALE: Scale is set to 1e-06 for instance and model parameters
Doing analysis at TEMP = -40.000000 and TNOM = 27.000000

Note: include: has no value, DC 0 assumed
Note: Starting dynamic gmin stepping
Trying gmin =   1.0000E-03 Note: One successful gmin step
Trying gmin =   1.0000E-04 Note: One successful gmin step
Trying gmin =   1.0000E-05 Note: One successful gmin step
Trying gmin =   1.0000E-06 Warning: Further gmin increment
Trying gmin =   5.6234E-06 Note: One successful gmin step
Trying gmin =   2.3714E-06 Note: One successful gmin step
Trying gmin =   6.4938E-07 Note: One successful gmin step
Trying gmin =   3.3982E-07 Note: One successful gmin step
Trying gmin =   1.2864E-07 Note: One successful gmin step
Trying gmin =   2.9961E-08 Warning: Further gmin increment
Trying gmin =   8.9366E-08 Note: One successful gmin step
Trying gmin =   5.1745E-08 Note: One successful gmin step
Trying gmin =   2.2799E-08 Note: One successful gmin step
Trying gmin =   6.6677E-09 Warning: Further gmin increment
Trying gmin =   1.6766E-08 Note: One successful gmin step
Trying gmin =   1.0573E-08 Warning: Further gmin increment
Trying gmin =   1.4941E-08 Note: One successful gmin step
Trying gmin =   1.2569E-08 Warning: Further gmin increment
Trying gmin =   1.4309E-08 Note: One successful gmin step
Trying gmin =   1.3410E-08 Note: One successful gmin step
Trying gmin =   1.2168E-08 Warning: Further gmin increment
Trying gmin =   1.3088E-08 Note: One successful gmin step
Trying gmin =   1.2620E-08 Note: One successful gmin step
Trying gmin =   1.1948E-08 Note: One successful gmin step
Trying gmin =   1.1007E-08 Warning: Further gmin increment
Trying gmin =   1.1705E-08 Note: One successful gmin step
Trying gmin =   1.1351E-08 Note: One successful gmin step
Trying gmin =   1.0839E-08 Note: One successful gmin step
Trying gmin =   1.0114E-08 Note: One successful gmin step
Trying gmin =   9.1159E-09 Note: One successful gmin step
Trying gmin =   7.8010E-09 Note: One successful gmin step
Trying gmin =   6.1755E-09 Note: One successful gmin step
Trying gmin =   4.3496E-09 Note: One successful gmin step
Trying gmin =   2.5711E-09 Note: One successful gmin step
Trying gmin =   1.1685E-09 Note: One successful gmin step
Trying gmin =   3.5801E-10 Note: One successful gmin step
Trying gmin =   6.0714E-11 Note: One successful gmin step
Trying gmin =   6.0714E-12 Note: One successful gmin step
Trying gmin =   1.0000E-12 Note: One successful gmin step
Note: Dynamic gmin stepping completed

No. of Data Rows : 1
Doing analysis at TEMP = -40.000000 and TNOM = 27.000000

Note: include: has no value, DC 0 assumed
Note: Starting dynamic gmin stepping
Trying gmin =   1.0000E-03 Note: One successful gmin step
Trying gmin =   1.0000E-04 Note: One successful gmin step
Trying gmin =   1.0000E-05 Note: One successful gmin step
Trying gmin =   1.0000E-06 Warning: Further gmin increment
Trying gmin =   5.6234E-06 Note: One successful gmin step
Trying gmin =   2.3714E-06 Note: One successful gmin step
Trying gmin =   6.4938E-07 Note: One successful gmin step
Trying gmin =   3.3982E-07 Note: One successful gmin step
Trying gmin =   1.2864E-07 Note: One successful gmin step
Trying gmin =   2.9961E-08 Warning: Further gmin increment
Trying gmin =   8.9366E-08 Note: One successful gmin step
Trying gmin =   5.1745E-08 Note: One successful gmin step
Trying gmin =   2.2799E-08 Note: One successful gmin step
Trying gmin =   6.6677E-09 Warning: Further gmin increment
Trying gmin =   1.6766E-08 Note: One successful gmin step
Trying gmin =   1.0573E-08 Warning: Further gmin increment
Trying gmin =   1.4941E-08 Note: One successful gmin step
Trying gmin =   1.2569E-08 Warning: Further gmin increment
Trying gmin =   1.4309E-08 Note: One successful gmin step
Trying gmin =   1.3410E-08 Note: One successful gmin step
Trying gmin =   1.2168E-08 Warning: Further gmin increment
Trying gmin =   1.3088E-08 Note: One successful gmin step
Trying gmin =   1.2620E-08 Note: One successful gmin step
Trying gmin =   1.1948E-08 Note: One successful gmin step
Trying gmin =   1.1007E-08 Warning: Further gmin increment
Trying gmin =   1.1705E-08 Note: One successful gmin step
Trying gmin =   1.1351E-08 Note: One successful gmin step
Trying gmin =   1.0839E-08 Note: One successful gmin step
Trying gmin =   1.0114E-08 Note: One successful gmin step
Trying gmin =   9.1159E-09 Note: One successful gmin step
Trying gmin =   7.8010E-09 Note: One successful gmin step
Trying gmin =   6.1755E-09 Note: One successful gmin step
Trying gmin =   4.3496E-09 Note: One successful gmin step
Trying gmin =   2.5711E-09 Note: One successful gmin step
Trying gmin =   1.1685E-09 Note: One successful gmin step
Trying gmin =   3.5801E-10 Note: One successful gmin step
Trying gmin =   6.0714E-11 Note: One successful gmin step
Trying gmin =   6.0714E-12 Note: One successful gmin step
Trying gmin =   1.0000E-12 Note: One successful gmin step
Note: Dynamic gmin stepping completed

No. of Data Rows : 121
Doing analysis at TEMP = -40.000000 and TNOM = 27.000000

Note: include: has no value, DC 0 assumed
Note: Starting dynamic gmin stepping
Trying gmin =   1.0000E-03 Note: One successful gmin step
Trying gmin =   1.0000E-04 Note: One successful gmin step
Trying gmin =   1.0000E-05 Note: One successful gmin step
Trying gmin =   1.0000E-06 Warning: Further gmin increment
Trying gmin =   5.6234E-06 Note: One successful gmin step
Trying gmin =   2.3714E-06 Note: One successful gmin step
Trying gmin =   6.4938E-07 Note: One successful gmin step
Trying gmin =   3.3982E-07 Note: One successful gmin step
Trying gmin =   1.2864E-07 Note: One successful gmin step
Trying gmin =   2.9961E-08 Warning: Further gmin increment
Trying gmin =   8.9366E-08 Note: One successful gmin step
Trying gmin =   5.1745E-08 Note: One successful gmin step
Trying gmin =   2.2799E-08 Note: One successful gmin step
Trying gmin =   6.6677E-09 Warning: Further gmin increment
Trying gmin =   1.6766E-08 Note: One successful gmin step
Trying gmin =   1.0573E-08 Warning: Further gmin increment
Trying gmin =   1.4941E-08 Note: One successful gmin step
Trying gmin =   1.2569E-08 Warning: Further gmin increment
Trying gmin =   1.4309E-08 Note: One successful gmin step
Trying gmin =   1.3410E-08 Note: One successful gmin step
Trying gmin =   1.2168E-08 Warning: Further gmin increment
Trying gmin =   1.3088E-08 Note: One successful gmin step
Trying gmin =   1.2620E-08 Note: One successful gmin step
Trying gmin =   1.1948E-08 Note: One successful gmin step
Trying gmin =   1.1007E-08 Warning: Further gmin increment
Trying gmin =   1.1705E-08 Note: One successful gmin step
Trying gmin =   1.1351E-08 Note: One successful gmin step
Trying gmin =   1.0839E-08 Note: One successful gmin step
Trying gmin =   1.0114E-08 Note: One successful gmin step
Trying gmin =   9.1159E-09 Note: One successful gmin step
Trying gmin =   7.8010E-09 Note: One successful gmin step
Trying gmin =   6.1755E-09 Note: One successful gmin step
Trying gmin =   4.3496E-09 Note: One successful gmin step
Trying gmin =   2.5711E-09 Note: One successful gmin step
Trying gmin =   1.1685E-09 Note: One successful gmin step
Trying gmin =   3.5801E-10 Note: One successful gmin step
Trying gmin =   6.0714E-11 Note: One successful gmin step
Trying gmin =   6.0714E-12 Note: One successful gmin step
Trying gmin =   1.0000E-12 Note: One successful gmin step
Note: Dynamic gmin stepping completed

No. of Data Rows : 121
Doing analysis at TEMP = -40.000000 and TNOM = 27.000000

Note: include: has no value, DC 0 assumed
Note: Starting dynamic gmin stepping
Trying gmin =   1.0000E-03 Note: One successful gmin step
Trying gmin =   1.0000E-04 Note: One successful gmin step
Trying gmin =   1.0000E-05 Note: One successful gmin step
Trying gmin =   1.0000E-06 Warning: Further gmin increment
Trying gmin =   5.6234E-06 Note: One successful gmin step
Trying gmin =   2.3714E-06 Note: One successful gmin step
Trying gmin =   6.4938E-07 Note: One successful gmin step
Trying gmin =   3.3982E-07 Note: One successful gmin step
Trying gmin =   1.2864E-07 Note: One successful gmin step
Trying gmin =   2.9961E-08 Warning: Further gmin increment
Trying gmin =   8.9366E-08 Note: One successful gmin step
Trying gmin =   5.1745E-08 Note: One successful gmin step
Trying gmin =   2.2799E-08 Note: One successful gmin step
Trying gmin =   6.6677E-09 Warning: Further gmin increment
Trying gmin =   1.6766E-08 Note: One successful gmin step
Trying gmin =   1.0573E-08 Warning: Further gmin increment
Trying gmin =   1.4941E-08 Note: One successful gmin step
Trying gmin =   1.2569E-08 Warning: Further gmin increment
Trying gmin =   1.4309E-08 Note: One successful gmin step
Trying gmin =   1.3410E-08 Note: One successful gmin step
Trying gmin =   1.2168E-08 Warning: Further gmin increment
Trying gmin =   1.3088E-08 Note: One successful gmin step
Trying gmin =   1.2620E-08 Note: One successful gmin step
Trying gmin =   1.1948E-08 Note: One successful gmin step
Trying gmin =   1.1007E-08 Warning: Further gmin increment
Trying gmin =   1.1705E-08 Note: One successful gmin step
Trying gmin =   1.1351E-08 Note: One successful gmin step
Trying gmin =   1.0839E-08 Note: One successful gmin step
Trying gmin =   1.0114E-08 Note: One successful gmin step
Trying gmin =   9.1159E-09 Note: One successful gmin step
Trying gmin =   7.8010E-09 Note: One successful gmin step
Trying gmin =   6.1755E-09 Note: One successful gmin step
Trying gmin =   4.3496E-09 Note: One successful gmin step
Trying gmin =   2.5711E-09 Note: One successful gmin step
Trying gmin =   1.1685E-09 Note: One successful gmin step
Trying gmin =   3.5801E-10 Note: One successful gmin step
Trying gmin =   6.0714E-11 Note: One successful gmin step
Trying gmin =   6.0714E-12 Note: One successful gmin step
Trying gmin =   1.0000E-12 Note: One successful gmin step
Note: Dynamic gmin stepping completed

No. of Data Rows : 121
av0p1hz             =  1.248118e+02
gbw                 =  2.993499e+06
pm180               =  9.476657e+07
pm                  =  6.084506e+01
gm                  =  -4.777976e+01
cmrr0p1hz           =  1.262637e+02
psrr0p1hz           =  8.517096e+01
ERROR: (internal)  This operation is not defined for display type PrinterOnly.
Can't open viewport for graphics.
ERROR: (internal)  This operation is not defined for display type PrinterOnly.
Can't open viewport for graphics.
idd = -2.99948e-04
binary raw file "./out/{num}.raw"
Doing analysis at TEMP = -40.000000 and TNOM = 27.000000

Note: include: has no value, DC 0 assumed
OP information in rawfile.

Total analysis time (seconds) = 50.092

Total elapsed time (seconds) = 68.371 

Total DRAM available = 7841.938 MB.
DRAM currently available = 2959.711 MB.
Maximum ngspice program size =  503.969 MB.
Current ngspice program size =  479.582 MB.

Shared ngspice pages =   11.070 MB.
Text (code) pages =    5.461 MB.
Stack = 0 bytes.
Library pages =  483.523 MB.

