
Note: Compatibility modes selected: hs a

Warning: m=xx on .subckt line will override multiplier m hierarchy!


Circuit: * num: 14 corner: ff vdd: 5.5 temp: 85

option SCALE: Scale is set to 1e-06 for instance and model parameters
Doing analysis at TEMP = 85.000000 and TNOM = 27.000000

Note: include: has no value, DC 0 assumed
Note: Starting dynamic gmin stepping
Trying gmin =   1.0000E-03 Note: One successful gmin step
Trying gmin =   1.0000E-04 Note: One successful gmin step
Trying gmin =   1.0000E-05 Note: One successful gmin step
Trying gmin =   1.0000E-06 Warning: Further gmin increment
Trying gmin =   5.6234E-06 Note: One successful gmin step
Trying gmin =   2.3714E-06 Note: One successful gmin step
Trying gmin =   1.0000E-06 Note: One successful gmin step
Trying gmin =   2.7384E-07 Note: One successful gmin step
Trying gmin =   3.9242E-08 Note: One successful gmin step
Trying gmin =   3.9242E-09 Warning: Further gmin increment
Trying gmin =   2.2067E-08 Note: One successful gmin step
Trying gmin =   9.3057E-09 Warning: Further gmin increment
Trying gmin =   1.7783E-08 Note: One successful gmin step
Trying gmin =   1.2864E-08 Warning: Further gmin increment
Trying gmin =   1.6400E-08 Warning: Further gmin increment
Trying gmin =   1.7427E-08 Note: One successful gmin step
Trying gmin =   1.6905E-08 Note: One successful gmin step
Trying gmin =   1.6153E-08 Warning: Further gmin increment
Trying gmin =   1.6714E-08 Note: One successful gmin step
Trying gmin =   1.6431E-08 Note: One successful gmin step
Trying gmin =   1.6016E-08 Note: One successful gmin step
Trying gmin =   1.5412E-08 Note: One successful gmin step
Trying gmin =   1.4549E-08 Note: One successful gmin step
Trying gmin =   1.3344E-08 Note: One successful gmin step
Trying gmin =   1.1721E-08 Warning: Further gmin increment
Trying gmin =   1.2918E-08 Note: One successful gmin step
Trying gmin =   1.2305E-08 Warning: Further gmin increment
Trying gmin =   1.2762E-08 Note: One successful gmin step
Trying gmin =   1.2532E-08 Note: One successful gmin step
Trying gmin =   1.2194E-08 Note: One successful gmin step
Trying gmin =   1.1703E-08 Note: One successful gmin step
Trying gmin =   1.1005E-08 Note: One successful gmin step
Trying gmin =   1.0035E-08 Note: One successful gmin step
Trying gmin =   8.7370E-09 Note: One successful gmin step
Trying gmin =   7.0984E-09 Note: One successful gmin step
Trying gmin =   5.1982E-09 Note: One successful gmin step
Trying gmin =   3.2576E-09 Note: One successful gmin step
Trying gmin =   1.6161E-09 Note: One successful gmin step
Trying gmin =   5.6468E-10 Note: One successful gmin step
Trying gmin =   1.1663E-10 Note: One successful gmin step
Trying gmin =   1.1663E-11 Note: One successful gmin step
Trying gmin =   1.1663E-12 Note: One successful gmin step
Trying gmin =   1.0000E-12 Note: One successful gmin step
Note: Dynamic gmin stepping completed

No. of Data Rows : 1
Doing analysis at TEMP = 85.000000 and TNOM = 27.000000

Note: include: has no value, DC 0 assumed
Note: Starting dynamic gmin stepping
Trying gmin =   1.0000E-03 Note: One successful gmin step
Trying gmin =   1.0000E-04 Note: One successful gmin step
Trying gmin =   1.0000E-05 Note: One successful gmin step
Trying gmin =   1.0000E-06 Warning: Further gmin increment
Trying gmin =   5.6234E-06 Note: One successful gmin step
Trying gmin =   2.3714E-06 Note: One successful gmin step
Trying gmin =   1.0000E-06 Note: One successful gmin step
Trying gmin =   2.7384E-07 Note: One successful gmin step
Trying gmin =   3.9242E-08 Note: One successful gmin step
Trying gmin =   3.9242E-09 Warning: Further gmin increment
Trying gmin =   2.2067E-08 Note: One successful gmin step
Trying gmin =   9.3057E-09 Warning: Further gmin increment
Trying gmin =   1.7783E-08 Note: One successful gmin step
Trying gmin =   1.2864E-08 Warning: Further gmin increment
Trying gmin =   1.6400E-08 Warning: Further gmin increment
Trying gmin =   1.7427E-08 Note: One successful gmin step
Trying gmin =   1.6905E-08 Note: One successful gmin step
Trying gmin =   1.6153E-08 Warning: Further gmin increment
Trying gmin =   1.6714E-08 Note: One successful gmin step
Trying gmin =   1.6431E-08 Note: One successful gmin step
Trying gmin =   1.6016E-08 Note: One successful gmin step
Trying gmin =   1.5412E-08 Note: One successful gmin step
Trying gmin =   1.4549E-08 Note: One successful gmin step
Trying gmin =   1.3344E-08 Note: One successful gmin step
Trying gmin =   1.1721E-08 Warning: Further gmin increment
Trying gmin =   1.2918E-08 Note: One successful gmin step
Trying gmin =   1.2305E-08 Warning: Further gmin increment
Trying gmin =   1.2762E-08 Note: One successful gmin step
Trying gmin =   1.2532E-08 Note: One successful gmin step
Trying gmin =   1.2194E-08 Note: One successful gmin step
Trying gmin =   1.1703E-08 Note: One successful gmin step
Trying gmin =   1.1005E-08 Note: One successful gmin step
Trying gmin =   1.0035E-08 Note: One successful gmin step
Trying gmin =   8.7370E-09 Note: One successful gmin step
Trying gmin =   7.0984E-09 Note: One successful gmin step
Trying gmin =   5.1982E-09 Note: One successful gmin step
Trying gmin =   3.2576E-09 Note: One successful gmin step
Trying gmin =   1.6161E-09 Note: One successful gmin step
Trying gmin =   5.6468E-10 Note: One successful gmin step
Trying gmin =   1.1663E-10 Note: One successful gmin step
Trying gmin =   1.1663E-11 Note: One successful gmin step
Trying gmin =   1.1663E-12 Note: One successful gmin step
Trying gmin =   1.0000E-12 Note: One successful gmin step
Note: Dynamic gmin stepping completed

No. of Data Rows : 121
Doing analysis at TEMP = 85.000000 and TNOM = 27.000000

Note: include: has no value, DC 0 assumed
Note: Starting dynamic gmin stepping
Trying gmin =   1.0000E-03 Note: One successful gmin step
Trying gmin =   1.0000E-04 Note: One successful gmin step
Trying gmin =   1.0000E-05 Note: One successful gmin step
Trying gmin =   1.0000E-06 Warning: Further gmin increment
Trying gmin =   5.6234E-06 Note: One successful gmin step
Trying gmin =   2.3714E-06 Note: One successful gmin step
Trying gmin =   1.0000E-06 Note: One successful gmin step
Trying gmin =   2.7384E-07 Note: One successful gmin step
Trying gmin =   3.9242E-08 Note: One successful gmin step
Trying gmin =   3.9242E-09 Warning: Further gmin increment
Trying gmin =   2.2067E-08 Note: One successful gmin step
Trying gmin =   9.3057E-09 Warning: Further gmin increment
Trying gmin =   1.7783E-08 Note: One successful gmin step
Trying gmin =   1.2864E-08 Warning: Further gmin increment
Trying gmin =   1.6400E-08 Warning: Further gmin increment
Trying gmin =   1.7427E-08 Note: One successful gmin step
Trying gmin =   1.6905E-08 Note: One successful gmin step
Trying gmin =   1.6153E-08 Warning: Further gmin increment
Trying gmin =   1.6714E-08 Note: One successful gmin step
Trying gmin =   1.6431E-08 Note: One successful gmin step
Trying gmin =   1.6016E-08 Note: One successful gmin step
Trying gmin =   1.5412E-08 Note: One successful gmin step
Trying gmin =   1.4549E-08 Note: One successful gmin step
Trying gmin =   1.3344E-08 Note: One successful gmin step
Trying gmin =   1.1721E-08 Warning: Further gmin increment
Trying gmin =   1.2918E-08 Note: One successful gmin step
Trying gmin =   1.2305E-08 Warning: Further gmin increment
Trying gmin =   1.2762E-08 Note: One successful gmin step
Trying gmin =   1.2532E-08 Note: One successful gmin step
Trying gmin =   1.2194E-08 Note: One successful gmin step
Trying gmin =   1.1703E-08 Note: One successful gmin step
Trying gmin =   1.1005E-08 Note: One successful gmin step
Trying gmin =   1.0035E-08 Note: One successful gmin step
Trying gmin =   8.7370E-09 Note: One successful gmin step
Trying gmin =   7.0984E-09 Note: One successful gmin step
Trying gmin =   5.1982E-09 Note: One successful gmin step
Trying gmin =   3.2576E-09 Note: One successful gmin step
Trying gmin =   1.6161E-09 Note: One successful gmin step
Trying gmin =   5.6468E-10 Note: One successful gmin step
Trying gmin =   1.1663E-10 Note: One successful gmin step
Trying gmin =   1.1663E-11 Note: One successful gmin step
Trying gmin =   1.1663E-12 Note: One successful gmin step
Trying gmin =   1.0000E-12 Note: One successful gmin step
Note: Dynamic gmin stepping completed

No. of Data Rows : 121
Doing analysis at TEMP = 85.000000 and TNOM = 27.000000

Note: include: has no value, DC 0 assumed
Note: Starting dynamic gmin stepping
Trying gmin =   1.0000E-03 Note: One successful gmin step
Trying gmin =   1.0000E-04 Note: One successful gmin step
Trying gmin =   1.0000E-05 Note: One successful gmin step
Trying gmin =   1.0000E-06 Warning: Further gmin increment
Trying gmin =   5.6234E-06 Note: One successful gmin step
Trying gmin =   2.3714E-06 Note: One successful gmin step
Trying gmin =   1.0000E-06 Note: One successful gmin step
Trying gmin =   2.7384E-07 Note: One successful gmin step
Trying gmin =   3.9242E-08 Note: One successful gmin step
Trying gmin =   3.9242E-09 Warning: Further gmin increment
Trying gmin =   2.2067E-08 Note: One successful gmin step
Trying gmin =   9.3057E-09 Warning: Further gmin increment
Trying gmin =   1.7783E-08 Note: One successful gmin step
Trying gmin =   1.2864E-08 Warning: Further gmin increment
Trying gmin =   1.6400E-08 Warning: Further gmin increment
Trying gmin =   1.7427E-08 Note: One successful gmin step
Trying gmin =   1.6905E-08 Note: One successful gmin step
Trying gmin =   1.6153E-08 Warning: Further gmin increment
Trying gmin =   1.6714E-08 Note: One successful gmin step
Trying gmin =   1.6431E-08 Note: One successful gmin step
Trying gmin =   1.6016E-08 Note: One successful gmin step
Trying gmin =   1.5412E-08 Note: One successful gmin step
Trying gmin =   1.4549E-08 Note: One successful gmin step
Trying gmin =   1.3344E-08 Note: One successful gmin step
Trying gmin =   1.1721E-08 Warning: Further gmin increment
Trying gmin =   1.2918E-08 Note: One successful gmin step
Trying gmin =   1.2305E-08 Warning: Further gmin increment
Trying gmin =   1.2762E-08 Note: One successful gmin step
Trying gmin =   1.2532E-08 Note: One successful gmin step
Trying gmin =   1.2194E-08 Note: One successful gmin step
Trying gmin =   1.1703E-08 Note: One successful gmin step
Trying gmin =   1.1005E-08 Note: One successful gmin step
Trying gmin =   1.0035E-08 Note: One successful gmin step
Trying gmin =   8.7370E-09 Note: One successful gmin step
Trying gmin =   7.0984E-09 Note: One successful gmin step
Trying gmin =   5.1982E-09 Note: One successful gmin step
Trying gmin =   3.2576E-09 Note: One successful gmin step
Trying gmin =   1.6161E-09 Note: One successful gmin step
Trying gmin =   5.6468E-10 Note: One successful gmin step
Trying gmin =   1.1663E-10 Note: One successful gmin step
Trying gmin =   1.1663E-11 Note: One successful gmin step
Trying gmin =   1.1663E-12 Note: One successful gmin step
Trying gmin =   1.0000E-12 Note: One successful gmin step
Note: Dynamic gmin stepping completed

No. of Data Rows : 121
av0p1hz             =  1.244102e+02
gbw                 =  2.142245e+06
pm180               =  7.207727e+07
pm                  =  6.183174e+01
gm                  =  -4.842258e+01
cmrr0p1hz           =  1.065960e+02
psrr0p1hz           =  9.138345e+01
ERROR: (internal)  This operation is not defined for display type PrinterOnly.
Can't open viewport for graphics.
ERROR: (internal)  This operation is not defined for display type PrinterOnly.
Can't open viewport for graphics.
idd = -2.98858e-04
binary raw file "./out/{num}.raw"
Doing analysis at TEMP = 85.000000 and TNOM = 27.000000

Note: include: has no value, DC 0 assumed
OP information in rawfile.

Total analysis time (seconds) = 53.037

Total elapsed time (seconds) = 70.989 

Total DRAM available = 7841.938 MB.
DRAM currently available = 2951.910 MB.
Maximum ngspice program size =  504.078 MB.
Current ngspice program size =  479.617 MB.

Shared ngspice pages =   11.094 MB.
Text (code) pages =    5.461 MB.
Stack = 0 bytes.
Library pages =  483.633 MB.

