
Note: Compatibility modes selected: hs a

Warning: m=xx on .subckt line will override multiplier m hierarchy!


Circuit: * num: 15 corner: sf vdd: 5.5 temp: 85

option SCALE: Scale is set to 1e-06 for instance and model parameters
Doing analysis at TEMP = 85.000000 and TNOM = 27.000000

Note: include: has no value, DC 0 assumed
Note: Starting dynamic gmin stepping
Trying gmin =   1.0000E-03 Note: One successful gmin step
Trying gmin =   1.0000E-04 Note: One successful gmin step
Trying gmin =   1.0000E-05 Note: One successful gmin step
Trying gmin =   1.0000E-06 Note: One successful gmin step
Trying gmin =   3.1623E-07 Warning: Further gmin increment
Trying gmin =   7.4989E-07 Note: One successful gmin step
Trying gmin =   4.8697E-07 Note: One successful gmin step
Trying gmin =   2.5483E-07 Note: One successful gmin step
Trying gmin =   9.6466E-08 Note: One successful gmin step
Trying gmin =   2.2468E-08 Warning: Further gmin increment
Trying gmin =   6.7015E-08 Note: One successful gmin step
Trying gmin =   3.8803E-08 Note: One successful gmin step
Trying gmin =   1.7097E-08 Warning: Further gmin increment
Trying gmin =   3.1614E-08 Note: One successful gmin step
Trying gmin =   2.3248E-08 Note: One successful gmin step
Trying gmin =   1.4661E-08 Note: One successful gmin step
Trying gmin =   7.3423E-09 Warning: Further gmin increment
Trying gmin =   1.2333E-08 Warning: Further gmin increment
Trying gmin =   1.4041E-08 Note: One successful gmin step
Trying gmin =   1.3160E-08 Warning: Further gmin increment
Trying gmin =   1.3815E-08 Note: One successful gmin step
Trying gmin =   1.3483E-08 Note: One successful gmin step
Trying gmin =   1.3001E-08 Note: One successful gmin step
Trying gmin =   1.2308E-08 Note: One successful gmin step
Trying gmin =   1.1339E-08 Note: One successful gmin step
Trying gmin =   1.0026E-08 Note: One successful gmin step
Trying gmin =   8.3355E-09 Note: One successful gmin step
Trying gmin =   6.3192E-09 Note: One successful gmin step
Trying gmin =   4.1711E-09 Note: One successful gmin step
Trying gmin =   2.2369E-09 Note: One successful gmin step
Trying gmin =   8.7848E-10 Note: One successful gmin step
Trying gmin =   2.1620E-10 Note: One successful gmin step
Trying gmin =   2.6397E-11 Note: One successful gmin step
Trying gmin =   2.6397E-12 Note: One successful gmin step
Trying gmin =   1.0000E-12 Note: One successful gmin step
Note: Dynamic gmin stepping completed

No. of Data Rows : 1
Doing analysis at TEMP = 85.000000 and TNOM = 27.000000

Note: include: has no value, DC 0 assumed
Note: Starting dynamic gmin stepping
Trying gmin =   1.0000E-03 Note: One successful gmin step
Trying gmin =   1.0000E-04 Note: One successful gmin step
Trying gmin =   1.0000E-05 Note: One successful gmin step
Trying gmin =   1.0000E-06 Note: One successful gmin step
Trying gmin =   3.1623E-07 Warning: Further gmin increment
Trying gmin =   7.4989E-07 Note: One successful gmin step
Trying gmin =   4.8697E-07 Note: One successful gmin step
Trying gmin =   2.5483E-07 Note: One successful gmin step
Trying gmin =   9.6466E-08 Note: One successful gmin step
Trying gmin =   2.2468E-08 Warning: Further gmin increment
Trying gmin =   6.7015E-08 Note: One successful gmin step
Trying gmin =   3.8803E-08 Note: One successful gmin step
Trying gmin =   1.7097E-08 Warning: Further gmin increment
Trying gmin =   3.1614E-08 Note: One successful gmin step
Trying gmin =   2.3248E-08 Note: One successful gmin step
Trying gmin =   1.4661E-08 Note: One successful gmin step
Trying gmin =   7.3423E-09 Warning: Further gmin increment
Trying gmin =   1.2333E-08 Warning: Further gmin increment
Trying gmin =   1.4041E-08 Note: One successful gmin step
Trying gmin =   1.3160E-08 Warning: Further gmin increment
Trying gmin =   1.3815E-08 Note: One successful gmin step
Trying gmin =   1.3483E-08 Note: One successful gmin step
Trying gmin =   1.3001E-08 Note: One successful gmin step
Trying gmin =   1.2308E-08 Note: One successful gmin step
Trying gmin =   1.1339E-08 Note: One successful gmin step
Trying gmin =   1.0026E-08 Note: One successful gmin step
Trying gmin =   8.3355E-09 Note: One successful gmin step
Trying gmin =   6.3192E-09 Note: One successful gmin step
Trying gmin =   4.1711E-09 Note: One successful gmin step
Trying gmin =   2.2369E-09 Note: One successful gmin step
Trying gmin =   8.7848E-10 Note: One successful gmin step
Trying gmin =   2.1620E-10 Note: One successful gmin step
Trying gmin =   2.6397E-11 Note: One successful gmin step
Trying gmin =   2.6397E-12 Note: One successful gmin step
Trying gmin =   1.0000E-12 Note: One successful gmin step
Note: Dynamic gmin stepping completed

No. of Data Rows : 121
Doing analysis at TEMP = 85.000000 and TNOM = 27.000000

Note: include: has no value, DC 0 assumed
Note: Starting dynamic gmin stepping
Trying gmin =   1.0000E-03 Note: One successful gmin step
Trying gmin =   1.0000E-04 Note: One successful gmin step
Trying gmin =   1.0000E-05 Note: One successful gmin step
Trying gmin =   1.0000E-06 Note: One successful gmin step
Trying gmin =   3.1623E-07 Warning: Further gmin increment
Trying gmin =   7.4989E-07 Note: One successful gmin step
Trying gmin =   4.8697E-07 Note: One successful gmin step
Trying gmin =   2.5483E-07 Note: One successful gmin step
Trying gmin =   9.6466E-08 Note: One successful gmin step
Trying gmin =   2.2468E-08 Warning: Further gmin increment
Trying gmin =   6.7015E-08 Note: One successful gmin step
Trying gmin =   3.8803E-08 Note: One successful gmin step
Trying gmin =   1.7097E-08 Warning: Further gmin increment
Trying gmin =   3.1614E-08 Note: One successful gmin step
Trying gmin =   2.3248E-08 Note: One successful gmin step
Trying gmin =   1.4661E-08 Note: One successful gmin step
Trying gmin =   7.3423E-09 Warning: Further gmin increment
Trying gmin =   1.2333E-08 Warning: Further gmin increment
Trying gmin =   1.4041E-08 Note: One successful gmin step
Trying gmin =   1.3160E-08 Warning: Further gmin increment
Trying gmin =   1.3815E-08 Note: One successful gmin step
Trying gmin =   1.3483E-08 Note: One successful gmin step
Trying gmin =   1.3001E-08 Note: One successful gmin step
Trying gmin =   1.2308E-08 Note: One successful gmin step
Trying gmin =   1.1339E-08 Note: One successful gmin step
Trying gmin =   1.0026E-08 Note: One successful gmin step
Trying gmin =   8.3355E-09 Note: One successful gmin step
Trying gmin =   6.3192E-09 Note: One successful gmin step
Trying gmin =   4.1711E-09 Note: One successful gmin step
Trying gmin =   2.2369E-09 Note: One successful gmin step
Trying gmin =   8.7848E-10 Note: One successful gmin step
Trying gmin =   2.1620E-10 Note: One successful gmin step
Trying gmin =   2.6397E-11 Note: One successful gmin step
Trying gmin =   2.6397E-12 Note: One successful gmin step
Trying gmin =   1.0000E-12 Note: One successful gmin step
Note: Dynamic gmin stepping completed

No. of Data Rows : 121
Doing analysis at TEMP = 85.000000 and TNOM = 27.000000

Note: include: has no value, DC 0 assumed
Note: Starting dynamic gmin stepping
Trying gmin =   1.0000E-03 Note: One successful gmin step
Trying gmin =   1.0000E-04 Note: One successful gmin step
Trying gmin =   1.0000E-05 Note: One successful gmin step
Trying gmin =   1.0000E-06 Note: One successful gmin step
Trying gmin =   3.1623E-07 Warning: Further gmin increment
Trying gmin =   7.4989E-07 Note: One successful gmin step
Trying gmin =   4.8697E-07 Note: One successful gmin step
Trying gmin =   2.5483E-07 Note: One successful gmin step
Trying gmin =   9.6466E-08 Note: One successful gmin step
Trying gmin =   2.2468E-08 Warning: Further gmin increment
Trying gmin =   6.7015E-08 Note: One successful gmin step
Trying gmin =   3.8803E-08 Note: One successful gmin step
Trying gmin =   1.7097E-08 Warning: Further gmin increment
Trying gmin =   3.1614E-08 Note: One successful gmin step
Trying gmin =   2.3248E-08 Note: One successful gmin step
Trying gmin =   1.4661E-08 Note: One successful gmin step
Trying gmin =   7.3423E-09 Warning: Further gmin increment
Trying gmin =   1.2333E-08 Warning: Further gmin increment
Trying gmin =   1.4041E-08 Note: One successful gmin step
Trying gmin =   1.3160E-08 Warning: Further gmin increment
Trying gmin =   1.3815E-08 Note: One successful gmin step
Trying gmin =   1.3483E-08 Note: One successful gmin step
Trying gmin =   1.3001E-08 Note: One successful gmin step
Trying gmin =   1.2308E-08 Note: One successful gmin step
Trying gmin =   1.1339E-08 Note: One successful gmin step
Trying gmin =   1.0026E-08 Note: One successful gmin step
Trying gmin =   8.3355E-09 Note: One successful gmin step
Trying gmin =   6.3192E-09 Note: One successful gmin step
Trying gmin =   4.1711E-09 Note: One successful gmin step
Trying gmin =   2.2369E-09 Note: One successful gmin step
Trying gmin =   8.7848E-10 Note: One successful gmin step
Trying gmin =   2.1620E-10 Note: One successful gmin step
Trying gmin =   2.6397E-11 Note: One successful gmin step
Trying gmin =   2.6397E-12 Note: One successful gmin step
Trying gmin =   1.0000E-12 Note: One successful gmin step
Note: Dynamic gmin stepping completed

No. of Data Rows : 121
av0p1hz             =  1.251078e+02
gbw                 =  2.102148e+06
pm180               =  6.922451e+07
pm                  =  6.070748e+01
gm                  =  -4.859036e+01
cmrr0p1hz           =  1.041457e+02
psrr0p1hz           =  1.042073e+02
ERROR: (internal)  This operation is not defined for display type PrinterOnly.
Can't open viewport for graphics.
ERROR: (internal)  This operation is not defined for display type PrinterOnly.
Can't open viewport for graphics.
idd = -2.96824e-04
binary raw file "./out/{num}.raw"
Doing analysis at TEMP = 85.000000 and TNOM = 27.000000

Note: include: has no value, DC 0 assumed
OP information in rawfile.

Total analysis time (seconds) = 44.42

Total elapsed time (seconds) = 63.089 

Total DRAM available = 7841.938 MB.
DRAM currently available = 2935.410 MB.
Maximum ngspice program size =  503.898 MB.
Current ngspice program size =  479.543 MB.

Shared ngspice pages =   11.004 MB.
Text (code) pages =    5.461 MB.
Stack = 0 bytes.
Library pages =  483.453 MB.

