
Note: Compatibility modes selected: hs a

Warning: m=xx on .subckt line will override multiplier m hierarchy!


Circuit: * num: 16 corner: fs vdd: 5.5 temp: 85

option SCALE: Scale is set to 1e-06 for instance and model parameters
Doing analysis at TEMP = 85.000000 and TNOM = 27.000000

Note: include: has no value, DC 0 assumed
Note: Starting dynamic gmin stepping
Trying gmin =   1.0000E-03 Note: One successful gmin step
Trying gmin =   1.0000E-04 Note: One successful gmin step
Trying gmin =   1.0000E-05 Note: One successful gmin step
Trying gmin =   1.0000E-06 Note: One successful gmin step
Trying gmin =   1.0000E-07 Warning: Further gmin increment
Trying gmin =   5.6234E-07 Note: One successful gmin step
Trying gmin =   2.3714E-07 Note: One successful gmin step
Trying gmin =   6.4938E-08 Note: One successful gmin step
Trying gmin =   9.3057E-09 Warning: Further gmin increment
Trying gmin =   3.9954E-08 Note: One successful gmin step
Trying gmin =   1.9282E-08 Warning: Further gmin increment
Trying gmin =   3.3301E-08 Note: One successful gmin step
Trying gmin =   2.5340E-08 Note: One successful gmin step
Trying gmin =   1.6820E-08 Warning: Further gmin increment
Trying gmin =   2.2873E-08 Note: One successful gmin step
Trying gmin =   1.9614E-08 Note: One successful gmin step
Trying gmin =   1.5576E-08 Note: One successful gmin step
Trying gmin =   1.1023E-08 Warning: Further gmin increment
Trying gmin =   1.4286E-08 Warning: Further gmin increment
Trying gmin =   1.5243E-08 Note: One successful gmin step
Trying gmin =   1.4757E-08 Note: One successful gmin step
Trying gmin =   1.4057E-08 Note: One successful gmin step
Trying gmin =   1.3068E-08 Note: One successful gmin step
Trying gmin =   1.1714E-08 Note: One successful gmin step
Trying gmin =   9.9407E-09 Note: One successful gmin step
Trying gmin =   7.7715E-09 Note: One successful gmin step
Trying gmin =   5.3721E-09 Note: One successful gmin step
Trying gmin =   3.0875E-09 Note: One successful gmin step
Trying gmin =   1.3452E-09 Note: One successful gmin step
Trying gmin =   3.8687E-10 Note: One successful gmin step
Trying gmin =   5.9668E-11 Note: One successful gmin step
Trying gmin =   5.9668E-12 Note: One successful gmin step
Trying gmin =   1.0000E-12 Note: One successful gmin step
Note: Dynamic gmin stepping completed

No. of Data Rows : 1
Doing analysis at TEMP = 85.000000 and TNOM = 27.000000

Note: include: has no value, DC 0 assumed
Note: Starting dynamic gmin stepping
Trying gmin =   1.0000E-03 Note: One successful gmin step
Trying gmin =   1.0000E-04 Note: One successful gmin step
Trying gmin =   1.0000E-05 Note: One successful gmin step
Trying gmin =   1.0000E-06 Note: One successful gmin step
Trying gmin =   1.0000E-07 Warning: Further gmin increment
Trying gmin =   5.6234E-07 Note: One successful gmin step
Trying gmin =   2.3714E-07 Note: One successful gmin step
Trying gmin =   6.4938E-08 Note: One successful gmin step
Trying gmin =   9.3057E-09 Warning: Further gmin increment
Trying gmin =   3.9954E-08 Note: One successful gmin step
Trying gmin =   1.9282E-08 Warning: Further gmin increment
Trying gmin =   3.3301E-08 Note: One successful gmin step
Trying gmin =   2.5340E-08 Note: One successful gmin step
Trying gmin =   1.6820E-08 Warning: Further gmin increment
Trying gmin =   2.2873E-08 Note: One successful gmin step
Trying gmin =   1.9614E-08 Note: One successful gmin step
Trying gmin =   1.5576E-08 Note: One successful gmin step
Trying gmin =   1.1023E-08 Warning: Further gmin increment
Trying gmin =   1.4286E-08 Warning: Further gmin increment
Trying gmin =   1.5243E-08 Note: One successful gmin step
Trying gmin =   1.4757E-08 Note: One successful gmin step
Trying gmin =   1.4057E-08 Note: One successful gmin step
Trying gmin =   1.3068E-08 Note: One successful gmin step
Trying gmin =   1.1714E-08 Note: One successful gmin step
Trying gmin =   9.9407E-09 Note: One successful gmin step
Trying gmin =   7.7715E-09 Note: One successful gmin step
Trying gmin =   5.3721E-09 Note: One successful gmin step
Trying gmin =   3.0875E-09 Note: One successful gmin step
Trying gmin =   1.3452E-09 Note: One successful gmin step
Trying gmin =   3.8687E-10 Note: One successful gmin step
Trying gmin =   5.9668E-11 Note: One successful gmin step
Trying gmin =   5.9668E-12 Note: One successful gmin step
Trying gmin =   1.0000E-12 Note: One successful gmin step
Note: Dynamic gmin stepping completed

No. of Data Rows : 121
Doing analysis at TEMP = 85.000000 and TNOM = 27.000000

Note: include: has no value, DC 0 assumed
Note: Starting dynamic gmin stepping
Trying gmin =   1.0000E-03 Note: One successful gmin step
Trying gmin =   1.0000E-04 Note: One successful gmin step
Trying gmin =   1.0000E-05 Note: One successful gmin step
Trying gmin =   1.0000E-06 Note: One successful gmin step
Trying gmin =   1.0000E-07 Warning: Further gmin increment
Trying gmin =   5.6234E-07 Note: One successful gmin step
Trying gmin =   2.3714E-07 Note: One successful gmin step
Trying gmin =   6.4938E-08 Note: One successful gmin step
Trying gmin =   9.3057E-09 Warning: Further gmin increment
Trying gmin =   3.9954E-08 Note: One successful gmin step
Trying gmin =   1.9282E-08 Warning: Further gmin increment
Trying gmin =   3.3301E-08 Note: One successful gmin step
Trying gmin =   2.5340E-08 Note: One successful gmin step
Trying gmin =   1.6820E-08 Warning: Further gmin increment
Trying gmin =   2.2873E-08 Note: One successful gmin step
Trying gmin =   1.9614E-08 Note: One successful gmin step
Trying gmin =   1.5576E-08 Note: One successful gmin step
Trying gmin =   1.1023E-08 Warning: Further gmin increment
Trying gmin =   1.4286E-08 Warning: Further gmin increment
Trying gmin =   1.5243E-08 Note: One successful gmin step
Trying gmin =   1.4757E-08 Note: One successful gmin step
Trying gmin =   1.4057E-08 Note: One successful gmin step
Trying gmin =   1.3068E-08 Note: One successful gmin step
Trying gmin =   1.1714E-08 Note: One successful gmin step
Trying gmin =   9.9407E-09 Note: One successful gmin step
Trying gmin =   7.7715E-09 Note: One successful gmin step
Trying gmin =   5.3721E-09 Note: One successful gmin step
Trying gmin =   3.0875E-09 Note: One successful gmin step
Trying gmin =   1.3452E-09 Note: One successful gmin step
Trying gmin =   3.8687E-10 Note: One successful gmin step
Trying gmin =   5.9668E-11 Note: One successful gmin step
Trying gmin =   5.9668E-12 Note: One successful gmin step
Trying gmin =   1.0000E-12 Note: One successful gmin step
Note: Dynamic gmin stepping completed

No. of Data Rows : 121
Doing analysis at TEMP = 85.000000 and TNOM = 27.000000

Note: include: has no value, DC 0 assumed
Note: Starting dynamic gmin stepping
Trying gmin =   1.0000E-03 Note: One successful gmin step
Trying gmin =   1.0000E-04 Note: One successful gmin step
Trying gmin =   1.0000E-05 Note: One successful gmin step
Trying gmin =   1.0000E-06 Note: One successful gmin step
Trying gmin =   1.0000E-07 Warning: Further gmin increment
Trying gmin =   5.6234E-07 Note: One successful gmin step
Trying gmin =   2.3714E-07 Note: One successful gmin step
Trying gmin =   6.4938E-08 Note: One successful gmin step
Trying gmin =   9.3057E-09 Warning: Further gmin increment
Trying gmin =   3.9954E-08 Note: One successful gmin step
Trying gmin =   1.9282E-08 Warning: Further gmin increment
Trying gmin =   3.3301E-08 Note: One successful gmin step
Trying gmin =   2.5340E-08 Note: One successful gmin step
Trying gmin =   1.6820E-08 Warning: Further gmin increment
Trying gmin =   2.2873E-08 Note: One successful gmin step
Trying gmin =   1.9614E-08 Note: One successful gmin step
Trying gmin =   1.5576E-08 Note: One successful gmin step
Trying gmin =   1.1023E-08 Warning: Further gmin increment
Trying gmin =   1.4286E-08 Warning: Further gmin increment
Trying gmin =   1.5243E-08 Note: One successful gmin step
Trying gmin =   1.4757E-08 Note: One successful gmin step
Trying gmin =   1.4057E-08 Note: One successful gmin step
Trying gmin =   1.3068E-08 Note: One successful gmin step
Trying gmin =   1.1714E-08 Note: One successful gmin step
Trying gmin =   9.9407E-09 Note: One successful gmin step
Trying gmin =   7.7715E-09 Note: One successful gmin step
Trying gmin =   5.3721E-09 Note: One successful gmin step
Trying gmin =   3.0875E-09 Note: One successful gmin step
Trying gmin =   1.3452E-09 Note: One successful gmin step
Trying gmin =   3.8687E-10 Note: One successful gmin step
Trying gmin =   5.9668E-11 Note: One successful gmin step
Trying gmin =   5.9668E-12 Note: One successful gmin step
Trying gmin =   1.0000E-12 Note: One successful gmin step
Note: Dynamic gmin stepping completed

No. of Data Rows : 121
av0p1hz             =  1.341778e+02
gbw                 =  2.084648e+06
pm180               =  6.846556e+07
pm                  =  6.130422e+01
gm                  =  -4.832077e+01
cmrr0p1hz           =  1.095932e+02
psrr0p1hz           =  8.008264e+01
ERROR: (internal)  This operation is not defined for display type PrinterOnly.
Can't open viewport for graphics.
ERROR: (internal)  This operation is not defined for display type PrinterOnly.
Can't open viewport for graphics.
idd = -2.96791e-04
binary raw file "./out/{num}.raw"
Doing analysis at TEMP = 85.000000 and TNOM = 27.000000

Note: include: has no value, DC 0 assumed
OP information in rawfile.

Total analysis time (seconds) = 44.968

Total elapsed time (seconds) = 62.921 

Total DRAM available = 7841.938 MB.
DRAM currently available = 2935.328 MB.
Maximum ngspice program size =  503.891 MB.
Current ngspice program size =  479.395 MB.

Shared ngspice pages =   10.859 MB.
Text (code) pages =    5.461 MB.
Stack = 0 bytes.
Library pages =  483.445 MB.

