
Note: Compatibility modes selected: hs a

Warning: m=xx on .subckt line will override multiplier m hierarchy!


Circuit: * num: 2 corner: ff vdd: 3.0 temp: -40

option SCALE: Scale is set to 1e-06 for instance and model parameters
Doing analysis at TEMP = -40.000000 and TNOM = 27.000000

Note: include: has no value, DC 0 assumed
Note: Starting dynamic gmin stepping
Trying gmin =   1.0000E-03 Note: One successful gmin step
Trying gmin =   1.0000E-04 Note: One successful gmin step
Trying gmin =   1.0000E-05 Note: One successful gmin step
Trying gmin =   1.0000E-06 Warning: Further gmin increment
Trying gmin =   5.6234E-06 Note: One successful gmin step
Trying gmin =   2.3714E-06 Note: One successful gmin step
Trying gmin =   1.5399E-06 Note: One successful gmin step
Trying gmin =   8.0584E-07 Note: One successful gmin step
Trying gmin =   3.0505E-07 Note: One successful gmin step
Trying gmin =   7.1050E-08 Note: One successful gmin step
Trying gmin =   1.6548E-08 Warning: Further gmin increment
Trying gmin =   4.9358E-08 Note: One successful gmin step
Trying gmin =   2.8580E-08 Note: One successful gmin step
Trying gmin =   1.2592E-08 Warning: Further gmin increment
Trying gmin =   2.3284E-08 Note: One successful gmin step
Trying gmin =   1.7123E-08 Warning: Further gmin increment
Trying gmin =   2.1562E-08 Note: One successful gmin step
Trying gmin =   1.9215E-08 Note: One successful gmin step
Trying gmin =   1.6164E-08 Warning: Further gmin increment
Trying gmin =   1.8402E-08 Warning: Further gmin increment
Trying gmin =   1.9008E-08 Note: One successful gmin step
Trying gmin =   1.8703E-08 Note: One successful gmin step
Trying gmin =   1.8254E-08 Note: One successful gmin step
Trying gmin =   1.7600E-08 Note: One successful gmin step
Trying gmin =   1.6663E-08 Note: One successful gmin step
Trying gmin =   1.5776E-08 Note: One successful gmin step
Trying gmin =   1.4533E-08 Note: One successful gmin step
Trying gmin =   1.2850E-08 Note: One successful gmin step
Trying gmin =   1.0684E-08 Note: One successful gmin step
Trying gmin =   8.0994E-09 Note: One successful gmin step
Trying gmin =   5.3462E-09 Note: One successful gmin step
Trying gmin =   2.8671E-09 Note: One successful gmin step
Trying gmin =   1.1260E-09 Note: One successful gmin step
Trying gmin =   2.7711E-10 Note: One successful gmin step
Trying gmin =   3.3833E-11 Note: One successful gmin step
Trying gmin =   3.3833E-12 Note: One successful gmin step
Trying gmin =   1.0000E-12 Note: One successful gmin step
Note: Dynamic gmin stepping completed

No. of Data Rows : 1
Doing analysis at TEMP = -40.000000 and TNOM = 27.000000

Note: include: has no value, DC 0 assumed
Note: Starting dynamic gmin stepping
Trying gmin =   1.0000E-03 Note: One successful gmin step
Trying gmin =   1.0000E-04 Note: One successful gmin step
Trying gmin =   1.0000E-05 Note: One successful gmin step
Trying gmin =   1.0000E-06 Warning: Further gmin increment
Trying gmin =   5.6234E-06 Note: One successful gmin step
Trying gmin =   2.3714E-06 Note: One successful gmin step
Trying gmin =   1.5399E-06 Note: One successful gmin step
Trying gmin =   8.0584E-07 Note: One successful gmin step
Trying gmin =   3.0505E-07 Note: One successful gmin step
Trying gmin =   7.1050E-08 Note: One successful gmin step
Trying gmin =   1.6548E-08 Warning: Further gmin increment
Trying gmin =   4.9358E-08 Note: One successful gmin step
Trying gmin =   2.8580E-08 Note: One successful gmin step
Trying gmin =   1.2592E-08 Warning: Further gmin increment
Trying gmin =   2.3284E-08 Note: One successful gmin step
Trying gmin =   1.7123E-08 Warning: Further gmin increment
Trying gmin =   2.1562E-08 Note: One successful gmin step
Trying gmin =   1.9215E-08 Note: One successful gmin step
Trying gmin =   1.6164E-08 Warning: Further gmin increment
Trying gmin =   1.8402E-08 Warning: Further gmin increment
Trying gmin =   1.9008E-08 Note: One successful gmin step
Trying gmin =   1.8703E-08 Note: One successful gmin step
Trying gmin =   1.8254E-08 Note: One successful gmin step
Trying gmin =   1.7600E-08 Note: One successful gmin step
Trying gmin =   1.6663E-08 Note: One successful gmin step
Trying gmin =   1.5776E-08 Note: One successful gmin step
Trying gmin =   1.4533E-08 Note: One successful gmin step
Trying gmin =   1.2850E-08 Note: One successful gmin step
Trying gmin =   1.0684E-08 Note: One successful gmin step
Trying gmin =   8.0994E-09 Note: One successful gmin step
Trying gmin =   5.3462E-09 Note: One successful gmin step
Trying gmin =   2.8671E-09 Note: One successful gmin step
Trying gmin =   1.1260E-09 Note: One successful gmin step
Trying gmin =   2.7711E-10 Note: One successful gmin step
Trying gmin =   3.3833E-11 Note: One successful gmin step
Trying gmin =   3.3833E-12 Note: One successful gmin step
Trying gmin =   1.0000E-12 Note: One successful gmin step
Note: Dynamic gmin stepping completed

No. of Data Rows : 121
Doing analysis at TEMP = -40.000000 and TNOM = 27.000000

Note: include: has no value, DC 0 assumed
Note: Starting dynamic gmin stepping
Trying gmin =   1.0000E-03 Note: One successful gmin step
Trying gmin =   1.0000E-04 Note: One successful gmin step
Trying gmin =   1.0000E-05 Note: One successful gmin step
Trying gmin =   1.0000E-06 Warning: Further gmin increment
Trying gmin =   5.6234E-06 Note: One successful gmin step
Trying gmin =   2.3714E-06 Note: One successful gmin step
Trying gmin =   1.5399E-06 Note: One successful gmin step
Trying gmin =   8.0584E-07 Note: One successful gmin step
Trying gmin =   3.0505E-07 Note: One successful gmin step
Trying gmin =   7.1050E-08 Note: One successful gmin step
Trying gmin =   1.6548E-08 Warning: Further gmin increment
Trying gmin =   4.9358E-08 Note: One successful gmin step
Trying gmin =   2.8580E-08 Note: One successful gmin step
Trying gmin =   1.2592E-08 Warning: Further gmin increment
Trying gmin =   2.3284E-08 Note: One successful gmin step
Trying gmin =   1.7123E-08 Warning: Further gmin increment
Trying gmin =   2.1562E-08 Note: One successful gmin step
Trying gmin =   1.9215E-08 Note: One successful gmin step
Trying gmin =   1.6164E-08 Warning: Further gmin increment
Trying gmin =   1.8402E-08 Warning: Further gmin increment
Trying gmin =   1.9008E-08 Note: One successful gmin step
Trying gmin =   1.8703E-08 Note: One successful gmin step
Trying gmin =   1.8254E-08 Note: One successful gmin step
Trying gmin =   1.7600E-08 Note: One successful gmin step
Trying gmin =   1.6663E-08 Note: One successful gmin step
Trying gmin =   1.5776E-08 Note: One successful gmin step
Trying gmin =   1.4533E-08 Note: One successful gmin step
Trying gmin =   1.2850E-08 Note: One successful gmin step
Trying gmin =   1.0684E-08 Note: One successful gmin step
Trying gmin =   8.0994E-09 Note: One successful gmin step
Trying gmin =   5.3462E-09 Note: One successful gmin step
Trying gmin =   2.8671E-09 Note: One successful gmin step
Trying gmin =   1.1260E-09 Note: One successful gmin step
Trying gmin =   2.7711E-10 Note: One successful gmin step
Trying gmin =   3.3833E-11 Note: One successful gmin step
Trying gmin =   3.3833E-12 Note: One successful gmin step
Trying gmin =   1.0000E-12 Note: One successful gmin step
Note: Dynamic gmin stepping completed

No. of Data Rows : 121
Doing analysis at TEMP = -40.000000 and TNOM = 27.000000

Note: include: has no value, DC 0 assumed
Note: Starting dynamic gmin stepping
Trying gmin =   1.0000E-03 Note: One successful gmin step
Trying gmin =   1.0000E-04 Note: One successful gmin step
Trying gmin =   1.0000E-05 Note: One successful gmin step
Trying gmin =   1.0000E-06 Warning: Further gmin increment
Trying gmin =   5.6234E-06 Note: One successful gmin step
Trying gmin =   2.3714E-06 Note: One successful gmin step
Trying gmin =   1.5399E-06 Note: One successful gmin step
Trying gmin =   8.0584E-07 Note: One successful gmin step
Trying gmin =   3.0505E-07 Note: One successful gmin step
Trying gmin =   7.1050E-08 Note: One successful gmin step
Trying gmin =   1.6548E-08 Warning: Further gmin increment
Trying gmin =   4.9358E-08 Note: One successful gmin step
Trying gmin =   2.8580E-08 Note: One successful gmin step
Trying gmin =   1.2592E-08 Warning: Further gmin increment
Trying gmin =   2.3284E-08 Note: One successful gmin step
Trying gmin =   1.7123E-08 Warning: Further gmin increment
Trying gmin =   2.1562E-08 Note: One successful gmin step
Trying gmin =   1.9215E-08 Note: One successful gmin step
Trying gmin =   1.6164E-08 Warning: Further gmin increment
Trying gmin =   1.8402E-08 Warning: Further gmin increment
Trying gmin =   1.9008E-08 Note: One successful gmin step
Trying gmin =   1.8703E-08 Note: One successful gmin step
Trying gmin =   1.8254E-08 Note: One successful gmin step
Trying gmin =   1.7600E-08 Note: One successful gmin step
Trying gmin =   1.6663E-08 Note: One successful gmin step
Trying gmin =   1.5776E-08 Note: One successful gmin step
Trying gmin =   1.4533E-08 Note: One successful gmin step
Trying gmin =   1.2850E-08 Note: One successful gmin step
Trying gmin =   1.0684E-08 Note: One successful gmin step
Trying gmin =   8.0994E-09 Note: One successful gmin step
Trying gmin =   5.3462E-09 Note: One successful gmin step
Trying gmin =   2.8671E-09 Note: One successful gmin step
Trying gmin =   1.1260E-09 Note: One successful gmin step
Trying gmin =   2.7711E-10 Note: One successful gmin step
Trying gmin =   3.3833E-11 Note: One successful gmin step
Trying gmin =   3.3833E-12 Note: One successful gmin step
Trying gmin =   1.0000E-12 Note: One successful gmin step
Note: Dynamic gmin stepping completed

No. of Data Rows : 121
av0p1hz             =  1.138405e+02
gbw                 =  2.872822e+06
pm180               =  9.526401e+07
pm                  =  6.205555e+01
gm                  =  -4.801717e+01
cmrr0p1hz           =  1.261670e+02
psrr0p1hz           =  6.249013e+01
ERROR: (internal)  This operation is not defined for display type PrinterOnly.
Can't open viewport for graphics.
ERROR: (internal)  This operation is not defined for display type PrinterOnly.
Can't open viewport for graphics.
idd = -2.84077e-04
binary raw file "./out/{num}.raw"
Doing analysis at TEMP = -40.000000 and TNOM = 27.000000

Note: include: has no value, DC 0 assumed
OP information in rawfile.

Total analysis time (seconds) = 46.239

Total elapsed time (seconds) = 64.362 

Total DRAM available = 7841.938 MB.
DRAM currently available = 2947.688 MB.
Maximum ngspice program size =  504.082 MB.
Current ngspice program size =  479.746 MB.

Shared ngspice pages =   10.973 MB.
Text (code) pages =    5.461 MB.
Stack = 0 bytes.
Library pages =  483.637 MB.

