
Note: Compatibility modes selected: hs a

Warning: m=xx on .subckt line will override multiplier m hierarchy!


Circuit: * num: 3 corner: sf vdd: 3.0 temp: -40

option SCALE: Scale is set to 1e-06 for instance and model parameters
Doing analysis at TEMP = -40.000000 and TNOM = 27.000000

Note: include: has no value, DC 0 assumed
Note: Starting dynamic gmin stepping
Trying gmin =   1.0000E-03 Note: One successful gmin step
Trying gmin =   1.0000E-04 Note: One successful gmin step
Trying gmin =   1.0000E-05 Note: One successful gmin step
Trying gmin =   1.0000E-06 Warning: Further gmin increment
Trying gmin =   5.6234E-06 Note: One successful gmin step
Trying gmin =   2.3714E-06 Note: One successful gmin step
Trying gmin =   1.5399E-06 Note: One successful gmin step
Trying gmin =   8.0584E-07 Note: One successful gmin step
Trying gmin =   3.0505E-07 Note: One successful gmin step
Trying gmin =   7.1050E-08 Note: One successful gmin step
Trying gmin =   7.9863E-09 Warning: Further gmin increment
Trying gmin =   4.1139E-08 Note: One successful gmin step
Trying gmin =   1.8126E-08 Warning: Further gmin increment
Trying gmin =   3.3517E-08 Note: One successful gmin step
Trying gmin =   2.4648E-08 Note: One successful gmin step
Trying gmin =   1.5544E-08 Warning: Further gmin increment
Trying gmin =   2.1965E-08 Note: One successful gmin step
Trying gmin =   1.8478E-08 Warning: Further gmin increment
Trying gmin =   2.1036E-08 Note: One successful gmin step
Trying gmin =   1.9715E-08 Note: One successful gmin step
Trying gmin =   1.7888E-08 Note: One successful gmin step
Trying gmin =   1.5460E-08 Note: One successful gmin step
Trying gmin =   1.2422E-08 Note: One successful gmin step
Trying gmin =   8.9462E-09 Note: One successful gmin step
Trying gmin =   5.4679E-09 Note: One successful gmin step
Trying gmin =   2.6128E-09 Note: One successful gmin step
Trying gmin =   8.6301E-10 Note: One successful gmin step
Trying gmin =   1.6383E-10 Note: One successful gmin step
Trying gmin =   1.6383E-11 Note: One successful gmin step
Trying gmin =   1.6383E-12 Note: One successful gmin step
Trying gmin =   1.0000E-12 Note: One successful gmin step
Note: Dynamic gmin stepping completed

No. of Data Rows : 1
Doing analysis at TEMP = -40.000000 and TNOM = 27.000000

Note: include: has no value, DC 0 assumed
Note: Starting dynamic gmin stepping
Trying gmin =   1.0000E-03 Note: One successful gmin step
Trying gmin =   1.0000E-04 Note: One successful gmin step
Trying gmin =   1.0000E-05 Note: One successful gmin step
Trying gmin =   1.0000E-06 Warning: Further gmin increment
Trying gmin =   5.6234E-06 Note: One successful gmin step
Trying gmin =   2.3714E-06 Note: One successful gmin step
Trying gmin =   1.5399E-06 Note: One successful gmin step
Trying gmin =   8.0584E-07 Note: One successful gmin step
Trying gmin =   3.0505E-07 Note: One successful gmin step
Trying gmin =   7.1050E-08 Note: One successful gmin step
Trying gmin =   7.9863E-09 Warning: Further gmin increment
Trying gmin =   4.1139E-08 Note: One successful gmin step
Trying gmin =   1.8126E-08 Warning: Further gmin increment
Trying gmin =   3.3517E-08 Note: One successful gmin step
Trying gmin =   2.4648E-08 Note: One successful gmin step
Trying gmin =   1.5544E-08 Warning: Further gmin increment
Trying gmin =   2.1965E-08 Note: One successful gmin step
Trying gmin =   1.8478E-08 Warning: Further gmin increment
Trying gmin =   2.1036E-08 Note: One successful gmin step
Trying gmin =   1.9715E-08 Note: One successful gmin step
Trying gmin =   1.7888E-08 Note: One successful gmin step
Trying gmin =   1.5460E-08 Note: One successful gmin step
Trying gmin =   1.2422E-08 Note: One successful gmin step
Trying gmin =   8.9462E-09 Note: One successful gmin step
Trying gmin =   5.4679E-09 Note: One successful gmin step
Trying gmin =   2.6128E-09 Note: One successful gmin step
Trying gmin =   8.6301E-10 Note: One successful gmin step
Trying gmin =   1.6383E-10 Note: One successful gmin step
Trying gmin =   1.6383E-11 Note: One successful gmin step
Trying gmin =   1.6383E-12 Note: One successful gmin step
Trying gmin =   1.0000E-12 Note: One successful gmin step
Note: Dynamic gmin stepping completed

No. of Data Rows : 121
Doing analysis at TEMP = -40.000000 and TNOM = 27.000000

Note: include: has no value, DC 0 assumed
Note: Starting dynamic gmin stepping
Trying gmin =   1.0000E-03 Note: One successful gmin step
Trying gmin =   1.0000E-04 Note: One successful gmin step
Trying gmin =   1.0000E-05 Note: One successful gmin step
Trying gmin =   1.0000E-06 Warning: Further gmin increment
Trying gmin =   5.6234E-06 Note: One successful gmin step
Trying gmin =   2.3714E-06 Note: One successful gmin step
Trying gmin =   1.5399E-06 Note: One successful gmin step
Trying gmin =   8.0584E-07 Note: One successful gmin step
Trying gmin =   3.0505E-07 Note: One successful gmin step
Trying gmin =   7.1050E-08 Note: One successful gmin step
Trying gmin =   7.9863E-09 Warning: Further gmin increment
Trying gmin =   4.1139E-08 Note: One successful gmin step
Trying gmin =   1.8126E-08 Warning: Further gmin increment
Trying gmin =   3.3517E-08 Note: One successful gmin step
Trying gmin =   2.4648E-08 Note: One successful gmin step
Trying gmin =   1.5544E-08 Warning: Further gmin increment
Trying gmin =   2.1965E-08 Note: One successful gmin step
Trying gmin =   1.8478E-08 Warning: Further gmin increment
Trying gmin =   2.1036E-08 Note: One successful gmin step
Trying gmin =   1.9715E-08 Note: One successful gmin step
Trying gmin =   1.7888E-08 Note: One successful gmin step
Trying gmin =   1.5460E-08 Note: One successful gmin step
Trying gmin =   1.2422E-08 Note: One successful gmin step
Trying gmin =   8.9462E-09 Note: One successful gmin step
Trying gmin =   5.4679E-09 Note: One successful gmin step
Trying gmin =   2.6128E-09 Note: One successful gmin step
Trying gmin =   8.6301E-10 Note: One successful gmin step
Trying gmin =   1.6383E-10 Note: One successful gmin step
Trying gmin =   1.6383E-11 Note: One successful gmin step
Trying gmin =   1.6383E-12 Note: One successful gmin step
Trying gmin =   1.0000E-12 Note: One successful gmin step
Note: Dynamic gmin stepping completed

No. of Data Rows : 121
Doing analysis at TEMP = -40.000000 and TNOM = 27.000000

Note: include: has no value, DC 0 assumed
Note: Starting dynamic gmin stepping
Trying gmin =   1.0000E-03 Note: One successful gmin step
Trying gmin =   1.0000E-04 Note: One successful gmin step
Trying gmin =   1.0000E-05 Note: One successful gmin step
Trying gmin =   1.0000E-06 Warning: Further gmin increment
Trying gmin =   5.6234E-06 Note: One successful gmin step
Trying gmin =   2.3714E-06 Note: One successful gmin step
Trying gmin =   1.5399E-06 Note: One successful gmin step
Trying gmin =   8.0584E-07 Note: One successful gmin step
Trying gmin =   3.0505E-07 Note: One successful gmin step
Trying gmin =   7.1050E-08 Note: One successful gmin step
Trying gmin =   7.9863E-09 Warning: Further gmin increment
Trying gmin =   4.1139E-08 Note: One successful gmin step
Trying gmin =   1.8126E-08 Warning: Further gmin increment
Trying gmin =   3.3517E-08 Note: One successful gmin step
Trying gmin =   2.4648E-08 Note: One successful gmin step
Trying gmin =   1.5544E-08 Warning: Further gmin increment
Trying gmin =   2.1965E-08 Note: One successful gmin step
Trying gmin =   1.8478E-08 Warning: Further gmin increment
Trying gmin =   2.1036E-08 Note: One successful gmin step
Trying gmin =   1.9715E-08 Note: One successful gmin step
Trying gmin =   1.7888E-08 Note: One successful gmin step
Trying gmin =   1.5460E-08 Note: One successful gmin step
Trying gmin =   1.2422E-08 Note: One successful gmin step
Trying gmin =   8.9462E-09 Note: One successful gmin step
Trying gmin =   5.4679E-09 Note: One successful gmin step
Trying gmin =   2.6128E-09 Note: One successful gmin step
Trying gmin =   8.6301E-10 Note: One successful gmin step
Trying gmin =   1.6383E-10 Note: One successful gmin step
Trying gmin =   1.6383E-11 Note: One successful gmin step
Trying gmin =   1.6383E-12 Note: One successful gmin step
Trying gmin =   1.0000E-12 Note: One successful gmin step
Note: Dynamic gmin stepping completed

No. of Data Rows : 121
av0p1hz             =  1.136213e+02
gbw                 =  2.076083e+06
pm180               =  8.453424e+07
pm                  =  6.546818e+01
gm                  =  -5.047853e+01
cmrr0p1hz           =  9.402612e+01
psrr0p1hz           =  1.860020e+01
ERROR: (internal)  This operation is not defined for display type PrinterOnly.
Can't open viewport for graphics.
ERROR: (internal)  This operation is not defined for display type PrinterOnly.
Can't open viewport for graphics.
idd = -2.39159e-04
binary raw file "./out/{num}.raw"
Doing analysis at TEMP = -40.000000 and TNOM = 27.000000

Note: include: has no value, DC 0 assumed
OP information in rawfile.

Total analysis time (seconds) = 41.178

Total elapsed time (seconds) = 59.178 

Total DRAM available = 7841.938 MB.
DRAM currently available = 2944.070 MB.
Maximum ngspice program size =  503.902 MB.
Current ngspice program size =  479.262 MB.

Shared ngspice pages =   10.727 MB.
Text (code) pages =    5.461 MB.
Stack = 0 bytes.
Library pages =  483.457 MB.

