
Note: Compatibility modes selected: hs a

Warning: m=xx on .subckt line will override multiplier m hierarchy!


Circuit: * num: 4 corner: fs vdd: 3.0 temp: -40

option SCALE: Scale is set to 1e-06 for instance and model parameters
Doing analysis at TEMP = -40.000000 and TNOM = 27.000000

Note: include: has no value, DC 0 assumed
Note: Starting dynamic gmin stepping
Trying gmin =   1.0000E-03 Note: One successful gmin step
Trying gmin =   1.0000E-04 Note: One successful gmin step
Trying gmin =   1.0000E-05 Note: One successful gmin step
Trying gmin =   1.0000E-06 Warning: Further gmin increment
Trying gmin =   5.6234E-06 Note: One successful gmin step
Trying gmin =   2.3714E-06 Note: One successful gmin step
Trying gmin =   1.0000E-06 Note: One successful gmin step
Trying gmin =   2.7384E-07 Warning: Further gmin increment
Trying gmin =   7.2339E-07 Note: One successful gmin step
Trying gmin =   4.4508E-07 Note: One successful gmin step
Trying gmin =   2.1480E-07 Note: One successful gmin step
Trying gmin =   7.2015E-08 Warning: Further gmin increment
Trying gmin =   1.6345E-07 Note: One successful gmin step
Trying gmin =   1.0849E-07 Note: One successful gmin step
Trying gmin =   5.8672E-08 Note: One successful gmin step
Trying gmin =   3.1730E-08 Note: One successful gmin step
Trying gmin =   1.2619E-08 Warning: Further gmin increment
Trying gmin =   2.5197E-08 Note: One successful gmin step
Trying gmin =   1.7831E-08 Warning: Further gmin increment
Trying gmin =   2.3111E-08 Note: One successful gmin step
Trying gmin =   2.0300E-08 Warning: Further gmin increment
Trying gmin =   2.2373E-08 Note: One successful gmin step
Trying gmin =   2.1311E-08 Note: One successful gmin step
Trying gmin =   1.9812E-08 Note: One successful gmin step
Trying gmin =   1.7759E-08 Note: One successful gmin step
Trying gmin =   1.5071E-08 Warning: Further gmin increment
Trying gmin =   1.7045E-08 Warning: Further gmin increment
Trying gmin =   1.7578E-08 Note: One successful gmin step
Trying gmin =   1.7310E-08 Note: One successful gmin step
Trying gmin =   1.6915E-08 Note: One successful gmin step
Trying gmin =   1.6339E-08 Note: One successful gmin step
Trying gmin =   1.5512E-08 Note: One successful gmin step
Trying gmin =   1.4350E-08 Note: One successful gmin step
Trying gmin =   1.2768E-08 Note: One successful gmin step
Trying gmin =   1.0715E-08 Note: One successful gmin step
Trying gmin =   8.2384E-09 Note: One successful gmin step
Trying gmin =   5.5539E-09 Note: One successful gmin step
Trying gmin =   3.0742E-09 Note: One successful gmin step
Trying gmin =   1.2660E-09 Note: One successful gmin step
Trying gmin =   3.3456E-10 Note: One successful gmin step
Trying gmin =   4.5451E-11 Note: One successful gmin step
Trying gmin =   4.5451E-12 Note: One successful gmin step
Trying gmin =   1.0000E-12 Note: One successful gmin step
Note: Dynamic gmin stepping completed

No. of Data Rows : 1
Doing analysis at TEMP = -40.000000 and TNOM = 27.000000

Note: include: has no value, DC 0 assumed
Note: Starting dynamic gmin stepping
Trying gmin =   1.0000E-03 Note: One successful gmin step
Trying gmin =   1.0000E-04 Note: One successful gmin step
Trying gmin =   1.0000E-05 Note: One successful gmin step
Trying gmin =   1.0000E-06 Warning: Further gmin increment
Trying gmin =   5.6234E-06 Note: One successful gmin step
Trying gmin =   2.3714E-06 Note: One successful gmin step
Trying gmin =   1.0000E-06 Note: One successful gmin step
Trying gmin =   2.7384E-07 Warning: Further gmin increment
Trying gmin =   7.2339E-07 Note: One successful gmin step
Trying gmin =   4.4508E-07 Note: One successful gmin step
Trying gmin =   2.1480E-07 Note: One successful gmin step
Trying gmin =   7.2015E-08 Warning: Further gmin increment
Trying gmin =   1.6345E-07 Note: One successful gmin step
Trying gmin =   1.0849E-07 Note: One successful gmin step
Trying gmin =   5.8672E-08 Note: One successful gmin step
Trying gmin =   3.1730E-08 Note: One successful gmin step
Trying gmin =   1.2619E-08 Warning: Further gmin increment
Trying gmin =   2.5197E-08 Note: One successful gmin step
Trying gmin =   1.7831E-08 Warning: Further gmin increment
Trying gmin =   2.3111E-08 Note: One successful gmin step
Trying gmin =   2.0300E-08 Warning: Further gmin increment
Trying gmin =   2.2373E-08 Note: One successful gmin step
Trying gmin =   2.1311E-08 Note: One successful gmin step
Trying gmin =   1.9812E-08 Note: One successful gmin step
Trying gmin =   1.7759E-08 Note: One successful gmin step
Trying gmin =   1.5071E-08 Warning: Further gmin increment
Trying gmin =   1.7045E-08 Warning: Further gmin increment
Trying gmin =   1.7578E-08 Note: One successful gmin step
Trying gmin =   1.7310E-08 Note: One successful gmin step
Trying gmin =   1.6915E-08 Note: One successful gmin step
Trying gmin =   1.6339E-08 Note: One successful gmin step
Trying gmin =   1.5512E-08 Note: One successful gmin step
Trying gmin =   1.4350E-08 Note: One successful gmin step
Trying gmin =   1.2768E-08 Note: One successful gmin step
Trying gmin =   1.0715E-08 Note: One successful gmin step
Trying gmin =   8.2384E-09 Note: One successful gmin step
Trying gmin =   5.5539E-09 Note: One successful gmin step
Trying gmin =   3.0742E-09 Note: One successful gmin step
Trying gmin =   1.2660E-09 Note: One successful gmin step
Trying gmin =   3.3456E-10 Note: One successful gmin step
Trying gmin =   4.5451E-11 Note: One successful gmin step
Trying gmin =   4.5451E-12 Note: One successful gmin step
Trying gmin =   1.0000E-12 Note: One successful gmin step
Note: Dynamic gmin stepping completed

No. of Data Rows : 121
Doing analysis at TEMP = -40.000000 and TNOM = 27.000000

Note: include: has no value, DC 0 assumed
Note: Starting dynamic gmin stepping
Trying gmin =   1.0000E-03 Note: One successful gmin step
Trying gmin =   1.0000E-04 Note: One successful gmin step
Trying gmin =   1.0000E-05 Note: One successful gmin step
Trying gmin =   1.0000E-06 Warning: Further gmin increment
Trying gmin =   5.6234E-06 Note: One successful gmin step
Trying gmin =   2.3714E-06 Note: One successful gmin step
Trying gmin =   1.0000E-06 Note: One successful gmin step
Trying gmin =   2.7384E-07 Warning: Further gmin increment
Trying gmin =   7.2339E-07 Note: One successful gmin step
Trying gmin =   4.4508E-07 Note: One successful gmin step
Trying gmin =   2.1480E-07 Note: One successful gmin step
Trying gmin =   7.2015E-08 Warning: Further gmin increment
Trying gmin =   1.6345E-07 Note: One successful gmin step
Trying gmin =   1.0849E-07 Note: One successful gmin step
Trying gmin =   5.8672E-08 Note: One successful gmin step
Trying gmin =   3.1730E-08 Note: One successful gmin step
Trying gmin =   1.2619E-08 Warning: Further gmin increment
Trying gmin =   2.5197E-08 Note: One successful gmin step
Trying gmin =   1.7831E-08 Warning: Further gmin increment
Trying gmin =   2.3111E-08 Note: One successful gmin step
Trying gmin =   2.0300E-08 Warning: Further gmin increment
Trying gmin =   2.2373E-08 Note: One successful gmin step
Trying gmin =   2.1311E-08 Note: One successful gmin step
Trying gmin =   1.9812E-08 Note: One successful gmin step
Trying gmin =   1.7759E-08 Note: One successful gmin step
Trying gmin =   1.5071E-08 Warning: Further gmin increment
Trying gmin =   1.7045E-08 Warning: Further gmin increment
Trying gmin =   1.7578E-08 Note: One successful gmin step
Trying gmin =   1.7310E-08 Note: One successful gmin step
Trying gmin =   1.6915E-08 Note: One successful gmin step
Trying gmin =   1.6339E-08 Note: One successful gmin step
Trying gmin =   1.5512E-08 Note: One successful gmin step
Trying gmin =   1.4350E-08 Note: One successful gmin step
Trying gmin =   1.2768E-08 Note: One successful gmin step
Trying gmin =   1.0715E-08 Note: One successful gmin step
Trying gmin =   8.2384E-09 Note: One successful gmin step
Trying gmin =   5.5539E-09 Note: One successful gmin step
Trying gmin =   3.0742E-09 Note: One successful gmin step
Trying gmin =   1.2660E-09 Note: One successful gmin step
Trying gmin =   3.3456E-10 Note: One successful gmin step
Trying gmin =   4.5451E-11 Note: One successful gmin step
Trying gmin =   4.5451E-12 Note: One successful gmin step
Trying gmin =   1.0000E-12 Note: One successful gmin step
Note: Dynamic gmin stepping completed

No. of Data Rows : 121
Doing analysis at TEMP = -40.000000 and TNOM = 27.000000

Note: include: has no value, DC 0 assumed
Note: Starting dynamic gmin stepping
Trying gmin =   1.0000E-03 Note: One successful gmin step
Trying gmin =   1.0000E-04 Note: One successful gmin step
Trying gmin =   1.0000E-05 Note: One successful gmin step
Trying gmin =   1.0000E-06 Warning: Further gmin increment
Trying gmin =   5.6234E-06 Note: One successful gmin step
Trying gmin =   2.3714E-06 Note: One successful gmin step
Trying gmin =   1.0000E-06 Note: One successful gmin step
Trying gmin =   2.7384E-07 Warning: Further gmin increment
Trying gmin =   7.2339E-07 Note: One successful gmin step
Trying gmin =   4.4508E-07 Note: One successful gmin step
Trying gmin =   2.1480E-07 Note: One successful gmin step
Trying gmin =   7.2015E-08 Warning: Further gmin increment
Trying gmin =   1.6345E-07 Note: One successful gmin step
Trying gmin =   1.0849E-07 Note: One successful gmin step
Trying gmin =   5.8672E-08 Note: One successful gmin step
Trying gmin =   3.1730E-08 Note: One successful gmin step
Trying gmin =   1.2619E-08 Warning: Further gmin increment
Trying gmin =   2.5197E-08 Note: One successful gmin step
Trying gmin =   1.7831E-08 Warning: Further gmin increment
Trying gmin =   2.3111E-08 Note: One successful gmin step
Trying gmin =   2.0300E-08 Warning: Further gmin increment
Trying gmin =   2.2373E-08 Note: One successful gmin step
Trying gmin =   2.1311E-08 Note: One successful gmin step
Trying gmin =   1.9812E-08 Note: One successful gmin step
Trying gmin =   1.7759E-08 Note: One successful gmin step
Trying gmin =   1.5071E-08 Warning: Further gmin increment
Trying gmin =   1.7045E-08 Warning: Further gmin increment
Trying gmin =   1.7578E-08 Note: One successful gmin step
Trying gmin =   1.7310E-08 Note: One successful gmin step
Trying gmin =   1.6915E-08 Note: One successful gmin step
Trying gmin =   1.6339E-08 Note: One successful gmin step
Trying gmin =   1.5512E-08 Note: One successful gmin step
Trying gmin =   1.4350E-08 Note: One successful gmin step
Trying gmin =   1.2768E-08 Note: One successful gmin step
Trying gmin =   1.0715E-08 Note: One successful gmin step
Trying gmin =   8.2384E-09 Note: One successful gmin step
Trying gmin =   5.5539E-09 Note: One successful gmin step
Trying gmin =   3.0742E-09 Note: One successful gmin step
Trying gmin =   1.2660E-09 Note: One successful gmin step
Trying gmin =   3.3456E-10 Note: One successful gmin step
Trying gmin =   4.5451E-11 Note: One successful gmin step
Trying gmin =   4.5451E-12 Note: One successful gmin step
Trying gmin =   1.0000E-12 Note: One successful gmin step
Note: Dynamic gmin stepping completed

No. of Data Rows : 121
av0p1hz             =  1.135819e+02
gbw                 =  2.775639e+06
pm180               =  9.011707e+07
pm                  =  6.178069e+01
gm                  =  -4.797565e+01
cmrr0p1hz           =  1.133522e+02
psrr0p1hz           =  6.454152e+01
ERROR: (internal)  This operation is not defined for display type PrinterOnly.
Can't open viewport for graphics.
ERROR: (internal)  This operation is not defined for display type PrinterOnly.
Can't open viewport for graphics.
idd = -2.82239e-04
binary raw file "./out/{num}.raw"
Doing analysis at TEMP = -40.000000 and TNOM = 27.000000

Note: include: has no value, DC 0 assumed
OP information in rawfile.

Total analysis time (seconds) = 54.406

Total elapsed time (seconds) = 73.007 

Total DRAM available = 7841.938 MB.
DRAM currently available = 2945.422 MB.
Maximum ngspice program size =  503.895 MB.
Current ngspice program size =  479.594 MB.

Shared ngspice pages =   11.070 MB.
Text (code) pages =    5.461 MB.
Stack = 0 bytes.
Library pages =  483.449 MB.

