
Note: Compatibility modes selected: hs a

Warning: m=xx on .subckt line will override multiplier m hierarchy!


Circuit: * num: 5 corner: ss vdd: 3.0 temp: 85

option SCALE: Scale is set to 1e-06 for instance and model parameters
Doing analysis at TEMP = 85.000000 and TNOM = 27.000000

Note: include: has no value, DC 0 assumed
Note: Starting dynamic gmin stepping
Trying gmin =   1.0000E-03 Note: One successful gmin step
Trying gmin =   1.0000E-04 Note: One successful gmin step
Trying gmin =   1.0000E-05 Note: One successful gmin step
Trying gmin =   1.0000E-06 Warning: Further gmin increment
Trying gmin =   5.6234E-06 Note: One successful gmin step
Trying gmin =   2.3714E-06 Note: One successful gmin step
Trying gmin =   1.0000E-06 Note: One successful gmin step
Trying gmin =   2.7384E-07 Warning: Further gmin increment
Trying gmin =   7.2339E-07 Note: One successful gmin step
Trying gmin =   4.4508E-07 Note: One successful gmin step
Trying gmin =   2.1480E-07 Note: One successful gmin step
Trying gmin =   7.2015E-08 Warning: Further gmin increment
Trying gmin =   1.6345E-07 Note: One successful gmin step
Trying gmin =   1.0849E-07 Note: One successful gmin step
Trying gmin =   5.8672E-08 Note: One successful gmin step
Trying gmin =   2.3334E-08 Warning: Further gmin increment
Trying gmin =   4.6593E-08 Note: One successful gmin step
Trying gmin =   3.2972E-08 Note: One successful gmin step
Trying gmin =   1.9629E-08 Warning: Further gmin increment
Trying gmin =   2.8963E-08 Note: One successful gmin step
Trying gmin =   2.3843E-08 Note: One successful gmin step
Trying gmin =   1.7810E-08 Warning: Further gmin increment
Trying gmin =   2.2166E-08 Note: One successful gmin step
Trying gmin =   1.9869E-08 Note: One successful gmin step
Trying gmin =   1.6862E-08 Warning: Further gmin increment
Trying gmin =   1.9070E-08 Note: One successful gmin step
Trying gmin =   1.7932E-08 Note: One successful gmin step
Trying gmin =   1.6351E-08 Warning: Further gmin increment
Trying gmin =   1.7523E-08 Note: One successful gmin step
Trying gmin =   1.6927E-08 Note: One successful gmin step
Trying gmin =   1.6070E-08 Note: One successful gmin step
Trying gmin =   1.4866E-08 Note: One successful gmin step
Trying gmin =   1.3227E-08 Note: One successful gmin step
Trying gmin =   1.1101E-08 Note: One successful gmin step
Trying gmin =   8.5346E-09 Note: One successful gmin step
Trying gmin =   5.7536E-09 Note: One successful gmin step
Trying gmin =   3.1847E-09 Note: One successful gmin step
Trying gmin =   1.3115E-09 Note: One successful gmin step
Trying gmin =   3.4659E-10 Note: One successful gmin step
Trying gmin =   4.7085E-11 Note: One successful gmin step
Trying gmin =   4.7085E-12 Note: One successful gmin step
Trying gmin =   1.0000E-12 Note: One successful gmin step
Note: Dynamic gmin stepping completed

No. of Data Rows : 1
Doing analysis at TEMP = 85.000000 and TNOM = 27.000000

Note: include: has no value, DC 0 assumed
Note: Starting dynamic gmin stepping
Trying gmin =   1.0000E-03 Note: One successful gmin step
Trying gmin =   1.0000E-04 Note: One successful gmin step
Trying gmin =   1.0000E-05 Note: One successful gmin step
Trying gmin =   1.0000E-06 Warning: Further gmin increment
Trying gmin =   5.6234E-06 Note: One successful gmin step
Trying gmin =   2.3714E-06 Note: One successful gmin step
Trying gmin =   1.0000E-06 Note: One successful gmin step
Trying gmin =   2.7384E-07 Warning: Further gmin increment
Trying gmin =   7.2339E-07 Note: One successful gmin step
Trying gmin =   4.4508E-07 Note: One successful gmin step
Trying gmin =   2.1480E-07 Note: One successful gmin step
Trying gmin =   7.2015E-08 Warning: Further gmin increment
Trying gmin =   1.6345E-07 Note: One successful gmin step
Trying gmin =   1.0849E-07 Note: One successful gmin step
Trying gmin =   5.8672E-08 Note: One successful gmin step
Trying gmin =   2.3334E-08 Warning: Further gmin increment
Trying gmin =   4.6593E-08 Note: One successful gmin step
Trying gmin =   3.2972E-08 Note: One successful gmin step
Trying gmin =   1.9629E-08 Warning: Further gmin increment
Trying gmin =   2.8963E-08 Note: One successful gmin step
Trying gmin =   2.3843E-08 Note: One successful gmin step
Trying gmin =   1.7810E-08 Warning: Further gmin increment
Trying gmin =   2.2166E-08 Note: One successful gmin step
Trying gmin =   1.9869E-08 Note: One successful gmin step
Trying gmin =   1.6862E-08 Warning: Further gmin increment
Trying gmin =   1.9070E-08 Note: One successful gmin step
Trying gmin =   1.7932E-08 Note: One successful gmin step
Trying gmin =   1.6351E-08 Warning: Further gmin increment
Trying gmin =   1.7523E-08 Note: One successful gmin step
Trying gmin =   1.6927E-08 Note: One successful gmin step
Trying gmin =   1.6070E-08 Note: One successful gmin step
Trying gmin =   1.4866E-08 Note: One successful gmin step
Trying gmin =   1.3227E-08 Note: One successful gmin step
Trying gmin =   1.1101E-08 Note: One successful gmin step
Trying gmin =   8.5346E-09 Note: One successful gmin step
Trying gmin =   5.7536E-09 Note: One successful gmin step
Trying gmin =   3.1847E-09 Note: One successful gmin step
Trying gmin =   1.3115E-09 Note: One successful gmin step
Trying gmin =   3.4659E-10 Note: One successful gmin step
Trying gmin =   4.7085E-11 Note: One successful gmin step
Trying gmin =   4.7085E-12 Note: One successful gmin step
Trying gmin =   1.0000E-12 Note: One successful gmin step
Note: Dynamic gmin stepping completed

No. of Data Rows : 121
Doing analysis at TEMP = 85.000000 and TNOM = 27.000000

Note: include: has no value, DC 0 assumed
Note: Starting dynamic gmin stepping
Trying gmin =   1.0000E-03 Note: One successful gmin step
Trying gmin =   1.0000E-04 Note: One successful gmin step
Trying gmin =   1.0000E-05 Note: One successful gmin step
Trying gmin =   1.0000E-06 Warning: Further gmin increment
Trying gmin =   5.6234E-06 Note: One successful gmin step
Trying gmin =   2.3714E-06 Note: One successful gmin step
Trying gmin =   1.0000E-06 Note: One successful gmin step
Trying gmin =   2.7384E-07 Warning: Further gmin increment
Trying gmin =   7.2339E-07 Note: One successful gmin step
Trying gmin =   4.4508E-07 Note: One successful gmin step
Trying gmin =   2.1480E-07 Note: One successful gmin step
Trying gmin =   7.2015E-08 Warning: Further gmin increment
Trying gmin =   1.6345E-07 Note: One successful gmin step
Trying gmin =   1.0849E-07 Note: One successful gmin step
Trying gmin =   5.8672E-08 Note: One successful gmin step
Trying gmin =   2.3334E-08 Warning: Further gmin increment
Trying gmin =   4.6593E-08 Note: One successful gmin step
Trying gmin =   3.2972E-08 Note: One successful gmin step
Trying gmin =   1.9629E-08 Warning: Further gmin increment
Trying gmin =   2.8963E-08 Note: One successful gmin step
Trying gmin =   2.3843E-08 Note: One successful gmin step
Trying gmin =   1.7810E-08 Warning: Further gmin increment
Trying gmin =   2.2166E-08 Note: One successful gmin step
Trying gmin =   1.9869E-08 Note: One successful gmin step
Trying gmin =   1.6862E-08 Warning: Further gmin increment
Trying gmin =   1.9070E-08 Note: One successful gmin step
Trying gmin =   1.7932E-08 Note: One successful gmin step
Trying gmin =   1.6351E-08 Warning: Further gmin increment
Trying gmin =   1.7523E-08 Note: One successful gmin step
Trying gmin =   1.6927E-08 Note: One successful gmin step
Trying gmin =   1.6070E-08 Note: One successful gmin step
Trying gmin =   1.4866E-08 Note: One successful gmin step
Trying gmin =   1.3227E-08 Note: One successful gmin step
Trying gmin =   1.1101E-08 Note: One successful gmin step
Trying gmin =   8.5346E-09 Note: One successful gmin step
Trying gmin =   5.7536E-09 Note: One successful gmin step
Trying gmin =   3.1847E-09 Note: One successful gmin step
Trying gmin =   1.3115E-09 Note: One successful gmin step
Trying gmin =   3.4659E-10 Note: One successful gmin step
Trying gmin =   4.7085E-11 Note: One successful gmin step
Trying gmin =   4.7085E-12 Note: One successful gmin step
Trying gmin =   1.0000E-12 Note: One successful gmin step
Note: Dynamic gmin stepping completed

No. of Data Rows : 121
Doing analysis at TEMP = 85.000000 and TNOM = 27.000000

Note: include: has no value, DC 0 assumed
Note: Starting dynamic gmin stepping
Trying gmin =   1.0000E-03 Note: One successful gmin step
Trying gmin =   1.0000E-04 Note: One successful gmin step
Trying gmin =   1.0000E-05 Note: One successful gmin step
Trying gmin =   1.0000E-06 Warning: Further gmin increment
Trying gmin =   5.6234E-06 Note: One successful gmin step
Trying gmin =   2.3714E-06 Note: One successful gmin step
Trying gmin =   1.0000E-06 Note: One successful gmin step
Trying gmin =   2.7384E-07 Warning: Further gmin increment
Trying gmin =   7.2339E-07 Note: One successful gmin step
Trying gmin =   4.4508E-07 Note: One successful gmin step
Trying gmin =   2.1480E-07 Note: One successful gmin step
Trying gmin =   7.2015E-08 Warning: Further gmin increment
Trying gmin =   1.6345E-07 Note: One successful gmin step
Trying gmin =   1.0849E-07 Note: One successful gmin step
Trying gmin =   5.8672E-08 Note: One successful gmin step
Trying gmin =   2.3334E-08 Warning: Further gmin increment
Trying gmin =   4.6593E-08 Note: One successful gmin step
Trying gmin =   3.2972E-08 Note: One successful gmin step
Trying gmin =   1.9629E-08 Warning: Further gmin increment
Trying gmin =   2.8963E-08 Note: One successful gmin step
Trying gmin =   2.3843E-08 Note: One successful gmin step
Trying gmin =   1.7810E-08 Warning: Further gmin increment
Trying gmin =   2.2166E-08 Note: One successful gmin step
Trying gmin =   1.9869E-08 Note: One successful gmin step
Trying gmin =   1.6862E-08 Warning: Further gmin increment
Trying gmin =   1.9070E-08 Note: One successful gmin step
Trying gmin =   1.7932E-08 Note: One successful gmin step
Trying gmin =   1.6351E-08 Warning: Further gmin increment
Trying gmin =   1.7523E-08 Note: One successful gmin step
Trying gmin =   1.6927E-08 Note: One successful gmin step
Trying gmin =   1.6070E-08 Note: One successful gmin step
Trying gmin =   1.4866E-08 Note: One successful gmin step
Trying gmin =   1.3227E-08 Note: One successful gmin step
Trying gmin =   1.1101E-08 Note: One successful gmin step
Trying gmin =   8.5346E-09 Note: One successful gmin step
Trying gmin =   5.7536E-09 Note: One successful gmin step
Trying gmin =   3.1847E-09 Note: One successful gmin step
Trying gmin =   1.3115E-09 Note: One successful gmin step
Trying gmin =   3.4659E-10 Note: One successful gmin step
Trying gmin =   4.7085E-11 Note: One successful gmin step
Trying gmin =   4.7085E-12 Note: One successful gmin step
Trying gmin =   1.0000E-12 Note: One successful gmin step
Note: Dynamic gmin stepping completed

No. of Data Rows : 121
av0p1hz             =  1.082316e+02
gbw                 =  1.912971e+06
pm180               =  6.384974e+07
pm                  =  6.130294e+01
gm                  =  -4.879918e+01
cmrr0p1hz           =  1.395107e+02
psrr0p1hz           =  6.266516e+01
ERROR: (internal)  This operation is not defined for display type PrinterOnly.
Can't open viewport for graphics.
ERROR: (internal)  This operation is not defined for display type PrinterOnly.
Can't open viewport for graphics.
idd = -2.79802e-04
binary raw file "./out/{num}.raw"
Doing analysis at TEMP = 85.000000 and TNOM = 27.000000

Note: include: has no value, DC 0 assumed
OP information in rawfile.

Total analysis time (seconds) = 53.064

Total elapsed time (seconds) = 71.135 

Total DRAM available = 7841.938 MB.
DRAM currently available = 2955.035 MB.
Maximum ngspice program size =  503.945 MB.
Current ngspice program size =  479.301 MB.

Shared ngspice pages =   10.773 MB.
Text (code) pages =    5.461 MB.
Stack = 0 bytes.
Library pages =  483.500 MB.

