
Note: Compatibility modes selected: hs a

Warning: m=xx on .subckt line will override multiplier m hierarchy!


Circuit: * num: 6 corner: ff vdd: 3.0 temp: 85

option SCALE: Scale is set to 1e-06 for instance and model parameters
Doing analysis at TEMP = 85.000000 and TNOM = 27.000000

Note: include: has no value, DC 0 assumed
Note: Starting dynamic gmin stepping
Trying gmin =   1.0000E-03 Note: One successful gmin step
Trying gmin =   1.0000E-04 Note: One successful gmin step
Trying gmin =   1.0000E-05 Note: One successful gmin step
Trying gmin =   1.0000E-06 Warning: Further gmin increment
Trying gmin =   5.6234E-06 Note: One successful gmin step
Trying gmin =   2.3714E-06 Note: One successful gmin step
Trying gmin =   1.5399E-06 Note: One successful gmin step
Trying gmin =   8.0584E-07 Note: One successful gmin step
Trying gmin =   3.0505E-07 Note: One successful gmin step
Trying gmin =   7.1050E-08 Note: One successful gmin step
Trying gmin =   7.9863E-09 Warning: Further gmin increment
Trying gmin =   4.1139E-08 Note: One successful gmin step
Trying gmin =   1.8126E-08 Warning: Further gmin increment
Trying gmin =   3.3517E-08 Note: One successful gmin step
Trying gmin =   2.4648E-08 Note: One successful gmin step
Trying gmin =   1.5544E-08 Warning: Further gmin increment
Trying gmin =   2.1965E-08 Note: One successful gmin step
Trying gmin =   1.8478E-08 Warning: Further gmin increment
Trying gmin =   2.1036E-08 Note: One successful gmin step
Trying gmin =   1.9715E-08 Note: One successful gmin step
Trying gmin =   1.7888E-08 Note: One successful gmin step
Trying gmin =   1.5460E-08 Warning: Further gmin increment
Trying gmin =   1.7248E-08 Note: One successful gmin step
Trying gmin =   1.6329E-08 Note: One successful gmin step
Trying gmin =   1.5043E-08 Note: One successful gmin step
Trying gmin =   1.3301E-08 Note: One successful gmin step
Trying gmin =   1.1059E-08 Note: One successful gmin step
Trying gmin =   8.3836E-09 Note: One successful gmin step
Trying gmin =   5.5338E-09 Note: One successful gmin step
Trying gmin =   2.9676E-09 Note: One successful gmin step
Trying gmin =   1.1655E-09 Note: One successful gmin step
Trying gmin =   2.8683E-10 Note: One successful gmin step
Trying gmin =   3.5020E-11 Note: One successful gmin step
Trying gmin =   3.5020E-12 Note: One successful gmin step
Trying gmin =   1.0000E-12 Note: One successful gmin step
Note: Dynamic gmin stepping completed

No. of Data Rows : 1
Doing analysis at TEMP = 85.000000 and TNOM = 27.000000

Note: include: has no value, DC 0 assumed
Note: Starting dynamic gmin stepping
Trying gmin =   1.0000E-03 Note: One successful gmin step
Trying gmin =   1.0000E-04 Note: One successful gmin step
Trying gmin =   1.0000E-05 Note: One successful gmin step
Trying gmin =   1.0000E-06 Warning: Further gmin increment
Trying gmin =   5.6234E-06 Note: One successful gmin step
Trying gmin =   2.3714E-06 Note: One successful gmin step
Trying gmin =   1.5399E-06 Note: One successful gmin step
Trying gmin =   8.0584E-07 Note: One successful gmin step
Trying gmin =   3.0505E-07 Note: One successful gmin step
Trying gmin =   7.1050E-08 Note: One successful gmin step
Trying gmin =   7.9863E-09 Warning: Further gmin increment
Trying gmin =   4.1139E-08 Note: One successful gmin step
Trying gmin =   1.8126E-08 Warning: Further gmin increment
Trying gmin =   3.3517E-08 Note: One successful gmin step
Trying gmin =   2.4648E-08 Note: One successful gmin step
Trying gmin =   1.5544E-08 Warning: Further gmin increment
Trying gmin =   2.1965E-08 Note: One successful gmin step
Trying gmin =   1.8478E-08 Warning: Further gmin increment
Trying gmin =   2.1036E-08 Note: One successful gmin step
Trying gmin =   1.9715E-08 Note: One successful gmin step
Trying gmin =   1.7888E-08 Note: One successful gmin step
Trying gmin =   1.5460E-08 Warning: Further gmin increment
Trying gmin =   1.7248E-08 Note: One successful gmin step
Trying gmin =   1.6329E-08 Note: One successful gmin step
Trying gmin =   1.5043E-08 Note: One successful gmin step
Trying gmin =   1.3301E-08 Note: One successful gmin step
Trying gmin =   1.1059E-08 Note: One successful gmin step
Trying gmin =   8.3836E-09 Note: One successful gmin step
Trying gmin =   5.5338E-09 Note: One successful gmin step
Trying gmin =   2.9676E-09 Note: One successful gmin step
Trying gmin =   1.1655E-09 Note: One successful gmin step
Trying gmin =   2.8683E-10 Note: One successful gmin step
Trying gmin =   3.5020E-11 Note: One successful gmin step
Trying gmin =   3.5020E-12 Note: One successful gmin step
Trying gmin =   1.0000E-12 Note: One successful gmin step
Note: Dynamic gmin stepping completed

No. of Data Rows : 121
Doing analysis at TEMP = 85.000000 and TNOM = 27.000000

Note: include: has no value, DC 0 assumed
Note: Starting dynamic gmin stepping
Trying gmin =   1.0000E-03 Note: One successful gmin step
Trying gmin =   1.0000E-04 Note: One successful gmin step
Trying gmin =   1.0000E-05 Note: One successful gmin step
Trying gmin =   1.0000E-06 Warning: Further gmin increment
Trying gmin =   5.6234E-06 Note: One successful gmin step
Trying gmin =   2.3714E-06 Note: One successful gmin step
Trying gmin =   1.5399E-06 Note: One successful gmin step
Trying gmin =   8.0584E-07 Note: One successful gmin step
Trying gmin =   3.0505E-07 Note: One successful gmin step
Trying gmin =   7.1050E-08 Note: One successful gmin step
Trying gmin =   7.9863E-09 Warning: Further gmin increment
Trying gmin =   4.1139E-08 Note: One successful gmin step
Trying gmin =   1.8126E-08 Warning: Further gmin increment
Trying gmin =   3.3517E-08 Note: One successful gmin step
Trying gmin =   2.4648E-08 Note: One successful gmin step
Trying gmin =   1.5544E-08 Warning: Further gmin increment
Trying gmin =   2.1965E-08 Note: One successful gmin step
Trying gmin =   1.8478E-08 Warning: Further gmin increment
Trying gmin =   2.1036E-08 Note: One successful gmin step
Trying gmin =   1.9715E-08 Note: One successful gmin step
Trying gmin =   1.7888E-08 Note: One successful gmin step
Trying gmin =   1.5460E-08 Warning: Further gmin increment
Trying gmin =   1.7248E-08 Note: One successful gmin step
Trying gmin =   1.6329E-08 Note: One successful gmin step
Trying gmin =   1.5043E-08 Note: One successful gmin step
Trying gmin =   1.3301E-08 Note: One successful gmin step
Trying gmin =   1.1059E-08 Note: One successful gmin step
Trying gmin =   8.3836E-09 Note: One successful gmin step
Trying gmin =   5.5338E-09 Note: One successful gmin step
Trying gmin =   2.9676E-09 Note: One successful gmin step
Trying gmin =   1.1655E-09 Note: One successful gmin step
Trying gmin =   2.8683E-10 Note: One successful gmin step
Trying gmin =   3.5020E-11 Note: One successful gmin step
Trying gmin =   3.5020E-12 Note: One successful gmin step
Trying gmin =   1.0000E-12 Note: One successful gmin step
Note: Dynamic gmin stepping completed

No. of Data Rows : 121
Doing analysis at TEMP = 85.000000 and TNOM = 27.000000

Note: include: has no value, DC 0 assumed
Note: Starting dynamic gmin stepping
Trying gmin =   1.0000E-03 Note: One successful gmin step
Trying gmin =   1.0000E-04 Note: One successful gmin step
Trying gmin =   1.0000E-05 Note: One successful gmin step
Trying gmin =   1.0000E-06 Warning: Further gmin increment
Trying gmin =   5.6234E-06 Note: One successful gmin step
Trying gmin =   2.3714E-06 Note: One successful gmin step
Trying gmin =   1.5399E-06 Note: One successful gmin step
Trying gmin =   8.0584E-07 Note: One successful gmin step
Trying gmin =   3.0505E-07 Note: One successful gmin step
Trying gmin =   7.1050E-08 Note: One successful gmin step
Trying gmin =   7.9863E-09 Warning: Further gmin increment
Trying gmin =   4.1139E-08 Note: One successful gmin step
Trying gmin =   1.8126E-08 Warning: Further gmin increment
Trying gmin =   3.3517E-08 Note: One successful gmin step
Trying gmin =   2.4648E-08 Note: One successful gmin step
Trying gmin =   1.5544E-08 Warning: Further gmin increment
Trying gmin =   2.1965E-08 Note: One successful gmin step
Trying gmin =   1.8478E-08 Warning: Further gmin increment
Trying gmin =   2.1036E-08 Note: One successful gmin step
Trying gmin =   1.9715E-08 Note: One successful gmin step
Trying gmin =   1.7888E-08 Note: One successful gmin step
Trying gmin =   1.5460E-08 Warning: Further gmin increment
Trying gmin =   1.7248E-08 Note: One successful gmin step
Trying gmin =   1.6329E-08 Note: One successful gmin step
Trying gmin =   1.5043E-08 Note: One successful gmin step
Trying gmin =   1.3301E-08 Note: One successful gmin step
Trying gmin =   1.1059E-08 Note: One successful gmin step
Trying gmin =   8.3836E-09 Note: One successful gmin step
Trying gmin =   5.5338E-09 Note: One successful gmin step
Trying gmin =   2.9676E-09 Note: One successful gmin step
Trying gmin =   1.1655E-09 Note: One successful gmin step
Trying gmin =   2.8683E-10 Note: One successful gmin step
Trying gmin =   3.5020E-11 Note: One successful gmin step
Trying gmin =   3.5020E-12 Note: One successful gmin step
Trying gmin =   1.0000E-12 Note: One successful gmin step
Note: Dynamic gmin stepping completed

No. of Data Rows : 121
av0p1hz             =  1.079733e+02
gbw                 =  1.988814e+06
pm180               =  6.887400e+07
pm                  =  6.294416e+01
gm                  =  -4.861808e+01
cmrr0p1hz           =  1.231672e+02
psrr0p1hz           =  6.836016e+01
ERROR: (internal)  This operation is not defined for display type PrinterOnly.
Can't open viewport for graphics.
ERROR: (internal)  This operation is not defined for display type PrinterOnly.
Can't open viewport for graphics.
idd = -2.82997e-04
binary raw file "./out/{num}.raw"
Doing analysis at TEMP = 85.000000 and TNOM = 27.000000

Note: include: has no value, DC 0 assumed
OP information in rawfile.

Total analysis time (seconds) = 44.884

Total elapsed time (seconds) = 62.804 

Total DRAM available = 7841.938 MB.
DRAM currently available = 2952.309 MB.
Maximum ngspice program size =  504.078 MB.
Current ngspice program size =  479.242 MB.

Shared ngspice pages =   10.707 MB.
Text (code) pages =    5.461 MB.
Stack = 0 bytes.
Library pages =  483.633 MB.

