
Note: Compatibility modes selected: hs a

Warning: m=xx on .subckt line will override multiplier m hierarchy!


Circuit: * num: 8 corner: fs vdd: 3.0 temp: 85

option SCALE: Scale is set to 1e-06 for instance and model parameters
Doing analysis at TEMP = 85.000000 and TNOM = 27.000000

Note: include: has no value, DC 0 assumed
Note: Starting dynamic gmin stepping
Trying gmin =   1.0000E-03 Note: One successful gmin step
Trying gmin =   1.0000E-04 Note: One successful gmin step
Trying gmin =   1.0000E-05 Note: One successful gmin step
Trying gmin =   1.0000E-06 Warning: Further gmin increment
Trying gmin =   5.6234E-06 Note: One successful gmin step
Trying gmin =   2.3714E-06 Note: One successful gmin step
Trying gmin =   1.0000E-06 Note: One successful gmin step
Trying gmin =   2.7384E-07 Note: One successful gmin step
Trying gmin =   7.4989E-08 Note: One successful gmin step
Trying gmin =   1.0746E-08 Warning: Further gmin increment
Trying gmin =   4.6138E-08 Note: One successful gmin step
Trying gmin =   2.2267E-08 Warning: Further gmin increment
Trying gmin =   3.8456E-08 Note: One successful gmin step
Trying gmin =   2.9262E-08 Note: One successful gmin step
Trying gmin =   1.9424E-08 Warning: Further gmin increment
Trying gmin =   2.6413E-08 Note: One successful gmin step
Trying gmin =   2.2650E-08 Note: One successful gmin step
Trying gmin =   1.7987E-08 Warning: Further gmin increment
Trying gmin =   2.1382E-08 Note: One successful gmin step
Trying gmin =   1.9611E-08 Note: One successful gmin step
Trying gmin =   1.7226E-08 Warning: Further gmin increment
Trying gmin =   1.8986E-08 Note: One successful gmin step
Trying gmin =   1.8084E-08 Note: One successful gmin step
Trying gmin =   1.6812E-08 Note: One successful gmin step
Trying gmin =   1.5070E-08 Warning: Further gmin increment
Trying gmin =   1.6359E-08 Note: One successful gmin step
Trying gmin =   1.5701E-08 Note: One successful gmin step
Trying gmin =   1.4764E-08 Note: One successful gmin step
Trying gmin =   1.3462E-08 Note: One successful gmin step
Trying gmin =   1.1721E-08 Note: One successful gmin step
Trying gmin =   9.5231E-09 Note: One successful gmin step
Trying gmin =   6.9738E-09 Note: One successful gmin step
Trying gmin =   4.3703E-09 Note: One successful gmin step
Trying gmin =   2.1681E-09 Note: One successful gmin step
Trying gmin =   7.5757E-10 Note: One successful gmin step
Trying gmin =   1.5647E-10 Note: One successful gmin step
Trying gmin =   1.5647E-11 Note: One successful gmin step
Trying gmin =   1.5647E-12 Note: One successful gmin step
Trying gmin =   1.0000E-12 Note: One successful gmin step
Note: Dynamic gmin stepping completed

No. of Data Rows : 1
Doing analysis at TEMP = 85.000000 and TNOM = 27.000000

Note: include: has no value, DC 0 assumed
Note: Starting dynamic gmin stepping
Trying gmin =   1.0000E-03 Note: One successful gmin step
Trying gmin =   1.0000E-04 Note: One successful gmin step
Trying gmin =   1.0000E-05 Note: One successful gmin step
Trying gmin =   1.0000E-06 Warning: Further gmin increment
Trying gmin =   5.6234E-06 Note: One successful gmin step
Trying gmin =   2.3714E-06 Note: One successful gmin step
Trying gmin =   1.0000E-06 Note: One successful gmin step
Trying gmin =   2.7384E-07 Note: One successful gmin step
Trying gmin =   7.4989E-08 Note: One successful gmin step
Trying gmin =   1.0746E-08 Warning: Further gmin increment
Trying gmin =   4.6138E-08 Note: One successful gmin step
Trying gmin =   2.2267E-08 Warning: Further gmin increment
Trying gmin =   3.8456E-08 Note: One successful gmin step
Trying gmin =   2.9262E-08 Note: One successful gmin step
Trying gmin =   1.9424E-08 Warning: Further gmin increment
Trying gmin =   2.6413E-08 Note: One successful gmin step
Trying gmin =   2.2650E-08 Note: One successful gmin step
Trying gmin =   1.7987E-08 Warning: Further gmin increment
Trying gmin =   2.1382E-08 Note: One successful gmin step
Trying gmin =   1.9611E-08 Note: One successful gmin step
Trying gmin =   1.7226E-08 Warning: Further gmin increment
Trying gmin =   1.8986E-08 Note: One successful gmin step
Trying gmin =   1.8084E-08 Note: One successful gmin step
Trying gmin =   1.6812E-08 Note: One successful gmin step
Trying gmin =   1.5070E-08 Warning: Further gmin increment
Trying gmin =   1.6359E-08 Note: One successful gmin step
Trying gmin =   1.5701E-08 Note: One successful gmin step
Trying gmin =   1.4764E-08 Note: One successful gmin step
Trying gmin =   1.3462E-08 Note: One successful gmin step
Trying gmin =   1.1721E-08 Note: One successful gmin step
Trying gmin =   9.5231E-09 Note: One successful gmin step
Trying gmin =   6.9738E-09 Note: One successful gmin step
Trying gmin =   4.3703E-09 Note: One successful gmin step
Trying gmin =   2.1681E-09 Note: One successful gmin step
Trying gmin =   7.5757E-10 Note: One successful gmin step
Trying gmin =   1.5647E-10 Note: One successful gmin step
Trying gmin =   1.5647E-11 Note: One successful gmin step
Trying gmin =   1.5647E-12 Note: One successful gmin step
Trying gmin =   1.0000E-12 Note: One successful gmin step
Note: Dynamic gmin stepping completed

No. of Data Rows : 121
Doing analysis at TEMP = 85.000000 and TNOM = 27.000000

Note: include: has no value, DC 0 assumed
Note: Starting dynamic gmin stepping
Trying gmin =   1.0000E-03 Note: One successful gmin step
Trying gmin =   1.0000E-04 Note: One successful gmin step
Trying gmin =   1.0000E-05 Note: One successful gmin step
Trying gmin =   1.0000E-06 Warning: Further gmin increment
Trying gmin =   5.6234E-06 Note: One successful gmin step
Trying gmin =   2.3714E-06 Note: One successful gmin step
Trying gmin =   1.0000E-06 Note: One successful gmin step
Trying gmin =   2.7384E-07 Note: One successful gmin step
Trying gmin =   7.4989E-08 Note: One successful gmin step
Trying gmin =   1.0746E-08 Warning: Further gmin increment
Trying gmin =   4.6138E-08 Note: One successful gmin step
Trying gmin =   2.2267E-08 Warning: Further gmin increment
Trying gmin =   3.8456E-08 Note: One successful gmin step
Trying gmin =   2.9262E-08 Note: One successful gmin step
Trying gmin =   1.9424E-08 Warning: Further gmin increment
Trying gmin =   2.6413E-08 Note: One successful gmin step
Trying gmin =   2.2650E-08 Note: One successful gmin step
Trying gmin =   1.7987E-08 Warning: Further gmin increment
Trying gmin =   2.1382E-08 Note: One successful gmin step
Trying gmin =   1.9611E-08 Note: One successful gmin step
Trying gmin =   1.7226E-08 Warning: Further gmin increment
Trying gmin =   1.8986E-08 Note: One successful gmin step
Trying gmin =   1.8084E-08 Note: One successful gmin step
Trying gmin =   1.6812E-08 Note: One successful gmin step
Trying gmin =   1.5070E-08 Warning: Further gmin increment
Trying gmin =   1.6359E-08 Note: One successful gmin step
Trying gmin =   1.5701E-08 Note: One successful gmin step
Trying gmin =   1.4764E-08 Note: One successful gmin step
Trying gmin =   1.3462E-08 Note: One successful gmin step
Trying gmin =   1.1721E-08 Note: One successful gmin step
Trying gmin =   9.5231E-09 Note: One successful gmin step
Trying gmin =   6.9738E-09 Note: One successful gmin step
Trying gmin =   4.3703E-09 Note: One successful gmin step
Trying gmin =   2.1681E-09 Note: One successful gmin step
Trying gmin =   7.5757E-10 Note: One successful gmin step
Trying gmin =   1.5647E-10 Note: One successful gmin step
Trying gmin =   1.5647E-11 Note: One successful gmin step
Trying gmin =   1.5647E-12 Note: One successful gmin step
Trying gmin =   1.0000E-12 Note: One successful gmin step
Note: Dynamic gmin stepping completed

No. of Data Rows : 121
Doing analysis at TEMP = 85.000000 and TNOM = 27.000000

Note: include: has no value, DC 0 assumed
Note: Starting dynamic gmin stepping
Trying gmin =   1.0000E-03 Note: One successful gmin step
Trying gmin =   1.0000E-04 Note: One successful gmin step
Trying gmin =   1.0000E-05 Note: One successful gmin step
Trying gmin =   1.0000E-06 Warning: Further gmin increment
Trying gmin =   5.6234E-06 Note: One successful gmin step
Trying gmin =   2.3714E-06 Note: One successful gmin step
Trying gmin =   1.0000E-06 Note: One successful gmin step
Trying gmin =   2.7384E-07 Note: One successful gmin step
Trying gmin =   7.4989E-08 Note: One successful gmin step
Trying gmin =   1.0746E-08 Warning: Further gmin increment
Trying gmin =   4.6138E-08 Note: One successful gmin step
Trying gmin =   2.2267E-08 Warning: Further gmin increment
Trying gmin =   3.8456E-08 Note: One successful gmin step
Trying gmin =   2.9262E-08 Note: One successful gmin step
Trying gmin =   1.9424E-08 Warning: Further gmin increment
Trying gmin =   2.6413E-08 Note: One successful gmin step
Trying gmin =   2.2650E-08 Note: One successful gmin step
Trying gmin =   1.7987E-08 Warning: Further gmin increment
Trying gmin =   2.1382E-08 Note: One successful gmin step
Trying gmin =   1.9611E-08 Note: One successful gmin step
Trying gmin =   1.7226E-08 Warning: Further gmin increment
Trying gmin =   1.8986E-08 Note: One successful gmin step
Trying gmin =   1.8084E-08 Note: One successful gmin step
Trying gmin =   1.6812E-08 Note: One successful gmin step
Trying gmin =   1.5070E-08 Warning: Further gmin increment
Trying gmin =   1.6359E-08 Note: One successful gmin step
Trying gmin =   1.5701E-08 Note: One successful gmin step
Trying gmin =   1.4764E-08 Note: One successful gmin step
Trying gmin =   1.3462E-08 Note: One successful gmin step
Trying gmin =   1.1721E-08 Note: One successful gmin step
Trying gmin =   9.5231E-09 Note: One successful gmin step
Trying gmin =   6.9738E-09 Note: One successful gmin step
Trying gmin =   4.3703E-09 Note: One successful gmin step
Trying gmin =   2.1681E-09 Note: One successful gmin step
Trying gmin =   7.5757E-10 Note: One successful gmin step
Trying gmin =   1.5647E-10 Note: One successful gmin step
Trying gmin =   1.5647E-11 Note: One successful gmin step
Trying gmin =   1.5647E-12 Note: One successful gmin step
Trying gmin =   1.0000E-12 Note: One successful gmin step
Note: Dynamic gmin stepping completed

No. of Data Rows : 121
av0p1hz             =  1.078542e+02
gbw                 =  1.936006e+06
pm180               =  6.502118e+07
pm                  =  6.234975e+01
gm                  =  -4.851553e+01
cmrr0p1hz           =  1.232219e+02
psrr0p1hz           =  6.918049e+01
ERROR: (internal)  This operation is not defined for display type PrinterOnly.
Can't open viewport for graphics.
ERROR: (internal)  This operation is not defined for display type PrinterOnly.
Can't open viewport for graphics.
idd = -2.81326e-04
binary raw file "./out/{num}.raw"
Doing analysis at TEMP = 85.000000 and TNOM = 27.000000

Note: include: has no value, DC 0 assumed
OP information in rawfile.

Total analysis time (seconds) = 49.339

Total elapsed time (seconds) = 67.433 

Total DRAM available = 7841.938 MB.
DRAM currently available = 2953.504 MB.
Maximum ngspice program size =  503.895 MB.
Current ngspice program size =  479.055 MB.

Shared ngspice pages =   10.566 MB.
Text (code) pages =    5.461 MB.
Stack = 0 bytes.
Library pages =  483.449 MB.

