
Note: Compatibility modes selected: hs a

Warning: m=xx on .subckt line will override multiplier m hierarchy!


Circuit: * num: 9 corner: ss vdd: 5.5 temp: -40

option SCALE: Scale is set to 1e-06 for instance and model parameters
Doing analysis at TEMP = -40.000000 and TNOM = 27.000000

Note: include: has no value, DC 0 assumed
Note: Starting dynamic gmin stepping
Trying gmin =   1.0000E-03 Note: One successful gmin step
Trying gmin =   1.0000E-04 Note: One successful gmin step
Trying gmin =   1.0000E-05 Note: One successful gmin step
Trying gmin =   1.0000E-06 Note: One successful gmin step
Trying gmin =   3.1623E-07 Warning: Further gmin increment
Trying gmin =   7.4989E-07 Note: One successful gmin step
Trying gmin =   4.8697E-07 Note: One successful gmin step
Trying gmin =   2.5483E-07 Note: One successful gmin step
Trying gmin =   9.6466E-08 Note: One successful gmin step
Trying gmin =   2.2468E-08 Note: One successful gmin step
Trying gmin =   5.2330E-09 Warning: Further gmin increment
Trying gmin =   1.5608E-08 Warning: Further gmin increment
Trying gmin =   2.0512E-08 Note: One successful gmin step
Trying gmin =   1.7893E-08 Note: One successful gmin step
Trying gmin =   1.4578E-08 Note: One successful gmin step
Trying gmin =   1.0720E-08 Warning: Further gmin increment
Trying gmin =   1.3500E-08 Note: One successful gmin step
Trying gmin =   1.2030E-08 Warning: Further gmin increment
Trying gmin =   1.3116E-08 Note: One successful gmin step
Trying gmin =   1.2561E-08 Note: One successful gmin step
Trying gmin =   1.1773E-08 Warning: Further gmin increment
Trying gmin =   1.2359E-08 Note: One successful gmin step
Trying gmin =   1.2063E-08 Note: One successful gmin step
Trying gmin =   1.1631E-08 Note: One successful gmin step
Trying gmin =   1.1012E-08 Note: One successful gmin step
Trying gmin =   1.0144E-08 Note: One successful gmin step
Trying gmin =   8.9693E-09 Note: One successful gmin step
Trying gmin =   7.4572E-09 Note: One successful gmin step
Trying gmin =   5.6533E-09 Note: One successful gmin step
Trying gmin =   3.7316E-09 Note: One successful gmin step
Trying gmin =   2.0012E-09 Note: One successful gmin step
Trying gmin =   7.8591E-10 Note: One successful gmin step
Trying gmin =   1.9342E-10 Note: One successful gmin step
Trying gmin =   2.3615E-11 Note: One successful gmin step
Trying gmin =   2.3615E-12 Note: One successful gmin step
Trying gmin =   1.0000E-12 Note: One successful gmin step
Note: Dynamic gmin stepping completed

No. of Data Rows : 1
Doing analysis at TEMP = -40.000000 and TNOM = 27.000000

Note: include: has no value, DC 0 assumed
Note: Starting dynamic gmin stepping
Trying gmin =   1.0000E-03 Note: One successful gmin step
Trying gmin =   1.0000E-04 Note: One successful gmin step
Trying gmin =   1.0000E-05 Note: One successful gmin step
Trying gmin =   1.0000E-06 Note: One successful gmin step
Trying gmin =   3.1623E-07 Warning: Further gmin increment
Trying gmin =   7.4989E-07 Note: One successful gmin step
Trying gmin =   4.8697E-07 Note: One successful gmin step
Trying gmin =   2.5483E-07 Note: One successful gmin step
Trying gmin =   9.6466E-08 Note: One successful gmin step
Trying gmin =   2.2468E-08 Note: One successful gmin step
Trying gmin =   5.2330E-09 Warning: Further gmin increment
Trying gmin =   1.5608E-08 Warning: Further gmin increment
Trying gmin =   2.0512E-08 Note: One successful gmin step
Trying gmin =   1.7893E-08 Note: One successful gmin step
Trying gmin =   1.4578E-08 Note: One successful gmin step
Trying gmin =   1.0720E-08 Warning: Further gmin increment
Trying gmin =   1.3500E-08 Note: One successful gmin step
Trying gmin =   1.2030E-08 Warning: Further gmin increment
Trying gmin =   1.3116E-08 Note: One successful gmin step
Trying gmin =   1.2561E-08 Note: One successful gmin step
Trying gmin =   1.1773E-08 Warning: Further gmin increment
Trying gmin =   1.2359E-08 Note: One successful gmin step
Trying gmin =   1.2063E-08 Note: One successful gmin step
Trying gmin =   1.1631E-08 Note: One successful gmin step
Trying gmin =   1.1012E-08 Note: One successful gmin step
Trying gmin =   1.0144E-08 Note: One successful gmin step
Trying gmin =   8.9693E-09 Note: One successful gmin step
Trying gmin =   7.4572E-09 Note: One successful gmin step
Trying gmin =   5.6533E-09 Note: One successful gmin step
Trying gmin =   3.7316E-09 Note: One successful gmin step
Trying gmin =   2.0012E-09 Note: One successful gmin step
Trying gmin =   7.8591E-10 Note: One successful gmin step
Trying gmin =   1.9342E-10 Note: One successful gmin step
Trying gmin =   2.3615E-11 Note: One successful gmin step
Trying gmin =   2.3615E-12 Note: One successful gmin step
Trying gmin =   1.0000E-12 Note: One successful gmin step
Note: Dynamic gmin stepping completed

No. of Data Rows : 121
Doing analysis at TEMP = -40.000000 and TNOM = 27.000000

Note: include: has no value, DC 0 assumed
Note: Starting dynamic gmin stepping
Trying gmin =   1.0000E-03 Note: One successful gmin step
Trying gmin =   1.0000E-04 Note: One successful gmin step
Trying gmin =   1.0000E-05 Note: One successful gmin step
Trying gmin =   1.0000E-06 Note: One successful gmin step
Trying gmin =   3.1623E-07 Warning: Further gmin increment
Trying gmin =   7.4989E-07 Note: One successful gmin step
Trying gmin =   4.8697E-07 Note: One successful gmin step
Trying gmin =   2.5483E-07 Note: One successful gmin step
Trying gmin =   9.6466E-08 Note: One successful gmin step
Trying gmin =   2.2468E-08 Note: One successful gmin step
Trying gmin =   5.2330E-09 Warning: Further gmin increment
Trying gmin =   1.5608E-08 Warning: Further gmin increment
Trying gmin =   2.0512E-08 Note: One successful gmin step
Trying gmin =   1.7893E-08 Note: One successful gmin step
Trying gmin =   1.4578E-08 Note: One successful gmin step
Trying gmin =   1.0720E-08 Warning: Further gmin increment
Trying gmin =   1.3500E-08 Note: One successful gmin step
Trying gmin =   1.2030E-08 Warning: Further gmin increment
Trying gmin =   1.3116E-08 Note: One successful gmin step
Trying gmin =   1.2561E-08 Note: One successful gmin step
Trying gmin =   1.1773E-08 Warning: Further gmin increment
Trying gmin =   1.2359E-08 Note: One successful gmin step
Trying gmin =   1.2063E-08 Note: One successful gmin step
Trying gmin =   1.1631E-08 Note: One successful gmin step
Trying gmin =   1.1012E-08 Note: One successful gmin step
Trying gmin =   1.0144E-08 Note: One successful gmin step
Trying gmin =   8.9693E-09 Note: One successful gmin step
Trying gmin =   7.4572E-09 Note: One successful gmin step
Trying gmin =   5.6533E-09 Note: One successful gmin step
Trying gmin =   3.7316E-09 Note: One successful gmin step
Trying gmin =   2.0012E-09 Note: One successful gmin step
Trying gmin =   7.8591E-10 Note: One successful gmin step
Trying gmin =   1.9342E-10 Note: One successful gmin step
Trying gmin =   2.3615E-11 Note: One successful gmin step
Trying gmin =   2.3615E-12 Note: One successful gmin step
Trying gmin =   1.0000E-12 Note: One successful gmin step
Note: Dynamic gmin stepping completed

No. of Data Rows : 121
Doing analysis at TEMP = -40.000000 and TNOM = 27.000000

Note: include: has no value, DC 0 assumed
Note: Starting dynamic gmin stepping
Trying gmin =   1.0000E-03 Note: One successful gmin step
Trying gmin =   1.0000E-04 Note: One successful gmin step
Trying gmin =   1.0000E-05 Note: One successful gmin step
Trying gmin =   1.0000E-06 Note: One successful gmin step
Trying gmin =   3.1623E-07 Warning: Further gmin increment
Trying gmin =   7.4989E-07 Note: One successful gmin step
Trying gmin =   4.8697E-07 Note: One successful gmin step
Trying gmin =   2.5483E-07 Note: One successful gmin step
Trying gmin =   9.6466E-08 Note: One successful gmin step
Trying gmin =   2.2468E-08 Note: One successful gmin step
Trying gmin =   5.2330E-09 Warning: Further gmin increment
Trying gmin =   1.5608E-08 Warning: Further gmin increment
Trying gmin =   2.0512E-08 Note: One successful gmin step
Trying gmin =   1.7893E-08 Note: One successful gmin step
Trying gmin =   1.4578E-08 Note: One successful gmin step
Trying gmin =   1.0720E-08 Warning: Further gmin increment
Trying gmin =   1.3500E-08 Note: One successful gmin step
Trying gmin =   1.2030E-08 Warning: Further gmin increment
Trying gmin =   1.3116E-08 Note: One successful gmin step
Trying gmin =   1.2561E-08 Note: One successful gmin step
Trying gmin =   1.1773E-08 Warning: Further gmin increment
Trying gmin =   1.2359E-08 Note: One successful gmin step
Trying gmin =   1.2063E-08 Note: One successful gmin step
Trying gmin =   1.1631E-08 Note: One successful gmin step
Trying gmin =   1.1012E-08 Note: One successful gmin step
Trying gmin =   1.0144E-08 Note: One successful gmin step
Trying gmin =   8.9693E-09 Note: One successful gmin step
Trying gmin =   7.4572E-09 Note: One successful gmin step
Trying gmin =   5.6533E-09 Note: One successful gmin step
Trying gmin =   3.7316E-09 Note: One successful gmin step
Trying gmin =   2.0012E-09 Note: One successful gmin step
Trying gmin =   7.8591E-10 Note: One successful gmin step
Trying gmin =   1.9342E-10 Note: One successful gmin step
Trying gmin =   2.3615E-11 Note: One successful gmin step
Trying gmin =   2.3615E-12 Note: One successful gmin step
Trying gmin =   1.0000E-12 Note: One successful gmin step
Note: Dynamic gmin stepping completed

No. of Data Rows : 121
av0p1hz             =  1.214455e+02
gbw                 =  2.901696e+06
pm180               =  9.235483e+07
pm                  =  6.004739e+01
gm                  =  -4.815815e+01
cmrr0p1hz           =  1.307778e+02
psrr0p1hz           =  8.413020e+01
ERROR: (internal)  This operation is not defined for display type PrinterOnly.
Can't open viewport for graphics.
ERROR: (internal)  This operation is not defined for display type PrinterOnly.
Can't open viewport for graphics.
idd = -2.98659e-04
binary raw file "./out/{num}.raw"
Doing analysis at TEMP = -40.000000 and TNOM = 27.000000

Note: include: has no value, DC 0 assumed
OP information in rawfile.

Total analysis time (seconds) = 45.751

Total elapsed time (seconds) = 63.785 

Total DRAM available = 7841.938 MB.
DRAM currently available = 2963.605 MB.
Maximum ngspice program size =  503.945 MB.
Current ngspice program size =  479.625 MB.

Shared ngspice pages =   11.094 MB.
Text (code) pages =    5.461 MB.
Stack = 0 bytes.
Library pages =  483.500 MB.

